<?xml version="1.0" encoding="UTF-8"?>
<testsuite name="algoritmen.TaakPloegenIndelingTests" tests="1" skipped="0" failures="0" errors="0" timestamp="2020-03-13T16:16:53" hostname="SurfacePro4ArneDuyver" time="0.002">
  <properties/>
  <testcase name="spelverdeling_0en0en0en0_weetkNogNie" classname="algoritmen.TaakPloegenIndelingTests" time="0.002"/>
  <system-out><![CDATA[]]></system-out>
  <system-err><![CDATA[]]></system-err>
</testsuite>
