<?xml version="1.0" encoding="UTF-8"?>
<testsuite name="algoritmen.FaculteitTests" tests="4" skipped="0" failures="0" errors="0" timestamp="2020-03-13T16:16:53" hostname="SurfacePro4ArneDuyver" time="0.017">
  <properties/>
  <testcase name="faculteit_10_3628800" classname="algoritmen.FaculteitTests" time="0.014"/>
  <testcase name="faculteit_0_1" classname="algoritmen.FaculteitTests" time="0.0"/>
  <testcase name="faculteit_1_1" classname="algoritmen.FaculteitTests" time="0.0"/>
  <testcase name="faculteit_3_6" classname="algoritmen.FaculteitTests" time="0.0"/>
  <system-out><![CDATA[]]></system-out>
  <system-err><![CDATA[]]></system-err>
</testsuite>
