<?xml version="1.0" encoding="UTF-8"?>
<testsuite name="algoritmen.TaakPloegenIndelingTests" tests="6" skipped="0" failures="0" errors="0" timestamp="2020-03-15T23:23:41" hostname="PC-ALPHA" time="0.008">
  <properties/>
  <testcase name="spelverdeling_0Ploegen_throwsException" classname="algoritmen.TaakPloegenIndelingTests" time="0.002"/>
  <testcase name="spelverdeling_neg1rondes_throwsException" classname="algoritmen.TaakPloegenIndelingTests" time="0.0"/>
  <testcase name="spelverdeling_0dubbels_throwsException" classname="algoritmen.TaakPloegenIndelingTests" time="0.0"/>
  <testcase name="spelverdeling_0Spelletjes_throwsException" classname="algoritmen.TaakPloegenIndelingTests" time="0.0"/>
  <testcase name="spelverdeling_onevenPloegen_throwsException" classname="algoritmen.TaakPloegenIndelingTests" time="0.0"/>
  <testcase name="spelverdeling_2en1en1en1_11AB_" classname="algoritmen.TaakPloegenIndelingTests" time="0.004"/>
  <system-out><![CDATA[]]></system-out>
  <system-err><![CDATA[]]></system-err>
</testsuite>
