<?xml version="1.0" encoding="UTF-8"?>
<testsuite name="algoritmen.TaakPloegenIndelingTests" tests="55" skipped="0" failures="2" errors="0" timestamp="2020-04-13T14:27:10" hostname="SurfacePro4ArneDuyver" time="0.247">
  <properties/>
  <testcase name="isEmpty_noElementsList_true" classname="algoritmen.TaakPloegenIndelingTests" time="0.009"/>
  <testcase name="allTeamsInEveryGame_4teams3games1doubles6rounds_false" classname="algoritmen.TaakPloegenIndelingTests" time="0.0"/>
  <testcase name="canPairGoThisRound_SameInRound2_false" classname="algoritmen.TaakPloegenIndelingTests" time="0.001"/>
  <testcase name="getPairs_0_EMPTY" classname="algoritmen.TaakPloegenIndelingTests" time="0.001"/>
  <testcase name="getTeamsFromPair_YlineZ_YandZ" classname="algoritmen.TaakPloegenIndelingTests" time="0.0"/>
  <testcase name="spelverdeling_0Ploegen_throwsException" classname="algoritmen.TaakPloegenIndelingTests" time="0.0"/>
  <testcase name="allTeamsInEveryGame_2teams2games1doubles2rounds_false" classname="algoritmen.TaakPloegenIndelingTests" time="0.001"/>
  <testcase name="isEmpty_notEmptyList3_false" classname="algoritmen.TaakPloegenIndelingTests" time="0.0"/>
  <testcase name="getPairs_6_AllUniqueCombABCDEF" classname="algoritmen.TaakPloegenIndelingTests" time="0.0"/>
  <testcase name="canPairGoThisGame_SameInGame1_false" classname="algoritmen.TaakPloegenIndelingTests" time="0.0"/>
  <testcase name="alreadyPairHere_1_1_false" classname="algoritmen.TaakPloegenIndelingTests" time="0.0"/>
  <testcase name="allTeamsInEveryGame_2teams2games2doubles2rounds_true" classname="algoritmen.TaakPloegenIndelingTests" time="0.0"/>
  <testcase name="getPairs_2_AlineB" classname="algoritmen.TaakPloegenIndelingTests" time="0.001"/>
  <testcase name="spelverdeling_4_3_1_6_NotOptionalEmpty" classname="algoritmen.TaakPloegenIndelingTests" time="0.166"/>
  <testcase name="getPairs_1_InvalidInputException" classname="algoritmen.TaakPloegenIndelingTests" time="0.0"/>
  <testcase name="canPairGoThisRound_NoneInRound_true" classname="algoritmen.TaakPloegenIndelingTests" time="0.001"/>
  <testcase name="allTeamsInEveryGame_2teams1games1doubles1rounds_true" classname="algoritmen.TaakPloegenIndelingTests" time="0.0"/>
  <testcase name="canPairGoThisRound_SameInRound3_false" classname="algoritmen.TaakPloegenIndelingTests" time="0.0"/>
  <testcase name="spelverdeling_2_1_2_1_NotOptionalEmpty" classname="algoritmen.TaakPloegenIndelingTests" time="0.0"/>
  <testcase name="allTeamsInEveryGame_2teams1games1doubles2rounds_true" classname="algoritmen.TaakPloegenIndelingTests" time="0.0"/>
  <testcase name="isEmpty_notEmptyList4_false" classname="algoritmen.TaakPloegenIndelingTests" time="0.0"/>
  <testcase name="getPairs_27_InvalidInputException" classname="algoritmen.TaakPloegenIndelingTests" time="0.0"/>
  <testcase name="canPairGoThisGame_NoneInGame1_true" classname="algoritmen.TaakPloegenIndelingTests" time="0.0"/>
  <testcase name="canPairGoThisGame_NoneInGame2_true" classname="algoritmen.TaakPloegenIndelingTests" time="0.0"/>
  <testcase name="canPairGoThisGame_NoneInGame3_true" classname="algoritmen.TaakPloegenIndelingTests" time="0.0"/>
  <testcase name="spelverdeling_2_1_1_1_NotOptionalEmpty" classname="algoritmen.TaakPloegenIndelingTests" time="0.0"/>
  <testcase name="canPairGoThisGame_SameInGame2_false" classname="algoritmen.TaakPloegenIndelingTests" time="0.001"/>
  <testcase name="alreadyPairHere_2_2_true" classname="algoritmen.TaakPloegenIndelingTests" time="0.0"/>
  <testcase name="getTeamsFromPair_AlineB_AandB" classname="algoritmen.TaakPloegenIndelingTests" time="0.0"/>
  <testcase name="isEmpty_emptyList1_true" classname="algoritmen.TaakPloegenIndelingTests" time="0.0"/>
  <testcase name="isEmpty_emptyList2_true" classname="algoritmen.TaakPloegenIndelingTests" time="0.0"/>
  <testcase name="getTeams_26_ABCDEFGHIJKLMNOPQRSTUVWXYZ" classname="algoritmen.TaakPloegenIndelingTests" time="0.0"/>
  <testcase name="getTeams_1_A" classname="algoritmen.TaakPloegenIndelingTests" time="0.0"/>
  <testcase name="canPairGoThisRound_NoneInRound1_true" classname="algoritmen.TaakPloegenIndelingTests" time="0.0"/>
  <testcase name="getTeams_4_ABCD" classname="algoritmen.TaakPloegenIndelingTests" time="0.001"/>
  <testcase name="canPairGoThisRound_NoneInRound2_true" classname="algoritmen.TaakPloegenIndelingTests" time="0.0"/>
  <testcase name="allTeamsInEveryGame_4teams3games1doubles6rounds_true" classname="algoritmen.TaakPloegenIndelingTests" time="0.0"/>
  <testcase name="getTeams_0_EMPTY" classname="algoritmen.TaakPloegenIndelingTests" time="0.0"/>
  <testcase name="canPairGoThisRound_OtherInRound_true" classname="algoritmen.TaakPloegenIndelingTests" time="0.0"/>
  <testcase name="spelverdeling_2_2_2_2_NotOptionalEmpty" classname="algoritmen.TaakPloegenIndelingTests" time="0.026">
    <failure message="java.lang.UnsupportedOperationException" type="java.lang.UnsupportedOperationException">java.lang.UnsupportedOperationException
	at algoritmen.TaakPloegenIndeling.solveSpelverdeling(TaakPloegenIndeling.java:130)
	at algoritmen.TaakPloegenIndeling.solveSpelverdeling(TaakPloegenIndeling.java:121)
	at algoritmen.TaakPloegenIndeling.spelverdeling(TaakPloegenIndeling.java:44)
	at algoritmen.TaakPloegenIndelingTests.spelverdeling_2_2_2_2_NotOptionalEmpty(TaakPloegenIndelingTests.java:64)
	at java.base/jdk.internal.reflect.NativeMethodAccessorImpl.invoke0(Native Method)
	at java.base/jdk.internal.reflect.NativeMethodAccessorImpl.invoke(NativeMethodAccessorImpl.java:62)
	at java.base/jdk.internal.reflect.DelegatingMethodAccessorImpl.invoke(DelegatingMethodAccessorImpl.java:43)
	at java.base/java.lang.reflect.Method.invoke(Method.java:566)
	at org.junit.runners.model.FrameworkMethod$1.runReflectiveCall(FrameworkMethod.java:50)
	at org.junit.internal.runners.model.ReflectiveCallable.run(ReflectiveCallable.java:12)
	at org.junit.runners.model.FrameworkMethod.invokeExplosively(FrameworkMethod.java:47)
	at org.junit.internal.runners.statements.InvokeMethod.evaluate(InvokeMethod.java:17)
	at org.junit.runners.ParentRunner.runLeaf(ParentRunner.java:325)
	at org.junit.runners.BlockJUnit4ClassRunner.runChild(BlockJUnit4ClassRunner.java:78)
	at org.junit.runners.BlockJUnit4ClassRunner.runChild(BlockJUnit4ClassRunner.java:57)
	at org.junit.runners.ParentRunner$3.run(ParentRunner.java:290)
	at org.junit.runners.ParentRunner$1.schedule(ParentRunner.java:71)
	at org.junit.runners.ParentRunner.runChildren(ParentRunner.java:288)
	at org.junit.runners.ParentRunner.access$000(ParentRunner.java:58)
	at org.junit.runners.ParentRunner$2.evaluate(ParentRunner.java:268)
	at org.junit.runners.ParentRunner.run(ParentRunner.java:363)
	at org.gradle.api.internal.tasks.testing.junit.JUnitTestClassExecutor.runTestClass(JUnitTestClassExecutor.java:110)
	at org.gradle.api.internal.tasks.testing.junit.JUnitTestClassExecutor.execute(JUnitTestClassExecutor.java:58)
	at org.gradle.api.internal.tasks.testing.junit.JUnitTestClassExecutor.execute(JUnitTestClassExecutor.java:38)
	at org.gradle.api.internal.tasks.testing.junit.AbstractJUnitTestClassProcessor.processTestClass(AbstractJUnitTestClassProcessor.java:62)
	at org.gradle.api.internal.tasks.testing.SuiteTestClassProcessor.processTestClass(SuiteTestClassProcessor.java:51)
	at java.base/jdk.internal.reflect.NativeMethodAccessorImpl.invoke0(Native Method)
	at java.base/jdk.internal.reflect.NativeMethodAccessorImpl.invoke(NativeMethodAccessorImpl.java:62)
	at java.base/jdk.internal.reflect.DelegatingMethodAccessorImpl.invoke(DelegatingMethodAccessorImpl.java:43)
	at java.base/java.lang.reflect.Method.invoke(Method.java:566)
	at org.gradle.internal.dispatch.ReflectionDispatch.dispatch(ReflectionDispatch.java:35)
	at org.gradle.internal.dispatch.ReflectionDispatch.dispatch(ReflectionDispatch.java:24)
	at org.gradle.internal.dispatch.ContextClassLoaderDispatch.dispatch(ContextClassLoaderDispatch.java:32)
	at org.gradle.internal.dispatch.ProxyDispatchAdapter$DispatchingInvocationHandler.invoke(ProxyDispatchAdapter.java:93)
	at com.sun.proxy.$Proxy2.processTestClass(Unknown Source)
	at org.gradle.api.internal.tasks.testing.worker.TestWorker.processTestClass(TestWorker.java:118)
	at java.base/jdk.internal.reflect.NativeMethodAccessorImpl.invoke0(Native Method)
	at java.base/jdk.internal.reflect.NativeMethodAccessorImpl.invoke(NativeMethodAccessorImpl.java:62)
	at java.base/jdk.internal.reflect.DelegatingMethodAccessorImpl.invoke(DelegatingMethodAccessorImpl.java:43)
	at java.base/java.lang.reflect.Method.invoke(Method.java:566)
	at org.gradle.internal.dispatch.ReflectionDispatch.dispatch(ReflectionDispatch.java:35)
	at org.gradle.internal.dispatch.ReflectionDispatch.dispatch(ReflectionDispatch.java:24)
	at org.gradle.internal.remote.internal.hub.MessageHubBackedObjectConnection$DispatchWrapper.dispatch(MessageHubBackedObjectConnection.java:175)
	at org.gradle.internal.remote.internal.hub.MessageHubBackedObjectConnection$DispatchWrapper.dispatch(MessageHubBackedObjectConnection.java:157)
	at org.gradle.internal.remote.internal.hub.MessageHub$Handler.run(MessageHub.java:404)
	at org.gradle.internal.concurrent.ExecutorPolicy$CatchAndRecordFailures.onExecute(ExecutorPolicy.java:63)
	at org.gradle.internal.concurrent.ManagedExecutorImpl$1.run(ManagedExecutorImpl.java:46)
	at java.base/java.util.concurrent.ThreadPoolExecutor.runWorker(ThreadPoolExecutor.java:1128)
	at java.base/java.util.concurrent.ThreadPoolExecutor$Worker.run(ThreadPoolExecutor.java:628)
	at org.gradle.internal.concurrent.ThreadFactoryImpl$ManagedThreadRunnable.run(ThreadFactoryImpl.java:55)
	at java.base/java.lang.Thread.run(Thread.java:834)
</failure>
  </testcase>
  <testcase name="canPairGoThisGame_OtherInGame1_true" classname="algoritmen.TaakPloegenIndelingTests" time="0.0"/>
  <testcase name="canPairGoThisGame_OtherInGame2_true" classname="algoritmen.TaakPloegenIndelingTests" time="0.0"/>
  <testcase name="spelverdeling_neg1rondes_throwsException" classname="algoritmen.TaakPloegenIndelingTests" time="0.0"/>
  <testcase name="spelverdeling_0dubbels_throwsException" classname="algoritmen.TaakPloegenIndelingTests" time="0.0"/>
  <testcase name="spelverdeling_2_2_1_1_OptionalEmpty" classname="algoritmen.TaakPloegenIndelingTests" time="0.0"/>
  <testcase name="canPairGoThisRound_OtherInRound1_true" classname="algoritmen.TaakPloegenIndelingTests" time="0.0"/>
  <testcase name="spelverdeling_4_4_2_6_NotOptionalEmpty" classname="algoritmen.TaakPloegenIndelingTests" time="0.016">
    <failure message="java.lang.UnsupportedOperationException" type="java.lang.UnsupportedOperationException">java.lang.UnsupportedOperationException
	at algoritmen.TaakPloegenIndeling.solveSpelverdeling(TaakPloegenIndeling.java:130)
	at algoritmen.TaakPloegenIndeling.solveSpelverdeling(TaakPloegenIndeling.java:121)
	at algoritmen.TaakPloegenIndeling.solveSpelverdeling(TaakPloegenIndeling.java:125)
	at algoritmen.TaakPloegenIndeling.solveSpelverdeling(TaakPloegenIndeling.java:125)
	at algoritmen.TaakPloegenIndeling.solveSpelverdeling(TaakPloegenIndeling.java:125)
	at algoritmen.TaakPloegenIndeling.solveSpelverdeling(TaakPloegenIndeling.java:125)
	at algoritmen.TaakPloegenIndeling.solveSpelverdeling(TaakPloegenIndeling.java:125)
	at algoritmen.TaakPloegenIndeling.solveSpelverdeling(TaakPloegenIndeling.java:121)
	at algoritmen.TaakPloegenIndeling.solveSpelverdeling(TaakPloegenIndeling.java:125)
	at algoritmen.TaakPloegenIndeling.solveSpelverdeling(TaakPloegenIndeling.java:125)
	at algoritmen.TaakPloegenIndeling.solveSpelverdeling(TaakPloegenIndeling.java:125)
	at algoritmen.TaakPloegenIndeling.solveSpelverdeling(TaakPloegenIndeling.java:125)
	at algoritmen.TaakPloegenIndeling.solveSpelverdeling(TaakPloegenIndeling.java:104)
	at algoritmen.TaakPloegenIndeling.solveSpelverdeling(TaakPloegenIndeling.java:109)
	at algoritmen.TaakPloegenIndeling.solveSpelverdeling(TaakPloegenIndeling.java:109)
	at algoritmen.TaakPloegenIndeling.solveSpelverdeling(TaakPloegenIndeling.java:109)
	at algoritmen.TaakPloegenIndeling.solveSpelverdeling(TaakPloegenIndeling.java:109)
	at algoritmen.TaakPloegenIndeling.solveSpelverdeling(TaakPloegenIndeling.java:109)
	at algoritmen.TaakPloegenIndeling.solveSpelverdeling(TaakPloegenIndeling.java:109)
	at algoritmen.TaakPloegenIndeling.solveSpelverdeling(TaakPloegenIndeling.java:121)
	at algoritmen.TaakPloegenIndeling.solveSpelverdeling(TaakPloegenIndeling.java:125)
	at algoritmen.TaakPloegenIndeling.solveSpelverdeling(TaakPloegenIndeling.java:125)
	at algoritmen.TaakPloegenIndeling.solveSpelverdeling(TaakPloegenIndeling.java:125)
	at algoritmen.TaakPloegenIndeling.solveSpelverdeling(TaakPloegenIndeling.java:104)
	at algoritmen.TaakPloegenIndeling.solveSpelverdeling(TaakPloegenIndeling.java:109)
	at algoritmen.TaakPloegenIndeling.solveSpelverdeling(TaakPloegenIndeling.java:109)
	at algoritmen.TaakPloegenIndeling.solveSpelverdeling(TaakPloegenIndeling.java:109)
	at algoritmen.TaakPloegenIndeling.solveSpelverdeling(TaakPloegenIndeling.java:109)
	at algoritmen.TaakPloegenIndeling.solveSpelverdeling(TaakPloegenIndeling.java:109)
	at algoritmen.TaakPloegenIndeling.solveSpelverdeling(TaakPloegenIndeling.java:109)
	at algoritmen.TaakPloegenIndeling.solveSpelverdeling(TaakPloegenIndeling.java:104)
	at algoritmen.TaakPloegenIndeling.solveSpelverdeling(TaakPloegenIndeling.java:109)
	at algoritmen.TaakPloegenIndeling.solveSpelverdeling(TaakPloegenIndeling.java:109)
	at algoritmen.TaakPloegenIndeling.solveSpelverdeling(TaakPloegenIndeling.java:109)
	at algoritmen.TaakPloegenIndeling.solveSpelverdeling(TaakPloegenIndeling.java:109)
	at algoritmen.TaakPloegenIndeling.solveSpelverdeling(TaakPloegenIndeling.java:109)
	at algoritmen.TaakPloegenIndeling.solveSpelverdeling(TaakPloegenIndeling.java:109)
	at algoritmen.TaakPloegenIndeling.solveSpelverdeling(TaakPloegenIndeling.java:121)
	at algoritmen.TaakPloegenIndeling.solveSpelverdeling(TaakPloegenIndeling.java:125)
	at algoritmen.TaakPloegenIndeling.solveSpelverdeling(TaakPloegenIndeling.java:125)
	at algoritmen.TaakPloegenIndeling.solveSpelverdeling(TaakPloegenIndeling.java:104)
	at algoritmen.TaakPloegenIndeling.solveSpelverdeling(TaakPloegenIndeling.java:109)
	at algoritmen.TaakPloegenIndeling.solveSpelverdeling(TaakPloegenIndeling.java:109)
	at algoritmen.TaakPloegenIndeling.solveSpelverdeling(TaakPloegenIndeling.java:109)
	at algoritmen.TaakPloegenIndeling.solveSpelverdeling(TaakPloegenIndeling.java:109)
	at algoritmen.TaakPloegenIndeling.solveSpelverdeling(TaakPloegenIndeling.java:109)
	at algoritmen.TaakPloegenIndeling.solveSpelverdeling(TaakPloegenIndeling.java:109)
	at algoritmen.TaakPloegenIndeling.solveSpelverdeling(TaakPloegenIndeling.java:104)
	at algoritmen.TaakPloegenIndeling.solveSpelverdeling(TaakPloegenIndeling.java:109)
	at algoritmen.TaakPloegenIndeling.solveSpelverdeling(TaakPloegenIndeling.java:109)
	at algoritmen.TaakPloegenIndeling.solveSpelverdeling(TaakPloegenIndeling.java:109)
	at algoritmen.TaakPloegenIndeling.solveSpelverdeling(TaakPloegenIndeling.java:109)
	at algoritmen.TaakPloegenIndeling.solveSpelverdeling(TaakPloegenIndeling.java:109)
	at algoritmen.TaakPloegenIndeling.solveSpelverdeling(TaakPloegenIndeling.java:109)
	at algoritmen.TaakPloegenIndeling.solveSpelverdeling(TaakPloegenIndeling.java:121)
	at algoritmen.TaakPloegenIndeling.solveSpelverdeling(TaakPloegenIndeling.java:125)
	at algoritmen.TaakPloegenIndeling.solveSpelverdeling(TaakPloegenIndeling.java:104)
	at algoritmen.TaakPloegenIndeling.solveSpelverdeling(TaakPloegenIndeling.java:109)
	at algoritmen.TaakPloegenIndeling.solveSpelverdeling(TaakPloegenIndeling.java:109)
	at algoritmen.TaakPloegenIndeling.solveSpelverdeling(TaakPloegenIndeling.java:109)
	at algoritmen.TaakPloegenIndeling.solveSpelverdeling(TaakPloegenIndeling.java:109)
	at algoritmen.TaakPloegenIndeling.solveSpelverdeling(TaakPloegenIndeling.java:109)
	at algoritmen.TaakPloegenIndeling.solveSpelverdeling(TaakPloegenIndeling.java:109)
	at algoritmen.TaakPloegenIndeling.solveSpelverdeling(TaakPloegenIndeling.java:121)
	at algoritmen.TaakPloegenIndeling.spelverdeling(TaakPloegenIndeling.java:44)
	at algoritmen.TaakPloegenIndelingTests.spelverdeling_4_4_2_6_NotOptionalEmpty(TaakPloegenIndelingTests.java:76)
	at java.base/jdk.internal.reflect.NativeMethodAccessorImpl.invoke0(Native Method)
	at java.base/jdk.internal.reflect.NativeMethodAccessorImpl.invoke(NativeMethodAccessorImpl.java:62)
	at java.base/jdk.internal.reflect.DelegatingMethodAccessorImpl.invoke(DelegatingMethodAccessorImpl.java:43)
	at java.base/java.lang.reflect.Method.invoke(Method.java:566)
	at org.junit.runners.model.FrameworkMethod$1.runReflectiveCall(FrameworkMethod.java:50)
	at org.junit.internal.runners.model.ReflectiveCallable.run(ReflectiveCallable.java:12)
	at org.junit.runners.model.FrameworkMethod.invokeExplosively(FrameworkMethod.java:47)
	at org.junit.internal.runners.statements.InvokeMethod.evaluate(InvokeMethod.java:17)
	at org.junit.runners.ParentRunner.runLeaf(ParentRunner.java:325)
	at org.junit.runners.BlockJUnit4ClassRunner.runChild(BlockJUnit4ClassRunner.java:78)
	at org.junit.runners.BlockJUnit4ClassRunner.runChild(BlockJUnit4ClassRunner.java:57)
	at org.junit.runners.ParentRunner$3.run(ParentRunner.java:290)
	at org.junit.runners.ParentRunner$1.schedule(ParentRunner.java:71)
	at org.junit.runners.ParentRunner.runChildren(ParentRunner.java:288)
	at org.junit.runners.ParentRunner.access$000(ParentRunner.java:58)
	at org.junit.runners.ParentRunner$2.evaluate(ParentRunner.java:268)
	at org.junit.runners.ParentRunner.run(ParentRunner.java:363)
	at org.gradle.api.internal.tasks.testing.junit.JUnitTestClassExecutor.runTestClass(JUnitTestClassExecutor.java:110)
	at org.gradle.api.internal.tasks.testing.junit.JUnitTestClassExecutor.execute(JUnitTestClassExecutor.java:58)
	at org.gradle.api.internal.tasks.testing.junit.JUnitTestClassExecutor.execute(JUnitTestClassExecutor.java:38)
	at org.gradle.api.internal.tasks.testing.junit.AbstractJUnitTestClassProcessor.processTestClass(AbstractJUnitTestClassProcessor.java:62)
	at org.gradle.api.internal.tasks.testing.SuiteTestClassProcessor.processTestClass(SuiteTestClassProcessor.java:51)
	at java.base/jdk.internal.reflect.NativeMethodAccessorImpl.invoke0(Native Method)
	at java.base/jdk.internal.reflect.NativeMethodAccessorImpl.invoke(NativeMethodAccessorImpl.java:62)
	at java.base/jdk.internal.reflect.DelegatingMethodAccessorImpl.invoke(DelegatingMethodAccessorImpl.java:43)
	at java.base/java.lang.reflect.Method.invoke(Method.java:566)
	at org.gradle.internal.dispatch.ReflectionDispatch.dispatch(ReflectionDispatch.java:35)
	at org.gradle.internal.dispatch.ReflectionDispatch.dispatch(ReflectionDispatch.java:24)
	at org.gradle.internal.dispatch.ContextClassLoaderDispatch.dispatch(ContextClassLoaderDispatch.java:32)
	at org.gradle.internal.dispatch.ProxyDispatchAdapter$DispatchingInvocationHandler.invoke(ProxyDispatchAdapter.java:93)
	at com.sun.proxy.$Proxy2.processTestClass(Unknown Source)
	at org.gradle.api.internal.tasks.testing.worker.TestWorker.processTestClass(TestWorker.java:118)
	at java.base/jdk.internal.reflect.NativeMethodAccessorImpl.invoke0(Native Method)
	at java.base/jdk.internal.reflect.NativeMethodAccessorImpl.invoke(NativeMethodAccessorImpl.java:62)
	at java.base/jdk.internal.reflect.DelegatingMethodAccessorImpl.invoke(DelegatingMethodAccessorImpl.java:43)
	at java.base/java.lang.reflect.Method.invoke(Method.java:566)
	at org.gradle.internal.dispatch.ReflectionDispatch.dispatch(ReflectionDispatch.java:35)
	at org.gradle.internal.dispatch.ReflectionDispatch.dispatch(ReflectionDispatch.java:24)
	at org.gradle.internal.remote.internal.hub.MessageHubBackedObjectConnection$DispatchWrapper.dispatch(MessageHubBackedObjectConnection.java:175)
	at org.gradle.internal.remote.internal.hub.MessageHubBackedObjectConnection$DispatchWrapper.dispatch(MessageHubBackedObjectConnection.java:157)
	at org.gradle.internal.remote.internal.hub.MessageHub$Handler.run(MessageHub.java:404)
	at org.gradle.internal.concurrent.ExecutorPolicy$CatchAndRecordFailures.onExecute(ExecutorPolicy.java:63)
	at org.gradle.internal.concurrent.ManagedExecutorImpl$1.run(ManagedExecutorImpl.java:46)
	at java.base/java.util.concurrent.ThreadPoolExecutor.runWorker(ThreadPoolExecutor.java:1128)
	at java.base/java.util.concurrent.ThreadPoolExecutor$Worker.run(ThreadPoolExecutor.java:628)
	at org.gradle.internal.concurrent.ThreadFactoryImpl$ManagedThreadRunnable.run(ThreadFactoryImpl.java:55)
	at java.base/java.lang.Thread.run(Thread.java:834)
</failure>
  </testcase>
  <testcase name="isEmpty_notEmptyList1_false" classname="algoritmen.TaakPloegenIndelingTests" time="0.0"/>
  <testcase name="spelverdeling_0Spelletjes_throwsException" classname="algoritmen.TaakPloegenIndelingTests" time="0.001"/>
  <testcase name="canPairGoThisGame_NoneInGame_true" classname="algoritmen.TaakPloegenIndelingTests" time="0.0"/>
  <testcase name="canPairGoThisRound_SameInRound1_false" classname="algoritmen.TaakPloegenIndelingTests" time="0.0"/>
  <testcase name="spelverdeling_onevenPloegen_throwsException" classname="algoritmen.TaakPloegenIndelingTests" time="0.0"/>
  <testcase name="isEmpty_notEmptyList2_false" classname="algoritmen.TaakPloegenIndelingTests" time="0.0"/>
  <testcase name="alreadyPairHere_2_2_false" classname="algoritmen.TaakPloegenIndelingTests" time="0.0"/>
  <testcase name="alreadyPairHere_1_1_true" classname="algoritmen.TaakPloegenIndelingTests" time="0.0"/>
  <system-out><![CDATA[ 
*****VOLGENDE ITERATIE*****
pairs: [A-B, A-C, A-D, B-C, B-D, C-D] & pairsUsed: []
doubles: [Ljava.lang.String;@2276628 & doublesUsed: []
currentGame: 0 & prevGame: []
currentRound: 0 & prevRound: []
TEMPBOARD: 
         | Game 1 |  Game 2 |  Game 3 |  
_________ ________ _________ _________ 
Round 1  |        |         |         |   
Round 2  |        |         |         |   
Round 3  |        |         |         |   
Round 4  |        |         |         |   
Round 5  |        |         |         |   
Round 6  |        |         |         |   
 
*****VOLGENDE ITERATIE*****
pairs: [A-C, A-D, B-C, B-D, C-D] & pairsUsed: [A-B]
doubles: [Ljava.lang.String;@2276628 & doublesUsed: []
currentGame: 0 & prevGame: [0]
currentRound: 0 & prevRound: [0]
TEMPBOARD: 
         | Game 1 |  Game 2 |  Game 3 |  
_________ ________ _________ _________ 
Round 1  |  A-B   |         |         |   
Round 2  |        |         |         |   
Round 3  |        |         |         |   
Round 4  |        |         |         |   
Round 5  |        |         |         |   
Round 6  |        |         |         |   
 
*****VOLGENDE ITERATIE*****
pairs: [A-C, A-D, B-C, B-D, C-D] & pairsUsed: [A-B]
doubles: [Ljava.lang.String;@2276628 & doublesUsed: []
currentGame: 0 & prevGame: [0]
currentRound: 1 & prevRound: [0]
TEMPBOARD: 
         | Game 1 |  Game 2 |  Game 3 |  
_________ ________ _________ _________ 
Round 1  |  A-B   |         |         |   
Round 2  |        |         |         |   
Round 3  |        |         |         |   
Round 4  |        |         |         |   
Round 5  |        |         |         |   
Round 6  |        |         |         |   
 
*****VOLGENDE ITERATIE*****
pairs: [A-C, A-D, B-C, B-D, C-D] & pairsUsed: [A-B]
doubles: [Ljava.lang.String;@2276628 & doublesUsed: []
currentGame: 0 & prevGame: [0]
currentRound: 2 & prevRound: [0]
TEMPBOARD: 
         | Game 1 |  Game 2 |  Game 3 |  
_________ ________ _________ _________ 
Round 1  |  A-B   |         |         |   
Round 2  |        |         |         |   
Round 3  |        |         |         |   
Round 4  |        |         |         |   
Round 5  |        |         |         |   
Round 6  |        |         |         |   
 
*****VOLGENDE ITERATIE*****
pairs: [A-C, A-D, B-C, B-D, C-D] & pairsUsed: [A-B]
doubles: [Ljava.lang.String;@2276628 & doublesUsed: []
currentGame: 0 & prevGame: [0]
currentRound: 3 & prevRound: [0]
TEMPBOARD: 
         | Game 1 |  Game 2 |  Game 3 |  
_________ ________ _________ _________ 
Round 1  |  A-B   |         |         |   
Round 2  |        |         |         |   
Round 3  |        |         |         |   
Round 4  |        |         |         |   
Round 5  |        |         |         |   
Round 6  |        |         |         |   
 
*****VOLGENDE ITERATIE*****
pairs: [A-C, A-D, B-C, B-D, C-D] & pairsUsed: [A-B]
doubles: [Ljava.lang.String;@2276628 & doublesUsed: []
currentGame: 0 & prevGame: [0]
currentRound: 4 & prevRound: [0]
TEMPBOARD: 
         | Game 1 |  Game 2 |  Game 3 |  
_________ ________ _________ _________ 
Round 1  |  A-B   |         |         |   
Round 2  |        |         |         |   
Round 3  |        |         |         |   
Round 4  |        |         |         |   
Round 5  |        |         |         |   
Round 6  |        |         |         |   
 
*****VOLGENDE ITERATIE*****
pairs: [A-C, A-D, B-C, B-D, C-D] & pairsUsed: [A-B]
doubles: [Ljava.lang.String;@2276628 & doublesUsed: []
currentGame: 0 & prevGame: [0]
currentRound: 5 & prevRound: [0]
TEMPBOARD: 
         | Game 1 |  Game 2 |  Game 3 |  
_________ ________ _________ _________ 
Round 1  |  A-B   |         |         |   
Round 2  |        |         |         |   
Round 3  |        |         |         |   
Round 4  |        |         |         |   
Round 5  |        |         |         |   
Round 6  |        |         |         |   
 
*****VOLGENDE ITERATIE*****
pairs: [A-C, A-D, B-C, B-D, C-D] & pairsUsed: [A-B]
doubles: [Ljava.lang.String;@2276628 & doublesUsed: []
currentGame: 0 & prevGame: [0]
currentRound: 6 & prevRound: [0]
TEMPBOARD: 
         | Game 1 |  Game 2 |  Game 3 |  
_________ ________ _________ _________ 
Round 1  |  A-B   |         |         |   
Round 2  |        |         |         |   
Round 3  |        |         |         |   
Round 4  |        |         |         |   
Round 5  |        |         |         |   
Round 6  |        |         |         |   
 
*****VOLGENDE ITERATIE*****
pairs: [A-C, A-D, B-C, B-D, C-D] & pairsUsed: [A-B]
doubles: [Ljava.lang.String;@2276628 & doublesUsed: []
currentGame: 1 & prevGame: [0]
currentRound: 0 & prevRound: [0]
TEMPBOARD: 
         | Game 1 |  Game 2 |  Game 3 |  
_________ ________ _________ _________ 
Round 1  |  A-B   |         |         |   
Round 2  |        |         |         |   
Round 3  |        |         |         |   
Round 4  |        |         |         |   
Round 5  |        |         |         |   
Round 6  |        |         |         |   
 
*****VOLGENDE ITERATIE*****
pairs: [A-C, A-D, B-C, B-D, C-D] & pairsUsed: [A-B]
doubles: [Ljava.lang.String;@2276628 & doublesUsed: []
currentGame: 1 & prevGame: [0]
currentRound: 1 & prevRound: [0]
TEMPBOARD: 
         | Game 1 |  Game 2 |  Game 3 |  
_________ ________ _________ _________ 
Round 1  |  A-B   |         |         |   
Round 2  |        |         |         |   
Round 3  |        |         |         |   
Round 4  |        |         |         |   
Round 5  |        |         |         |   
Round 6  |        |         |         |   
 
*****VOLGENDE ITERATIE*****
pairs: [A-D, B-C, B-D, C-D] & pairsUsed: [A-B, A-C]
doubles: [Ljava.lang.String;@2276628 & doublesUsed: []
currentGame: 0 & prevGame: [0, 1]
currentRound: 0 & prevRound: [0, 1]
TEMPBOARD: 
         | Game 1 |  Game 2 |  Game 3 |  
_________ ________ _________ _________ 
Round 1  |  A-B   |         |         |   
Round 2  |        |   A-C   |         |   
Round 3  |        |         |         |   
Round 4  |        |         |         |   
Round 5  |        |         |         |   
Round 6  |        |         |         |   
 
*****VOLGENDE ITERATIE*****
pairs: [A-D, B-C, B-D, C-D] & pairsUsed: [A-B, A-C]
doubles: [Ljava.lang.String;@2276628 & doublesUsed: []
currentGame: 0 & prevGame: [0, 1]
currentRound: 1 & prevRound: [0, 1]
TEMPBOARD: 
         | Game 1 |  Game 2 |  Game 3 |  
_________ ________ _________ _________ 
Round 1  |  A-B   |         |         |   
Round 2  |        |   A-C   |         |   
Round 3  |        |         |         |   
Round 4  |        |         |         |   
Round 5  |        |         |         |   
Round 6  |        |         |         |   
 
*****VOLGENDE ITERATIE*****
pairs: [A-D, B-C, B-D, C-D] & pairsUsed: [A-B, A-C]
doubles: [Ljava.lang.String;@2276628 & doublesUsed: []
currentGame: 0 & prevGame: [0, 1]
currentRound: 2 & prevRound: [0, 1]
TEMPBOARD: 
         | Game 1 |  Game 2 |  Game 3 |  
_________ ________ _________ _________ 
Round 1  |  A-B   |         |         |   
Round 2  |        |   A-C   |         |   
Round 3  |        |         |         |   
Round 4  |        |         |         |   
Round 5  |        |         |         |   
Round 6  |        |         |         |   
 
*****VOLGENDE ITERATIE*****
pairs: [A-D, B-C, B-D, C-D] & pairsUsed: [A-B, A-C]
doubles: [Ljava.lang.String;@2276628 & doublesUsed: []
currentGame: 0 & prevGame: [0, 1]
currentRound: 3 & prevRound: [0, 1]
TEMPBOARD: 
         | Game 1 |  Game 2 |  Game 3 |  
_________ ________ _________ _________ 
Round 1  |  A-B   |         |         |   
Round 2  |        |   A-C   |         |   
Round 3  |        |         |         |   
Round 4  |        |         |         |   
Round 5  |        |         |         |   
Round 6  |        |         |         |   
 
*****VOLGENDE ITERATIE*****
pairs: [A-D, B-C, B-D, C-D] & pairsUsed: [A-B, A-C]
doubles: [Ljava.lang.String;@2276628 & doublesUsed: []
currentGame: 0 & prevGame: [0, 1]
currentRound: 4 & prevRound: [0, 1]
TEMPBOARD: 
         | Game 1 |  Game 2 |  Game 3 |  
_________ ________ _________ _________ 
Round 1  |  A-B   |         |         |   
Round 2  |        |   A-C   |         |   
Round 3  |        |         |         |   
Round 4  |        |         |         |   
Round 5  |        |         |         |   
Round 6  |        |         |         |   
 
*****VOLGENDE ITERATIE*****
pairs: [A-D, B-C, B-D, C-D] & pairsUsed: [A-B, A-C]
doubles: [Ljava.lang.String;@2276628 & doublesUsed: []
currentGame: 0 & prevGame: [0, 1]
currentRound: 5 & prevRound: [0, 1]
TEMPBOARD: 
         | Game 1 |  Game 2 |  Game 3 |  
_________ ________ _________ _________ 
Round 1  |  A-B   |         |         |   
Round 2  |        |   A-C   |         |   
Round 3  |        |         |         |   
Round 4  |        |         |         |   
Round 5  |        |         |         |   
Round 6  |        |         |         |   
 
*****VOLGENDE ITERATIE*****
pairs: [A-D, B-C, B-D, C-D] & pairsUsed: [A-B, A-C]
doubles: [Ljava.lang.String;@2276628 & doublesUsed: []
currentGame: 0 & prevGame: [0, 1]
currentRound: 6 & prevRound: [0, 1]
TEMPBOARD: 
         | Game 1 |  Game 2 |  Game 3 |  
_________ ________ _________ _________ 
Round 1  |  A-B   |         |         |   
Round 2  |        |   A-C   |         |   
Round 3  |        |         |         |   
Round 4  |        |         |         |   
Round 5  |        |         |         |   
Round 6  |        |         |         |   
 
*****VOLGENDE ITERATIE*****
pairs: [A-D, B-C, B-D, C-D] & pairsUsed: [A-B, A-C]
doubles: [Ljava.lang.String;@2276628 & doublesUsed: []
currentGame: 1 & prevGame: [0, 1]
currentRound: 0 & prevRound: [0, 1]
TEMPBOARD: 
         | Game 1 |  Game 2 |  Game 3 |  
_________ ________ _________ _________ 
Round 1  |  A-B   |         |         |   
Round 2  |        |   A-C   |         |   
Round 3  |        |         |         |   
Round 4  |        |         |         |   
Round 5  |        |         |         |   
Round 6  |        |         |         |   
 
*****VOLGENDE ITERATIE*****
pairs: [A-D, B-C, B-D, C-D] & pairsUsed: [A-B, A-C]
doubles: [Ljava.lang.String;@2276628 & doublesUsed: []
currentGame: 1 & prevGame: [0, 1]
currentRound: 1 & prevRound: [0, 1]
TEMPBOARD: 
         | Game 1 |  Game 2 |  Game 3 |  
_________ ________ _________ _________ 
Round 1  |  A-B   |         |         |   
Round 2  |        |   A-C   |         |   
Round 3  |        |         |         |   
Round 4  |        |         |         |   
Round 5  |        |         |         |   
Round 6  |        |         |         |   
 
*****VOLGENDE ITERATIE*****
pairs: [A-D, B-C, B-D, C-D] & pairsUsed: [A-B, A-C]
doubles: [Ljava.lang.String;@2276628 & doublesUsed: []
currentGame: 1 & prevGame: [0, 1]
currentRound: 2 & prevRound: [0, 1]
TEMPBOARD: 
         | Game 1 |  Game 2 |  Game 3 |  
_________ ________ _________ _________ 
Round 1  |  A-B   |         |         |   
Round 2  |        |   A-C   |         |   
Round 3  |        |         |         |   
Round 4  |        |         |         |   
Round 5  |        |         |         |   
Round 6  |        |         |         |   
 
*****VOLGENDE ITERATIE*****
pairs: [A-D, B-C, B-D, C-D] & pairsUsed: [A-B, A-C]
doubles: [Ljava.lang.String;@2276628 & doublesUsed: []
currentGame: 1 & prevGame: [0, 1]
currentRound: 3 & prevRound: [0, 1]
TEMPBOARD: 
         | Game 1 |  Game 2 |  Game 3 |  
_________ ________ _________ _________ 
Round 1  |  A-B   |         |         |   
Round 2  |        |   A-C   |         |   
Round 3  |        |         |         |   
Round 4  |        |         |         |   
Round 5  |        |         |         |   
Round 6  |        |         |         |   
 
*****VOLGENDE ITERATIE*****
pairs: [A-D, B-C, B-D, C-D] & pairsUsed: [A-B, A-C]
doubles: [Ljava.lang.String;@2276628 & doublesUsed: []
currentGame: 1 & prevGame: [0, 1]
currentRound: 4 & prevRound: [0, 1]
TEMPBOARD: 
         | Game 1 |  Game 2 |  Game 3 |  
_________ ________ _________ _________ 
Round 1  |  A-B   |         |         |   
Round 2  |        |   A-C   |         |   
Round 3  |        |         |         |   
Round 4  |        |         |         |   
Round 5  |        |         |         |   
Round 6  |        |         |         |   
 
*****VOLGENDE ITERATIE*****
pairs: [A-D, B-C, B-D, C-D] & pairsUsed: [A-B, A-C]
doubles: [Ljava.lang.String;@2276628 & doublesUsed: []
currentGame: 1 & prevGame: [0, 1]
currentRound: 5 & prevRound: [0, 1]
TEMPBOARD: 
         | Game 1 |  Game 2 |  Game 3 |  
_________ ________ _________ _________ 
Round 1  |  A-B   |         |         |   
Round 2  |        |   A-C   |         |   
Round 3  |        |         |         |   
Round 4  |        |         |         |   
Round 5  |        |         |         |   
Round 6  |        |         |         |   
 
*****VOLGENDE ITERATIE*****
pairs: [A-D, B-C, B-D, C-D] & pairsUsed: [A-B, A-C]
doubles: [Ljava.lang.String;@2276628 & doublesUsed: []
currentGame: 1 & prevGame: [0, 1]
currentRound: 6 & prevRound: [0, 1]
TEMPBOARD: 
         | Game 1 |  Game 2 |  Game 3 |  
_________ ________ _________ _________ 
Round 1  |  A-B   |         |         |   
Round 2  |        |   A-C   |         |   
Round 3  |        |         |         |   
Round 4  |        |         |         |   
Round 5  |        |         |         |   
Round 6  |        |         |         |   
 
*****VOLGENDE ITERATIE*****
pairs: [A-D, B-C, B-D, C-D] & pairsUsed: [A-B, A-C]
doubles: [Ljava.lang.String;@2276628 & doublesUsed: []
currentGame: 2 & prevGame: [0, 1]
currentRound: 0 & prevRound: [0, 1]
TEMPBOARD: 
         | Game 1 |  Game 2 |  Game 3 |  
_________ ________ _________ _________ 
Round 1  |  A-B   |         |         |   
Round 2  |        |   A-C   |         |   
Round 3  |        |         |         |   
Round 4  |        |         |         |   
Round 5  |        |         |         |   
Round 6  |        |         |         |   
 
*****VOLGENDE ITERATIE*****
pairs: [A-D, B-C, B-D, C-D] & pairsUsed: [A-B, A-C]
doubles: [Ljava.lang.String;@2276628 & doublesUsed: []
currentGame: 2 & prevGame: [0, 1]
currentRound: 1 & prevRound: [0, 1]
TEMPBOARD: 
         | Game 1 |  Game 2 |  Game 3 |  
_________ ________ _________ _________ 
Round 1  |  A-B   |         |         |   
Round 2  |        |   A-C   |         |   
Round 3  |        |         |         |   
Round 4  |        |         |         |   
Round 5  |        |         |         |   
Round 6  |        |         |         |   
 
*****VOLGENDE ITERATIE*****
pairs: [A-D, B-C, B-D, C-D] & pairsUsed: [A-B, A-C]
doubles: [Ljava.lang.String;@2276628 & doublesUsed: []
currentGame: 2 & prevGame: [0, 1]
currentRound: 2 & prevRound: [0, 1]
TEMPBOARD: 
         | Game 1 |  Game 2 |  Game 3 |  
_________ ________ _________ _________ 
Round 1  |  A-B   |         |         |   
Round 2  |        |   A-C   |         |   
Round 3  |        |         |         |   
Round 4  |        |         |         |   
Round 5  |        |         |         |   
Round 6  |        |         |         |   
 
*****VOLGENDE ITERATIE*****
pairs: [B-C, B-D, C-D] & pairsUsed: [A-B, A-C, A-D]
doubles: [Ljava.lang.String;@2276628 & doublesUsed: []
currentGame: 0 & prevGame: [0, 1, 2]
currentRound: 0 & prevRound: [0, 1, 2]
TEMPBOARD: 
         | Game 1 |  Game 2 |  Game 3 |  
_________ ________ _________ _________ 
Round 1  |  A-B   |         |         |   
Round 2  |        |   A-C   |         |   
Round 3  |        |         |   A-D   |   
Round 4  |        |         |         |   
Round 5  |        |         |         |   
Round 6  |        |         |         |   
 
*****VOLGENDE ITERATIE*****
pairs: [B-C, B-D, C-D] & pairsUsed: [A-B, A-C, A-D]
doubles: [Ljava.lang.String;@2276628 & doublesUsed: []
currentGame: 0 & prevGame: [0, 1, 2]
currentRound: 1 & prevRound: [0, 1, 2]
TEMPBOARD: 
         | Game 1 |  Game 2 |  Game 3 |  
_________ ________ _________ _________ 
Round 1  |  A-B   |         |         |   
Round 2  |        |   A-C   |         |   
Round 3  |        |         |   A-D   |   
Round 4  |        |         |         |   
Round 5  |        |         |         |   
Round 6  |        |         |         |   
 
*****VOLGENDE ITERATIE*****
pairs: [B-C, B-D, C-D] & pairsUsed: [A-B, A-C, A-D]
doubles: [Ljava.lang.String;@2276628 & doublesUsed: []
currentGame: 0 & prevGame: [0, 1, 2]
currentRound: 2 & prevRound: [0, 1, 2]
TEMPBOARD: 
         | Game 1 |  Game 2 |  Game 3 |  
_________ ________ _________ _________ 
Round 1  |  A-B   |         |         |   
Round 2  |        |   A-C   |         |   
Round 3  |        |         |   A-D   |   
Round 4  |        |         |         |   
Round 5  |        |         |         |   
Round 6  |        |         |         |   
 
*****VOLGENDE ITERATIE*****
pairs: [B-C, B-D, C-D] & pairsUsed: [A-B, A-C, A-D]
doubles: [Ljava.lang.String;@2276628 & doublesUsed: []
currentGame: 0 & prevGame: [0, 1, 2]
currentRound: 3 & prevRound: [0, 1, 2]
TEMPBOARD: 
         | Game 1 |  Game 2 |  Game 3 |  
_________ ________ _________ _________ 
Round 1  |  A-B   |         |         |   
Round 2  |        |   A-C   |         |   
Round 3  |        |         |   A-D   |   
Round 4  |        |         |         |   
Round 5  |        |         |         |   
Round 6  |        |         |         |   
 
*****VOLGENDE ITERATIE*****
pairs: [B-C, B-D, C-D] & pairsUsed: [A-B, A-C, A-D]
doubles: [Ljava.lang.String;@2276628 & doublesUsed: []
currentGame: 0 & prevGame: [0, 1, 2]
currentRound: 4 & prevRound: [0, 1, 2]
TEMPBOARD: 
         | Game 1 |  Game 2 |  Game 3 |  
_________ ________ _________ _________ 
Round 1  |  A-B   |         |         |   
Round 2  |        |   A-C   |         |   
Round 3  |        |         |   A-D   |   
Round 4  |        |         |         |   
Round 5  |        |         |         |   
Round 6  |        |         |         |   
 
*****VOLGENDE ITERATIE*****
pairs: [B-C, B-D, C-D] & pairsUsed: [A-B, A-C, A-D]
doubles: [Ljava.lang.String;@2276628 & doublesUsed: []
currentGame: 0 & prevGame: [0, 1, 2]
currentRound: 5 & prevRound: [0, 1, 2]
TEMPBOARD: 
         | Game 1 |  Game 2 |  Game 3 |  
_________ ________ _________ _________ 
Round 1  |  A-B   |         |         |   
Round 2  |        |   A-C   |         |   
Round 3  |        |         |   A-D   |   
Round 4  |        |         |         |   
Round 5  |        |         |         |   
Round 6  |        |         |         |   
 
*****VOLGENDE ITERATIE*****
pairs: [B-C, B-D, C-D] & pairsUsed: [A-B, A-C, A-D]
doubles: [Ljava.lang.String;@2276628 & doublesUsed: []
currentGame: 0 & prevGame: [0, 1, 2]
currentRound: 6 & prevRound: [0, 1, 2]
TEMPBOARD: 
         | Game 1 |  Game 2 |  Game 3 |  
_________ ________ _________ _________ 
Round 1  |  A-B   |         |         |   
Round 2  |        |   A-C   |         |   
Round 3  |        |         |   A-D   |   
Round 4  |        |         |         |   
Round 5  |        |         |         |   
Round 6  |        |         |         |   
 
*****VOLGENDE ITERATIE*****
pairs: [B-C, B-D, C-D] & pairsUsed: [A-B, A-C, A-D]
doubles: [Ljava.lang.String;@2276628 & doublesUsed: []
currentGame: 1 & prevGame: [0, 1, 2]
currentRound: 0 & prevRound: [0, 1, 2]
TEMPBOARD: 
         | Game 1 |  Game 2 |  Game 3 |  
_________ ________ _________ _________ 
Round 1  |  A-B   |         |         |   
Round 2  |        |   A-C   |         |   
Round 3  |        |         |   A-D   |   
Round 4  |        |         |         |   
Round 5  |        |         |         |   
Round 6  |        |         |         |   
 
*****VOLGENDE ITERATIE*****
pairs: [B-C, B-D, C-D] & pairsUsed: [A-B, A-C, A-D]
doubles: [Ljava.lang.String;@2276628 & doublesUsed: []
currentGame: 1 & prevGame: [0, 1, 2]
currentRound: 1 & prevRound: [0, 1, 2]
TEMPBOARD: 
         | Game 1 |  Game 2 |  Game 3 |  
_________ ________ _________ _________ 
Round 1  |  A-B   |         |         |   
Round 2  |        |   A-C   |         |   
Round 3  |        |         |   A-D   |   
Round 4  |        |         |         |   
Round 5  |        |         |         |   
Round 6  |        |         |         |   
 
*****VOLGENDE ITERATIE*****
pairs: [B-C, B-D, C-D] & pairsUsed: [A-B, A-C, A-D]
doubles: [Ljava.lang.String;@2276628 & doublesUsed: []
currentGame: 1 & prevGame: [0, 1, 2]
currentRound: 2 & prevRound: [0, 1, 2]
TEMPBOARD: 
         | Game 1 |  Game 2 |  Game 3 |  
_________ ________ _________ _________ 
Round 1  |  A-B   |         |         |   
Round 2  |        |   A-C   |         |   
Round 3  |        |         |   A-D   |   
Round 4  |        |         |         |   
Round 5  |        |         |         |   
Round 6  |        |         |         |   
 
*****VOLGENDE ITERATIE*****
pairs: [B-C, B-D, C-D] & pairsUsed: [A-B, A-C, A-D]
doubles: [Ljava.lang.String;@2276628 & doublesUsed: []
currentGame: 1 & prevGame: [0, 1, 2]
currentRound: 3 & prevRound: [0, 1, 2]
TEMPBOARD: 
         | Game 1 |  Game 2 |  Game 3 |  
_________ ________ _________ _________ 
Round 1  |  A-B   |         |         |   
Round 2  |        |   A-C   |         |   
Round 3  |        |         |   A-D   |   
Round 4  |        |         |         |   
Round 5  |        |         |         |   
Round 6  |        |         |         |   
 
*****VOLGENDE ITERATIE*****
pairs: [B-C, B-D, C-D] & pairsUsed: [A-B, A-C, A-D]
doubles: [Ljava.lang.String;@2276628 & doublesUsed: []
currentGame: 1 & prevGame: [0, 1, 2]
currentRound: 4 & prevRound: [0, 1, 2]
TEMPBOARD: 
         | Game 1 |  Game 2 |  Game 3 |  
_________ ________ _________ _________ 
Round 1  |  A-B   |         |         |   
Round 2  |        |   A-C   |         |   
Round 3  |        |         |   A-D   |   
Round 4  |        |         |         |   
Round 5  |        |         |         |   
Round 6  |        |         |         |   
 
*****VOLGENDE ITERATIE*****
pairs: [B-C, B-D, C-D] & pairsUsed: [A-B, A-C, A-D]
doubles: [Ljava.lang.String;@2276628 & doublesUsed: []
currentGame: 1 & prevGame: [0, 1, 2]
currentRound: 5 & prevRound: [0, 1, 2]
TEMPBOARD: 
         | Game 1 |  Game 2 |  Game 3 |  
_________ ________ _________ _________ 
Round 1  |  A-B   |         |         |   
Round 2  |        |   A-C   |         |   
Round 3  |        |         |   A-D   |   
Round 4  |        |         |         |   
Round 5  |        |         |         |   
Round 6  |        |         |         |   
 
*****VOLGENDE ITERATIE*****
pairs: [B-C, B-D, C-D] & pairsUsed: [A-B, A-C, A-D]
doubles: [Ljava.lang.String;@2276628 & doublesUsed: []
currentGame: 1 & prevGame: [0, 1, 2]
currentRound: 6 & prevRound: [0, 1, 2]
TEMPBOARD: 
         | Game 1 |  Game 2 |  Game 3 |  
_________ ________ _________ _________ 
Round 1  |  A-B   |         |         |   
Round 2  |        |   A-C   |         |   
Round 3  |        |         |   A-D   |   
Round 4  |        |         |         |   
Round 5  |        |         |         |   
Round 6  |        |         |         |   
 
*****VOLGENDE ITERATIE*****
pairs: [B-C, B-D, C-D] & pairsUsed: [A-B, A-C, A-D]
doubles: [Ljava.lang.String;@2276628 & doublesUsed: []
currentGame: 2 & prevGame: [0, 1, 2]
currentRound: 0 & prevRound: [0, 1, 2]
TEMPBOARD: 
         | Game 1 |  Game 2 |  Game 3 |  
_________ ________ _________ _________ 
Round 1  |  A-B   |         |         |   
Round 2  |        |   A-C   |         |   
Round 3  |        |         |   A-D   |   
Round 4  |        |         |         |   
Round 5  |        |         |         |   
Round 6  |        |         |         |   
 
*****VOLGENDE ITERATIE*****
pairs: [B-C, B-D, C-D] & pairsUsed: [A-B, A-C, A-D]
doubles: [Ljava.lang.String;@2276628 & doublesUsed: []
currentGame: 2 & prevGame: [0, 1, 2]
currentRound: 1 & prevRound: [0, 1, 2]
TEMPBOARD: 
         | Game 1 |  Game 2 |  Game 3 |  
_________ ________ _________ _________ 
Round 1  |  A-B   |         |         |   
Round 2  |        |   A-C   |         |   
Round 3  |        |         |   A-D   |   
Round 4  |        |         |         |   
Round 5  |        |         |         |   
Round 6  |        |         |         |   
 
*****VOLGENDE ITERATIE*****
pairs: [B-C, B-D, C-D] & pairsUsed: [A-B, A-C, A-D]
doubles: [Ljava.lang.String;@2276628 & doublesUsed: []
currentGame: 2 & prevGame: [0, 1, 2]
currentRound: 2 & prevRound: [0, 1, 2]
TEMPBOARD: 
         | Game 1 |  Game 2 |  Game 3 |  
_________ ________ _________ _________ 
Round 1  |  A-B   |         |         |   
Round 2  |        |   A-C   |         |   
Round 3  |        |         |   A-D   |   
Round 4  |        |         |         |   
Round 5  |        |         |         |   
Round 6  |        |         |         |   
 
*****VOLGENDE ITERATIE*****
pairs: [B-C, B-D, C-D] & pairsUsed: [A-B, A-C, A-D]
doubles: [Ljava.lang.String;@2276628 & doublesUsed: []
currentGame: 2 & prevGame: [0, 1, 2]
currentRound: 3 & prevRound: [0, 1, 2]
TEMPBOARD: 
         | Game 1 |  Game 2 |  Game 3 |  
_________ ________ _________ _________ 
Round 1  |  A-B   |         |         |   
Round 2  |        |   A-C   |         |   
Round 3  |        |         |   A-D   |   
Round 4  |        |         |         |   
Round 5  |        |         |         |   
Round 6  |        |         |         |   
 
*****VOLGENDE ITERATIE*****
pairs: [B-D, C-D] & pairsUsed: [A-B, A-C, A-D, B-C]
doubles: [Ljava.lang.String;@2276628 & doublesUsed: []
currentGame: 0 & prevGame: [0, 1, 2, 2]
currentRound: 0 & prevRound: [0, 1, 2, 3]
TEMPBOARD: 
         | Game 1 |  Game 2 |  Game 3 |  
_________ ________ _________ _________ 
Round 1  |  A-B   |         |         |   
Round 2  |        |   A-C   |         |   
Round 3  |        |         |   A-D   |   
Round 4  |        |         |   B-C   |   
Round 5  |        |         |         |   
Round 6  |        |         |         |   
 
*****VOLGENDE ITERATIE*****
pairs: [B-D, C-D] & pairsUsed: [A-B, A-C, A-D, B-C]
doubles: [Ljava.lang.String;@2276628 & doublesUsed: []
currentGame: 0 & prevGame: [0, 1, 2, 2]
currentRound: 1 & prevRound: [0, 1, 2, 3]
TEMPBOARD: 
         | Game 1 |  Game 2 |  Game 3 |  
_________ ________ _________ _________ 
Round 1  |  A-B   |         |         |   
Round 2  |        |   A-C   |         |   
Round 3  |        |         |   A-D   |   
Round 4  |        |         |   B-C   |   
Round 5  |        |         |         |   
Round 6  |        |         |         |   
 
*****VOLGENDE ITERATIE*****
pairs: [B-D, C-D] & pairsUsed: [A-B, A-C, A-D, B-C]
doubles: [Ljava.lang.String;@2276628 & doublesUsed: []
currentGame: 0 & prevGame: [0, 1, 2, 2]
currentRound: 2 & prevRound: [0, 1, 2, 3]
TEMPBOARD: 
         | Game 1 |  Game 2 |  Game 3 |  
_________ ________ _________ _________ 
Round 1  |  A-B   |         |         |   
Round 2  |        |   A-C   |         |   
Round 3  |        |         |   A-D   |   
Round 4  |        |         |   B-C   |   
Round 5  |        |         |         |   
Round 6  |        |         |         |   
 
*****VOLGENDE ITERATIE*****
pairs: [B-D, C-D] & pairsUsed: [A-B, A-C, A-D, B-C]
doubles: [Ljava.lang.String;@2276628 & doublesUsed: []
currentGame: 0 & prevGame: [0, 1, 2, 2]
currentRound: 3 & prevRound: [0, 1, 2, 3]
TEMPBOARD: 
         | Game 1 |  Game 2 |  Game 3 |  
_________ ________ _________ _________ 
Round 1  |  A-B   |         |         |   
Round 2  |        |   A-C   |         |   
Round 3  |        |         |   A-D   |   
Round 4  |        |         |   B-C   |   
Round 5  |        |         |         |   
Round 6  |        |         |         |   
 
*****VOLGENDE ITERATIE*****
pairs: [B-D, C-D] & pairsUsed: [A-B, A-C, A-D, B-C]
doubles: [Ljava.lang.String;@2276628 & doublesUsed: []
currentGame: 0 & prevGame: [0, 1, 2, 2]
currentRound: 4 & prevRound: [0, 1, 2, 3]
TEMPBOARD: 
         | Game 1 |  Game 2 |  Game 3 |  
_________ ________ _________ _________ 
Round 1  |  A-B   |         |         |   
Round 2  |        |   A-C   |         |   
Round 3  |        |         |   A-D   |   
Round 4  |        |         |   B-C   |   
Round 5  |        |         |         |   
Round 6  |        |         |         |   
 
*****VOLGENDE ITERATIE*****
pairs: [B-D, C-D] & pairsUsed: [A-B, A-C, A-D, B-C]
doubles: [Ljava.lang.String;@2276628 & doublesUsed: []
currentGame: 0 & prevGame: [0, 1, 2, 2]
currentRound: 5 & prevRound: [0, 1, 2, 3]
TEMPBOARD: 
         | Game 1 |  Game 2 |  Game 3 |  
_________ ________ _________ _________ 
Round 1  |  A-B   |         |         |   
Round 2  |        |   A-C   |         |   
Round 3  |        |         |   A-D   |   
Round 4  |        |         |   B-C   |   
Round 5  |        |         |         |   
Round 6  |        |         |         |   
 
*****VOLGENDE ITERATIE*****
pairs: [B-D, C-D] & pairsUsed: [A-B, A-C, A-D, B-C]
doubles: [Ljava.lang.String;@2276628 & doublesUsed: []
currentGame: 0 & prevGame: [0, 1, 2, 2]
currentRound: 6 & prevRound: [0, 1, 2, 3]
TEMPBOARD: 
         | Game 1 |  Game 2 |  Game 3 |  
_________ ________ _________ _________ 
Round 1  |  A-B   |         |         |   
Round 2  |        |   A-C   |         |   
Round 3  |        |         |   A-D   |   
Round 4  |        |         |   B-C   |   
Round 5  |        |         |         |   
Round 6  |        |         |         |   
 
*****VOLGENDE ITERATIE*****
pairs: [B-D, C-D] & pairsUsed: [A-B, A-C, A-D, B-C]
doubles: [Ljava.lang.String;@2276628 & doublesUsed: []
currentGame: 1 & prevGame: [0, 1, 2, 2]
currentRound: 0 & prevRound: [0, 1, 2, 3]
TEMPBOARD: 
         | Game 1 |  Game 2 |  Game 3 |  
_________ ________ _________ _________ 
Round 1  |  A-B   |         |         |   
Round 2  |        |   A-C   |         |   
Round 3  |        |         |   A-D   |   
Round 4  |        |         |   B-C   |   
Round 5  |        |         |         |   
Round 6  |        |         |         |   
 
*****VOLGENDE ITERATIE*****
pairs: [B-D, C-D] & pairsUsed: [A-B, A-C, A-D, B-C]
doubles: [Ljava.lang.String;@2276628 & doublesUsed: []
currentGame: 1 & prevGame: [0, 1, 2, 2]
currentRound: 1 & prevRound: [0, 1, 2, 3]
TEMPBOARD: 
         | Game 1 |  Game 2 |  Game 3 |  
_________ ________ _________ _________ 
Round 1  |  A-B   |         |         |   
Round 2  |        |   A-C   |         |   
Round 3  |        |         |   A-D   |   
Round 4  |        |         |   B-C   |   
Round 5  |        |         |         |   
Round 6  |        |         |         |   
 
*****VOLGENDE ITERATIE*****
pairs: [B-D, C-D] & pairsUsed: [A-B, A-C, A-D, B-C]
doubles: [Ljava.lang.String;@2276628 & doublesUsed: []
currentGame: 1 & prevGame: [0, 1, 2, 2]
currentRound: 2 & prevRound: [0, 1, 2, 3]
TEMPBOARD: 
         | Game 1 |  Game 2 |  Game 3 |  
_________ ________ _________ _________ 
Round 1  |  A-B   |         |         |   
Round 2  |        |   A-C   |         |   
Round 3  |        |         |   A-D   |   
Round 4  |        |         |   B-C   |   
Round 5  |        |         |         |   
Round 6  |        |         |         |   
 
*****VOLGENDE ITERATIE*****
pairs: [B-D, C-D] & pairsUsed: [A-B, A-C, A-D, B-C]
doubles: [Ljava.lang.String;@2276628 & doublesUsed: []
currentGame: 1 & prevGame: [0, 1, 2, 2]
currentRound: 3 & prevRound: [0, 1, 2, 3]
TEMPBOARD: 
         | Game 1 |  Game 2 |  Game 3 |  
_________ ________ _________ _________ 
Round 1  |  A-B   |         |         |   
Round 2  |        |   A-C   |         |   
Round 3  |        |         |   A-D   |   
Round 4  |        |         |   B-C   |   
Round 5  |        |         |         |   
Round 6  |        |         |         |   
 
*****VOLGENDE ITERATIE*****
pairs: [B-D, C-D] & pairsUsed: [A-B, A-C, A-D, B-C]
doubles: [Ljava.lang.String;@2276628 & doublesUsed: []
currentGame: 1 & prevGame: [0, 1, 2, 2]
currentRound: 4 & prevRound: [0, 1, 2, 3]
TEMPBOARD: 
         | Game 1 |  Game 2 |  Game 3 |  
_________ ________ _________ _________ 
Round 1  |  A-B   |         |         |   
Round 2  |        |   A-C   |         |   
Round 3  |        |         |   A-D   |   
Round 4  |        |         |   B-C   |   
Round 5  |        |         |         |   
Round 6  |        |         |         |   
 
*****VOLGENDE ITERATIE*****
pairs: [C-D] & pairsUsed: [A-B, A-C, A-D, B-C, B-D]
doubles: [Ljava.lang.String;@2276628 & doublesUsed: []
currentGame: 0 & prevGame: [0, 1, 2, 2, 1]
currentRound: 0 & prevRound: [0, 1, 2, 3, 4]
TEMPBOARD: 
         | Game 1 |  Game 2 |  Game 3 |  
_________ ________ _________ _________ 
Round 1  |  A-B   |         |         |   
Round 2  |        |   A-C   |         |   
Round 3  |        |         |   A-D   |   
Round 4  |        |         |   B-C   |   
Round 5  |        |   B-D   |         |   
Round 6  |        |         |         |   
 
*****VOLGENDE ITERATIE*****
pairs: [C-D] & pairsUsed: [A-B, A-C, A-D, B-C, B-D]
doubles: [Ljava.lang.String;@2276628 & doublesUsed: []
currentGame: 0 & prevGame: [0, 1, 2, 2, 1]
currentRound: 1 & prevRound: [0, 1, 2, 3, 4]
TEMPBOARD: 
         | Game 1 |  Game 2 |  Game 3 |  
_________ ________ _________ _________ 
Round 1  |  A-B   |         |         |   
Round 2  |        |   A-C   |         |   
Round 3  |        |         |   A-D   |   
Round 4  |        |         |   B-C   |   
Round 5  |        |   B-D   |         |   
Round 6  |        |         |         |   
 
*****VOLGENDE ITERATIE*****
pairs: [C-D] & pairsUsed: [A-B, A-C, A-D, B-C, B-D]
doubles: [Ljava.lang.String;@2276628 & doublesUsed: []
currentGame: 0 & prevGame: [0, 1, 2, 2, 1]
currentRound: 2 & prevRound: [0, 1, 2, 3, 4]
TEMPBOARD: 
         | Game 1 |  Game 2 |  Game 3 |  
_________ ________ _________ _________ 
Round 1  |  A-B   |         |         |   
Round 2  |        |   A-C   |         |   
Round 3  |        |         |   A-D   |   
Round 4  |        |         |   B-C   |   
Round 5  |        |   B-D   |         |   
Round 6  |        |         |         |   
 
*****VOLGENDE ITERATIE*****
pairs: [C-D] & pairsUsed: [A-B, A-C, A-D, B-C, B-D]
doubles: [Ljava.lang.String;@2276628 & doublesUsed: []
currentGame: 0 & prevGame: [0, 1, 2, 2, 1]
currentRound: 3 & prevRound: [0, 1, 2, 3, 4]
TEMPBOARD: 
         | Game 1 |  Game 2 |  Game 3 |  
_________ ________ _________ _________ 
Round 1  |  A-B   |         |         |   
Round 2  |        |   A-C   |         |   
Round 3  |        |         |   A-D   |   
Round 4  |        |         |   B-C   |   
Round 5  |        |   B-D   |         |   
Round 6  |        |         |         |   
 
*****VOLGENDE ITERATIE*****
pairs: [C-D] & pairsUsed: [A-B, A-C, A-D, B-C, B-D]
doubles: [Ljava.lang.String;@2276628 & doublesUsed: []
currentGame: 0 & prevGame: [0, 1, 2, 2, 1]
currentRound: 4 & prevRound: [0, 1, 2, 3, 4]
TEMPBOARD: 
         | Game 1 |  Game 2 |  Game 3 |  
_________ ________ _________ _________ 
Round 1  |  A-B   |         |         |   
Round 2  |        |   A-C   |         |   
Round 3  |        |         |   A-D   |   
Round 4  |        |         |   B-C   |   
Round 5  |        |   B-D   |         |   
Round 6  |        |         |         |   
 
*****VOLGENDE ITERATIE*****
pairs: [C-D] & pairsUsed: [A-B, A-C, A-D, B-C, B-D]
doubles: [Ljava.lang.String;@2276628 & doublesUsed: []
currentGame: 0 & prevGame: [0, 1, 2, 2, 1]
currentRound: 5 & prevRound: [0, 1, 2, 3, 4]
TEMPBOARD: 
         | Game 1 |  Game 2 |  Game 3 |  
_________ ________ _________ _________ 
Round 1  |  A-B   |         |         |   
Round 2  |        |   A-C   |         |   
Round 3  |        |         |   A-D   |   
Round 4  |        |         |   B-C   |   
Round 5  |        |   B-D   |         |   
Round 6  |        |         |         |   
 
*****VOLGENDE ITERATIE*****
pairs: [] & pairsUsed: [A-B, A-C, A-D, B-C, B-D, C-D]
doubles: [Ljava.lang.String;@2276628 & doublesUsed: []
currentGame: 0 & prevGame: [0, 1, 2, 2, 1, 0]
currentRound: 0 & prevRound: [0, 1, 2, 3, 4, 5]
TEMPBOARD: 
         | Game 1 |  Game 2 |  Game 3 |  
_________ ________ _________ _________ 
Round 1  |  A-B   |         |         |   
Round 2  |        |   A-C   |         |   
Round 3  |        |         |   A-D   |   
Round 4  |        |         |   B-C   |   
Round 5  |        |   B-D   |         |   
Round 6  |  C-D   |         |         |   
 
*****VOLGENDE ITERATIE*****
pairs: [A-B] & pairsUsed: []
doubles: [Ljava.lang.String;@409ab547 & doublesUsed: []
currentGame: 0 & prevGame: []
currentRound: 0 & prevRound: []
TEMPBOARD: 
         | Game 1 |  
_________ ________ 
Round 1  |        |   
 
*****VOLGENDE ITERATIE*****
pairs: [] & pairsUsed: [A-B]
doubles: [Ljava.lang.String;@409ab547 & doublesUsed: []
currentGame: 0 & prevGame: [0]
currentRound: 0 & prevRound: [0]
TEMPBOARD: 
         | Game 1 |  
_________ ________ 
Round 1  |  A-B   |   
 
*****VOLGENDE ITERATIE*****
pairs: [A-B] & pairsUsed: []
doubles: [Ljava.lang.String;@431d811f & doublesUsed: []
currentGame: 0 & prevGame: []
currentRound: 0 & prevRound: []
TEMPBOARD: 
         | Game 1 |  
_________ ________ 
Round 1  |        |   
 
*****VOLGENDE ITERATIE*****
pairs: [] & pairsUsed: [A-B]
doubles: [Ljava.lang.String;@431d811f & doublesUsed: []
currentGame: 0 & prevGame: [0]
currentRound: 0 & prevRound: [0]
TEMPBOARD: 
         | Game 1 |  
_________ ________ 
Round 1  |  A-B   |   
 
*****VOLGENDE ITERATIE*****
pairs: [A-B] & pairsUsed: []
doubles: [Ljava.lang.String;@f7a0467 & doublesUsed: []
currentGame: 0 & prevGame: []
currentRound: 0 & prevRound: []
TEMPBOARD: 
         | Game 1 |  Game 2 |  
_________ ________ _________ 
Round 1  |        |         |   
Round 2  |        |         |   
 
*****VOLGENDE ITERATIE*****
pairs: [] & pairsUsed: [A-B]
doubles: [Ljava.lang.String;@f7a0467 & doublesUsed: []
currentGame: 0 & prevGame: [0]
currentRound: 0 & prevRound: [0]
TEMPBOARD: 
         | Game 1 |  Game 2 |  
_________ ________ _________ 
Round 1  |  A-B   |         |   
Round 2  |        |         |   
 
*****VOLGENDE ITERATIE*****
pairs: [A-B] & pairsUsed: []
doubles: [Ljava.lang.String;@2c10696f & doublesUsed: []
currentGame: 0 & prevGame: []
currentRound: 0 & prevRound: []
TEMPBOARD: 
         | Game 1 |  Game 2 |  
_________ ________ _________ 
Round 1  |        |         |   
 
*****VOLGENDE ITERATIE*****
pairs: [] & pairsUsed: [A-B]
doubles: [Ljava.lang.String;@2c10696f & doublesUsed: []
currentGame: 0 & prevGame: [0]
currentRound: 0 & prevRound: [0]
TEMPBOARD: 
         | Game 1 |  Game 2 |  
_________ ________ _________ 
Round 1  |  A-B   |         |   
 
*****VOLGENDE ITERATIE*****
pairs: [A-B, A-C, A-D, B-C, B-D, C-D] & pairsUsed: []
doubles: [Ljava.lang.String;@6b96043 & doublesUsed: []
currentGame: 0 & prevGame: []
currentRound: 0 & prevRound: []
TEMPBOARD: 
         | Game 1 |  Game 2 |  Game 3 |  Game 4 |  
_________ ________ _________ _________ _________ 
Round 1  |        |         |         |         |   
Round 2  |        |         |         |         |   
Round 3  |        |         |         |         |   
Round 4  |        |         |         |         |   
Round 5  |        |         |         |         |   
Round 6  |        |         |         |         |   
 
*****VOLGENDE ITERATIE*****
pairs: [A-C, A-D, B-C, B-D, C-D] & pairsUsed: [A-B]
doubles: [Ljava.lang.String;@6b96043 & doublesUsed: []
currentGame: 0 & prevGame: [0]
currentRound: 0 & prevRound: [0]
TEMPBOARD: 
         | Game 1 |  Game 2 |  Game 3 |  Game 4 |  
_________ ________ _________ _________ _________ 
Round 1  |  A-B   |         |         |         |   
Round 2  |        |         |         |         |   
Round 3  |        |         |         |         |   
Round 4  |        |         |         |         |   
Round 5  |        |         |         |         |   
Round 6  |        |         |         |         |   
 
*****VOLGENDE ITERATIE*****
pairs: [A-C, A-D, B-C, B-D, C-D] & pairsUsed: [A-B]
doubles: [Ljava.lang.String;@6b96043 & doublesUsed: []
currentGame: 0 & prevGame: [0]
currentRound: 1 & prevRound: [0]
TEMPBOARD: 
         | Game 1 |  Game 2 |  Game 3 |  Game 4 |  
_________ ________ _________ _________ _________ 
Round 1  |  A-B   |         |         |         |   
Round 2  |        |         |         |         |   
Round 3  |        |         |         |         |   
Round 4  |        |         |         |         |   
Round 5  |        |         |         |         |   
Round 6  |        |         |         |         |   
 
*****VOLGENDE ITERATIE*****
pairs: [A-C, A-D, B-C, B-D, C-D] & pairsUsed: [A-B]
doubles: [Ljava.lang.String;@6b96043 & doublesUsed: []
currentGame: 0 & prevGame: [0]
currentRound: 2 & prevRound: [0]
TEMPBOARD: 
         | Game 1 |  Game 2 |  Game 3 |  Game 4 |  
_________ ________ _________ _________ _________ 
Round 1  |  A-B   |         |         |         |   
Round 2  |        |         |         |         |   
Round 3  |        |         |         |         |   
Round 4  |        |         |         |         |   
Round 5  |        |         |         |         |   
Round 6  |        |         |         |         |   
 
*****VOLGENDE ITERATIE*****
pairs: [A-C, A-D, B-C, B-D, C-D] & pairsUsed: [A-B]
doubles: [Ljava.lang.String;@6b96043 & doublesUsed: []
currentGame: 0 & prevGame: [0]
currentRound: 3 & prevRound: [0]
TEMPBOARD: 
         | Game 1 |  Game 2 |  Game 3 |  Game 4 |  
_________ ________ _________ _________ _________ 
Round 1  |  A-B   |         |         |         |   
Round 2  |        |         |         |         |   
Round 3  |        |         |         |         |   
Round 4  |        |         |         |         |   
Round 5  |        |         |         |         |   
Round 6  |        |         |         |         |   
 
*****VOLGENDE ITERATIE*****
pairs: [A-C, A-D, B-C, B-D, C-D] & pairsUsed: [A-B]
doubles: [Ljava.lang.String;@6b96043 & doublesUsed: []
currentGame: 0 & prevGame: [0]
currentRound: 4 & prevRound: [0]
TEMPBOARD: 
         | Game 1 |  Game 2 |  Game 3 |  Game 4 |  
_________ ________ _________ _________ _________ 
Round 1  |  A-B   |         |         |         |   
Round 2  |        |         |         |         |   
Round 3  |        |         |         |         |   
Round 4  |        |         |         |         |   
Round 5  |        |         |         |         |   
Round 6  |        |         |         |         |   
 
*****VOLGENDE ITERATIE*****
pairs: [A-C, A-D, B-C, B-D, C-D] & pairsUsed: [A-B]
doubles: [Ljava.lang.String;@6b96043 & doublesUsed: []
currentGame: 0 & prevGame: [0]
currentRound: 5 & prevRound: [0]
TEMPBOARD: 
         | Game 1 |  Game 2 |  Game 3 |  Game 4 |  
_________ ________ _________ _________ _________ 
Round 1  |  A-B   |         |         |         |   
Round 2  |        |         |         |         |   
Round 3  |        |         |         |         |   
Round 4  |        |         |         |         |   
Round 5  |        |         |         |         |   
Round 6  |        |         |         |         |   
 
*****VOLGENDE ITERATIE*****
pairs: [A-C, A-D, B-C, B-D, C-D] & pairsUsed: [A-B]
doubles: [Ljava.lang.String;@6b96043 & doublesUsed: []
currentGame: 0 & prevGame: [0]
currentRound: 6 & prevRound: [0]
TEMPBOARD: 
         | Game 1 |  Game 2 |  Game 3 |  Game 4 |  
_________ ________ _________ _________ _________ 
Round 1  |  A-B   |         |         |         |   
Round 2  |        |         |         |         |   
Round 3  |        |         |         |         |   
Round 4  |        |         |         |         |   
Round 5  |        |         |         |         |   
Round 6  |        |         |         |         |   
 
*****VOLGENDE ITERATIE*****
pairs: [A-C, A-D, B-C, B-D, C-D] & pairsUsed: [A-B]
doubles: [Ljava.lang.String;@6b96043 & doublesUsed: []
currentGame: 1 & prevGame: [0]
currentRound: 0 & prevRound: [0]
TEMPBOARD: 
         | Game 1 |  Game 2 |  Game 3 |  Game 4 |  
_________ ________ _________ _________ _________ 
Round 1  |  A-B   |         |         |         |   
Round 2  |        |         |         |         |   
Round 3  |        |         |         |         |   
Round 4  |        |         |         |         |   
Round 5  |        |         |         |         |   
Round 6  |        |         |         |         |   
 
*****VOLGENDE ITERATIE*****
pairs: [A-C, A-D, B-C, B-D, C-D] & pairsUsed: [A-B]
doubles: [Ljava.lang.String;@6b96043 & doublesUsed: []
currentGame: 1 & prevGame: [0]
currentRound: 1 & prevRound: [0]
TEMPBOARD: 
         | Game 1 |  Game 2 |  Game 3 |  Game 4 |  
_________ ________ _________ _________ _________ 
Round 1  |  A-B   |         |         |         |   
Round 2  |        |         |         |         |   
Round 3  |        |         |         |         |   
Round 4  |        |         |         |         |   
Round 5  |        |         |         |         |   
Round 6  |        |         |         |         |   
 
*****VOLGENDE ITERATIE*****
pairs: [A-D, B-C, B-D, C-D] & pairsUsed: [A-B, A-C]
doubles: [Ljava.lang.String;@6b96043 & doublesUsed: []
currentGame: 0 & prevGame: [0, 1]
currentRound: 0 & prevRound: [0, 1]
TEMPBOARD: 
         | Game 1 |  Game 2 |  Game 3 |  Game 4 |  
_________ ________ _________ _________ _________ 
Round 1  |  A-B   |         |         |         |   
Round 2  |        |   A-C   |         |         |   
Round 3  |        |         |         |         |   
Round 4  |        |         |         |         |   
Round 5  |        |         |         |         |   
Round 6  |        |         |         |         |   
 
*****VOLGENDE ITERATIE*****
pairs: [A-D, B-C, B-D, C-D] & pairsUsed: [A-B, A-C]
doubles: [Ljava.lang.String;@6b96043 & doublesUsed: []
currentGame: 0 & prevGame: [0, 1]
currentRound: 1 & prevRound: [0, 1]
TEMPBOARD: 
         | Game 1 |  Game 2 |  Game 3 |  Game 4 |  
_________ ________ _________ _________ _________ 
Round 1  |  A-B   |         |         |         |   
Round 2  |        |   A-C   |         |         |   
Round 3  |        |         |         |         |   
Round 4  |        |         |         |         |   
Round 5  |        |         |         |         |   
Round 6  |        |         |         |         |   
 
*****VOLGENDE ITERATIE*****
pairs: [A-D, B-C, B-D, C-D] & pairsUsed: [A-B, A-C]
doubles: [Ljava.lang.String;@6b96043 & doublesUsed: []
currentGame: 0 & prevGame: [0, 1]
currentRound: 2 & prevRound: [0, 1]
TEMPBOARD: 
         | Game 1 |  Game 2 |  Game 3 |  Game 4 |  
_________ ________ _________ _________ _________ 
Round 1  |  A-B   |         |         |         |   
Round 2  |        |   A-C   |         |         |   
Round 3  |        |         |         |         |   
Round 4  |        |         |         |         |   
Round 5  |        |         |         |         |   
Round 6  |        |         |         |         |   
 
*****VOLGENDE ITERATIE*****
pairs: [A-D, B-C, B-D, C-D] & pairsUsed: [A-B, A-C]
doubles: [Ljava.lang.String;@6b96043 & doublesUsed: []
currentGame: 0 & prevGame: [0, 1]
currentRound: 3 & prevRound: [0, 1]
TEMPBOARD: 
         | Game 1 |  Game 2 |  Game 3 |  Game 4 |  
_________ ________ _________ _________ _________ 
Round 1  |  A-B   |         |         |         |   
Round 2  |        |   A-C   |         |         |   
Round 3  |        |         |         |         |   
Round 4  |        |         |         |         |   
Round 5  |        |         |         |         |   
Round 6  |        |         |         |         |   
 
*****VOLGENDE ITERATIE*****
pairs: [A-D, B-C, B-D, C-D] & pairsUsed: [A-B, A-C]
doubles: [Ljava.lang.String;@6b96043 & doublesUsed: []
currentGame: 0 & prevGame: [0, 1]
currentRound: 4 & prevRound: [0, 1]
TEMPBOARD: 
         | Game 1 |  Game 2 |  Game 3 |  Game 4 |  
_________ ________ _________ _________ _________ 
Round 1  |  A-B   |         |         |         |   
Round 2  |        |   A-C   |         |         |   
Round 3  |        |         |         |         |   
Round 4  |        |         |         |         |   
Round 5  |        |         |         |         |   
Round 6  |        |         |         |         |   
 
*****VOLGENDE ITERATIE*****
pairs: [A-D, B-C, B-D, C-D] & pairsUsed: [A-B, A-C]
doubles: [Ljava.lang.String;@6b96043 & doublesUsed: []
currentGame: 0 & prevGame: [0, 1]
currentRound: 5 & prevRound: [0, 1]
TEMPBOARD: 
         | Game 1 |  Game 2 |  Game 3 |  Game 4 |  
_________ ________ _________ _________ _________ 
Round 1  |  A-B   |         |         |         |   
Round 2  |        |   A-C   |         |         |   
Round 3  |        |         |         |         |   
Round 4  |        |         |         |         |   
Round 5  |        |         |         |         |   
Round 6  |        |         |         |         |   
 
*****VOLGENDE ITERATIE*****
pairs: [A-D, B-C, B-D, C-D] & pairsUsed: [A-B, A-C]
doubles: [Ljava.lang.String;@6b96043 & doublesUsed: []
currentGame: 0 & prevGame: [0, 1]
currentRound: 6 & prevRound: [0, 1]
TEMPBOARD: 
         | Game 1 |  Game 2 |  Game 3 |  Game 4 |  
_________ ________ _________ _________ _________ 
Round 1  |  A-B   |         |         |         |   
Round 2  |        |   A-C   |         |         |   
Round 3  |        |         |         |         |   
Round 4  |        |         |         |         |   
Round 5  |        |         |         |         |   
Round 6  |        |         |         |         |   
 
*****VOLGENDE ITERATIE*****
pairs: [A-D, B-C, B-D, C-D] & pairsUsed: [A-B, A-C]
doubles: [Ljava.lang.String;@6b96043 & doublesUsed: []
currentGame: 1 & prevGame: [0, 1]
currentRound: 0 & prevRound: [0, 1]
TEMPBOARD: 
         | Game 1 |  Game 2 |  Game 3 |  Game 4 |  
_________ ________ _________ _________ _________ 
Round 1  |  A-B   |         |         |         |   
Round 2  |        |   A-C   |         |         |   
Round 3  |        |         |         |         |   
Round 4  |        |         |         |         |   
Round 5  |        |         |         |         |   
Round 6  |        |         |         |         |   
 
*****VOLGENDE ITERATIE*****
pairs: [A-D, B-C, B-D, C-D] & pairsUsed: [A-B, A-C]
doubles: [Ljava.lang.String;@6b96043 & doublesUsed: []
currentGame: 1 & prevGame: [0, 1]
currentRound: 1 & prevRound: [0, 1]
TEMPBOARD: 
         | Game 1 |  Game 2 |  Game 3 |  Game 4 |  
_________ ________ _________ _________ _________ 
Round 1  |  A-B   |         |         |         |   
Round 2  |        |   A-C   |         |         |   
Round 3  |        |         |         |         |   
Round 4  |        |         |         |         |   
Round 5  |        |         |         |         |   
Round 6  |        |         |         |         |   
 
*****VOLGENDE ITERATIE*****
pairs: [A-D, B-C, B-D, C-D] & pairsUsed: [A-B, A-C]
doubles: [Ljava.lang.String;@6b96043 & doublesUsed: []
currentGame: 1 & prevGame: [0, 1]
currentRound: 2 & prevRound: [0, 1]
TEMPBOARD: 
         | Game 1 |  Game 2 |  Game 3 |  Game 4 |  
_________ ________ _________ _________ _________ 
Round 1  |  A-B   |         |         |         |   
Round 2  |        |   A-C   |         |         |   
Round 3  |        |         |         |         |   
Round 4  |        |         |         |         |   
Round 5  |        |         |         |         |   
Round 6  |        |         |         |         |   
 
*****VOLGENDE ITERATIE*****
pairs: [A-D, B-C, B-D, C-D] & pairsUsed: [A-B, A-C]
doubles: [Ljava.lang.String;@6b96043 & doublesUsed: []
currentGame: 1 & prevGame: [0, 1]
currentRound: 3 & prevRound: [0, 1]
TEMPBOARD: 
         | Game 1 |  Game 2 |  Game 3 |  Game 4 |  
_________ ________ _________ _________ _________ 
Round 1  |  A-B   |         |         |         |   
Round 2  |        |   A-C   |         |         |   
Round 3  |        |         |         |         |   
Round 4  |        |         |         |         |   
Round 5  |        |         |         |         |   
Round 6  |        |         |         |         |   
 
*****VOLGENDE ITERATIE*****
pairs: [A-D, B-C, B-D, C-D] & pairsUsed: [A-B, A-C]
doubles: [Ljava.lang.String;@6b96043 & doublesUsed: []
currentGame: 1 & prevGame: [0, 1]
currentRound: 4 & prevRound: [0, 1]
TEMPBOARD: 
         | Game 1 |  Game 2 |  Game 3 |  Game 4 |  
_________ ________ _________ _________ _________ 
Round 1  |  A-B   |         |         |         |   
Round 2  |        |   A-C   |         |         |   
Round 3  |        |         |         |         |   
Round 4  |        |         |         |         |   
Round 5  |        |         |         |         |   
Round 6  |        |         |         |         |   
 
*****VOLGENDE ITERATIE*****
pairs: [A-D, B-C, B-D, C-D] & pairsUsed: [A-B, A-C]
doubles: [Ljava.lang.String;@6b96043 & doublesUsed: []
currentGame: 1 & prevGame: [0, 1]
currentRound: 5 & prevRound: [0, 1]
TEMPBOARD: 
         | Game 1 |  Game 2 |  Game 3 |  Game 4 |  
_________ ________ _________ _________ _________ 
Round 1  |  A-B   |         |         |         |   
Round 2  |        |   A-C   |         |         |   
Round 3  |        |         |         |         |   
Round 4  |        |         |         |         |   
Round 5  |        |         |         |         |   
Round 6  |        |         |         |         |   
 
*****VOLGENDE ITERATIE*****
pairs: [A-D, B-C, B-D, C-D] & pairsUsed: [A-B, A-C]
doubles: [Ljava.lang.String;@6b96043 & doublesUsed: []
currentGame: 1 & prevGame: [0, 1]
currentRound: 6 & prevRound: [0, 1]
TEMPBOARD: 
         | Game 1 |  Game 2 |  Game 3 |  Game 4 |  
_________ ________ _________ _________ _________ 
Round 1  |  A-B   |         |         |         |   
Round 2  |        |   A-C   |         |         |   
Round 3  |        |         |         |         |   
Round 4  |        |         |         |         |   
Round 5  |        |         |         |         |   
Round 6  |        |         |         |         |   
 
*****VOLGENDE ITERATIE*****
pairs: [A-D, B-C, B-D, C-D] & pairsUsed: [A-B, A-C]
doubles: [Ljava.lang.String;@6b96043 & doublesUsed: []
currentGame: 2 & prevGame: [0, 1]
currentRound: 0 & prevRound: [0, 1]
TEMPBOARD: 
         | Game 1 |  Game 2 |  Game 3 |  Game 4 |  
_________ ________ _________ _________ _________ 
Round 1  |  A-B   |         |         |         |   
Round 2  |        |   A-C   |         |         |   
Round 3  |        |         |         |         |   
Round 4  |        |         |         |         |   
Round 5  |        |         |         |         |   
Round 6  |        |         |         |         |   
 
*****VOLGENDE ITERATIE*****
pairs: [A-D, B-C, B-D, C-D] & pairsUsed: [A-B, A-C]
doubles: [Ljava.lang.String;@6b96043 & doublesUsed: []
currentGame: 2 & prevGame: [0, 1]
currentRound: 1 & prevRound: [0, 1]
TEMPBOARD: 
         | Game 1 |  Game 2 |  Game 3 |  Game 4 |  
_________ ________ _________ _________ _________ 
Round 1  |  A-B   |         |         |         |   
Round 2  |        |   A-C   |         |         |   
Round 3  |        |         |         |         |   
Round 4  |        |         |         |         |   
Round 5  |        |         |         |         |   
Round 6  |        |         |         |         |   
 
*****VOLGENDE ITERATIE*****
pairs: [A-D, B-C, B-D, C-D] & pairsUsed: [A-B, A-C]
doubles: [Ljava.lang.String;@6b96043 & doublesUsed: []
currentGame: 2 & prevGame: [0, 1]
currentRound: 2 & prevRound: [0, 1]
TEMPBOARD: 
         | Game 1 |  Game 2 |  Game 3 |  Game 4 |  
_________ ________ _________ _________ _________ 
Round 1  |  A-B   |         |         |         |   
Round 2  |        |   A-C   |         |         |   
Round 3  |        |         |         |         |   
Round 4  |        |         |         |         |   
Round 5  |        |         |         |         |   
Round 6  |        |         |         |         |   
 
*****VOLGENDE ITERATIE*****
pairs: [B-C, B-D, C-D] & pairsUsed: [A-B, A-C, A-D]
doubles: [Ljava.lang.String;@6b96043 & doublesUsed: []
currentGame: 0 & prevGame: [0, 1, 2]
currentRound: 0 & prevRound: [0, 1, 2]
TEMPBOARD: 
         | Game 1 |  Game 2 |  Game 3 |  Game 4 |  
_________ ________ _________ _________ _________ 
Round 1  |  A-B   |         |         |         |   
Round 2  |        |   A-C   |         |         |   
Round 3  |        |         |   A-D   |         |   
Round 4  |        |         |         |         |   
Round 5  |        |         |         |         |   
Round 6  |        |         |         |         |   
 
*****VOLGENDE ITERATIE*****
pairs: [B-C, B-D, C-D] & pairsUsed: [A-B, A-C, A-D]
doubles: [Ljava.lang.String;@6b96043 & doublesUsed: []
currentGame: 0 & prevGame: [0, 1, 2]
currentRound: 1 & prevRound: [0, 1, 2]
TEMPBOARD: 
         | Game 1 |  Game 2 |  Game 3 |  Game 4 |  
_________ ________ _________ _________ _________ 
Round 1  |  A-B   |         |         |         |   
Round 2  |        |   A-C   |         |         |   
Round 3  |        |         |   A-D   |         |   
Round 4  |        |         |         |         |   
Round 5  |        |         |         |         |   
Round 6  |        |         |         |         |   
 
*****VOLGENDE ITERATIE*****
pairs: [B-C, B-D, C-D] & pairsUsed: [A-B, A-C, A-D]
doubles: [Ljava.lang.String;@6b96043 & doublesUsed: []
currentGame: 0 & prevGame: [0, 1, 2]
currentRound: 2 & prevRound: [0, 1, 2]
TEMPBOARD: 
         | Game 1 |  Game 2 |  Game 3 |  Game 4 |  
_________ ________ _________ _________ _________ 
Round 1  |  A-B   |         |         |         |   
Round 2  |        |   A-C   |         |         |   
Round 3  |        |         |   A-D   |         |   
Round 4  |        |         |         |         |   
Round 5  |        |         |         |         |   
Round 6  |        |         |         |         |   
 
*****VOLGENDE ITERATIE*****
pairs: [B-C, B-D, C-D] & pairsUsed: [A-B, A-C, A-D]
doubles: [Ljava.lang.String;@6b96043 & doublesUsed: []
currentGame: 0 & prevGame: [0, 1, 2]
currentRound: 3 & prevRound: [0, 1, 2]
TEMPBOARD: 
         | Game 1 |  Game 2 |  Game 3 |  Game 4 |  
_________ ________ _________ _________ _________ 
Round 1  |  A-B   |         |         |         |   
Round 2  |        |   A-C   |         |         |   
Round 3  |        |         |   A-D   |         |   
Round 4  |        |         |         |         |   
Round 5  |        |         |         |         |   
Round 6  |        |         |         |         |   
 
*****VOLGENDE ITERATIE*****
pairs: [B-C, B-D, C-D] & pairsUsed: [A-B, A-C, A-D]
doubles: [Ljava.lang.String;@6b96043 & doublesUsed: []
currentGame: 0 & prevGame: [0, 1, 2]
currentRound: 4 & prevRound: [0, 1, 2]
TEMPBOARD: 
         | Game 1 |  Game 2 |  Game 3 |  Game 4 |  
_________ ________ _________ _________ _________ 
Round 1  |  A-B   |         |         |         |   
Round 2  |        |   A-C   |         |         |   
Round 3  |        |         |   A-D   |         |   
Round 4  |        |         |         |         |   
Round 5  |        |         |         |         |   
Round 6  |        |         |         |         |   
 
*****VOLGENDE ITERATIE*****
pairs: [B-C, B-D, C-D] & pairsUsed: [A-B, A-C, A-D]
doubles: [Ljava.lang.String;@6b96043 & doublesUsed: []
currentGame: 0 & prevGame: [0, 1, 2]
currentRound: 5 & prevRound: [0, 1, 2]
TEMPBOARD: 
         | Game 1 |  Game 2 |  Game 3 |  Game 4 |  
_________ ________ _________ _________ _________ 
Round 1  |  A-B   |         |         |         |   
Round 2  |        |   A-C   |         |         |   
Round 3  |        |         |   A-D   |         |   
Round 4  |        |         |         |         |   
Round 5  |        |         |         |         |   
Round 6  |        |         |         |         |   
 
*****VOLGENDE ITERATIE*****
pairs: [B-C, B-D, C-D] & pairsUsed: [A-B, A-C, A-D]
doubles: [Ljava.lang.String;@6b96043 & doublesUsed: []
currentGame: 0 & prevGame: [0, 1, 2]
currentRound: 6 & prevRound: [0, 1, 2]
TEMPBOARD: 
         | Game 1 |  Game 2 |  Game 3 |  Game 4 |  
_________ ________ _________ _________ _________ 
Round 1  |  A-B   |         |         |         |   
Round 2  |        |   A-C   |         |         |   
Round 3  |        |         |   A-D   |         |   
Round 4  |        |         |         |         |   
Round 5  |        |         |         |         |   
Round 6  |        |         |         |         |   
 
*****VOLGENDE ITERATIE*****
pairs: [B-C, B-D, C-D] & pairsUsed: [A-B, A-C, A-D]
doubles: [Ljava.lang.String;@6b96043 & doublesUsed: []
currentGame: 1 & prevGame: [0, 1, 2]
currentRound: 0 & prevRound: [0, 1, 2]
TEMPBOARD: 
         | Game 1 |  Game 2 |  Game 3 |  Game 4 |  
_________ ________ _________ _________ _________ 
Round 1  |  A-B   |         |         |         |   
Round 2  |        |   A-C   |         |         |   
Round 3  |        |         |   A-D   |         |   
Round 4  |        |         |         |         |   
Round 5  |        |         |         |         |   
Round 6  |        |         |         |         |   
 
*****VOLGENDE ITERATIE*****
pairs: [B-C, B-D, C-D] & pairsUsed: [A-B, A-C, A-D]
doubles: [Ljava.lang.String;@6b96043 & doublesUsed: []
currentGame: 1 & prevGame: [0, 1, 2]
currentRound: 1 & prevRound: [0, 1, 2]
TEMPBOARD: 
         | Game 1 |  Game 2 |  Game 3 |  Game 4 |  
_________ ________ _________ _________ _________ 
Round 1  |  A-B   |         |         |         |   
Round 2  |        |   A-C   |         |         |   
Round 3  |        |         |   A-D   |         |   
Round 4  |        |         |         |         |   
Round 5  |        |         |         |         |   
Round 6  |        |         |         |         |   
 
*****VOLGENDE ITERATIE*****
pairs: [B-C, B-D, C-D] & pairsUsed: [A-B, A-C, A-D]
doubles: [Ljava.lang.String;@6b96043 & doublesUsed: []
currentGame: 1 & prevGame: [0, 1, 2]
currentRound: 2 & prevRound: [0, 1, 2]
TEMPBOARD: 
         | Game 1 |  Game 2 |  Game 3 |  Game 4 |  
_________ ________ _________ _________ _________ 
Round 1  |  A-B   |         |         |         |   
Round 2  |        |   A-C   |         |         |   
Round 3  |        |         |   A-D   |         |   
Round 4  |        |         |         |         |   
Round 5  |        |         |         |         |   
Round 6  |        |         |         |         |   
 
*****VOLGENDE ITERATIE*****
pairs: [B-C, B-D, C-D] & pairsUsed: [A-B, A-C, A-D]
doubles: [Ljava.lang.String;@6b96043 & doublesUsed: []
currentGame: 1 & prevGame: [0, 1, 2]
currentRound: 3 & prevRound: [0, 1, 2]
TEMPBOARD: 
         | Game 1 |  Game 2 |  Game 3 |  Game 4 |  
_________ ________ _________ _________ _________ 
Round 1  |  A-B   |         |         |         |   
Round 2  |        |   A-C   |         |         |   
Round 3  |        |         |   A-D   |         |   
Round 4  |        |         |         |         |   
Round 5  |        |         |         |         |   
Round 6  |        |         |         |         |   
 
*****VOLGENDE ITERATIE*****
pairs: [B-C, B-D, C-D] & pairsUsed: [A-B, A-C, A-D]
doubles: [Ljava.lang.String;@6b96043 & doublesUsed: []
currentGame: 1 & prevGame: [0, 1, 2]
currentRound: 4 & prevRound: [0, 1, 2]
TEMPBOARD: 
         | Game 1 |  Game 2 |  Game 3 |  Game 4 |  
_________ ________ _________ _________ _________ 
Round 1  |  A-B   |         |         |         |   
Round 2  |        |   A-C   |         |         |   
Round 3  |        |         |   A-D   |         |   
Round 4  |        |         |         |         |   
Round 5  |        |         |         |         |   
Round 6  |        |         |         |         |   
 
*****VOLGENDE ITERATIE*****
pairs: [B-C, B-D, C-D] & pairsUsed: [A-B, A-C, A-D]
doubles: [Ljava.lang.String;@6b96043 & doublesUsed: []
currentGame: 1 & prevGame: [0, 1, 2]
currentRound: 5 & prevRound: [0, 1, 2]
TEMPBOARD: 
         | Game 1 |  Game 2 |  Game 3 |  Game 4 |  
_________ ________ _________ _________ _________ 
Round 1  |  A-B   |         |         |         |   
Round 2  |        |   A-C   |         |         |   
Round 3  |        |         |   A-D   |         |   
Round 4  |        |         |         |         |   
Round 5  |        |         |         |         |   
Round 6  |        |         |         |         |   
 
*****VOLGENDE ITERATIE*****
pairs: [B-C, B-D, C-D] & pairsUsed: [A-B, A-C, A-D]
doubles: [Ljava.lang.String;@6b96043 & doublesUsed: []
currentGame: 1 & prevGame: [0, 1, 2]
currentRound: 6 & prevRound: [0, 1, 2]
TEMPBOARD: 
         | Game 1 |  Game 2 |  Game 3 |  Game 4 |  
_________ ________ _________ _________ _________ 
Round 1  |  A-B   |         |         |         |   
Round 2  |        |   A-C   |         |         |   
Round 3  |        |         |   A-D   |         |   
Round 4  |        |         |         |         |   
Round 5  |        |         |         |         |   
Round 6  |        |         |         |         |   
 
*****VOLGENDE ITERATIE*****
pairs: [B-C, B-D, C-D] & pairsUsed: [A-B, A-C, A-D]
doubles: [Ljava.lang.String;@6b96043 & doublesUsed: []
currentGame: 2 & prevGame: [0, 1, 2]
currentRound: 0 & prevRound: [0, 1, 2]
TEMPBOARD: 
         | Game 1 |  Game 2 |  Game 3 |  Game 4 |  
_________ ________ _________ _________ _________ 
Round 1  |  A-B   |         |         |         |   
Round 2  |        |   A-C   |         |         |   
Round 3  |        |         |   A-D   |         |   
Round 4  |        |         |         |         |   
Round 5  |        |         |         |         |   
Round 6  |        |         |         |         |   
 
*****VOLGENDE ITERATIE*****
pairs: [B-C, B-D, C-D] & pairsUsed: [A-B, A-C, A-D]
doubles: [Ljava.lang.String;@6b96043 & doublesUsed: []
currentGame: 2 & prevGame: [0, 1, 2]
currentRound: 1 & prevRound: [0, 1, 2]
TEMPBOARD: 
         | Game 1 |  Game 2 |  Game 3 |  Game 4 |  
_________ ________ _________ _________ _________ 
Round 1  |  A-B   |         |         |         |   
Round 2  |        |   A-C   |         |         |   
Round 3  |        |         |   A-D   |         |   
Round 4  |        |         |         |         |   
Round 5  |        |         |         |         |   
Round 6  |        |         |         |         |   
 
*****VOLGENDE ITERATIE*****
pairs: [B-C, B-D, C-D] & pairsUsed: [A-B, A-C, A-D]
doubles: [Ljava.lang.String;@6b96043 & doublesUsed: []
currentGame: 2 & prevGame: [0, 1, 2]
currentRound: 2 & prevRound: [0, 1, 2]
TEMPBOARD: 
         | Game 1 |  Game 2 |  Game 3 |  Game 4 |  
_________ ________ _________ _________ _________ 
Round 1  |  A-B   |         |         |         |   
Round 2  |        |   A-C   |         |         |   
Round 3  |        |         |   A-D   |         |   
Round 4  |        |         |         |         |   
Round 5  |        |         |         |         |   
Round 6  |        |         |         |         |   
 
*****VOLGENDE ITERATIE*****
pairs: [B-C, B-D, C-D] & pairsUsed: [A-B, A-C, A-D]
doubles: [Ljava.lang.String;@6b96043 & doublesUsed: []
currentGame: 2 & prevGame: [0, 1, 2]
currentRound: 3 & prevRound: [0, 1, 2]
TEMPBOARD: 
         | Game 1 |  Game 2 |  Game 3 |  Game 4 |  
_________ ________ _________ _________ _________ 
Round 1  |  A-B   |         |         |         |   
Round 2  |        |   A-C   |         |         |   
Round 3  |        |         |   A-D   |         |   
Round 4  |        |         |         |         |   
Round 5  |        |         |         |         |   
Round 6  |        |         |         |         |   
 
*****VOLGENDE ITERATIE*****
pairs: [B-D, C-D] & pairsUsed: [A-B, A-C, A-D, B-C]
doubles: [Ljava.lang.String;@6b96043 & doublesUsed: []
currentGame: 0 & prevGame: [0, 1, 2, 2]
currentRound: 0 & prevRound: [0, 1, 2, 3]
TEMPBOARD: 
         | Game 1 |  Game 2 |  Game 3 |  Game 4 |  
_________ ________ _________ _________ _________ 
Round 1  |  A-B   |         |         |         |   
Round 2  |        |   A-C   |         |         |   
Round 3  |        |         |   A-D   |         |   
Round 4  |        |         |   B-C   |         |   
Round 5  |        |         |         |         |   
Round 6  |        |         |         |         |   
 
*****VOLGENDE ITERATIE*****
pairs: [B-D, C-D] & pairsUsed: [A-B, A-C, A-D, B-C]
doubles: [Ljava.lang.String;@6b96043 & doublesUsed: []
currentGame: 0 & prevGame: [0, 1, 2, 2]
currentRound: 1 & prevRound: [0, 1, 2, 3]
TEMPBOARD: 
         | Game 1 |  Game 2 |  Game 3 |  Game 4 |  
_________ ________ _________ _________ _________ 
Round 1  |  A-B   |         |         |         |   
Round 2  |        |   A-C   |         |         |   
Round 3  |        |         |   A-D   |         |   
Round 4  |        |         |   B-C   |         |   
Round 5  |        |         |         |         |   
Round 6  |        |         |         |         |   
 
*****VOLGENDE ITERATIE*****
pairs: [B-D, C-D] & pairsUsed: [A-B, A-C, A-D, B-C]
doubles: [Ljava.lang.String;@6b96043 & doublesUsed: []
currentGame: 0 & prevGame: [0, 1, 2, 2]
currentRound: 2 & prevRound: [0, 1, 2, 3]
TEMPBOARD: 
         | Game 1 |  Game 2 |  Game 3 |  Game 4 |  
_________ ________ _________ _________ _________ 
Round 1  |  A-B   |         |         |         |   
Round 2  |        |   A-C   |         |         |   
Round 3  |        |         |   A-D   |         |   
Round 4  |        |         |   B-C   |         |   
Round 5  |        |         |         |         |   
Round 6  |        |         |         |         |   
 
*****VOLGENDE ITERATIE*****
pairs: [B-D, C-D] & pairsUsed: [A-B, A-C, A-D, B-C]
doubles: [Ljava.lang.String;@6b96043 & doublesUsed: []
currentGame: 0 & prevGame: [0, 1, 2, 2]
currentRound: 3 & prevRound: [0, 1, 2, 3]
TEMPBOARD: 
         | Game 1 |  Game 2 |  Game 3 |  Game 4 |  
_________ ________ _________ _________ _________ 
Round 1  |  A-B   |         |         |         |   
Round 2  |        |   A-C   |         |         |   
Round 3  |        |         |   A-D   |         |   
Round 4  |        |         |   B-C   |         |   
Round 5  |        |         |         |         |   
Round 6  |        |         |         |         |   
 
*****VOLGENDE ITERATIE*****
pairs: [B-D, C-D] & pairsUsed: [A-B, A-C, A-D, B-C]
doubles: [Ljava.lang.String;@6b96043 & doublesUsed: []
currentGame: 0 & prevGame: [0, 1, 2, 2]
currentRound: 4 & prevRound: [0, 1, 2, 3]
TEMPBOARD: 
         | Game 1 |  Game 2 |  Game 3 |  Game 4 |  
_________ ________ _________ _________ _________ 
Round 1  |  A-B   |         |         |         |   
Round 2  |        |   A-C   |         |         |   
Round 3  |        |         |   A-D   |         |   
Round 4  |        |         |   B-C   |         |   
Round 5  |        |         |         |         |   
Round 6  |        |         |         |         |   
 
*****VOLGENDE ITERATIE*****
pairs: [B-D, C-D] & pairsUsed: [A-B, A-C, A-D, B-C]
doubles: [Ljava.lang.String;@6b96043 & doublesUsed: []
currentGame: 0 & prevGame: [0, 1, 2, 2]
currentRound: 5 & prevRound: [0, 1, 2, 3]
TEMPBOARD: 
         | Game 1 |  Game 2 |  Game 3 |  Game 4 |  
_________ ________ _________ _________ _________ 
Round 1  |  A-B   |         |         |         |   
Round 2  |        |   A-C   |         |         |   
Round 3  |        |         |   A-D   |         |   
Round 4  |        |         |   B-C   |         |   
Round 5  |        |         |         |         |   
Round 6  |        |         |         |         |   
 
*****VOLGENDE ITERATIE*****
pairs: [B-D, C-D] & pairsUsed: [A-B, A-C, A-D, B-C]
doubles: [Ljava.lang.String;@6b96043 & doublesUsed: []
currentGame: 0 & prevGame: [0, 1, 2, 2]
currentRound: 6 & prevRound: [0, 1, 2, 3]
TEMPBOARD: 
         | Game 1 |  Game 2 |  Game 3 |  Game 4 |  
_________ ________ _________ _________ _________ 
Round 1  |  A-B   |         |         |         |   
Round 2  |        |   A-C   |         |         |   
Round 3  |        |         |   A-D   |         |   
Round 4  |        |         |   B-C   |         |   
Round 5  |        |         |         |         |   
Round 6  |        |         |         |         |   
 
*****VOLGENDE ITERATIE*****
pairs: [B-D, C-D] & pairsUsed: [A-B, A-C, A-D, B-C]
doubles: [Ljava.lang.String;@6b96043 & doublesUsed: []
currentGame: 1 & prevGame: [0, 1, 2, 2]
currentRound: 0 & prevRound: [0, 1, 2, 3]
TEMPBOARD: 
         | Game 1 |  Game 2 |  Game 3 |  Game 4 |  
_________ ________ _________ _________ _________ 
Round 1  |  A-B   |         |         |         |   
Round 2  |        |   A-C   |         |         |   
Round 3  |        |         |   A-D   |         |   
Round 4  |        |         |   B-C   |         |   
Round 5  |        |         |         |         |   
Round 6  |        |         |         |         |   
 
*****VOLGENDE ITERATIE*****
pairs: [B-D, C-D] & pairsUsed: [A-B, A-C, A-D, B-C]
doubles: [Ljava.lang.String;@6b96043 & doublesUsed: []
currentGame: 1 & prevGame: [0, 1, 2, 2]
currentRound: 1 & prevRound: [0, 1, 2, 3]
TEMPBOARD: 
         | Game 1 |  Game 2 |  Game 3 |  Game 4 |  
_________ ________ _________ _________ _________ 
Round 1  |  A-B   |         |         |         |   
Round 2  |        |   A-C   |         |         |   
Round 3  |        |         |   A-D   |         |   
Round 4  |        |         |   B-C   |         |   
Round 5  |        |         |         |         |   
Round 6  |        |         |         |         |   
 
*****VOLGENDE ITERATIE*****
pairs: [B-D, C-D] & pairsUsed: [A-B, A-C, A-D, B-C]
doubles: [Ljava.lang.String;@6b96043 & doublesUsed: []
currentGame: 1 & prevGame: [0, 1, 2, 2]
currentRound: 2 & prevRound: [0, 1, 2, 3]
TEMPBOARD: 
         | Game 1 |  Game 2 |  Game 3 |  Game 4 |  
_________ ________ _________ _________ _________ 
Round 1  |  A-B   |         |         |         |   
Round 2  |        |   A-C   |         |         |   
Round 3  |        |         |   A-D   |         |   
Round 4  |        |         |   B-C   |         |   
Round 5  |        |         |         |         |   
Round 6  |        |         |         |         |   
 
*****VOLGENDE ITERATIE*****
pairs: [B-D, C-D] & pairsUsed: [A-B, A-C, A-D, B-C]
doubles: [Ljava.lang.String;@6b96043 & doublesUsed: []
currentGame: 1 & prevGame: [0, 1, 2, 2]
currentRound: 3 & prevRound: [0, 1, 2, 3]
TEMPBOARD: 
         | Game 1 |  Game 2 |  Game 3 |  Game 4 |  
_________ ________ _________ _________ _________ 
Round 1  |  A-B   |         |         |         |   
Round 2  |        |   A-C   |         |         |   
Round 3  |        |         |   A-D   |         |   
Round 4  |        |         |   B-C   |         |   
Round 5  |        |         |         |         |   
Round 6  |        |         |         |         |   
 
*****VOLGENDE ITERATIE*****
pairs: [B-D, C-D] & pairsUsed: [A-B, A-C, A-D, B-C]
doubles: [Ljava.lang.String;@6b96043 & doublesUsed: []
currentGame: 1 & prevGame: [0, 1, 2, 2]
currentRound: 4 & prevRound: [0, 1, 2, 3]
TEMPBOARD: 
         | Game 1 |  Game 2 |  Game 3 |  Game 4 |  
_________ ________ _________ _________ _________ 
Round 1  |  A-B   |         |         |         |   
Round 2  |        |   A-C   |         |         |   
Round 3  |        |         |   A-D   |         |   
Round 4  |        |         |   B-C   |         |   
Round 5  |        |         |         |         |   
Round 6  |        |         |         |         |   
 
*****VOLGENDE ITERATIE*****
pairs: [C-D] & pairsUsed: [A-B, A-C, A-D, B-C, B-D]
doubles: [Ljava.lang.String;@6b96043 & doublesUsed: []
currentGame: 0 & prevGame: [0, 1, 2, 2, 1]
currentRound: 0 & prevRound: [0, 1, 2, 3, 4]
TEMPBOARD: 
         | Game 1 |  Game 2 |  Game 3 |  Game 4 |  
_________ ________ _________ _________ _________ 
Round 1  |  A-B   |         |         |         |   
Round 2  |        |   A-C   |         |         |   
Round 3  |        |         |   A-D   |         |   
Round 4  |        |         |   B-C   |         |   
Round 5  |        |   B-D   |         |         |   
Round 6  |        |         |         |         |   
 
*****VOLGENDE ITERATIE*****
pairs: [C-D] & pairsUsed: [A-B, A-C, A-D, B-C, B-D]
doubles: [Ljava.lang.String;@6b96043 & doublesUsed: []
currentGame: 0 & prevGame: [0, 1, 2, 2, 1]
currentRound: 1 & prevRound: [0, 1, 2, 3, 4]
TEMPBOARD: 
         | Game 1 |  Game 2 |  Game 3 |  Game 4 |  
_________ ________ _________ _________ _________ 
Round 1  |  A-B   |         |         |         |   
Round 2  |        |   A-C   |         |         |   
Round 3  |        |         |   A-D   |         |   
Round 4  |        |         |   B-C   |         |   
Round 5  |        |   B-D   |         |         |   
Round 6  |        |         |         |         |   
 
*****VOLGENDE ITERATIE*****
pairs: [C-D] & pairsUsed: [A-B, A-C, A-D, B-C, B-D]
doubles: [Ljava.lang.String;@6b96043 & doublesUsed: []
currentGame: 0 & prevGame: [0, 1, 2, 2, 1]
currentRound: 2 & prevRound: [0, 1, 2, 3, 4]
TEMPBOARD: 
         | Game 1 |  Game 2 |  Game 3 |  Game 4 |  
_________ ________ _________ _________ _________ 
Round 1  |  A-B   |         |         |         |   
Round 2  |        |   A-C   |         |         |   
Round 3  |        |         |   A-D   |         |   
Round 4  |        |         |   B-C   |         |   
Round 5  |        |   B-D   |         |         |   
Round 6  |        |         |         |         |   
 
*****VOLGENDE ITERATIE*****
pairs: [C-D] & pairsUsed: [A-B, A-C, A-D, B-C, B-D]
doubles: [Ljava.lang.String;@6b96043 & doublesUsed: []
currentGame: 0 & prevGame: [0, 1, 2, 2, 1]
currentRound: 3 & prevRound: [0, 1, 2, 3, 4]
TEMPBOARD: 
         | Game 1 |  Game 2 |  Game 3 |  Game 4 |  
_________ ________ _________ _________ _________ 
Round 1  |  A-B   |         |         |         |   
Round 2  |        |   A-C   |         |         |   
Round 3  |        |         |   A-D   |         |   
Round 4  |        |         |   B-C   |         |   
Round 5  |        |   B-D   |         |         |   
Round 6  |        |         |         |         |   
 
*****VOLGENDE ITERATIE*****
pairs: [C-D] & pairsUsed: [A-B, A-C, A-D, B-C, B-D]
doubles: [Ljava.lang.String;@6b96043 & doublesUsed: []
currentGame: 0 & prevGame: [0, 1, 2, 2, 1]
currentRound: 4 & prevRound: [0, 1, 2, 3, 4]
TEMPBOARD: 
         | Game 1 |  Game 2 |  Game 3 |  Game 4 |  
_________ ________ _________ _________ _________ 
Round 1  |  A-B   |         |         |         |   
Round 2  |        |   A-C   |         |         |   
Round 3  |        |         |   A-D   |         |   
Round 4  |        |         |   B-C   |         |   
Round 5  |        |   B-D   |         |         |   
Round 6  |        |         |         |         |   
 
*****VOLGENDE ITERATIE*****
pairs: [C-D] & pairsUsed: [A-B, A-C, A-D, B-C, B-D]
doubles: [Ljava.lang.String;@6b96043 & doublesUsed: []
currentGame: 0 & prevGame: [0, 1, 2, 2, 1]
currentRound: 5 & prevRound: [0, 1, 2, 3, 4]
TEMPBOARD: 
         | Game 1 |  Game 2 |  Game 3 |  Game 4 |  
_________ ________ _________ _________ _________ 
Round 1  |  A-B   |         |         |         |   
Round 2  |        |   A-C   |         |         |   
Round 3  |        |         |   A-D   |         |   
Round 4  |        |         |   B-C   |         |   
Round 5  |        |   B-D   |         |         |   
Round 6  |        |         |         |         |   
 
*****VOLGENDE ITERATIE*****
pairs: [] & pairsUsed: [A-B, A-C, A-D, B-C, B-D, C-D]
doubles: [Ljava.lang.String;@6b96043 & doublesUsed: []
currentGame: 0 & prevGame: [0, 1, 2, 2, 1, 0]
currentRound: 0 & prevRound: [0, 1, 2, 3, 4, 5]
TEMPBOARD: 
         | Game 1 |  Game 2 |  Game 3 |  Game 4 |  
_________ ________ _________ _________ _________ 
Round 1  |  A-B   |         |         |         |   
Round 2  |        |   A-C   |         |         |   
Round 3  |        |         |   A-D   |         |   
Round 4  |        |         |   B-C   |         |   
Round 5  |        |   B-D   |         |         |   
Round 6  |  C-D   |         |         |         |   
]]></system-out>
  <system-err><![CDATA[]]></system-err>
</testsuite>
