<?xml version="1.0" encoding="UTF-8"?>
<testsuite name="algoritmen.KoninginnenprobleemTests" tests="6" skipped="0" failures="0" errors="0" timestamp="2020-03-13T16:16:53" hostname="SurfacePro4ArneDuyver" time="0.044">
  <properties/>
  <testcase name="nQueens_2_Leeg" classname="algoritmen.KoninginnenprobleemTests" time="0.0"/>
  <testcase name="nQueens_3_Leeg" classname="algoritmen.KoninginnenprobleemTests" time="0.007"/>
  <testcase name="nQueens_1_1" classname="algoritmen.KoninginnenprobleemTests" time="0.003"/>
  <testcase name="isVeilig_rij5_136_False" classname="algoritmen.KoninginnenprobleemTests" time="0.001"/>
  <testcase name="isVeilig_rij4_136_False" classname="algoritmen.KoninginnenprobleemTests" time="0.001"/>
  <testcase name="isVeilig_rij2_136_True" classname="algoritmen.KoninginnenprobleemTests" time="0.0"/>
  <system-out><![CDATA[]]></system-out>
  <system-err><![CDATA[]]></system-err>
</testsuite>
