<?xml version="1.0" encoding="UTF-8"?>
<testsuite name="tdd.PeriodeTests" tests="3" skipped="0" failures="0" errors="0" timestamp="2020-03-13T16:16:53" hostname="SurfacePro4ArneDuyver" time="0.082">
  <properties/>
  <testcase name="isInPeriode_invoerDatumNull_throwsException" classname="tdd.PeriodeTests" time="0.032"/>
  <testcase name="isInPeriode_datumLigtVoorStart_false" classname="tdd.PeriodeTests" time="0.032"/>
  <testcase name="isInPeriode_datumLigtInPeriode_true" classname="tdd.PeriodeTests" time="0.013"/>
  <system-out><![CDATA[]]></system-out>
  <system-err><![CDATA[]]></system-err>
</testsuite>
