<?xml version="1.0" encoding="UTF-8"?>
<testsuite name="algoritmen.TaakPloegenIndelingTests" tests="48" skipped="0" failures="1" errors="0" timestamp="2020-04-13T13:39:33" hostname="SurfacePro4ArneDuyver" time="1.427">
  <properties/>
  <testcase name="allTeamsInEveryGame_4teams3games1doubles6rounds_false" classname="algoritmen.TaakPloegenIndelingTests" time="0.008"/>
  <testcase name="canPairGoThisRound_SameInRound2_false" classname="algoritmen.TaakPloegenIndelingTests" time="0.0"/>
  <testcase name="getPairs_0_EMPTY" classname="algoritmen.TaakPloegenIndelingTests" time="0.0"/>
  <testcase name="getTeamsFromPair_YlineZ_YandZ" classname="algoritmen.TaakPloegenIndelingTests" time="0.0"/>
  <testcase name="spelverdeling_0Ploegen_throwsException" classname="algoritmen.TaakPloegenIndelingTests" time="0.0"/>
  <testcase name="allTeamsInEveryGame_2teams2games1doubles2rounds_false" classname="algoritmen.TaakPloegenIndelingTests" time="0.0"/>
  <testcase name="getPairs_6_AllUniqueCombABCDEF" classname="algoritmen.TaakPloegenIndelingTests" time="0.001"/>
  <testcase name="canPairGoThisGame_SameInGame1_false" classname="algoritmen.TaakPloegenIndelingTests" time="0.0"/>
  <testcase name="alreadyPairHere_1_1_false" classname="algoritmen.TaakPloegenIndelingTests" time="0.0"/>
  <testcase name="allTeamsInEveryGame_2teams2games2doubles2rounds_true" classname="algoritmen.TaakPloegenIndelingTests" time="0.0"/>
  <testcase name="getPairs_2_AlineB" classname="algoritmen.TaakPloegenIndelingTests" time="0.0"/>
  <testcase name="spelverdeling_4_3_1_6_NotOptionalEmpty" classname="algoritmen.TaakPloegenIndelingTests" time="0.191"/>
  <testcase name="getPairs_1_InvalidInputException" classname="algoritmen.TaakPloegenIndelingTests" time="0.001"/>
  <testcase name="canPairGoThisRound_NoneInRound_true" classname="algoritmen.TaakPloegenIndelingTests" time="0.0"/>
  <testcase name="allTeamsInEveryGame_2teams1games1doubles1rounds_true" classname="algoritmen.TaakPloegenIndelingTests" time="0.0"/>
  <testcase name="canPairGoThisRound_SameInRound3_false" classname="algoritmen.TaakPloegenIndelingTests" time="0.003"/>
  <testcase name="spelverdeling_2_1_2_1_NotOptionalEmpty" classname="algoritmen.TaakPloegenIndelingTests" time="0.001"/>
  <testcase name="allTeamsInEveryGame_2teams1games1doubles2rounds_true" classname="algoritmen.TaakPloegenIndelingTests" time="0.0"/>
  <testcase name="getPairs_27_InvalidInputException" classname="algoritmen.TaakPloegenIndelingTests" time="0.0"/>
  <testcase name="canPairGoThisGame_NoneInGame1_true" classname="algoritmen.TaakPloegenIndelingTests" time="0.001"/>
  <testcase name="canPairGoThisGame_NoneInGame2_true" classname="algoritmen.TaakPloegenIndelingTests" time="0.0"/>
  <testcase name="canPairGoThisGame_NoneInGame3_true" classname="algoritmen.TaakPloegenIndelingTests" time="0.001"/>
  <testcase name="spelverdeling_2_1_1_1_NotOptionalEmpty" classname="algoritmen.TaakPloegenIndelingTests" time="0.001"/>
  <testcase name="canPairGoThisGame_SameInGame2_false" classname="algoritmen.TaakPloegenIndelingTests" time="0.0"/>
  <testcase name="alreadyPairHere_2_2_true" classname="algoritmen.TaakPloegenIndelingTests" time="0.0"/>
  <testcase name="getTeamsFromPair_AlineB_AandB" classname="algoritmen.TaakPloegenIndelingTests" time="0.001"/>
  <testcase name="getTeams_26_ABCDEFGHIJKLMNOPQRSTUVWXYZ" classname="algoritmen.TaakPloegenIndelingTests" time="0.001"/>
  <testcase name="getTeams_1_A" classname="algoritmen.TaakPloegenIndelingTests" time="0.0"/>
  <testcase name="canPairGoThisRound_NoneInRound1_true" classname="algoritmen.TaakPloegenIndelingTests" time="0.0"/>
  <testcase name="getTeams_4_ABCD" classname="algoritmen.TaakPloegenIndelingTests" time="0.0"/>
  <testcase name="canPairGoThisRound_NoneInRound2_true" classname="algoritmen.TaakPloegenIndelingTests" time="0.0"/>
  <testcase name="allTeamsInEveryGame_4teams3games1doubles6rounds_true" classname="algoritmen.TaakPloegenIndelingTests" time="0.0"/>
  <testcase name="getTeams_0_EMPTY" classname="algoritmen.TaakPloegenIndelingTests" time="0.001"/>
  <testcase name="canPairGoThisRound_OtherInRound_true" classname="algoritmen.TaakPloegenIndelingTests" time="0.0"/>
  <testcase name="spelverdeling_2_2_2_2_NotOptionalEmpty" classname="algoritmen.TaakPloegenIndelingTests" time="0.002"/>
  <testcase name="canPairGoThisGame_OtherInGame1_true" classname="algoritmen.TaakPloegenIndelingTests" time="0.0"/>
  <testcase name="canPairGoThisGame_OtherInGame2_true" classname="algoritmen.TaakPloegenIndelingTests" time="0.0"/>
  <testcase name="spelverdeling_neg1rondes_throwsException" classname="algoritmen.TaakPloegenIndelingTests" time="0.0"/>
  <testcase name="spelverdeling_0dubbels_throwsException" classname="algoritmen.TaakPloegenIndelingTests" time="0.001"/>
  <testcase name="spelverdeling_2_2_1_1_OptionalEmpty" classname="algoritmen.TaakPloegenIndelingTests" time="0.002"/>
  <testcase name="canPairGoThisRound_OtherInRound1_true" classname="algoritmen.TaakPloegenIndelingTests" time="0.0"/>
  <testcase name="spelverdeling_4_4_2_6_NotOptionalEmpty" classname="algoritmen.TaakPloegenIndelingTests" time="1.168">
    <failure message="java.lang.StackOverflowError" type="java.lang.StackOverflowError">java.lang.StackOverflowError
	at java.base/java.lang.invoke.VarHandleGuards.guard_LL_V(VarHandleGuards.java:49)
	at java.base/java.util.concurrent.locks.AbstractQueuedSynchronizer$Node.&lt;init&gt;(AbstractQueuedSynchronizer.java:522)
	at java.base/java.util.concurrent.locks.AbstractQueuedSynchronizer.addWaiter(AbstractQueuedSynchronizer.java:651)
	at java.base/java.util.concurrent.locks.AbstractQueuedSynchronizer.acquire(AbstractQueuedSynchronizer.java:1240)
	at java.base/java.util.concurrent.locks.ReentrantLock.lock(ReentrantLock.java:267)
	at org.gradle.internal.remote.internal.hub.MessageHub$ChannelDispatch.dispatch(MessageHub.java:361)
	at org.gradle.internal.dispatch.ProxyDispatchAdapter$DispatchingInvocationHandler.invoke(ProxyDispatchAdapter.java:93)
	at com.sun.proxy.$Proxy3.output(Unknown Source)
	at org.gradle.api.internal.tasks.testing.processors.TestOutputRedirector$Forwarder.onOutput(TestOutputRedirector.java:75)
	at org.gradle.api.internal.tasks.testing.processors.DefaultStandardOutputRedirector$WriteAction.text(DefaultStandardOutputRedirector.java:89)
	at org.gradle.internal.io.LineBufferingOutputStream.flush(LineBufferingOutputStream.java:95)
	at org.gradle.internal.io.LineBufferingOutputStream.write(LineBufferingOutputStream.java:80)
	at java.base/java.io.OutputStream.write(OutputStream.java:157)
	at java.base/java.io.PrintStream.write(PrintStream.java:559)
	at java.base/sun.nio.cs.StreamEncoder.writeBytes(StreamEncoder.java:233)
	at java.base/sun.nio.cs.StreamEncoder.implFlushBuffer(StreamEncoder.java:312)
	at java.base/sun.nio.cs.StreamEncoder.flushBuffer(StreamEncoder.java:104)
	at java.base/java.io.OutputStreamWriter.flushBuffer(OutputStreamWriter.java:184)
	at java.base/java.io.PrintStream.newLine(PrintStream.java:625)
	at java.base/java.io.PrintStream.println(PrintStream.java:883)
	at org.gradle.internal.io.LinePerThreadBufferingOutputStream.println(LinePerThreadBufferingOutputStream.java:203)
	at algoritmen.TaakPloegenIndeling.solveSpelverdeling(TaakPloegenIndeling.java:49)
	at algoritmen.TaakPloegenIndeling.solveSpelverdeling(TaakPloegenIndeling.java:111)
	at algoritmen.TaakPloegenIndeling.solveSpelverdeling(TaakPloegenIndeling.java:106)
	at algoritmen.TaakPloegenIndeling.solveSpelverdeling(TaakPloegenIndeling.java:111)
	at algoritmen.TaakPloegenIndeling.solveSpelverdeling(TaakPloegenIndeling.java:111)
	at algoritmen.TaakPloegenIndeling.solveSpelverdeling(TaakPloegenIndeling.java:111)
	at algoritmen.TaakPloegenIndeling.solveSpelverdeling(TaakPloegenIndeling.java:111)
	at algoritmen.TaakPloegenIndeling.solveSpelverdeling(TaakPloegenIndeling.java:111)
	at algoritmen.TaakPloegenIndeling.solveSpelverdeling(TaakPloegenIndeling.java:111)
	at algoritmen.TaakPloegenIndeling.solveSpelverdeling(TaakPloegenIndeling.java:106)
	at algoritmen.TaakPloegenIndeling.solveSpelverdeling(TaakPloegenIndeling.java:111)
	at algoritmen.TaakPloegenIndeling.solveSpelverdeling(TaakPloegenIndeling.java:111)
	at algoritmen.TaakPloegenIndeling.solveSpelverdeling(TaakPloegenIndeling.java:111)
	at algoritmen.TaakPloegenIndeling.solveSpelverdeling(TaakPloegenIndeling.java:111)
	at algoritmen.TaakPloegenIndeling.solveSpelverdeling(TaakPloegenIndeling.java:111)
	at algoritmen.TaakPloegenIndeling.solveSpelverdeling(TaakPloegenIndeling.java:111)
	at algoritmen.TaakPloegenIndeling.solveSpelverdeling(TaakPloegenIndeling.java:106)
	at algoritmen.TaakPloegenIndeling.solveSpelverdeling(TaakPloegenIndeling.java:111)
	at algoritmen.TaakPloegenIndeling.solveSpelverdeling(TaakPloegenIndeling.java:111)
	at algoritmen.TaakPloegenIndeling.solveSpelverdeling(TaakPloegenIndeling.java:111)
	at algoritmen.TaakPloegenIndeling.solveSpelverdeling(TaakPloegenIndeling.java:111)
	at algoritmen.TaakPloegenIndeling.solveSpelverdeling(TaakPloegenIndeling.java:111)
	at algoritmen.TaakPloegenIndeling.solveSpelverdeling(TaakPloegenIndeling.java:111)
	at algoritmen.TaakPloegenIndeling.solveSpelverdeling(TaakPloegenIndeling.java:131)
	at algoritmen.TaakPloegenIndeling.solveSpelverdeling(TaakPloegenIndeling.java:100)
	at algoritmen.TaakPloegenIndeling.solveSpelverdeling(TaakPloegenIndeling.java:106)
	at algoritmen.TaakPloegenIndeling.solveSpelverdeling(TaakPloegenIndeling.java:111)
	at algoritmen.TaakPloegenIndeling.solveSpelverdeling(TaakPloegenIndeling.java:111)
	at algoritmen.TaakPloegenIndeling.solveSpelverdeling(TaakPloegenIndeling.java:111)
	at algoritmen.TaakPloegenIndeling.solveSpelverdeling(TaakPloegenIndeling.java:111)
	at algoritmen.TaakPloegenIndeling.solveSpelverdeling(TaakPloegenIndeling.java:111)
	at algoritmen.TaakPloegenIndeling.solveSpelverdeling(TaakPloegenIndeling.java:111)
	at algoritmen.TaakPloegenIndeling.solveSpelverdeling(TaakPloegenIndeling.java:106)
	at algoritmen.TaakPloegenIndeling.solveSpelverdeling(TaakPloegenIndeling.java:111)
	at algoritmen.TaakPloegenIndeling.solveSpelverdeling(TaakPloegenIndeling.java:111)
	at algoritmen.TaakPloegenIndeling.solveSpelverdeling(TaakPloegenIndeling.java:111)
	at algoritmen.TaakPloegenIndeling.solveSpelverdeling(TaakPloegenIndeling.java:111)
	at algoritmen.TaakPloegenIndeling.solveSpelverdeling(TaakPloegenIndeling.java:111)
	at algoritmen.TaakPloegenIndeling.solveSpelverdeling(TaakPloegenIndeling.java:111)
	at algoritmen.TaakPloegenIndeling.solveSpelverdeling(TaakPloegenIndeling.java:106)
	at algoritmen.TaakPloegenIndeling.solveSpelverdeling(TaakPloegenIndeling.java:111)
	at algoritmen.TaakPloegenIndeling.solveSpelverdeling(TaakPloegenIndeling.java:111)
	at algoritmen.TaakPloegenIndeling.solveSpelverdeling(TaakPloegenIndeling.java:111)
	at algoritmen.TaakPloegenIndeling.solveSpelverdeling(TaakPloegenIndeling.java:111)
	at algoritmen.TaakPloegenIndeling.solveSpelverdeling(TaakPloegenIndeling.java:111)
	at algoritmen.TaakPloegenIndeling.solveSpelverdeling(TaakPloegenIndeling.java:111)
	at algoritmen.TaakPloegenIndeling.solveSpelverdeling(TaakPloegenIndeling.java:106)
	at algoritmen.TaakPloegenIndeling.solveSpelverdeling(TaakPloegenIndeling.java:111)
	at algoritmen.TaakPloegenIndeling.solveSpelverdeling(TaakPloegenIndeling.java:111)
	at algoritmen.TaakPloegenIndeling.solveSpelverdeling(TaakPloegenIndeling.java:111)
	at algoritmen.TaakPloegenIndeling.solveSpelverdeling(TaakPloegenIndeling.java:111)
	at algoritmen.TaakPloegenIndeling.solveSpelverdeling(TaakPloegenIndeling.java:111)
	at algoritmen.TaakPloegenIndeling.solveSpelverdeling(TaakPloegenIndeling.java:111)
	at algoritmen.TaakPloegenIndeling.solveSpelverdeling(TaakPloegenIndeling.java:131)
	at algoritmen.TaakPloegenIndeling.solveSpelverdeling(TaakPloegenIndeling.java:135)
	at algoritmen.TaakPloegenIndeling.solveSpelverdeling(TaakPloegenIndeling.java:135)
	at algoritmen.TaakPloegenIndeling.solveSpelverdeling(TaakPloegenIndeling.java:135)
	at algoritmen.TaakPloegenIndeling.solveSpelverdeling(TaakPloegenIndeling.java:131)
	at algoritmen.TaakPloegenIndeling.solveSpelverdeling(TaakPloegenIndeling.java:135)
	at algoritmen.TaakPloegenIndeling.solveSpelverdeling(TaakPloegenIndeling.java:106)
	at algoritmen.TaakPloegenIndeling.solveSpelverdeling(TaakPloegenIndeling.java:111)
	at algoritmen.TaakPloegenIndeling.solveSpelverdeling(TaakPloegenIndeling.java:111)
	at algoritmen.TaakPloegenIndeling.solveSpelverdeling(TaakPloegenIndeling.java:111)
	at algoritmen.TaakPloegenIndeling.solveSpelverdeling(TaakPloegenIndeling.java:111)
	at algoritmen.TaakPloegenIndeling.solveSpelverdeling(TaakPloegenIndeling.java:111)
	at algoritmen.TaakPloegenIndeling.solveSpelverdeling(TaakPloegenIndeling.java:111)
	at algoritmen.TaakPloegenIndeling.solveSpelverdeling(TaakPloegenIndeling.java:106)
	at algoritmen.TaakPloegenIndeling.solveSpelverdeling(TaakPloegenIndeling.java:135)
	at algoritmen.TaakPloegenIndeling.solveSpelverdeling(TaakPloegenIndeling.java:100)
	at algoritmen.TaakPloegenIndeling.solveSpelverdeling(TaakPloegenIndeling.java:106)
	at algoritmen.TaakPloegenIndeling.solveSpelverdeling(TaakPloegenIndeling.java:135)
	at algoritmen.TaakPloegenIndeling.solveSpelverdeling(TaakPloegenIndeling.java:135)
	at algoritmen.TaakPloegenIndeling.solveSpelverdeling(TaakPloegenIndeling.java:100)
	at algoritmen.TaakPloegenIndeling.solveSpelverdeling(TaakPloegenIndeling.java:106)
	at algoritmen.TaakPloegenIndeling.solveSpelverdeling(TaakPloegenIndeling.java:135)
	at algoritmen.TaakPloegenIndeling.solveSpelverdeling(TaakPloegenIndeling.java:135)
	at algoritmen.TaakPloegenIndeling.solveSpelverdeling(TaakPloegenIndeling.java:135)
	at algoritmen.TaakPloegenIndeling.solveSpelverdeling(TaakPloegenIndeling.java:135)
	at algoritmen.TaakPloegenIndeling.solveSpelverdeling(TaakPloegenIndeling.java:135)
	at algoritmen.TaakPloegenIndeling.solveSpelverdeling(TaakPloegenIndeling.java:135)
	at algoritmen.TaakPloegenIndeling.solveSpelverdeling(TaakPloegenIndeling.java:106)
	at algoritmen.TaakPloegenIndeling.solveSpelverdeling(TaakPloegenIndeling.java:111)
	at algoritmen.TaakPloegenIndeling.solveSpelverdeling(TaakPloegenIndeling.java:111)
	at algoritmen.TaakPloegenIndeling.solveSpelverdeling(TaakPloegenIndeling.java:111)
	at algoritmen.TaakPloegenIndeling.solveSpelverdeling(TaakPloegenIndeling.java:111)
	at algoritmen.TaakPloegenIndeling.solveSpelverdeling(TaakPloegenIndeling.java:111)
	at algoritmen.TaakPloegenIndeling.solveSpelverdeling(TaakPloegenIndeling.java:111)
	at algoritmen.TaakPloegenIndeling.solveSpelverdeling(TaakPloegenIndeling.java:106)
	at algoritmen.TaakPloegenIndeling.solveSpelverdeling(TaakPloegenIndeling.java:111)
	at algoritmen.TaakPloegenIndeling.solveSpelverdeling(TaakPloegenIndeling.java:111)
	at algoritmen.TaakPloegenIndeling.solveSpelverdeling(TaakPloegenIndeling.java:111)
	at algoritmen.TaakPloegenIndeling.solveSpelverdeling(TaakPloegenIndeling.java:111)
	at algoritmen.TaakPloegenIndeling.solveSpelverdeling(TaakPloegenIndeling.java:111)
	at algoritmen.TaakPloegenIndeling.solveSpelverdeling(TaakPloegenIndeling.java:111)
	at algoritmen.TaakPloegenIndeling.solveSpelverdeling(TaakPloegenIndeling.java:106)
	at algoritmen.TaakPloegenIndeling.solveSpelverdeling(TaakPloegenIndeling.java:111)
	at algoritmen.TaakPloegenIndeling.solveSpelverdeling(TaakPloegenIndeling.java:111)
	at algoritmen.TaakPloegenIndeling.solveSpelverdeling(TaakPloegenIndeling.java:111)
	at algoritmen.TaakPloegenIndeling.solveSpelverdeling(TaakPloegenIndeling.java:111)
	at algoritmen.TaakPloegenIndeling.solveSpelverdeling(TaakPloegenIndeling.java:111)
	at algoritmen.TaakPloegenIndeling.solveSpelverdeling(TaakPloegenIndeling.java:111)
	at algoritmen.TaakPloegenIndeling.solveSpelverdeling(TaakPloegenIndeling.java:131)
	at algoritmen.TaakPloegenIndeling.solveSpelverdeling(TaakPloegenIndeling.java:135)
	at algoritmen.TaakPloegenIndeling.solveSpelverdeling(TaakPloegenIndeling.java:135)
	at algoritmen.TaakPloegenIndeling.solveSpelverdeling(TaakPloegenIndeling.java:100)
	at algoritmen.TaakPloegenIndeling.solveSpelverdeling(TaakPloegenIndeling.java:106)
	at algoritmen.TaakPloegenIndeling.solveSpelverdeling(TaakPloegenIndeling.java:135)
	at algoritmen.TaakPloegenIndeling.solveSpelverdeling(TaakPloegenIndeling.java:135)
	at algoritmen.TaakPloegenIndeling.solveSpelverdeling(TaakPloegenIndeling.java:100)
	at algoritmen.TaakPloegenIndeling.solveSpelverdeling(TaakPloegenIndeling.java:106)
	at algoritmen.TaakPloegenIndeling.solveSpelverdeling(TaakPloegenIndeling.java:111)
	at algoritmen.TaakPloegenIndeling.solveSpelverdeling(TaakPloegenIndeling.java:111)
	at algoritmen.TaakPloegenIndeling.solveSpelverdeling(TaakPloegenIndeling.java:111)
	at algoritmen.TaakPloegenIndeling.solveSpelverdeling(TaakPloegenIndeling.java:111)
	at algoritmen.TaakPloegenIndeling.solveSpelverdeling(TaakPloegenIndeling.java:111)
	at algoritmen.TaakPloegenIndeling.solveSpelverdeling(TaakPloegenIndeling.java:111)
	at algoritmen.TaakPloegenIndeling.solveSpelverdeling(TaakPloegenIndeling.java:106)
	at algoritmen.TaakPloegenIndeling.solveSpelverdeling(TaakPloegenIndeling.java:111)
	at algoritmen.TaakPloegenIndeling.solveSpelverdeling(TaakPloegenIndeling.java:111)
	at algoritmen.TaakPloegenIndeling.solveSpelverdeling(TaakPloegenIndeling.java:111)
	at algoritmen.TaakPloegenIndeling.solveSpelverdeling(TaakPloegenIndeling.java:111)
	at algoritmen.TaakPloegenIndeling.solveSpelverdeling(TaakPloegenIndeling.java:111)
	at algoritmen.TaakPloegenIndeling.solveSpelverdeling(TaakPloegenIndeling.java:111)
	at algoritmen.TaakPloegenIndeling.solveSpelverdeling(TaakPloegenIndeling.java:106)
	at algoritmen.TaakPloegenIndeling.solveSpelverdeling(TaakPloegenIndeling.java:111)
	at algoritmen.TaakPloegenIndeling.solveSpelverdeling(TaakPloegenIndeling.java:111)
	at algoritmen.TaakPloegenIndeling.solveSpelverdeling(TaakPloegenIndeling.java:111)
	at algoritmen.TaakPloegenIndeling.solveSpelverdeling(TaakPloegenIndeling.java:111)
	at algoritmen.TaakPloegenIndeling.solveSpelverdeling(TaakPloegenIndeling.java:111)
	at algoritmen.TaakPloegenIndeling.solveSpelverdeling(TaakPloegenIndeling.java:111)
	at algoritmen.TaakPloegenIndeling.solveSpelverdeling(TaakPloegenIndeling.java:106)
	at algoritmen.TaakPloegenIndeling.solveSpelverdeling(TaakPloegenIndeling.java:111)
	at algoritmen.TaakPloegenIndeling.solveSpelverdeling(TaakPloegenIndeling.java:111)
	at algoritmen.TaakPloegenIndeling.solveSpelverdeling(TaakPloegenIndeling.java:111)
	at algoritmen.TaakPloegenIndeling.solveSpelverdeling(TaakPloegenIndeling.java:111)
	at algoritmen.TaakPloegenIndeling.solveSpelverdeling(TaakPloegenIndeling.java:111)
	at algoritmen.TaakPloegenIndeling.solveSpelverdeling(TaakPloegenIndeling.java:111)
	at algoritmen.TaakPloegenIndeling.solveSpelverdeling(TaakPloegenIndeling.java:131)
	at algoritmen.TaakPloegenIndeling.solveSpelverdeling(TaakPloegenIndeling.java:135)
	at algoritmen.TaakPloegenIndeling.solveSpelverdeling(TaakPloegenIndeling.java:135)
	at algoritmen.TaakPloegenIndeling.solveSpelverdeling(TaakPloegenIndeling.java:135)
	at algoritmen.TaakPloegenIndeling.solveSpelverdeling(TaakPloegenIndeling.java:106)
	at algoritmen.TaakPloegenIndeling.solveSpelverdeling(TaakPloegenIndeling.java:111)
	at algoritmen.TaakPloegenIndeling.solveSpelverdeling(TaakPloegenIndeling.java:111)
	at algoritmen.TaakPloegenIndeling.solveSpelverdeling(TaakPloegenIndeling.java:111)
	at algoritmen.TaakPloegenIndeling.solveSpelverdeling(TaakPloegenIndeling.java:111)
	at algoritmen.TaakPloegenIndeling.solveSpelverdeling(TaakPloegenIndeling.java:111)
	at algoritmen.TaakPloegenIndeling.solveSpelverdeling(TaakPloegenIndeling.java:111)
	at algoritmen.TaakPloegenIndeling.solveSpelverdeling(TaakPloegenIndeling.java:106)
	at algoritmen.TaakPloegenIndeling.solveSpelverdeling(TaakPloegenIndeling.java:111)
	at algoritmen.TaakPloegenIndeling.solveSpelverdeling(TaakPloegenIndeling.java:111)
	at algoritmen.TaakPloegenIndeling.solveSpelverdeling(TaakPloegenIndeling.java:111)
	at algoritmen.TaakPloegenIndeling.solveSpelverdeling(TaakPloegenIndeling.java:111)
	at algoritmen.TaakPloegenIndeling.solveSpelverdeling(TaakPloegenIndeling.java:111)
	at algoritmen.TaakPloegenIndeling.solveSpelverdeling(TaakPloegenIndeling.java:111)
	at algoritmen.TaakPloegenIndeling.solveSpelverdeling(TaakPloegenIndeling.java:106)
	at algoritmen.TaakPloegenIndeling.solveSpelverdeling(TaakPloegenIndeling.java:111)
	at algoritmen.TaakPloegenIndeling.solveSpelverdeling(TaakPloegenIndeling.java:111)
	at algoritmen.TaakPloegenIndeling.solveSpelverdeling(TaakPloegenIndeling.java:111)
	at algoritmen.TaakPloegenIndeling.solveSpelverdeling(TaakPloegenIndeling.java:111)
	at algoritmen.TaakPloegenIndeling.solveSpelverdeling(TaakPloegenIndeling.java:111)
	at algoritmen.TaakPloegenIndeling.solveSpelverdeling(TaakPloegenIndeling.java:111)
	at algoritmen.TaakPloegenIndeling.solveSpelverdeling(TaakPloegenIndeling.java:131)
	at algoritmen.TaakPloegenIndeling.solveSpelverdeling(TaakPloegenIndeling.java:106)
	at algoritmen.TaakPloegenIndeling.solveSpelverdeling(TaakPloegenIndeling.java:111)
	at algoritmen.TaakPloegenIndeling.solveSpelverdeling(TaakPloegenIndeling.java:111)
	at algoritmen.TaakPloegenIndeling.solveSpelverdeling(TaakPloegenIndeling.java:111)
	at algoritmen.TaakPloegenIndeling.solveSpelverdeling(TaakPloegenIndeling.java:111)
	at algoritmen.TaakPloegenIndeling.solveSpelverdeling(TaakPloegenIndeling.java:111)
	at algoritmen.TaakPloegenIndeling.solveSpelverdeling(TaakPloegenIndeling.java:111)
	at algoritmen.TaakPloegenIndeling.solveSpelverdeling(TaakPloegenIndeling.java:106)
	at algoritmen.TaakPloegenIndeling.solveSpelverdeling(TaakPloegenIndeling.java:111)
	at algoritmen.TaakPloegenIndeling.solveSpelverdeling(TaakPloegenIndeling.java:111)
	at algoritmen.TaakPloegenIndeling.solveSpelverdeling(TaakPloegenIndeling.java:111)
	at algoritmen.TaakPloegenIndeling.solveSpelverdeling(TaakPloegenIndeling.java:111)
	at algoritmen.TaakPloegenIndeling.solveSpelverdeling(TaakPloegenIndeling.java:111)
	at algoritmen.TaakPloegenIndeling.solveSpelverdeling(TaakPloegenIndeling.java:111)
	at algoritmen.TaakPloegenIndeling.solveSpelverdeling(TaakPloegenIndeling.java:106)
	at algoritmen.TaakPloegenIndeling.solveSpelverdeling(TaakPloegenIndeling.java:135)
	at algoritmen.TaakPloegenIndeling.solveSpelverdeling(TaakPloegenIndeling.java:135)
	at algoritmen.TaakPloegenIndeling.solveSpelverdeling(TaakPloegenIndeling.java:100)
	at algoritmen.TaakPloegenIndeling.solveSpelverdeling(TaakPloegenIndeling.java:106)
	at algoritmen.TaakPloegenIndeling.solveSpelverdeling(TaakPloegenIndeling.java:135)
	at algoritmen.TaakPloegenIndeling.solveSpelverdeling(TaakPloegenIndeling.java:135)
	at algoritmen.TaakPloegenIndeling.solveSpelverdeling(TaakPloegenIndeling.java:100)
	at algoritmen.TaakPloegenIndeling.solveSpelverdeling(TaakPloegenIndeling.java:106)
	at algoritmen.TaakPloegenIndeling.solveSpelverdeling(TaakPloegenIndeling.java:111)
	at algoritmen.TaakPloegenIndeling.solveSpelverdeling(TaakPloegenIndeling.java:111)
	at algoritmen.TaakPloegenIndeling.solveSpelverdeling(TaakPloegenIndeling.java:111)
	at algoritmen.TaakPloegenIndeling.solveSpelverdeling(TaakPloegenIndeling.java:111)
	at algoritmen.TaakPloegenIndeling.solveSpelverdeling(TaakPloegenIndeling.java:111)
	at algoritmen.TaakPloegenIndeling.solveSpelverdeling(TaakPloegenIndeling.java:111)
	at algoritmen.TaakPloegenIndeling.solveSpelverdeling(TaakPloegenIndeling.java:106)
	at algoritmen.TaakPloegenIndeling.solveSpelverdeling(TaakPloegenIndeling.java:111)
	at algoritmen.TaakPloegenIndeling.solveSpelverdeling(TaakPloegenIndeling.java:111)
	at algoritmen.TaakPloegenIndeling.solveSpelverdeling(TaakPloegenIndeling.java:111)
	at algoritmen.TaakPloegenIndeling.solveSpelverdeling(TaakPloegenIndeling.java:111)
	at algoritmen.TaakPloegenIndeling.solveSpelverdeling(TaakPloegenIndeling.java:111)
	at algoritmen.TaakPloegenIndeling.solveSpelverdeling(TaakPloegenIndeling.java:111)
	at algoritmen.TaakPloegenIndeling.solveSpelverdeling(TaakPloegenIndeling.java:106)
	at algoritmen.TaakPloegenIndeling.solveSpelverdeling(TaakPloegenIndeling.java:111)
	at algoritmen.TaakPloegenIndeling.solveSpelverdeling(TaakPloegenIndeling.java:111)
	at algoritmen.TaakPloegenIndeling.solveSpelverdeling(TaakPloegenIndeling.java:111)
	at algoritmen.TaakPloegenIndeling.solveSpelverdeling(TaakPloegenIndeling.java:111)
	at algoritmen.TaakPloegenIndeling.solveSpelverdeling(TaakPloegenIndeling.java:111)
	at algoritmen.TaakPloegenIndeling.solveSpelverdeling(TaakPloegenIndeling.java:111)
	at algoritmen.TaakPloegenIndeling.solveSpelverdeling(TaakPloegenIndeling.java:106)
	at algoritmen.TaakPloegenIndeling.solveSpelverdeling(TaakPloegenIndeling.java:111)
	at algoritmen.TaakPloegenIndeling.solveSpelverdeling(TaakPloegenIndeling.java:111)
	at algoritmen.TaakPloegenIndeling.solveSpelverdeling(TaakPloegenIndeling.java:111)
	at algoritmen.TaakPloegenIndeling.solveSpelverdeling(TaakPloegenIndeling.java:111)
	at algoritmen.TaakPloegenIndeling.solveSpelverdeling(TaakPloegenIndeling.java:111)
	at algoritmen.TaakPloegenIndeling.solveSpelverdeling(TaakPloegenIndeling.java:111)
	at algoritmen.TaakPloegenIndeling.solveSpelverdeling(TaakPloegenIndeling.java:131)
	at algoritmen.TaakPloegenIndeling.solveSpelverdeling(TaakPloegenIndeling.java:135)
	at algoritmen.TaakPloegenIndeling.solveSpelverdeling(TaakPloegenIndeling.java:135)
	at algoritmen.TaakPloegenIndeling.solveSpelverdeling(TaakPloegenIndeling.java:135)
	at algoritmen.TaakPloegenIndeling.solveSpelverdeling(TaakPloegenIndeling.java:106)
	at algoritmen.TaakPloegenIndeling.solveSpelverdeling(TaakPloegenIndeling.java:111)
	at algoritmen.TaakPloegenIndeling.solveSpelverdeling(TaakPloegenIndeling.java:111)
	at algoritmen.TaakPloegenIndeling.solveSpelverdeling(TaakPloegenIndeling.java:111)
	at algoritmen.TaakPloegenIndeling.solveSpelverdeling(TaakPloegenIndeling.java:111)
	at algoritmen.TaakPloegenIndeling.solveSpelverdeling(TaakPloegenIndeling.java:111)
	at algoritmen.TaakPloegenIndeling.solveSpelverdeling(TaakPloegenIndeling.java:111)
	at algoritmen.TaakPloegenIndeling.solveSpelverdeling(TaakPloegenIndeling.java:106)
	at algoritmen.TaakPloegenIndeling.solveSpelverdeling(TaakPloegenIndeling.java:111)
	at algoritmen.TaakPloegenIndeling.solveSpelverdeling(TaakPloegenIndeling.java:111)
	at algoritmen.TaakPloegenIndeling.solveSpelverdeling(TaakPloegenIndeling.java:111)
	at algoritmen.TaakPloegenIndeling.solveSpelverdeling(TaakPloegenIndeling.java:111)
	at algoritmen.TaakPloegenIndeling.solveSpelverdeling(TaakPloegenIndeling.java:111)
	at algoritmen.TaakPloegenIndeling.solveSpelverdeling(TaakPloegenIndeling.java:111)
	at algoritmen.TaakPloegenIndeling.solveSpelverdeling(TaakPloegenIndeling.java:106)
	at algoritmen.TaakPloegenIndeling.solveSpelverdeling(TaakPloegenIndeling.java:111)
	at algoritmen.TaakPloegenIndeling.solveSpelverdeling(TaakPloegenIndeling.java:111)
	at algoritmen.TaakPloegenIndeling.solveSpelverdeling(TaakPloegenIndeling.java:111)
	at algoritmen.TaakPloegenIndeling.solveSpelverdeling(TaakPloegenIndeling.java:111)
	at algoritmen.TaakPloegenIndeling.solveSpelverdeling(TaakPloegenIndeling.java:111)
	at algoritmen.TaakPloegenIndeling.solveSpelverdeling(TaakPloegenIndeling.java:111)
	at algoritmen.TaakPloegenIndeling.solveSpelverdeling(TaakPloegenIndeling.java:131)
	at algoritmen.TaakPloegenIndeling.solveSpelverdeling(TaakPloegenIndeling.java:135)
	at algoritmen.TaakPloegenIndeling.solveSpelverdeling(TaakPloegenIndeling.java:135)
	at algoritmen.TaakPloegenIndeling.solveSpelverdeling(TaakPloegenIndeling.java:135)
	at algoritmen.TaakPloegenIndeling.solveSpelverdeling(TaakPloegenIndeling.java:131)
	at algoritmen.TaakPloegenIndeling.solveSpelverdeling(TaakPloegenIndeling.java:100)
	at algoritmen.TaakPloegenIndeling.solveSpelverdeling(TaakPloegenIndeling.java:106)
	at algoritmen.TaakPloegenIndeling.solveSpelverdeling(TaakPloegenIndeling.java:135)
	at algoritmen.TaakPloegenIndeling.solveSpelverdeling(TaakPloegenIndeling.java:100)
	at algoritmen.TaakPloegenIndeling.solveSpelverdeling(TaakPloegenIndeling.java:106)
	at algoritmen.TaakPloegenIndeling.solveSpelverdeling(TaakPloegenIndeling.java:135)
	at algoritmen.TaakPloegenIndeling.solveSpelverdeling(TaakPloegenIndeling.java:135)
	at algoritmen.TaakPloegenIndeling.solveSpelverdeling(TaakPloegenIndeling.java:135)
	at algoritmen.TaakPloegenIndeling.solveSpelverdeling(TaakPloegenIndeling.java:135)
	at algoritmen.TaakPloegenIndeling.solveSpelverdeling(TaakPloegenIndeling.java:135)
	at algoritmen.TaakPloegenIndeling.solveSpelverdeling(TaakPloegenIndeling.java:135)
	at algoritmen.TaakPloegenIndeling.solveSpelverdeling(TaakPloegenIndeling.java:106)
	at algoritmen.TaakPloegenIndeling.solveSpelverdeling(TaakPloegenIndeling.java:111)
	at algoritmen.TaakPloegenIndeling.solveSpelverdeling(TaakPloegenIndeling.java:111)
	at algoritmen.TaakPloegenIndeling.solveSpelverdeling(TaakPloegenIndeling.java:111)
	at algoritmen.TaakPloegenIndeling.solveSpelverdeling(TaakPloegenIndeling.java:111)
	at algoritmen.TaakPloegenIndeling.solveSpelverdeling(TaakPloegenIndeling.java:111)
	at algoritmen.TaakPloegenIndeling.solveSpelverdeling(TaakPloegenIndeling.java:111)
	at algoritmen.TaakPloegenIndeling.solveSpelverdeling(TaakPloegenIndeling.java:106)
	at algoritmen.TaakPloegenIndeling.solveSpelverdeling(TaakPloegenIndeling.java:111)
	at algoritmen.TaakPloegenIndeling.solveSpelverdeling(TaakPloegenIndeling.java:111)
	at algoritmen.TaakPloegenIndeling.solveSpelverdeling(TaakPloegenIndeling.java:111)
	at algoritmen.TaakPloegenIndeling.solveSpelverdeling(TaakPloegenIndeling.java:111)
	at algoritmen.TaakPloegenIndeling.solveSpelverdeling(TaakPloegenIndeling.java:111)
	at algoritmen.TaakPloegenIndeling.solveSpelverdeling(TaakPloegenIndeling.java:111)
	at algoritmen.TaakPloegenIndeling.solveSpelverdeling(TaakPloegenIndeling.java:106)
	at algoritmen.TaakPloegenIndeling.solveSpelverdeling(TaakPloegenIndeling.java:111)
	at algoritmen.TaakPloegenIndeling.solveSpelverdeling(TaakPloegenIndeling.java:111)
	at algoritmen.TaakPloegenIndeling.solveSpelverdeling(TaakPloegenIndeling.java:111)
	at algoritmen.TaakPloegenIndeling.solveSpelverdeling(TaakPloegenIndeling.java:111)
	at algoritmen.TaakPloegenIndeling.solveSpelverdeling(TaakPloegenIndeling.java:111)
	at algoritmen.TaakPloegenIndeling.solveSpelverdeling(TaakPloegenIndeling.java:111)
	at algoritmen.TaakPloegenIndeling.solveSpelverdeling(TaakPloegenIndeling.java:131)
	at algoritmen.TaakPloegenIndeling.solveSpelverdeling(TaakPloegenIndeling.java:135)
	at algoritmen.TaakPloegenIndeling.solveSpelverdeling(TaakPloegenIndeling.java:135)
	at algoritmen.TaakPloegenIndeling.solveSpelverdeling(TaakPloegenIndeling.java:135)
	at algoritmen.TaakPloegenIndeling.solveSpelverdeling(TaakPloegenIndeling.java:100)
	at algoritmen.TaakPloegenIndeling.solveSpelverdeling(TaakPloegenIndeling.java:106)
	at algoritmen.TaakPloegenIndeling.solveSpelverdeling(TaakPloegenIndeling.java:135)
	at algoritmen.TaakPloegenIndeling.solveSpelverdeling(TaakPloegenIndeling.java:100)
	at algoritmen.TaakPloegenIndeling.solveSpelverdeling(TaakPloegenIndeling.java:106)
	at algoritmen.TaakPloegenIndeling.solveSpelverdeling(TaakPloegenIndeling.java:111)
	at algoritmen.TaakPloegenIndeling.solveSpelverdeling(TaakPloegenIndeling.java:111)
	at algoritmen.TaakPloegenIndeling.solveSpelverdeling(TaakPloegenIndeling.java:111)
	at algoritmen.TaakPloegenIndeling.solveSpelverdeling(TaakPloegenIndeling.java:111)
	at algoritmen.TaakPloegenIndeling.solveSpelverdeling(TaakPloegenIndeling.java:111)
	at algoritmen.TaakPloegenIndeling.solveSpelverdeling(TaakPloegenIndeling.java:111)
	at algoritmen.TaakPloegenIndeling.solveSpelverdeling(TaakPloegenIndeling.java:106)
	at algoritmen.TaakPloegenIndeling.solveSpelverdeling(TaakPloegenIndeling.java:111)
	at algoritmen.TaakPloegenIndeling.solveSpelverdeling(TaakPloegenIndeling.java:111)
	at algoritmen.TaakPloegenIndeling.solveSpelverdeling(TaakPloegenIndeling.java:111)
	at algoritmen.TaakPloegenIndeling.solveSpelverdeling(TaakPloegenIndeling.java:111)
	at algoritmen.TaakPloegenIndeling.solveSpelverdeling(TaakPloegenIndeling.java:111)
	at algoritmen.TaakPloegenIndeling.solveSpelverdeling(TaakPloegenIndeling.java:111)
	at algoritmen.TaakPloegenIndeling.solveSpelverdeling(TaakPloegenIndeling.java:106)
	at algoritmen.TaakPloegenIndeling.solveSpelverdeling(TaakPloegenIndeling.java:111)
	at algoritmen.TaakPloegenIndeling.solveSpelverdeling(TaakPloegenIndeling.java:111)
	at algoritmen.TaakPloegenIndeling.solveSpelverdeling(TaakPloegenIndeling.java:111)
	at algoritmen.TaakPloegenIndeling.solveSpelverdeling(TaakPloegenIndeling.java:111)
	at algoritmen.TaakPloegenIndeling.solveSpelverdeling(TaakPloegenIndeling.java:111)
	at algoritmen.TaakPloegenIndeling.solveSpelverdeling(TaakPloegenIndeling.java:111)
	at algoritmen.TaakPloegenIndeling.solveSpelverdeling(TaakPloegenIndeling.java:106)
	at algoritmen.TaakPloegenIndeling.solveSpelverdeling(TaakPloegenIndeling.java:111)
	at algoritmen.TaakPloegenIndeling.solveSpelverdeling(TaakPloegenIndeling.java:111)
	at algoritmen.TaakPloegenIndeling.solveSpelverdeling(TaakPloegenIndeling.java:111)
	at algoritmen.TaakPloegenIndeling.solveSpelverdeling(TaakPloegenIndeling.java:111)
	at algoritmen.TaakPloegenIndeling.solveSpelverdeling(TaakPloegenIndeling.java:111)
	at algoritmen.TaakPloegenIndeling.solveSpelverdeling(TaakPloegenIndeling.java:111)
	at algoritmen.TaakPloegenIndeling.solveSpelverdeling(TaakPloegenIndeling.java:131)
	at algoritmen.TaakPloegenIndeling.solveSpelverdeling(TaakPloegenIndeling.java:135)
	at algoritmen.TaakPloegenIndeling.solveSpelverdeling(TaakPloegenIndeling.java:135)
	at algoritmen.TaakPloegenIndeling.solveSpelverdeling(TaakPloegenIndeling.java:135)
	at algoritmen.TaakPloegenIndeling.solveSpelverdeling(TaakPloegenIndeling.java:135)
	at algoritmen.TaakPloegenIndeling.solveSpelverdeling(TaakPloegenIndeling.java:106)
	at algoritmen.TaakPloegenIndeling.solveSpelverdeling(TaakPloegenIndeling.java:111)
	at algoritmen.TaakPloegenIndeling.solveSpelverdeling(TaakPloegenIndeling.java:111)
	at algoritmen.TaakPloegenIndeling.solveSpelverdeling(TaakPloegenIndeling.java:111)
	at algoritmen.TaakPloegenIndeling.solveSpelverdeling(TaakPloegenIndeling.java:111)
	at algoritmen.TaakPloegenIndeling.solveSpelverdeling(TaakPloegenIndeling.java:111)
	at algoritmen.TaakPloegenIndeling.solveSpelverdeling(TaakPloegenIndeling.java:111)
	at algoritmen.TaakPloegenIndeling.solveSpelverdeling(TaakPloegenIndeling.java:106)
	at algoritmen.TaakPloegenIndeling.solveSpelverdeling(TaakPloegenIndeling.java:111)
	at algoritmen.TaakPloegenIndeling.solveSpelverdeling(TaakPloegenIndeling.java:111)
	at algoritmen.TaakPloegenIndeling.solveSpelverdeling(TaakPloegenIndeling.java:111)
	at algoritmen.TaakPloegenIndeling.solveSpelverdeling(TaakPloegenIndeling.java:111)
	at algoritmen.TaakPloegenIndeling.solveSpelverdeling(TaakPloegenIndeling.java:111)
	at algoritmen.TaakPloegenIndeling.solveSpelverdeling(TaakPloegenIndeling.java:111)
	at algoritmen.TaakPloegenIndeling.solveSpelverdeling(TaakPloegenIndeling.java:106)
	at algoritmen.TaakPloegenIndeling.solveSpelverdeling(TaakPloegenIndeling.java:111)
	at algoritmen.TaakPloegenIndeling.solveSpelverdeling(TaakPloegenIndeling.java:111)
	at algoritmen.TaakPloegenIndeling.solveSpelverdeling(TaakPloegenIndeling.java:111)
	at algoritmen.TaakPloegenIndeling.solveSpelverdeling(TaakPloegenIndeling.java:111)
	at algoritmen.TaakPloegenIndeling.solveSpelverdeling(TaakPloegenIndeling.java:111)
	at algoritmen.TaakPloegenIndeling.solveSpelverdeling(TaakPloegenIndeling.java:111)
	at algoritmen.TaakPloegenIndeling.solveSpelverdeling(TaakPloegenIndeling.java:131)
	at algoritmen.TaakPloegenIndeling.solveSpelverdeling(TaakPloegenIndeling.java:106)
	at algoritmen.TaakPloegenIndeling.solveSpelverdeling(TaakPloegenIndeling.java:111)
	at algoritmen.TaakPloegenIndeling.solveSpelverdeling(TaakPloegenIndeling.java:111)
	at algoritmen.TaakPloegenIndeling.solveSpelverdeling(TaakPloegenIndeling.java:111)
	at algoritmen.TaakPloegenIndeling.solveSpelverdeling(TaakPloegenIndeling.java:111)
	at algoritmen.TaakPloegenIndeling.solveSpelverdeling(TaakPloegenIndeling.java:111)
	at algoritmen.TaakPloegenIndeling.solveSpelverdeling(TaakPloegenIndeling.java:111)
	at algoritmen.TaakPloegenIndeling.solveSpelverdeling(TaakPloegenIndeling.java:106)
	at algoritmen.TaakPloegenIndeling.solveSpelverdeling(TaakPloegenIndeling.java:111)
	at algoritmen.TaakPloegenIndeling.solveSpelverdeling(TaakPloegenIndeling.java:111)
	at algoritmen.TaakPloegenIndeling.solveSpelverdeling(TaakPloegenIndeling.java:111)
	at algoritmen.TaakPloegenIndeling.solveSpelverdeling(TaakPloegenIndeling.java:111)
	at algoritmen.TaakPloegenIndeling.solveSpelverdeling(TaakPloegenIndeling.java:111)
	at algoritmen.TaakPloegenIndeling.solveSpelverdeling(TaakPloegenIndeling.java:111)
	at algoritmen.TaakPloegenIndeling.solveSpelverdeling(TaakPloegenIndeling.java:106)
	at algoritmen.TaakPloegenIndeling.solveSpelverdeling(TaakPloegenIndeling.java:135)
	at algoritmen.TaakPloegenIndeling.solveSpelverdeling(TaakPloegenIndeling.java:100)
	at algoritmen.TaakPloegenIndeling.solveSpelverdeling(TaakPloegenIndeling.java:106)
	at algoritmen.TaakPloegenIndeling.solveSpelverdeling(TaakPloegenIndeling.java:135)
	at algoritmen.TaakPloegenIndeling.solveSpelverdeling(TaakPloegenIndeling.java:100)
	at algoritmen.TaakPloegenIndeling.solveSpelverdeling(TaakPloegenIndeling.java:106)
	at algoritmen.TaakPloegenIndeling.solveSpelverdeling(TaakPloegenIndeling.java:111)
	at algoritmen.TaakPloegenIndeling.solveSpelverdeling(TaakPloegenIndeling.java:111)
	at algoritmen.TaakPloegenIndeling.solveSpelverdeling(TaakPloegenIndeling.java:111)
	at algoritmen.TaakPloegenIndeling.solveSpelverdeling(TaakPloegenIndeling.java:111)
	at algoritmen.TaakPloegenIndeling.solveSpelverdeling(TaakPloegenIndeling.java:111)
	at algoritmen.TaakPloegenIndeling.solveSpelverdeling(TaakPloegenIndeling.java:111)
	at algoritmen.TaakPloegenIndeling.solveSpelverdeling(TaakPloegenIndeling.java:106)
	at algoritmen.TaakPloegenIndeling.solveSpelverdeling(TaakPloegenIndeling.java:111)
	at algoritmen.TaakPloegenIndeling.solveSpelverdeling(TaakPloegenIndeling.java:111)
	at algoritmen.TaakPloegenIndeling.solveSpelverdeling(TaakPloegenIndeling.java:111)
	at algoritmen.TaakPloegenIndeling.solveSpelverdeling(TaakPloegenIndeling.java:111)
	at algoritmen.TaakPloegenIndeling.solveSpelverdeling(TaakPloegenIndeling.java:111)
	at algoritmen.TaakPloegenIndeling.solveSpelverdeling(TaakPloegenIndeling.java:111)
	at algoritmen.TaakPloegenIndeling.solveSpelverdeling(TaakPloegenIndeling.java:106)
	at algoritmen.TaakPloegenIndeling.solveSpelverdeling(TaakPloegenIndeling.java:111)
	at algoritmen.TaakPloegenIndeling.solveSpelverdeling(TaakPloegenIndeling.java:111)
	at algoritmen.TaakPloegenIndeling.solveSpelverdeling(TaakPloegenIndeling.java:111)
	at algoritmen.TaakPloegenIndeling.solveSpelverdeling(TaakPloegenIndeling.java:111)
	at algoritmen.TaakPloegenIndeling.solveSpelverdeling(TaakPloegenIndeling.java:111)
	at algoritmen.TaakPloegenIndeling.solveSpelverdeling(TaakPloegenIndeling.java:111)
	at algoritmen.TaakPloegenIndeling.solveSpelverdeling(TaakPloegenIndeling.java:106)
	at algoritmen.TaakPloegenIndeling.solveSpelverdeling(TaakPloegenIndeling.java:111)
	at algoritmen.TaakPloegenIndeling.solveSpelverdeling(TaakPloegenIndeling.java:111)
	at algoritmen.TaakPloegenIndeling.solveSpelverdeling(TaakPloegenIndeling.java:111)
	at algoritmen.TaakPloegenIndeling.solveSpelverdeling(TaakPloegenIndeling.java:111)
	at algoritmen.TaakPloegenIndeling.solveSpelverdeling(TaakPloegenIndeling.java:111)
	at algoritmen.TaakPloegenIndeling.solveSpelverdeling(TaakPloegenIndeling.java:111)
	at algoritmen.TaakPloegenIndeling.solveSpelverdeling(TaakPloegenIndeling.java:131)
	at algoritmen.TaakPloegenIndeling.solveSpelverdeling(TaakPloegenIndeling.java:135)
	at algoritmen.TaakPloegenIndeling.solveSpelverdeling(TaakPloegenIndeling.java:135)
	at algoritmen.TaakPloegenIndeling.solveSpelverdeling(TaakPloegenIndeling.java:135)
	at algoritmen.TaakPloegenIndeling.solveSpelverdeling(TaakPloegenIndeling.java:135)
	at algoritmen.TaakPloegenIndeling.solveSpelverdeling(TaakPloegenIndeling.java:106)
	at algoritmen.TaakPloegenIndeling.solveSpelverdeling(TaakPloegenIndeling.java:111)
	at algoritmen.TaakPloegenIndeling.solveSpelverdeling(TaakPloegenIndeling.java:111)
	at algoritmen.TaakPloegenIndeling.solveSpelverdeling(TaakPloegenIndeling.java:111)
	at algoritmen.TaakPloegenIndeling.solveSpelverdeling(TaakPloegenIndeling.java:111)
	at algoritmen.TaakPloegenIndeling.solveSpelverdeling(TaakPloegenIndeling.java:111)
	at algoritmen.TaakPloegenIndeling.solveSpelverdeling(TaakPloegenIndeling.java:111)
	at algoritmen.TaakPloegenIndeling.solveSpelverdeling(TaakPloegenIndeling.java:106)
	at algoritmen.TaakPloegenIndeling.solveSpelverdeling(TaakPloegenIndeling.java:111)
	at algoritmen.TaakPloegenIndeling.solveSpelverdeling(TaakPloegenIndeling.java:111)
	at algoritmen.TaakPloegenIndeling.solveSpelverdeling(TaakPloegenIndeling.java:111)
	at algoritmen.TaakPloegenIndeling.solveSpelverdeling(TaakPloegenIndeling.java:111)
	at algoritmen.TaakPloegenIndeling.solveSpelverdeling(TaakPloegenIndeling.java:111)
	at algoritmen.TaakPloegenIndeling.solveSpelverdeling(TaakPloegenIndeling.java:111)
	at algoritmen.TaakPloegenIndeling.solveSpelverdeling(TaakPloegenIndeling.java:106)
	at algoritmen.TaakPloegenIndeling.solveSpelverdeling(TaakPloegenIndeling.java:111)
	at algoritmen.TaakPloegenIndeling.solveSpelverdeling(TaakPloegenIndeling.java:111)
	at algoritmen.TaakPloegenIndeling.solveSpelverdeling(TaakPloegenIndeling.java:111)
	at algoritmen.TaakPloegenIndeling.solveSpelverdeling(TaakPloegenIndeling.java:111)
	at algoritmen.TaakPloegenIndeling.solveSpelverdeling(TaakPloegenIndeling.java:111)
	at algoritmen.TaakPloegenIndeling.solveSpelverdeling(TaakPloegenIndeling.java:111)
	at algoritmen.TaakPloegenIndeling.solveSpelverdeling(TaakPloegenIndeling.java:131)
	at algoritmen.TaakPloegenIndeling.solveSpelverdeling(TaakPloegenIndeling.java:135)
	at algoritmen.TaakPloegenIndeling.solveSpelverdeling(TaakPloegenIndeling.java:135)
	at algoritmen.TaakPloegenIndeling.solveSpelverdeling(TaakPloegenIndeling.java:135)
	at algoritmen.TaakPloegenIndeling.solveSpelverdeling(TaakPloegenIndeling.java:135)
	at algoritmen.TaakPloegenIndeling.solveSpelverdeling(TaakPloegenIndeling.java:131)
	at algoritmen.TaakPloegenIndeling.solveSpelverdeling(TaakPloegenIndeling.java:135)
	at algoritmen.TaakPloegenIndeling.solveSpelverdeling(TaakPloegenIndeling.java:135)
	at algoritmen.TaakPloegenIndeling.solveSpelverdeling(TaakPloegenIndeling.java:135)
	at algoritmen.TaakPloegenIndeling.solveSpelverdeling(TaakPloegenIndeling.java:106)
	at algoritmen.TaakPloegenIndeling.solveSpelverdeling(TaakPloegenIndeling.java:111)
	at algoritmen.TaakPloegenIndeling.solveSpelverdeling(TaakPloegenIndeling.java:111)
	at algoritmen.TaakPloegenIndeling.solveSpelverdeling(TaakPloegenIndeling.java:111)
	at algoritmen.TaakPloegenIndeling.solveSpelverdeling(TaakPloegenIndeling.java:111)
	at algoritmen.TaakPloegenIndeling.solveSpelverdeling(TaakPloegenIndeling.java:111)
	at algoritmen.TaakPloegenIndeling.solveSpelverdeling(TaakPloegenIndeling.java:111)
	at algoritmen.TaakPloegenIndeling.solveSpelverdeling(TaakPloegenIndeling.java:131)
	at algoritmen.TaakPloegenIndeling.solveSpelverdeling(TaakPloegenIndeling.java:100)
	at algoritmen.TaakPloegenIndeling.solveSpelverdeling(TaakPloegenIndeling.java:106)
	at algoritmen.TaakPloegenIndeling.solveSpelverdeling(TaakPloegenIndeling.java:100)
	at algoritmen.TaakPloegenIndeling.solveSpelverdeling(TaakPloegenIndeling.java:106)
	at algoritmen.TaakPloegenIndeling.solveSpelverdeling(TaakPloegenIndeling.java:111)
	at algoritmen.TaakPloegenIndeling.solveSpelverdeling(TaakPloegenIndeling.java:111)
	at algoritmen.TaakPloegenIndeling.solveSpelverdeling(TaakPloegenIndeling.java:111)
	at algoritmen.TaakPloegenIndeling.solveSpelverdeling(TaakPloegenIndeling.java:111)
	at algoritmen.TaakPloegenIndeling.solveSpelverdeling(TaakPloegenIndeling.java:111)
	at algoritmen.TaakPloegenIndeling.solveSpelverdeling(TaakPloegenIndeling.java:111)
	at algoritmen.TaakPloegenIndeling.solveSpelverdeling(TaakPloegenIndeling.java:106)
	at algoritmen.TaakPloegenIndeling.solveSpelverdeling(TaakPloegenIndeling.java:111)
	at algoritmen.TaakPloegenIndeling.solveSpelverdeling(TaakPloegenIndeling.java:111)
	at algoritmen.TaakPloegenIndeling.solveSpelverdeling(TaakPloegenIndeling.java:111)
	at algoritmen.TaakPloegenIndeling.solveSpelverdeling(TaakPloegenIndeling.java:111)
	at algoritmen.TaakPloegenIndeling.solveSpelverdeling(TaakPloegenIndeling.java:111)
	at algoritmen.TaakPloegenIndeling.solveSpelverdeling(TaakPloegenIndeling.java:111)
	at algoritmen.TaakPloegenIndeling.solveSpelverdeling(TaakPloegenIndeling.java:106)
	at algoritmen.TaakPloegenIndeling.solveSpelverdeling(TaakPloegenIndeling.java:111)
	at algoritmen.TaakPloegenIndeling.solveSpelverdeling(TaakPloegenIndeling.java:111)
	at algoritmen.TaakPloegenIndeling.solveSpelverdeling(TaakPloegenIndeling.java:111)
	at algoritmen.TaakPloegenIndeling.solveSpelverdeling(TaakPloegenIndeling.java:111)
	at algoritmen.TaakPloegenIndeling.solveSpelverdeling(TaakPloegenIndeling.java:111)
	at algoritmen.TaakPloegenIndeling.solveSpelverdeling(TaakPloegenIndeling.java:111)
	at algoritmen.TaakPloegenIndeling.solveSpelverdeling(TaakPloegenIndeling.java:106)
	at algoritmen.TaakPloegenIndeling.solveSpelverdeling(TaakPloegenIndeling.java:135)
	at algoritmen.TaakPloegenIndeling.solveSpelverdeling(TaakPloegenIndeling.java:135)
	at algoritmen.TaakPloegenIndeling.solveSpelverdeling(TaakPloegenIndeling.java:100)
	at algoritmen.TaakPloegenIndeling.solveSpelverdeling(TaakPloegenIndeling.java:106)
	at algoritmen.TaakPloegenIndeling.solveSpelverdeling(TaakPloegenIndeling.java:111)
	at algoritmen.TaakPloegenIndeling.solveSpelverdeling(TaakPloegenIndeling.java:111)
	at algoritmen.TaakPloegenIndeling.solveSpelverdeling(TaakPloegenIndeling.java:111)
	at algoritmen.TaakPloegenIndeling.solveSpelverdeling(TaakPloegenIndeling.java:111)
	at algoritmen.TaakPloegenIndeling.solveSpelverdeling(TaakPloegenIndeling.java:111)
	at algoritmen.TaakPloegenIndeling.solveSpelverdeling(TaakPloegenIndeling.java:111)
	at algoritmen.TaakPloegenIndeling.solveSpelverdeling(TaakPloegenIndeling.java:106)
	at algoritmen.TaakPloegenIndeling.solveSpelverdeling(TaakPloegenIndeling.java:111)
	at algoritmen.TaakPloegenIndeling.solveSpelverdeling(TaakPloegenIndeling.java:111)
	at algoritmen.TaakPloegenIndeling.solveSpelverdeling(TaakPloegenIndeling.java:111)
	at algoritmen.TaakPloegenIndeling.solveSpelverdeling(TaakPloegenIndeling.java:111)
	at algoritmen.TaakPloegenIndeling.solveSpelverdeling(TaakPloegenIndeling.java:111)
	at algoritmen.TaakPloegenIndeling.solveSpelverdeling(TaakPloegenIndeling.java:111)
	at algoritmen.TaakPloegenIndeling.solveSpelverdeling(TaakPloegenIndeling.java:106)
	at algoritmen.TaakPloegenIndeling.solveSpelverdeling(TaakPloegenIndeling.java:111)
	at algoritmen.TaakPloegenIndeling.solveSpelverdeling(TaakPloegenIndeling.java:111)
	at algoritmen.TaakPloegenIndeling.solveSpelverdeling(TaakPloegenIndeling.java:111)
	at algoritmen.TaakPloegenIndeling.solveSpelverdeling(TaakPloegenIndeling.java:111)
	at algoritmen.TaakPloegenIndeling.solveSpelverdeling(TaakPloegenIndeling.java:111)
	at algoritmen.TaakPloegenIndeling.solveSpelverdeling(TaakPloegenIndeling.java:111)
	at algoritmen.TaakPloegenIndeling.solveSpelverdeling(TaakPloegenIndeling.java:106)
	at algoritmen.TaakPloegenIndeling.solveSpelverdeling(TaakPloegenIndeling.java:111)
	at algoritmen.TaakPloegenIndeling.solveSpelverdeling(TaakPloegenIndeling.java:111)
	at algoritmen.TaakPloegenIndeling.solveSpelverdeling(TaakPloegenIndeling.java:111)
	at algoritmen.TaakPloegenIndeling.solveSpelverdeling(TaakPloegenIndeling.java:111)
	at algoritmen.TaakPloegenIndeling.solveSpelverdeling(TaakPloegenIndeling.java:111)
	at algoritmen.TaakPloegenIndeling.solveSpelverdeling(TaakPloegenIndeling.java:111)
	at algoritmen.TaakPloegenIndeling.solveSpelverdeling(TaakPloegenIndeling.java:131)
	at algoritmen.TaakPloegenIndeling.solveSpelverdeling(TaakPloegenIndeling.java:135)
	at algoritmen.TaakPloegenIndeling.solveSpelverdeling(TaakPloegenIndeling.java:135)
	at algoritmen.TaakPloegenIndeling.solveSpelverdeling(TaakPloegenIndeling.java:135)
	at algoritmen.TaakPloegenIndeling.solveSpelverdeling(TaakPloegenIndeling.java:131)
	at algoritmen.TaakPloegenIndeling.solveSpelverdeling(TaakPloegenIndeling.java:135)
	at algoritmen.TaakPloegenIndeling.solveSpelverdeling(TaakPloegenIndeling.java:100)
	at algoritmen.TaakPloegenIndeling.solveSpelverdeling(TaakPloegenIndeling.java:106)
	at algoritmen.TaakPloegenIndeling.solveSpelverdeling(TaakPloegenIndeling.java:111)
	at algoritmen.TaakPloegenIndeling.solveSpelverdeling(TaakPloegenIndeling.java:111)
	at algoritmen.TaakPloegenIndeling.solveSpelverdeling(TaakPloegenIndeling.java:111)
	at algoritmen.TaakPloegenIndeling.solveSpelverdeling(TaakPloegenIndeling.java:111)
	at algoritmen.TaakPloegenIndeling.solveSpelverdeling(TaakPloegenIndeling.java:111)
	at algoritmen.TaakPloegenIndeling.solveSpelverdeling(TaakPloegenIndeling.java:111)
	at algoritmen.TaakPloegenIndeling.solveSpelverdeling(TaakPloegenIndeling.java:106)
	at algoritmen.TaakPloegenIndeling.solveSpelverdeling(TaakPloegenIndeling.java:111)
	at algoritmen.TaakPloegenIndeling.solveSpelverdeling(TaakPloegenIndeling.java:111)
	at algoritmen.TaakPloegenIndeling.solveSpelverdeling(TaakPloegenIndeling.java:111)
	at algoritmen.TaakPloegenIndeling.solveSpelverdeling(TaakPloegenIndeling.java:111)
	at algoritmen.TaakPloegenIndeling.solveSpelverdeling(TaakPloegenIndeling.java:111)
	at algoritmen.TaakPloegenIndeling.solveSpelverdeling(TaakPloegenIndeling.java:111)
	at algoritmen.TaakPloegenIndeling.solveSpelverdeling(TaakPloegenIndeling.java:106)
	at algoritmen.TaakPloegenIndeling.solveSpelverdeling(TaakPloegenIndeling.java:111)
	at algoritmen.TaakPloegenIndeling.solveSpelverdeling(TaakPloegenIndeling.java:111)
	at algoritmen.TaakPloegenIndeling.solveSpelverdeling(TaakPloegenIndeling.java:111)
	at algoritmen.TaakPloegenIndeling.solveSpelverdeling(TaakPloegenIndeling.java:111)
	at algoritmen.TaakPloegenIndeling.solveSpelverdeling(TaakPloegenIndeling.java:111)
	at algoritmen.TaakPloegenIndeling.solveSpelverdeling(TaakPloegenIndeling.java:111)
	at algoritmen.TaakPloegenIndeling.solveSpelverdeling(TaakPloegenIndeling.java:106)
	at algoritmen.TaakPloegenIndeling.solveSpelverdeling(TaakPloegenIndeling.java:100)
	at algoritmen.TaakPloegenIndeling.solveSpelverdeling(TaakPloegenIndeling.java:106)
	at algoritmen.TaakPloegenIndeling.solveSpelverdeling(TaakPloegenIndeling.java:111)
	at algoritmen.TaakPloegenIndeling.solveSpelverdeling(TaakPloegenIndeling.java:111)
	at algoritmen.TaakPloegenIndeling.solveSpelverdeling(TaakPloegenIndeling.java:111)
	at algoritmen.TaakPloegenIndeling.solveSpelverdeling(TaakPloegenIndeling.java:111)
	at algoritmen.TaakPloegenIndeling.solveSpelverdeling(TaakPloegenIndeling.java:111)
	at algoritmen.TaakPloegenIndeling.solveSpelverdeling(TaakPloegenIndeling.java:111)
	at algoritmen.TaakPloegenIndeling.solveSpelverdeling(TaakPloegenIndeling.java:106)
	at algoritmen.TaakPloegenIndeling.solveSpelverdeling(TaakPloegenIndeling.java:111)
	at algoritmen.TaakPloegenIndeling.solveSpelverdeling(TaakPloegenIndeling.java:111)
	at algoritmen.TaakPloegenIndeling.solveSpelverdeling(TaakPloegenIndeling.java:111)
	at algoritmen.TaakPloegenIndeling.solveSpelverdeling(TaakPloegenIndeling.java:111)
	at algoritmen.TaakPloegenIndeling.solveSpelverdeling(TaakPloegenIndeling.java:111)
	at algoritmen.TaakPloegenIndeling.solveSpelverdeling(TaakPloegenIndeling.java:111)
	at algoritmen.TaakPloegenIndeling.solveSpelverdeling(TaakPloegenIndeling.java:106)
	at algoritmen.TaakPloegenIndeling.solveSpelverdeling(TaakPloegenIndeling.java:111)
	at algoritmen.TaakPloegenIndeling.solveSpelverdeling(TaakPloegenIndeling.java:111)
	at algoritmen.TaakPloegenIndeling.solveSpelverdeling(TaakPloegenIndeling.java:111)
	at algoritmen.TaakPloegenIndeling.solveSpelverdeling(TaakPloegenIndeling.java:111)
	at algoritmen.TaakPloegenIndeling.solveSpelverdeling(TaakPloegenIndeling.java:111)
	at algoritmen.TaakPloegenIndeling.solveSpelverdeling(TaakPloegenIndeling.java:111)
	at algoritmen.TaakPloegenIndeling.solveSpelverdeling(TaakPloegenIndeling.java:106)
	at algoritmen.TaakPloegenIndeling.solveSpelverdeling(TaakPloegenIndeling.java:111)
	at algoritmen.TaakPloegenIndeling.solveSpelverdeling(TaakPloegenIndeling.java:111)
	at algoritmen.TaakPloegenIndeling.solveSpelverdeling(TaakPloegenIndeling.java:111)
	at algoritmen.TaakPloegenIndeling.solveSpelverdeling(TaakPloegenIndeling.java:111)
	at algoritmen.TaakPloegenIndeling.solveSpelverdeling(TaakPloegenIndeling.java:111)
	at algoritmen.TaakPloegenIndeling.solveSpelverdeling(TaakPloegenIndeling.java:111)
	at algoritmen.TaakPloegenIndeling.solveSpelverdeling(TaakPloegenIndeling.java:131)
	at algoritmen.TaakPloegenIndeling.solveSpelverdeling(TaakPloegenIndeling.java:135)
	at algoritmen.TaakPloegenIndeling.solveSpelverdeling(TaakPloegenIndeling.java:135)
	at algoritmen.TaakPloegenIndeling.solveSpelverdeling(TaakPloegenIndeling.java:135)
	at algoritmen.TaakPloegenIndeling.solveSpelverdeling(TaakPloegenIndeling.java:135)
	at algoritmen.TaakPloegenIndeling.solveSpelverdeling(TaakPloegenIndeling.java:135)
	at algoritmen.TaakPloegenIndeling.solveSpelverdeling(TaakPloegenIndeling.java:131)
	at algoritmen.TaakPloegenIndeling.solveSpelverdeling(TaakPloegenIndeling.java:135)
	at algoritmen.TaakPloegenIndeling.solveSpelverdeling(TaakPloegenIndeling.java:100)
	at algoritmen.TaakPloegenIndeling.solveSpelverdeling(TaakPloegenIndeling.java:106)
	at algoritmen.TaakPloegenIndeling.solveSpelverdeling(TaakPloegenIndeling.java:111)
	at algoritmen.TaakPloegenIndeling.solveSpelverdeling(TaakPloegenIndeling.java:111)
	at algoritmen.TaakPloegenIndeling.solveSpelverdeling(TaakPloegenIndeling.java:111)
	at algoritmen.TaakPloegenIndeling.solveSpelverdeling(TaakPloegenIndeling.java:111)
	at algoritmen.TaakPloegenIndeling.solveSpelverdeling(TaakPloegenIndeling.java:111)
	at algoritmen.TaakPloegenIndeling.solveSpelverdeling(TaakPloegenIndeling.java:111)
	at algoritmen.TaakPloegenIndeling.solveSpelverdeling(TaakPloegenIndeling.java:106)
	at algoritmen.TaakPloegenIndeling.solveSpelverdeling(TaakPloegenIndeling.java:111)
	at algoritmen.TaakPloegenIndeling.solveSpelverdeling(TaakPloegenIndeling.java:111)
	at algoritmen.TaakPloegenIndeling.solveSpelverdeling(TaakPloegenIndeling.java:111)
	at algoritmen.TaakPloegenIndeling.solveSpelverdeling(TaakPloegenIndeling.java:111)
	at algoritmen.TaakPloegenIndeling.solveSpelverdeling(TaakPloegenIndeling.java:111)
	at algoritmen.TaakPloegenIndeling.solveSpelverdeling(TaakPloegenIndeling.java:111)
	at algoritmen.TaakPloegenIndeling.solveSpelverdeling(TaakPloegenIndeling.java:106)
	at algoritmen.TaakPloegenIndeling.solveSpelverdeling(TaakPloegenIndeling.java:111)
	at algoritmen.TaakPloegenIndeling.solveSpelverdeling(TaakPloegenIndeling.java:111)
	at algoritmen.TaakPloegenIndeling.solveSpelverdeling(TaakPloegenIndeling.java:111)
	at algoritmen.TaakPloegenIndeling.solveSpelverdeling(TaakPloegenIndeling.java:111)
	at algoritmen.TaakPloegenIndeling.solveSpelverdeling(TaakPloegenIndeling.java:111)
	at algoritmen.TaakPloegenIndeling.solveSpelverdeling(TaakPloegenIndeling.java:111)
	at algoritmen.TaakPloegenIndeling.solveSpelverdeling(TaakPloegenIndeling.java:106)
	at algoritmen.TaakPloegenIndeling.solveSpelverdeling(TaakPloegenIndeling.java:100)
	at algoritmen.TaakPloegenIndeling.solveSpelverdeling(TaakPloegenIndeling.java:106)
	at algoritmen.TaakPloegenIndeling.solveSpelverdeling(TaakPloegenIndeling.java:111)
	at algoritmen.TaakPloegenIndeling.solveSpelverdeling(TaakPloegenIndeling.java:111)
	at algoritmen.TaakPloegenIndeling.solveSpelverdeling(TaakPloegenIndeling.java:111)
	at algoritmen.TaakPloegenIndeling.solveSpelverdeling(TaakPloegenIndeling.java:111)
	at algoritmen.TaakPloegenIndeling.solveSpelverdeling(TaakPloegenIndeling.java:111)
	at algoritmen.TaakPloegenIndeling.solveSpelverdeling(TaakPloegenIndeling.java:111)
	at algoritmen.TaakPloegenIndeling.solveSpelverdeling(TaakPloegenIndeling.java:106)
	at algoritmen.TaakPloegenIndeling.solveSpelverdeling(TaakPloegenIndeling.java:111)
	at algoritmen.TaakPloegenIndeling.solveSpelverdeling(TaakPloegenIndeling.java:111)
	at algoritmen.TaakPloegenIndeling.solveSpelverdeling(TaakPloegenIndeling.java:111)
	at algoritmen.TaakPloegenIndeling.solveSpelverdeling(TaakPloegenIndeling.java:111)
	at algoritmen.TaakPloegenIndeling.solveSpelverdeling(TaakPloegenIndeling.java:111)
	at algoritmen.TaakPloegenIndeling.solveSpelverdeling(TaakPloegenIndeling.java:111)
	at algoritmen.TaakPloegenIndeling.solveSpelverdeling(TaakPloegenIndeling.java:106)
	at algoritmen.TaakPloegenIndeling.solveSpelverdeling(TaakPloegenIndeling.java:111)
	at algoritmen.TaakPloegenIndeling.solveSpelverdeling(TaakPloegenIndeling.java:111)
	at algoritmen.TaakPloegenIndeling.solveSpelverdeling(TaakPloegenIndeling.java:111)
	at algoritmen.TaakPloegenIndeling.solveSpelverdeling(TaakPloegenIndeling.java:111)
	at algoritmen.TaakPloegenIndeling.solveSpelverdeling(TaakPloegenIndeling.java:111)
	at algoritmen.TaakPloegenIndeling.solveSpelverdeling(TaakPloegenIndeling.java:111)
	at algoritmen.TaakPloegenIndeling.solveSpelverdeling(TaakPloegenIndeling.java:106)
	at algoritmen.TaakPloegenIndeling.solveSpelverdeling(TaakPloegenIndeling.java:111)
	at algoritmen.TaakPloegenIndeling.solveSpelverdeling(TaakPloegenIndeling.java:111)
	at algoritmen.TaakPloegenIndeling.solveSpelverdeling(TaakPloegenIndeling.java:111)
	at algoritmen.TaakPloegenIndeling.solveSpelverdeling(TaakPloegenIndeling.java:111)
	at algoritmen.TaakPloegenIndeling.solveSpelverdeling(TaakPloegenIndeling.java:111)
	at algoritmen.TaakPloegenIndeling.solveSpelverdeling(TaakPloegenIndeling.java:111)
	at algoritmen.TaakPloegenIndeling.solveSpelverdeling(TaakPloegenIndeling.java:131)
	at algoritmen.TaakPloegenIndeling.solveSpelverdeling(TaakPloegenIndeling.java:135)
	at algoritmen.TaakPloegenIndeling.solveSpelverdeling(TaakPloegenIndeling.java:100)
	at algoritmen.TaakPloegenIndeling.solveSpelverdeling(TaakPloegenIndeling.java:106)
	at algoritmen.TaakPloegenIndeling.solveSpelverdeling(TaakPloegenIndeling.java:111)
	at algoritmen.TaakPloegenIndeling.solveSpelverdeling(TaakPloegenIndeling.java:111)
	at algoritmen.TaakPloegenIndeling.solveSpelverdeling(TaakPloegenIndeling.java:111)
	at algoritmen.TaakPloegenIndeling.solveSpelverdeling(TaakPloegenIndeling.java:111)
	at algoritmen.TaakPloegenIndeling.solveSpelverdeling(TaakPloegenIndeling.java:111)
	at algoritmen.TaakPloegenIndeling.solveSpelverdeling(TaakPloegenIndeling.java:111)
	at algoritmen.TaakPloegenIndeling.solveSpelverdeling(TaakPloegenIndeling.java:106)
	at algoritmen.TaakPloegenIndeling.solveSpelverdeling(TaakPloegenIndeling.java:111)
	at algoritmen.TaakPloegenIndeling.solveSpelverdeling(TaakPloegenIndeling.java:111)
	at algoritmen.TaakPloegenIndeling.solveSpelverdeling(TaakPloegenIndeling.java:111)
	at algoritmen.TaakPloegenIndeling.solveSpelverdeling(TaakPloegenIndeling.java:111)
	at algoritmen.TaakPloegenIndeling.solveSpelverdeling(TaakPloegenIndeling.java:111)
	at algoritmen.TaakPloegenIndeling.solveSpelverdeling(TaakPloegenIndeling.java:111)
	at algoritmen.TaakPloegenIndeling.solveSpelverdeling(TaakPloegenIndeling.java:106)
	at algoritmen.TaakPloegenIndeling.solveSpelverdeling(TaakPloegenIndeling.java:111)
	at algoritmen.TaakPloegenIndeling.solveSpelverdeling(TaakPloegenIndeling.java:111)
	at algoritmen.TaakPloegenIndeling.solveSpelverdeling(TaakPloegenIndeling.java:111)
	at algoritmen.TaakPloegenIndeling.solveSpelverdeling(TaakPloegenIndeling.java:111)
	at algoritmen.TaakPloegenIndeling.solveSpelverdeling(TaakPloegenIndeling.java:111)
	at algoritmen.TaakPloegenIndeling.solveSpelverdeling(TaakPloegenIndeling.java:111)
	at algoritmen.TaakPloegenIndeling.solveSpelverdeling(TaakPloegenIndeling.java:106)
	at algoritmen.TaakPloegenIndeling.solveSpelverdeling(TaakPloegenIndeling.java:111)
	at algoritmen.TaakPloegenIndeling.solveSpelverdeling(TaakPloegenIndeling.java:111)
	at algoritmen.TaakPloegenIndeling.solveSpelverdeling(TaakPloegenIndeling.java:111)
	at algoritmen.TaakPloegenIndeling.solveSpelverdeling(TaakPloegenIndeling.java:111)
	at algoritmen.TaakPloegenIndeling.solveSpelverdeling(TaakPloegenIndeling.java:111)
	at algoritmen.TaakPloegenIndeling.solveSpelverdeling(TaakPloegenIndeling.java:111)
	at algoritmen.TaakPloegenIndeling.solveSpelverdeling(TaakPloegenIndeling.java:131)
	at algoritmen.TaakPloegenIndeling.solveSpelverdeling(TaakPloegenIndeling.java:135)
	at algoritmen.TaakPloegenIndeling.solveSpelverdeling(TaakPloegenIndeling.java:135)
	at algoritmen.TaakPloegenIndeling.solveSpelverdeling(TaakPloegenIndeling.java:135)
	at algoritmen.TaakPloegenIndeling.solveSpelverdeling(TaakPloegenIndeling.java:131)
	at algoritmen.TaakPloegenIndeling.solveSpelverdeling(TaakPloegenIndeling.java:135)
	at algoritmen.TaakPloegenIndeling.solveSpelverdeling(TaakPloegenIndeling.java:106)
	at algoritmen.TaakPloegenIndeling.solveSpelverdeling(TaakPloegenIndeling.java:111)
	at algoritmen.TaakPloegenIndeling.solveSpelverdeling(TaakPloegenIndeling.java:111)
	at algoritmen.TaakPloegenIndeling.solveSpelverdeling(TaakPloegenIndeling.java:111)
	at algoritmen.TaakPloegenIndeling.solveSpelverdeling(TaakPloegenIndeling.java:111)
	at algoritmen.TaakPloegenIndeling.solveSpelverdeling(TaakPloegenIndeling.java:111)
	at algoritmen.TaakPloegenIndeling.solveSpelverdeling(TaakPloegenIndeling.java:111)
	at algoritmen.TaakPloegenIndeling.solveSpelverdeling(TaakPloegenIndeling.java:106)
	at algoritmen.TaakPloegenIndeling.solveSpelverdeling(TaakPloegenIndeling.java:100)
	at algoritmen.TaakPloegenIndeling.solveSpelverdeling(TaakPloegenIndeling.java:106)
	at algoritmen.TaakPloegenIndeling.solveSpelverdeling(TaakPloegenIndeling.java:135)
	at algoritmen.TaakPloegenIndeling.solveSpelverdeling(TaakPloegenIndeling.java:135)
	at algoritmen.TaakPloegenIndeling.solveSpelverdeling(TaakPloegenIndeling.java:100)
	at algoritmen.TaakPloegenIndeling.solveSpelverdeling(TaakPloegenIndeling.java:106)
	at algoritmen.TaakPloegenIndeling.solveSpelverdeling(TaakPloegenIndeling.java:135)
	at algoritmen.TaakPloegenIndeling.solveSpelverdeling(TaakPloegenIndeling.java:135)
	at algoritmen.TaakPloegenIndeling.solveSpelverdeling(TaakPloegenIndeling.java:135)
	at algoritmen.TaakPloegenIndeling.solveSpelverdeling(TaakPloegenIndeling.java:135)
	at algoritmen.TaakPloegenIndeling.solveSpelverdeling(TaakPloegenIndeling.java:135)
	at algoritmen.TaakPloegenIndeling.solveSpelverdeling(TaakPloegenIndeling.java:135)
	at algoritmen.TaakPloegenIndeling.solveSpelverdeling(TaakPloegenIndeling.java:106)
	at algoritmen.TaakPloegenIndeling.solveSpelverdeling(TaakPloegenIndeling.java:111)
	at algoritmen.TaakPloegenIndeling.solveSpelverdeling(TaakPloegenIndeling.java:111)
	at algoritmen.TaakPloegenIndeling.solveSpelverdeling(TaakPloegenIndeling.java:111)
	at algoritmen.TaakPloegenIndeling.solveSpelverdeling(TaakPloegenIndeling.java:111)
	at algoritmen.TaakPloegenIndeling.solveSpelverdeling(TaakPloegenIndeling.java:111)
	at algoritmen.TaakPloegenIndeling.solveSpelverdeling(TaakPloegenIndeling.java:111)
	at algoritmen.TaakPloegenIndeling.solveSpelverdeling(TaakPloegenIndeling.java:106)
	at algoritmen.TaakPloegenIndeling.solveSpelverdeling(TaakPloegenIndeling.java:111)
	at algoritmen.TaakPloegenIndeling.solveSpelverdeling(TaakPloegenIndeling.java:111)
	at algoritmen.TaakPloegenIndeling.solveSpelverdeling(TaakPloegenIndeling.java:111)
	at algoritmen.TaakPloegenIndeling.solveSpelverdeling(TaakPloegenIndeling.java:111)
	at algoritmen.TaakPloegenIndeling.solveSpelverdeling(TaakPloegenIndeling.java:111)
	at algoritmen.TaakPloegenIndeling.solveSpelverdeling(TaakPloegenIndeling.java:111)
	at algoritmen.TaakPloegenIndeling.solveSpelverdeling(TaakPloegenIndeling.java:106)
	at algoritmen.TaakPloegenIndeling.solveSpelverdeling(TaakPloegenIndeling.java:111)
	at algoritmen.TaakPloegenIndeling.solveSpelverdeling(TaakPloegenIndeling.java:111)
	at algoritmen.TaakPloegenIndeling.solveSpelverdeling(TaakPloegenIndeling.java:111)
	at algoritmen.TaakPloegenIndeling.solveSpelverdeling(TaakPloegenIndeling.java:111)
	at algoritmen.TaakPloegenIndeling.solveSpelverdeling(TaakPloegenIndeling.java:111)
	at algoritmen.TaakPloegenIndeling.solveSpelverdeling(TaakPloegenIndeling.java:111)
	at algoritmen.TaakPloegenIndeling.solveSpelverdeling(TaakPloegenIndeling.java:131)
	at algoritmen.TaakPloegenIndeling.solveSpelverdeling(TaakPloegenIndeling.java:135)
	at algoritmen.TaakPloegenIndeling.solveSpelverdeling(TaakPloegenIndeling.java:135)
	at algoritmen.TaakPloegenIndeling.solveSpelverdeling(TaakPloegenIndeling.java:100)
	at algoritmen.TaakPloegenIndeling.solveSpelverdeling(TaakPloegenIndeling.java:106)
	at algoritmen.TaakPloegenIndeling.solveSpelverdeling(TaakPloegenIndeling.java:135)
	at algoritmen.TaakPloegenIndeling.solveSpelverdeling(TaakPloegenIndeling.java:135)
	at algoritmen.TaakPloegenIndeling.solveSpelverdeling(TaakPloegenIndeling.java:100)
	at algoritmen.TaakPloegenIndeling.solveSpelverdeling(TaakPloegenIndeling.java:106)
	at algoritmen.TaakPloegenIndeling.solveSpelverdeling(TaakPloegenIndeling.java:111)
	at algoritmen.TaakPloegenIndeling.solveSpelverdeling(TaakPloegenIndeling.java:111)
	at algoritmen.TaakPloegenIndeling.solveSpelverdeling(TaakPloegenIndeling.java:111)
	at algoritmen.TaakPloegenIndeling.solveSpelverdeling(TaakPloegenIndeling.java:111)
	at algoritmen.TaakPloegenIndeling.solveSpelverdeling(TaakPloegenIndeling.java:111)
	at algoritmen.TaakPloegenIndeling.solveSpelverdeling(TaakPloegenIndeling.java:111)
	at algoritmen.TaakPloegenIndeling.solveSpelverdeling(TaakPloegenIndeling.java:106)
	at algoritmen.TaakPloegenIndeling.solveSpelverdeling(TaakPloegenIndeling.java:111)
	at algoritmen.TaakPloegenIndeling.solveSpelverdeling(TaakPloegenIndeling.java:111)
	at algoritmen.TaakPloegenIndeling.solveSpelverdeling(TaakPloegenIndeling.java:111)
	at algoritmen.TaakPloegenIndeling.solveSpelverdeling(TaakPloegenIndeling.java:111)
	at algoritmen.TaakPloegenIndeling.solveSpelverdeling(TaakPloegenIndeling.java:111)
	at algoritmen.TaakPloegenIndeling.solveSpelverdeling(TaakPloegenIndeling.java:111)
	at algoritmen.TaakPloegenIndeling.solveSpelverdeling(TaakPloegenIndeling.java:106)
	at algoritmen.TaakPloegenIndeling.solveSpelverdeling(TaakPloegenIndeling.java:111)
	at algoritmen.TaakPloegenIndeling.solveSpelverdeling(TaakPloegenIndeling.java:111)
	at algoritmen.TaakPloegenIndeling.solveSpelverdeling(TaakPloegenIndeling.java:111)
	at algoritmen.TaakPloegenIndeling.solveSpelverdeling(TaakPloegenIndeling.java:111)
	at algoritmen.TaakPloegenIndeling.solveSpelverdeling(TaakPloegenIndeling.java:111)
	at algoritmen.TaakPloegenIndeling.solveSpelverdeling(TaakPloegenIndeling.java:111)
	at algoritmen.TaakPloegenIndeling.solveSpelverdeling(TaakPloegenIndeling.java:106)
	at algoritmen.TaakPloegenIndeling.solveSpelverdeling(TaakPloegenIndeling.java:111)
	at algoritmen.TaakPloegenIndeling.solveSpelverdeling(TaakPloegenIndeling.java:111)
	at algoritmen.TaakPloegenIndeling.solveSpelverdeling(TaakPloegenIndeling.java:111)
	at algoritmen.TaakPloegenIndeling.solveSpelverdeling(TaakPloegenIndeling.java:111)
	at algoritmen.TaakPloegenIndeling.solveSpelverdeling(TaakPloegenIndeling.java:111)
	at algoritmen.TaakPloegenIndeling.solveSpelverdeling(TaakPloegenIndeling.java:111)
	at algoritmen.TaakPloegenIndeling.solveSpelverdeling(TaakPloegenIndeling.java:131)
	at algoritmen.TaakPloegenIndeling.solveSpelverdeling(TaakPloegenIndeling.java:135)
	at algoritmen.TaakPloegenIndeling.solveSpelverdeling(TaakPloegenIndeling.java:135)
	at algoritmen.TaakPloegenIndeling.solveSpelverdeling(TaakPloegenIndeling.java:135)
	at algoritmen.TaakPloegenIndeling.solveSpelverdeling(TaakPloegenIndeling.java:106)
	at algoritmen.TaakPloegenIndeling.solveSpelverdeling(TaakPloegenIndeling.java:111)
	at algoritmen.TaakPloegenIndeling.solveSpelverdeling(TaakPloegenIndeling.java:111)
	at algoritmen.TaakPloegenIndeling.solveSpelverdeling(TaakPloegenIndeling.java:111)
	at algoritmen.TaakPloegenIndeling.solveSpelverdeling(TaakPloegenIndeling.java:111)
	at algoritmen.TaakPloegenIndeling.solveSpelverdeling(TaakPloegenIndeling.java:111)
	at algoritmen.TaakPloegenIndeling.solveSpelverdeling(TaakPloegenIndeling.java:111)
	at algoritmen.TaakPloegenIndeling.solveSpelverdeling(TaakPloegenIndeling.java:106)
	at algoritmen.TaakPloegenIndeling.solveSpelverdeling(TaakPloegenIndeling.java:111)
	at algoritmen.TaakPloegenIndeling.solveSpelverdeling(TaakPloegenIndeling.java:111)
	at algoritmen.TaakPloegenIndeling.solveSpelverdeling(TaakPloegenIndeling.java:111)
	at algoritmen.TaakPloegenIndeling.solveSpelverdeling(TaakPloegenIndeling.java:111)
	at algoritmen.TaakPloegenIndeling.solveSpelverdeling(TaakPloegenIndeling.java:111)
	at algoritmen.TaakPloegenIndeling.solveSpelverdeling(TaakPloegenIndeling.java:111)
	at algoritmen.TaakPloegenIndeling.solveSpelverdeling(TaakPloegenIndeling.java:106)
	at algoritmen.TaakPloegenIndeling.solveSpelverdeling(TaakPloegenIndeling.java:111)
	at algoritmen.TaakPloegenIndeling.solveSpelverdeling(TaakPloegenIndeling.java:111)
	at algoritmen.TaakPloegenIndeling.solveSpelverdeling(TaakPloegenIndeling.java:111)
	at algoritmen.TaakPloegenIndeling.solveSpelverdeling(TaakPloegenIndeling.java:111)
	at algoritmen.TaakPloegenIndeling.solveSpelverdeling(TaakPloegenIndeling.java:111)
	at algoritmen.TaakPloegenIndeling.solveSpelverdeling(TaakPloegenIndeling.java:111)
	at algoritmen.TaakPloegenIndeling.solveSpelverdeling(TaakPloegenIndeling.java:131)
	at algoritmen.TaakPloegenIndeling.solveSpelverdeling(TaakPloegenIndeling.java:106)
	at algoritmen.TaakPloegenIndeling.solveSpelverdeling(TaakPloegenIndeling.java:111)
	at algoritmen.TaakPloegenIndeling.solveSpelverdeling(TaakPloegenIndeling.java:111)
	at algoritmen.TaakPloegenIndeling.solveSpelverdeling(TaakPloegenIndeling.java:111)
	at algoritmen.TaakPloegenIndeling.solveSpelverdeling(TaakPloegenIndeling.java:111)
	at algoritmen.TaakPloegenIndeling.solveSpelverdeling(TaakPloegenIndeling.java:111)
	at algoritmen.TaakPloegenIndeling.solveSpelverdeling(TaakPloegenIndeling.java:111)
	at algoritmen.TaakPloegenIndeling.solveSpelverdeling(TaakPloegenIndeling.java:106)
	at algoritmen.TaakPloegenIndeling.solveSpelverdeling(TaakPloegenIndeling.java:111)
	at algoritmen.TaakPloegenIndeling.solveSpelverdeling(TaakPloegenIndeling.java:111)
	at algoritmen.TaakPloegenIndeling.solveSpelverdeling(TaakPloegenIndeling.java:111)
	at algoritmen.TaakPloegenIndeling.solveSpelverdeling(TaakPloegenIndeling.java:111)
	at algoritmen.TaakPloegenIndeling.solveSpelverdeling(TaakPloegenIndeling.java:111)
	at algoritmen.TaakPloegenIndeling.solveSpelverdeling(TaakPloegenIndeling.java:111)
	at algoritmen.TaakPloegenIndeling.solveSpelverdeling(TaakPloegenIndeling.java:106)
	at algoritmen.TaakPloegenIndeling.solveSpelverdeling(TaakPloegenIndeling.java:135)
	at algoritmen.TaakPloegenIndeling.solveSpelverdeling(TaakPloegenIndeling.java:135)
	at algoritmen.TaakPloegenIndeling.solveSpelverdeling(TaakPloegenIndeling.java:100)
	at algoritmen.TaakPloegenIndeling.solveSpelverdeling(TaakPloegenIndeling.java:106)
	at algoritmen.TaakPloegenIndeling.solveSpelverdeling(TaakPloegenIndeling.java:135)
	at algoritmen.TaakPloegenIndeling.solveSpelverdeling(TaakPloegenIndeling.java:135)
	at algoritmen.TaakPloegenIndeling.solveSpelverdeling(TaakPloegenIndeling.java:100)
	at algoritmen.TaakPloegenIndeling.solveSpelverdeling(TaakPloegenIndeling.java:106)
	at algoritmen.TaakPloegenIndeling.solveSpelverdeling(TaakPloegenIndeling.java:111)
	at algoritmen.TaakPloegenIndeling.solveSpelverdeling(TaakPloegenIndeling.java:111)
	at algoritmen.TaakPloegenIndeling.solveSpelverdeling(TaakPloegenIndeling.java:111)
	at algoritmen.TaakPloegenIndeling.solveSpelverdeling(TaakPloegenIndeling.java:111)
	at algoritmen.TaakPloegenIndeling.solveSpelverdeling(TaakPloegenIndeling.java:111)
	at algoritmen.TaakPloegenIndeling.solveSpelverdeling(TaakPloegenIndeling.java:111)
	at algoritmen.TaakPloegenIndeling.solveSpelverdeling(TaakPloegenIndeling.java:106)
	at algoritmen.TaakPloegenIndeling.solveSpelverdeling(TaakPloegenIndeling.java:111)
	at algoritmen.TaakPloegenIndeling.solveSpelverdeling(TaakPloegenIndeling.java:111)
	at algoritmen.TaakPloegenIndeling.solveSpelverdeling(TaakPloegenIndeling.java:111)
	at algoritmen.TaakPloegenIndeling.solveSpelverdeling(TaakPloegenIndeling.java:111)
	at algoritmen.TaakPloegenIndeling.solveSpelverdeling(TaakPloegenIndeling.java:111)
	at algoritmen.TaakPloegenIndeling.solveSpelverdeling(TaakPloegenIndeling.java:111)
	at algoritmen.TaakPloegenIndeling.solveSpelverdeling(TaakPloegenIndeling.java:106)
	at algoritmen.TaakPloegenIndeling.solveSpelverdeling(TaakPloegenIndeling.java:111)
	at algoritmen.TaakPloegenIndeling.solveSpelverdeling(TaakPloegenIndeling.java:111)
	at algoritmen.TaakPloegenIndeling.solveSpelverdeling(TaakPloegenIndeling.java:111)
	at algoritmen.TaakPloegenIndeling.solveSpelverdeling(TaakPloegenIndeling.java:111)
	at algoritmen.TaakPloegenIndeling.solveSpelverdeling(TaakPloegenIndeling.java:111)
	at algoritmen.TaakPloegenIndeling.solveSpelverdeling(TaakPloegenIndeling.java:111)
	at algoritmen.TaakPloegenIndeling.solveSpelverdeling(TaakPloegenIndeling.java:106)
	at algoritmen.TaakPloegenIndeling.solveSpelverdeling(TaakPloegenIndeling.java:111)
	at algoritmen.TaakPloegenIndeling.solveSpelverdeling(TaakPloegenIndeling.java:111)
	at algoritmen.TaakPloegenIndeling.solveSpelverdeling(TaakPloegenIndeling.java:111)
	at algoritmen.TaakPloegenIndeling.solveSpelverdeling(TaakPloegenIndeling.java:111)
	at algoritmen.TaakPloegenIndeling.solveSpelverdeling(TaakPloegenIndeling.java:111)
	at algoritmen.TaakPloegenIndeling.solveSpelverdeling(TaakPloegenIndeling.java:111)
	at algoritmen.TaakPloegenIndeling.solveSpelverdeling(TaakPloegenIndeling.java:131)
	at algoritmen.TaakPloegenIndeling.solveSpelverdeling(TaakPloegenIndeling.java:135)
	at algoritmen.TaakPloegenIndeling.solveSpelverdeling(TaakPloegenIndeling.java:135)
	at algoritmen.TaakPloegenIndeling.solveSpelverdeling(TaakPloegenIndeling.java:135)
	at algoritmen.TaakPloegenIndeling.solveSpelverdeling(TaakPloegenIndeling.java:106)
	at algoritmen.TaakPloegenIndeling.solveSpelverdeling(TaakPloegenIndeling.java:111)
	at algoritmen.TaakPloegenIndeling.solveSpelverdeling(TaakPloegenIndeling.java:111)
	at algoritmen.TaakPloegenIndeling.solveSpelverdeling(TaakPloegenIndeling.java:111)
	at algoritmen.TaakPloegenIndeling.solveSpelverdeling(TaakPloegenIndeling.java:111)
	at algoritmen.TaakPloegenIndeling.solveSpelverdeling(TaakPloegenIndeling.java:111)
	at algoritmen.TaakPloegenIndeling.solveSpelverdeling(TaakPloegenIndeling.java:111)
	at algoritmen.TaakPloegenIndeling.solveSpelverdeling(TaakPloegenIndeling.java:106)
	at algoritmen.TaakPloegenIndeling.solveSpelverdeling(TaakPloegenIndeling.java:111)
	at algoritmen.TaakPloegenIndeling.solveSpelverdeling(TaakPloegenIndeling.java:111)
	at algoritmen.TaakPloegenIndeling.solveSpelverdeling(TaakPloegenIndeling.java:111)
	at algoritmen.TaakPloegenIndeling.solveSpelverdeling(TaakPloegenIndeling.java:111)
	at algoritmen.TaakPloegenIndeling.solveSpelverdeling(TaakPloegenIndeling.java:111)
	at algoritmen.TaakPloegenIndeling.solveSpelverdeling(TaakPloegenIndeling.java:111)
	at algoritmen.TaakPloegenIndeling.solveSpelverdeling(TaakPloegenIndeling.java:106)
	at algoritmen.TaakPloegenIndeling.solveSpelverdeling(TaakPloegenIndeling.java:111)
	at algoritmen.TaakPloegenIndeling.solveSpelverdeling(TaakPloegenIndeling.java:111)
	at algoritmen.TaakPloegenIndeling.solveSpelverdeling(TaakPloegenIndeling.java:111)
	at algoritmen.TaakPloegenIndeling.solveSpelverdeling(TaakPloegenIndeling.java:111)
	at algoritmen.TaakPloegenIndeling.solveSpelverdeling(TaakPloegenIndeling.java:111)
	at algoritmen.TaakPloegenIndeling.solveSpelverdeling(TaakPloegenIndeling.java:111)
	at algoritmen.TaakPloegenIndeling.solveSpelverdeling(TaakPloegenIndeling.java:131)
	at algoritmen.TaakPloegenIndeling.solveSpelverdeling(TaakPloegenIndeling.java:135)
	at algoritmen.TaakPloegenIndeling.solveSpelverdeling(TaakPloegenIndeling.java:135)
	at algoritmen.TaakPloegenIndeling.solveSpelverdeling(TaakPloegenIndeling.java:135)
	at algoritmen.TaakPloegenIndeling.solveSpelverdeling(TaakPloegenIndeling.java:131)
	at algoritmen.TaakPloegenIndeling.solveSpelverdeling(TaakPloegenIndeling.java:135)
	at algoritmen.TaakPloegenIndeling.solveSpelverdeling(TaakPloegenIndeling.java:100)
	at algoritmen.TaakPloegenIndeling.solveSpelverdeling(TaakPloegenIndeling.java:106)
	at algoritmen.TaakPloegenIndeling.solveSpelverdeling(TaakPloegenIndeling.java:100)
	at algoritmen.TaakPloegenIndeling.solveSpelverdeling(TaakPloegenIndeling.java:106)
	at algoritmen.TaakPloegenIndeling.solveSpelverdeling(TaakPloegenIndeling.java:135)
	at algoritmen.TaakPloegenIndeling.solveSpelverdeling(TaakPloegenIndeling.java:135)
	at algoritmen.TaakPloegenIndeling.solveSpelverdeling(TaakPloegenIndeling.java:135)
	at algoritmen.TaakPloegenIndeling.solveSpelverdeling(TaakPloegenIndeling.java:135)
	at algoritmen.TaakPloegenIndeling.solveSpelverdeling(TaakPloegenIndeling.java:135)
	at algoritmen.TaakPloegenIndeling.solveSpelverdeling(TaakPloegenIndeling.java:135)
	at algoritmen.TaakPloegenIndeling.solveSpelverdeling(TaakPloegenIndeling.java:106)
	at algoritmen.TaakPloegenIndeling.solveSpelverdeling(TaakPloegenIndeling.java:111)
	at algoritmen.TaakPloegenIndeling.solveSpelverdeling(TaakPloegenIndeling.java:111)
	at algoritmen.TaakPloegenIndeling.solveSpelverdeling(TaakPloegenIndeling.java:111)
	at algoritmen.TaakPloegenIndeling.solveSpelverdeling(TaakPloegenIndeling.java:111)
	at algoritmen.TaakPloegenIndeling.solveSpelverdeling(TaakPloegenIndeling.java:111)
	at algoritmen.TaakPloegenIndeling.solveSpelverdeling(TaakPloegenIndeling.java:111)
	at algoritmen.TaakPloegenIndeling.solveSpelverdeling(TaakPloegenIndeling.java:106)
	at algoritmen.TaakPloegenIndeling.solveSpelverdeling(TaakPloegenIndeling.java:111)
	at algoritmen.TaakPloegenIndeling.solveSpelverdeling(TaakPloegenIndeling.java:111)
	at algoritmen.TaakPloegenIndeling.solveSpelverdeling(TaakPloegenIndeling.java:111)
	at algoritmen.TaakPloegenIndeling.solveSpelverdeling(TaakPloegenIndeling.java:111)
	at algoritmen.TaakPloegenIndeling.solveSpelverdeling(TaakPloegenIndeling.java:111)
	at algoritmen.TaakPloegenIndeling.solveSpelverdeling(TaakPloegenIndeling.java:111)
	at algoritmen.TaakPloegenIndeling.solveSpelverdeling(TaakPloegenIndeling.java:106)
	at algoritmen.TaakPloegenIndeling.solveSpelverdeling(TaakPloegenIndeling.java:111)
	at algoritmen.TaakPloegenIndeling.solveSpelverdeling(TaakPloegenIndeling.java:111)
	at algoritmen.TaakPloegenIndeling.solveSpelverdeling(TaakPloegenIndeling.java:111)
	at algoritmen.TaakPloegenIndeling.solveSpelverdeling(TaakPloegenIndeling.java:111)
	at algoritmen.TaakPloegenIndeling.solveSpelverdeling(TaakPloegenIndeling.java:111)
	at algoritmen.TaakPloegenIndeling.solveSpelverdeling(TaakPloegenIndeling.java:111)
	at algoritmen.TaakPloegenIndeling.solveSpelverdeling(TaakPloegenIndeling.java:131)
	at algoritmen.TaakPloegenIndeling.solveSpelverdeling(TaakPloegenIndeling.java:135)
	at algoritmen.TaakPloegenIndeling.solveSpelverdeling(TaakPloegenIndeling.java:135)
	at algoritmen.TaakPloegenIndeling.solveSpelverdeling(TaakPloegenIndeling.java:135)
	at algoritmen.TaakPloegenIndeling.solveSpelverdeling(TaakPloegenIndeling.java:135)
	at algoritmen.TaakPloegenIndeling.solveSpelverdeling(TaakPloegenIndeling.java:100)
	at algoritmen.TaakPloegenIndeling.solveSpelverdeling(TaakPloegenIndeling.java:106)
	at algoritmen.TaakPloegenIndeling.solveSpelverdeling(TaakPloegenIndeling.java:100)
	at algoritmen.TaakPloegenIndeling.solveSpelverdeling(TaakPloegenIndeling.java:106)
	at algoritmen.TaakPloegenIndeling.solveSpelverdeling(TaakPloegenIndeling.java:111)
	at algoritmen.TaakPloegenIndeling.solveSpelverdeling(TaakPloegenIndeling.java:111)
	at algoritmen.TaakPloegenIndeling.solveSpelverdeling(TaakPloegenIndeling.java:111)
	at algoritmen.TaakPloegenIndeling.solveSpelverdeling(TaakPloegenIndeling.java:111)
	at algoritmen.TaakPloegenIndeling.solveSpelverdeling(TaakPloegenIndeling.java:111)
	at algoritmen.TaakPloegenIndeling.solveSpelverdeling(TaakPloegenIndeling.java:111)
	at algoritmen.TaakPloegenIndeling.solveSpelverdeling(TaakPloegenIndeling.java:106)
	at algoritmen.TaakPloegenIndeling.solveSpelverdeling(TaakPloegenIndeling.java:111)
	at algoritmen.TaakPloegenIndeling.solveSpelverdeling(TaakPloegenIndeling.java:111)
	at algoritmen.TaakPloegenIndeling.solveSpelverdeling(TaakPloegenIndeling.java:111)
	at algoritmen.TaakPloegenIndeling.solveSpelverdeling(TaakPloegenIndeling.java:111)
	at algoritmen.TaakPloegenIndeling.solveSpelverdeling(TaakPloegenIndeling.java:111)
	at algoritmen.TaakPloegenIndeling.solveSpelverdeling(TaakPloegenIndeling.java:111)
	at algoritmen.TaakPloegenIndeling.solveSpelverdeling(TaakPloegenIndeling.java:106)
	at algoritmen.TaakPloegenIndeling.solveSpelverdeling(TaakPloegenIndeling.java:111)
	at algoritmen.TaakPloegenIndeling.solveSpelverdeling(TaakPloegenIndeling.java:111)
	at algoritmen.TaakPloegenIndeling.solveSpelverdeling(TaakPloegenIndeling.java:111)
	at algoritmen.TaakPloegenIndeling.solveSpelverdeling(TaakPloegenIndeling.java:111)
	at algoritmen.TaakPloegenIndeling.solveSpelverdeling(TaakPloegenIndeling.java:111)
	at algoritmen.TaakPloegenIndeling.solveSpelverdeling(TaakPloegenIndeling.java:111)
	at algoritmen.TaakPloegenIndeling.solveSpelverdeling(TaakPloegenIndeling.java:106)
	at algoritmen.TaakPloegenIndeling.solveSpelverdeling(TaakPloegenIndeling.java:111)
	at algoritmen.TaakPloegenIndeling.solveSpelverdeling(TaakPloegenIndeling.java:111)
	at algoritmen.TaakPloegenIndeling.solveSpelverdeling(TaakPloegenIndeling.java:111)
	at algoritmen.TaakPloegenIndeling.solveSpelverdeling(TaakPloegenIndeling.java:111)
	at algoritmen.TaakPloegenIndeling.solveSpelverdeling(TaakPloegenIndeling.java:111)
	at algoritmen.TaakPloegenIndeling.solveSpelverdeling(TaakPloegenIndeling.java:111)
	at algoritmen.TaakPloegenIndeling.solveSpelverdeling(TaakPloegenIndeling.java:131)
	at algoritmen.TaakPloegenIndeling.solveSpelverdeling(TaakPloegenIndeling.java:135)
	at algoritmen.TaakPloegenIndeling.solveSpelverdeling(TaakPloegenIndeling.java:135)
	at algoritmen.TaakPloegenIndeling.solveSpelverdeling(TaakPloegenIndeling.java:135)
	at algoritmen.TaakPloegenIndeling.solveSpelverdeling(TaakPloegenIndeling.java:135)
	at algoritmen.TaakPloegenIndeling.solveSpelverdeling(TaakPloegenIndeling.java:135)
	at algoritmen.TaakPloegenIndeling.solveSpelverdeling(TaakPloegenIndeling.java:106)
	at algoritmen.TaakPloegenIndeling.solveSpelverdeling(TaakPloegenIndeling.java:111)
	at algoritmen.TaakPloegenIndeling.solveSpelverdeling(TaakPloegenIndeling.java:111)
	at algoritmen.TaakPloegenIndeling.solveSpelverdeling(TaakPloegenIndeling.java:111)
	at algoritmen.TaakPloegenIndeling.solveSpelverdeling(TaakPloegenIndeling.java:111)
	at algoritmen.TaakPloegenIndeling.solveSpelverdeling(TaakPloegenIndeling.java:111)
	at algoritmen.TaakPloegenIndeling.solveSpelverdeling(TaakPloegenIndeling.java:111)
	at algoritmen.TaakPloegenIndeling.solveSpelverdeling(TaakPloegenIndeling.java:106)
	at algoritmen.TaakPloegenIndeling.solveSpelverdeling(TaakPloegenIndeling.java:111)
	at algoritmen.TaakPloegenIndeling.solveSpelverdeling(TaakPloegenIndeling.java:111)
	at algoritmen.TaakPloegenIndeling.solveSpelverdeling(TaakPloegenIndeling.java:111)
	at algoritmen.TaakPloegenIndeling.solveSpelverdeling(TaakPloegenIndeling.java:111)
	at algoritmen.TaakPloegenIndeling.solveSpelverdeling(TaakPloegenIndeling.java:111)
	at algoritmen.TaakPloegenIndeling.solveSpelverdeling(TaakPloegenIndeling.java:111)
	at algoritmen.TaakPloegenIndeling.solveSpelverdeling(TaakPloegenIndeling.java:106)
	at algoritmen.TaakPloegenIndeling.solveSpelverdeling(TaakPloegenIndeling.java:111)
	at algoritmen.TaakPloegenIndeling.solveSpelverdeling(TaakPloegenIndeling.java:111)
	at algoritmen.TaakPloegenIndeling.solveSpelverdeling(TaakPloegenIndeling.java:111)
	at algoritmen.TaakPloegenIndeling.solveSpelverdeling(TaakPloegenIndeling.java:111)
	at algoritmen.TaakPloegenIndeling.solveSpelverdeling(TaakPloegenIndeling.java:111)
	at algoritmen.TaakPloegenIndeling.solveSpelverdeling(TaakPloegenIndeling.java:111)
	at algoritmen.TaakPloegenIndeling.solveSpelverdeling(TaakPloegenIndeling.java:131)
	at algoritmen.TaakPloegenIndeling.solveSpelverdeling(TaakPloegenIndeling.java:106)
	at algoritmen.TaakPloegenIndeling.solveSpelverdeling(TaakPloegenIndeling.java:111)
	at algoritmen.TaakPloegenIndeling.solveSpelverdeling(TaakPloegenIndeling.java:111)
	at algoritmen.TaakPloegenIndeling.solveSpelverdeling(TaakPloegenIndeling.java:111)
	at algoritmen.TaakPloegenIndeling.solveSpelverdeling(TaakPloegenIndeling.java:111)
	at algoritmen.TaakPloegenIndeling.solveSpelverdeling(TaakPloegenIndeling.java:111)
	at algoritmen.TaakPloegenIndeling.solveSpelverdeling(TaakPloegenIndeling.java:111)
	at algoritmen.TaakPloegenIndeling.solveSpelverdeling(TaakPloegenIndeling.java:106)
	at algoritmen.TaakPloegenIndeling.solveSpelverdeling(TaakPloegenIndeling.java:111)
	at algoritmen.TaakPloegenIndeling.solveSpelverdeling(TaakPloegenIndeling.java:111)
	at algoritmen.TaakPloegenIndeling.solveSpelverdeling(TaakPloegenIndeling.java:111)
	at algoritmen.TaakPloegenIndeling.solveSpelverdeling(TaakPloegenIndeling.java:111)
	at algoritmen.TaakPloegenIndeling.solveSpelverdeling(TaakPloegenIndeling.java:111)
	at algoritmen.TaakPloegenIndeling.solveSpelverdeling(TaakPloegenIndeling.java:111)
	at algoritmen.TaakPloegenIndeling.solveSpelverdeling(TaakPloegenIndeling.java:106)
	at algoritmen.TaakPloegenIndeling.solveSpelverdeling(TaakPloegenIndeling.java:100)
	at algoritmen.TaakPloegenIndeling.solveSpelverdeling(TaakPloegenIndeling.java:106)
	at algoritmen.TaakPloegenIndeling.solveSpelverdeling(TaakPloegenIndeling.java:100)
	at algoritmen.TaakPloegenIndeling.solveSpelverdeling(TaakPloegenIndeling.java:106)
	at algoritmen.TaakPloegenIndeling.solveSpelverdeling(TaakPloegenIndeling.java:111)
	at algoritmen.TaakPloegenIndeling.solveSpelverdeling(TaakPloegenIndeling.java:111)
	at algoritmen.TaakPloegenIndeling.solveSpelverdeling(TaakPloegenIndeling.java:111)
	at algoritmen.TaakPloegenIndeling.solveSpelverdeling(TaakPloegenIndeling.java:111)
	at algoritmen.TaakPloegenIndeling.solveSpelverdeling(TaakPloegenIndeling.java:111)
	at algoritmen.TaakPloegenIndeling.solveSpelverdeling(TaakPloegenIndeling.java:111)
	at algoritmen.TaakPloegenIndeling.solveSpelverdeling(TaakPloegenIndeling.java:106)
	at algoritmen.TaakPloegenIndeling.solveSpelverdeling(TaakPloegenIndeling.java:111)
	at algoritmen.TaakPloegenIndeling.solveSpelverdeling(TaakPloegenIndeling.java:111)
	at algoritmen.TaakPloegenIndeling.solveSpelverdeling(TaakPloegenIndeling.java:111)
	at algoritmen.TaakPloegenIndeling.solveSpelverdeling(TaakPloegenIndeling.java:111)
	at algoritmen.TaakPloegenIndeling.solveSpelverdeling(TaakPloegenIndeling.java:111)
	at algoritmen.TaakPloegenIndeling.solveSpelverdeling(TaakPloegenIndeling.java:111)
	at algoritmen.TaakPloegenIndeling.solveSpelverdeling(TaakPloegenIndeling.java:106)
	at algoritmen.TaakPloegenIndeling.solveSpelverdeling(TaakPloegenIndeling.java:111)
	at algoritmen.TaakPloegenIndeling.solveSpelverdeling(TaakPloegenIndeling.java:111)
	at algoritmen.TaakPloegenIndeling.solveSpelverdeling(TaakPloegenIndeling.java:111)
	at algoritmen.TaakPloegenIndeling.solveSpelverdeling(TaakPloegenIndeling.java:111)
	at algoritmen.TaakPloegenIndeling.solveSpelverdeling(TaakPloegenIndeling.java:111)
	at algoritmen.TaakPloegenIndeling.solveSpelverdeling(TaakPloegenIndeling.java:111)
	at algoritmen.TaakPloegenIndeling.solveSpelverdeling(TaakPloegenIndeling.java:106)
	at algoritmen.TaakPloegenIndeling.solveSpelverdeling(TaakPloegenIndeling.java:111)
	at algoritmen.TaakPloegenIndeling.solveSpelverdeling(TaakPloegenIndeling.java:111)
	at algoritmen.TaakPloegenIndeling.solveSpelverdeling(TaakPloegenIndeling.java:111)
	at algoritmen.TaakPloegenIndeling.solveSpelverdeling(TaakPloegenIndeling.java:111)
	at algoritmen.TaakPloegenIndeling.solveSpelverdeling(TaakPloegenIndeling.java:111)
	at algoritmen.TaakPloegenIndeling.solveSpelverdeling(TaakPloegenIndeling.java:111)
	at algoritmen.TaakPloegenIndeling.solveSpelverdeling(TaakPloegenIndeling.java:131)
	at algoritmen.TaakPloegenIndeling.solveSpelverdeling(TaakPloegenIndeling.java:135)
	at algoritmen.TaakPloegenIndeling.solveSpelverdeling(TaakPloegenIndeling.java:135)
	at algoritmen.TaakPloegenIndeling.solveSpelverdeling(TaakPloegenIndeling.java:135)
	at algoritmen.TaakPloegenIndeling.solveSpelverdeling(TaakPloegenIndeling.java:135)
	at algoritmen.TaakPloegenIndeling.solveSpelverdeling(TaakPloegenIndeling.java:135)
	at algoritmen.TaakPloegenIndeling.solveSpelverdeling(TaakPloegenIndeling.java:106)
	at algoritmen.TaakPloegenIndeling.solveSpelverdeling(TaakPloegenIndeling.java:111)
	at algoritmen.TaakPloegenIndeling.solveSpelverdeling(TaakPloegenIndeling.java:111)
	at algoritmen.TaakPloegenIndeling.solveSpelverdeling(TaakPloegenIndeling.java:111)
	at algoritmen.TaakPloegenIndeling.solveSpelverdeling(TaakPloegenIndeling.java:111)
	at algoritmen.TaakPloegenIndeling.solveSpelverdeling(TaakPloegenIndeling.java:111)
	at algoritmen.TaakPloegenIndeling.solveSpelverdeling(TaakPloegenIndeling.java:111)
	at algoritmen.TaakPloegenIndeling.solveSpelverdeling(TaakPloegenIndeling.java:106)
	at algoritmen.TaakPloegenIndeling.solveSpelverdeling(TaakPloegenIndeling.java:111)
	at algoritmen.TaakPloegenIndeling.solveSpelverdeling(TaakPloegenIndeling.java:111)
	at algoritmen.TaakPloegenIndeling.solveSpelverdeling(TaakPloegenIndeling.java:111)
	at algoritmen.TaakPloegenIndeling.solveSpelverdeling(TaakPloegenIndeling.java:111)
	at algoritmen.TaakPloegenIndeling.solveSpelverdeling(TaakPloegenIndeling.java:111)
	at algoritmen.TaakPloegenIndeling.solveSpelverdeling(TaakPloegenIndeling.java:111)
	at algoritmen.TaakPloegenIndeling.solveSpelverdeling(TaakPloegenIndeling.java:106)
	at algoritmen.TaakPloegenIndeling.solveSpelverdeling(TaakPloegenIndeling.java:111)
	at algoritmen.TaakPloegenIndeling.solveSpelverdeling(TaakPloegenIndeling.java:111)
	at algoritmen.TaakPloegenIndeling.solveSpelverdeling(TaakPloegenIndeling.java:111)
	at algoritmen.TaakPloegenIndeling.solveSpelverdeling(TaakPloegenIndeling.java:111)
	at algoritmen.TaakPloegenIndeling.solveSpelverdeling(TaakPloegenIndeling.java:111)
	at algoritmen.TaakPloegenIndeling.solveSpelverdeling(TaakPloegenIndeling.java:111)
	at algoritmen.TaakPloegenIndeling.solveSpelverdeling(TaakPloegenIndeling.java:131)
	at algoritmen.TaakPloegenIndeling.solveSpelverdeling(TaakPloegenIndeling.java:135)
	at algoritmen.TaakPloegenIndeling.solveSpelverdeling(TaakPloegenIndeling.java:135)
	at algoritmen.TaakPloegenIndeling.solveSpelverdeling(TaakPloegenIndeling.java:135)
	at algoritmen.TaakPloegenIndeling.solveSpelverdeling(TaakPloegenIndeling.java:135)
	at algoritmen.TaakPloegenIndeling.solveSpelverdeling(TaakPloegenIndeling.java:135)
	at algoritmen.TaakPloegenIndeling.solveSpelverdeling(TaakPloegenIndeling.java:131)
	at algoritmen.TaakPloegenIndeling.solveSpelverdeling(TaakPloegenIndeling.java:135)
	at algoritmen.TaakPloegenIndeling.solveSpelverdeling(TaakPloegenIndeling.java:135)
	at algoritmen.TaakPloegenIndeling.solveSpelverdeling(TaakPloegenIndeling.java:135)
	at algoritmen.TaakPloegenIndeling.solveSpelverdeling(TaakPloegenIndeling.java:106)
</failure>
  </testcase>
  <testcase name="spelverdeling_0Spelletjes_throwsException" classname="algoritmen.TaakPloegenIndelingTests" time="0.0"/>
  <testcase name="canPairGoThisGame_NoneInGame_true" classname="algoritmen.TaakPloegenIndelingTests" time="0.0"/>
  <testcase name="canPairGoThisRound_SameInRound1_false" classname="algoritmen.TaakPloegenIndelingTests" time="0.0"/>
  <testcase name="spelverdeling_onevenPloegen_throwsException" classname="algoritmen.TaakPloegenIndelingTests" time="0.0"/>
  <testcase name="alreadyPairHere_2_2_false" classname="algoritmen.TaakPloegenIndelingTests" time="0.0"/>
  <testcase name="alreadyPairHere_1_1_true" classname="algoritmen.TaakPloegenIndelingTests" time="0.0"/>
  <system-out><![CDATA[ 
*****VOLGENDE ITERATIE*****
pairs: [A-B, A-C, A-D, B-C, B-D, C-D] & pairsUsed: []
doubles: [] & doublesUsed: []
currentGame: 0 & prevGame: []
currentRound: 0 & prevRound: []
TEMPBOARD: 
         | Game 1 |  Game 2 |  Game 3 |  
_________ ________ _________ _________ 
Round 1  |        |         |         |   
Round 2  |        |         |         |   
Round 3  |        |         |         |   
Round 4  |        |         |         |   
Round 5  |        |         |         |   
Round 6  |        |         |         |   
pairToPlace: A-B
 
*****VOLGENDE ITERATIE*****
pairs: [A-C, A-D, B-C, B-D, C-D] & pairsUsed: [A-B]
doubles: [] & doublesUsed: []
currentGame: 0 & prevGame: [0]
currentRound: 0 & prevRound: [0]
TEMPBOARD: 
         | Game 1 |  Game 2 |  Game 3 |  
_________ ________ _________ _________ 
Round 1  |  A-B   |         |         |   
Round 2  |        |         |         |   
Round 3  |        |         |         |   
Round 4  |        |         |         |   
Round 5  |        |         |         |   
Round 6  |        |         |         |   
pairToPlace: A-C
 
*****VOLGENDE ITERATIE*****
pairs: [A-C, A-D, B-C, B-D, C-D] & pairsUsed: [A-B]
doubles: [] & doublesUsed: []
currentGame: 0 & prevGame: [0]
currentRound: 1 & prevRound: [0]
TEMPBOARD: 
         | Game 1 |  Game 2 |  Game 3 |  
_________ ________ _________ _________ 
Round 1  |  A-B   |         |         |   
Round 2  |        |         |         |   
Round 3  |        |         |         |   
Round 4  |        |         |         |   
Round 5  |        |         |         |   
Round 6  |        |         |         |   
pairToPlace: A-C
 
*****VOLGENDE ITERATIE*****
pairs: [A-C, A-D, B-C, B-D, C-D] & pairsUsed: [A-B]
doubles: [] & doublesUsed: []
currentGame: 0 & prevGame: [0]
currentRound: 2 & prevRound: [0]
TEMPBOARD: 
         | Game 1 |  Game 2 |  Game 3 |  
_________ ________ _________ _________ 
Round 1  |  A-B   |         |         |   
Round 2  |        |         |         |   
Round 3  |        |         |         |   
Round 4  |        |         |         |   
Round 5  |        |         |         |   
Round 6  |        |         |         |   
pairToPlace: A-C
 
*****VOLGENDE ITERATIE*****
pairs: [A-C, A-D, B-C, B-D, C-D] & pairsUsed: [A-B]
doubles: [] & doublesUsed: []
currentGame: 0 & prevGame: [0]
currentRound: 3 & prevRound: [0]
TEMPBOARD: 
         | Game 1 |  Game 2 |  Game 3 |  
_________ ________ _________ _________ 
Round 1  |  A-B   |         |         |   
Round 2  |        |         |         |   
Round 3  |        |         |         |   
Round 4  |        |         |         |   
Round 5  |        |         |         |   
Round 6  |        |         |         |   
pairToPlace: A-C
 
*****VOLGENDE ITERATIE*****
pairs: [A-C, A-D, B-C, B-D, C-D] & pairsUsed: [A-B]
doubles: [] & doublesUsed: []
currentGame: 0 & prevGame: [0]
currentRound: 4 & prevRound: [0]
TEMPBOARD: 
         | Game 1 |  Game 2 |  Game 3 |  
_________ ________ _________ _________ 
Round 1  |  A-B   |         |         |   
Round 2  |        |         |         |   
Round 3  |        |         |         |   
Round 4  |        |         |         |   
Round 5  |        |         |         |   
Round 6  |        |         |         |   
pairToPlace: A-C
 
*****VOLGENDE ITERATIE*****
pairs: [A-C, A-D, B-C, B-D, C-D] & pairsUsed: [A-B]
doubles: [] & doublesUsed: []
currentGame: 0 & prevGame: [0]
currentRound: 5 & prevRound: [0]
TEMPBOARD: 
         | Game 1 |  Game 2 |  Game 3 |  
_________ ________ _________ _________ 
Round 1  |  A-B   |         |         |   
Round 2  |        |         |         |   
Round 3  |        |         |         |   
Round 4  |        |         |         |   
Round 5  |        |         |         |   
Round 6  |        |         |         |   
pairToPlace: A-C
 
*****VOLGENDE ITERATIE*****
pairs: [A-C, A-D, B-C, B-D, C-D] & pairsUsed: [A-B]
doubles: [] & doublesUsed: []
currentGame: 0 & prevGame: [0]
currentRound: 6 & prevRound: [0]
TEMPBOARD: 
         | Game 1 |  Game 2 |  Game 3 |  
_________ ________ _________ _________ 
Round 1  |  A-B   |         |         |   
Round 2  |        |         |         |   
Round 3  |        |         |         |   
Round 4  |        |         |         |   
Round 5  |        |         |         |   
Round 6  |        |         |         |   
pairToPlace: A-C
 
*****VOLGENDE ITERATIE*****
pairs: [A-C, A-D, B-C, B-D, C-D] & pairsUsed: [A-B]
doubles: [] & doublesUsed: []
currentGame: 1 & prevGame: [0]
currentRound: 0 & prevRound: [0]
TEMPBOARD: 
         | Game 1 |  Game 2 |  Game 3 |  
_________ ________ _________ _________ 
Round 1  |  A-B   |         |         |   
Round 2  |        |         |         |   
Round 3  |        |         |         |   
Round 4  |        |         |         |   
Round 5  |        |         |         |   
Round 6  |        |         |         |   
pairToPlace: A-C
 
*****VOLGENDE ITERATIE*****
pairs: [A-C, A-D, B-C, B-D, C-D] & pairsUsed: [A-B]
doubles: [] & doublesUsed: []
currentGame: 1 & prevGame: [0]
currentRound: 1 & prevRound: [0]
TEMPBOARD: 
         | Game 1 |  Game 2 |  Game 3 |  
_________ ________ _________ _________ 
Round 1  |  A-B   |         |         |   
Round 2  |        |         |         |   
Round 3  |        |         |         |   
Round 4  |        |         |         |   
Round 5  |        |         |         |   
Round 6  |        |         |         |   
pairToPlace: A-C
 
*****VOLGENDE ITERATIE*****
pairs: [A-D, B-C, B-D, C-D] & pairsUsed: [A-B, A-C]
doubles: [] & doublesUsed: []
currentGame: 0 & prevGame: [0, 1]
currentRound: 0 & prevRound: [0, 1]
TEMPBOARD: 
         | Game 1 |  Game 2 |  Game 3 |  
_________ ________ _________ _________ 
Round 1  |  A-B   |         |         |   
Round 2  |        |   A-C   |         |   
Round 3  |        |         |         |   
Round 4  |        |         |         |   
Round 5  |        |         |         |   
Round 6  |        |         |         |   
pairToPlace: A-D
 
*****VOLGENDE ITERATIE*****
pairs: [A-D, B-C, B-D, C-D] & pairsUsed: [A-B, A-C]
doubles: [] & doublesUsed: []
currentGame: 0 & prevGame: [0, 1]
currentRound: 1 & prevRound: [0, 1]
TEMPBOARD: 
         | Game 1 |  Game 2 |  Game 3 |  
_________ ________ _________ _________ 
Round 1  |  A-B   |         |         |   
Round 2  |        |   A-C   |         |   
Round 3  |        |         |         |   
Round 4  |        |         |         |   
Round 5  |        |         |         |   
Round 6  |        |         |         |   
pairToPlace: A-D
 
*****VOLGENDE ITERATIE*****
pairs: [A-D, B-C, B-D, C-D] & pairsUsed: [A-B, A-C]
doubles: [] & doublesUsed: []
currentGame: 0 & prevGame: [0, 1]
currentRound: 2 & prevRound: [0, 1]
TEMPBOARD: 
         | Game 1 |  Game 2 |  Game 3 |  
_________ ________ _________ _________ 
Round 1  |  A-B   |         |         |   
Round 2  |        |   A-C   |         |   
Round 3  |        |         |         |   
Round 4  |        |         |         |   
Round 5  |        |         |         |   
Round 6  |        |         |         |   
pairToPlace: A-D
 
*****VOLGENDE ITERATIE*****
pairs: [A-D, B-C, B-D, C-D] & pairsUsed: [A-B, A-C]
doubles: [] & doublesUsed: []
currentGame: 0 & prevGame: [0, 1]
currentRound: 3 & prevRound: [0, 1]
TEMPBOARD: 
         | Game 1 |  Game 2 |  Game 3 |  
_________ ________ _________ _________ 
Round 1  |  A-B   |         |         |   
Round 2  |        |   A-C   |         |   
Round 3  |        |         |         |   
Round 4  |        |         |         |   
Round 5  |        |         |         |   
Round 6  |        |         |         |   
pairToPlace: A-D
 
*****VOLGENDE ITERATIE*****
pairs: [A-D, B-C, B-D, C-D] & pairsUsed: [A-B, A-C]
doubles: [] & doublesUsed: []
currentGame: 0 & prevGame: [0, 1]
currentRound: 4 & prevRound: [0, 1]
TEMPBOARD: 
         | Game 1 |  Game 2 |  Game 3 |  
_________ ________ _________ _________ 
Round 1  |  A-B   |         |         |   
Round 2  |        |   A-C   |         |   
Round 3  |        |         |         |   
Round 4  |        |         |         |   
Round 5  |        |         |         |   
Round 6  |        |         |         |   
pairToPlace: A-D
 
*****VOLGENDE ITERATIE*****
pairs: [A-D, B-C, B-D, C-D] & pairsUsed: [A-B, A-C]
doubles: [] & doublesUsed: []
currentGame: 0 & prevGame: [0, 1]
currentRound: 5 & prevRound: [0, 1]
TEMPBOARD: 
         | Game 1 |  Game 2 |  Game 3 |  
_________ ________ _________ _________ 
Round 1  |  A-B   |         |         |   
Round 2  |        |   A-C   |         |   
Round 3  |        |         |         |   
Round 4  |        |         |         |   
Round 5  |        |         |         |   
Round 6  |        |         |         |   
pairToPlace: A-D
 
*****VOLGENDE ITERATIE*****
pairs: [A-D, B-C, B-D, C-D] & pairsUsed: [A-B, A-C]
doubles: [] & doublesUsed: []
currentGame: 0 & prevGame: [0, 1]
currentRound: 6 & prevRound: [0, 1]
TEMPBOARD: 
         | Game 1 |  Game 2 |  Game 3 |  
_________ ________ _________ _________ 
Round 1  |  A-B   |         |         |   
Round 2  |        |   A-C   |         |   
Round 3  |        |         |         |   
Round 4  |        |         |         |   
Round 5  |        |         |         |   
Round 6  |        |         |         |   
pairToPlace: A-D
 
*****VOLGENDE ITERATIE*****
pairs: [A-D, B-C, B-D, C-D] & pairsUsed: [A-B, A-C]
doubles: [] & doublesUsed: []
currentGame: 1 & prevGame: [0, 1]
currentRound: 0 & prevRound: [0, 1]
TEMPBOARD: 
         | Game 1 |  Game 2 |  Game 3 |  
_________ ________ _________ _________ 
Round 1  |  A-B   |         |         |   
Round 2  |        |   A-C   |         |   
Round 3  |        |         |         |   
Round 4  |        |         |         |   
Round 5  |        |         |         |   
Round 6  |        |         |         |   
pairToPlace: A-D
 
*****VOLGENDE ITERATIE*****
pairs: [A-D, B-C, B-D, C-D] & pairsUsed: [A-B, A-C]
doubles: [] & doublesUsed: []
currentGame: 1 & prevGame: [0, 1]
currentRound: 1 & prevRound: [0, 1]
TEMPBOARD: 
         | Game 1 |  Game 2 |  Game 3 |  
_________ ________ _________ _________ 
Round 1  |  A-B   |         |         |   
Round 2  |        |   A-C   |         |   
Round 3  |        |         |         |   
Round 4  |        |         |         |   
Round 5  |        |         |         |   
Round 6  |        |         |         |   
pairToPlace: A-D
 
*****VOLGENDE ITERATIE*****
pairs: [A-D, B-C, B-D, C-D] & pairsUsed: [A-B, A-C]
doubles: [] & doublesUsed: []
currentGame: 1 & prevGame: [0, 1]
currentRound: 2 & prevRound: [0, 1]
TEMPBOARD: 
         | Game 1 |  Game 2 |  Game 3 |  
_________ ________ _________ _________ 
Round 1  |  A-B   |         |         |   
Round 2  |        |   A-C   |         |   
Round 3  |        |         |         |   
Round 4  |        |         |         |   
Round 5  |        |         |         |   
Round 6  |        |         |         |   
pairToPlace: A-D
 
*****VOLGENDE ITERATIE*****
pairs: [A-D, B-C, B-D, C-D] & pairsUsed: [A-B, A-C]
doubles: [] & doublesUsed: []
currentGame: 1 & prevGame: [0, 1]
currentRound: 3 & prevRound: [0, 1]
TEMPBOARD: 
         | Game 1 |  Game 2 |  Game 3 |  
_________ ________ _________ _________ 
Round 1  |  A-B   |         |         |   
Round 2  |        |   A-C   |         |   
Round 3  |        |         |         |   
Round 4  |        |         |         |   
Round 5  |        |         |         |   
Round 6  |        |         |         |   
pairToPlace: A-D
 
*****VOLGENDE ITERATIE*****
pairs: [A-D, B-C, B-D, C-D] & pairsUsed: [A-B, A-C]
doubles: [] & doublesUsed: []
currentGame: 1 & prevGame: [0, 1]
currentRound: 4 & prevRound: [0, 1]
TEMPBOARD: 
         | Game 1 |  Game 2 |  Game 3 |  
_________ ________ _________ _________ 
Round 1  |  A-B   |         |         |   
Round 2  |        |   A-C   |         |   
Round 3  |        |         |         |   
Round 4  |        |         |         |   
Round 5  |        |         |         |   
Round 6  |        |         |         |   
pairToPlace: A-D
 
*****VOLGENDE ITERATIE*****
pairs: [A-D, B-C, B-D, C-D] & pairsUsed: [A-B, A-C]
doubles: [] & doublesUsed: []
currentGame: 1 & prevGame: [0, 1]
currentRound: 5 & prevRound: [0, 1]
TEMPBOARD: 
         | Game 1 |  Game 2 |  Game 3 |  
_________ ________ _________ _________ 
Round 1  |  A-B   |         |         |   
Round 2  |        |   A-C   |         |   
Round 3  |        |         |         |   
Round 4  |        |         |         |   
Round 5  |        |         |         |   
Round 6  |        |         |         |   
pairToPlace: A-D
 
*****VOLGENDE ITERATIE*****
pairs: [A-D, B-C, B-D, C-D] & pairsUsed: [A-B, A-C]
doubles: [] & doublesUsed: []
currentGame: 1 & prevGame: [0, 1]
currentRound: 6 & prevRound: [0, 1]
TEMPBOARD: 
         | Game 1 |  Game 2 |  Game 3 |  
_________ ________ _________ _________ 
Round 1  |  A-B   |         |         |   
Round 2  |        |   A-C   |         |   
Round 3  |        |         |         |   
Round 4  |        |         |         |   
Round 5  |        |         |         |   
Round 6  |        |         |         |   
pairToPlace: A-D
 
*****VOLGENDE ITERATIE*****
pairs: [A-D, B-C, B-D, C-D] & pairsUsed: [A-B, A-C]
doubles: [] & doublesUsed: []
currentGame: 2 & prevGame: [0, 1]
currentRound: 0 & prevRound: [0, 1]
TEMPBOARD: 
         | Game 1 |  Game 2 |  Game 3 |  
_________ ________ _________ _________ 
Round 1  |  A-B   |         |         |   
Round 2  |        |   A-C   |         |   
Round 3  |        |         |         |   
Round 4  |        |         |         |   
Round 5  |        |         |         |   
Round 6  |        |         |         |   
pairToPlace: A-D
 
*****VOLGENDE ITERATIE*****
pairs: [A-D, B-C, B-D, C-D] & pairsUsed: [A-B, A-C]
doubles: [] & doublesUsed: []
currentGame: 2 & prevGame: [0, 1]
currentRound: 1 & prevRound: [0, 1]
TEMPBOARD: 
         | Game 1 |  Game 2 |  Game 3 |  
_________ ________ _________ _________ 
Round 1  |  A-B   |         |         |   
Round 2  |        |   A-C   |         |   
Round 3  |        |         |         |   
Round 4  |        |         |         |   
Round 5  |        |         |         |   
Round 6  |        |         |         |   
pairToPlace: A-D
 
*****VOLGENDE ITERATIE*****
pairs: [A-D, B-C, B-D, C-D] & pairsUsed: [A-B, A-C]
doubles: [] & doublesUsed: []
currentGame: 2 & prevGame: [0, 1]
currentRound: 2 & prevRound: [0, 1]
TEMPBOARD: 
         | Game 1 |  Game 2 |  Game 3 |  
_________ ________ _________ _________ 
Round 1  |  A-B   |         |         |   
Round 2  |        |   A-C   |         |   
Round 3  |        |         |         |   
Round 4  |        |         |         |   
Round 5  |        |         |         |   
Round 6  |        |         |         |   
pairToPlace: A-D
 
*****VOLGENDE ITERATIE*****
pairs: [B-C, B-D, C-D] & pairsUsed: [A-B, A-C, A-D]
doubles: [] & doublesUsed: []
currentGame: 0 & prevGame: [0, 1, 2]
currentRound: 0 & prevRound: [0, 1, 2]
TEMPBOARD: 
         | Game 1 |  Game 2 |  Game 3 |  
_________ ________ _________ _________ 
Round 1  |  A-B   |         |         |   
Round 2  |        |   A-C   |         |   
Round 3  |        |         |   A-D   |   
Round 4  |        |         |         |   
Round 5  |        |         |         |   
Round 6  |        |         |         |   
pairToPlace: B-C
 
*****VOLGENDE ITERATIE*****
pairs: [B-C, B-D, C-D] & pairsUsed: [A-B, A-C, A-D]
doubles: [] & doublesUsed: []
currentGame: 0 & prevGame: [0, 1, 2]
currentRound: 1 & prevRound: [0, 1, 2]
TEMPBOARD: 
         | Game 1 |  Game 2 |  Game 3 |  
_________ ________ _________ _________ 
Round 1  |  A-B   |         |         |   
Round 2  |        |   A-C   |         |   
Round 3  |        |         |   A-D   |   
Round 4  |        |         |         |   
Round 5  |        |         |         |   
Round 6  |        |         |         |   
pairToPlace: B-C
 
*****VOLGENDE ITERATIE*****
pairs: [B-C, B-D, C-D] & pairsUsed: [A-B, A-C, A-D]
doubles: [] & doublesUsed: []
currentGame: 0 & prevGame: [0, 1, 2]
currentRound: 2 & prevRound: [0, 1, 2]
TEMPBOARD: 
         | Game 1 |  Game 2 |  Game 3 |  
_________ ________ _________ _________ 
Round 1  |  A-B   |         |         |   
Round 2  |        |   A-C   |         |   
Round 3  |        |         |   A-D   |   
Round 4  |        |         |         |   
Round 5  |        |         |         |   
Round 6  |        |         |         |   
pairToPlace: B-C
 
*****VOLGENDE ITERATIE*****
pairs: [B-C, B-D, C-D] & pairsUsed: [A-B, A-C, A-D]
doubles: [] & doublesUsed: []
currentGame: 0 & prevGame: [0, 1, 2]
currentRound: 3 & prevRound: [0, 1, 2]
TEMPBOARD: 
         | Game 1 |  Game 2 |  Game 3 |  
_________ ________ _________ _________ 
Round 1  |  A-B   |         |         |   
Round 2  |        |   A-C   |         |   
Round 3  |        |         |   A-D   |   
Round 4  |        |         |         |   
Round 5  |        |         |         |   
Round 6  |        |         |         |   
pairToPlace: B-C
 
*****VOLGENDE ITERATIE*****
pairs: [B-C, B-D, C-D] & pairsUsed: [A-B, A-C, A-D]
doubles: [] & doublesUsed: []
currentGame: 0 & prevGame: [0, 1, 2]
currentRound: 4 & prevRound: [0, 1, 2]
TEMPBOARD: 
         | Game 1 |  Game 2 |  Game 3 |  
_________ ________ _________ _________ 
Round 1  |  A-B   |         |         |   
Round 2  |        |   A-C   |         |   
Round 3  |        |         |   A-D   |   
Round 4  |        |         |         |   
Round 5  |        |         |         |   
Round 6  |        |         |         |   
pairToPlace: B-C
 
*****VOLGENDE ITERATIE*****
pairs: [B-C, B-D, C-D] & pairsUsed: [A-B, A-C, A-D]
doubles: [] & doublesUsed: []
currentGame: 0 & prevGame: [0, 1, 2]
currentRound: 5 & prevRound: [0, 1, 2]
TEMPBOARD: 
         | Game 1 |  Game 2 |  Game 3 |  
_________ ________ _________ _________ 
Round 1  |  A-B   |         |         |   
Round 2  |        |   A-C   |         |   
Round 3  |        |         |   A-D   |   
Round 4  |        |         |         |   
Round 5  |        |         |         |   
Round 6  |        |         |         |   
pairToPlace: B-C
 
*****VOLGENDE ITERATIE*****
pairs: [B-C, B-D, C-D] & pairsUsed: [A-B, A-C, A-D]
doubles: [] & doublesUsed: []
currentGame: 0 & prevGame: [0, 1, 2]
currentRound: 6 & prevRound: [0, 1, 2]
TEMPBOARD: 
         | Game 1 |  Game 2 |  Game 3 |  
_________ ________ _________ _________ 
Round 1  |  A-B   |         |         |   
Round 2  |        |   A-C   |         |   
Round 3  |        |         |   A-D   |   
Round 4  |        |         |         |   
Round 5  |        |         |         |   
Round 6  |        |         |         |   
pairToPlace: B-C
 
*****VOLGENDE ITERATIE*****
pairs: [B-C, B-D, C-D] & pairsUsed: [A-B, A-C, A-D]
doubles: [] & doublesUsed: []
currentGame: 1 & prevGame: [0, 1, 2]
currentRound: 0 & prevRound: [0, 1, 2]
TEMPBOARD: 
         | Game 1 |  Game 2 |  Game 3 |  
_________ ________ _________ _________ 
Round 1  |  A-B   |         |         |   
Round 2  |        |   A-C   |         |   
Round 3  |        |         |   A-D   |   
Round 4  |        |         |         |   
Round 5  |        |         |         |   
Round 6  |        |         |         |   
pairToPlace: B-C
 
*****VOLGENDE ITERATIE*****
pairs: [B-C, B-D, C-D] & pairsUsed: [A-B, A-C, A-D]
doubles: [] & doublesUsed: []
currentGame: 1 & prevGame: [0, 1, 2]
currentRound: 1 & prevRound: [0, 1, 2]
TEMPBOARD: 
         | Game 1 |  Game 2 |  Game 3 |  
_________ ________ _________ _________ 
Round 1  |  A-B   |         |         |   
Round 2  |        |   A-C   |         |   
Round 3  |        |         |   A-D   |   
Round 4  |        |         |         |   
Round 5  |        |         |         |   
Round 6  |        |         |         |   
pairToPlace: B-C
 
*****VOLGENDE ITERATIE*****
pairs: [B-C, B-D, C-D] & pairsUsed: [A-B, A-C, A-D]
doubles: [] & doublesUsed: []
currentGame: 1 & prevGame: [0, 1, 2]
currentRound: 2 & prevRound: [0, 1, 2]
TEMPBOARD: 
         | Game 1 |  Game 2 |  Game 3 |  
_________ ________ _________ _________ 
Round 1  |  A-B   |         |         |   
Round 2  |        |   A-C   |         |   
Round 3  |        |         |   A-D   |   
Round 4  |        |         |         |   
Round 5  |        |         |         |   
Round 6  |        |         |         |   
pairToPlace: B-C
 
*****VOLGENDE ITERATIE*****
pairs: [B-C, B-D, C-D] & pairsUsed: [A-B, A-C, A-D]
doubles: [] & doublesUsed: []
currentGame: 1 & prevGame: [0, 1, 2]
currentRound: 3 & prevRound: [0, 1, 2]
TEMPBOARD: 
         | Game 1 |  Game 2 |  Game 3 |  
_________ ________ _________ _________ 
Round 1  |  A-B   |         |         |   
Round 2  |        |   A-C   |         |   
Round 3  |        |         |   A-D   |   
Round 4  |        |         |         |   
Round 5  |        |         |         |   
Round 6  |        |         |         |   
pairToPlace: B-C
 
*****VOLGENDE ITERATIE*****
pairs: [B-C, B-D, C-D] & pairsUsed: [A-B, A-C, A-D]
doubles: [] & doublesUsed: []
currentGame: 1 & prevGame: [0, 1, 2]
currentRound: 4 & prevRound: [0, 1, 2]
TEMPBOARD: 
         | Game 1 |  Game 2 |  Game 3 |  
_________ ________ _________ _________ 
Round 1  |  A-B   |         |         |   
Round 2  |        |   A-C   |         |   
Round 3  |        |         |   A-D   |   
Round 4  |        |         |         |   
Round 5  |        |         |         |   
Round 6  |        |         |         |   
pairToPlace: B-C
 
*****VOLGENDE ITERATIE*****
pairs: [B-C, B-D, C-D] & pairsUsed: [A-B, A-C, A-D]
doubles: [] & doublesUsed: []
currentGame: 1 & prevGame: [0, 1, 2]
currentRound: 5 & prevRound: [0, 1, 2]
TEMPBOARD: 
         | Game 1 |  Game 2 |  Game 3 |  
_________ ________ _________ _________ 
Round 1  |  A-B   |         |         |   
Round 2  |        |   A-C   |         |   
Round 3  |        |         |   A-D   |   
Round 4  |        |         |         |   
Round 5  |        |         |         |   
Round 6  |        |         |         |   
pairToPlace: B-C
 
*****VOLGENDE ITERATIE*****
pairs: [B-C, B-D, C-D] & pairsUsed: [A-B, A-C, A-D]
doubles: [] & doublesUsed: []
currentGame: 1 & prevGame: [0, 1, 2]
currentRound: 6 & prevRound: [0, 1, 2]
TEMPBOARD: 
         | Game 1 |  Game 2 |  Game 3 |  
_________ ________ _________ _________ 
Round 1  |  A-B   |         |         |   
Round 2  |        |   A-C   |         |   
Round 3  |        |         |   A-D   |   
Round 4  |        |         |         |   
Round 5  |        |         |         |   
Round 6  |        |         |         |   
pairToPlace: B-C
 
*****VOLGENDE ITERATIE*****
pairs: [B-C, B-D, C-D] & pairsUsed: [A-B, A-C, A-D]
doubles: [] & doublesUsed: []
currentGame: 2 & prevGame: [0, 1, 2]
currentRound: 0 & prevRound: [0, 1, 2]
TEMPBOARD: 
         | Game 1 |  Game 2 |  Game 3 |  
_________ ________ _________ _________ 
Round 1  |  A-B   |         |         |   
Round 2  |        |   A-C   |         |   
Round 3  |        |         |   A-D   |   
Round 4  |        |         |         |   
Round 5  |        |         |         |   
Round 6  |        |         |         |   
pairToPlace: B-C
 
*****VOLGENDE ITERATIE*****
pairs: [B-C, B-D, C-D] & pairsUsed: [A-B, A-C, A-D]
doubles: [] & doublesUsed: []
currentGame: 2 & prevGame: [0, 1, 2]
currentRound: 1 & prevRound: [0, 1, 2]
TEMPBOARD: 
         | Game 1 |  Game 2 |  Game 3 |  
_________ ________ _________ _________ 
Round 1  |  A-B   |         |         |   
Round 2  |        |   A-C   |         |   
Round 3  |        |         |   A-D   |   
Round 4  |        |         |         |   
Round 5  |        |         |         |   
Round 6  |        |         |         |   
pairToPlace: B-C
 
*****VOLGENDE ITERATIE*****
pairs: [B-C, B-D, C-D] & pairsUsed: [A-B, A-C, A-D]
doubles: [] & doublesUsed: []
currentGame: 2 & prevGame: [0, 1, 2]
currentRound: 2 & prevRound: [0, 1, 2]
TEMPBOARD: 
         | Game 1 |  Game 2 |  Game 3 |  
_________ ________ _________ _________ 
Round 1  |  A-B   |         |         |   
Round 2  |        |   A-C   |         |   
Round 3  |        |         |   A-D   |   
Round 4  |        |         |         |   
Round 5  |        |         |         |   
Round 6  |        |         |         |   
pairToPlace: B-C
 
*****VOLGENDE ITERATIE*****
pairs: [B-C, B-D, C-D] & pairsUsed: [A-B, A-C, A-D]
doubles: [] & doublesUsed: []
currentGame: 2 & prevGame: [0, 1, 2]
currentRound: 3 & prevRound: [0, 1, 2]
TEMPBOARD: 
         | Game 1 |  Game 2 |  Game 3 |  
_________ ________ _________ _________ 
Round 1  |  A-B   |         |         |   
Round 2  |        |   A-C   |         |   
Round 3  |        |         |   A-D   |   
Round 4  |        |         |         |   
Round 5  |        |         |         |   
Round 6  |        |         |         |   
pairToPlace: B-C
 
*****VOLGENDE ITERATIE*****
pairs: [B-D, C-D] & pairsUsed: [A-B, A-C, A-D, B-C]
doubles: [] & doublesUsed: []
currentGame: 0 & prevGame: [0, 1, 2, 2]
currentRound: 0 & prevRound: [0, 1, 2, 3]
TEMPBOARD: 
         | Game 1 |  Game 2 |  Game 3 |  
_________ ________ _________ _________ 
Round 1  |  A-B   |         |         |   
Round 2  |        |   A-C   |         |   
Round 3  |        |         |   A-D   |   
Round 4  |        |         |   B-C   |   
Round 5  |        |         |         |   
Round 6  |        |         |         |   
pairToPlace: B-D
 
*****VOLGENDE ITERATIE*****
pairs: [B-D, C-D] & pairsUsed: [A-B, A-C, A-D, B-C]
doubles: [] & doublesUsed: []
currentGame: 0 & prevGame: [0, 1, 2, 2]
currentRound: 1 & prevRound: [0, 1, 2, 3]
TEMPBOARD: 
         | Game 1 |  Game 2 |  Game 3 |  
_________ ________ _________ _________ 
Round 1  |  A-B   |         |         |   
Round 2  |        |   A-C   |         |   
Round 3  |        |         |   A-D   |   
Round 4  |        |         |   B-C   |   
Round 5  |        |         |         |   
Round 6  |        |         |         |   
pairToPlace: B-D
 
*****VOLGENDE ITERATIE*****
pairs: [B-D, C-D] & pairsUsed: [A-B, A-C, A-D, B-C]
doubles: [] & doublesUsed: []
currentGame: 0 & prevGame: [0, 1, 2, 2]
currentRound: 2 & prevRound: [0, 1, 2, 3]
TEMPBOARD: 
         | Game 1 |  Game 2 |  Game 3 |  
_________ ________ _________ _________ 
Round 1  |  A-B   |         |         |   
Round 2  |        |   A-C   |         |   
Round 3  |        |         |   A-D   |   
Round 4  |        |         |   B-C   |   
Round 5  |        |         |         |   
Round 6  |        |         |         |   
pairToPlace: B-D
 
*****VOLGENDE ITERATIE*****
pairs: [B-D, C-D] & pairsUsed: [A-B, A-C, A-D, B-C]
doubles: [] & doublesUsed: []
currentGame: 0 & prevGame: [0, 1, 2, 2]
currentRound: 3 & prevRound: [0, 1, 2, 3]
TEMPBOARD: 
         | Game 1 |  Game 2 |  Game 3 |  
_________ ________ _________ _________ 
Round 1  |  A-B   |         |         |   
Round 2  |        |   A-C   |         |   
Round 3  |        |         |   A-D   |   
Round 4  |        |         |   B-C   |   
Round 5  |        |         |         |   
Round 6  |        |         |         |   
pairToPlace: B-D
 
*****VOLGENDE ITERATIE*****
pairs: [B-D, C-D] & pairsUsed: [A-B, A-C, A-D, B-C]
doubles: [] & doublesUsed: []
currentGame: 0 & prevGame: [0, 1, 2, 2]
currentRound: 4 & prevRound: [0, 1, 2, 3]
TEMPBOARD: 
         | Game 1 |  Game 2 |  Game 3 |  
_________ ________ _________ _________ 
Round 1  |  A-B   |         |         |   
Round 2  |        |   A-C   |         |   
Round 3  |        |         |   A-D   |   
Round 4  |        |         |   B-C   |   
Round 5  |        |         |         |   
Round 6  |        |         |         |   
pairToPlace: B-D
 
*****VOLGENDE ITERATIE*****
pairs: [B-D, C-D] & pairsUsed: [A-B, A-C, A-D, B-C]
doubles: [] & doublesUsed: []
currentGame: 0 & prevGame: [0, 1, 2, 2]
currentRound: 5 & prevRound: [0, 1, 2, 3]
TEMPBOARD: 
         | Game 1 |  Game 2 |  Game 3 |  
_________ ________ _________ _________ 
Round 1  |  A-B   |         |         |   
Round 2  |        |   A-C   |         |   
Round 3  |        |         |   A-D   |   
Round 4  |        |         |   B-C   |   
Round 5  |        |         |         |   
Round 6  |        |         |         |   
pairToPlace: B-D
 
*****VOLGENDE ITERATIE*****
pairs: [B-D, C-D] & pairsUsed: [A-B, A-C, A-D, B-C]
doubles: [] & doublesUsed: []
currentGame: 0 & prevGame: [0, 1, 2, 2]
currentRound: 6 & prevRound: [0, 1, 2, 3]
TEMPBOARD: 
         | Game 1 |  Game 2 |  Game 3 |  
_________ ________ _________ _________ 
Round 1  |  A-B   |         |         |   
Round 2  |        |   A-C   |         |   
Round 3  |        |         |   A-D   |   
Round 4  |        |         |   B-C   |   
Round 5  |        |         |         |   
Round 6  |        |         |         |   
pairToPlace: B-D
 
*****VOLGENDE ITERATIE*****
pairs: [B-D, C-D] & pairsUsed: [A-B, A-C, A-D, B-C]
doubles: [] & doublesUsed: []
currentGame: 1 & prevGame: [0, 1, 2, 2]
currentRound: 0 & prevRound: [0, 1, 2, 3]
TEMPBOARD: 
         | Game 1 |  Game 2 |  Game 3 |  
_________ ________ _________ _________ 
Round 1  |  A-B   |         |         |   
Round 2  |        |   A-C   |         |   
Round 3  |        |         |   A-D   |   
Round 4  |        |         |   B-C   |   
Round 5  |        |         |         |   
Round 6  |        |         |         |   
pairToPlace: B-D
 
*****VOLGENDE ITERATIE*****
pairs: [B-D, C-D] & pairsUsed: [A-B, A-C, A-D, B-C]
doubles: [] & doublesUsed: []
currentGame: 1 & prevGame: [0, 1, 2, 2]
currentRound: 1 & prevRound: [0, 1, 2, 3]
TEMPBOARD: 
         | Game 1 |  Game 2 |  Game 3 |  
_________ ________ _________ _________ 
Round 1  |  A-B   |         |         |   
Round 2  |        |   A-C   |         |   
Round 3  |        |         |   A-D   |   
Round 4  |        |         |   B-C   |   
Round 5  |        |         |         |   
Round 6  |        |         |         |   
pairToPlace: B-D
 
*****VOLGENDE ITERATIE*****
pairs: [B-D, C-D] & pairsUsed: [A-B, A-C, A-D, B-C]
doubles: [] & doublesUsed: []
currentGame: 1 & prevGame: [0, 1, 2, 2]
currentRound: 2 & prevRound: [0, 1, 2, 3]
TEMPBOARD: 
         | Game 1 |  Game 2 |  Game 3 |  
_________ ________ _________ _________ 
Round 1  |  A-B   |         |         |   
Round 2  |        |   A-C   |         |   
Round 3  |        |         |   A-D   |   
Round 4  |        |         |   B-C   |   
Round 5  |        |         |         |   
Round 6  |        |         |         |   
pairToPlace: B-D
 
*****VOLGENDE ITERATIE*****
pairs: [B-D, C-D] & pairsUsed: [A-B, A-C, A-D, B-C]
doubles: [] & doublesUsed: []
currentGame: 1 & prevGame: [0, 1, 2, 2]
currentRound: 3 & prevRound: [0, 1, 2, 3]
TEMPBOARD: 
         | Game 1 |  Game 2 |  Game 3 |  
_________ ________ _________ _________ 
Round 1  |  A-B   |         |         |   
Round 2  |        |   A-C   |         |   
Round 3  |        |         |   A-D   |   
Round 4  |        |         |   B-C   |   
Round 5  |        |         |         |   
Round 6  |        |         |         |   
pairToPlace: B-D
 
*****VOLGENDE ITERATIE*****
pairs: [B-D, C-D] & pairsUsed: [A-B, A-C, A-D, B-C]
doubles: [] & doublesUsed: []
currentGame: 1 & prevGame: [0, 1, 2, 2]
currentRound: 4 & prevRound: [0, 1, 2, 3]
TEMPBOARD: 
         | Game 1 |  Game 2 |  Game 3 |  
_________ ________ _________ _________ 
Round 1  |  A-B   |         |         |   
Round 2  |        |   A-C   |         |   
Round 3  |        |         |   A-D   |   
Round 4  |        |         |   B-C   |   
Round 5  |        |         |         |   
Round 6  |        |         |         |   
pairToPlace: B-D
 
*****VOLGENDE ITERATIE*****
pairs: [C-D] & pairsUsed: [A-B, A-C, A-D, B-C, B-D]
doubles: [] & doublesUsed: []
currentGame: 0 & prevGame: [0, 1, 2, 2, 1]
currentRound: 0 & prevRound: [0, 1, 2, 3, 4]
TEMPBOARD: 
         | Game 1 |  Game 2 |  Game 3 |  
_________ ________ _________ _________ 
Round 1  |  A-B   |         |         |   
Round 2  |        |   A-C   |         |   
Round 3  |        |         |   A-D   |   
Round 4  |        |         |   B-C   |   
Round 5  |        |   B-D   |         |   
Round 6  |        |         |         |   
pairToPlace: C-D
 
*****VOLGENDE ITERATIE*****
pairs: [C-D] & pairsUsed: [A-B, A-C, A-D, B-C, B-D]
doubles: [] & doublesUsed: []
currentGame: 0 & prevGame: [0, 1, 2, 2, 1]
currentRound: 1 & prevRound: [0, 1, 2, 3, 4]
TEMPBOARD: 
         | Game 1 |  Game 2 |  Game 3 |  
_________ ________ _________ _________ 
Round 1  |  A-B   |         |         |   
Round 2  |        |   A-C   |         |   
Round 3  |        |         |   A-D   |   
Round 4  |        |         |   B-C   |   
Round 5  |        |   B-D   |         |   
Round 6  |        |         |         |   
pairToPlace: C-D
 
*****VOLGENDE ITERATIE*****
pairs: [C-D] & pairsUsed: [A-B, A-C, A-D, B-C, B-D]
doubles: [] & doublesUsed: []
currentGame: 0 & prevGame: [0, 1, 2, 2, 1]
currentRound: 2 & prevRound: [0, 1, 2, 3, 4]
TEMPBOARD: 
         | Game 1 |  Game 2 |  Game 3 |  
_________ ________ _________ _________ 
Round 1  |  A-B   |         |         |   
Round 2  |        |   A-C   |         |   
Round 3  |        |         |   A-D   |   
Round 4  |        |         |   B-C   |   
Round 5  |        |   B-D   |         |   
Round 6  |        |         |         |   
pairToPlace: C-D
 
*****VOLGENDE ITERATIE*****
pairs: [C-D] & pairsUsed: [A-B, A-C, A-D, B-C, B-D]
doubles: [] & doublesUsed: []
currentGame: 0 & prevGame: [0, 1, 2, 2, 1]
currentRound: 3 & prevRound: [0, 1, 2, 3, 4]
TEMPBOARD: 
         | Game 1 |  Game 2 |  Game 3 |  
_________ ________ _________ _________ 
Round 1  |  A-B   |         |         |   
Round 2  |        |   A-C   |         |   
Round 3  |        |         |   A-D   |   
Round 4  |        |         |   B-C   |   
Round 5  |        |   B-D   |         |   
Round 6  |        |         |         |   
pairToPlace: C-D
 
*****VOLGENDE ITERATIE*****
pairs: [C-D] & pairsUsed: [A-B, A-C, A-D, B-C, B-D]
doubles: [] & doublesUsed: []
currentGame: 0 & prevGame: [0, 1, 2, 2, 1]
currentRound: 4 & prevRound: [0, 1, 2, 3, 4]
TEMPBOARD: 
         | Game 1 |  Game 2 |  Game 3 |  
_________ ________ _________ _________ 
Round 1  |  A-B   |         |         |   
Round 2  |        |   A-C   |         |   
Round 3  |        |         |   A-D   |   
Round 4  |        |         |   B-C   |   
Round 5  |        |   B-D   |         |   
Round 6  |        |         |         |   
pairToPlace: C-D
 
*****VOLGENDE ITERATIE*****
pairs: [C-D] & pairsUsed: [A-B, A-C, A-D, B-C, B-D]
doubles: [] & doublesUsed: []
currentGame: 0 & prevGame: [0, 1, 2, 2, 1]
currentRound: 5 & prevRound: [0, 1, 2, 3, 4]
TEMPBOARD: 
         | Game 1 |  Game 2 |  Game 3 |  
_________ ________ _________ _________ 
Round 1  |  A-B   |         |         |   
Round 2  |        |   A-C   |         |   
Round 3  |        |         |   A-D   |   
Round 4  |        |         |   B-C   |   
Round 5  |        |   B-D   |         |   
Round 6  |        |         |         |   
pairToPlace: C-D
 
*****VOLGENDE ITERATIE*****
pairs: [] & pairsUsed: [A-B, A-C, A-D, B-C, B-D, C-D]
doubles: [] & doublesUsed: []
currentGame: 0 & prevGame: [0, 1, 2, 2, 1, 0]
currentRound: 0 & prevRound: [0, 1, 2, 3, 4, 5]
TEMPBOARD: 
         | Game 1 |  Game 2 |  Game 3 |  
_________ ________ _________ _________ 
Round 1  |  A-B   |         |         |   
Round 2  |        |   A-C   |         |   
Round 3  |        |         |   A-D   |   
Round 4  |        |         |   B-C   |   
Round 5  |        |   B-D   |         |   
Round 6  |  C-D   |         |         |   
 
*****VOLGENDE ITERATIE*****
pairs: [A-B] & pairsUsed: []
doubles: [A-B] & doublesUsed: []
currentGame: 0 & prevGame: []
currentRound: 0 & prevRound: []
TEMPBOARD: 
         | Game 1 |  
_________ ________ 
Round 1  |        |   
pairToPlace: A-B
 
*****VOLGENDE ITERATIE*****
pairs: [] & pairsUsed: [A-B]
doubles: [A-B] & doublesUsed: []
currentGame: 0 & prevGame: [0]
currentRound: 0 & prevRound: [0]
TEMPBOARD: 
         | Game 1 |  
_________ ________ 
Round 1  |  A-B   |   
 
*****VOLGENDE ITERATIE*****
pairs: [A-B] & pairsUsed: []
doubles: [] & doublesUsed: []
currentGame: 0 & prevGame: []
currentRound: 0 & prevRound: []
TEMPBOARD: 
         | Game 1 |  
_________ ________ 
Round 1  |        |   
pairToPlace: A-B
 
*****VOLGENDE ITERATIE*****
pairs: [] & pairsUsed: [A-B]
doubles: [] & doublesUsed: []
currentGame: 0 & prevGame: [0]
currentRound: 0 & prevRound: [0]
TEMPBOARD: 
         | Game 1 |  
_________ ________ 
Round 1  |  A-B   |   
 
*****VOLGENDE ITERATIE*****
pairs: [A-B] & pairsUsed: []
doubles: [A-B] & doublesUsed: []
currentGame: 0 & prevGame: []
currentRound: 0 & prevRound: []
TEMPBOARD: 
         | Game 1 |  Game 2 |  
_________ ________ _________ 
Round 1  |        |         |   
Round 2  |        |         |   
pairToPlace: A-B
 
*****VOLGENDE ITERATIE*****
pairs: [] & pairsUsed: [A-B]
doubles: [A-B] & doublesUsed: []
currentGame: 0 & prevGame: [0]
currentRound: 0 & prevRound: [0]
TEMPBOARD: 
         | Game 1 |  Game 2 |  
_________ ________ _________ 
Round 1  |  A-B   |         |   
Round 2  |        |         |   
pairToPlace: A-B
 
*****VOLGENDE ITERATIE*****
pairs: [] & pairsUsed: [A-B]
doubles: [A-B] & doublesUsed: []
currentGame: 0 & prevGame: [0]
currentRound: 1 & prevRound: [0]
TEMPBOARD: 
         | Game 1 |  Game 2 |  
_________ ________ _________ 
Round 1  |  A-B   |         |   
Round 2  |        |         |   
pairToPlace: A-B
 
*****VOLGENDE ITERATIE*****
pairs: [] & pairsUsed: [A-B]
doubles: [A-B] & doublesUsed: []
currentGame: 0 & prevGame: [0]
currentRound: 2 & prevRound: [0]
TEMPBOARD: 
         | Game 1 |  Game 2 |  
_________ ________ _________ 
Round 1  |  A-B   |         |   
Round 2  |        |         |   
pairToPlace: A-B
 
*****VOLGENDE ITERATIE*****
pairs: [] & pairsUsed: [A-B]
doubles: [A-B] & doublesUsed: []
currentGame: 1 & prevGame: [0]
currentRound: 0 & prevRound: [0]
TEMPBOARD: 
         | Game 1 |  Game 2 |  
_________ ________ _________ 
Round 1  |  A-B   |         |   
Round 2  |        |         |   
pairToPlace: A-B
 
*****VOLGENDE ITERATIE*****
pairs: [] & pairsUsed: [A-B]
doubles: [A-B] & doublesUsed: []
currentGame: 1 & prevGame: [0]
currentRound: 1 & prevRound: [0]
TEMPBOARD: 
         | Game 1 |  Game 2 |  
_________ ________ _________ 
Round 1  |  A-B   |         |   
Round 2  |        |         |   
pairToPlace: A-B
 
*****VOLGENDE ITERATIE*****
pairs: [] & pairsUsed: [A-B]
doubles: [] & doublesUsed: [A-B]
currentGame: 0 & prevGame: [0, 1]
currentRound: 0 & prevRound: [0, 1]
TEMPBOARD: 
         | Game 1 |  Game 2 |  
_________ ________ _________ 
Round 1  |  A-B   |         |   
Round 2  |        |   A-B   |   
 
*****VOLGENDE ITERATIE*****
pairs: [A-B] & pairsUsed: []
doubles: [] & doublesUsed: []
currentGame: 0 & prevGame: []
currentRound: 0 & prevRound: []
TEMPBOARD: 
         | Game 1 |  Game 2 |  
_________ ________ _________ 
Round 1  |        |         |   
pairToPlace: A-B
 
*****VOLGENDE ITERATIE*****
pairs: [] & pairsUsed: [A-B]
doubles: [] & doublesUsed: []
currentGame: 0 & prevGame: [0]
currentRound: 0 & prevRound: [0]
TEMPBOARD: 
         | Game 1 |  Game 2 |  
_________ ________ _________ 
Round 1  |  A-B   |         |   
 
*****VOLGENDE ITERATIE*****
pairs: [A-B, A-C, A-D, B-C, B-D, C-D] & pairsUsed: []
doubles: [A-B, A-C, A-D, B-C, B-D, C-D] & doublesUsed: []
currentGame: 0 & prevGame: []
currentRound: 0 & prevRound: []
TEMPBOARD: 
         | Game 1 |  Game 2 |  Game 3 |  Game 4 |  
_________ ________ _________ _________ _________ 
Round 1  |        |         |         |         |   
Round 2  |        |         |         |         |   
Round 3  |        |         |         |         |   
Round 4  |        |         |         |         |   
Round 5  |        |         |         |         |   
Round 6  |        |         |         |         |   
pairToPlace: A-B
 
*****VOLGENDE ITERATIE*****
pairs: [A-C, A-D, B-C, B-D, C-D] & pairsUsed: [A-B]
doubles: [A-B, A-C, A-D, B-C, B-D, C-D] & doublesUsed: []
currentGame: 0 & prevGame: [0]
currentRound: 0 & prevRound: [0]
TEMPBOARD: 
         | Game 1 |  Game 2 |  Game 3 |  Game 4 |  
_________ ________ _________ _________ _________ 
Round 1  |  A-B   |         |         |         |   
Round 2  |        |         |         |         |   
Round 3  |        |         |         |         |   
Round 4  |        |         |         |         |   
Round 5  |        |         |         |         |   
Round 6  |        |         |         |         |   
pairToPlace: A-C
 
*****VOLGENDE ITERATIE*****
pairs: [A-C, A-D, B-C, B-D, C-D] & pairsUsed: [A-B]
doubles: [A-B, A-C, A-D, B-C, B-D, C-D] & doublesUsed: []
currentGame: 0 & prevGame: [0]
currentRound: 1 & prevRound: [0]
TEMPBOARD: 
         | Game 1 |  Game 2 |  Game 3 |  Game 4 |  
_________ ________ _________ _________ _________ 
Round 1  |  A-B   |         |         |         |   
Round 2  |        |         |         |         |   
Round 3  |        |         |         |         |   
Round 4  |        |         |         |         |   
Round 5  |        |         |         |         |   
Round 6  |        |         |         |         |   
pairToPlace: A-C
 
*****VOLGENDE ITERATIE*****
pairs: [A-C, A-D, B-C, B-D, C-D] & pairsUsed: [A-B]
doubles: [A-B, A-C, A-D, B-C, B-D, C-D] & doublesUsed: []
currentGame: 0 & prevGame: [0]
currentRound: 2 & prevRound: [0]
TEMPBOARD: 
         | Game 1 |  Game 2 |  Game 3 |  Game 4 |  
_________ ________ _________ _________ _________ 
Round 1  |  A-B   |         |         |         |   
Round 2  |        |         |         |         |   
Round 3  |        |         |         |         |   
Round 4  |        |         |         |         |   
Round 5  |        |         |         |         |   
Round 6  |        |         |         |         |   
pairToPlace: A-C
 
*****VOLGENDE ITERATIE*****
pairs: [A-C, A-D, B-C, B-D, C-D] & pairsUsed: [A-B]
doubles: [A-B, A-C, A-D, B-C, B-D, C-D] & doublesUsed: []
currentGame: 0 & prevGame: [0]
currentRound: 3 & prevRound: [0]
TEMPBOARD: 
         | Game 1 |  Game 2 |  Game 3 |  Game 4 |  
_________ ________ _________ _________ _________ 
Round 1  |  A-B   |         |         |         |   
Round 2  |        |         |         |         |   
Round 3  |        |         |         |         |   
Round 4  |        |         |         |         |   
Round 5  |        |         |         |         |   
Round 6  |        |         |         |         |   
pairToPlace: A-C
 
*****VOLGENDE ITERATIE*****
pairs: [A-C, A-D, B-C, B-D, C-D] & pairsUsed: [A-B]
doubles: [A-B, A-C, A-D, B-C, B-D, C-D] & doublesUsed: []
currentGame: 0 & prevGame: [0]
currentRound: 4 & prevRound: [0]
TEMPBOARD: 
         | Game 1 |  Game 2 |  Game 3 |  Game 4 |  
_________ ________ _________ _________ _________ 
Round 1  |  A-B   |         |         |         |   
Round 2  |        |         |         |         |   
Round 3  |        |         |         |         |   
Round 4  |        |         |         |         |   
Round 5  |        |         |         |         |   
Round 6  |        |         |         |         |   
pairToPlace: A-C
 
*****VOLGENDE ITERATIE*****
pairs: [A-C, A-D, B-C, B-D, C-D] & pairsUsed: [A-B]
doubles: [A-B, A-C, A-D, B-C, B-D, C-D] & doublesUsed: []
currentGame: 0 & prevGame: [0]
currentRound: 5 & prevRound: [0]
TEMPBOARD: 
         | Game 1 |  Game 2 |  Game 3 |  Game 4 |  
_________ ________ _________ _________ _________ 
Round 1  |  A-B   |         |         |         |   
Round 2  |        |         |         |         |   
Round 3  |        |         |         |         |   
Round 4  |        |         |         |         |   
Round 5  |        |         |         |         |   
Round 6  |        |         |         |         |   
pairToPlace: A-C
 
*****VOLGENDE ITERATIE*****
pairs: [A-C, A-D, B-C, B-D, C-D] & pairsUsed: [A-B]
doubles: [A-B, A-C, A-D, B-C, B-D, C-D] & doublesUsed: []
currentGame: 0 & prevGame: [0]
currentRound: 6 & prevRound: [0]
TEMPBOARD: 
         | Game 1 |  Game 2 |  Game 3 |  Game 4 |  
_________ ________ _________ _________ _________ 
Round 1  |  A-B   |         |         |         |   
Round 2  |        |         |         |         |   
Round 3  |        |         |         |         |   
Round 4  |        |         |         |         |   
Round 5  |        |         |         |         |   
Round 6  |        |         |         |         |   
pairToPlace: A-C
 
*****VOLGENDE ITERATIE*****
pairs: [A-C, A-D, B-C, B-D, C-D] & pairsUsed: [A-B]
doubles: [A-B, A-C, A-D, B-C, B-D, C-D] & doublesUsed: []
currentGame: 1 & prevGame: [0]
currentRound: 0 & prevRound: [0]
TEMPBOARD: 
         | Game 1 |  Game 2 |  Game 3 |  Game 4 |  
_________ ________ _________ _________ _________ 
Round 1  |  A-B   |         |         |         |   
Round 2  |        |         |         |         |   
Round 3  |        |         |         |         |   
Round 4  |        |         |         |         |   
Round 5  |        |         |         |         |   
Round 6  |        |         |         |         |   
pairToPlace: A-C
 
*****VOLGENDE ITERATIE*****
pairs: [A-C, A-D, B-C, B-D, C-D] & pairsUsed: [A-B]
doubles: [A-B, A-C, A-D, B-C, B-D, C-D] & doublesUsed: []
currentGame: 1 & prevGame: [0]
currentRound: 1 & prevRound: [0]
TEMPBOARD: 
         | Game 1 |  Game 2 |  Game 3 |  Game 4 |  
_________ ________ _________ _________ _________ 
Round 1  |  A-B   |         |         |         |   
Round 2  |        |         |         |         |   
Round 3  |        |         |         |         |   
Round 4  |        |         |         |         |   
Round 5  |        |         |         |         |   
Round 6  |        |         |         |         |   
pairToPlace: A-C
 
*****VOLGENDE ITERATIE*****
pairs: [A-D, B-C, B-D, C-D] & pairsUsed: [A-B, A-C]
doubles: [A-B, A-C, A-D, B-C, B-D, C-D] & doublesUsed: []
currentGame: 0 & prevGame: [0, 1]
currentRound: 0 & prevRound: [0, 1]
TEMPBOARD: 
         | Game 1 |  Game 2 |  Game 3 |  Game 4 |  
_________ ________ _________ _________ _________ 
Round 1  |  A-B   |         |         |         |   
Round 2  |        |   A-C   |         |         |   
Round 3  |        |         |         |         |   
Round 4  |        |         |         |         |   
Round 5  |        |         |         |         |   
Round 6  |        |         |         |         |   
pairToPlace: A-D
 
*****VOLGENDE ITERATIE*****
pairs: [A-D, B-C, B-D, C-D] & pairsUsed: [A-B, A-C]
doubles: [A-B, A-C, A-D, B-C, B-D, C-D] & doublesUsed: []
currentGame: 0 & prevGame: [0, 1]
currentRound: 1 & prevRound: [0, 1]
TEMPBOARD: 
         | Game 1 |  Game 2 |  Game 3 |  Game 4 |  
_________ ________ _________ _________ _________ 
Round 1  |  A-B   |         |         |         |   
Round 2  |        |   A-C   |         |         |   
Round 3  |        |         |         |         |   
Round 4  |        |         |         |         |   
Round 5  |        |         |         |         |   
Round 6  |        |         |         |         |   
pairToPlace: A-D
 
*****VOLGENDE ITERATIE*****
pairs: [A-D, B-C, B-D, C-D] & pairsUsed: [A-B, A-C]
doubles: [A-B, A-C, A-D, B-C, B-D, C-D] & doublesUsed: []
currentGame: 0 & prevGame: [0, 1]
currentRound: 2 & prevRound: [0, 1]
TEMPBOARD: 
         | Game 1 |  Game 2 |  Game 3 |  Game 4 |  
_________ ________ _________ _________ _________ 
Round 1  |  A-B   |         |         |         |   
Round 2  |        |   A-C   |         |         |   
Round 3  |        |         |         |         |   
Round 4  |        |         |         |         |   
Round 5  |        |         |         |         |   
Round 6  |        |         |         |         |   
pairToPlace: A-D
 
*****VOLGENDE ITERATIE*****
pairs: [A-D, B-C, B-D, C-D] & pairsUsed: [A-B, A-C]
doubles: [A-B, A-C, A-D, B-C, B-D, C-D] & doublesUsed: []
currentGame: 0 & prevGame: [0, 1]
currentRound: 3 & prevRound: [0, 1]
TEMPBOARD: 
         | Game 1 |  Game 2 |  Game 3 |  Game 4 |  
_________ ________ _________ _________ _________ 
Round 1  |  A-B   |         |         |         |   
Round 2  |        |   A-C   |         |         |   
Round 3  |        |         |         |         |   
Round 4  |        |         |         |         |   
Round 5  |        |         |         |         |   
Round 6  |        |         |         |         |   
pairToPlace: A-D
 
*****VOLGENDE ITERATIE*****
pairs: [A-D, B-C, B-D, C-D] & pairsUsed: [A-B, A-C]
doubles: [A-B, A-C, A-D, B-C, B-D, C-D] & doublesUsed: []
currentGame: 0 & prevGame: [0, 1]
currentRound: 4 & prevRound: [0, 1]
TEMPBOARD: 
         | Game 1 |  Game 2 |  Game 3 |  Game 4 |  
_________ ________ _________ _________ _________ 
Round 1  |  A-B   |         |         |         |   
Round 2  |        |   A-C   |         |         |   
Round 3  |        |         |         |         |   
Round 4  |        |         |         |         |   
Round 5  |        |         |         |         |   
Round 6  |        |         |         |         |   
pairToPlace: A-D
 
*****VOLGENDE ITERATIE*****
pairs: [A-D, B-C, B-D, C-D] & pairsUsed: [A-B, A-C]
doubles: [A-B, A-C, A-D, B-C, B-D, C-D] & doublesUsed: []
currentGame: 0 & prevGame: [0, 1]
currentRound: 5 & prevRound: [0, 1]
TEMPBOARD: 
         | Game 1 |  Game 2 |  Game 3 |  Game 4 |  
_________ ________ _________ _________ _________ 
Round 1  |  A-B   |         |         |         |   
Round 2  |        |   A-C   |         |         |   
Round 3  |        |         |         |         |   
Round 4  |        |         |         |         |   
Round 5  |        |         |         |         |   
Round 6  |        |         |         |         |   
pairToPlace: A-D
 
*****VOLGENDE ITERATIE*****
pairs: [A-D, B-C, B-D, C-D] & pairsUsed: [A-B, A-C]
doubles: [A-B, A-C, A-D, B-C, B-D, C-D] & doublesUsed: []
currentGame: 0 & prevGame: [0, 1]
currentRound: 6 & prevRound: [0, 1]
TEMPBOARD: 
         | Game 1 |  Game 2 |  Game 3 |  Game 4 |  
_________ ________ _________ _________ _________ 
Round 1  |  A-B   |         |         |         |   
Round 2  |        |   A-C   |         |         |   
Round 3  |        |         |         |         |   
Round 4  |        |         |         |         |   
Round 5  |        |         |         |         |   
Round 6  |        |         |         |         |   
pairToPlace: A-D
 
*****VOLGENDE ITERATIE*****
pairs: [A-D, B-C, B-D, C-D] & pairsUsed: [A-B, A-C]
doubles: [A-B, A-C, A-D, B-C, B-D, C-D] & doublesUsed: []
currentGame: 1 & prevGame: [0, 1]
currentRound: 0 & prevRound: [0, 1]
TEMPBOARD: 
         | Game 1 |  Game 2 |  Game 3 |  Game 4 |  
_________ ________ _________ _________ _________ 
Round 1  |  A-B   |         |         |         |   
Round 2  |        |   A-C   |         |         |   
Round 3  |        |         |         |         |   
Round 4  |        |         |         |         |   
Round 5  |        |         |         |         |   
Round 6  |        |         |         |         |   
pairToPlace: A-D
 
*****VOLGENDE ITERATIE*****
pairs: [A-D, B-C, B-D, C-D] & pairsUsed: [A-B, A-C]
doubles: [A-B, A-C, A-D, B-C, B-D, C-D] & doublesUsed: []
currentGame: 1 & prevGame: [0, 1]
currentRound: 1 & prevRound: [0, 1]
TEMPBOARD: 
         | Game 1 |  Game 2 |  Game 3 |  Game 4 |  
_________ ________ _________ _________ _________ 
Round 1  |  A-B   |         |         |         |   
Round 2  |        |   A-C   |         |         |   
Round 3  |        |         |         |         |   
Round 4  |        |         |         |         |   
Round 5  |        |         |         |         |   
Round 6  |        |         |         |         |   
pairToPlace: A-D
 
*****VOLGENDE ITERATIE*****
pairs: [A-D, B-C, B-D, C-D] & pairsUsed: [A-B, A-C]
doubles: [A-B, A-C, A-D, B-C, B-D, C-D] & doublesUsed: []
currentGame: 1 & prevGame: [0, 1]
currentRound: 2 & prevRound: [0, 1]
TEMPBOARD: 
         | Game 1 |  Game 2 |  Game 3 |  Game 4 |  
_________ ________ _________ _________ _________ 
Round 1  |  A-B   |         |         |         |   
Round 2  |        |   A-C   |         |         |   
Round 3  |        |         |         |         |   
Round 4  |        |         |         |         |   
Round 5  |        |         |         |         |   
Round 6  |        |         |         |         |   
pairToPlace: A-D
 
*****VOLGENDE ITERATIE*****
pairs: [A-D, B-C, B-D, C-D] & pairsUsed: [A-B, A-C]
doubles: [A-B, A-C, A-D, B-C, B-D, C-D] & doublesUsed: []
currentGame: 1 & prevGame: [0, 1]
currentRound: 3 & prevRound: [0, 1]
TEMPBOARD: 
         | Game 1 |  Game 2 |  Game 3 |  Game 4 |  
_________ ________ _________ _________ _________ 
Round 1  |  A-B   |         |         |         |   
Round 2  |        |   A-C   |         |         |   
Round 3  |        |         |         |         |   
Round 4  |        |         |         |         |   
Round 5  |        |         |         |         |   
Round 6  |        |         |         |         |   
pairToPlace: A-D
 
*****VOLGENDE ITERATIE*****
pairs: [A-D, B-C, B-D, C-D] & pairsUsed: [A-B, A-C]
doubles: [A-B, A-C, A-D, B-C, B-D, C-D] & doublesUsed: []
currentGame: 1 & prevGame: [0, 1]
currentRound: 4 & prevRound: [0, 1]
TEMPBOARD: 
         | Game 1 |  Game 2 |  Game 3 |  Game 4 |  
_________ ________ _________ _________ _________ 
Round 1  |  A-B   |         |         |         |   
Round 2  |        |   A-C   |         |         |   
Round 3  |        |         |         |         |   
Round 4  |        |         |         |         |   
Round 5  |        |         |         |         |   
Round 6  |        |         |         |         |   
pairToPlace: A-D
 
*****VOLGENDE ITERATIE*****
pairs: [A-D, B-C, B-D, C-D] & pairsUsed: [A-B, A-C]
doubles: [A-B, A-C, A-D, B-C, B-D, C-D] & doublesUsed: []
currentGame: 1 & prevGame: [0, 1]
currentRound: 5 & prevRound: [0, 1]
TEMPBOARD: 
         | Game 1 |  Game 2 |  Game 3 |  Game 4 |  
_________ ________ _________ _________ _________ 
Round 1  |  A-B   |         |         |         |   
Round 2  |        |   A-C   |         |         |   
Round 3  |        |         |         |         |   
Round 4  |        |         |         |         |   
Round 5  |        |         |         |         |   
Round 6  |        |         |         |         |   
pairToPlace: A-D
 
*****VOLGENDE ITERATIE*****
pairs: [A-D, B-C, B-D, C-D] & pairsUsed: [A-B, A-C]
doubles: [A-B, A-C, A-D, B-C, B-D, C-D] & doublesUsed: []
currentGame: 1 & prevGame: [0, 1]
currentRound: 6 & prevRound: [0, 1]
TEMPBOARD: 
         | Game 1 |  Game 2 |  Game 3 |  Game 4 |  
_________ ________ _________ _________ _________ 
Round 1  |  A-B   |         |         |         |   
Round 2  |        |   A-C   |         |         |   
Round 3  |        |         |         |         |   
Round 4  |        |         |         |         |   
Round 5  |        |         |         |         |   
Round 6  |        |         |         |         |   
pairToPlace: A-D
 
*****VOLGENDE ITERATIE*****
pairs: [A-D, B-C, B-D, C-D] & pairsUsed: [A-B, A-C]
doubles: [A-B, A-C, A-D, B-C, B-D, C-D] & doublesUsed: []
currentGame: 2 & prevGame: [0, 1]
currentRound: 0 & prevRound: [0, 1]
TEMPBOARD: 
         | Game 1 |  Game 2 |  Game 3 |  Game 4 |  
_________ ________ _________ _________ _________ 
Round 1  |  A-B   |         |         |         |   
Round 2  |        |   A-C   |         |         |   
Round 3  |        |         |         |         |   
Round 4  |        |         |         |         |   
Round 5  |        |         |         |         |   
Round 6  |        |         |         |         |   
pairToPlace: A-D
 
*****VOLGENDE ITERATIE*****
pairs: [A-D, B-C, B-D, C-D] & pairsUsed: [A-B, A-C]
doubles: [A-B, A-C, A-D, B-C, B-D, C-D] & doublesUsed: []
currentGame: 2 & prevGame: [0, 1]
currentRound: 1 & prevRound: [0, 1]
TEMPBOARD: 
         | Game 1 |  Game 2 |  Game 3 |  Game 4 |  
_________ ________ _________ _________ _________ 
Round 1  |  A-B   |         |         |         |   
Round 2  |        |   A-C   |         |         |   
Round 3  |        |         |         |         |   
Round 4  |        |         |         |         |   
Round 5  |        |         |         |         |   
Round 6  |        |         |         |         |   
pairToPlace: A-D
 
*****VOLGENDE ITERATIE*****
pairs: [A-D, B-C, B-D, C-D] & pairsUsed: [A-B, A-C]
doubles: [A-B, A-C, A-D, B-C, B-D, C-D] & doublesUsed: []
currentGame: 2 & prevGame: [0, 1]
currentRound: 2 & prevRound: [0, 1]
TEMPBOARD: 
         | Game 1 |  Game 2 |  Game 3 |  Game 4 |  
_________ ________ _________ _________ _________ 
Round 1  |  A-B   |         |         |         |   
Round 2  |        |   A-C   |         |         |   
Round 3  |        |         |         |         |   
Round 4  |        |         |         |         |   
Round 5  |        |         |         |         |   
Round 6  |        |         |         |         |   
pairToPlace: A-D
 
*****VOLGENDE ITERATIE*****
pairs: [B-C, B-D, C-D] & pairsUsed: [A-B, A-C, A-D]
doubles: [A-B, A-C, A-D, B-C, B-D, C-D] & doublesUsed: []
currentGame: 0 & prevGame: [0, 1, 2]
currentRound: 0 & prevRound: [0, 1, 2]
TEMPBOARD: 
         | Game 1 |  Game 2 |  Game 3 |  Game 4 |  
_________ ________ _________ _________ _________ 
Round 1  |  A-B   |         |         |         |   
Round 2  |        |   A-C   |         |         |   
Round 3  |        |         |   A-D   |         |   
Round 4  |        |         |         |         |   
Round 5  |        |         |         |         |   
Round 6  |        |         |         |         |   
pairToPlace: B-C
 
*****VOLGENDE ITERATIE*****
pairs: [B-C, B-D, C-D] & pairsUsed: [A-B, A-C, A-D]
doubles: [A-B, A-C, A-D, B-C, B-D, C-D] & doublesUsed: []
currentGame: 0 & prevGame: [0, 1, 2]
currentRound: 1 & prevRound: [0, 1, 2]
TEMPBOARD: 
         | Game 1 |  Game 2 |  Game 3 |  Game 4 |  
_________ ________ _________ _________ _________ 
Round 1  |  A-B   |         |         |         |   
Round 2  |        |   A-C   |         |         |   
Round 3  |        |         |   A-D   |         |   
Round 4  |        |         |         |         |   
Round 5  |        |         |         |         |   
Round 6  |        |         |         |         |   
pairToPlace: B-C
 
*****VOLGENDE ITERATIE*****
pairs: [B-C, B-D, C-D] & pairsUsed: [A-B, A-C, A-D]
doubles: [A-B, A-C, A-D, B-C, B-D, C-D] & doublesUsed: []
currentGame: 0 & prevGame: [0, 1, 2]
currentRound: 2 & prevRound: [0, 1, 2]
TEMPBOARD: 
         | Game 1 |  Game 2 |  Game 3 |  Game 4 |  
_________ ________ _________ _________ _________ 
Round 1  |  A-B   |         |         |         |   
Round 2  |        |   A-C   |         |         |   
Round 3  |        |         |   A-D   |         |   
Round 4  |        |         |         |         |   
Round 5  |        |         |         |         |   
Round 6  |        |         |         |         |   
pairToPlace: B-C
 
*****VOLGENDE ITERATIE*****
pairs: [B-C, B-D, C-D] & pairsUsed: [A-B, A-C, A-D]
doubles: [A-B, A-C, A-D, B-C, B-D, C-D] & doublesUsed: []
currentGame: 0 & prevGame: [0, 1, 2]
currentRound: 3 & prevRound: [0, 1, 2]
TEMPBOARD: 
         | Game 1 |  Game 2 |  Game 3 |  Game 4 |  
_________ ________ _________ _________ _________ 
Round 1  |  A-B   |         |         |         |   
Round 2  |        |   A-C   |         |         |   
Round 3  |        |         |   A-D   |         |   
Round 4  |        |         |         |         |   
Round 5  |        |         |         |         |   
Round 6  |        |         |         |         |   
pairToPlace: B-C
 
*****VOLGENDE ITERATIE*****
pairs: [B-C, B-D, C-D] & pairsUsed: [A-B, A-C, A-D]
doubles: [A-B, A-C, A-D, B-C, B-D, C-D] & doublesUsed: []
currentGame: 0 & prevGame: [0, 1, 2]
currentRound: 4 & prevRound: [0, 1, 2]
TEMPBOARD: 
         | Game 1 |  Game 2 |  Game 3 |  Game 4 |  
_________ ________ _________ _________ _________ 
Round 1  |  A-B   |         |         |         |   
Round 2  |        |   A-C   |         |         |   
Round 3  |        |         |   A-D   |         |   
Round 4  |        |         |         |         |   
Round 5  |        |         |         |         |   
Round 6  |        |         |         |         |   
pairToPlace: B-C
 
*****VOLGENDE ITERATIE*****
pairs: [B-C, B-D, C-D] & pairsUsed: [A-B, A-C, A-D]
doubles: [A-B, A-C, A-D, B-C, B-D, C-D] & doublesUsed: []
currentGame: 0 & prevGame: [0, 1, 2]
currentRound: 5 & prevRound: [0, 1, 2]
TEMPBOARD: 
         | Game 1 |  Game 2 |  Game 3 |  Game 4 |  
_________ ________ _________ _________ _________ 
Round 1  |  A-B   |         |         |         |   
Round 2  |        |   A-C   |         |         |   
Round 3  |        |         |   A-D   |         |   
Round 4  |        |         |         |         |   
Round 5  |        |         |         |         |   
Round 6  |        |         |         |         |   
pairToPlace: B-C
 
*****VOLGENDE ITERATIE*****
pairs: [B-C, B-D, C-D] & pairsUsed: [A-B, A-C, A-D]
doubles: [A-B, A-C, A-D, B-C, B-D, C-D] & doublesUsed: []
currentGame: 0 & prevGame: [0, 1, 2]
currentRound: 6 & prevRound: [0, 1, 2]
TEMPBOARD: 
         | Game 1 |  Game 2 |  Game 3 |  Game 4 |  
_________ ________ _________ _________ _________ 
Round 1  |  A-B   |         |         |         |   
Round 2  |        |   A-C   |         |         |   
Round 3  |        |         |   A-D   |         |   
Round 4  |        |         |         |         |   
Round 5  |        |         |         |         |   
Round 6  |        |         |         |         |   
pairToPlace: B-C
 
*****VOLGENDE ITERATIE*****
pairs: [B-C, B-D, C-D] & pairsUsed: [A-B, A-C, A-D]
doubles: [A-B, A-C, A-D, B-C, B-D, C-D] & doublesUsed: []
currentGame: 1 & prevGame: [0, 1, 2]
currentRound: 0 & prevRound: [0, 1, 2]
TEMPBOARD: 
         | Game 1 |  Game 2 |  Game 3 |  Game 4 |  
_________ ________ _________ _________ _________ 
Round 1  |  A-B   |         |         |         |   
Round 2  |        |   A-C   |         |         |   
Round 3  |        |         |   A-D   |         |   
Round 4  |        |         |         |         |   
Round 5  |        |         |         |         |   
Round 6  |        |         |         |         |   
pairToPlace: B-C
 
*****VOLGENDE ITERATIE*****
pairs: [B-C, B-D, C-D] & pairsUsed: [A-B, A-C, A-D]
doubles: [A-B, A-C, A-D, B-C, B-D, C-D] & doublesUsed: []
currentGame: 1 & prevGame: [0, 1, 2]
currentRound: 1 & prevRound: [0, 1, 2]
TEMPBOARD: 
         | Game 1 |  Game 2 |  Game 3 |  Game 4 |  
_________ ________ _________ _________ _________ 
Round 1  |  A-B   |         |         |         |   
Round 2  |        |   A-C   |         |         |   
Round 3  |        |         |   A-D   |         |   
Round 4  |        |         |         |         |   
Round 5  |        |         |         |         |   
Round 6  |        |         |         |         |   
pairToPlace: B-C
 
*****VOLGENDE ITERATIE*****
pairs: [B-C, B-D, C-D] & pairsUsed: [A-B, A-C, A-D]
doubles: [A-B, A-C, A-D, B-C, B-D, C-D] & doublesUsed: []
currentGame: 1 & prevGame: [0, 1, 2]
currentRound: 2 & prevRound: [0, 1, 2]
TEMPBOARD: 
         | Game 1 |  Game 2 |  Game 3 |  Game 4 |  
_________ ________ _________ _________ _________ 
Round 1  |  A-B   |         |         |         |   
Round 2  |        |   A-C   |         |         |   
Round 3  |        |         |   A-D   |         |   
Round 4  |        |         |         |         |   
Round 5  |        |         |         |         |   
Round 6  |        |         |         |         |   
pairToPlace: B-C
 
*****VOLGENDE ITERATIE*****
pairs: [B-C, B-D, C-D] & pairsUsed: [A-B, A-C, A-D]
doubles: [A-B, A-C, A-D, B-C, B-D, C-D] & doublesUsed: []
currentGame: 1 & prevGame: [0, 1, 2]
currentRound: 3 & prevRound: [0, 1, 2]
TEMPBOARD: 
         | Game 1 |  Game 2 |  Game 3 |  Game 4 |  
_________ ________ _________ _________ _________ 
Round 1  |  A-B   |         |         |         |   
Round 2  |        |   A-C   |         |         |   
Round 3  |        |         |   A-D   |         |   
Round 4  |        |         |         |         |   
Round 5  |        |         |         |         |   
Round 6  |        |         |         |         |   
pairToPlace: B-C
 
*****VOLGENDE ITERATIE*****
pairs: [B-C, B-D, C-D] & pairsUsed: [A-B, A-C, A-D]
doubles: [A-B, A-C, A-D, B-C, B-D, C-D] & doublesUsed: []
currentGame: 1 & prevGame: [0, 1, 2]
currentRound: 4 & prevRound: [0, 1, 2]
TEMPBOARD: 
         | Game 1 |  Game 2 |  Game 3 |  Game 4 |  
_________ ________ _________ _________ _________ 
Round 1  |  A-B   |         |         |         |   
Round 2  |        |   A-C   |         |         |   
Round 3  |        |         |   A-D   |         |   
Round 4  |        |         |         |         |   
Round 5  |        |         |         |         |   
Round 6  |        |         |         |         |   
pairToPlace: B-C
 
*****VOLGENDE ITERATIE*****
pairs: [B-C, B-D, C-D] & pairsUsed: [A-B, A-C, A-D]
doubles: [A-B, A-C, A-D, B-C, B-D, C-D] & doublesUsed: []
currentGame: 1 & prevGame: [0, 1, 2]
currentRound: 5 & prevRound: [0, 1, 2]
TEMPBOARD: 
         | Game 1 |  Game 2 |  Game 3 |  Game 4 |  
_________ ________ _________ _________ _________ 
Round 1  |  A-B   |         |         |         |   
Round 2  |        |   A-C   |         |         |   
Round 3  |        |         |   A-D   |         |   
Round 4  |        |         |         |         |   
Round 5  |        |         |         |         |   
Round 6  |        |         |         |         |   
pairToPlace: B-C
 
*****VOLGENDE ITERATIE*****
pairs: [B-C, B-D, C-D] & pairsUsed: [A-B, A-C, A-D]
doubles: [A-B, A-C, A-D, B-C, B-D, C-D] & doublesUsed: []
currentGame: 1 & prevGame: [0, 1, 2]
currentRound: 6 & prevRound: [0, 1, 2]
TEMPBOARD: 
         | Game 1 |  Game 2 |  Game 3 |  Game 4 |  
_________ ________ _________ _________ _________ 
Round 1  |  A-B   |         |         |         |   
Round 2  |        |   A-C   |         |         |   
Round 3  |        |         |   A-D   |         |   
Round 4  |        |         |         |         |   
Round 5  |        |         |         |         |   
Round 6  |        |         |         |         |   
pairToPlace: B-C
 
*****VOLGENDE ITERATIE*****
pairs: [B-C, B-D, C-D] & pairsUsed: [A-B, A-C, A-D]
doubles: [A-B, A-C, A-D, B-C, B-D, C-D] & doublesUsed: []
currentGame: 2 & prevGame: [0, 1, 2]
currentRound: 0 & prevRound: [0, 1, 2]
TEMPBOARD: 
         | Game 1 |  Game 2 |  Game 3 |  Game 4 |  
_________ ________ _________ _________ _________ 
Round 1  |  A-B   |         |         |         |   
Round 2  |        |   A-C   |         |         |   
Round 3  |        |         |   A-D   |         |   
Round 4  |        |         |         |         |   
Round 5  |        |         |         |         |   
Round 6  |        |         |         |         |   
pairToPlace: B-C
 
*****VOLGENDE ITERATIE*****
pairs: [B-C, B-D, C-D] & pairsUsed: [A-B, A-C, A-D]
doubles: [A-B, A-C, A-D, B-C, B-D, C-D] & doublesUsed: []
currentGame: 2 & prevGame: [0, 1, 2]
currentRound: 1 & prevRound: [0, 1, 2]
TEMPBOARD: 
         | Game 1 |  Game 2 |  Game 3 |  Game 4 |  
_________ ________ _________ _________ _________ 
Round 1  |  A-B   |         |         |         |   
Round 2  |        |   A-C   |         |         |   
Round 3  |        |         |   A-D   |         |   
Round 4  |        |         |         |         |   
Round 5  |        |         |         |         |   
Round 6  |        |         |         |         |   
pairToPlace: B-C
 
*****VOLGENDE ITERATIE*****
pairs: [B-C, B-D, C-D] & pairsUsed: [A-B, A-C, A-D]
doubles: [A-B, A-C, A-D, B-C, B-D, C-D] & doublesUsed: []
currentGame: 2 & prevGame: [0, 1, 2]
currentRound: 2 & prevRound: [0, 1, 2]
TEMPBOARD: 
         | Game 1 |  Game 2 |  Game 3 |  Game 4 |  
_________ ________ _________ _________ _________ 
Round 1  |  A-B   |         |         |         |   
Round 2  |        |   A-C   |         |         |   
Round 3  |        |         |   A-D   |         |   
Round 4  |        |         |         |         |   
Round 5  |        |         |         |         |   
Round 6  |        |         |         |         |   
pairToPlace: B-C
 
*****VOLGENDE ITERATIE*****
pairs: [B-C, B-D, C-D] & pairsUsed: [A-B, A-C, A-D]
doubles: [A-B, A-C, A-D, B-C, B-D, C-D] & doublesUsed: []
currentGame: 2 & prevGame: [0, 1, 2]
currentRound: 3 & prevRound: [0, 1, 2]
TEMPBOARD: 
         | Game 1 |  Game 2 |  Game 3 |  Game 4 |  
_________ ________ _________ _________ _________ 
Round 1  |  A-B   |         |         |         |   
Round 2  |        |   A-C   |         |         |   
Round 3  |        |         |   A-D   |         |   
Round 4  |        |         |         |         |   
Round 5  |        |         |         |         |   
Round 6  |        |         |         |         |   
pairToPlace: B-C
 
*****VOLGENDE ITERATIE*****
pairs: [B-D, C-D] & pairsUsed: [A-B, A-C, A-D, B-C]
doubles: [A-B, A-C, A-D, B-C, B-D, C-D] & doublesUsed: []
currentGame: 0 & prevGame: [0, 1, 2, 2]
currentRound: 0 & prevRound: [0, 1, 2, 3]
TEMPBOARD: 
         | Game 1 |  Game 2 |  Game 3 |  Game 4 |  
_________ ________ _________ _________ _________ 
Round 1  |  A-B   |         |         |         |   
Round 2  |        |   A-C   |         |         |   
Round 3  |        |         |   A-D   |         |   
Round 4  |        |         |   B-C   |         |   
Round 5  |        |         |         |         |   
Round 6  |        |         |         |         |   
pairToPlace: B-D
 
*****VOLGENDE ITERATIE*****
pairs: [B-D, C-D] & pairsUsed: [A-B, A-C, A-D, B-C]
doubles: [A-B, A-C, A-D, B-C, B-D, C-D] & doublesUsed: []
currentGame: 0 & prevGame: [0, 1, 2, 2]
currentRound: 1 & prevRound: [0, 1, 2, 3]
TEMPBOARD: 
         | Game 1 |  Game 2 |  Game 3 |  Game 4 |  
_________ ________ _________ _________ _________ 
Round 1  |  A-B   |         |         |         |   
Round 2  |        |   A-C   |         |         |   
Round 3  |        |         |   A-D   |         |   
Round 4  |        |         |   B-C   |         |   
Round 5  |        |         |         |         |   
Round 6  |        |         |         |         |   
pairToPlace: B-D
 
*****VOLGENDE ITERATIE*****
pairs: [B-D, C-D] & pairsUsed: [A-B, A-C, A-D, B-C]
doubles: [A-B, A-C, A-D, B-C, B-D, C-D] & doublesUsed: []
currentGame: 0 & prevGame: [0, 1, 2, 2]
currentRound: 2 & prevRound: [0, 1, 2, 3]
TEMPBOARD: 
         | Game 1 |  Game 2 |  Game 3 |  Game 4 |  
_________ ________ _________ _________ _________ 
Round 1  |  A-B   |         |         |         |   
Round 2  |        |   A-C   |         |         |   
Round 3  |        |         |   A-D   |         |   
Round 4  |        |         |   B-C   |         |   
Round 5  |        |         |         |         |   
Round 6  |        |         |         |         |   
pairToPlace: B-D
 
*****VOLGENDE ITERATIE*****
pairs: [B-D, C-D] & pairsUsed: [A-B, A-C, A-D, B-C]
doubles: [A-B, A-C, A-D, B-C, B-D, C-D] & doublesUsed: []
currentGame: 0 & prevGame: [0, 1, 2, 2]
currentRound: 3 & prevRound: [0, 1, 2, 3]
TEMPBOARD: 
         | Game 1 |  Game 2 |  Game 3 |  Game 4 |  
_________ ________ _________ _________ _________ 
Round 1  |  A-B   |         |         |         |   
Round 2  |        |   A-C   |         |         |   
Round 3  |        |         |   A-D   |         |   
Round 4  |        |         |   B-C   |         |   
Round 5  |        |         |         |         |   
Round 6  |        |         |         |         |   
pairToPlace: B-D
 
*****VOLGENDE ITERATIE*****
pairs: [B-D, C-D] & pairsUsed: [A-B, A-C, A-D, B-C]
doubles: [A-B, A-C, A-D, B-C, B-D, C-D] & doublesUsed: []
currentGame: 0 & prevGame: [0, 1, 2, 2]
currentRound: 4 & prevRound: [0, 1, 2, 3]
TEMPBOARD: 
         | Game 1 |  Game 2 |  Game 3 |  Game 4 |  
_________ ________ _________ _________ _________ 
Round 1  |  A-B   |         |         |         |   
Round 2  |        |   A-C   |         |         |   
Round 3  |        |         |   A-D   |         |   
Round 4  |        |         |   B-C   |         |   
Round 5  |        |         |         |         |   
Round 6  |        |         |         |         |   
pairToPlace: B-D
 
*****VOLGENDE ITERATIE*****
pairs: [B-D, C-D] & pairsUsed: [A-B, A-C, A-D, B-C]
doubles: [A-B, A-C, A-D, B-C, B-D, C-D] & doublesUsed: []
currentGame: 0 & prevGame: [0, 1, 2, 2]
currentRound: 5 & prevRound: [0, 1, 2, 3]
TEMPBOARD: 
         | Game 1 |  Game 2 |  Game 3 |  Game 4 |  
_________ ________ _________ _________ _________ 
Round 1  |  A-B   |         |         |         |   
Round 2  |        |   A-C   |         |         |   
Round 3  |        |         |   A-D   |         |   
Round 4  |        |         |   B-C   |         |   
Round 5  |        |         |         |         |   
Round 6  |        |         |         |         |   
pairToPlace: B-D
 
*****VOLGENDE ITERATIE*****
pairs: [B-D, C-D] & pairsUsed: [A-B, A-C, A-D, B-C]
doubles: [A-B, A-C, A-D, B-C, B-D, C-D] & doublesUsed: []
currentGame: 0 & prevGame: [0, 1, 2, 2]
currentRound: 6 & prevRound: [0, 1, 2, 3]
TEMPBOARD: 
         | Game 1 |  Game 2 |  Game 3 |  Game 4 |  
_________ ________ _________ _________ _________ 
Round 1  |  A-B   |         |         |         |   
Round 2  |        |   A-C   |         |         |   
Round 3  |        |         |   A-D   |         |   
Round 4  |        |         |   B-C   |         |   
Round 5  |        |         |         |         |   
Round 6  |        |         |         |         |   
pairToPlace: B-D
 
*****VOLGENDE ITERATIE*****
pairs: [B-D, C-D] & pairsUsed: [A-B, A-C, A-D, B-C]
doubles: [A-B, A-C, A-D, B-C, B-D, C-D] & doublesUsed: []
currentGame: 1 & prevGame: [0, 1, 2, 2]
currentRound: 0 & prevRound: [0, 1, 2, 3]
TEMPBOARD: 
         | Game 1 |  Game 2 |  Game 3 |  Game 4 |  
_________ ________ _________ _________ _________ 
Round 1  |  A-B   |         |         |         |   
Round 2  |        |   A-C   |         |         |   
Round 3  |        |         |   A-D   |         |   
Round 4  |        |         |   B-C   |         |   
Round 5  |        |         |         |         |   
Round 6  |        |         |         |         |   
pairToPlace: B-D
 
*****VOLGENDE ITERATIE*****
pairs: [B-D, C-D] & pairsUsed: [A-B, A-C, A-D, B-C]
doubles: [A-B, A-C, A-D, B-C, B-D, C-D] & doublesUsed: []
currentGame: 1 & prevGame: [0, 1, 2, 2]
currentRound: 1 & prevRound: [0, 1, 2, 3]
TEMPBOARD: 
         | Game 1 |  Game 2 |  Game 3 |  Game 4 |  
_________ ________ _________ _________ _________ 
Round 1  |  A-B   |         |         |         |   
Round 2  |        |   A-C   |         |         |   
Round 3  |        |         |   A-D   |         |   
Round 4  |        |         |   B-C   |         |   
Round 5  |        |         |         |         |   
Round 6  |        |         |         |         |   
pairToPlace: B-D
 
*****VOLGENDE ITERATIE*****
pairs: [B-D, C-D] & pairsUsed: [A-B, A-C, A-D, B-C]
doubles: [A-B, A-C, A-D, B-C, B-D, C-D] & doublesUsed: []
currentGame: 1 & prevGame: [0, 1, 2, 2]
currentRound: 2 & prevRound: [0, 1, 2, 3]
TEMPBOARD: 
         | Game 1 |  Game 2 |  Game 3 |  Game 4 |  
_________ ________ _________ _________ _________ 
Round 1  |  A-B   |         |         |         |   
Round 2  |        |   A-C   |         |         |   
Round 3  |        |         |   A-D   |         |   
Round 4  |        |         |   B-C   |         |   
Round 5  |        |         |         |         |   
Round 6  |        |         |         |         |   
pairToPlace: B-D
 
*****VOLGENDE ITERATIE*****
pairs: [B-D, C-D] & pairsUsed: [A-B, A-C, A-D, B-C]
doubles: [A-B, A-C, A-D, B-C, B-D, C-D] & doublesUsed: []
currentGame: 1 & prevGame: [0, 1, 2, 2]
currentRound: 3 & prevRound: [0, 1, 2, 3]
TEMPBOARD: 
         | Game 1 |  Game 2 |  Game 3 |  Game 4 |  
_________ ________ _________ _________ _________ 
Round 1  |  A-B   |         |         |         |   
Round 2  |        |   A-C   |         |         |   
Round 3  |        |         |   A-D   |         |   
Round 4  |        |         |   B-C   |         |   
Round 5  |        |         |         |         |   
Round 6  |        |         |         |         |   
pairToPlace: B-D
 
*****VOLGENDE ITERATIE*****
pairs: [B-D, C-D] & pairsUsed: [A-B, A-C, A-D, B-C]
doubles: [A-B, A-C, A-D, B-C, B-D, C-D] & doublesUsed: []
currentGame: 1 & prevGame: [0, 1, 2, 2]
currentRound: 4 & prevRound: [0, 1, 2, 3]
TEMPBOARD: 
         | Game 1 |  Game 2 |  Game 3 |  Game 4 |  
_________ ________ _________ _________ _________ 
Round 1  |  A-B   |         |         |         |   
Round 2  |        |   A-C   |         |         |   
Round 3  |        |         |   A-D   |         |   
Round 4  |        |         |   B-C   |         |   
Round 5  |        |         |         |         |   
Round 6  |        |         |         |         |   
pairToPlace: B-D
 
*****VOLGENDE ITERATIE*****
pairs: [C-D] & pairsUsed: [A-B, A-C, A-D, B-C, B-D]
doubles: [A-B, A-C, A-D, B-C, B-D, C-D] & doublesUsed: []
currentGame: 0 & prevGame: [0, 1, 2, 2, 1]
currentRound: 0 & prevRound: [0, 1, 2, 3, 4]
TEMPBOARD: 
         | Game 1 |  Game 2 |  Game 3 |  Game 4 |  
_________ ________ _________ _________ _________ 
Round 1  |  A-B   |         |         |         |   
Round 2  |        |   A-C   |         |         |   
Round 3  |        |         |   A-D   |         |   
Round 4  |        |         |   B-C   |         |   
Round 5  |        |   B-D   |         |         |   
Round 6  |        |         |         |         |   
pairToPlace: C-D
 
*****VOLGENDE ITERATIE*****
pairs: [C-D] & pairsUsed: [A-B, A-C, A-D, B-C, B-D]
doubles: [A-B, A-C, A-D, B-C, B-D, C-D] & doublesUsed: []
currentGame: 0 & prevGame: [0, 1, 2, 2, 1]
currentRound: 1 & prevRound: [0, 1, 2, 3, 4]
TEMPBOARD: 
         | Game 1 |  Game 2 |  Game 3 |  Game 4 |  
_________ ________ _________ _________ _________ 
Round 1  |  A-B   |         |         |         |   
Round 2  |        |   A-C   |         |         |   
Round 3  |        |         |   A-D   |         |   
Round 4  |        |         |   B-C   |         |   
Round 5  |        |   B-D   |         |         |   
Round 6  |        |         |         |         |   
pairToPlace: C-D
 
*****VOLGENDE ITERATIE*****
pairs: [C-D] & pairsUsed: [A-B, A-C, A-D, B-C, B-D]
doubles: [A-B, A-C, A-D, B-C, B-D, C-D] & doublesUsed: []
currentGame: 0 & prevGame: [0, 1, 2, 2, 1]
currentRound: 2 & prevRound: [0, 1, 2, 3, 4]
TEMPBOARD: 
         | Game 1 |  Game 2 |  Game 3 |  Game 4 |  
_________ ________ _________ _________ _________ 
Round 1  |  A-B   |         |         |         |   
Round 2  |        |   A-C   |         |         |   
Round 3  |        |         |   A-D   |         |   
Round 4  |        |         |   B-C   |         |   
Round 5  |        |   B-D   |         |         |   
Round 6  |        |         |         |         |   
pairToPlace: C-D
 
*****VOLGENDE ITERATIE*****
pairs: [C-D] & pairsUsed: [A-B, A-C, A-D, B-C, B-D]
doubles: [A-B, A-C, A-D, B-C, B-D, C-D] & doublesUsed: []
currentGame: 0 & prevGame: [0, 1, 2, 2, 1]
currentRound: 3 & prevRound: [0, 1, 2, 3, 4]
TEMPBOARD: 
         | Game 1 |  Game 2 |  Game 3 |  Game 4 |  
_________ ________ _________ _________ _________ 
Round 1  |  A-B   |         |         |         |   
Round 2  |        |   A-C   |         |         |   
Round 3  |        |         |   A-D   |         |   
Round 4  |        |         |   B-C   |         |   
Round 5  |        |   B-D   |         |         |   
Round 6  |        |         |         |         |   
pairToPlace: C-D
 
*****VOLGENDE ITERATIE*****
pairs: [C-D] & pairsUsed: [A-B, A-C, A-D, B-C, B-D]
doubles: [A-B, A-C, A-D, B-C, B-D, C-D] & doublesUsed: []
currentGame: 0 & prevGame: [0, 1, 2, 2, 1]
currentRound: 4 & prevRound: [0, 1, 2, 3, 4]
TEMPBOARD: 
         | Game 1 |  Game 2 |  Game 3 |  Game 4 |  
_________ ________ _________ _________ _________ 
Round 1  |  A-B   |         |         |         |   
Round 2  |        |   A-C   |         |         |   
Round 3  |        |         |   A-D   |         |   
Round 4  |        |         |   B-C   |         |   
Round 5  |        |   B-D   |         |         |   
Round 6  |        |         |         |         |   
pairToPlace: C-D
 
*****VOLGENDE ITERATIE*****
pairs: [C-D] & pairsUsed: [A-B, A-C, A-D, B-C, B-D]
doubles: [A-B, A-C, A-D, B-C, B-D, C-D] & doublesUsed: []
currentGame: 0 & prevGame: [0, 1, 2, 2, 1]
currentRound: 5 & prevRound: [0, 1, 2, 3, 4]
TEMPBOARD: 
         | Game 1 |  Game 2 |  Game 3 |  Game 4 |  
_________ ________ _________ _________ _________ 
Round 1  |  A-B   |         |         |         |   
Round 2  |        |   A-C   |         |         |   
Round 3  |        |         |   A-D   |         |   
Round 4  |        |         |   B-C   |         |   
Round 5  |        |   B-D   |         |         |   
Round 6  |        |         |         |         |   
pairToPlace: C-D
 
*****VOLGENDE ITERATIE*****
pairs: [] & pairsUsed: [A-B, A-C, A-D, B-C, B-D, C-D]
doubles: [A-B, A-C, A-D, B-C, B-D, C-D] & doublesUsed: []
currentGame: 0 & prevGame: [0, 1, 2, 2, 1, 0]
currentRound: 0 & prevRound: [0, 1, 2, 3, 4, 5]
TEMPBOARD: 
         | Game 1 |  Game 2 |  Game 3 |  Game 4 |  
_________ ________ _________ _________ _________ 
Round 1  |  A-B   |         |         |         |   
Round 2  |        |   A-C   |         |         |   
Round 3  |        |         |   A-D   |         |   
Round 4  |        |         |   B-C   |         |   
Round 5  |        |   B-D   |         |         |   
Round 6  |  C-D   |         |         |         |   
pairToPlace: A-B
 
*****VOLGENDE ITERATIE*****
pairs: [] & pairsUsed: [A-B, A-C, A-D, B-C, B-D, C-D]
doubles: [A-B, A-C, A-D, B-C, B-D, C-D] & doublesUsed: []
currentGame: 0 & prevGame: [0, 1, 2, 2, 1, 0]
currentRound: 1 & prevRound: [0, 1, 2, 3, 4, 5]
TEMPBOARD: 
         | Game 1 |  Game 2 |  Game 3 |  Game 4 |  
_________ ________ _________ _________ _________ 
Round 1  |  A-B   |         |         |         |   
Round 2  |        |   A-C   |         |         |   
Round 3  |        |         |   A-D   |         |   
Round 4  |        |         |   B-C   |         |   
Round 5  |        |   B-D   |         |         |   
Round 6  |  C-D   |         |         |         |   
pairToPlace: A-B
 
*****VOLGENDE ITERATIE*****
pairs: [] & pairsUsed: [A-B, A-C, A-D, B-C, B-D, C-D]
doubles: [A-B, A-C, A-D, B-C, B-D, C-D] & doublesUsed: []
currentGame: 0 & prevGame: [0, 1, 2, 2, 1, 0]
currentRound: 2 & prevRound: [0, 1, 2, 3, 4, 5]
TEMPBOARD: 
         | Game 1 |  Game 2 |  Game 3 |  Game 4 |  
_________ ________ _________ _________ _________ 
Round 1  |  A-B   |         |         |         |   
Round 2  |        |   A-C   |         |         |   
Round 3  |        |         |   A-D   |         |   
Round 4  |        |         |   B-C   |         |   
Round 5  |        |   B-D   |         |         |   
Round 6  |  C-D   |         |         |         |   
pairToPlace: A-B
 
*****VOLGENDE ITERATIE*****
pairs: [] & pairsUsed: [A-B, A-C, A-D, B-C, B-D, C-D]
doubles: [A-B, A-C, A-D, B-C, B-D, C-D] & doublesUsed: []
currentGame: 0 & prevGame: [0, 1, 2, 2, 1, 0]
currentRound: 3 & prevRound: [0, 1, 2, 3, 4, 5]
TEMPBOARD: 
         | Game 1 |  Game 2 |  Game 3 |  Game 4 |  
_________ ________ _________ _________ _________ 
Round 1  |  A-B   |         |         |         |   
Round 2  |        |   A-C   |         |         |   
Round 3  |        |         |   A-D   |         |   
Round 4  |        |         |   B-C   |         |   
Round 5  |        |   B-D   |         |         |   
Round 6  |  C-D   |         |         |         |   
pairToPlace: A-B
 
*****VOLGENDE ITERATIE*****
pairs: [] & pairsUsed: [A-B, A-C, A-D, B-C, B-D, C-D]
doubles: [A-B, A-C, A-D, B-C, B-D, C-D] & doublesUsed: []
currentGame: 0 & prevGame: [0, 1, 2, 2, 1, 0]
currentRound: 4 & prevRound: [0, 1, 2, 3, 4, 5]
TEMPBOARD: 
         | Game 1 |  Game 2 |  Game 3 |  Game 4 |  
_________ ________ _________ _________ _________ 
Round 1  |  A-B   |         |         |         |   
Round 2  |        |   A-C   |         |         |   
Round 3  |        |         |   A-D   |         |   
Round 4  |        |         |   B-C   |         |   
Round 5  |        |   B-D   |         |         |   
Round 6  |  C-D   |         |         |         |   
pairToPlace: A-B
 
*****VOLGENDE ITERATIE*****
pairs: [] & pairsUsed: [A-B, A-C, A-D, B-C, B-D, C-D]
doubles: [A-B, A-C, A-D, B-C, B-D, C-D] & doublesUsed: []
currentGame: 0 & prevGame: [0, 1, 2, 2, 1, 0]
currentRound: 5 & prevRound: [0, 1, 2, 3, 4, 5]
TEMPBOARD: 
         | Game 1 |  Game 2 |  Game 3 |  Game 4 |  
_________ ________ _________ _________ _________ 
Round 1  |  A-B   |         |         |         |   
Round 2  |        |   A-C   |         |         |   
Round 3  |        |         |   A-D   |         |   
Round 4  |        |         |   B-C   |         |   
Round 5  |        |   B-D   |         |         |   
Round 6  |  C-D   |         |         |         |   
pairToPlace: A-B
 
*****VOLGENDE ITERATIE*****
pairs: [] & pairsUsed: [A-B, A-C, A-D, B-C, B-D, C-D]
doubles: [A-B, A-C, A-D, B-C, B-D, C-D] & doublesUsed: []
currentGame: 0 & prevGame: [0, 1, 2, 2, 1, 0]
currentRound: 6 & prevRound: [0, 1, 2, 3, 4, 5]
TEMPBOARD: 
         | Game 1 |  Game 2 |  Game 3 |  Game 4 |  
_________ ________ _________ _________ _________ 
Round 1  |  A-B   |         |         |         |   
Round 2  |        |   A-C   |         |         |   
Round 3  |        |         |   A-D   |         |   
Round 4  |        |         |   B-C   |         |   
Round 5  |        |   B-D   |         |         |   
Round 6  |  C-D   |         |         |         |   
pairToPlace: A-B
 
*****VOLGENDE ITERATIE*****
pairs: [] & pairsUsed: [A-B, A-C, A-D, B-C, B-D, C-D]
doubles: [A-B, A-C, A-D, B-C, B-D, C-D] & doublesUsed: []
currentGame: 1 & prevGame: [0, 1, 2, 2, 1, 0]
currentRound: 0 & prevRound: [0, 1, 2, 3, 4, 5]
TEMPBOARD: 
         | Game 1 |  Game 2 |  Game 3 |  Game 4 |  
_________ ________ _________ _________ _________ 
Round 1  |  A-B   |         |         |         |   
Round 2  |        |   A-C   |         |         |   
Round 3  |        |         |   A-D   |         |   
Round 4  |        |         |   B-C   |         |   
Round 5  |        |   B-D   |         |         |   
Round 6  |  C-D   |         |         |         |   
pairToPlace: A-B
 
*****VOLGENDE ITERATIE*****
pairs: [] & pairsUsed: [A-B, A-C, A-D, B-C, B-D, C-D]
doubles: [A-B, A-C, A-D, B-C, B-D, C-D] & doublesUsed: []
currentGame: 1 & prevGame: [0, 1, 2, 2, 1, 0]
currentRound: 1 & prevRound: [0, 1, 2, 3, 4, 5]
TEMPBOARD: 
         | Game 1 |  Game 2 |  Game 3 |  Game 4 |  
_________ ________ _________ _________ _________ 
Round 1  |  A-B   |         |         |         |   
Round 2  |        |   A-C   |         |         |   
Round 3  |        |         |   A-D   |         |   
Round 4  |        |         |   B-C   |         |   
Round 5  |        |   B-D   |         |         |   
Round 6  |  C-D   |         |         |         |   
pairToPlace: A-B
 
*****VOLGENDE ITERATIE*****
pairs: [] & pairsUsed: [A-B, A-C, A-D, B-C, B-D, C-D]
doubles: [A-B, A-C, A-D, B-C, B-D, C-D] & doublesUsed: []
currentGame: 1 & prevGame: [0, 1, 2, 2, 1, 0]
currentRound: 2 & prevRound: [0, 1, 2, 3, 4, 5]
TEMPBOARD: 
         | Game 1 |  Game 2 |  Game 3 |  Game 4 |  
_________ ________ _________ _________ _________ 
Round 1  |  A-B   |         |         |         |   
Round 2  |        |   A-C   |         |         |   
Round 3  |        |         |   A-D   |         |   
Round 4  |        |         |   B-C   |         |   
Round 5  |        |   B-D   |         |         |   
Round 6  |  C-D   |         |         |         |   
pairToPlace: A-B
 
*****VOLGENDE ITERATIE*****
pairs: [] & pairsUsed: [A-B, A-C, A-D, B-C, B-D, C-D]
doubles: [A-B, A-C, A-D, B-C, B-D, C-D] & doublesUsed: []
currentGame: 1 & prevGame: [0, 1, 2, 2, 1, 0]
currentRound: 3 & prevRound: [0, 1, 2, 3, 4, 5]
TEMPBOARD: 
         | Game 1 |  Game 2 |  Game 3 |  Game 4 |  
_________ ________ _________ _________ _________ 
Round 1  |  A-B   |         |         |         |   
Round 2  |        |   A-C   |         |         |   
Round 3  |        |         |   A-D   |         |   
Round 4  |        |         |   B-C   |         |   
Round 5  |        |   B-D   |         |         |   
Round 6  |  C-D   |         |         |         |   
pairToPlace: A-B
 
*****VOLGENDE ITERATIE*****
pairs: [] & pairsUsed: [A-B, A-C, A-D, B-C, B-D, C-D]
doubles: [A-B, A-C, A-D, B-C, B-D, C-D] & doublesUsed: []
currentGame: 1 & prevGame: [0, 1, 2, 2, 1, 0]
currentRound: 4 & prevRound: [0, 1, 2, 3, 4, 5]
TEMPBOARD: 
         | Game 1 |  Game 2 |  Game 3 |  Game 4 |  
_________ ________ _________ _________ _________ 
Round 1  |  A-B   |         |         |         |   
Round 2  |        |   A-C   |         |         |   
Round 3  |        |         |   A-D   |         |   
Round 4  |        |         |   B-C   |         |   
Round 5  |        |   B-D   |         |         |   
Round 6  |  C-D   |         |         |         |   
pairToPlace: A-B
 
*****VOLGENDE ITERATIE*****
pairs: [] & pairsUsed: [A-B, A-C, A-D, B-C, B-D, C-D]
doubles: [A-B, A-C, A-D, B-C, B-D, C-D] & doublesUsed: []
currentGame: 1 & prevGame: [0, 1, 2, 2, 1, 0]
currentRound: 5 & prevRound: [0, 1, 2, 3, 4, 5]
TEMPBOARD: 
         | Game 1 |  Game 2 |  Game 3 |  Game 4 |  
_________ ________ _________ _________ _________ 
Round 1  |  A-B   |         |         |         |   
Round 2  |        |   A-C   |         |         |   
Round 3  |        |         |   A-D   |         |   
Round 4  |        |         |   B-C   |         |   
Round 5  |        |   B-D   |         |         |   
Round 6  |  C-D   |         |         |         |   
pairToPlace: A-B
 
*****VOLGENDE ITERATIE*****
pairs: [] & pairsUsed: [A-B, A-C, A-D, B-C, B-D, C-D]
doubles: [A-B, A-C, A-D, B-C, B-D, C-D] & doublesUsed: []
currentGame: 1 & prevGame: [0, 1, 2, 2, 1, 0]
currentRound: 6 & prevRound: [0, 1, 2, 3, 4, 5]
TEMPBOARD: 
         | Game 1 |  Game 2 |  Game 3 |  Game 4 |  
_________ ________ _________ _________ _________ 
Round 1  |  A-B   |         |         |         |   
Round 2  |        |   A-C   |         |         |   
Round 3  |        |         |   A-D   |         |   
Round 4  |        |         |   B-C   |         |   
Round 5  |        |   B-D   |         |         |   
Round 6  |  C-D   |         |         |         |   
pairToPlace: A-B
 
*****VOLGENDE ITERATIE*****
pairs: [] & pairsUsed: [A-B, A-C, A-D, B-C, B-D, C-D]
doubles: [A-B, A-C, A-D, B-C, B-D, C-D] & doublesUsed: []
currentGame: 2 & prevGame: [0, 1, 2, 2, 1, 0]
currentRound: 0 & prevRound: [0, 1, 2, 3, 4, 5]
TEMPBOARD: 
         | Game 1 |  Game 2 |  Game 3 |  Game 4 |  
_________ ________ _________ _________ _________ 
Round 1  |  A-B   |         |         |         |   
Round 2  |        |   A-C   |         |         |   
Round 3  |        |         |   A-D   |         |   
Round 4  |        |         |   B-C   |         |   
Round 5  |        |   B-D   |         |         |   
Round 6  |  C-D   |         |         |         |   
pairToPlace: A-B
 
*****VOLGENDE ITERATIE*****
pairs: [] & pairsUsed: [A-B, A-C, A-D, B-C, B-D, C-D]
doubles: [A-B, A-C, A-D, B-C, B-D, C-D] & doublesUsed: []
currentGame: 2 & prevGame: [0, 1, 2, 2, 1, 0]
currentRound: 1 & prevRound: [0, 1, 2, 3, 4, 5]
TEMPBOARD: 
         | Game 1 |  Game 2 |  Game 3 |  Game 4 |  
_________ ________ _________ _________ _________ 
Round 1  |  A-B   |         |         |         |   
Round 2  |        |   A-C   |         |         |   
Round 3  |        |         |   A-D   |         |   
Round 4  |        |         |   B-C   |         |   
Round 5  |        |   B-D   |         |         |   
Round 6  |  C-D   |         |         |         |   
pairToPlace: A-B
 
*****VOLGENDE ITERATIE*****
pairs: [] & pairsUsed: [A-B, A-C, A-D, B-C, B-D, C-D]
doubles: [A-B, A-C, A-D, B-C, B-D, C-D] & doublesUsed: []
currentGame: 2 & prevGame: [0, 1, 2, 2, 1, 0]
currentRound: 2 & prevRound: [0, 1, 2, 3, 4, 5]
TEMPBOARD: 
         | Game 1 |  Game 2 |  Game 3 |  Game 4 |  
_________ ________ _________ _________ _________ 
Round 1  |  A-B   |         |         |         |   
Round 2  |        |   A-C   |         |         |   
Round 3  |        |         |   A-D   |         |   
Round 4  |        |         |   B-C   |         |   
Round 5  |        |   B-D   |         |         |   
Round 6  |  C-D   |         |         |         |   
pairToPlace: A-B
 
*****VOLGENDE ITERATIE*****
pairs: [] & pairsUsed: [A-B, A-C, A-D, B-C, B-D, C-D]
doubles: [A-B, A-C, A-D, B-C, B-D, C-D] & doublesUsed: []
currentGame: 2 & prevGame: [0, 1, 2, 2, 1, 0]
currentRound: 3 & prevRound: [0, 1, 2, 3, 4, 5]
TEMPBOARD: 
         | Game 1 |  Game 2 |  Game 3 |  Game 4 |  
_________ ________ _________ _________ _________ 
Round 1  |  A-B   |         |         |         |   
Round 2  |        |   A-C   |         |         |   
Round 3  |        |         |   A-D   |         |   
Round 4  |        |         |   B-C   |         |   
Round 5  |        |   B-D   |         |         |   
Round 6  |  C-D   |         |         |         |   
pairToPlace: A-B
 
*****VOLGENDE ITERATIE*****
pairs: [] & pairsUsed: [A-B, A-C, A-D, B-C, B-D, C-D]
doubles: [A-B, A-C, A-D, B-C, B-D, C-D] & doublesUsed: []
currentGame: 2 & prevGame: [0, 1, 2, 2, 1, 0]
currentRound: 4 & prevRound: [0, 1, 2, 3, 4, 5]
TEMPBOARD: 
         | Game 1 |  Game 2 |  Game 3 |  Game 4 |  
_________ ________ _________ _________ _________ 
Round 1  |  A-B   |         |         |         |   
Round 2  |        |   A-C   |         |         |   
Round 3  |        |         |   A-D   |         |   
Round 4  |        |         |   B-C   |         |   
Round 5  |        |   B-D   |         |         |   
Round 6  |  C-D   |         |         |         |   
pairToPlace: A-B
 
*****VOLGENDE ITERATIE*****
pairs: [] & pairsUsed: [A-B, A-C, A-D, B-C, B-D, C-D]
doubles: [A-B, A-C, A-D, B-C, B-D, C-D] & doublesUsed: []
currentGame: 2 & prevGame: [0, 1, 2, 2, 1, 0]
currentRound: 5 & prevRound: [0, 1, 2, 3, 4, 5]
TEMPBOARD: 
         | Game 1 |  Game 2 |  Game 3 |  Game 4 |  
_________ ________ _________ _________ _________ 
Round 1  |  A-B   |         |         |         |   
Round 2  |        |   A-C   |         |         |   
Round 3  |        |         |   A-D   |         |   
Round 4  |        |         |   B-C   |         |   
Round 5  |        |   B-D   |         |         |   
Round 6  |  C-D   |         |         |         |   
pairToPlace: A-B
 
*****VOLGENDE ITERATIE*****
pairs: [] & pairsUsed: [A-B, A-C, A-D, B-C, B-D, C-D]
doubles: [A-B, A-C, A-D, B-C, B-D, C-D] & doublesUsed: []
currentGame: 2 & prevGame: [0, 1, 2, 2, 1, 0]
currentRound: 6 & prevRound: [0, 1, 2, 3, 4, 5]
TEMPBOARD: 
         | Game 1 |  Game 2 |  Game 3 |  Game 4 |  
_________ ________ _________ _________ _________ 
Round 1  |  A-B   |         |         |         |   
Round 2  |        |   A-C   |         |         |   
Round 3  |        |         |   A-D   |         |   
Round 4  |        |         |   B-C   |         |   
Round 5  |        |   B-D   |         |         |   
Round 6  |  C-D   |         |         |         |   
pairToPlace: A-B
 
*****VOLGENDE ITERATIE*****
pairs: [] & pairsUsed: [A-B, A-C, A-D, B-C, B-D, C-D]
doubles: [A-B, A-C, A-D, B-C, B-D, C-D] & doublesUsed: []
currentGame: 3 & prevGame: [0, 1, 2, 2, 1, 0]
currentRound: 0 & prevRound: [0, 1, 2, 3, 4, 5]
TEMPBOARD: 
         | Game 1 |  Game 2 |  Game 3 |  Game 4 |  
_________ ________ _________ _________ _________ 
Round 1  |  A-B   |         |         |         |   
Round 2  |        |   A-C   |         |         |   
Round 3  |        |         |   A-D   |         |   
Round 4  |        |         |   B-C   |         |   
Round 5  |        |   B-D   |         |         |   
Round 6  |  C-D   |         |         |         |   
pairToPlace: A-B
 
*****VOLGENDE ITERATIE*****
pairs: [] & pairsUsed: [A-B, A-C, A-D, B-C, B-D, C-D]
doubles: [A-B, A-C, A-D, B-C, B-D, C-D] & doublesUsed: []
currentGame: 3 & prevGame: [0, 1, 2, 2, 1, 0]
currentRound: 1 & prevRound: [0, 1, 2, 3, 4, 5]
TEMPBOARD: 
         | Game 1 |  Game 2 |  Game 3 |  Game 4 |  
_________ ________ _________ _________ _________ 
Round 1  |  A-B   |         |         |         |   
Round 2  |        |   A-C   |         |         |   
Round 3  |        |         |   A-D   |         |   
Round 4  |        |         |   B-C   |         |   
Round 5  |        |   B-D   |         |         |   
Round 6  |  C-D   |         |         |         |   
pairToPlace: A-B
 
*****VOLGENDE ITERATIE*****
pairs: [] & pairsUsed: [A-B, A-C, A-D, B-C, B-D, C-D]
doubles: [A-B, A-C, A-D, B-C, B-D, C-D] & doublesUsed: []
currentGame: 3 & prevGame: [0, 1, 2, 2, 1, 0]
currentRound: 2 & prevRound: [0, 1, 2, 3, 4, 5]
TEMPBOARD: 
         | Game 1 |  Game 2 |  Game 3 |  Game 4 |  
_________ ________ _________ _________ _________ 
Round 1  |  A-B   |         |         |         |   
Round 2  |        |   A-C   |         |         |   
Round 3  |        |         |   A-D   |         |   
Round 4  |        |         |   B-C   |         |   
Round 5  |        |   B-D   |         |         |   
Round 6  |  C-D   |         |         |         |   
pairToPlace: A-B
 
*****VOLGENDE ITERATIE*****
pairs: [] & pairsUsed: [A-B, A-C, A-D, B-C, B-D, C-D]
doubles: [A-B, A-C, A-D, B-C, B-D, C-D] & doublesUsed: []
currentGame: 3 & prevGame: [0, 1, 2, 2, 1, 0]
currentRound: 3 & prevRound: [0, 1, 2, 3, 4, 5]
TEMPBOARD: 
         | Game 1 |  Game 2 |  Game 3 |  Game 4 |  
_________ ________ _________ _________ _________ 
Round 1  |  A-B   |         |         |         |   
Round 2  |        |   A-C   |         |         |   
Round 3  |        |         |   A-D   |         |   
Round 4  |        |         |   B-C   |         |   
Round 5  |        |   B-D   |         |         |   
Round 6  |  C-D   |         |         |         |   
pairToPlace: A-B
 
*****VOLGENDE ITERATIE*****
pairs: [] & pairsUsed: [A-B, A-C, A-D, B-C, B-D, C-D]
doubles: [A-B, A-C, A-D, B-C, B-D, C-D] & doublesUsed: []
currentGame: 3 & prevGame: [0, 1, 2, 2, 1, 0]
currentRound: 4 & prevRound: [0, 1, 2, 3, 4, 5]
TEMPBOARD: 
         | Game 1 |  Game 2 |  Game 3 |  Game 4 |  
_________ ________ _________ _________ _________ 
Round 1  |  A-B   |         |         |         |   
Round 2  |        |   A-C   |         |         |   
Round 3  |        |         |   A-D   |         |   
Round 4  |        |         |   B-C   |         |   
Round 5  |        |   B-D   |         |         |   
Round 6  |  C-D   |         |         |         |   
pairToPlace: A-B
 
*****VOLGENDE ITERATIE*****
pairs: [] & pairsUsed: [A-B, A-C, A-D, B-C, B-D, C-D]
doubles: [A-B, A-C, A-D, B-C, B-D, C-D] & doublesUsed: []
currentGame: 3 & prevGame: [0, 1, 2, 2, 1, 0]
currentRound: 5 & prevRound: [0, 1, 2, 3, 4, 5]
TEMPBOARD: 
         | Game 1 |  Game 2 |  Game 3 |  Game 4 |  
_________ ________ _________ _________ _________ 
Round 1  |  A-B   |         |         |         |   
Round 2  |        |   A-C   |         |         |   
Round 3  |        |         |   A-D   |         |   
Round 4  |        |         |   B-C   |         |   
Round 5  |        |   B-D   |         |         |   
Round 6  |  C-D   |         |         |         |   
pairToPlace: A-B
 
*****VOLGENDE ITERATIE*****
pairs: [] & pairsUsed: [A-B, A-C, A-D, B-C, B-D, C-D]
doubles: [A-C, A-D, B-C, B-D, C-D] & doublesUsed: [A-B]
currentGame: 0 & prevGame: [0, 1, 2, 2, 1, 0, 3]
currentRound: 0 & prevRound: [0, 1, 2, 3, 4, 5, 5]
TEMPBOARD: 
         | Game 1 |  Game 2 |  Game 3 |  Game 4 |  
_________ ________ _________ _________ _________ 
Round 1  |  A-B   |         |         |         |   
Round 2  |        |   A-C   |         |         |   
Round 3  |        |         |   A-D   |         |   
Round 4  |        |         |   B-C   |         |   
Round 5  |        |   B-D   |         |         |   
Round 6  |  C-D   |         |         |   A-B   |   
pairToPlace: A-C
 
*****VOLGENDE ITERATIE*****
pairs: [] & pairsUsed: [A-B, A-C, A-D, B-C, B-D, C-D]
doubles: [A-C, A-D, B-C, B-D, C-D] & doublesUsed: [A-B]
currentGame: 0 & prevGame: [0, 1, 2, 2, 1, 0, 3]
currentRound: 1 & prevRound: [0, 1, 2, 3, 4, 5, 5]
TEMPBOARD: 
         | Game 1 |  Game 2 |  Game 3 |  Game 4 |  
_________ ________ _________ _________ _________ 
Round 1  |  A-B   |         |         |         |   
Round 2  |        |   A-C   |         |         |   
Round 3  |        |         |   A-D   |         |   
Round 4  |        |         |   B-C   |         |   
Round 5  |        |   B-D   |         |         |   
Round 6  |  C-D   |         |         |   A-B   |   
pairToPlace: A-C
 
*****VOLGENDE ITERATIE*****
pairs: [] & pairsUsed: [A-B, A-C, A-D, B-C, B-D, C-D]
doubles: [A-C, A-D, B-C, B-D, C-D] & doublesUsed: [A-B]
currentGame: 0 & prevGame: [0, 1, 2, 2, 1, 0, 3]
currentRound: 2 & prevRound: [0, 1, 2, 3, 4, 5, 5]
TEMPBOARD: 
         | Game 1 |  Game 2 |  Game 3 |  Game 4 |  
_________ ________ _________ _________ _________ 
Round 1  |  A-B   |         |         |         |   
Round 2  |        |   A-C   |         |         |   
Round 3  |        |         |   A-D   |         |   
Round 4  |        |         |   B-C   |         |   
Round 5  |        |   B-D   |         |         |   
Round 6  |  C-D   |         |         |   A-B   |   
pairToPlace: A-C
 
*****VOLGENDE ITERATIE*****
pairs: [] & pairsUsed: [A-B, A-C, A-D, B-C, B-D, C-D]
doubles: [A-C, A-D, B-C, B-D, C-D] & doublesUsed: [A-B]
currentGame: 0 & prevGame: [0, 1, 2, 2, 1, 0, 3]
currentRound: 3 & prevRound: [0, 1, 2, 3, 4, 5, 5]
TEMPBOARD: 
         | Game 1 |  Game 2 |  Game 3 |  Game 4 |  
_________ ________ _________ _________ _________ 
Round 1  |  A-B   |         |         |         |   
Round 2  |        |   A-C   |         |         |   
Round 3  |        |         |   A-D   |         |   
Round 4  |        |         |   B-C   |         |   
Round 5  |        |   B-D   |         |         |   
Round 6  |  C-D   |         |         |   A-B   |   
pairToPlace: A-C
 
*****VOLGENDE ITERATIE*****
pairs: [] & pairsUsed: [A-B, A-C, A-D, B-C, B-D, C-D]
doubles: [A-C, A-D, B-C, B-D, C-D] & doublesUsed: [A-B]
currentGame: 0 & prevGame: [0, 1, 2, 2, 1, 0, 3]
currentRound: 4 & prevRound: [0, 1, 2, 3, 4, 5, 5]
TEMPBOARD: 
         | Game 1 |  Game 2 |  Game 3 |  Game 4 |  
_________ ________ _________ _________ _________ 
Round 1  |  A-B   |         |         |         |   
Round 2  |        |   A-C   |         |         |   
Round 3  |        |         |   A-D   |         |   
Round 4  |        |         |   B-C   |         |   
Round 5  |        |   B-D   |         |         |   
Round 6  |  C-D   |         |         |   A-B   |   
pairToPlace: A-C
 
*****VOLGENDE ITERATIE*****
pairs: [] & pairsUsed: [A-B, A-C, A-D, B-C, B-D, C-D]
doubles: [A-C, A-D, B-C, B-D, C-D] & doublesUsed: [A-B]
currentGame: 0 & prevGame: [0, 1, 2, 2, 1, 0, 3]
currentRound: 5 & prevRound: [0, 1, 2, 3, 4, 5, 5]
TEMPBOARD: 
         | Game 1 |  Game 2 |  Game 3 |  Game 4 |  
_________ ________ _________ _________ _________ 
Round 1  |  A-B   |         |         |         |   
Round 2  |        |   A-C   |         |         |   
Round 3  |        |         |   A-D   |         |   
Round 4  |        |         |   B-C   |         |   
Round 5  |        |   B-D   |         |         |   
Round 6  |  C-D   |         |         |   A-B   |   
pairToPlace: A-C
 
*****VOLGENDE ITERATIE*****
pairs: [] & pairsUsed: [A-B, A-C, A-D, B-C, B-D, C-D]
doubles: [A-C, A-D, B-C, B-D, C-D] & doublesUsed: [A-B]
currentGame: 0 & prevGame: [0, 1, 2, 2, 1, 0, 3]
currentRound: 6 & prevRound: [0, 1, 2, 3, 4, 5, 5]
TEMPBOARD: 
         | Game 1 |  Game 2 |  Game 3 |  Game 4 |  
_________ ________ _________ _________ _________ 
Round 1  |  A-B   |         |         |         |   
Round 2  |        |   A-C   |         |         |   
Round 3  |        |         |   A-D   |         |   
Round 4  |        |         |   B-C   |         |   
Round 5  |        |   B-D   |         |         |   
Round 6  |  C-D   |         |         |   A-B   |   
pairToPlace: A-C
 
*****VOLGENDE ITERATIE*****
pairs: [] & pairsUsed: [A-B, A-C, A-D, B-C, B-D, C-D]
doubles: [A-C, A-D, B-C, B-D, C-D] & doublesUsed: [A-B]
currentGame: 1 & prevGame: [0, 1, 2, 2, 1, 0, 3]
currentRound: 0 & prevRound: [0, 1, 2, 3, 4, 5, 5]
TEMPBOARD: 
         | Game 1 |  Game 2 |  Game 3 |  Game 4 |  
_________ ________ _________ _________ _________ 
Round 1  |  A-B   |         |         |         |   
Round 2  |        |   A-C   |         |         |   
Round 3  |        |         |   A-D   |         |   
Round 4  |        |         |   B-C   |         |   
Round 5  |        |   B-D   |         |         |   
Round 6  |  C-D   |         |         |   A-B   |   
pairToPlace: A-C
 
*****VOLGENDE ITERATIE*****
pairs: [] & pairsUsed: [A-B, A-C, A-D, B-C, B-D, C-D]
doubles: [A-C, A-D, B-C, B-D, C-D] & doublesUsed: [A-B]
currentGame: 1 & prevGame: [0, 1, 2, 2, 1, 0, 3]
currentRound: 1 & prevRound: [0, 1, 2, 3, 4, 5, 5]
TEMPBOARD: 
         | Game 1 |  Game 2 |  Game 3 |  Game 4 |  
_________ ________ _________ _________ _________ 
Round 1  |  A-B   |         |         |         |   
Round 2  |        |   A-C   |         |         |   
Round 3  |        |         |   A-D   |         |   
Round 4  |        |         |   B-C   |         |   
Round 5  |        |   B-D   |         |         |   
Round 6  |  C-D   |         |         |   A-B   |   
pairToPlace: A-C
 
*****VOLGENDE ITERATIE*****
pairs: [] & pairsUsed: [A-B, A-C, A-D, B-C, B-D, C-D]
doubles: [A-C, A-D, B-C, B-D, C-D] & doublesUsed: [A-B]
currentGame: 1 & prevGame: [0, 1, 2, 2, 1, 0, 3]
currentRound: 2 & prevRound: [0, 1, 2, 3, 4, 5, 5]
TEMPBOARD: 
         | Game 1 |  Game 2 |  Game 3 |  Game 4 |  
_________ ________ _________ _________ _________ 
Round 1  |  A-B   |         |         |         |   
Round 2  |        |   A-C   |         |         |   
Round 3  |        |         |   A-D   |         |   
Round 4  |        |         |   B-C   |         |   
Round 5  |        |   B-D   |         |         |   
Round 6  |  C-D   |         |         |   A-B   |   
pairToPlace: A-C
 
*****VOLGENDE ITERATIE*****
pairs: [] & pairsUsed: [A-B, A-C, A-D, B-C, B-D, C-D]
doubles: [A-C, A-D, B-C, B-D, C-D] & doublesUsed: [A-B]
currentGame: 1 & prevGame: [0, 1, 2, 2, 1, 0, 3]
currentRound: 3 & prevRound: [0, 1, 2, 3, 4, 5, 5]
TEMPBOARD: 
         | Game 1 |  Game 2 |  Game 3 |  Game 4 |  
_________ ________ _________ _________ _________ 
Round 1  |  A-B   |         |         |         |   
Round 2  |        |   A-C   |         |         |   
Round 3  |        |         |   A-D   |         |   
Round 4  |        |         |   B-C   |         |   
Round 5  |        |   B-D   |         |         |   
Round 6  |  C-D   |         |         |   A-B   |   
pairToPlace: A-C
 
*****VOLGENDE ITERATIE*****
pairs: [] & pairsUsed: [A-B, A-C, A-D, B-C, B-D, C-D]
doubles: [A-C, A-D, B-C, B-D, C-D] & doublesUsed: [A-B]
currentGame: 1 & prevGame: [0, 1, 2, 2, 1, 0, 3]
currentRound: 4 & prevRound: [0, 1, 2, 3, 4, 5, 5]
TEMPBOARD: 
         | Game 1 |  Game 2 |  Game 3 |  Game 4 |  
_________ ________ _________ _________ _________ 
Round 1  |  A-B   |         |         |         |   
Round 2  |        |   A-C   |         |         |   
Round 3  |        |         |   A-D   |         |   
Round 4  |        |         |   B-C   |         |   
Round 5  |        |   B-D   |         |         |   
Round 6  |  C-D   |         |         |   A-B   |   
pairToPlace: A-C
 
*****VOLGENDE ITERATIE*****
pairs: [] & pairsUsed: [A-B, A-C, A-D, B-C, B-D, C-D]
doubles: [A-C, A-D, B-C, B-D, C-D] & doublesUsed: [A-B]
currentGame: 1 & prevGame: [0, 1, 2, 2, 1, 0, 3]
currentRound: 5 & prevRound: [0, 1, 2, 3, 4, 5, 5]
TEMPBOARD: 
         | Game 1 |  Game 2 |  Game 3 |  Game 4 |  
_________ ________ _________ _________ _________ 
Round 1  |  A-B   |         |         |         |   
Round 2  |        |   A-C   |         |         |   
Round 3  |        |         |   A-D   |         |   
Round 4  |        |         |   B-C   |         |   
Round 5  |        |   B-D   |         |         |   
Round 6  |  C-D   |         |         |   A-B   |   
pairToPlace: A-C
 
*****VOLGENDE ITERATIE*****
pairs: [] & pairsUsed: [A-B, A-C, A-D, B-C, B-D, C-D]
doubles: [A-C, A-D, B-C, B-D, C-D] & doublesUsed: [A-B]
currentGame: 1 & prevGame: [0, 1, 2, 2, 1, 0, 3]
currentRound: 6 & prevRound: [0, 1, 2, 3, 4, 5, 5]
TEMPBOARD: 
         | Game 1 |  Game 2 |  Game 3 |  Game 4 |  
_________ ________ _________ _________ _________ 
Round 1  |  A-B   |         |         |         |   
Round 2  |        |   A-C   |         |         |   
Round 3  |        |         |   A-D   |         |   
Round 4  |        |         |   B-C   |         |   
Round 5  |        |   B-D   |         |         |   
Round 6  |  C-D   |         |         |   A-B   |   
pairToPlace: A-C
 
*****VOLGENDE ITERATIE*****
pairs: [] & pairsUsed: [A-B, A-C, A-D, B-C, B-D, C-D]
doubles: [A-C, A-D, B-C, B-D, C-D] & doublesUsed: [A-B]
currentGame: 2 & prevGame: [0, 1, 2, 2, 1, 0, 3]
currentRound: 0 & prevRound: [0, 1, 2, 3, 4, 5, 5]
TEMPBOARD: 
         | Game 1 |  Game 2 |  Game 3 |  Game 4 |  
_________ ________ _________ _________ _________ 
Round 1  |  A-B   |         |         |         |   
Round 2  |        |   A-C   |         |         |   
Round 3  |        |         |   A-D   |         |   
Round 4  |        |         |   B-C   |         |   
Round 5  |        |   B-D   |         |         |   
Round 6  |  C-D   |         |         |   A-B   |   
pairToPlace: A-C
 
*****VOLGENDE ITERATIE*****
pairs: [] & pairsUsed: [A-B, A-C, A-D, B-C, B-D, C-D]
doubles: [A-C, A-D, B-C, B-D, C-D] & doublesUsed: [A-B]
currentGame: 2 & prevGame: [0, 1, 2, 2, 1, 0, 3]
currentRound: 1 & prevRound: [0, 1, 2, 3, 4, 5, 5]
TEMPBOARD: 
         | Game 1 |  Game 2 |  Game 3 |  Game 4 |  
_________ ________ _________ _________ _________ 
Round 1  |  A-B   |         |         |         |   
Round 2  |        |   A-C   |         |         |   
Round 3  |        |         |   A-D   |         |   
Round 4  |        |         |   B-C   |         |   
Round 5  |        |   B-D   |         |         |   
Round 6  |  C-D   |         |         |   A-B   |   
pairToPlace: A-C
 
*****VOLGENDE ITERATIE*****
pairs: [] & pairsUsed: [A-B, A-C, A-D, B-C, B-D, C-D]
doubles: [A-C, A-D, B-C, B-D, C-D] & doublesUsed: [A-B]
currentGame: 2 & prevGame: [0, 1, 2, 2, 1, 0, 3]
currentRound: 2 & prevRound: [0, 1, 2, 3, 4, 5, 5]
TEMPBOARD: 
         | Game 1 |  Game 2 |  Game 3 |  Game 4 |  
_________ ________ _________ _________ _________ 
Round 1  |  A-B   |         |         |         |   
Round 2  |        |   A-C   |         |         |   
Round 3  |        |         |   A-D   |         |   
Round 4  |        |         |   B-C   |         |   
Round 5  |        |   B-D   |         |         |   
Round 6  |  C-D   |         |         |   A-B   |   
pairToPlace: A-C
 
*****VOLGENDE ITERATIE*****
pairs: [] & pairsUsed: [A-B, A-C, A-D, B-C, B-D, C-D]
doubles: [A-C, A-D, B-C, B-D, C-D] & doublesUsed: [A-B]
currentGame: 2 & prevGame: [0, 1, 2, 2, 1, 0, 3]
currentRound: 3 & prevRound: [0, 1, 2, 3, 4, 5, 5]
TEMPBOARD: 
         | Game 1 |  Game 2 |  Game 3 |  Game 4 |  
_________ ________ _________ _________ _________ 
Round 1  |  A-B   |         |         |         |   
Round 2  |        |   A-C   |         |         |   
Round 3  |        |         |   A-D   |         |   
Round 4  |        |         |   B-C   |         |   
Round 5  |        |   B-D   |         |         |   
Round 6  |  C-D   |         |         |   A-B   |   
pairToPlace: A-C
 
*****VOLGENDE ITERATIE*****
pairs: [] & pairsUsed: [A-B, A-C, A-D, B-C, B-D, C-D]
doubles: [A-C, A-D, B-C, B-D, C-D] & doublesUsed: [A-B]
currentGame: 2 & prevGame: [0, 1, 2, 2, 1, 0, 3]
currentRound: 4 & prevRound: [0, 1, 2, 3, 4, 5, 5]
TEMPBOARD: 
         | Game 1 |  Game 2 |  Game 3 |  Game 4 |  
_________ ________ _________ _________ _________ 
Round 1  |  A-B   |         |         |         |   
Round 2  |        |   A-C   |         |         |   
Round 3  |        |         |   A-D   |         |   
Round 4  |        |         |   B-C   |         |   
Round 5  |        |   B-D   |         |         |   
Round 6  |  C-D   |         |         |   A-B   |   
pairToPlace: A-C
 
*****VOLGENDE ITERATIE*****
pairs: [] & pairsUsed: [A-B, A-C, A-D, B-C, B-D, C-D]
doubles: [A-C, A-D, B-C, B-D, C-D] & doublesUsed: [A-B]
currentGame: 2 & prevGame: [0, 1, 2, 2, 1, 0, 3]
currentRound: 5 & prevRound: [0, 1, 2, 3, 4, 5, 5]
TEMPBOARD: 
         | Game 1 |  Game 2 |  Game 3 |  Game 4 |  
_________ ________ _________ _________ _________ 
Round 1  |  A-B   |         |         |         |   
Round 2  |        |   A-C   |         |         |   
Round 3  |        |         |   A-D   |         |   
Round 4  |        |         |   B-C   |         |   
Round 5  |        |   B-D   |         |         |   
Round 6  |  C-D   |         |         |   A-B   |   
pairToPlace: A-C
 
*****VOLGENDE ITERATIE*****
pairs: [] & pairsUsed: [A-B, A-C, A-D, B-C, B-D, C-D]
doubles: [A-C, A-D, B-C, B-D, C-D] & doublesUsed: [A-B]
currentGame: 2 & prevGame: [0, 1, 2, 2, 1, 0, 3]
currentRound: 6 & prevRound: [0, 1, 2, 3, 4, 5, 5]
TEMPBOARD: 
         | Game 1 |  Game 2 |  Game 3 |  Game 4 |  
_________ ________ _________ _________ _________ 
Round 1  |  A-B   |         |         |         |   
Round 2  |        |   A-C   |         |         |   
Round 3  |        |         |   A-D   |         |   
Round 4  |        |         |   B-C   |         |   
Round 5  |        |   B-D   |         |         |   
Round 6  |  C-D   |         |         |   A-B   |   
pairToPlace: A-C
 
*****VOLGENDE ITERATIE*****
pairs: [] & pairsUsed: [A-B, A-C, A-D, B-C, B-D, C-D]
doubles: [A-C, A-D, B-C, B-D, C-D] & doublesUsed: [A-B]
currentGame: 3 & prevGame: [0, 1, 2, 2, 1, 0, 3]
currentRound: 0 & prevRound: [0, 1, 2, 3, 4, 5, 5]
TEMPBOARD: 
         | Game 1 |  Game 2 |  Game 3 |  Game 4 |  
_________ ________ _________ _________ _________ 
Round 1  |  A-B   |         |         |         |   
Round 2  |        |   A-C   |         |         |   
Round 3  |        |         |   A-D   |         |   
Round 4  |        |         |   B-C   |         |   
Round 5  |        |   B-D   |         |         |   
Round 6  |  C-D   |         |         |   A-B   |   
pairToPlace: A-C
 
*****VOLGENDE ITERATIE*****
pairs: [] & pairsUsed: [A-B, A-C, A-D, B-C, B-D, C-D]
doubles: [A-C, A-D, B-C, B-D, C-D] & doublesUsed: [A-B]
currentGame: 3 & prevGame: [0, 1, 2, 2, 1, 0, 3]
currentRound: 1 & prevRound: [0, 1, 2, 3, 4, 5, 5]
TEMPBOARD: 
         | Game 1 |  Game 2 |  Game 3 |  Game 4 |  
_________ ________ _________ _________ _________ 
Round 1  |  A-B   |         |         |         |   
Round 2  |        |   A-C   |         |         |   
Round 3  |        |         |   A-D   |         |   
Round 4  |        |         |   B-C   |         |   
Round 5  |        |   B-D   |         |         |   
Round 6  |  C-D   |         |         |   A-B   |   
pairToPlace: A-C
 
*****VOLGENDE ITERATIE*****
pairs: [] & pairsUsed: [A-B, A-C, A-D, B-C, B-D, C-D]
doubles: [A-C, A-D, B-C, B-D, C-D] & doublesUsed: [A-B]
currentGame: 3 & prevGame: [0, 1, 2, 2, 1, 0, 3]
currentRound: 2 & prevRound: [0, 1, 2, 3, 4, 5, 5]
TEMPBOARD: 
         | Game 1 |  Game 2 |  Game 3 |  Game 4 |  
_________ ________ _________ _________ _________ 
Round 1  |  A-B   |         |         |         |   
Round 2  |        |   A-C   |         |         |   
Round 3  |        |         |   A-D   |         |   
Round 4  |        |         |   B-C   |         |   
Round 5  |        |   B-D   |         |         |   
Round 6  |  C-D   |         |         |   A-B   |   
pairToPlace: A-C
 
*****VOLGENDE ITERATIE*****
pairs: [] & pairsUsed: [A-B, A-C, A-D, B-C, B-D, C-D]
doubles: [A-C, A-D, B-C, B-D, C-D] & doublesUsed: [A-B]
currentGame: 3 & prevGame: [0, 1, 2, 2, 1, 0, 3]
currentRound: 3 & prevRound: [0, 1, 2, 3, 4, 5, 5]
TEMPBOARD: 
         | Game 1 |  Game 2 |  Game 3 |  Game 4 |  
_________ ________ _________ _________ _________ 
Round 1  |  A-B   |         |         |         |   
Round 2  |        |   A-C   |         |         |   
Round 3  |        |         |   A-D   |         |   
Round 4  |        |         |   B-C   |         |   
Round 5  |        |   B-D   |         |         |   
Round 6  |  C-D   |         |         |   A-B   |   
pairToPlace: A-C
 
*****VOLGENDE ITERATIE*****
pairs: [] & pairsUsed: [A-B, A-C, A-D, B-C, B-D, C-D]
doubles: [A-C, A-D, B-C, B-D, C-D] & doublesUsed: [A-B]
currentGame: 3 & prevGame: [0, 1, 2, 2, 1, 0, 3]
currentRound: 4 & prevRound: [0, 1, 2, 3, 4, 5, 5]
TEMPBOARD: 
         | Game 1 |  Game 2 |  Game 3 |  Game 4 |  
_________ ________ _________ _________ _________ 
Round 1  |  A-B   |         |         |         |   
Round 2  |        |   A-C   |         |         |   
Round 3  |        |         |   A-D   |         |   
Round 4  |        |         |   B-C   |         |   
Round 5  |        |   B-D   |         |         |   
Round 6  |  C-D   |         |         |   A-B   |   
pairToPlace: A-C
 
*****VOLGENDE ITERATIE*****
pairs: [] & pairsUsed: [A-B, A-C, A-D, B-C, B-D, C-D]
doubles: [A-C, A-D, B-C, B-D, C-D] & doublesUsed: [A-B]
currentGame: 3 & prevGame: [0, 1, 2, 2, 1, 0, 3]
currentRound: 5 & prevRound: [0, 1, 2, 3, 4, 5, 5]
TEMPBOARD: 
         | Game 1 |  Game 2 |  Game 3 |  Game 4 |  
_________ ________ _________ _________ _________ 
Round 1  |  A-B   |         |         |         |   
Round 2  |        |   A-C   |         |         |   
Round 3  |        |         |   A-D   |         |   
Round 4  |        |         |   B-C   |         |   
Round 5  |        |   B-D   |         |         |   
Round 6  |  C-D   |         |         |   A-B   |   
pairToPlace: A-C
 
*****VOLGENDE ITERATIE*****
pairs: [] & pairsUsed: [A-B, A-C, A-D, B-C, B-D, C-D]
doubles: [A-C, A-D, B-C, B-D, C-D] & doublesUsed: [A-B]
currentGame: 3 & prevGame: [0, 1, 2, 2, 1, 0, 3]
currentRound: 6 & prevRound: [0, 1, 2, 3, 4, 5, 5]
TEMPBOARD: 
         | Game 1 |  Game 2 |  Game 3 |  Game 4 |  
_________ ________ _________ _________ _________ 
Round 1  |  A-B   |         |         |         |   
Round 2  |        |   A-C   |         |         |   
Round 3  |        |         |   A-D   |         |   
Round 4  |        |         |   B-C   |         |   
Round 5  |        |   B-D   |         |         |   
Round 6  |  C-D   |         |         |   A-B   |   
pairToPlace: A-C
 
*****VOLGENDE ITERATIE*****
pairs: [] & pairsUsed: [A-B, A-C, A-D, B-C, B-D, C-D]
doubles: [A-C, A-D, B-C, B-D, C-D] & doublesUsed: [A-B]
currentGame: 4 & prevGame: [0, 1, 2, 2, 1, 0, 3]
currentRound: 0 & prevRound: [0, 1, 2, 3, 4, 5, 5]
TEMPBOARD: 
         | Game 1 |  Game 2 |  Game 3 |  Game 4 |  
_________ ________ _________ _________ _________ 
Round 1  |  A-B   |         |         |         |   
Round 2  |        |   A-C   |         |         |   
Round 3  |        |         |   A-D   |         |   
Round 4  |        |         |   B-C   |         |   
Round 5  |        |   B-D   |         |         |   
Round 6  |  C-D   |         |         |   A-B   |   
pairToPlace: A-C
 
*****VOLGENDE ITERATIE*****
pairs: [] & pairsUsed: [A-B, A-C, A-D, B-C, B-D, C-D]
doubles: [A-B, A-C, A-D, B-C, B-D, C-D] & doublesUsed: []
currentGame: 3 & prevGame: [0, 1, 2, 2, 1, 0]
currentRound: 6 & prevRound: [0, 1, 2, 3, 4, 5]
TEMPBOARD: 
         | Game 1 |  Game 2 |  Game 3 |  Game 4 |  
_________ ________ _________ _________ _________ 
Round 1  |  A-B   |         |         |         |   
Round 2  |        |   A-C   |         |         |   
Round 3  |        |         |   A-D   |         |   
Round 4  |        |         |   B-C   |         |   
Round 5  |        |   B-D   |         |         |   
Round 6  |  C-D   |         |         |         |   
pairToPlace: A-B
 
*****VOLGENDE ITERATIE*****
pairs: [] & pairsUsed: [A-B, A-C, A-D, B-C, B-D, C-D]
doubles: [A-B, A-C, A-D, B-C, B-D, C-D] & doublesUsed: []
currentGame: 4 & prevGame: [0, 1, 2, 2, 1, 0]
currentRound: 0 & prevRound: [0, 1, 2, 3, 4, 5]
TEMPBOARD: 
         | Game 1 |  Game 2 |  Game 3 |  Game 4 |  
_________ ________ _________ _________ _________ 
Round 1  |  A-B   |         |         |         |   
Round 2  |        |   A-C   |         |         |   
Round 3  |        |         |   A-D   |         |   
Round 4  |        |         |   B-C   |         |   
Round 5  |        |   B-D   |         |         |   
Round 6  |  C-D   |         |         |         |   
pairToPlace: A-B
 
*****VOLGENDE ITERATIE*****
pairs: [C-D] & pairsUsed: [A-B, A-C, A-D, B-C, B-D]
doubles: [A-B, A-C, A-D, B-C, B-D, C-D] & doublesUsed: []
currentGame: 0 & prevGame: [0, 1, 2, 2, 1]
currentRound: 6 & prevRound: [0, 1, 2, 3, 4]
TEMPBOARD: 
         | Game 1 |  Game 2 |  Game 3 |  Game 4 |  
_________ ________ _________ _________ _________ 
Round 1  |  A-B   |         |         |         |   
Round 2  |        |   A-C   |         |         |   
Round 3  |        |         |   A-D   |         |   
Round 4  |        |         |   B-C   |         |   
Round 5  |        |   B-D   |         |         |   
Round 6  |        |         |         |         |   
pairToPlace: C-D
 
*****VOLGENDE ITERATIE*****
pairs: [C-D] & pairsUsed: [A-B, A-C, A-D, B-C, B-D]
doubles: [A-B, A-C, A-D, B-C, B-D, C-D] & doublesUsed: []
currentGame: 1 & prevGame: [0, 1, 2, 2, 1]
currentRound: 0 & prevRound: [0, 1, 2, 3, 4]
TEMPBOARD: 
         | Game 1 |  Game 2 |  Game 3 |  Game 4 |  
_________ ________ _________ _________ _________ 
Round 1  |  A-B   |         |         |         |   
Round 2  |        |   A-C   |         |         |   
Round 3  |        |         |   A-D   |         |   
Round 4  |        |         |   B-C   |         |   
Round 5  |        |   B-D   |         |         |   
Round 6  |        |         |         |         |   
pairToPlace: C-D
 
*****VOLGENDE ITERATIE*****
pairs: [C-D] & pairsUsed: [A-B, A-C, A-D, B-C, B-D]
doubles: [A-B, A-C, A-D, B-C, B-D, C-D] & doublesUsed: []
currentGame: 1 & prevGame: [0, 1, 2, 2, 1]
currentRound: 1 & prevRound: [0, 1, 2, 3, 4]
TEMPBOARD: 
         | Game 1 |  Game 2 |  Game 3 |  Game 4 |  
_________ ________ _________ _________ _________ 
Round 1  |  A-B   |         |         |         |   
Round 2  |        |   A-C   |         |         |   
Round 3  |        |         |   A-D   |         |   
Round 4  |        |         |   B-C   |         |   
Round 5  |        |   B-D   |         |         |   
Round 6  |        |         |         |         |   
pairToPlace: C-D
 
*****VOLGENDE ITERATIE*****
pairs: [C-D] & pairsUsed: [A-B, A-C, A-D, B-C, B-D]
doubles: [A-B, A-C, A-D, B-C, B-D, C-D] & doublesUsed: []
currentGame: 1 & prevGame: [0, 1, 2, 2, 1]
currentRound: 2 & prevRound: [0, 1, 2, 3, 4]
TEMPBOARD: 
         | Game 1 |  Game 2 |  Game 3 |  Game 4 |  
_________ ________ _________ _________ _________ 
Round 1  |  A-B   |         |         |         |   
Round 2  |        |   A-C   |         |         |   
Round 3  |        |         |   A-D   |         |   
Round 4  |        |         |   B-C   |         |   
Round 5  |        |   B-D   |         |         |   
Round 6  |        |         |         |         |   
pairToPlace: C-D
 
*****VOLGENDE ITERATIE*****
pairs: [C-D] & pairsUsed: [A-B, A-C, A-D, B-C, B-D]
doubles: [A-B, A-C, A-D, B-C, B-D, C-D] & doublesUsed: []
currentGame: 1 & prevGame: [0, 1, 2, 2, 1]
currentRound: 3 & prevRound: [0, 1, 2, 3, 4]
TEMPBOARD: 
         | Game 1 |  Game 2 |  Game 3 |  Game 4 |  
_________ ________ _________ _________ _________ 
Round 1  |  A-B   |         |         |         |   
Round 2  |        |   A-C   |         |         |   
Round 3  |        |         |   A-D   |         |   
Round 4  |        |         |   B-C   |         |   
Round 5  |        |   B-D   |         |         |   
Round 6  |        |         |         |         |   
pairToPlace: C-D
 
*****VOLGENDE ITERATIE*****
pairs: [C-D] & pairsUsed: [A-B, A-C, A-D, B-C, B-D]
doubles: [A-B, A-C, A-D, B-C, B-D, C-D] & doublesUsed: []
currentGame: 1 & prevGame: [0, 1, 2, 2, 1]
currentRound: 4 & prevRound: [0, 1, 2, 3, 4]
TEMPBOARD: 
         | Game 1 |  Game 2 |  Game 3 |  Game 4 |  
_________ ________ _________ _________ _________ 
Round 1  |  A-B   |         |         |         |   
Round 2  |        |   A-C   |         |         |   
Round 3  |        |         |   A-D   |         |   
Round 4  |        |         |   B-C   |         |   
Round 5  |        |   B-D   |         |         |   
Round 6  |        |         |         |         |   
pairToPlace: C-D
 
*****VOLGENDE ITERATIE*****
pairs: [C-D] & pairsUsed: [A-B, A-C, A-D, B-C, B-D]
doubles: [A-B, A-C, A-D, B-C, B-D, C-D] & doublesUsed: []
currentGame: 1 & prevGame: [0, 1, 2, 2, 1]
currentRound: 5 & prevRound: [0, 1, 2, 3, 4]
TEMPBOARD: 
         | Game 1 |  Game 2 |  Game 3 |  Game 4 |  
_________ ________ _________ _________ _________ 
Round 1  |  A-B   |         |         |         |   
Round 2  |        |   A-C   |         |         |   
Round 3  |        |         |   A-D   |         |   
Round 4  |        |         |   B-C   |         |   
Round 5  |        |   B-D   |         |         |   
Round 6  |        |         |         |         |   
pairToPlace: C-D
 
*****VOLGENDE ITERATIE*****
pairs: [C-D] & pairsUsed: [A-B, A-C, A-D, B-C, B-D]
doubles: [A-B, A-C, A-D, B-C, B-D, C-D] & doublesUsed: []
currentGame: 1 & prevGame: [0, 1, 2, 2, 1]
currentRound: 6 & prevRound: [0, 1, 2, 3, 4]
TEMPBOARD: 
         | Game 1 |  Game 2 |  Game 3 |  Game 4 |  
_________ ________ _________ _________ _________ 
Round 1  |  A-B   |         |         |         |   
Round 2  |        |   A-C   |         |         |   
Round 3  |        |         |   A-D   |         |   
Round 4  |        |         |   B-C   |         |   
Round 5  |        |   B-D   |         |         |   
Round 6  |        |         |         |         |   
pairToPlace: C-D
 
*****VOLGENDE ITERATIE*****
pairs: [C-D] & pairsUsed: [A-B, A-C, A-D, B-C, B-D]
doubles: [A-B, A-C, A-D, B-C, B-D, C-D] & doublesUsed: []
currentGame: 2 & prevGame: [0, 1, 2, 2, 1]
currentRound: 0 & prevRound: [0, 1, 2, 3, 4]
TEMPBOARD: 
         | Game 1 |  Game 2 |  Game 3 |  Game 4 |  
_________ ________ _________ _________ _________ 
Round 1  |  A-B   |         |         |         |   
Round 2  |        |   A-C   |         |         |   
Round 3  |        |         |   A-D   |         |   
Round 4  |        |         |   B-C   |         |   
Round 5  |        |   B-D   |         |         |   
Round 6  |        |         |         |         |   
pairToPlace: C-D
 
*****VOLGENDE ITERATIE*****
pairs: [C-D] & pairsUsed: [A-B, A-C, A-D, B-C, B-D]
doubles: [A-B, A-C, A-D, B-C, B-D, C-D] & doublesUsed: []
currentGame: 2 & prevGame: [0, 1, 2, 2, 1]
currentRound: 1 & prevRound: [0, 1, 2, 3, 4]
TEMPBOARD: 
         | Game 1 |  Game 2 |  Game 3 |  Game 4 |  
_________ ________ _________ _________ _________ 
Round 1  |  A-B   |         |         |         |   
Round 2  |        |   A-C   |         |         |   
Round 3  |        |         |   A-D   |         |   
Round 4  |        |         |   B-C   |         |   
Round 5  |        |   B-D   |         |         |   
Round 6  |        |         |         |         |   
pairToPlace: C-D
 
*****VOLGENDE ITERATIE*****
pairs: [C-D] & pairsUsed: [A-B, A-C, A-D, B-C, B-D]
doubles: [A-B, A-C, A-D, B-C, B-D, C-D] & doublesUsed: []
currentGame: 2 & prevGame: [0, 1, 2, 2, 1]
currentRound: 2 & prevRound: [0, 1, 2, 3, 4]
TEMPBOARD: 
         | Game 1 |  Game 2 |  Game 3 |  Game 4 |  
_________ ________ _________ _________ _________ 
Round 1  |  A-B   |         |         |         |   
Round 2  |        |   A-C   |         |         |   
Round 3  |        |         |   A-D   |         |   
Round 4  |        |         |   B-C   |         |   
Round 5  |        |   B-D   |         |         |   
Round 6  |        |         |         |         |   
pairToPlace: C-D
 
*****VOLGENDE ITERATIE*****
pairs: [C-D] & pairsUsed: [A-B, A-C, A-D, B-C, B-D]
doubles: [A-B, A-C, A-D, B-C, B-D, C-D] & doublesUsed: []
currentGame: 2 & prevGame: [0, 1, 2, 2, 1]
currentRound: 3 & prevRound: [0, 1, 2, 3, 4]
TEMPBOARD: 
         | Game 1 |  Game 2 |  Game 3 |  Game 4 |  
_________ ________ _________ _________ _________ 
Round 1  |  A-B   |         |         |         |   
Round 2  |        |   A-C   |         |         |   
Round 3  |        |         |   A-D   |         |   
Round 4  |        |         |   B-C   |         |   
Round 5  |        |   B-D   |         |         |   
Round 6  |        |         |         |         |   
pairToPlace: C-D
 
*****VOLGENDE ITERATIE*****
pairs: [C-D] & pairsUsed: [A-B, A-C, A-D, B-C, B-D]
doubles: [A-B, A-C, A-D, B-C, B-D, C-D] & doublesUsed: []
currentGame: 2 & prevGame: [0, 1, 2, 2, 1]
currentRound: 4 & prevRound: [0, 1, 2, 3, 4]
TEMPBOARD: 
         | Game 1 |  Game 2 |  Game 3 |  Game 4 |  
_________ ________ _________ _________ _________ 
Round 1  |  A-B   |         |         |         |   
Round 2  |        |   A-C   |         |         |   
Round 3  |        |         |   A-D   |         |   
Round 4  |        |         |   B-C   |         |   
Round 5  |        |   B-D   |         |         |   
Round 6  |        |         |         |         |   
pairToPlace: C-D
 
*****VOLGENDE ITERATIE*****
pairs: [C-D] & pairsUsed: [A-B, A-C, A-D, B-C, B-D]
doubles: [A-B, A-C, A-D, B-C, B-D, C-D] & doublesUsed: []
currentGame: 2 & prevGame: [0, 1, 2, 2, 1]
currentRound: 5 & prevRound: [0, 1, 2, 3, 4]
TEMPBOARD: 
         | Game 1 |  Game 2 |  Game 3 |  Game 4 |  
_________ ________ _________ _________ _________ 
Round 1  |  A-B   |         |         |         |   
Round 2  |        |   A-C   |         |         |   
Round 3  |        |         |   A-D   |         |   
Round 4  |        |         |   B-C   |         |   
Round 5  |        |   B-D   |         |         |   
Round 6  |        |         |         |         |   
pairToPlace: C-D
 
*****VOLGENDE ITERATIE*****
pairs: [C-D] & pairsUsed: [A-B, A-C, A-D, B-C, B-D]
doubles: [A-B, A-C, A-D, B-C, B-D, C-D] & doublesUsed: []
currentGame: 2 & prevGame: [0, 1, 2, 2, 1]
currentRound: 6 & prevRound: [0, 1, 2, 3, 4]
TEMPBOARD: 
         | Game 1 |  Game 2 |  Game 3 |  Game 4 |  
_________ ________ _________ _________ _________ 
Round 1  |  A-B   |         |         |         |   
Round 2  |        |   A-C   |         |         |   
Round 3  |        |         |   A-D   |         |   
Round 4  |        |         |   B-C   |         |   
Round 5  |        |   B-D   |         |         |   
Round 6  |        |         |         |         |   
pairToPlace: C-D
 
*****VOLGENDE ITERATIE*****
pairs: [C-D] & pairsUsed: [A-B, A-C, A-D, B-C, B-D]
doubles: [A-B, A-C, A-D, B-C, B-D, C-D] & doublesUsed: []
currentGame: 3 & prevGame: [0, 1, 2, 2, 1]
currentRound: 0 & prevRound: [0, 1, 2, 3, 4]
TEMPBOARD: 
         | Game 1 |  Game 2 |  Game 3 |  Game 4 |  
_________ ________ _________ _________ _________ 
Round 1  |  A-B   |         |         |         |   
Round 2  |        |   A-C   |         |         |   
Round 3  |        |         |   A-D   |         |   
Round 4  |        |         |   B-C   |         |   
Round 5  |        |   B-D   |         |         |   
Round 6  |        |         |         |         |   
pairToPlace: C-D
 
*****VOLGENDE ITERATIE*****
pairs: [] & pairsUsed: [A-B, A-C, A-D, B-C, B-D, C-D]
doubles: [A-B, A-C, A-D, B-C, B-D, C-D] & doublesUsed: []
currentGame: 0 & prevGame: [0, 1, 2, 2, 1, 3]
currentRound: 0 & prevRound: [0, 1, 2, 3, 4, 0]
TEMPBOARD: 
         | Game 1 |  Game 2 |  Game 3 |  Game 4 |  
_________ ________ _________ _________ _________ 
Round 1  |  A-B   |         |         |   C-D   |   
Round 2  |        |   A-C   |         |         |   
Round 3  |        |         |   A-D   |         |   
Round 4  |        |         |   B-C   |         |   
Round 5  |        |   B-D   |         |         |   
Round 6  |        |         |         |         |   
pairToPlace: A-B
 
*****VOLGENDE ITERATIE*****
pairs: [] & pairsUsed: [A-B, A-C, A-D, B-C, B-D, C-D]
doubles: [A-B, A-C, A-D, B-C, B-D, C-D] & doublesUsed: []
currentGame: 0 & prevGame: [0, 1, 2, 2, 1, 3]
currentRound: 1 & prevRound: [0, 1, 2, 3, 4, 0]
TEMPBOARD: 
         | Game 1 |  Game 2 |  Game 3 |  Game 4 |  
_________ ________ _________ _________ _________ 
Round 1  |  A-B   |         |         |   C-D   |   
Round 2  |        |   A-C   |         |         |   
Round 3  |        |         |   A-D   |         |   
Round 4  |        |         |   B-C   |         |   
Round 5  |        |   B-D   |         |         |   
Round 6  |        |         |         |         |   
pairToPlace: A-B
 
*****VOLGENDE ITERATIE*****
pairs: [] & pairsUsed: [A-B, A-C, A-D, B-C, B-D, C-D]
doubles: [A-B, A-C, A-D, B-C, B-D, C-D] & doublesUsed: []
currentGame: 0 & prevGame: [0, 1, 2, 2, 1, 3]
currentRound: 2 & prevRound: [0, 1, 2, 3, 4, 0]
TEMPBOARD: 
         | Game 1 |  Game 2 |  Game 3 |  Game 4 |  
_________ ________ _________ _________ _________ 
Round 1  |  A-B   |         |         |   C-D   |   
Round 2  |        |   A-C   |         |         |   
Round 3  |        |         |   A-D   |         |   
Round 4  |        |         |   B-C   |         |   
Round 5  |        |   B-D   |         |         |   
Round 6  |        |         |         |         |   
pairToPlace: A-B
 
*****VOLGENDE ITERATIE*****
pairs: [] & pairsUsed: [A-B, A-C, A-D, B-C, B-D, C-D]
doubles: [A-B, A-C, A-D, B-C, B-D, C-D] & doublesUsed: []
currentGame: 0 & prevGame: [0, 1, 2, 2, 1, 3]
currentRound: 3 & prevRound: [0, 1, 2, 3, 4, 0]
TEMPBOARD: 
         | Game 1 |  Game 2 |  Game 3 |  Game 4 |  
_________ ________ _________ _________ _________ 
Round 1  |  A-B   |         |         |   C-D   |   
Round 2  |        |   A-C   |         |         |   
Round 3  |        |         |   A-D   |         |   
Round 4  |        |         |   B-C   |         |   
Round 5  |        |   B-D   |         |         |   
Round 6  |        |         |         |         |   
pairToPlace: A-B
 
*****VOLGENDE ITERATIE*****
pairs: [] & pairsUsed: [A-B, A-C, A-D, B-C, B-D, C-D]
doubles: [A-B, A-C, A-D, B-C, B-D, C-D] & doublesUsed: []
currentGame: 0 & prevGame: [0, 1, 2, 2, 1, 3]
currentRound: 4 & prevRound: [0, 1, 2, 3, 4, 0]
TEMPBOARD: 
         | Game 1 |  Game 2 |  Game 3 |  Game 4 |  
_________ ________ _________ _________ _________ 
Round 1  |  A-B   |         |         |   C-D   |   
Round 2  |        |   A-C   |         |         |   
Round 3  |        |         |   A-D   |         |   
Round 4  |        |         |   B-C   |         |   
Round 5  |        |   B-D   |         |         |   
Round 6  |        |         |         |         |   
pairToPlace: A-B
 
*****VOLGENDE ITERATIE*****
pairs: [] & pairsUsed: [A-B, A-C, A-D, B-C, B-D, C-D]
doubles: [A-B, A-C, A-D, B-C, B-D, C-D] & doublesUsed: []
currentGame: 0 & prevGame: [0, 1, 2, 2, 1, 3]
currentRound: 5 & prevRound: [0, 1, 2, 3, 4, 0]
TEMPBOARD: 
         | Game 1 |  Game 2 |  Game 3 |  Game 4 |  
_________ ________ _________ _________ _________ 
Round 1  |  A-B   |         |         |   C-D   |   
Round 2  |        |   A-C   |         |         |   
Round 3  |        |         |   A-D   |         |   
Round 4  |        |         |   B-C   |         |   
Round 5  |        |   B-D   |         |         |   
Round 6  |        |         |         |         |   
pairToPlace: A-B
 
*****VOLGENDE ITERATIE*****
pairs: [] & pairsUsed: [A-B, A-C, A-D, B-C, B-D, C-D]
doubles: [A-B, A-C, A-D, B-C, B-D, C-D] & doublesUsed: []
currentGame: 0 & prevGame: [0, 1, 2, 2, 1, 3]
currentRound: 6 & prevRound: [0, 1, 2, 3, 4, 0]
TEMPBOARD: 
         | Game 1 |  Game 2 |  Game 3 |  Game 4 |  
_________ ________ _________ _________ _________ 
Round 1  |  A-B   |         |         |   C-D   |   
Round 2  |        |   A-C   |         |         |   
Round 3  |        |         |   A-D   |         |   
Round 4  |        |         |   B-C   |         |   
Round 5  |        |   B-D   |         |         |   
Round 6  |        |         |         |         |   
pairToPlace: A-B
 
*****VOLGENDE ITERATIE*****
pairs: [] & pairsUsed: [A-B, A-C, A-D, B-C, B-D, C-D]
doubles: [A-B, A-C, A-D, B-C, B-D, C-D] & doublesUsed: []
currentGame: 1 & prevGame: [0, 1, 2, 2, 1, 3]
currentRound: 0 & prevRound: [0, 1, 2, 3, 4, 0]
TEMPBOARD: 
         | Game 1 |  Game 2 |  Game 3 |  Game 4 |  
_________ ________ _________ _________ _________ 
Round 1  |  A-B   |         |         |   C-D   |   
Round 2  |        |   A-C   |         |         |   
Round 3  |        |         |   A-D   |         |   
Round 4  |        |         |   B-C   |         |   
Round 5  |        |   B-D   |         |         |   
Round 6  |        |         |         |         |   
pairToPlace: A-B
 
*****VOLGENDE ITERATIE*****
pairs: [] & pairsUsed: [A-B, A-C, A-D, B-C, B-D, C-D]
doubles: [A-B, A-C, A-D, B-C, B-D, C-D] & doublesUsed: []
currentGame: 1 & prevGame: [0, 1, 2, 2, 1, 3]
currentRound: 1 & prevRound: [0, 1, 2, 3, 4, 0]
TEMPBOARD: 
         | Game 1 |  Game 2 |  Game 3 |  Game 4 |  
_________ ________ _________ _________ _________ 
Round 1  |  A-B   |         |         |   C-D   |   
Round 2  |        |   A-C   |         |         |   
Round 3  |        |         |   A-D   |         |   
Round 4  |        |         |   B-C   |         |   
Round 5  |        |   B-D   |         |         |   
Round 6  |        |         |         |         |   
pairToPlace: A-B
 
*****VOLGENDE ITERATIE*****
pairs: [] & pairsUsed: [A-B, A-C, A-D, B-C, B-D, C-D]
doubles: [A-B, A-C, A-D, B-C, B-D, C-D] & doublesUsed: []
currentGame: 1 & prevGame: [0, 1, 2, 2, 1, 3]
currentRound: 2 & prevRound: [0, 1, 2, 3, 4, 0]
TEMPBOARD: 
         | Game 1 |  Game 2 |  Game 3 |  Game 4 |  
_________ ________ _________ _________ _________ 
Round 1  |  A-B   |         |         |   C-D   |   
Round 2  |        |   A-C   |         |         |   
Round 3  |        |         |   A-D   |         |   
Round 4  |        |         |   B-C   |         |   
Round 5  |        |   B-D   |         |         |   
Round 6  |        |         |         |         |   
pairToPlace: A-B
 
*****VOLGENDE ITERATIE*****
pairs: [] & pairsUsed: [A-B, A-C, A-D, B-C, B-D, C-D]
doubles: [A-B, A-C, A-D, B-C, B-D, C-D] & doublesUsed: []
currentGame: 1 & prevGame: [0, 1, 2, 2, 1, 3]
currentRound: 3 & prevRound: [0, 1, 2, 3, 4, 0]
TEMPBOARD: 
         | Game 1 |  Game 2 |  Game 3 |  Game 4 |  
_________ ________ _________ _________ _________ 
Round 1  |  A-B   |         |         |   C-D   |   
Round 2  |        |   A-C   |         |         |   
Round 3  |        |         |   A-D   |         |   
Round 4  |        |         |   B-C   |         |   
Round 5  |        |   B-D   |         |         |   
Round 6  |        |         |         |         |   
pairToPlace: A-B
 
*****VOLGENDE ITERATIE*****
pairs: [] & pairsUsed: [A-B, A-C, A-D, B-C, B-D, C-D]
doubles: [A-B, A-C, A-D, B-C, B-D, C-D] & doublesUsed: []
currentGame: 1 & prevGame: [0, 1, 2, 2, 1, 3]
currentRound: 4 & prevRound: [0, 1, 2, 3, 4, 0]
TEMPBOARD: 
         | Game 1 |  Game 2 |  Game 3 |  Game 4 |  
_________ ________ _________ _________ _________ 
Round 1  |  A-B   |         |         |   C-D   |   
Round 2  |        |   A-C   |         |         |   
Round 3  |        |         |   A-D   |         |   
Round 4  |        |         |   B-C   |         |   
Round 5  |        |   B-D   |         |         |   
Round 6  |        |         |         |         |   
pairToPlace: A-B
 
*****VOLGENDE ITERATIE*****
pairs: [] & pairsUsed: [A-B, A-C, A-D, B-C, B-D, C-D]
doubles: [A-B, A-C, A-D, B-C, B-D, C-D] & doublesUsed: []
currentGame: 1 & prevGame: [0, 1, 2, 2, 1, 3]
currentRound: 5 & prevRound: [0, 1, 2, 3, 4, 0]
TEMPBOARD: 
         | Game 1 |  Game 2 |  Game 3 |  Game 4 |  
_________ ________ _________ _________ _________ 
Round 1  |  A-B   |         |         |   C-D   |   
Round 2  |        |   A-C   |         |         |   
Round 3  |        |         |   A-D   |         |   
Round 4  |        |         |   B-C   |         |   
Round 5  |        |   B-D   |         |         |   
Round 6  |        |         |         |         |   
pairToPlace: A-B
 
*****VOLGENDE ITERATIE*****
pairs: [] & pairsUsed: [A-B, A-C, A-D, B-C, B-D, C-D]
doubles: [A-B, A-C, A-D, B-C, B-D, C-D] & doublesUsed: []
currentGame: 1 & prevGame: [0, 1, 2, 2, 1, 3]
currentRound: 6 & prevRound: [0, 1, 2, 3, 4, 0]
TEMPBOARD: 
         | Game 1 |  Game 2 |  Game 3 |  Game 4 |  
_________ ________ _________ _________ _________ 
Round 1  |  A-B   |         |         |   C-D   |   
Round 2  |        |   A-C   |         |         |   
Round 3  |        |         |   A-D   |         |   
Round 4  |        |         |   B-C   |         |   
Round 5  |        |   B-D   |         |         |   
Round 6  |        |         |         |         |   
pairToPlace: A-B
 
*****VOLGENDE ITERATIE*****
pairs: [] & pairsUsed: [A-B, A-C, A-D, B-C, B-D, C-D]
doubles: [A-B, A-C, A-D, B-C, B-D, C-D] & doublesUsed: []
currentGame: 2 & prevGame: [0, 1, 2, 2, 1, 3]
currentRound: 0 & prevRound: [0, 1, 2, 3, 4, 0]
TEMPBOARD: 
         | Game 1 |  Game 2 |  Game 3 |  Game 4 |  
_________ ________ _________ _________ _________ 
Round 1  |  A-B   |         |         |   C-D   |   
Round 2  |        |   A-C   |         |         |   
Round 3  |        |         |   A-D   |         |   
Round 4  |        |         |   B-C   |         |   
Round 5  |        |   B-D   |         |         |   
Round 6  |        |         |         |         |   
pairToPlace: A-B
 
*****VOLGENDE ITERATIE*****
pairs: [] & pairsUsed: [A-B, A-C, A-D, B-C, B-D, C-D]
doubles: [A-B, A-C, A-D, B-C, B-D, C-D] & doublesUsed: []
currentGame: 2 & prevGame: [0, 1, 2, 2, 1, 3]
currentRound: 1 & prevRound: [0, 1, 2, 3, 4, 0]
TEMPBOARD: 
         | Game 1 |  Game 2 |  Game 3 |  Game 4 |  
_________ ________ _________ _________ _________ 
Round 1  |  A-B   |         |         |   C-D   |   
Round 2  |        |   A-C   |         |         |   
Round 3  |        |         |   A-D   |         |   
Round 4  |        |         |   B-C   |         |   
Round 5  |        |   B-D   |         |         |   
Round 6  |        |         |         |         |   
pairToPlace: A-B
 
*****VOLGENDE ITERATIE*****
pairs: [] & pairsUsed: [A-B, A-C, A-D, B-C, B-D, C-D]
doubles: [A-B, A-C, A-D, B-C, B-D, C-D] & doublesUsed: []
currentGame: 2 & prevGame: [0, 1, 2, 2, 1, 3]
currentRound: 2 & prevRound: [0, 1, 2, 3, 4, 0]
TEMPBOARD: 
         | Game 1 |  Game 2 |  Game 3 |  Game 4 |  
_________ ________ _________ _________ _________ 
Round 1  |  A-B   |         |         |   C-D   |   
Round 2  |        |   A-C   |         |         |   
Round 3  |        |         |   A-D   |         |   
Round 4  |        |         |   B-C   |         |   
Round 5  |        |   B-D   |         |         |   
Round 6  |        |         |         |         |   
pairToPlace: A-B
 
*****VOLGENDE ITERATIE*****
pairs: [] & pairsUsed: [A-B, A-C, A-D, B-C, B-D, C-D]
doubles: [A-B, A-C, A-D, B-C, B-D, C-D] & doublesUsed: []
currentGame: 2 & prevGame: [0, 1, 2, 2, 1, 3]
currentRound: 3 & prevRound: [0, 1, 2, 3, 4, 0]
TEMPBOARD: 
         | Game 1 |  Game 2 |  Game 3 |  Game 4 |  
_________ ________ _________ _________ _________ 
Round 1  |  A-B   |         |         |   C-D   |   
Round 2  |        |   A-C   |         |         |   
Round 3  |        |         |   A-D   |         |   
Round 4  |        |         |   B-C   |         |   
Round 5  |        |   B-D   |         |         |   
Round 6  |        |         |         |         |   
pairToPlace: A-B
 
*****VOLGENDE ITERATIE*****
pairs: [] & pairsUsed: [A-B, A-C, A-D, B-C, B-D, C-D]
doubles: [A-B, A-C, A-D, B-C, B-D, C-D] & doublesUsed: []
currentGame: 2 & prevGame: [0, 1, 2, 2, 1, 3]
currentRound: 4 & prevRound: [0, 1, 2, 3, 4, 0]
TEMPBOARD: 
         | Game 1 |  Game 2 |  Game 3 |  Game 4 |  
_________ ________ _________ _________ _________ 
Round 1  |  A-B   |         |         |   C-D   |   
Round 2  |        |   A-C   |         |         |   
Round 3  |        |         |   A-D   |         |   
Round 4  |        |         |   B-C   |         |   
Round 5  |        |   B-D   |         |         |   
Round 6  |        |         |         |         |   
pairToPlace: A-B
 
*****VOLGENDE ITERATIE*****
pairs: [] & pairsUsed: [A-B, A-C, A-D, B-C, B-D, C-D]
doubles: [A-B, A-C, A-D, B-C, B-D, C-D] & doublesUsed: []
currentGame: 2 & prevGame: [0, 1, 2, 2, 1, 3]
currentRound: 5 & prevRound: [0, 1, 2, 3, 4, 0]
TEMPBOARD: 
         | Game 1 |  Game 2 |  Game 3 |  Game 4 |  
_________ ________ _________ _________ _________ 
Round 1  |  A-B   |         |         |   C-D   |   
Round 2  |        |   A-C   |         |         |   
Round 3  |        |         |   A-D   |         |   
Round 4  |        |         |   B-C   |         |   
Round 5  |        |   B-D   |         |         |   
Round 6  |        |         |         |         |   
pairToPlace: A-B
 
*****VOLGENDE ITERATIE*****
pairs: [] & pairsUsed: [A-B, A-C, A-D, B-C, B-D, C-D]
doubles: [A-B, A-C, A-D, B-C, B-D, C-D] & doublesUsed: []
currentGame: 2 & prevGame: [0, 1, 2, 2, 1, 3]
currentRound: 6 & prevRound: [0, 1, 2, 3, 4, 0]
TEMPBOARD: 
         | Game 1 |  Game 2 |  Game 3 |  Game 4 |  
_________ ________ _________ _________ _________ 
Round 1  |  A-B   |         |         |   C-D   |   
Round 2  |        |   A-C   |         |         |   
Round 3  |        |         |   A-D   |         |   
Round 4  |        |         |   B-C   |         |   
Round 5  |        |   B-D   |         |         |   
Round 6  |        |         |         |         |   
pairToPlace: A-B
 
*****VOLGENDE ITERATIE*****
pairs: [] & pairsUsed: [A-B, A-C, A-D, B-C, B-D, C-D]
doubles: [A-B, A-C, A-D, B-C, B-D, C-D] & doublesUsed: []
currentGame: 3 & prevGame: [0, 1, 2, 2, 1, 3]
currentRound: 0 & prevRound: [0, 1, 2, 3, 4, 0]
TEMPBOARD: 
         | Game 1 |  Game 2 |  Game 3 |  Game 4 |  
_________ ________ _________ _________ _________ 
Round 1  |  A-B   |         |         |   C-D   |   
Round 2  |        |   A-C   |         |         |   
Round 3  |        |         |   A-D   |         |   
Round 4  |        |         |   B-C   |         |   
Round 5  |        |   B-D   |         |         |   
Round 6  |        |         |         |         |   
pairToPlace: A-B
 
*****VOLGENDE ITERATIE*****
pairs: [] & pairsUsed: [A-B, A-C, A-D, B-C, B-D, C-D]
doubles: [A-B, A-C, A-D, B-C, B-D, C-D] & doublesUsed: []
currentGame: 3 & prevGame: [0, 1, 2, 2, 1, 3]
currentRound: 1 & prevRound: [0, 1, 2, 3, 4, 0]
TEMPBOARD: 
         | Game 1 |  Game 2 |  Game 3 |  Game 4 |  
_________ ________ _________ _________ _________ 
Round 1  |  A-B   |         |         |   C-D   |   
Round 2  |        |   A-C   |         |         |   
Round 3  |        |         |   A-D   |         |   
Round 4  |        |         |   B-C   |         |   
Round 5  |        |   B-D   |         |         |   
Round 6  |        |         |         |         |   
pairToPlace: A-B
 
*****VOLGENDE ITERATIE*****
pairs: [] & pairsUsed: [A-B, A-C, A-D, B-C, B-D, C-D]
doubles: [A-B, A-C, A-D, B-C, B-D, C-D] & doublesUsed: []
currentGame: 3 & prevGame: [0, 1, 2, 2, 1, 3]
currentRound: 2 & prevRound: [0, 1, 2, 3, 4, 0]
TEMPBOARD: 
         | Game 1 |  Game 2 |  Game 3 |  Game 4 |  
_________ ________ _________ _________ _________ 
Round 1  |  A-B   |         |         |   C-D   |   
Round 2  |        |   A-C   |         |         |   
Round 3  |        |         |   A-D   |         |   
Round 4  |        |         |   B-C   |         |   
Round 5  |        |   B-D   |         |         |   
Round 6  |        |         |         |         |   
pairToPlace: A-B
 
*****VOLGENDE ITERATIE*****
pairs: [] & pairsUsed: [A-B, A-C, A-D, B-C, B-D, C-D]
doubles: [A-B, A-C, A-D, B-C, B-D, C-D] & doublesUsed: []
currentGame: 3 & prevGame: [0, 1, 2, 2, 1, 3]
currentRound: 3 & prevRound: [0, 1, 2, 3, 4, 0]
TEMPBOARD: 
         | Game 1 |  Game 2 |  Game 3 |  Game 4 |  
_________ ________ _________ _________ _________ 
Round 1  |  A-B   |         |         |   C-D   |   
Round 2  |        |   A-C   |         |         |   
Round 3  |        |         |   A-D   |         |   
Round 4  |        |         |   B-C   |         |   
Round 5  |        |   B-D   |         |         |   
Round 6  |        |         |         |         |   
pairToPlace: A-B
 
*****VOLGENDE ITERATIE*****
pairs: [] & pairsUsed: [A-B, A-C, A-D, B-C, B-D, C-D]
doubles: [A-B, A-C, A-D, B-C, B-D, C-D] & doublesUsed: []
currentGame: 3 & prevGame: [0, 1, 2, 2, 1, 3]
currentRound: 4 & prevRound: [0, 1, 2, 3, 4, 0]
TEMPBOARD: 
         | Game 1 |  Game 2 |  Game 3 |  Game 4 |  
_________ ________ _________ _________ _________ 
Round 1  |  A-B   |         |         |   C-D   |   
Round 2  |        |   A-C   |         |         |   
Round 3  |        |         |   A-D   |         |   
Round 4  |        |         |   B-C   |         |   
Round 5  |        |   B-D   |         |         |   
Round 6  |        |         |         |         |   
pairToPlace: A-B
 
*****VOLGENDE ITERATIE*****
pairs: [] & pairsUsed: [A-B, A-C, A-D, B-C, B-D, C-D]
doubles: [A-B, A-C, A-D, B-C, B-D, C-D] & doublesUsed: []
currentGame: 3 & prevGame: [0, 1, 2, 2, 1, 3]
currentRound: 5 & prevRound: [0, 1, 2, 3, 4, 0]
TEMPBOARD: 
         | Game 1 |  Game 2 |  Game 3 |  Game 4 |  
_________ ________ _________ _________ _________ 
Round 1  |  A-B   |         |         |   C-D   |   
Round 2  |        |   A-C   |         |         |   
Round 3  |        |         |   A-D   |         |   
Round 4  |        |         |   B-C   |         |   
Round 5  |        |   B-D   |         |         |   
Round 6  |        |         |         |         |   
pairToPlace: A-B
 
*****VOLGENDE ITERATIE*****
pairs: [] & pairsUsed: [A-B, A-C, A-D, B-C, B-D, C-D]
doubles: [A-C, A-D, B-C, B-D, C-D] & doublesUsed: [A-B]
currentGame: 0 & prevGame: [0, 1, 2, 2, 1, 3, 3]
currentRound: 0 & prevRound: [0, 1, 2, 3, 4, 0, 5]
TEMPBOARD: 
         | Game 1 |  Game 2 |  Game 3 |  Game 4 |  
_________ ________ _________ _________ _________ 
Round 1  |  A-B   |         |         |   C-D   |   
Round 2  |        |   A-C   |         |         |   
Round 3  |        |         |   A-D   |         |   
Round 4  |        |         |   B-C   |         |   
Round 5  |        |   B-D   |         |         |   
Round 6  |        |         |         |   A-B   |   
pairToPlace: A-C
 
*****VOLGENDE ITERATIE*****
pairs: [] & pairsUsed: [A-B, A-C, A-D, B-C, B-D, C-D]
doubles: [A-C, A-D, B-C, B-D, C-D] & doublesUsed: [A-B]
currentGame: 0 & prevGame: [0, 1, 2, 2, 1, 3, 3]
currentRound: 1 & prevRound: [0, 1, 2, 3, 4, 0, 5]
TEMPBOARD: 
         | Game 1 |  Game 2 |  Game 3 |  Game 4 |  
_________ ________ _________ _________ _________ 
Round 1  |  A-B   |         |         |   C-D   |   
Round 2  |        |   A-C   |         |         |   
Round 3  |        |         |   A-D   |         |   
Round 4  |        |         |   B-C   |         |   
Round 5  |        |   B-D   |         |         |   
Round 6  |        |         |         |   A-B   |   
pairToPlace: A-C
 
*****VOLGENDE ITERATIE*****
pairs: [] & pairsUsed: [A-B, A-C, A-D, B-C, B-D, C-D]
doubles: [A-C, A-D, B-C, B-D, C-D] & doublesUsed: [A-B]
currentGame: 0 & prevGame: [0, 1, 2, 2, 1, 3, 3]
currentRound: 2 & prevRound: [0, 1, 2, 3, 4, 0, 5]
TEMPBOARD: 
         | Game 1 |  Game 2 |  Game 3 |  Game 4 |  
_________ ________ _________ _________ _________ 
Round 1  |  A-B   |         |         |   C-D   |   
Round 2  |        |   A-C   |         |         |   
Round 3  |        |         |   A-D   |         |   
Round 4  |        |         |   B-C   |         |   
Round 5  |        |   B-D   |         |         |   
Round 6  |        |         |         |   A-B   |   
pairToPlace: A-C
 
*****VOLGENDE ITERATIE*****
pairs: [] & pairsUsed: [A-B, A-C, A-D, B-C, B-D, C-D]
doubles: [A-C, A-D, B-C, B-D, C-D] & doublesUsed: [A-B]
currentGame: 0 & prevGame: [0, 1, 2, 2, 1, 3, 3]
currentRound: 3 & prevRound: [0, 1, 2, 3, 4, 0, 5]
TEMPBOARD: 
         | Game 1 |  Game 2 |  Game 3 |  Game 4 |  
_________ ________ _________ _________ _________ 
Round 1  |  A-B   |         |         |   C-D   |   
Round 2  |        |   A-C   |         |         |   
Round 3  |        |         |   A-D   |         |   
Round 4  |        |         |   B-C   |         |   
Round 5  |        |   B-D   |         |         |   
Round 6  |        |         |         |   A-B   |   
pairToPlace: A-C
 
*****VOLGENDE ITERATIE*****
pairs: [] & pairsUsed: [A-B, A-C, A-D, B-C, B-D, C-D]
doubles: [A-C, A-D, B-C, B-D, C-D] & doublesUsed: [A-B]
currentGame: 0 & prevGame: [0, 1, 2, 2, 1, 3, 3]
currentRound: 4 & prevRound: [0, 1, 2, 3, 4, 0, 5]
TEMPBOARD: 
         | Game 1 |  Game 2 |  Game 3 |  Game 4 |  
_________ ________ _________ _________ _________ 
Round 1  |  A-B   |         |         |   C-D   |   
Round 2  |        |   A-C   |         |         |   
Round 3  |        |         |   A-D   |         |   
Round 4  |        |         |   B-C   |         |   
Round 5  |        |   B-D   |         |         |   
Round 6  |        |         |         |   A-B   |   
pairToPlace: A-C
 
*****VOLGENDE ITERATIE*****
pairs: [] & pairsUsed: [A-B, A-C, A-D, B-C, B-D, C-D]
doubles: [A-C, A-D, B-C, B-D, C-D] & doublesUsed: [A-B]
currentGame: 0 & prevGame: [0, 1, 2, 2, 1, 3, 3]
currentRound: 5 & prevRound: [0, 1, 2, 3, 4, 0, 5]
TEMPBOARD: 
         | Game 1 |  Game 2 |  Game 3 |  Game 4 |  
_________ ________ _________ _________ _________ 
Round 1  |  A-B   |         |         |   C-D   |   
Round 2  |        |   A-C   |         |         |   
Round 3  |        |         |   A-D   |         |   
Round 4  |        |         |   B-C   |         |   
Round 5  |        |   B-D   |         |         |   
Round 6  |        |         |         |   A-B   |   
pairToPlace: A-C
 
*****VOLGENDE ITERATIE*****
pairs: [] & pairsUsed: [A-B, A-C, A-D, B-C, B-D, C-D]
doubles: [A-C, A-D, B-C, B-D, C-D] & doublesUsed: [A-B]
currentGame: 0 & prevGame: [0, 1, 2, 2, 1, 3, 3]
currentRound: 6 & prevRound: [0, 1, 2, 3, 4, 0, 5]
TEMPBOARD: 
         | Game 1 |  Game 2 |  Game 3 |  Game 4 |  
_________ ________ _________ _________ _________ 
Round 1  |  A-B   |         |         |   C-D   |   
Round 2  |        |   A-C   |         |         |   
Round 3  |        |         |   A-D   |         |   
Round 4  |        |         |   B-C   |         |   
Round 5  |        |   B-D   |         |         |   
Round 6  |        |         |         |   A-B   |   
pairToPlace: A-C
 
*****VOLGENDE ITERATIE*****
pairs: [] & pairsUsed: [A-B, A-C, A-D, B-C, B-D, C-D]
doubles: [A-C, A-D, B-C, B-D, C-D] & doublesUsed: [A-B]
currentGame: 1 & prevGame: [0, 1, 2, 2, 1, 3, 3]
currentRound: 0 & prevRound: [0, 1, 2, 3, 4, 0, 5]
TEMPBOARD: 
         | Game 1 |  Game 2 |  Game 3 |  Game 4 |  
_________ ________ _________ _________ _________ 
Round 1  |  A-B   |         |         |   C-D   |   
Round 2  |        |   A-C   |         |         |   
Round 3  |        |         |   A-D   |         |   
Round 4  |        |         |   B-C   |         |   
Round 5  |        |   B-D   |         |         |   
Round 6  |        |         |         |   A-B   |   
pairToPlace: A-C
 
*****VOLGENDE ITERATIE*****
pairs: [] & pairsUsed: [A-B, A-C, A-D, B-C, B-D, C-D]
doubles: [A-C, A-D, B-C, B-D, C-D] & doublesUsed: [A-B]
currentGame: 1 & prevGame: [0, 1, 2, 2, 1, 3, 3]
currentRound: 1 & prevRound: [0, 1, 2, 3, 4, 0, 5]
TEMPBOARD: 
         | Game 1 |  Game 2 |  Game 3 |  Game 4 |  
_________ ________ _________ _________ _________ 
Round 1  |  A-B   |         |         |   C-D   |   
Round 2  |        |   A-C   |         |         |   
Round 3  |        |         |   A-D   |         |   
Round 4  |        |         |   B-C   |         |   
Round 5  |        |   B-D   |         |         |   
Round 6  |        |         |         |   A-B   |   
pairToPlace: A-C
 
*****VOLGENDE ITERATIE*****
pairs: [] & pairsUsed: [A-B, A-C, A-D, B-C, B-D, C-D]
doubles: [A-C, A-D, B-C, B-D, C-D] & doublesUsed: [A-B]
currentGame: 1 & prevGame: [0, 1, 2, 2, 1, 3, 3]
currentRound: 2 & prevRound: [0, 1, 2, 3, 4, 0, 5]
TEMPBOARD: 
         | Game 1 |  Game 2 |  Game 3 |  Game 4 |  
_________ ________ _________ _________ _________ 
Round 1  |  A-B   |         |         |   C-D   |   
Round 2  |        |   A-C   |         |         |   
Round 3  |        |         |   A-D   |         |   
Round 4  |        |         |   B-C   |         |   
Round 5  |        |   B-D   |         |         |   
Round 6  |        |         |         |   A-B   |   
pairToPlace: A-C
 
*****VOLGENDE ITERATIE*****
pairs: [] & pairsUsed: [A-B, A-C, A-D, B-C, B-D, C-D]
doubles: [A-C, A-D, B-C, B-D, C-D] & doublesUsed: [A-B]
currentGame: 1 & prevGame: [0, 1, 2, 2, 1, 3, 3]
currentRound: 3 & prevRound: [0, 1, 2, 3, 4, 0, 5]
TEMPBOARD: 
         | Game 1 |  Game 2 |  Game 3 |  Game 4 |  
_________ ________ _________ _________ _________ 
Round 1  |  A-B   |         |         |   C-D   |   
Round 2  |        |   A-C   |         |         |   
Round 3  |        |         |   A-D   |         |   
Round 4  |        |         |   B-C   |         |   
Round 5  |        |   B-D   |         |         |   
Round 6  |        |         |         |   A-B   |   
pairToPlace: A-C
 
*****VOLGENDE ITERATIE*****
pairs: [] & pairsUsed: [A-B, A-C, A-D, B-C, B-D, C-D]
doubles: [A-C, A-D, B-C, B-D, C-D] & doublesUsed: [A-B]
currentGame: 1 & prevGame: [0, 1, 2, 2, 1, 3, 3]
currentRound: 4 & prevRound: [0, 1, 2, 3, 4, 0, 5]
TEMPBOARD: 
         | Game 1 |  Game 2 |  Game 3 |  Game 4 |  
_________ ________ _________ _________ _________ 
Round 1  |  A-B   |         |         |   C-D   |   
Round 2  |        |   A-C   |         |         |   
Round 3  |        |         |   A-D   |         |   
Round 4  |        |         |   B-C   |         |   
Round 5  |        |   B-D   |         |         |   
Round 6  |        |         |         |   A-B   |   
pairToPlace: A-C
 
*****VOLGENDE ITERATIE*****
pairs: [] & pairsUsed: [A-B, A-C, A-D, B-C, B-D, C-D]
doubles: [A-C, A-D, B-C, B-D, C-D] & doublesUsed: [A-B]
currentGame: 1 & prevGame: [0, 1, 2, 2, 1, 3, 3]
currentRound: 5 & prevRound: [0, 1, 2, 3, 4, 0, 5]
TEMPBOARD: 
         | Game 1 |  Game 2 |  Game 3 |  Game 4 |  
_________ ________ _________ _________ _________ 
Round 1  |  A-B   |         |         |   C-D   |   
Round 2  |        |   A-C   |         |         |   
Round 3  |        |         |   A-D   |         |   
Round 4  |        |         |   B-C   |         |   
Round 5  |        |   B-D   |         |         |   
Round 6  |        |         |         |   A-B   |   
pairToPlace: A-C
 
*****VOLGENDE ITERATIE*****
pairs: [] & pairsUsed: [A-B, A-C, A-D, B-C, B-D, C-D]
doubles: [A-C, A-D, B-C, B-D, C-D] & doublesUsed: [A-B]
currentGame: 1 & prevGame: [0, 1, 2, 2, 1, 3, 3]
currentRound: 6 & prevRound: [0, 1, 2, 3, 4, 0, 5]
TEMPBOARD: 
         | Game 1 |  Game 2 |  Game 3 |  Game 4 |  
_________ ________ _________ _________ _________ 
Round 1  |  A-B   |         |         |   C-D   |   
Round 2  |        |   A-C   |         |         |   
Round 3  |        |         |   A-D   |         |   
Round 4  |        |         |   B-C   |         |   
Round 5  |        |   B-D   |         |         |   
Round 6  |        |         |         |   A-B   |   
pairToPlace: A-C
 
*****VOLGENDE ITERATIE*****
pairs: [] & pairsUsed: [A-B, A-C, A-D, B-C, B-D, C-D]
doubles: [A-C, A-D, B-C, B-D, C-D] & doublesUsed: [A-B]
currentGame: 2 & prevGame: [0, 1, 2, 2, 1, 3, 3]
currentRound: 0 & prevRound: [0, 1, 2, 3, 4, 0, 5]
TEMPBOARD: 
         | Game 1 |  Game 2 |  Game 3 |  Game 4 |  
_________ ________ _________ _________ _________ 
Round 1  |  A-B   |         |         |   C-D   |   
Round 2  |        |   A-C   |         |         |   
Round 3  |        |         |   A-D   |         |   
Round 4  |        |         |   B-C   |         |   
Round 5  |        |   B-D   |         |         |   
Round 6  |        |         |         |   A-B   |   
pairToPlace: A-C
 
*****VOLGENDE ITERATIE*****
pairs: [] & pairsUsed: [A-B, A-C, A-D, B-C, B-D, C-D]
doubles: [A-C, A-D, B-C, B-D, C-D] & doublesUsed: [A-B]
currentGame: 2 & prevGame: [0, 1, 2, 2, 1, 3, 3]
currentRound: 1 & prevRound: [0, 1, 2, 3, 4, 0, 5]
TEMPBOARD: 
         | Game 1 |  Game 2 |  Game 3 |  Game 4 |  
_________ ________ _________ _________ _________ 
Round 1  |  A-B   |         |         |   C-D   |   
Round 2  |        |   A-C   |         |         |   
Round 3  |        |         |   A-D   |         |   
Round 4  |        |         |   B-C   |         |   
Round 5  |        |   B-D   |         |         |   
Round 6  |        |         |         |   A-B   |   
pairToPlace: A-C
 
*****VOLGENDE ITERATIE*****
pairs: [] & pairsUsed: [A-B, A-C, A-D, B-C, B-D, C-D]
doubles: [A-C, A-D, B-C, B-D, C-D] & doublesUsed: [A-B]
currentGame: 2 & prevGame: [0, 1, 2, 2, 1, 3, 3]
currentRound: 2 & prevRound: [0, 1, 2, 3, 4, 0, 5]
TEMPBOARD: 
         | Game 1 |  Game 2 |  Game 3 |  Game 4 |  
_________ ________ _________ _________ _________ 
Round 1  |  A-B   |         |         |   C-D   |   
Round 2  |        |   A-C   |         |         |   
Round 3  |        |         |   A-D   |         |   
Round 4  |        |         |   B-C   |         |   
Round 5  |        |   B-D   |         |         |   
Round 6  |        |         |         |   A-B   |   
pairToPlace: A-C
 
*****VOLGENDE ITERATIE*****
pairs: [] & pairsUsed: [A-B, A-C, A-D, B-C, B-D, C-D]
doubles: [A-C, A-D, B-C, B-D, C-D] & doublesUsed: [A-B]
currentGame: 2 & prevGame: [0, 1, 2, 2, 1, 3, 3]
currentRound: 3 & prevRound: [0, 1, 2, 3, 4, 0, 5]
TEMPBOARD: 
         | Game 1 |  Game 2 |  Game 3 |  Game 4 |  
_________ ________ _________ _________ _________ 
Round 1  |  A-B   |         |         |   C-D   |   
Round 2  |        |   A-C   |         |         |   
Round 3  |        |         |   A-D   |         |   
Round 4  |        |         |   B-C   |         |   
Round 5  |        |   B-D   |         |         |   
Round 6  |        |         |         |   A-B   |   
pairToPlace: A-C
 
*****VOLGENDE ITERATIE*****
pairs: [] & pairsUsed: [A-B, A-C, A-D, B-C, B-D, C-D]
doubles: [A-C, A-D, B-C, B-D, C-D] & doublesUsed: [A-B]
currentGame: 2 & prevGame: [0, 1, 2, 2, 1, 3, 3]
currentRound: 4 & prevRound: [0, 1, 2, 3, 4, 0, 5]
TEMPBOARD: 
         | Game 1 |  Game 2 |  Game 3 |  Game 4 |  
_________ ________ _________ _________ _________ 
Round 1  |  A-B   |         |         |   C-D   |   
Round 2  |        |   A-C   |         |         |   
Round 3  |        |         |   A-D   |         |   
Round 4  |        |         |   B-C   |         |   
Round 5  |        |   B-D   |         |         |   
Round 6  |        |         |         |   A-B   |   
pairToPlace: A-C
 
*****VOLGENDE ITERATIE*****
pairs: [] & pairsUsed: [A-B, A-C, A-D, B-C, B-D, C-D]
doubles: [A-C, A-D, B-C, B-D, C-D] & doublesUsed: [A-B]
currentGame: 2 & prevGame: [0, 1, 2, 2, 1, 3, 3]
currentRound: 5 & prevRound: [0, 1, 2, 3, 4, 0, 5]
TEMPBOARD: 
         | Game 1 |  Game 2 |  Game 3 |  Game 4 |  
_________ ________ _________ _________ _________ 
Round 1  |  A-B   |         |         |   C-D   |   
Round 2  |        |   A-C   |         |         |   
Round 3  |        |         |   A-D   |         |   
Round 4  |        |         |   B-C   |         |   
Round 5  |        |   B-D   |         |         |   
Round 6  |        |         |         |   A-B   |   
pairToPlace: A-C
 
*****VOLGENDE ITERATIE*****
pairs: [] & pairsUsed: [A-B, A-C, A-D, B-C, B-D, C-D]
doubles: [A-C, A-D, B-C, B-D, C-D] & doublesUsed: [A-B]
currentGame: 2 & prevGame: [0, 1, 2, 2, 1, 3, 3]
currentRound: 6 & prevRound: [0, 1, 2, 3, 4, 0, 5]
TEMPBOARD: 
         | Game 1 |  Game 2 |  Game 3 |  Game 4 |  
_________ ________ _________ _________ _________ 
Round 1  |  A-B   |         |         |   C-D   |   
Round 2  |        |   A-C   |         |         |   
Round 3  |        |         |   A-D   |         |   
Round 4  |        |         |   B-C   |         |   
Round 5  |        |   B-D   |         |         |   
Round 6  |        |         |         |   A-B   |   
pairToPlace: A-C
 
*****VOLGENDE ITERATIE*****
pairs: [] & pairsUsed: [A-B, A-C, A-D, B-C, B-D, C-D]
doubles: [A-C, A-D, B-C, B-D, C-D] & doublesUsed: [A-B]
currentGame: 3 & prevGame: [0, 1, 2, 2, 1, 3, 3]
currentRound: 0 & prevRound: [0, 1, 2, 3, 4, 0, 5]
TEMPBOARD: 
         | Game 1 |  Game 2 |  Game 3 |  Game 4 |  
_________ ________ _________ _________ _________ 
Round 1  |  A-B   |         |         |   C-D   |   
Round 2  |        |   A-C   |         |         |   
Round 3  |        |         |   A-D   |         |   
Round 4  |        |         |   B-C   |         |   
Round 5  |        |   B-D   |         |         |   
Round 6  |        |         |         |   A-B   |   
pairToPlace: A-C
 
*****VOLGENDE ITERATIE*****
pairs: [] & pairsUsed: [A-B, A-C, A-D, B-C, B-D, C-D]
doubles: [A-C, A-D, B-C, B-D, C-D] & doublesUsed: [A-B]
currentGame: 3 & prevGame: [0, 1, 2, 2, 1, 3, 3]
currentRound: 1 & prevRound: [0, 1, 2, 3, 4, 0, 5]
TEMPBOARD: 
         | Game 1 |  Game 2 |  Game 3 |  Game 4 |  
_________ ________ _________ _________ _________ 
Round 1  |  A-B   |         |         |   C-D   |   
Round 2  |        |   A-C   |         |         |   
Round 3  |        |         |   A-D   |         |   
Round 4  |        |         |   B-C   |         |   
Round 5  |        |   B-D   |         |         |   
Round 6  |        |         |         |   A-B   |   
pairToPlace: A-C
 
*****VOLGENDE ITERATIE*****
pairs: [] & pairsUsed: [A-B, A-C, A-D, B-C, B-D, C-D]
doubles: [A-C, A-D, B-C, B-D, C-D] & doublesUsed: [A-B]
currentGame: 3 & prevGame: [0, 1, 2, 2, 1, 3, 3]
currentRound: 2 & prevRound: [0, 1, 2, 3, 4, 0, 5]
TEMPBOARD: 
         | Game 1 |  Game 2 |  Game 3 |  Game 4 |  
_________ ________ _________ _________ _________ 
Round 1  |  A-B   |         |         |   C-D   |   
Round 2  |        |   A-C   |         |         |   
Round 3  |        |         |   A-D   |         |   
Round 4  |        |         |   B-C   |         |   
Round 5  |        |   B-D   |         |         |   
Round 6  |        |         |         |   A-B   |   
pairToPlace: A-C
 
*****VOLGENDE ITERATIE*****
pairs: [] & pairsUsed: [A-B, A-C, A-D, B-C, B-D, C-D]
doubles: [A-C, A-D, B-C, B-D, C-D] & doublesUsed: [A-B]
currentGame: 3 & prevGame: [0, 1, 2, 2, 1, 3, 3]
currentRound: 3 & prevRound: [0, 1, 2, 3, 4, 0, 5]
TEMPBOARD: 
         | Game 1 |  Game 2 |  Game 3 |  Game 4 |  
_________ ________ _________ _________ _________ 
Round 1  |  A-B   |         |         |   C-D   |   
Round 2  |        |   A-C   |         |         |   
Round 3  |        |         |   A-D   |         |   
Round 4  |        |         |   B-C   |         |   
Round 5  |        |   B-D   |         |         |   
Round 6  |        |         |         |   A-B   |   
pairToPlace: A-C
 
*****VOLGENDE ITERATIE*****
pairs: [] & pairsUsed: [A-B, A-C, A-D, B-C, B-D, C-D]
doubles: [A-C, A-D, B-C, B-D, C-D] & doublesUsed: [A-B]
currentGame: 3 & prevGame: [0, 1, 2, 2, 1, 3, 3]
currentRound: 4 & prevRound: [0, 1, 2, 3, 4, 0, 5]
TEMPBOARD: 
         | Game 1 |  Game 2 |  Game 3 |  Game 4 |  
_________ ________ _________ _________ _________ 
Round 1  |  A-B   |         |         |   C-D   |   
Round 2  |        |   A-C   |         |         |   
Round 3  |        |         |   A-D   |         |   
Round 4  |        |         |   B-C   |         |   
Round 5  |        |   B-D   |         |         |   
Round 6  |        |         |         |   A-B   |   
pairToPlace: A-C
 
*****VOLGENDE ITERATIE*****
pairs: [] & pairsUsed: [A-B, A-C, A-D, B-C, B-D, C-D]
doubles: [A-C, A-D, B-C, B-D, C-D] & doublesUsed: [A-B]
currentGame: 3 & prevGame: [0, 1, 2, 2, 1, 3, 3]
currentRound: 5 & prevRound: [0, 1, 2, 3, 4, 0, 5]
TEMPBOARD: 
         | Game 1 |  Game 2 |  Game 3 |  Game 4 |  
_________ ________ _________ _________ _________ 
Round 1  |  A-B   |         |         |   C-D   |   
Round 2  |        |   A-C   |         |         |   
Round 3  |        |         |   A-D   |         |   
Round 4  |        |         |   B-C   |         |   
Round 5  |        |   B-D   |         |         |   
Round 6  |        |         |         |   A-B   |   
pairToPlace: A-C
 
*****VOLGENDE ITERATIE*****
pairs: [] & pairsUsed: [A-B, A-C, A-D, B-C, B-D, C-D]
doubles: [A-C, A-D, B-C, B-D, C-D] & doublesUsed: [A-B]
currentGame: 3 & prevGame: [0, 1, 2, 2, 1, 3, 3]
currentRound: 6 & prevRound: [0, 1, 2, 3, 4, 0, 5]
TEMPBOARD: 
         | Game 1 |  Game 2 |  Game 3 |  Game 4 |  
_________ ________ _________ _________ _________ 
Round 1  |  A-B   |         |         |   C-D   |   
Round 2  |        |   A-C   |         |         |   
Round 3  |        |         |   A-D   |         |   
Round 4  |        |         |   B-C   |         |   
Round 5  |        |   B-D   |         |         |   
Round 6  |        |         |         |   A-B   |   
pairToPlace: A-C
 
*****VOLGENDE ITERATIE*****
pairs: [] & pairsUsed: [A-B, A-C, A-D, B-C, B-D, C-D]
doubles: [A-C, A-D, B-C, B-D, C-D] & doublesUsed: [A-B]
currentGame: 4 & prevGame: [0, 1, 2, 2, 1, 3, 3]
currentRound: 0 & prevRound: [0, 1, 2, 3, 4, 0, 5]
TEMPBOARD: 
         | Game 1 |  Game 2 |  Game 3 |  Game 4 |  
_________ ________ _________ _________ _________ 
Round 1  |  A-B   |         |         |   C-D   |   
Round 2  |        |   A-C   |         |         |   
Round 3  |        |         |   A-D   |         |   
Round 4  |        |         |   B-C   |         |   
Round 5  |        |   B-D   |         |         |   
Round 6  |        |         |         |   A-B   |   
pairToPlace: A-C
 
*****VOLGENDE ITERATIE*****
pairs: [] & pairsUsed: [A-B, A-C, A-D, B-C, B-D, C-D]
doubles: [A-B, A-C, A-D, B-C, B-D, C-D] & doublesUsed: []
currentGame: 3 & prevGame: [0, 1, 2, 2, 1, 3]
currentRound: 6 & prevRound: [0, 1, 2, 3, 4, 0]
TEMPBOARD: 
         | Game 1 |  Game 2 |  Game 3 |  Game 4 |  
_________ ________ _________ _________ _________ 
Round 1  |  A-B   |         |         |   C-D   |   
Round 2  |        |   A-C   |         |         |   
Round 3  |        |         |   A-D   |         |   
Round 4  |        |         |   B-C   |         |   
Round 5  |        |   B-D   |         |         |   
Round 6  |        |         |         |         |   
pairToPlace: A-B
 
*****VOLGENDE ITERATIE*****
pairs: [] & pairsUsed: [A-B, A-C, A-D, B-C, B-D, C-D]
doubles: [A-B, A-C, A-D, B-C, B-D, C-D] & doublesUsed: []
currentGame: 4 & prevGame: [0, 1, 2, 2, 1, 3]
currentRound: 0 & prevRound: [0, 1, 2, 3, 4, 0]
TEMPBOARD: 
         | Game 1 |  Game 2 |  Game 3 |  Game 4 |  
_________ ________ _________ _________ _________ 
Round 1  |  A-B   |         |         |   C-D   |   
Round 2  |        |   A-C   |         |         |   
Round 3  |        |         |   A-D   |         |   
Round 4  |        |         |   B-C   |         |   
Round 5  |        |   B-D   |         |         |   
Round 6  |        |         |         |         |   
pairToPlace: A-B
 
*****VOLGENDE ITERATIE*****
pairs: [C-D] & pairsUsed: [A-B, A-C, A-D, B-C, B-D]
doubles: [A-B, A-C, A-D, B-C, B-D, C-D] & doublesUsed: []
currentGame: 3 & prevGame: [0, 1, 2, 2, 1]
currentRound: 1 & prevRound: [0, 1, 2, 3, 4]
TEMPBOARD: 
         | Game 1 |  Game 2 |  Game 3 |  Game 4 |  
_________ ________ _________ _________ _________ 
Round 1  |  A-B   |         |         |         |   
Round 2  |        |   A-C   |         |         |   
Round 3  |        |         |   A-D   |         |   
Round 4  |        |         |   B-C   |         |   
Round 5  |        |   B-D   |         |         |   
Round 6  |        |         |         |         |   
pairToPlace: C-D
 
*****VOLGENDE ITERATIE*****
pairs: [C-D] & pairsUsed: [A-B, A-C, A-D, B-C, B-D]
doubles: [A-B, A-C, A-D, B-C, B-D, C-D] & doublesUsed: []
currentGame: 3 & prevGame: [0, 1, 2, 2, 1]
currentRound: 2 & prevRound: [0, 1, 2, 3, 4]
TEMPBOARD: 
         | Game 1 |  Game 2 |  Game 3 |  Game 4 |  
_________ ________ _________ _________ _________ 
Round 1  |  A-B   |         |         |         |   
Round 2  |        |   A-C   |         |         |   
Round 3  |        |         |   A-D   |         |   
Round 4  |        |         |   B-C   |         |   
Round 5  |        |   B-D   |         |         |   
Round 6  |        |         |         |         |   
pairToPlace: C-D
 
*****VOLGENDE ITERATIE*****
pairs: [C-D] & pairsUsed: [A-B, A-C, A-D, B-C, B-D]
doubles: [A-B, A-C, A-D, B-C, B-D, C-D] & doublesUsed: []
currentGame: 3 & prevGame: [0, 1, 2, 2, 1]
currentRound: 3 & prevRound: [0, 1, 2, 3, 4]
TEMPBOARD: 
         | Game 1 |  Game 2 |  Game 3 |  Game 4 |  
_________ ________ _________ _________ _________ 
Round 1  |  A-B   |         |         |         |   
Round 2  |        |   A-C   |         |         |   
Round 3  |        |         |   A-D   |         |   
Round 4  |        |         |   B-C   |         |   
Round 5  |        |   B-D   |         |         |   
Round 6  |        |         |         |         |   
pairToPlace: C-D
 
*****VOLGENDE ITERATIE*****
pairs: [C-D] & pairsUsed: [A-B, A-C, A-D, B-C, B-D]
doubles: [A-B, A-C, A-D, B-C, B-D, C-D] & doublesUsed: []
currentGame: 3 & prevGame: [0, 1, 2, 2, 1]
currentRound: 4 & prevRound: [0, 1, 2, 3, 4]
TEMPBOARD: 
         | Game 1 |  Game 2 |  Game 3 |  Game 4 |  
_________ ________ _________ _________ _________ 
Round 1  |  A-B   |         |         |         |   
Round 2  |        |   A-C   |         |         |   
Round 3  |        |         |   A-D   |         |   
Round 4  |        |         |   B-C   |         |   
Round 5  |        |   B-D   |         |         |   
Round 6  |        |         |         |         |   
pairToPlace: C-D
 
*****VOLGENDE ITERATIE*****
pairs: [C-D] & pairsUsed: [A-B, A-C, A-D, B-C, B-D]
doubles: [A-B, A-C, A-D, B-C, B-D, C-D] & doublesUsed: []
currentGame: 3 & prevGame: [0, 1, 2, 2, 1]
currentRound: 5 & prevRound: [0, 1, 2, 3, 4]
TEMPBOARD: 
         | Game 1 |  Game 2 |  Game 3 |  Game 4 |  
_________ ________ _________ _________ _________ 
Round 1  |  A-B   |         |         |         |   
Round 2  |        |   A-C   |         |         |   
Round 3  |        |         |   A-D   |         |   
Round 4  |        |         |   B-C   |         |   
Round 5  |        |   B-D   |         |         |   
Round 6  |        |         |         |         |   
pairToPlace: C-D
 
*****VOLGENDE ITERATIE*****
pairs: [] & pairsUsed: [A-B, A-C, A-D, B-C, B-D, C-D]
doubles: [A-B, A-C, A-D, B-C, B-D, C-D] & doublesUsed: []
currentGame: 0 & prevGame: [0, 1, 2, 2, 1, 3]
currentRound: 0 & prevRound: [0, 1, 2, 3, 4, 5]
TEMPBOARD: 
         | Game 1 |  Game 2 |  Game 3 |  Game 4 |  
_________ ________ _________ _________ _________ 
Round 1  |  A-B   |         |         |         |   
Round 2  |        |   A-C   |         |         |   
Round 3  |        |         |   A-D   |         |   
Round 4  |        |         |   B-C   |         |   
Round 5  |        |   B-D   |         |         |   
Round 6  |        |         |         |   C-D   |   
pairToPlace: A-B
 
*****VOLGENDE ITERATIE*****
pairs: [] & pairsUsed: [A-B, A-C, A-D, B-C, B-D, C-D]
doubles: [A-B, A-C, A-D, B-C, B-D, C-D] & doublesUsed: []
currentGame: 0 & prevGame: [0, 1, 2, 2, 1, 3]
currentRound: 1 & prevRound: [0, 1, 2, 3, 4, 5]
TEMPBOARD: 
         | Game 1 |  Game 2 |  Game 3 |  Game 4 |  
_________ ________ _________ _________ _________ 
Round 1  |  A-B   |         |         |         |   
Round 2  |        |   A-C   |         |         |   
Round 3  |        |         |   A-D   |         |   
Round 4  |        |         |   B-C   |         |   
Round 5  |        |   B-D   |         |         |   
Round 6  |        |         |         |   C-D   |   
pairToPlace: A-B
 
*****VOLGENDE ITERATIE*****
pairs: [] & pairsUsed: [A-B, A-C, A-D, B-C, B-D, C-D]
doubles: [A-B, A-C, A-D, B-C, B-D, C-D] & doublesUsed: []
currentGame: 0 & prevGame: [0, 1, 2, 2, 1, 3]
currentRound: 2 & prevRound: [0, 1, 2, 3, 4, 5]
TEMPBOARD: 
         | Game 1 |  Game 2 |  Game 3 |  Game 4 |  
_________ ________ _________ _________ _________ 
Round 1  |  A-B   |         |         |         |   
Round 2  |        |   A-C   |         |         |   
Round 3  |        |         |   A-D   |         |   
Round 4  |        |         |   B-C   |         |   
Round 5  |        |   B-D   |         |         |   
Round 6  |        |         |         |   C-D   |   
pairToPlace: A-B
 
*****VOLGENDE ITERATIE*****
pairs: [] & pairsUsed: [A-B, A-C, A-D, B-C, B-D, C-D]
doubles: [A-B, A-C, A-D, B-C, B-D, C-D] & doublesUsed: []
currentGame: 0 & prevGame: [0, 1, 2, 2, 1, 3]
currentRound: 3 & prevRound: [0, 1, 2, 3, 4, 5]
TEMPBOARD: 
         | Game 1 |  Game 2 |  Game 3 |  Game 4 |  
_________ ________ _________ _________ _________ 
Round 1  |  A-B   |         |         |         |   
Round 2  |        |   A-C   |         |         |   
Round 3  |        |         |   A-D   |         |   
Round 4  |        |         |   B-C   |         |   
Round 5  |        |   B-D   |         |         |   
Round 6  |        |         |         |   C-D   |   
pairToPlace: A-B
 
*****VOLGENDE ITERATIE*****
pairs: [] & pairsUsed: [A-B, A-C, A-D, B-C, B-D, C-D]
doubles: [A-B, A-C, A-D, B-C, B-D, C-D] & doublesUsed: []
currentGame: 0 & prevGame: [0, 1, 2, 2, 1, 3]
currentRound: 4 & prevRound: [0, 1, 2, 3, 4, 5]
TEMPBOARD: 
         | Game 1 |  Game 2 |  Game 3 |  Game 4 |  
_________ ________ _________ _________ _________ 
Round 1  |  A-B   |         |         |         |   
Round 2  |        |   A-C   |         |         |   
Round 3  |        |         |   A-D   |         |   
Round 4  |        |         |   B-C   |         |   
Round 5  |        |   B-D   |         |         |   
Round 6  |        |         |         |   C-D   |   
pairToPlace: A-B
 
*****VOLGENDE ITERATIE*****
pairs: [] & pairsUsed: [A-B, A-C, A-D, B-C, B-D, C-D]
doubles: [A-B, A-C, A-D, B-C, B-D, C-D] & doublesUsed: []
currentGame: 0 & prevGame: [0, 1, 2, 2, 1, 3]
currentRound: 5 & prevRound: [0, 1, 2, 3, 4, 5]
TEMPBOARD: 
         | Game 1 |  Game 2 |  Game 3 |  Game 4 |  
_________ ________ _________ _________ _________ 
Round 1  |  A-B   |         |         |         |   
Round 2  |        |   A-C   |         |         |   
Round 3  |        |         |   A-D   |         |   
Round 4  |        |         |   B-C   |         |   
Round 5  |        |   B-D   |         |         |   
Round 6  |        |         |         |   C-D   |   
pairToPlace: A-B
 
*****VOLGENDE ITERATIE*****
pairs: [] & pairsUsed: [A-B, A-C, A-D, B-C, B-D, C-D]
doubles: [A-B, A-C, A-D, B-C, B-D, C-D] & doublesUsed: []
currentGame: 0 & prevGame: [0, 1, 2, 2, 1, 3]
currentRound: 6 & prevRound: [0, 1, 2, 3, 4, 5]
TEMPBOARD: 
         | Game 1 |  Game 2 |  Game 3 |  Game 4 |  
_________ ________ _________ _________ _________ 
Round 1  |  A-B   |         |         |         |   
Round 2  |        |   A-C   |         |         |   
Round 3  |        |         |   A-D   |         |   
Round 4  |        |         |   B-C   |         |   
Round 5  |        |   B-D   |         |         |   
Round 6  |        |         |         |   C-D   |   
pairToPlace: A-B
 
*****VOLGENDE ITERATIE*****
pairs: [] & pairsUsed: [A-B, A-C, A-D, B-C, B-D, C-D]
doubles: [A-B, A-C, A-D, B-C, B-D, C-D] & doublesUsed: []
currentGame: 1 & prevGame: [0, 1, 2, 2, 1, 3]
currentRound: 0 & prevRound: [0, 1, 2, 3, 4, 5]
TEMPBOARD: 
         | Game 1 |  Game 2 |  Game 3 |  Game 4 |  
_________ ________ _________ _________ _________ 
Round 1  |  A-B   |         |         |         |   
Round 2  |        |   A-C   |         |         |   
Round 3  |        |         |   A-D   |         |   
Round 4  |        |         |   B-C   |         |   
Round 5  |        |   B-D   |         |         |   
Round 6  |        |         |         |   C-D   |   
pairToPlace: A-B
 
*****VOLGENDE ITERATIE*****
pairs: [] & pairsUsed: [A-B, A-C, A-D, B-C, B-D, C-D]
doubles: [A-B, A-C, A-D, B-C, B-D, C-D] & doublesUsed: []
currentGame: 1 & prevGame: [0, 1, 2, 2, 1, 3]
currentRound: 1 & prevRound: [0, 1, 2, 3, 4, 5]
TEMPBOARD: 
         | Game 1 |  Game 2 |  Game 3 |  Game 4 |  
_________ ________ _________ _________ _________ 
Round 1  |  A-B   |         |         |         |   
Round 2  |        |   A-C   |         |         |   
Round 3  |        |         |   A-D   |         |   
Round 4  |        |         |   B-C   |         |   
Round 5  |        |   B-D   |         |         |   
Round 6  |        |         |         |   C-D   |   
pairToPlace: A-B
 
*****VOLGENDE ITERATIE*****
pairs: [] & pairsUsed: [A-B, A-C, A-D, B-C, B-D, C-D]
doubles: [A-B, A-C, A-D, B-C, B-D, C-D] & doublesUsed: []
currentGame: 1 & prevGame: [0, 1, 2, 2, 1, 3]
currentRound: 2 & prevRound: [0, 1, 2, 3, 4, 5]
TEMPBOARD: 
         | Game 1 |  Game 2 |  Game 3 |  Game 4 |  
_________ ________ _________ _________ _________ 
Round 1  |  A-B   |         |         |         |   
Round 2  |        |   A-C   |         |         |   
Round 3  |        |         |   A-D   |         |   
Round 4  |        |         |   B-C   |         |   
Round 5  |        |   B-D   |         |         |   
Round 6  |        |         |         |   C-D   |   
pairToPlace: A-B
 
*****VOLGENDE ITERATIE*****
pairs: [] & pairsUsed: [A-B, A-C, A-D, B-C, B-D, C-D]
doubles: [A-B, A-C, A-D, B-C, B-D, C-D] & doublesUsed: []
currentGame: 1 & prevGame: [0, 1, 2, 2, 1, 3]
currentRound: 3 & prevRound: [0, 1, 2, 3, 4, 5]
TEMPBOARD: 
         | Game 1 |  Game 2 |  Game 3 |  Game 4 |  
_________ ________ _________ _________ _________ 
Round 1  |  A-B   |         |         |         |   
Round 2  |        |   A-C   |         |         |   
Round 3  |        |         |   A-D   |         |   
Round 4  |        |         |   B-C   |         |   
Round 5  |        |   B-D   |         |         |   
Round 6  |        |         |         |   C-D   |   
pairToPlace: A-B
 
*****VOLGENDE ITERATIE*****
pairs: [] & pairsUsed: [A-B, A-C, A-D, B-C, B-D, C-D]
doubles: [A-B, A-C, A-D, B-C, B-D, C-D] & doublesUsed: []
currentGame: 1 & prevGame: [0, 1, 2, 2, 1, 3]
currentRound: 4 & prevRound: [0, 1, 2, 3, 4, 5]
TEMPBOARD: 
         | Game 1 |  Game 2 |  Game 3 |  Game 4 |  
_________ ________ _________ _________ _________ 
Round 1  |  A-B   |         |         |         |   
Round 2  |        |   A-C   |         |         |   
Round 3  |        |         |   A-D   |         |   
Round 4  |        |         |   B-C   |         |   
Round 5  |        |   B-D   |         |         |   
Round 6  |        |         |         |   C-D   |   
pairToPlace: A-B
 
*****VOLGENDE ITERATIE*****
pairs: [] & pairsUsed: [A-B, A-C, A-D, B-C, B-D, C-D]
doubles: [A-B, A-C, A-D, B-C, B-D, C-D] & doublesUsed: []
currentGame: 1 & prevGame: [0, 1, 2, 2, 1, 3]
currentRound: 5 & prevRound: [0, 1, 2, 3, 4, 5]
TEMPBOARD: 
         | Game 1 |  Game 2 |  Game 3 |  Game 4 |  
_________ ________ _________ _________ _________ 
Round 1  |  A-B   |         |         |         |   
Round 2  |        |   A-C   |         |         |   
Round 3  |        |         |   A-D   |         |   
Round 4  |        |         |   B-C   |         |   
Round 5  |        |   B-D   |         |         |   
Round 6  |        |         |         |   C-D   |   
pairToPlace: A-B
 
*****VOLGENDE ITERATIE*****
pairs: [] & pairsUsed: [A-B, A-C, A-D, B-C, B-D, C-D]
doubles: [A-B, A-C, A-D, B-C, B-D, C-D] & doublesUsed: []
currentGame: 1 & prevGame: [0, 1, 2, 2, 1, 3]
currentRound: 6 & prevRound: [0, 1, 2, 3, 4, 5]
TEMPBOARD: 
         | Game 1 |  Game 2 |  Game 3 |  Game 4 |  
_________ ________ _________ _________ _________ 
Round 1  |  A-B   |         |         |         |   
Round 2  |        |   A-C   |         |         |   
Round 3  |        |         |   A-D   |         |   
Round 4  |        |         |   B-C   |         |   
Round 5  |        |   B-D   |         |         |   
Round 6  |        |         |         |   C-D   |   
pairToPlace: A-B
 
*****VOLGENDE ITERATIE*****
pairs: [] & pairsUsed: [A-B, A-C, A-D, B-C, B-D, C-D]
doubles: [A-B, A-C, A-D, B-C, B-D, C-D] & doublesUsed: []
currentGame: 2 & prevGame: [0, 1, 2, 2, 1, 3]
currentRound: 0 & prevRound: [0, 1, 2, 3, 4, 5]
TEMPBOARD: 
         | Game 1 |  Game 2 |  Game 3 |  Game 4 |  
_________ ________ _________ _________ _________ 
Round 1  |  A-B   |         |         |         |   
Round 2  |        |   A-C   |         |         |   
Round 3  |        |         |   A-D   |         |   
Round 4  |        |         |   B-C   |         |   
Round 5  |        |   B-D   |         |         |   
Round 6  |        |         |         |   C-D   |   
pairToPlace: A-B
 
*****VOLGENDE ITERATIE*****
pairs: [] & pairsUsed: [A-B, A-C, A-D, B-C, B-D, C-D]
doubles: [A-B, A-C, A-D, B-C, B-D, C-D] & doublesUsed: []
currentGame: 2 & prevGame: [0, 1, 2, 2, 1, 3]
currentRound: 1 & prevRound: [0, 1, 2, 3, 4, 5]
TEMPBOARD: 
         | Game 1 |  Game 2 |  Game 3 |  Game 4 |  
_________ ________ _________ _________ _________ 
Round 1  |  A-B   |         |         |         |   
Round 2  |        |   A-C   |         |         |   
Round 3  |        |         |   A-D   |         |   
Round 4  |        |         |   B-C   |         |   
Round 5  |        |   B-D   |         |         |   
Round 6  |        |         |         |   C-D   |   
pairToPlace: A-B
 
*****VOLGENDE ITERATIE*****
pairs: [] & pairsUsed: [A-B, A-C, A-D, B-C, B-D, C-D]
doubles: [A-B, A-C, A-D, B-C, B-D, C-D] & doublesUsed: []
currentGame: 2 & prevGame: [0, 1, 2, 2, 1, 3]
currentRound: 2 & prevRound: [0, 1, 2, 3, 4, 5]
TEMPBOARD: 
         | Game 1 |  Game 2 |  Game 3 |  Game 4 |  
_________ ________ _________ _________ _________ 
Round 1  |  A-B   |         |         |         |   
Round 2  |        |   A-C   |         |         |   
Round 3  |        |         |   A-D   |         |   
Round 4  |        |         |   B-C   |         |   
Round 5  |        |   B-D   |         |         |   
Round 6  |        |         |         |   C-D   |   
pairToPlace: A-B
 
*****VOLGENDE ITERATIE*****
pairs: [] & pairsUsed: [A-B, A-C, A-D, B-C, B-D, C-D]
doubles: [A-B, A-C, A-D, B-C, B-D, C-D] & doublesUsed: []
currentGame: 2 & prevGame: [0, 1, 2, 2, 1, 3]
currentRound: 3 & prevRound: [0, 1, 2, 3, 4, 5]
TEMPBOARD: 
         | Game 1 |  Game 2 |  Game 3 |  Game 4 |  
_________ ________ _________ _________ _________ 
Round 1  |  A-B   |         |         |         |   
Round 2  |        |   A-C   |         |         |   
Round 3  |        |         |   A-D   |         |   
Round 4  |        |         |   B-C   |         |   
Round 5  |        |   B-D   |         |         |   
Round 6  |        |         |         |   C-D   |   
pairToPlace: A-B
 
*****VOLGENDE ITERATIE*****
pairs: [] & pairsUsed: [A-B, A-C, A-D, B-C, B-D, C-D]
doubles: [A-B, A-C, A-D, B-C, B-D, C-D] & doublesUsed: []
currentGame: 2 & prevGame: [0, 1, 2, 2, 1, 3]
currentRound: 4 & prevRound: [0, 1, 2, 3, 4, 5]
TEMPBOARD: 
         | Game 1 |  Game 2 |  Game 3 |  Game 4 |  
_________ ________ _________ _________ _________ 
Round 1  |  A-B   |         |         |         |   
Round 2  |        |   A-C   |         |         |   
Round 3  |        |         |   A-D   |         |   
Round 4  |        |         |   B-C   |         |   
Round 5  |        |   B-D   |         |         |   
Round 6  |        |         |         |   C-D   |   
pairToPlace: A-B
 
*****VOLGENDE ITERATIE*****
pairs: [] & pairsUsed: [A-B, A-C, A-D, B-C, B-D, C-D]
doubles: [A-B, A-C, A-D, B-C, B-D, C-D] & doublesUsed: []
currentGame: 2 & prevGame: [0, 1, 2, 2, 1, 3]
currentRound: 5 & prevRound: [0, 1, 2, 3, 4, 5]
TEMPBOARD: 
         | Game 1 |  Game 2 |  Game 3 |  Game 4 |  
_________ ________ _________ _________ _________ 
Round 1  |  A-B   |         |         |         |   
Round 2  |        |   A-C   |         |         |   
Round 3  |        |         |   A-D   |         |   
Round 4  |        |         |   B-C   |         |   
Round 5  |        |   B-D   |         |         |   
Round 6  |        |         |         |   C-D   |   
pairToPlace: A-B
 
*****VOLGENDE ITERATIE*****
pairs: [] & pairsUsed: [A-B, A-C, A-D, B-C, B-D, C-D]
doubles: [A-B, A-C, A-D, B-C, B-D, C-D] & doublesUsed: []
currentGame: 2 & prevGame: [0, 1, 2, 2, 1, 3]
currentRound: 6 & prevRound: [0, 1, 2, 3, 4, 5]
TEMPBOARD: 
         | Game 1 |  Game 2 |  Game 3 |  Game 4 |  
_________ ________ _________ _________ _________ 
Round 1  |  A-B   |         |         |         |   
Round 2  |        |   A-C   |         |         |   
Round 3  |        |         |   A-D   |         |   
Round 4  |        |         |   B-C   |         |   
Round 5  |        |   B-D   |         |         |   
Round 6  |        |         |         |   C-D   |   
pairToPlace: A-B
 
*****VOLGENDE ITERATIE*****
pairs: [] & pairsUsed: [A-B, A-C, A-D, B-C, B-D, C-D]
doubles: [A-B, A-C, A-D, B-C, B-D, C-D] & doublesUsed: []
currentGame: 3 & prevGame: [0, 1, 2, 2, 1, 3]
currentRound: 0 & prevRound: [0, 1, 2, 3, 4, 5]
TEMPBOARD: 
         | Game 1 |  Game 2 |  Game 3 |  Game 4 |  
_________ ________ _________ _________ _________ 
Round 1  |  A-B   |         |         |         |   
Round 2  |        |   A-C   |         |         |   
Round 3  |        |         |   A-D   |         |   
Round 4  |        |         |   B-C   |         |   
Round 5  |        |   B-D   |         |         |   
Round 6  |        |         |         |   C-D   |   
pairToPlace: A-B
 
*****VOLGENDE ITERATIE*****
pairs: [] & pairsUsed: [A-B, A-C, A-D, B-C, B-D, C-D]
doubles: [A-B, A-C, A-D, B-C, B-D, C-D] & doublesUsed: []
currentGame: 3 & prevGame: [0, 1, 2, 2, 1, 3]
currentRound: 1 & prevRound: [0, 1, 2, 3, 4, 5]
TEMPBOARD: 
         | Game 1 |  Game 2 |  Game 3 |  Game 4 |  
_________ ________ _________ _________ _________ 
Round 1  |  A-B   |         |         |         |   
Round 2  |        |   A-C   |         |         |   
Round 3  |        |         |   A-D   |         |   
Round 4  |        |         |   B-C   |         |   
Round 5  |        |   B-D   |         |         |   
Round 6  |        |         |         |   C-D   |   
pairToPlace: A-B
 
*****VOLGENDE ITERATIE*****
pairs: [] & pairsUsed: [A-B, A-C, A-D, B-C, B-D, C-D]
doubles: [A-B, A-C, A-D, B-C, B-D, C-D] & doublesUsed: []
currentGame: 3 & prevGame: [0, 1, 2, 2, 1, 3]
currentRound: 2 & prevRound: [0, 1, 2, 3, 4, 5]
TEMPBOARD: 
         | Game 1 |  Game 2 |  Game 3 |  Game 4 |  
_________ ________ _________ _________ _________ 
Round 1  |  A-B   |         |         |         |   
Round 2  |        |   A-C   |         |         |   
Round 3  |        |         |   A-D   |         |   
Round 4  |        |         |   B-C   |         |   
Round 5  |        |   B-D   |         |         |   
Round 6  |        |         |         |   C-D   |   
pairToPlace: A-B
 
*****VOLGENDE ITERATIE*****
pairs: [] & pairsUsed: [A-B, A-C, A-D, B-C, B-D, C-D]
doubles: [A-B, A-C, A-D, B-C, B-D, C-D] & doublesUsed: []
currentGame: 3 & prevGame: [0, 1, 2, 2, 1, 3]
currentRound: 3 & prevRound: [0, 1, 2, 3, 4, 5]
TEMPBOARD: 
         | Game 1 |  Game 2 |  Game 3 |  Game 4 |  
_________ ________ _________ _________ _________ 
Round 1  |  A-B   |         |         |         |   
Round 2  |        |   A-C   |         |         |   
Round 3  |        |         |   A-D   |         |   
Round 4  |        |         |   B-C   |         |   
Round 5  |        |   B-D   |         |         |   
Round 6  |        |         |         |   C-D   |   
pairToPlace: A-B
 
*****VOLGENDE ITERATIE*****
pairs: [] & pairsUsed: [A-B, A-C, A-D, B-C, B-D, C-D]
doubles: [A-B, A-C, A-D, B-C, B-D, C-D] & doublesUsed: []
currentGame: 3 & prevGame: [0, 1, 2, 2, 1, 3]
currentRound: 4 & prevRound: [0, 1, 2, 3, 4, 5]
TEMPBOARD: 
         | Game 1 |  Game 2 |  Game 3 |  Game 4 |  
_________ ________ _________ _________ _________ 
Round 1  |  A-B   |         |         |         |   
Round 2  |        |   A-C   |         |         |   
Round 3  |        |         |   A-D   |         |   
Round 4  |        |         |   B-C   |         |   
Round 5  |        |   B-D   |         |         |   
Round 6  |        |         |         |   C-D   |   
pairToPlace: A-B
 
*****VOLGENDE ITERATIE*****
pairs: [] & pairsUsed: [A-B, A-C, A-D, B-C, B-D, C-D]
doubles: [A-B, A-C, A-D, B-C, B-D, C-D] & doublesUsed: []
currentGame: 3 & prevGame: [0, 1, 2, 2, 1, 3]
currentRound: 5 & prevRound: [0, 1, 2, 3, 4, 5]
TEMPBOARD: 
         | Game 1 |  Game 2 |  Game 3 |  Game 4 |  
_________ ________ _________ _________ _________ 
Round 1  |  A-B   |         |         |         |   
Round 2  |        |   A-C   |         |         |   
Round 3  |        |         |   A-D   |         |   
Round 4  |        |         |   B-C   |         |   
Round 5  |        |   B-D   |         |         |   
Round 6  |        |         |         |   C-D   |   
pairToPlace: A-B
 
*****VOLGENDE ITERATIE*****
pairs: [] & pairsUsed: [A-B, A-C, A-D, B-C, B-D, C-D]
doubles: [A-B, A-C, A-D, B-C, B-D, C-D] & doublesUsed: []
currentGame: 3 & prevGame: [0, 1, 2, 2, 1, 3]
currentRound: 6 & prevRound: [0, 1, 2, 3, 4, 5]
TEMPBOARD: 
         | Game 1 |  Game 2 |  Game 3 |  Game 4 |  
_________ ________ _________ _________ _________ 
Round 1  |  A-B   |         |         |         |   
Round 2  |        |   A-C   |         |         |   
Round 3  |        |         |   A-D   |         |   
Round 4  |        |         |   B-C   |         |   
Round 5  |        |   B-D   |         |         |   
Round 6  |        |         |         |   C-D   |   
pairToPlace: A-B
 
*****VOLGENDE ITERATIE*****
pairs: [] & pairsUsed: [A-B, A-C, A-D, B-C, B-D, C-D]
doubles: [A-B, A-C, A-D, B-C, B-D, C-D] & doublesUsed: []
currentGame: 4 & prevGame: [0, 1, 2, 2, 1, 3]
currentRound: 0 & prevRound: [0, 1, 2, 3, 4, 5]
TEMPBOARD: 
         | Game 1 |  Game 2 |  Game 3 |  Game 4 |  
_________ ________ _________ _________ _________ 
Round 1  |  A-B   |         |         |         |   
Round 2  |        |   A-C   |         |         |   
Round 3  |        |         |   A-D   |         |   
Round 4  |        |         |   B-C   |         |   
Round 5  |        |   B-D   |         |         |   
Round 6  |        |         |         |   C-D   |   
pairToPlace: A-B
 
*****VOLGENDE ITERATIE*****
pairs: [C-D] & pairsUsed: [A-B, A-C, A-D, B-C, B-D]
doubles: [A-B, A-C, A-D, B-C, B-D, C-D] & doublesUsed: []
currentGame: 3 & prevGame: [0, 1, 2, 2, 1]
currentRound: 6 & prevRound: [0, 1, 2, 3, 4]
TEMPBOARD: 
         | Game 1 |  Game 2 |  Game 3 |  Game 4 |  
_________ ________ _________ _________ _________ 
Round 1  |  A-B   |         |         |         |   
Round 2  |        |   A-C   |         |         |   
Round 3  |        |         |   A-D   |         |   
Round 4  |        |         |   B-C   |         |   
Round 5  |        |   B-D   |         |         |   
Round 6  |        |         |         |         |   
pairToPlace: C-D
 
*****VOLGENDE ITERATIE*****
pairs: [C-D] & pairsUsed: [A-B, A-C, A-D, B-C, B-D]
doubles: [A-B, A-C, A-D, B-C, B-D, C-D] & doublesUsed: []
currentGame: 4 & prevGame: [0, 1, 2, 2, 1]
currentRound: 0 & prevRound: [0, 1, 2, 3, 4]
TEMPBOARD: 
         | Game 1 |  Game 2 |  Game 3 |  Game 4 |  
_________ ________ _________ _________ _________ 
Round 1  |  A-B   |         |         |         |   
Round 2  |        |   A-C   |         |         |   
Round 3  |        |         |   A-D   |         |   
Round 4  |        |         |   B-C   |         |   
Round 5  |        |   B-D   |         |         |   
Round 6  |        |         |         |         |   
pairToPlace: C-D
 
*****VOLGENDE ITERATIE*****
pairs: [B-D, C-D] & pairsUsed: [A-B, A-C, A-D, B-C]
doubles: [A-B, A-C, A-D, B-C, B-D, C-D] & doublesUsed: []
currentGame: 1 & prevGame: [0, 1, 2, 2]
currentRound: 5 & prevRound: [0, 1, 2, 3]
TEMPBOARD: 
         | Game 1 |  Game 2 |  Game 3 |  Game 4 |  
_________ ________ _________ _________ _________ 
Round 1  |  A-B   |         |         |         |   
Round 2  |        |   A-C   |         |         |   
Round 3  |        |         |   A-D   |         |   
Round 4  |        |         |   B-C   |         |   
Round 5  |        |         |         |         |   
Round 6  |        |         |         |         |   
pairToPlace: B-D
 
*****VOLGENDE ITERATIE*****
pairs: [C-D] & pairsUsed: [A-B, A-C, A-D, B-C, B-D]
doubles: [A-B, A-C, A-D, B-C, B-D, C-D] & doublesUsed: []
currentGame: 0 & prevGame: [0, 1, 2, 2, 1]
currentRound: 0 & prevRound: [0, 1, 2, 3, 5]
TEMPBOARD: 
         | Game 1 |  Game 2 |  Game 3 |  Game 4 |  
_________ ________ _________ _________ _________ 
Round 1  |  A-B   |         |         |         |   
Round 2  |        |   A-C   |         |         |   
Round 3  |        |         |   A-D   |         |   
Round 4  |        |         |   B-C   |         |   
Round 5  |        |         |         |         |   
Round 6  |        |   B-D   |         |         |   
pairToPlace: C-D
 
*****VOLGENDE ITERATIE*****
pairs: [C-D] & pairsUsed: [A-B, A-C, A-D, B-C, B-D]
doubles: [A-B, A-C, A-D, B-C, B-D, C-D] & doublesUsed: []
currentGame: 0 & prevGame: [0, 1, 2, 2, 1]
currentRound: 1 & prevRound: [0, 1, 2, 3, 5]
TEMPBOARD: 
         | Game 1 |  Game 2 |  Game 3 |  Game 4 |  
_________ ________ _________ _________ _________ 
Round 1  |  A-B   |         |         |         |   
Round 2  |        |   A-C   |         |         |   
Round 3  |        |         |   A-D   |         |   
Round 4  |        |         |   B-C   |         |   
Round 5  |        |         |         |         |   
Round 6  |        |   B-D   |         |         |   
pairToPlace: C-D
 
*****VOLGENDE ITERATIE*****
pairs: [C-D] & pairsUsed: [A-B, A-C, A-D, B-C, B-D]
doubles: [A-B, A-C, A-D, B-C, B-D, C-D] & doublesUsed: []
currentGame: 0 & prevGame: [0, 1, 2, 2, 1]
currentRound: 2 & prevRound: [0, 1, 2, 3, 5]
TEMPBOARD: 
         | Game 1 |  Game 2 |  Game 3 |  Game 4 |  
_________ ________ _________ _________ _________ 
Round 1  |  A-B   |         |         |         |   
Round 2  |        |   A-C   |         |         |   
Round 3  |        |         |   A-D   |         |   
Round 4  |        |         |   B-C   |         |   
Round 5  |        |         |         |         |   
Round 6  |        |   B-D   |         |         |   
pairToPlace: C-D
 
*****VOLGENDE ITERATIE*****
pairs: [C-D] & pairsUsed: [A-B, A-C, A-D, B-C, B-D]
doubles: [A-B, A-C, A-D, B-C, B-D, C-D] & doublesUsed: []
currentGame: 0 & prevGame: [0, 1, 2, 2, 1]
currentRound: 3 & prevRound: [0, 1, 2, 3, 5]
TEMPBOARD: 
         | Game 1 |  Game 2 |  Game 3 |  Game 4 |  
_________ ________ _________ _________ _________ 
Round 1  |  A-B   |         |         |         |   
Round 2  |        |   A-C   |         |         |   
Round 3  |        |         |   A-D   |         |   
Round 4  |        |         |   B-C   |         |   
Round 5  |        |         |         |         |   
Round 6  |        |   B-D   |         |         |   
pairToPlace: C-D
 
*****VOLGENDE ITERATIE*****
pairs: [C-D] & pairsUsed: [A-B, A-C, A-D, B-C, B-D]
doubles: [A-B, A-C, A-D, B-C, B-D, C-D] & doublesUsed: []
currentGame: 0 & prevGame: [0, 1, 2, 2, 1]
currentRound: 4 & prevRound: [0, 1, 2, 3, 5]
TEMPBOARD: 
         | Game 1 |  Game 2 |  Game 3 |  Game 4 |  
_________ ________ _________ _________ _________ 
Round 1  |  A-B   |         |         |         |   
Round 2  |        |   A-C   |         |         |   
Round 3  |        |         |   A-D   |         |   
Round 4  |        |         |   B-C   |         |   
Round 5  |        |         |         |         |   
Round 6  |        |   B-D   |         |         |   
pairToPlace: C-D
 
*****VOLGENDE ITERATIE*****
pairs: [] & pairsUsed: [A-B, A-C, A-D, B-C, B-D, C-D]
doubles: [A-B, A-C, A-D, B-C, B-D, C-D] & doublesUsed: []
currentGame: 0 & prevGame: [0, 1, 2, 2, 1, 0]
currentRound: 0 & prevRound: [0, 1, 2, 3, 5, 4]
TEMPBOARD: 
         | Game 1 |  Game 2 |  Game 3 |  Game 4 |  
_________ ________ _________ _________ _________ 
Round 1  |  A-B   |         |         |         |   
Round 2  |        |   A-C   |         |         |   
Round 3  |        |         |   A-D   |         |   
Round 4  |        |         |   B-C   |         |   
Round 5  |  C-D   |         |         |         |   
Round 6  |        |   B-D   |         |         |   
pairToPlace: A-B
 
*****VOLGENDE ITERATIE*****
pairs: [] & pairsUsed: [A-B, A-C, A-D, B-C, B-D, C-D]
doubles: [A-B, A-C, A-D, B-C, B-D, C-D] & doublesUsed: []
currentGame: 0 & prevGame: [0, 1, 2, 2, 1, 0]
currentRound: 1 & prevRound: [0, 1, 2, 3, 5, 4]
TEMPBOARD: 
         | Game 1 |  Game 2 |  Game 3 |  Game 4 |  
_________ ________ _________ _________ _________ 
Round 1  |  A-B   |         |         |         |   
Round 2  |        |   A-C   |         |         |   
Round 3  |        |         |   A-D   |         |   
Round 4  |        |         |   B-C   |         |   
Round 5  |  C-D   |         |         |         |   
Round 6  |        |   B-D   |         |         |   
pairToPlace: A-B
 
*****VOLGENDE ITERATIE*****
pairs: [] & pairsUsed: [A-B, A-C, A-D, B-C, B-D, C-D]
doubles: [A-B, A-C, A-D, B-C, B-D, C-D] & doublesUsed: []
currentGame: 0 & prevGame: [0, 1, 2, 2, 1, 0]
currentRound: 2 & prevRound: [0, 1, 2, 3, 5, 4]
TEMPBOARD: 
         | Game 1 |  Game 2 |  Game 3 |  Game 4 |  
_________ ________ _________ _________ _________ 
Round 1  |  A-B   |         |         |         |   
Round 2  |        |   A-C   |         |         |   
Round 3  |        |         |   A-D   |         |   
Round 4  |        |         |   B-C   |         |   
Round 5  |  C-D   |         |         |         |   
Round 6  |        |   B-D   |         |         |   
pairToPlace: A-B
 
*****VOLGENDE ITERATIE*****
pairs: [] & pairsUsed: [A-B, A-C, A-D, B-C, B-D, C-D]
doubles: [A-B, A-C, A-D, B-C, B-D, C-D] & doublesUsed: []
currentGame: 0 & prevGame: [0, 1, 2, 2, 1, 0]
currentRound: 3 & prevRound: [0, 1, 2, 3, 5, 4]
TEMPBOARD: 
         | Game 1 |  Game 2 |  Game 3 |  Game 4 |  
_________ ________ _________ _________ _________ 
Round 1  |  A-B   |         |         |         |   
Round 2  |        |   A-C   |         |         |   
Round 3  |        |         |   A-D   |         |   
Round 4  |        |         |   B-C   |         |   
Round 5  |  C-D   |         |         |         |   
Round 6  |        |   B-D   |         |         |   
pairToPlace: A-B
 
*****VOLGENDE ITERATIE*****
pairs: [] & pairsUsed: [A-B, A-C, A-D, B-C, B-D, C-D]
doubles: [A-B, A-C, A-D, B-C, B-D, C-D] & doublesUsed: []
currentGame: 0 & prevGame: [0, 1, 2, 2, 1, 0]
currentRound: 4 & prevRound: [0, 1, 2, 3, 5, 4]
TEMPBOARD: 
         | Game 1 |  Game 2 |  Game 3 |  Game 4 |  
_________ ________ _________ _________ _________ 
Round 1  |  A-B   |         |         |         |   
Round 2  |        |   A-C   |         |         |   
Round 3  |        |         |   A-D   |         |   
Round 4  |        |         |   B-C   |         |   
Round 5  |  C-D   |         |         |         |   
Round 6  |        |   B-D   |         |         |   
pairToPlace: A-B
 
*****VOLGENDE ITERATIE*****
pairs: [] & pairsUsed: [A-B, A-C, A-D, B-C, B-D, C-D]
doubles: [A-B, A-C, A-D, B-C, B-D, C-D] & doublesUsed: []
currentGame: 0 & prevGame: [0, 1, 2, 2, 1, 0]
currentRound: 5 & prevRound: [0, 1, 2, 3, 5, 4]
TEMPBOARD: 
         | Game 1 |  Game 2 |  Game 3 |  Game 4 |  
_________ ________ _________ _________ _________ 
Round 1  |  A-B   |         |         |         |   
Round 2  |        |   A-C   |         |         |   
Round 3  |        |         |   A-D   |         |   
Round 4  |        |         |   B-C   |         |   
Round 5  |  C-D   |         |         |         |   
Round 6  |        |   B-D   |         |         |   
pairToPlace: A-B
 
*****VOLGENDE ITERATIE*****
pairs: [] & pairsUsed: [A-B, A-C, A-D, B-C, B-D, C-D]
doubles: [A-B, A-C, A-D, B-C, B-D, C-D] & doublesUsed: []
currentGame: 0 & prevGame: [0, 1, 2, 2, 1, 0]
currentRound: 6 & prevRound: [0, 1, 2, 3, 5, 4]
TEMPBOARD: 
         | Game 1 |  Game 2 |  Game 3 |  Game 4 |  
_________ ________ _________ _________ _________ 
Round 1  |  A-B   |         |         |         |   
Round 2  |        |   A-C   |         |         |   
Round 3  |        |         |   A-D   |         |   
Round 4  |        |         |   B-C   |         |   
Round 5  |  C-D   |         |         |         |   
Round 6  |        |   B-D   |         |         |   
pairToPlace: A-B
 
*****VOLGENDE ITERATIE*****
pairs: [] & pairsUsed: [A-B, A-C, A-D, B-C, B-D, C-D]
doubles: [A-B, A-C, A-D, B-C, B-D, C-D] & doublesUsed: []
currentGame: 1 & prevGame: [0, 1, 2, 2, 1, 0]
currentRound: 0 & prevRound: [0, 1, 2, 3, 5, 4]
TEMPBOARD: 
         | Game 1 |  Game 2 |  Game 3 |  Game 4 |  
_________ ________ _________ _________ _________ 
Round 1  |  A-B   |         |         |         |   
Round 2  |        |   A-C   |         |         |   
Round 3  |        |         |   A-D   |         |   
Round 4  |        |         |   B-C   |         |   
Round 5  |  C-D   |         |         |         |   
Round 6  |        |   B-D   |         |         |   
pairToPlace: A-B
 
*****VOLGENDE ITERATIE*****
pairs: [] & pairsUsed: [A-B, A-C, A-D, B-C, B-D, C-D]
doubles: [A-B, A-C, A-D, B-C, B-D, C-D] & doublesUsed: []
currentGame: 1 & prevGame: [0, 1, 2, 2, 1, 0]
currentRound: 1 & prevRound: [0, 1, 2, 3, 5, 4]
TEMPBOARD: 
         | Game 1 |  Game 2 |  Game 3 |  Game 4 |  
_________ ________ _________ _________ _________ 
Round 1  |  A-B   |         |         |         |   
Round 2  |        |   A-C   |         |         |   
Round 3  |        |         |   A-D   |         |   
Round 4  |        |         |   B-C   |         |   
Round 5  |  C-D   |         |         |         |   
Round 6  |        |   B-D   |         |         |   
pairToPlace: A-B
 
*****VOLGENDE ITERATIE*****
pairs: [] & pairsUsed: [A-B, A-C, A-D, B-C, B-D, C-D]
doubles: [A-B, A-C, A-D, B-C, B-D, C-D] & doublesUsed: []
currentGame: 1 & prevGame: [0, 1, 2, 2, 1, 0]
currentRound: 2 & prevRound: [0, 1, 2, 3, 5, 4]
TEMPBOARD: 
         | Game 1 |  Game 2 |  Game 3 |  Game 4 |  
_________ ________ _________ _________ _________ 
Round 1  |  A-B   |         |         |         |   
Round 2  |        |   A-C   |         |         |   
Round 3  |        |         |   A-D   |         |   
Round 4  |        |         |   B-C   |         |   
Round 5  |  C-D   |         |         |         |   
Round 6  |        |   B-D   |         |         |   
pairToPlace: A-B
 
*****VOLGENDE ITERATIE*****
pairs: [] & pairsUsed: [A-B, A-C, A-D, B-C, B-D, C-D]
doubles: [A-B, A-C, A-D, B-C, B-D, C-D] & doublesUsed: []
currentGame: 1 & prevGame: [0, 1, 2, 2, 1, 0]
currentRound: 3 & prevRound: [0, 1, 2, 3, 5, 4]
TEMPBOARD: 
         | Game 1 |  Game 2 |  Game 3 |  Game 4 |  
_________ ________ _________ _________ _________ 
Round 1  |  A-B   |         |         |         |   
Round 2  |        |   A-C   |         |         |   
Round 3  |        |         |   A-D   |         |   
Round 4  |        |         |   B-C   |         |   
Round 5  |  C-D   |         |         |         |   
Round 6  |        |   B-D   |         |         |   
pairToPlace: A-B
 
*****VOLGENDE ITERATIE*****
pairs: [] & pairsUsed: [A-B, A-C, A-D, B-C, B-D, C-D]
doubles: [A-B, A-C, A-D, B-C, B-D, C-D] & doublesUsed: []
currentGame: 1 & prevGame: [0, 1, 2, 2, 1, 0]
currentRound: 4 & prevRound: [0, 1, 2, 3, 5, 4]
TEMPBOARD: 
         | Game 1 |  Game 2 |  Game 3 |  Game 4 |  
_________ ________ _________ _________ _________ 
Round 1  |  A-B   |         |         |         |   
Round 2  |        |   A-C   |         |         |   
Round 3  |        |         |   A-D   |         |   
Round 4  |        |         |   B-C   |         |   
Round 5  |  C-D   |         |         |         |   
Round 6  |        |   B-D   |         |         |   
pairToPlace: A-B
 
*****VOLGENDE ITERATIE*****
pairs: [] & pairsUsed: [A-B, A-C, A-D, B-C, B-D, C-D]
doubles: [A-B, A-C, A-D, B-C, B-D, C-D] & doublesUsed: []
currentGame: 1 & prevGame: [0, 1, 2, 2, 1, 0]
currentRound: 5 & prevRound: [0, 1, 2, 3, 5, 4]
TEMPBOARD: 
         | Game 1 |  Game 2 |  Game 3 |  Game 4 |  
_________ ________ _________ _________ _________ 
Round 1  |  A-B   |         |         |         |   
Round 2  |        |   A-C   |         |         |   
Round 3  |        |         |   A-D   |         |   
Round 4  |        |         |   B-C   |         |   
Round 5  |  C-D   |         |         |         |   
Round 6  |        |   B-D   |         |         |   
pairToPlace: A-B
 
*****VOLGENDE ITERATIE*****
pairs: [] & pairsUsed: [A-B, A-C, A-D, B-C, B-D, C-D]
doubles: [A-B, A-C, A-D, B-C, B-D, C-D] & doublesUsed: []
currentGame: 1 & prevGame: [0, 1, 2, 2, 1, 0]
currentRound: 6 & prevRound: [0, 1, 2, 3, 5, 4]
TEMPBOARD: 
         | Game 1 |  Game 2 |  Game 3 |  Game 4 |  
_________ ________ _________ _________ _________ 
Round 1  |  A-B   |         |         |         |   
Round 2  |        |   A-C   |         |         |   
Round 3  |        |         |   A-D   |         |   
Round 4  |        |         |   B-C   |         |   
Round 5  |  C-D   |         |         |         |   
Round 6  |        |   B-D   |         |         |   
pairToPlace: A-B
 
*****VOLGENDE ITERATIE*****
pairs: [] & pairsUsed: [A-B, A-C, A-D, B-C, B-D, C-D]
doubles: [A-B, A-C, A-D, B-C, B-D, C-D] & doublesUsed: []
currentGame: 2 & prevGame: [0, 1, 2, 2, 1, 0]
currentRound: 0 & prevRound: [0, 1, 2, 3, 5, 4]
TEMPBOARD: 
         | Game 1 |  Game 2 |  Game 3 |  Game 4 |  
_________ ________ _________ _________ _________ 
Round 1  |  A-B   |         |         |         |   
Round 2  |        |   A-C   |         |         |   
Round 3  |        |         |   A-D   |         |   
Round 4  |        |         |   B-C   |         |   
Round 5  |  C-D   |         |         |         |   
Round 6  |        |   B-D   |         |         |   
pairToPlace: A-B
 
*****VOLGENDE ITERATIE*****
pairs: [] & pairsUsed: [A-B, A-C, A-D, B-C, B-D, C-D]
doubles: [A-B, A-C, A-D, B-C, B-D, C-D] & doublesUsed: []
currentGame: 2 & prevGame: [0, 1, 2, 2, 1, 0]
currentRound: 1 & prevRound: [0, 1, 2, 3, 5, 4]
TEMPBOARD: 
         | Game 1 |  Game 2 |  Game 3 |  Game 4 |  
_________ ________ _________ _________ _________ 
Round 1  |  A-B   |         |         |         |   
Round 2  |        |   A-C   |         |         |   
Round 3  |        |         |   A-D   |         |   
Round 4  |        |         |   B-C   |         |   
Round 5  |  C-D   |         |         |         |   
Round 6  |        |   B-D   |         |         |   
pairToPlace: A-B
 
*****VOLGENDE ITERATIE*****
pairs: [] & pairsUsed: [A-B, A-C, A-D, B-C, B-D, C-D]
doubles: [A-B, A-C, A-D, B-C, B-D, C-D] & doublesUsed: []
currentGame: 2 & prevGame: [0, 1, 2, 2, 1, 0]
currentRound: 2 & prevRound: [0, 1, 2, 3, 5, 4]
TEMPBOARD: 
         | Game 1 |  Game 2 |  Game 3 |  Game 4 |  
_________ ________ _________ _________ _________ 
Round 1  |  A-B   |         |         |         |   
Round 2  |        |   A-C   |         |         |   
Round 3  |        |         |   A-D   |         |   
Round 4  |        |         |   B-C   |         |   
Round 5  |  C-D   |         |         |         |   
Round 6  |        |   B-D   |         |         |   
pairToPlace: A-B
 
*****VOLGENDE ITERATIE*****
pairs: [] & pairsUsed: [A-B, A-C, A-D, B-C, B-D, C-D]
doubles: [A-B, A-C, A-D, B-C, B-D, C-D] & doublesUsed: []
currentGame: 2 & prevGame: [0, 1, 2, 2, 1, 0]
currentRound: 3 & prevRound: [0, 1, 2, 3, 5, 4]
TEMPBOARD: 
         | Game 1 |  Game 2 |  Game 3 |  Game 4 |  
_________ ________ _________ _________ _________ 
Round 1  |  A-B   |         |         |         |   
Round 2  |        |   A-C   |         |         |   
Round 3  |        |         |   A-D   |         |   
Round 4  |        |         |   B-C   |         |   
Round 5  |  C-D   |         |         |         |   
Round 6  |        |   B-D   |         |         |   
pairToPlace: A-B
 
*****VOLGENDE ITERATIE*****
pairs: [] & pairsUsed: [A-B, A-C, A-D, B-C, B-D, C-D]
doubles: [A-B, A-C, A-D, B-C, B-D, C-D] & doublesUsed: []
currentGame: 2 & prevGame: [0, 1, 2, 2, 1, 0]
currentRound: 4 & prevRound: [0, 1, 2, 3, 5, 4]
TEMPBOARD: 
         | Game 1 |  Game 2 |  Game 3 |  Game 4 |  
_________ ________ _________ _________ _________ 
Round 1  |  A-B   |         |         |         |   
Round 2  |        |   A-C   |         |         |   
Round 3  |        |         |   A-D   |         |   
Round 4  |        |         |   B-C   |         |   
Round 5  |  C-D   |         |         |         |   
Round 6  |        |   B-D   |         |         |   
pairToPlace: A-B
 
*****VOLGENDE ITERATIE*****
pairs: [] & pairsUsed: [A-B, A-C, A-D, B-C, B-D, C-D]
doubles: [A-B, A-C, A-D, B-C, B-D, C-D] & doublesUsed: []
currentGame: 2 & prevGame: [0, 1, 2, 2, 1, 0]
currentRound: 5 & prevRound: [0, 1, 2, 3, 5, 4]
TEMPBOARD: 
         | Game 1 |  Game 2 |  Game 3 |  Game 4 |  
_________ ________ _________ _________ _________ 
Round 1  |  A-B   |         |         |         |   
Round 2  |        |   A-C   |         |         |   
Round 3  |        |         |   A-D   |         |   
Round 4  |        |         |   B-C   |         |   
Round 5  |  C-D   |         |         |         |   
Round 6  |        |   B-D   |         |         |   
pairToPlace: A-B
 
*****VOLGENDE ITERATIE*****
pairs: [] & pairsUsed: [A-B, A-C, A-D, B-C, B-D, C-D]
doubles: [A-B, A-C, A-D, B-C, B-D, C-D] & doublesUsed: []
currentGame: 2 & prevGame: [0, 1, 2, 2, 1, 0]
currentRound: 6 & prevRound: [0, 1, 2, 3, 5, 4]
TEMPBOARD: 
         | Game 1 |  Game 2 |  Game 3 |  Game 4 |  
_________ ________ _________ _________ _________ 
Round 1  |  A-B   |         |         |         |   
Round 2  |        |   A-C   |         |         |   
Round 3  |        |         |   A-D   |         |   
Round 4  |        |         |   B-C   |         |   
Round 5  |  C-D   |         |         |         |   
Round 6  |        |   B-D   |         |         |   
pairToPlace: A-B
 
*****VOLGENDE ITERATIE*****
pairs: [] & pairsUsed: [A-B, A-C, A-D, B-C, B-D, C-D]
doubles: [A-B, A-C, A-D, B-C, B-D, C-D] & doublesUsed: []
currentGame: 3 & prevGame: [0, 1, 2, 2, 1, 0]
currentRound: 0 & prevRound: [0, 1, 2, 3, 5, 4]
TEMPBOARD: 
         | Game 1 |  Game 2 |  Game 3 |  Game 4 |  
_________ ________ _________ _________ _________ 
Round 1  |  A-B   |         |         |         |   
Round 2  |        |   A-C   |         |         |   
Round 3  |        |         |   A-D   |         |   
Round 4  |        |         |   B-C   |         |   
Round 5  |  C-D   |         |         |         |   
Round 6  |        |   B-D   |         |         |   
pairToPlace: A-B
 
*****VOLGENDE ITERATIE*****
pairs: [] & pairsUsed: [A-B, A-C, A-D, B-C, B-D, C-D]
doubles: [A-B, A-C, A-D, B-C, B-D, C-D] & doublesUsed: []
currentGame: 3 & prevGame: [0, 1, 2, 2, 1, 0]
currentRound: 1 & prevRound: [0, 1, 2, 3, 5, 4]
TEMPBOARD: 
         | Game 1 |  Game 2 |  Game 3 |  Game 4 |  
_________ ________ _________ _________ _________ 
Round 1  |  A-B   |         |         |         |   
Round 2  |        |   A-C   |         |         |   
Round 3  |        |         |   A-D   |         |   
Round 4  |        |         |   B-C   |         |   
Round 5  |  C-D   |         |         |         |   
Round 6  |        |   B-D   |         |         |   
pairToPlace: A-B
 
*****VOLGENDE ITERATIE*****
pairs: [] & pairsUsed: [A-B, A-C, A-D, B-C, B-D, C-D]
doubles: [A-B, A-C, A-D, B-C, B-D, C-D] & doublesUsed: []
currentGame: 3 & prevGame: [0, 1, 2, 2, 1, 0]
currentRound: 2 & prevRound: [0, 1, 2, 3, 5, 4]
TEMPBOARD: 
         | Game 1 |  Game 2 |  Game 3 |  Game 4 |  
_________ ________ _________ _________ _________ 
Round 1  |  A-B   |         |         |         |   
Round 2  |        |   A-C   |         |         |   
Round 3  |        |         |   A-D   |         |   
Round 4  |        |         |   B-C   |         |   
Round 5  |  C-D   |         |         |         |   
Round 6  |        |   B-D   |         |         |   
pairToPlace: A-B
 
*****VOLGENDE ITERATIE*****
pairs: [] & pairsUsed: [A-B, A-C, A-D, B-C, B-D, C-D]
doubles: [A-B, A-C, A-D, B-C, B-D, C-D] & doublesUsed: []
currentGame: 3 & prevGame: [0, 1, 2, 2, 1, 0]
currentRound: 3 & prevRound: [0, 1, 2, 3, 5, 4]
TEMPBOARD: 
         | Game 1 |  Game 2 |  Game 3 |  Game 4 |  
_________ ________ _________ _________ _________ 
Round 1  |  A-B   |         |         |         |   
Round 2  |        |   A-C   |         |         |   
Round 3  |        |         |   A-D   |         |   
Round 4  |        |         |   B-C   |         |   
Round 5  |  C-D   |         |         |         |   
Round 6  |        |   B-D   |         |         |   
pairToPlace: A-B
 
*****VOLGENDE ITERATIE*****
pairs: [] & pairsUsed: [A-B, A-C, A-D, B-C, B-D, C-D]
doubles: [A-B, A-C, A-D, B-C, B-D, C-D] & doublesUsed: []
currentGame: 3 & prevGame: [0, 1, 2, 2, 1, 0]
currentRound: 4 & prevRound: [0, 1, 2, 3, 5, 4]
TEMPBOARD: 
         | Game 1 |  Game 2 |  Game 3 |  Game 4 |  
_________ ________ _________ _________ _________ 
Round 1  |  A-B   |         |         |         |   
Round 2  |        |   A-C   |         |         |   
Round 3  |        |         |   A-D   |         |   
Round 4  |        |         |   B-C   |         |   
Round 5  |  C-D   |         |         |         |   
Round 6  |        |   B-D   |         |         |   
pairToPlace: A-B
 
*****VOLGENDE ITERATIE*****
pairs: [] & pairsUsed: [A-B, A-C, A-D, B-C, B-D, C-D]
doubles: [A-C, A-D, B-C, B-D, C-D] & doublesUsed: [A-B]
currentGame: 0 & prevGame: [0, 1, 2, 2, 1, 0, 3]
currentRound: 0 & prevRound: [0, 1, 2, 3, 5, 4, 4]
TEMPBOARD: 
         | Game 1 |  Game 2 |  Game 3 |  Game 4 |  
_________ ________ _________ _________ _________ 
Round 1  |  A-B   |         |         |         |   
Round 2  |        |   A-C   |         |         |   
Round 3  |        |         |   A-D   |         |   
Round 4  |        |         |   B-C   |         |   
Round 5  |  C-D   |         |         |   A-B   |   
Round 6  |        |   B-D   |         |         |   
pairToPlace: A-C
 
*****VOLGENDE ITERATIE*****
pairs: [] & pairsUsed: [A-B, A-C, A-D, B-C, B-D, C-D]
doubles: [A-C, A-D, B-C, B-D, C-D] & doublesUsed: [A-B]
currentGame: 0 & prevGame: [0, 1, 2, 2, 1, 0, 3]
currentRound: 1 & prevRound: [0, 1, 2, 3, 5, 4, 4]
TEMPBOARD: 
         | Game 1 |  Game 2 |  Game 3 |  Game 4 |  
_________ ________ _________ _________ _________ 
Round 1  |  A-B   |         |         |         |   
Round 2  |        |   A-C   |         |         |   
Round 3  |        |         |   A-D   |         |   
Round 4  |        |         |   B-C   |         |   
Round 5  |  C-D   |         |         |   A-B   |   
Round 6  |        |   B-D   |         |         |   
pairToPlace: A-C
 
*****VOLGENDE ITERATIE*****
pairs: [] & pairsUsed: [A-B, A-C, A-D, B-C, B-D, C-D]
doubles: [A-C, A-D, B-C, B-D, C-D] & doublesUsed: [A-B]
currentGame: 0 & prevGame: [0, 1, 2, 2, 1, 0, 3]
currentRound: 2 & prevRound: [0, 1, 2, 3, 5, 4, 4]
TEMPBOARD: 
         | Game 1 |  Game 2 |  Game 3 |  Game 4 |  
_________ ________ _________ _________ _________ 
Round 1  |  A-B   |         |         |         |   
Round 2  |        |   A-C   |         |         |   
Round 3  |        |         |   A-D   |         |   
Round 4  |        |         |   B-C   |         |   
Round 5  |  C-D   |         |         |   A-B   |   
Round 6  |        |   B-D   |         |         |   
pairToPlace: A-C
 
*****VOLGENDE ITERATIE*****
pairs: [] & pairsUsed: [A-B, A-C, A-D, B-C, B-D, C-D]
doubles: [A-C, A-D, B-C, B-D, C-D] & doublesUsed: [A-B]
currentGame: 0 & prevGame: [0, 1, 2, 2, 1, 0, 3]
currentRound: 3 & prevRound: [0, 1, 2, 3, 5, 4, 4]
TEMPBOARD: 
         | Game 1 |  Game 2 |  Game 3 |  Game 4 |  
_________ ________ _________ _________ _________ 
Round 1  |  A-B   |         |         |         |   
Round 2  |        |   A-C   |         |         |   
Round 3  |        |         |   A-D   |         |   
Round 4  |        |         |   B-C   |         |   
Round 5  |  C-D   |         |         |   A-B   |   
Round 6  |        |   B-D   |         |         |   
pairToPlace: A-C
 
*****VOLGENDE ITERATIE*****
pairs: [] & pairsUsed: [A-B, A-C, A-D, B-C, B-D, C-D]
doubles: [A-C, A-D, B-C, B-D, C-D] & doublesUsed: [A-B]
currentGame: 0 & prevGame: [0, 1, 2, 2, 1, 0, 3]
currentRound: 4 & prevRound: [0, 1, 2, 3, 5, 4, 4]
TEMPBOARD: 
         | Game 1 |  Game 2 |  Game 3 |  Game 4 |  
_________ ________ _________ _________ _________ 
Round 1  |  A-B   |         |         |         |   
Round 2  |        |   A-C   |         |         |   
Round 3  |        |         |   A-D   |         |   
Round 4  |        |         |   B-C   |         |   
Round 5  |  C-D   |         |         |   A-B   |   
Round 6  |        |   B-D   |         |         |   
pairToPlace: A-C
 
*****VOLGENDE ITERATIE*****
pairs: [] & pairsUsed: [A-B, A-C, A-D, B-C, B-D, C-D]
doubles: [A-C, A-D, B-C, B-D, C-D] & doublesUsed: [A-B]
currentGame: 0 & prevGame: [0, 1, 2, 2, 1, 0, 3]
currentRound: 5 & prevRound: [0, 1, 2, 3, 5, 4, 4]
TEMPBOARD: 
         | Game 1 |  Game 2 |  Game 3 |  Game 4 |  
_________ ________ _________ _________ _________ 
Round 1  |  A-B   |         |         |         |   
Round 2  |        |   A-C   |         |         |   
Round 3  |        |         |   A-D   |         |   
Round 4  |        |         |   B-C   |         |   
Round 5  |  C-D   |         |         |   A-B   |   
Round 6  |        |   B-D   |         |         |   
pairToPlace: A-C
 
*****VOLGENDE ITERATIE*****
pairs: [] & pairsUsed: [A-B, A-C, A-D, B-C, B-D, C-D]
doubles: [A-C, A-D, B-C, B-D, C-D] & doublesUsed: [A-B]
currentGame: 0 & prevGame: [0, 1, 2, 2, 1, 0, 3]
currentRound: 6 & prevRound: [0, 1, 2, 3, 5, 4, 4]
TEMPBOARD: 
         | Game 1 |  Game 2 |  Game 3 |  Game 4 |  
_________ ________ _________ _________ _________ 
Round 1  |  A-B   |         |         |         |   
Round 2  |        |   A-C   |         |         |   
Round 3  |        |         |   A-D   |         |   
Round 4  |        |         |   B-C   |         |   
Round 5  |  C-D   |         |         |   A-B   |   
Round 6  |        |   B-D   |         |         |   
pairToPlace: A-C
 
*****VOLGENDE ITERATIE*****
pairs: [] & pairsUsed: [A-B, A-C, A-D, B-C, B-D, C-D]
doubles: [A-C, A-D, B-C, B-D, C-D] & doublesUsed: [A-B]
currentGame: 1 & prevGame: [0, 1, 2, 2, 1, 0, 3]
currentRound: 0 & prevRound: [0, 1, 2, 3, 5, 4, 4]
TEMPBOARD: 
         | Game 1 |  Game 2 |  Game 3 |  Game 4 |  
_________ ________ _________ _________ _________ 
Round 1  |  A-B   |         |         |         |   
Round 2  |        |   A-C   |         |         |   
Round 3  |        |         |   A-D   |         |   
Round 4  |        |         |   B-C   |         |   
Round 5  |  C-D   |         |         |   A-B   |   
Round 6  |        |   B-D   |         |         |   
pairToPlace: A-C
 
*****VOLGENDE ITERATIE*****
pairs: [] & pairsUsed: [A-B, A-C, A-D, B-C, B-D, C-D]
doubles: [A-C, A-D, B-C, B-D, C-D] & doublesUsed: [A-B]
currentGame: 1 & prevGame: [0, 1, 2, 2, 1, 0, 3]
currentRound: 1 & prevRound: [0, 1, 2, 3, 5, 4, 4]
TEMPBOARD: 
         | Game 1 |  Game 2 |  Game 3 |  Game 4 |  
_________ ________ _________ _________ _________ 
Round 1  |  A-B   |         |         |         |   
Round 2  |        |   A-C   |         |         |   
Round 3  |        |         |   A-D   |         |   
Round 4  |        |         |   B-C   |         |   
Round 5  |  C-D   |         |         |   A-B   |   
Round 6  |        |   B-D   |         |         |   
pairToPlace: A-C
 
*****VOLGENDE ITERATIE*****
pairs: [] & pairsUsed: [A-B, A-C, A-D, B-C, B-D, C-D]
doubles: [A-C, A-D, B-C, B-D, C-D] & doublesUsed: [A-B]
currentGame: 1 & prevGame: [0, 1, 2, 2, 1, 0, 3]
currentRound: 2 & prevRound: [0, 1, 2, 3, 5, 4, 4]
TEMPBOARD: 
         | Game 1 |  Game 2 |  Game 3 |  Game 4 |  
_________ ________ _________ _________ _________ 
Round 1  |  A-B   |         |         |         |   
Round 2  |        |   A-C   |         |         |   
Round 3  |        |         |   A-D   |         |   
Round 4  |        |         |   B-C   |         |   
Round 5  |  C-D   |         |         |   A-B   |   
Round 6  |        |   B-D   |         |         |   
pairToPlace: A-C
 
*****VOLGENDE ITERATIE*****
pairs: [] & pairsUsed: [A-B, A-C, A-D, B-C, B-D, C-D]
doubles: [A-C, A-D, B-C, B-D, C-D] & doublesUsed: [A-B]
currentGame: 1 & prevGame: [0, 1, 2, 2, 1, 0, 3]
currentRound: 3 & prevRound: [0, 1, 2, 3, 5, 4, 4]
TEMPBOARD: 
         | Game 1 |  Game 2 |  Game 3 |  Game 4 |  
_________ ________ _________ _________ _________ 
Round 1  |  A-B   |         |         |         |   
Round 2  |        |   A-C   |         |         |   
Round 3  |        |         |   A-D   |         |   
Round 4  |        |         |   B-C   |         |   
Round 5  |  C-D   |         |         |   A-B   |   
Round 6  |        |   B-D   |         |         |   
pairToPlace: A-C
 
*****VOLGENDE ITERATIE*****
pairs: [] & pairsUsed: [A-B, A-C, A-D, B-C, B-D, C-D]
doubles: [A-C, A-D, B-C, B-D, C-D] & doublesUsed: [A-B]
currentGame: 1 & prevGame: [0, 1, 2, 2, 1, 0, 3]
currentRound: 4 & prevRound: [0, 1, 2, 3, 5, 4, 4]
TEMPBOARD: 
         | Game 1 |  Game 2 |  Game 3 |  Game 4 |  
_________ ________ _________ _________ _________ 
Round 1  |  A-B   |         |         |         |   
Round 2  |        |   A-C   |         |         |   
Round 3  |        |         |   A-D   |         |   
Round 4  |        |         |   B-C   |         |   
Round 5  |  C-D   |         |         |   A-B   |   
Round 6  |        |   B-D   |         |         |   
pairToPlace: A-C
 
*****VOLGENDE ITERATIE*****
pairs: [] & pairsUsed: [A-B, A-C, A-D, B-C, B-D, C-D]
doubles: [A-C, A-D, B-C, B-D, C-D] & doublesUsed: [A-B]
currentGame: 1 & prevGame: [0, 1, 2, 2, 1, 0, 3]
currentRound: 5 & prevRound: [0, 1, 2, 3, 5, 4, 4]
TEMPBOARD: 
         | Game 1 |  Game 2 |  Game 3 |  Game 4 |  
_________ ________ _________ _________ _________ 
Round 1  |  A-B   |         |         |         |   
Round 2  |        |   A-C   |         |         |   
Round 3  |        |         |   A-D   |         |   
Round 4  |        |         |   B-C   |         |   
Round 5  |  C-D   |         |         |   A-B   |   
Round 6  |        |   B-D   |         |         |   
pairToPlace: A-C
 
*****VOLGENDE ITERATIE*****
pairs: [] & pairsUsed: [A-B, A-C, A-D, B-C, B-D, C-D]
doubles: [A-C, A-D, B-C, B-D, C-D] & doublesUsed: [A-B]
currentGame: 1 & prevGame: [0, 1, 2, 2, 1, 0, 3]
currentRound: 6 & prevRound: [0, 1, 2, 3, 5, 4, 4]
TEMPBOARD: 
         | Game 1 |  Game 2 |  Game 3 |  Game 4 |  
_________ ________ _________ _________ _________ 
Round 1  |  A-B   |         |         |         |   
Round 2  |        |   A-C   |         |         |   
Round 3  |        |         |   A-D   |         |   
Round 4  |        |         |   B-C   |         |   
Round 5  |  C-D   |         |         |   A-B   |   
Round 6  |        |   B-D   |         |         |   
pairToPlace: A-C
 
*****VOLGENDE ITERATIE*****
pairs: [] & pairsUsed: [A-B, A-C, A-D, B-C, B-D, C-D]
doubles: [A-C, A-D, B-C, B-D, C-D] & doublesUsed: [A-B]
currentGame: 2 & prevGame: [0, 1, 2, 2, 1, 0, 3]
currentRound: 0 & prevRound: [0, 1, 2, 3, 5, 4, 4]
TEMPBOARD: 
         | Game 1 |  Game 2 |  Game 3 |  Game 4 |  
_________ ________ _________ _________ _________ 
Round 1  |  A-B   |         |         |         |   
Round 2  |        |   A-C   |         |         |   
Round 3  |        |         |   A-D   |         |   
Round 4  |        |         |   B-C   |         |   
Round 5  |  C-D   |         |         |   A-B   |   
Round 6  |        |   B-D   |         |         |   
pairToPlace: A-C
 
*****VOLGENDE ITERATIE*****
pairs: [] & pairsUsed: [A-B, A-C, A-D, B-C, B-D, C-D]
doubles: [A-C, A-D, B-C, B-D, C-D] & doublesUsed: [A-B]
currentGame: 2 & prevGame: [0, 1, 2, 2, 1, 0, 3]
currentRound: 1 & prevRound: [0, 1, 2, 3, 5, 4, 4]
TEMPBOARD: 
         | Game 1 |  Game 2 |  Game 3 |  Game 4 |  
_________ ________ _________ _________ _________ 
Round 1  |  A-B   |         |         |         |   
Round 2  |        |   A-C   |         |         |   
Round 3  |        |         |   A-D   |         |   
Round 4  |        |         |   B-C   |         |   
Round 5  |  C-D   |         |         |   A-B   |   
Round 6  |        |   B-D   |         |         |   
pairToPlace: A-C
 
*****VOLGENDE ITERATIE*****
pairs: [] & pairsUsed: [A-B, A-C, A-D, B-C, B-D, C-D]
doubles: [A-C, A-D, B-C, B-D, C-D] & doublesUsed: [A-B]
currentGame: 2 & prevGame: [0, 1, 2, 2, 1, 0, 3]
currentRound: 2 & prevRound: [0, 1, 2, 3, 5, 4, 4]
TEMPBOARD: 
         | Game 1 |  Game 2 |  Game 3 |  Game 4 |  
_________ ________ _________ _________ _________ 
Round 1  |  A-B   |         |         |         |   
Round 2  |        |   A-C   |         |         |   
Round 3  |        |         |   A-D   |         |   
Round 4  |        |         |   B-C   |         |   
Round 5  |  C-D   |         |         |   A-B   |   
Round 6  |        |   B-D   |         |         |   
pairToPlace: A-C
 
*****VOLGENDE ITERATIE*****
pairs: [] & pairsUsed: [A-B, A-C, A-D, B-C, B-D, C-D]
doubles: [A-C, A-D, B-C, B-D, C-D] & doublesUsed: [A-B]
currentGame: 2 & prevGame: [0, 1, 2, 2, 1, 0, 3]
currentRound: 3 & prevRound: [0, 1, 2, 3, 5, 4, 4]
TEMPBOARD: 
         | Game 1 |  Game 2 |  Game 3 |  Game 4 |  
_________ ________ _________ _________ _________ 
Round 1  |  A-B   |         |         |         |   
Round 2  |        |   A-C   |         |         |   
Round 3  |        |         |   A-D   |         |   
Round 4  |        |         |   B-C   |         |   
Round 5  |  C-D   |         |         |   A-B   |   
Round 6  |        |   B-D   |         |         |   
pairToPlace: A-C
 
*****VOLGENDE ITERATIE*****
pairs: [] & pairsUsed: [A-B, A-C, A-D, B-C, B-D, C-D]
doubles: [A-C, A-D, B-C, B-D, C-D] & doublesUsed: [A-B]
currentGame: 2 & prevGame: [0, 1, 2, 2, 1, 0, 3]
currentRound: 4 & prevRound: [0, 1, 2, 3, 5, 4, 4]
TEMPBOARD: 
         | Game 1 |  Game 2 |  Game 3 |  Game 4 |  
_________ ________ _________ _________ _________ 
Round 1  |  A-B   |         |         |         |   
Round 2  |        |   A-C   |         |         |   
Round 3  |        |         |   A-D   |         |   
Round 4  |        |         |   B-C   |         |   
Round 5  |  C-D   |         |         |   A-B   |   
Round 6  |        |   B-D   |         |         |   
pairToPlace: A-C
 
*****VOLGENDE ITERATIE*****
pairs: [] & pairsUsed: [A-B, A-C, A-D, B-C, B-D, C-D]
doubles: [A-C, A-D, B-C, B-D, C-D] & doublesUsed: [A-B]
currentGame: 2 & prevGame: [0, 1, 2, 2, 1, 0, 3]
currentRound: 5 & prevRound: [0, 1, 2, 3, 5, 4, 4]
TEMPBOARD: 
         | Game 1 |  Game 2 |  Game 3 |  Game 4 |  
_________ ________ _________ _________ _________ 
Round 1  |  A-B   |         |         |         |   
Round 2  |        |   A-C   |         |         |   
Round 3  |        |         |   A-D   |         |   
Round 4  |        |         |   B-C   |         |   
Round 5  |  C-D   |         |         |   A-B   |   
Round 6  |        |   B-D   |         |         |   
pairToPlace: A-C
 
*****VOLGENDE ITERATIE*****
pairs: [] & pairsUsed: [A-B, A-C, A-D, B-C, B-D, C-D]
doubles: [A-C, A-D, B-C, B-D, C-D] & doublesUsed: [A-B]
currentGame: 2 & prevGame: [0, 1, 2, 2, 1, 0, 3]
currentRound: 6 & prevRound: [0, 1, 2, 3, 5, 4, 4]
TEMPBOARD: 
         | Game 1 |  Game 2 |  Game 3 |  Game 4 |  
_________ ________ _________ _________ _________ 
Round 1  |  A-B   |         |         |         |   
Round 2  |        |   A-C   |         |         |   
Round 3  |        |         |   A-D   |         |   
Round 4  |        |         |   B-C   |         |   
Round 5  |  C-D   |         |         |   A-B   |   
Round 6  |        |   B-D   |         |         |   
pairToPlace: A-C
 
*****VOLGENDE ITERATIE*****
pairs: [] & pairsUsed: [A-B, A-C, A-D, B-C, B-D, C-D]
doubles: [A-C, A-D, B-C, B-D, C-D] & doublesUsed: [A-B]
currentGame: 3 & prevGame: [0, 1, 2, 2, 1, 0, 3]
currentRound: 0 & prevRound: [0, 1, 2, 3, 5, 4, 4]
TEMPBOARD: 
         | Game 1 |  Game 2 |  Game 3 |  Game 4 |  
_________ ________ _________ _________ _________ 
Round 1  |  A-B   |         |         |         |   
Round 2  |        |   A-C   |         |         |   
Round 3  |        |         |   A-D   |         |   
Round 4  |        |         |   B-C   |         |   
Round 5  |  C-D   |         |         |   A-B   |   
Round 6  |        |   B-D   |         |         |   
pairToPlace: A-C
 
*****VOLGENDE ITERATIE*****
pairs: [] & pairsUsed: [A-B, A-C, A-D, B-C, B-D, C-D]
doubles: [A-C, A-D, B-C, B-D, C-D] & doublesUsed: [A-B]
currentGame: 3 & prevGame: [0, 1, 2, 2, 1, 0, 3]
currentRound: 1 & prevRound: [0, 1, 2, 3, 5, 4, 4]
TEMPBOARD: 
         | Game 1 |  Game 2 |  Game 3 |  Game 4 |  
_________ ________ _________ _________ _________ 
Round 1  |  A-B   |         |         |         |   
Round 2  |        |   A-C   |         |         |   
Round 3  |        |         |   A-D   |         |   
Round 4  |        |         |   B-C   |         |   
Round 5  |  C-D   |         |         |   A-B   |   
Round 6  |        |   B-D   |         |         |   
pairToPlace: A-C
 
*****VOLGENDE ITERATIE*****
pairs: [] & pairsUsed: [A-B, A-C, A-D, B-C, B-D, C-D]
doubles: [A-C, A-D, B-C, B-D, C-D] & doublesUsed: [A-B]
currentGame: 3 & prevGame: [0, 1, 2, 2, 1, 0, 3]
currentRound: 2 & prevRound: [0, 1, 2, 3, 5, 4, 4]
TEMPBOARD: 
         | Game 1 |  Game 2 |  Game 3 |  Game 4 |  
_________ ________ _________ _________ _________ 
Round 1  |  A-B   |         |         |         |   
Round 2  |        |   A-C   |         |         |   
Round 3  |        |         |   A-D   |         |   
Round 4  |        |         |   B-C   |         |   
Round 5  |  C-D   |         |         |   A-B   |   
Round 6  |        |   B-D   |         |         |   
pairToPlace: A-C
 
*****VOLGENDE ITERATIE*****
pairs: [] & pairsUsed: [A-B, A-C, A-D, B-C, B-D, C-D]
doubles: [A-C, A-D, B-C, B-D, C-D] & doublesUsed: [A-B]
currentGame: 3 & prevGame: [0, 1, 2, 2, 1, 0, 3]
currentRound: 3 & prevRound: [0, 1, 2, 3, 5, 4, 4]
TEMPBOARD: 
         | Game 1 |  Game 2 |  Game 3 |  Game 4 |  
_________ ________ _________ _________ _________ 
Round 1  |  A-B   |         |         |         |   
Round 2  |        |   A-C   |         |         |   
Round 3  |        |         |   A-D   |         |   
Round 4  |        |         |   B-C   |         |   
Round 5  |  C-D   |         |         |   A-B   |   
Round 6  |        |   B-D   |         |         |   
pairToPlace: A-C
 
*****VOLGENDE ITERATIE*****
pairs: [] & pairsUsed: [A-B, A-C, A-D, B-C, B-D, C-D]
doubles: [A-C, A-D, B-C, B-D, C-D] & doublesUsed: [A-B]
currentGame: 3 & prevGame: [0, 1, 2, 2, 1, 0, 3]
currentRound: 4 & prevRound: [0, 1, 2, 3, 5, 4, 4]
TEMPBOARD: 
         | Game 1 |  Game 2 |  Game 3 |  Game 4 |  
_________ ________ _________ _________ _________ 
Round 1  |  A-B   |         |         |         |   
Round 2  |        |   A-C   |         |         |   
Round 3  |        |         |   A-D   |         |   
Round 4  |        |         |   B-C   |         |   
Round 5  |  C-D   |         |         |   A-B   |   
Round 6  |        |   B-D   |         |         |   
pairToPlace: A-C
 
*****VOLGENDE ITERATIE*****
pairs: [] & pairsUsed: [A-B, A-C, A-D, B-C, B-D, C-D]
doubles: [A-C, A-D, B-C, B-D, C-D] & doublesUsed: [A-B]
currentGame: 3 & prevGame: [0, 1, 2, 2, 1, 0, 3]
currentRound: 5 & prevRound: [0, 1, 2, 3, 5, 4, 4]
TEMPBOARD: 
         | Game 1 |  Game 2 |  Game 3 |  Game 4 |  
_________ ________ _________ _________ _________ 
Round 1  |  A-B   |         |         |         |   
Round 2  |        |   A-C   |         |         |   
Round 3  |        |         |   A-D   |         |   
Round 4  |        |         |   B-C   |         |   
Round 5  |  C-D   |         |         |   A-B   |   
Round 6  |        |   B-D   |         |         |   
pairToPlace: A-C
 
*****VOLGENDE ITERATIE*****
pairs: [] & pairsUsed: [A-B, A-C, A-D, B-C, B-D, C-D]
doubles: [A-C, A-D, B-C, B-D, C-D] & doublesUsed: [A-B]
currentGame: 3 & prevGame: [0, 1, 2, 2, 1, 0, 3]
currentRound: 6 & prevRound: [0, 1, 2, 3, 5, 4, 4]
TEMPBOARD: 
         | Game 1 |  Game 2 |  Game 3 |  Game 4 |  
_________ ________ _________ _________ _________ 
Round 1  |  A-B   |         |         |         |   
Round 2  |        |   A-C   |         |         |   
Round 3  |        |         |   A-D   |         |   
Round 4  |        |         |   B-C   |         |   
Round 5  |  C-D   |         |         |   A-B   |   
Round 6  |        |   B-D   |         |         |   
pairToPlace: A-C
 
*****VOLGENDE ITERATIE*****
pairs: [] & pairsUsed: [A-B, A-C, A-D, B-C, B-D, C-D]
doubles: [A-C, A-D, B-C, B-D, C-D] & doublesUsed: [A-B]
currentGame: 4 & prevGame: [0, 1, 2, 2, 1, 0, 3]
currentRound: 0 & prevRound: [0, 1, 2, 3, 5, 4, 4]
TEMPBOARD: 
         | Game 1 |  Game 2 |  Game 3 |  Game 4 |  
_________ ________ _________ _________ _________ 
Round 1  |  A-B   |         |         |         |   
Round 2  |        |   A-C   |         |         |   
Round 3  |        |         |   A-D   |         |   
Round 4  |        |         |   B-C   |         |   
Round 5  |  C-D   |         |         |   A-B   |   
Round 6  |        |   B-D   |         |         |   
pairToPlace: A-C
 
*****VOLGENDE ITERATIE*****
pairs: [] & pairsUsed: [A-B, A-C, A-D, B-C, B-D, C-D]
doubles: [A-B, A-C, A-D, B-C, B-D, C-D] & doublesUsed: []
currentGame: 3 & prevGame: [0, 1, 2, 2, 1, 0]
currentRound: 5 & prevRound: [0, 1, 2, 3, 5, 4]
TEMPBOARD: 
         | Game 1 |  Game 2 |  Game 3 |  Game 4 |  
_________ ________ _________ _________ _________ 
Round 1  |  A-B   |         |         |         |   
Round 2  |        |   A-C   |         |         |   
Round 3  |        |         |   A-D   |         |   
Round 4  |        |         |   B-C   |         |   
Round 5  |  C-D   |         |         |         |   
Round 6  |        |   B-D   |         |         |   
pairToPlace: A-B
 
*****VOLGENDE ITERATIE*****
pairs: [] & pairsUsed: [A-B, A-C, A-D, B-C, B-D, C-D]
doubles: [A-B, A-C, A-D, B-C, B-D, C-D] & doublesUsed: []
currentGame: 3 & prevGame: [0, 1, 2, 2, 1, 0]
currentRound: 6 & prevRound: [0, 1, 2, 3, 5, 4]
TEMPBOARD: 
         | Game 1 |  Game 2 |  Game 3 |  Game 4 |  
_________ ________ _________ _________ _________ 
Round 1  |  A-B   |         |         |         |   
Round 2  |        |   A-C   |         |         |   
Round 3  |        |         |   A-D   |         |   
Round 4  |        |         |   B-C   |         |   
Round 5  |  C-D   |         |         |         |   
Round 6  |        |   B-D   |         |         |   
pairToPlace: A-B
 
*****VOLGENDE ITERATIE*****
pairs: [] & pairsUsed: [A-B, A-C, A-D, B-C, B-D, C-D]
doubles: [A-B, A-C, A-D, B-C, B-D, C-D] & doublesUsed: []
currentGame: 4 & prevGame: [0, 1, 2, 2, 1, 0]
currentRound: 0 & prevRound: [0, 1, 2, 3, 5, 4]
TEMPBOARD: 
         | Game 1 |  Game 2 |  Game 3 |  Game 4 |  
_________ ________ _________ _________ _________ 
Round 1  |  A-B   |         |         |         |   
Round 2  |        |   A-C   |         |         |   
Round 3  |        |         |   A-D   |         |   
Round 4  |        |         |   B-C   |         |   
Round 5  |  C-D   |         |         |         |   
Round 6  |        |   B-D   |         |         |   
pairToPlace: A-B
 
*****VOLGENDE ITERATIE*****
pairs: [C-D] & pairsUsed: [A-B, A-C, A-D, B-C, B-D]
doubles: [A-B, A-C, A-D, B-C, B-D, C-D] & doublesUsed: []
currentGame: 0 & prevGame: [0, 1, 2, 2, 1]
currentRound: 5 & prevRound: [0, 1, 2, 3, 5]
TEMPBOARD: 
         | Game 1 |  Game 2 |  Game 3 |  Game 4 |  
_________ ________ _________ _________ _________ 
Round 1  |  A-B   |         |         |         |   
Round 2  |        |   A-C   |         |         |   
Round 3  |        |         |   A-D   |         |   
Round 4  |        |         |   B-C   |         |   
Round 5  |        |         |         |         |   
Round 6  |        |   B-D   |         |         |   
pairToPlace: C-D
 
*****VOLGENDE ITERATIE*****
pairs: [C-D] & pairsUsed: [A-B, A-C, A-D, B-C, B-D]
doubles: [A-B, A-C, A-D, B-C, B-D, C-D] & doublesUsed: []
currentGame: 0 & prevGame: [0, 1, 2, 2, 1]
currentRound: 6 & prevRound: [0, 1, 2, 3, 5]
TEMPBOARD: 
         | Game 1 |  Game 2 |  Game 3 |  Game 4 |  
_________ ________ _________ _________ _________ 
Round 1  |  A-B   |         |         |         |   
Round 2  |        |   A-C   |         |         |   
Round 3  |        |         |   A-D   |         |   
Round 4  |        |         |   B-C   |         |   
Round 5  |        |         |         |         |   
Round 6  |        |   B-D   |         |         |   
pairToPlace: C-D
 
*****VOLGENDE ITERATIE*****
pairs: [C-D] & pairsUsed: [A-B, A-C, A-D, B-C, B-D]
doubles: [A-B, A-C, A-D, B-C, B-D, C-D] & doublesUsed: []
currentGame: 1 & prevGame: [0, 1, 2, 2, 1]
currentRound: 0 & prevRound: [0, 1, 2, 3, 5]
TEMPBOARD: 
         | Game 1 |  Game 2 |  Game 3 |  Game 4 |  
_________ ________ _________ _________ _________ 
Round 1  |  A-B   |         |         |         |   
Round 2  |        |   A-C   |         |         |   
Round 3  |        |         |   A-D   |         |   
Round 4  |        |         |   B-C   |         |   
Round 5  |        |         |         |         |   
Round 6  |        |   B-D   |         |         |   
pairToPlace: C-D
 
*****VOLGENDE ITERATIE*****
pairs: [C-D] & pairsUsed: [A-B, A-C, A-D, B-C, B-D]
doubles: [A-B, A-C, A-D, B-C, B-D, C-D] & doublesUsed: []
currentGame: 1 & prevGame: [0, 1, 2, 2, 1]
currentRound: 1 & prevRound: [0, 1, 2, 3, 5]
TEMPBOARD: 
         | Game 1 |  Game 2 |  Game 3 |  Game 4 |  
_________ ________ _________ _________ _________ 
Round 1  |  A-B   |         |         |         |   
Round 2  |        |   A-C   |         |         |   
Round 3  |        |         |   A-D   |         |   
Round 4  |        |         |   B-C   |         |   
Round 5  |        |         |         |         |   
Round 6  |        |   B-D   |         |         |   
pairToPlace: C-D
 
*****VOLGENDE ITERATIE*****
pairs: [C-D] & pairsUsed: [A-B, A-C, A-D, B-C, B-D]
doubles: [A-B, A-C, A-D, B-C, B-D, C-D] & doublesUsed: []
currentGame: 1 & prevGame: [0, 1, 2, 2, 1]
currentRound: 2 & prevRound: [0, 1, 2, 3, 5]
TEMPBOARD: 
         | Game 1 |  Game 2 |  Game 3 |  Game 4 |  
_________ ________ _________ _________ _________ 
Round 1  |  A-B   |         |         |         |   
Round 2  |        |   A-C   |         |         |   
Round 3  |        |         |   A-D   |         |   
Round 4  |        |         |   B-C   |         |   
Round 5  |        |         |         |         |   
Round 6  |        |   B-D   |         |         |   
pairToPlace: C-D
 
*****VOLGENDE ITERATIE*****
pairs: [C-D] & pairsUsed: [A-B, A-C, A-D, B-C, B-D]
doubles: [A-B, A-C, A-D, B-C, B-D, C-D] & doublesUsed: []
currentGame: 1 & prevGame: [0, 1, 2, 2, 1]
currentRound: 3 & prevRound: [0, 1, 2, 3, 5]
TEMPBOARD: 
         | Game 1 |  Game 2 |  Game 3 |  Game 4 |  
_________ ________ _________ _________ _________ 
Round 1  |  A-B   |         |         |         |   
Round 2  |        |   A-C   |         |         |   
Round 3  |        |         |   A-D   |         |   
Round 4  |        |         |   B-C   |         |   
Round 5  |        |         |         |         |   
Round 6  |        |   B-D   |         |         |   
pairToPlace: C-D
 
*****VOLGENDE ITERATIE*****
pairs: [C-D] & pairsUsed: [A-B, A-C, A-D, B-C, B-D]
doubles: [A-B, A-C, A-D, B-C, B-D, C-D] & doublesUsed: []
currentGame: 1 & prevGame: [0, 1, 2, 2, 1]
currentRound: 4 & prevRound: [0, 1, 2, 3, 5]
TEMPBOARD: 
         | Game 1 |  Game 2 |  Game 3 |  Game 4 |  
_________ ________ _________ _________ _________ 
Round 1  |  A-B   |         |         |         |   
Round 2  |        |   A-C   |         |         |   
Round 3  |        |         |   A-D   |         |   
Round 4  |        |         |   B-C   |         |   
Round 5  |        |         |         |         |   
Round 6  |        |   B-D   |         |         |   
pairToPlace: C-D
 
*****VOLGENDE ITERATIE*****
pairs: [C-D] & pairsUsed: [A-B, A-C, A-D, B-C, B-D]
doubles: [A-B, A-C, A-D, B-C, B-D, C-D] & doublesUsed: []
currentGame: 1 & prevGame: [0, 1, 2, 2, 1]
currentRound: 5 & prevRound: [0, 1, 2, 3, 5]
TEMPBOARD: 
         | Game 1 |  Game 2 |  Game 3 |  Game 4 |  
_________ ________ _________ _________ _________ 
Round 1  |  A-B   |         |         |         |   
Round 2  |        |   A-C   |         |         |   
Round 3  |        |         |   A-D   |         |   
Round 4  |        |         |   B-C   |         |   
Round 5  |        |         |         |         |   
Round 6  |        |   B-D   |         |         |   
pairToPlace: C-D
 
*****VOLGENDE ITERATIE*****
pairs: [C-D] & pairsUsed: [A-B, A-C, A-D, B-C, B-D]
doubles: [A-B, A-C, A-D, B-C, B-D, C-D] & doublesUsed: []
currentGame: 1 & prevGame: [0, 1, 2, 2, 1]
currentRound: 6 & prevRound: [0, 1, 2, 3, 5]
TEMPBOARD: 
         | Game 1 |  Game 2 |  Game 3 |  Game 4 |  
_________ ________ _________ _________ _________ 
Round 1  |  A-B   |         |         |         |   
Round 2  |        |   A-C   |         |         |   
Round 3  |        |         |   A-D   |         |   
Round 4  |        |         |   B-C   |         |   
Round 5  |        |         |         |         |   
Round 6  |        |   B-D   |         |         |   
pairToPlace: C-D
 
*****VOLGENDE ITERATIE*****
pairs: [C-D] & pairsUsed: [A-B, A-C, A-D, B-C, B-D]
doubles: [A-B, A-C, A-D, B-C, B-D, C-D] & doublesUsed: []
currentGame: 2 & prevGame: [0, 1, 2, 2, 1]
currentRound: 0 & prevRound: [0, 1, 2, 3, 5]
TEMPBOARD: 
         | Game 1 |  Game 2 |  Game 3 |  Game 4 |  
_________ ________ _________ _________ _________ 
Round 1  |  A-B   |         |         |         |   
Round 2  |        |   A-C   |         |         |   
Round 3  |        |         |   A-D   |         |   
Round 4  |        |         |   B-C   |         |   
Round 5  |        |         |         |         |   
Round 6  |        |   B-D   |         |         |   
pairToPlace: C-D
 
*****VOLGENDE ITERATIE*****
pairs: [C-D] & pairsUsed: [A-B, A-C, A-D, B-C, B-D]
doubles: [A-B, A-C, A-D, B-C, B-D, C-D] & doublesUsed: []
currentGame: 2 & prevGame: [0, 1, 2, 2, 1]
currentRound: 1 & prevRound: [0, 1, 2, 3, 5]
TEMPBOARD: 
         | Game 1 |  Game 2 |  Game 3 |  Game 4 |  
_________ ________ _________ _________ _________ 
Round 1  |  A-B   |         |         |         |   
Round 2  |        |   A-C   |         |         |   
Round 3  |        |         |   A-D   |         |   
Round 4  |        |         |   B-C   |         |   
Round 5  |        |         |         |         |   
Round 6  |        |   B-D   |         |         |   
pairToPlace: C-D
 
*****VOLGENDE ITERATIE*****
pairs: [C-D] & pairsUsed: [A-B, A-C, A-D, B-C, B-D]
doubles: [A-B, A-C, A-D, B-C, B-D, C-D] & doublesUsed: []
currentGame: 2 & prevGame: [0, 1, 2, 2, 1]
currentRound: 2 & prevRound: [0, 1, 2, 3, 5]
TEMPBOARD: 
         | Game 1 |  Game 2 |  Game 3 |  Game 4 |  
_________ ________ _________ _________ _________ 
Round 1  |  A-B   |         |         |         |   
Round 2  |        |   A-C   |         |         |   
Round 3  |        |         |   A-D   |         |   
Round 4  |        |         |   B-C   |         |   
Round 5  |        |         |         |         |   
Round 6  |        |   B-D   |         |         |   
pairToPlace: C-D
 
*****VOLGENDE ITERATIE*****
pairs: [C-D] & pairsUsed: [A-B, A-C, A-D, B-C, B-D]
doubles: [A-B, A-C, A-D, B-C, B-D, C-D] & doublesUsed: []
currentGame: 2 & prevGame: [0, 1, 2, 2, 1]
currentRound: 3 & prevRound: [0, 1, 2, 3, 5]
TEMPBOARD: 
         | Game 1 |  Game 2 |  Game 3 |  Game 4 |  
_________ ________ _________ _________ _________ 
Round 1  |  A-B   |         |         |         |   
Round 2  |        |   A-C   |         |         |   
Round 3  |        |         |   A-D   |         |   
Round 4  |        |         |   B-C   |         |   
Round 5  |        |         |         |         |   
Round 6  |        |   B-D   |         |         |   
pairToPlace: C-D
 
*****VOLGENDE ITERATIE*****
pairs: [C-D] & pairsUsed: [A-B, A-C, A-D, B-C, B-D]
doubles: [A-B, A-C, A-D, B-C, B-D, C-D] & doublesUsed: []
currentGame: 2 & prevGame: [0, 1, 2, 2, 1]
currentRound: 4 & prevRound: [0, 1, 2, 3, 5]
TEMPBOARD: 
         | Game 1 |  Game 2 |  Game 3 |  Game 4 |  
_________ ________ _________ _________ _________ 
Round 1  |  A-B   |         |         |         |   
Round 2  |        |   A-C   |         |         |   
Round 3  |        |         |   A-D   |         |   
Round 4  |        |         |   B-C   |         |   
Round 5  |        |         |         |         |   
Round 6  |        |   B-D   |         |         |   
pairToPlace: C-D
 
*****VOLGENDE ITERATIE*****
pairs: [C-D] & pairsUsed: [A-B, A-C, A-D, B-C, B-D]
doubles: [A-B, A-C, A-D, B-C, B-D, C-D] & doublesUsed: []
currentGame: 2 & prevGame: [0, 1, 2, 2, 1]
currentRound: 5 & prevRound: [0, 1, 2, 3, 5]
TEMPBOARD: 
         | Game 1 |  Game 2 |  Game 3 |  Game 4 |  
_________ ________ _________ _________ _________ 
Round 1  |  A-B   |         |         |         |   
Round 2  |        |   A-C   |         |         |   
Round 3  |        |         |   A-D   |         |   
Round 4  |        |         |   B-C   |         |   
Round 5  |        |         |         |         |   
Round 6  |        |   B-D   |         |         |   
pairToPlace: C-D
 
*****VOLGENDE ITERATIE*****
pairs: [C-D] & pairsUsed: [A-B, A-C, A-D, B-C, B-D]
doubles: [A-B, A-C, A-D, B-C, B-D, C-D] & doublesUsed: []
currentGame: 2 & prevGame: [0, 1, 2, 2, 1]
currentRound: 6 & prevRound: [0, 1, 2, 3, 5]
TEMPBOARD: 
         | Game 1 |  Game 2 |  Game 3 |  Game 4 |  
_________ ________ _________ _________ _________ 
Round 1  |  A-B   |         |         |         |   
Round 2  |        |   A-C   |         |         |   
Round 3  |        |         |   A-D   |         |   
Round 4  |        |         |   B-C   |         |   
Round 5  |        |         |         |         |   
Round 6  |        |   B-D   |         |         |   
pairToPlace: C-D
 
*****VOLGENDE ITERATIE*****
pairs: [C-D] & pairsUsed: [A-B, A-C, A-D, B-C, B-D]
doubles: [A-B, A-C, A-D, B-C, B-D, C-D] & doublesUsed: []
currentGame: 3 & prevGame: [0, 1, 2, 2, 1]
currentRound: 0 & prevRound: [0, 1, 2, 3, 5]
TEMPBOARD: 
         | Game 1 |  Game 2 |  Game 3 |  Game 4 |  
_________ ________ _________ _________ _________ 
Round 1  |  A-B   |         |         |         |   
Round 2  |        |   A-C   |         |         |   
Round 3  |        |         |   A-D   |         |   
Round 4  |        |         |   B-C   |         |   
Round 5  |        |         |         |         |   
Round 6  |        |   B-D   |         |         |   
pairToPlace: C-D
 
*****VOLGENDE ITERATIE*****
pairs: [] & pairsUsed: [A-B, A-C, A-D, B-C, B-D, C-D]
doubles: [A-B, A-C, A-D, B-C, B-D, C-D] & doublesUsed: []
currentGame: 0 & prevGame: [0, 1, 2, 2, 1, 3]
currentRound: 0 & prevRound: [0, 1, 2, 3, 5, 0]
TEMPBOARD: 
         | Game 1 |  Game 2 |  Game 3 |  Game 4 |  
_________ ________ _________ _________ _________ 
Round 1  |  A-B   |         |         |   C-D   |   
Round 2  |        |   A-C   |         |         |   
Round 3  |        |         |   A-D   |         |   
Round 4  |        |         |   B-C   |         |   
Round 5  |        |         |         |         |   
Round 6  |        |   B-D   |         |         |   
pairToPlace: A-B
 
*****VOLGENDE ITERATIE*****
pairs: [] & pairsUsed: [A-B, A-C, A-D, B-C, B-D, C-D]
doubles: [A-B, A-C, A-D, B-C, B-D, C-D] & doublesUsed: []
currentGame: 0 & prevGame: [0, 1, 2, 2, 1, 3]
currentRound: 1 & prevRound: [0, 1, 2, 3, 5, 0]
TEMPBOARD: 
         | Game 1 |  Game 2 |  Game 3 |  Game 4 |  
_________ ________ _________ _________ _________ 
Round 1  |  A-B   |         |         |   C-D   |   
Round 2  |        |   A-C   |         |         |   
Round 3  |        |         |   A-D   |         |   
Round 4  |        |         |   B-C   |         |   
Round 5  |        |         |         |         |   
Round 6  |        |   B-D   |         |         |   
pairToPlace: A-B
 
*****VOLGENDE ITERATIE*****
pairs: [] & pairsUsed: [A-B, A-C, A-D, B-C, B-D, C-D]
doubles: [A-B, A-C, A-D, B-C, B-D, C-D] & doublesUsed: []
currentGame: 0 & prevGame: [0, 1, 2, 2, 1, 3]
currentRound: 2 & prevRound: [0, 1, 2, 3, 5, 0]
TEMPBOARD: 
         | Game 1 |  Game 2 |  Game 3 |  Game 4 |  
_________ ________ _________ _________ _________ 
Round 1  |  A-B   |         |         |   C-D   |   
Round 2  |        |   A-C   |         |         |   
Round 3  |        |         |   A-D   |         |   
Round 4  |        |         |   B-C   |         |   
Round 5  |        |         |         |         |   
Round 6  |        |   B-D   |         |         |   
pairToPlace: A-B
 
*****VOLGENDE ITERATIE*****
pairs: [] & pairsUsed: [A-B, A-C, A-D, B-C, B-D, C-D]
doubles: [A-B, A-C, A-D, B-C, B-D, C-D] & doublesUsed: []
currentGame: 0 & prevGame: [0, 1, 2, 2, 1, 3]
currentRound: 3 & prevRound: [0, 1, 2, 3, 5, 0]
TEMPBOARD: 
         | Game 1 |  Game 2 |  Game 3 |  Game 4 |  
_________ ________ _________ _________ _________ 
Round 1  |  A-B   |         |         |   C-D   |   
Round 2  |        |   A-C   |         |         |   
Round 3  |        |         |   A-D   |         |   
Round 4  |        |         |   B-C   |         |   
Round 5  |        |         |         |         |   
Round 6  |        |   B-D   |         |         |   
pairToPlace: A-B
 
*****VOLGENDE ITERATIE*****
pairs: [] & pairsUsed: [A-B, A-C, A-D, B-C, B-D, C-D]
doubles: [A-B, A-C, A-D, B-C, B-D, C-D] & doublesUsed: []
currentGame: 0 & prevGame: [0, 1, 2, 2, 1, 3]
currentRound: 4 & prevRound: [0, 1, 2, 3, 5, 0]
TEMPBOARD: 
         | Game 1 |  Game 2 |  Game 3 |  Game 4 |  
_________ ________ _________ _________ _________ 
Round 1  |  A-B   |         |         |   C-D   |   
Round 2  |        |   A-C   |         |         |   
Round 3  |        |         |   A-D   |         |   
Round 4  |        |         |   B-C   |         |   
Round 5  |        |         |         |         |   
Round 6  |        |   B-D   |         |         |   
pairToPlace: A-B
 
*****VOLGENDE ITERATIE*****
pairs: [] & pairsUsed: [A-B, A-C, A-D, B-C, B-D, C-D]
doubles: [A-B, A-C, A-D, B-C, B-D, C-D] & doublesUsed: []
currentGame: 0 & prevGame: [0, 1, 2, 2, 1, 3]
currentRound: 5 & prevRound: [0, 1, 2, 3, 5, 0]
TEMPBOARD: 
         | Game 1 |  Game 2 |  Game 3 |  Game 4 |  
_________ ________ _________ _________ _________ 
Round 1  |  A-B   |         |         |   C-D   |   
Round 2  |        |   A-C   |         |         |   
Round 3  |        |         |   A-D   |         |   
Round 4  |        |         |   B-C   |         |   
Round 5  |        |         |         |         |   
Round 6  |        |   B-D   |         |         |   
pairToPlace: A-B
 
*****VOLGENDE ITERATIE*****
pairs: [] & pairsUsed: [A-B, A-C, A-D, B-C, B-D, C-D]
doubles: [A-B, A-C, A-D, B-C, B-D, C-D] & doublesUsed: []
currentGame: 0 & prevGame: [0, 1, 2, 2, 1, 3]
currentRound: 6 & prevRound: [0, 1, 2, 3, 5, 0]
TEMPBOARD: 
         | Game 1 |  Game 2 |  Game 3 |  Game 4 |  
_________ ________ _________ _________ _________ 
Round 1  |  A-B   |         |         |   C-D   |   
Round 2  |        |   A-C   |         |         |   
Round 3  |        |         |   A-D   |         |   
Round 4  |        |         |   B-C   |         |   
Round 5  |        |         |         |         |   
Round 6  |        |   B-D   |         |         |   
pairToPlace: A-B
 
*****VOLGENDE ITERATIE*****
pairs: [] & pairsUsed: [A-B, A-C, A-D, B-C, B-D, C-D]
doubles: [A-B, A-C, A-D, B-C, B-D, C-D] & doublesUsed: []
currentGame: 1 & prevGame: [0, 1, 2, 2, 1, 3]
currentRound: 0 & prevRound: [0, 1, 2, 3, 5, 0]
TEMPBOARD: 
         | Game 1 |  Game 2 |  Game 3 |  Game 4 |  
_________ ________ _________ _________ _________ 
Round 1  |  A-B   |         |         |   C-D   |   
Round 2  |        |   A-C   |         |         |   
Round 3  |        |         |   A-D   |         |   
Round 4  |        |         |   B-C   |         |   
Round 5  |        |         |         |         |   
Round 6  |        |   B-D   |         |         |   
pairToPlace: A-B
 
*****VOLGENDE ITERATIE*****
pairs: [] & pairsUsed: [A-B, A-C, A-D, B-C, B-D, C-D]
doubles: [A-B, A-C, A-D, B-C, B-D, C-D] & doublesUsed: []
currentGame: 1 & prevGame: [0, 1, 2, 2, 1, 3]
currentRound: 1 & prevRound: [0, 1, 2, 3, 5, 0]
TEMPBOARD: 
         | Game 1 |  Game 2 |  Game 3 |  Game 4 |  
_________ ________ _________ _________ _________ 
Round 1  |  A-B   |         |         |   C-D   |   
Round 2  |        |   A-C   |         |         |   
Round 3  |        |         |   A-D   |         |   
Round 4  |        |         |   B-C   |         |   
Round 5  |        |         |         |         |   
Round 6  |        |   B-D   |         |         |   
pairToPlace: A-B
 
*****VOLGENDE ITERATIE*****
pairs: [] & pairsUsed: [A-B, A-C, A-D, B-C, B-D, C-D]
doubles: [A-B, A-C, A-D, B-C, B-D, C-D] & doublesUsed: []
currentGame: 1 & prevGame: [0, 1, 2, 2, 1, 3]
currentRound: 2 & prevRound: [0, 1, 2, 3, 5, 0]
TEMPBOARD: 
         | Game 1 |  Game 2 |  Game 3 |  Game 4 |  
_________ ________ _________ _________ _________ 
Round 1  |  A-B   |         |         |   C-D   |   
Round 2  |        |   A-C   |         |         |   
Round 3  |        |         |   A-D   |         |   
Round 4  |        |         |   B-C   |         |   
Round 5  |        |         |         |         |   
Round 6  |        |   B-D   |         |         |   
pairToPlace: A-B
 
*****VOLGENDE ITERATIE*****
pairs: [] & pairsUsed: [A-B, A-C, A-D, B-C, B-D, C-D]
doubles: [A-B, A-C, A-D, B-C, B-D, C-D] & doublesUsed: []
currentGame: 1 & prevGame: [0, 1, 2, 2, 1, 3]
currentRound: 3 & prevRound: [0, 1, 2, 3, 5, 0]
TEMPBOARD: 
         | Game 1 |  Game 2 |  Game 3 |  Game 4 |  
_________ ________ _________ _________ _________ 
Round 1  |  A-B   |         |         |   C-D   |   
Round 2  |        |   A-C   |         |         |   
Round 3  |        |         |   A-D   |         |   
Round 4  |        |         |   B-C   |         |   
Round 5  |        |         |         |         |   
Round 6  |        |   B-D   |         |         |   
pairToPlace: A-B
 
*****VOLGENDE ITERATIE*****
pairs: [] & pairsUsed: [A-B, A-C, A-D, B-C, B-D, C-D]
doubles: [A-B, A-C, A-D, B-C, B-D, C-D] & doublesUsed: []
currentGame: 1 & prevGame: [0, 1, 2, 2, 1, 3]
currentRound: 4 & prevRound: [0, 1, 2, 3, 5, 0]
TEMPBOARD: 
         | Game 1 |  Game 2 |  Game 3 |  Game 4 |  
_________ ________ _________ _________ _________ 
Round 1  |  A-B   |         |         |   C-D   |   
Round 2  |        |   A-C   |         |         |   
Round 3  |        |         |   A-D   |         |   
Round 4  |        |         |   B-C   |         |   
Round 5  |        |         |         |         |   
Round 6  |        |   B-D   |         |         |   
pairToPlace: A-B
 
*****VOLGENDE ITERATIE*****
pairs: [] & pairsUsed: [A-B, A-C, A-D, B-C, B-D, C-D]
doubles: [A-B, A-C, A-D, B-C, B-D, C-D] & doublesUsed: []
currentGame: 1 & prevGame: [0, 1, 2, 2, 1, 3]
currentRound: 5 & prevRound: [0, 1, 2, 3, 5, 0]
TEMPBOARD: 
         | Game 1 |  Game 2 |  Game 3 |  Game 4 |  
_________ ________ _________ _________ _________ 
Round 1  |  A-B   |         |         |   C-D   |   
Round 2  |        |   A-C   |         |         |   
Round 3  |        |         |   A-D   |         |   
Round 4  |        |         |   B-C   |         |   
Round 5  |        |         |         |         |   
Round 6  |        |   B-D   |         |         |   
pairToPlace: A-B
 
*****VOLGENDE ITERATIE*****
pairs: [] & pairsUsed: [A-B, A-C, A-D, B-C, B-D, C-D]
doubles: [A-B, A-C, A-D, B-C, B-D, C-D] & doublesUsed: []
currentGame: 1 & prevGame: [0, 1, 2, 2, 1, 3]
currentRound: 6 & prevRound: [0, 1, 2, 3, 5, 0]
TEMPBOARD: 
         | Game 1 |  Game 2 |  Game 3 |  Game 4 |  
_________ ________ _________ _________ _________ 
Round 1  |  A-B   |         |         |   C-D   |   
Round 2  |        |   A-C   |         |         |   
Round 3  |        |         |   A-D   |         |   
Round 4  |        |         |   B-C   |         |   
Round 5  |        |         |         |         |   
Round 6  |        |   B-D   |         |         |   
pairToPlace: A-B
 
*****VOLGENDE ITERATIE*****
pairs: [] & pairsUsed: [A-B, A-C, A-D, B-C, B-D, C-D]
doubles: [A-B, A-C, A-D, B-C, B-D, C-D] & doublesUsed: []
currentGame: 2 & prevGame: [0, 1, 2, 2, 1, 3]
currentRound: 0 & prevRound: [0, 1, 2, 3, 5, 0]
TEMPBOARD: 
         | Game 1 |  Game 2 |  Game 3 |  Game 4 |  
_________ ________ _________ _________ _________ 
Round 1  |  A-B   |         |         |   C-D   |   
Round 2  |        |   A-C   |         |         |   
Round 3  |        |         |   A-D   |         |   
Round 4  |        |         |   B-C   |         |   
Round 5  |        |         |         |         |   
Round 6  |        |   B-D   |         |         |   
pairToPlace: A-B
 
*****VOLGENDE ITERATIE*****
pairs: [] & pairsUsed: [A-B, A-C, A-D, B-C, B-D, C-D]
doubles: [A-B, A-C, A-D, B-C, B-D, C-D] & doublesUsed: []
currentGame: 2 & prevGame: [0, 1, 2, 2, 1, 3]
currentRound: 1 & prevRound: [0, 1, 2, 3, 5, 0]
TEMPBOARD: 
         | Game 1 |  Game 2 |  Game 3 |  Game 4 |  
_________ ________ _________ _________ _________ 
Round 1  |  A-B   |         |         |   C-D   |   
Round 2  |        |   A-C   |         |         |   
Round 3  |        |         |   A-D   |         |   
Round 4  |        |         |   B-C   |         |   
Round 5  |        |         |         |         |   
Round 6  |        |   B-D   |         |         |   
pairToPlace: A-B
 
*****VOLGENDE ITERATIE*****
pairs: [] & pairsUsed: [A-B, A-C, A-D, B-C, B-D, C-D]
doubles: [A-B, A-C, A-D, B-C, B-D, C-D] & doublesUsed: []
currentGame: 2 & prevGame: [0, 1, 2, 2, 1, 3]
currentRound: 2 & prevRound: [0, 1, 2, 3, 5, 0]
TEMPBOARD: 
         | Game 1 |  Game 2 |  Game 3 |  Game 4 |  
_________ ________ _________ _________ _________ 
Round 1  |  A-B   |         |         |   C-D   |   
Round 2  |        |   A-C   |         |         |   
Round 3  |        |         |   A-D   |         |   
Round 4  |        |         |   B-C   |         |   
Round 5  |        |         |         |         |   
Round 6  |        |   B-D   |         |         |   
pairToPlace: A-B
 
*****VOLGENDE ITERATIE*****
pairs: [] & pairsUsed: [A-B, A-C, A-D, B-C, B-D, C-D]
doubles: [A-B, A-C, A-D, B-C, B-D, C-D] & doublesUsed: []
currentGame: 2 & prevGame: [0, 1, 2, 2, 1, 3]
currentRound: 3 & prevRound: [0, 1, 2, 3, 5, 0]
TEMPBOARD: 
         | Game 1 |  Game 2 |  Game 3 |  Game 4 |  
_________ ________ _________ _________ _________ 
Round 1  |  A-B   |         |         |   C-D   |   
Round 2  |        |   A-C   |         |         |   
Round 3  |        |         |   A-D   |         |   
Round 4  |        |         |   B-C   |         |   
Round 5  |        |         |         |         |   
Round 6  |        |   B-D   |         |         |   
pairToPlace: A-B
 
*****VOLGENDE ITERATIE*****
pairs: [] & pairsUsed: [A-B, A-C, A-D, B-C, B-D, C-D]
doubles: [A-B, A-C, A-D, B-C, B-D, C-D] & doublesUsed: []
currentGame: 2 & prevGame: [0, 1, 2, 2, 1, 3]
currentRound: 4 & prevRound: [0, 1, 2, 3, 5, 0]
TEMPBOARD: 
         | Game 1 |  Game 2 |  Game 3 |  Game 4 |  
_________ ________ _________ _________ _________ 
Round 1  |  A-B   |         |         |   C-D   |   
Round 2  |        |   A-C   |         |         |   
Round 3  |        |         |   A-D   |         |   
Round 4  |        |         |   B-C   |         |   
Round 5  |        |         |         |         |   
Round 6  |        |   B-D   |         |         |   
pairToPlace: A-B
 
*****VOLGENDE ITERATIE*****
pairs: [] & pairsUsed: [A-B, A-C, A-D, B-C, B-D, C-D]
doubles: [A-B, A-C, A-D, B-C, B-D, C-D] & doublesUsed: []
currentGame: 2 & prevGame: [0, 1, 2, 2, 1, 3]
currentRound: 5 & prevRound: [0, 1, 2, 3, 5, 0]
TEMPBOARD: 
         | Game 1 |  Game 2 |  Game 3 |  Game 4 |  
_________ ________ _________ _________ _________ 
Round 1  |  A-B   |         |         |   C-D   |   
Round 2  |        |   A-C   |         |         |   
Round 3  |        |         |   A-D   |         |   
Round 4  |        |         |   B-C   |         |   
Round 5  |        |         |         |         |   
Round 6  |        |   B-D   |         |         |   
pairToPlace: A-B
 
*****VOLGENDE ITERATIE*****
pairs: [] & pairsUsed: [A-B, A-C, A-D, B-C, B-D, C-D]
doubles: [A-B, A-C, A-D, B-C, B-D, C-D] & doublesUsed: []
currentGame: 2 & prevGame: [0, 1, 2, 2, 1, 3]
currentRound: 6 & prevRound: [0, 1, 2, 3, 5, 0]
TEMPBOARD: 
         | Game 1 |  Game 2 |  Game 3 |  Game 4 |  
_________ ________ _________ _________ _________ 
Round 1  |  A-B   |         |         |   C-D   |   
Round 2  |        |   A-C   |         |         |   
Round 3  |        |         |   A-D   |         |   
Round 4  |        |         |   B-C   |         |   
Round 5  |        |         |         |         |   
Round 6  |        |   B-D   |         |         |   
pairToPlace: A-B
 
*****VOLGENDE ITERATIE*****
pairs: [] & pairsUsed: [A-B, A-C, A-D, B-C, B-D, C-D]
doubles: [A-B, A-C, A-D, B-C, B-D, C-D] & doublesUsed: []
currentGame: 3 & prevGame: [0, 1, 2, 2, 1, 3]
currentRound: 0 & prevRound: [0, 1, 2, 3, 5, 0]
TEMPBOARD: 
         | Game 1 |  Game 2 |  Game 3 |  Game 4 |  
_________ ________ _________ _________ _________ 
Round 1  |  A-B   |         |         |   C-D   |   
Round 2  |        |   A-C   |         |         |   
Round 3  |        |         |   A-D   |         |   
Round 4  |        |         |   B-C   |         |   
Round 5  |        |         |         |         |   
Round 6  |        |   B-D   |         |         |   
pairToPlace: A-B
 
*****VOLGENDE ITERATIE*****
pairs: [] & pairsUsed: [A-B, A-C, A-D, B-C, B-D, C-D]
doubles: [A-B, A-C, A-D, B-C, B-D, C-D] & doublesUsed: []
currentGame: 3 & prevGame: [0, 1, 2, 2, 1, 3]
currentRound: 1 & prevRound: [0, 1, 2, 3, 5, 0]
TEMPBOARD: 
         | Game 1 |  Game 2 |  Game 3 |  Game 4 |  
_________ ________ _________ _________ _________ 
Round 1  |  A-B   |         |         |   C-D   |   
Round 2  |        |   A-C   |         |         |   
Round 3  |        |         |   A-D   |         |   
Round 4  |        |         |   B-C   |         |   
Round 5  |        |         |         |         |   
Round 6  |        |   B-D   |         |         |   
pairToPlace: A-B
 
*****VOLGENDE ITERATIE*****
pairs: [] & pairsUsed: [A-B, A-C, A-D, B-C, B-D, C-D]
doubles: [A-B, A-C, A-D, B-C, B-D, C-D] & doublesUsed: []
currentGame: 3 & prevGame: [0, 1, 2, 2, 1, 3]
currentRound: 2 & prevRound: [0, 1, 2, 3, 5, 0]
TEMPBOARD: 
         | Game 1 |  Game 2 |  Game 3 |  Game 4 |  
_________ ________ _________ _________ _________ 
Round 1  |  A-B   |         |         |   C-D   |   
Round 2  |        |   A-C   |         |         |   
Round 3  |        |         |   A-D   |         |   
Round 4  |        |         |   B-C   |         |   
Round 5  |        |         |         |         |   
Round 6  |        |   B-D   |         |         |   
pairToPlace: A-B
 
*****VOLGENDE ITERATIE*****
pairs: [] & pairsUsed: [A-B, A-C, A-D, B-C, B-D, C-D]
doubles: [A-B, A-C, A-D, B-C, B-D, C-D] & doublesUsed: []
currentGame: 3 & prevGame: [0, 1, 2, 2, 1, 3]
currentRound: 3 & prevRound: [0, 1, 2, 3, 5, 0]
TEMPBOARD: 
         | Game 1 |  Game 2 |  Game 3 |  Game 4 |  
_________ ________ _________ _________ _________ 
Round 1  |  A-B   |         |         |   C-D   |   
Round 2  |        |   A-C   |         |         |   
Round 3  |        |         |   A-D   |         |   
Round 4  |        |         |   B-C   |         |   
Round 5  |        |         |         |         |   
Round 6  |        |   B-D   |         |         |   
pairToPlace: A-B
 
*****VOLGENDE ITERATIE*****
pairs: [] & pairsUsed: [A-B, A-C, A-D, B-C, B-D, C-D]
doubles: [A-B, A-C, A-D, B-C, B-D, C-D] & doublesUsed: []
currentGame: 3 & prevGame: [0, 1, 2, 2, 1, 3]
currentRound: 4 & prevRound: [0, 1, 2, 3, 5, 0]
TEMPBOARD: 
         | Game 1 |  Game 2 |  Game 3 |  Game 4 |  
_________ ________ _________ _________ _________ 
Round 1  |  A-B   |         |         |   C-D   |   
Round 2  |        |   A-C   |         |         |   
Round 3  |        |         |   A-D   |         |   
Round 4  |        |         |   B-C   |         |   
Round 5  |        |         |         |         |   
Round 6  |        |   B-D   |         |         |   
pairToPlace: A-B
 
*****VOLGENDE ITERATIE*****
pairs: [] & pairsUsed: [A-B, A-C, A-D, B-C, B-D, C-D]
doubles: [A-C, A-D, B-C, B-D, C-D] & doublesUsed: [A-B]
currentGame: 0 & prevGame: [0, 1, 2, 2, 1, 3, 3]
currentRound: 0 & prevRound: [0, 1, 2, 3, 5, 0, 4]
TEMPBOARD: 
         | Game 1 |  Game 2 |  Game 3 |  Game 4 |  
_________ ________ _________ _________ _________ 
Round 1  |  A-B   |         |         |   C-D   |   
Round 2  |        |   A-C   |         |         |   
Round 3  |        |         |   A-D   |         |   
Round 4  |        |         |   B-C   |         |   
Round 5  |        |         |         |   A-B   |   
Round 6  |        |   B-D   |         |         |   
pairToPlace: A-C
 
*****VOLGENDE ITERATIE*****
pairs: [] & pairsUsed: [A-B, A-C, A-D, B-C, B-D, C-D]
doubles: [A-C, A-D, B-C, B-D, C-D] & doublesUsed: [A-B]
currentGame: 0 & prevGame: [0, 1, 2, 2, 1, 3, 3]
currentRound: 1 & prevRound: [0, 1, 2, 3, 5, 0, 4]
TEMPBOARD: 
         | Game 1 |  Game 2 |  Game 3 |  Game 4 |  
_________ ________ _________ _________ _________ 
Round 1  |  A-B   |         |         |   C-D   |   
Round 2  |        |   A-C   |         |         |   
Round 3  |        |         |   A-D   |         |   
Round 4  |        |         |   B-C   |         |   
Round 5  |        |         |         |   A-B   |   
Round 6  |        |   B-D   |         |         |   
pairToPlace: A-C
 
*****VOLGENDE ITERATIE*****
pairs: [] & pairsUsed: [A-B, A-C, A-D, B-C, B-D, C-D]
doubles: [A-C, A-D, B-C, B-D, C-D] & doublesUsed: [A-B]
currentGame: 0 & prevGame: [0, 1, 2, 2, 1, 3, 3]
currentRound: 2 & prevRound: [0, 1, 2, 3, 5, 0, 4]
TEMPBOARD: 
         | Game 1 |  Game 2 |  Game 3 |  Game 4 |  
_________ ________ _________ _________ _________ 
Round 1  |  A-B   |         |         |   C-D   |   
Round 2  |        |   A-C   |         |         |   
Round 3  |        |         |   A-D   |         |   
Round 4  |        |         |   B-C   |         |   
Round 5  |        |         |         |   A-B   |   
Round 6  |        |   B-D   |         |         |   
pairToPlace: A-C
 
*****VOLGENDE ITERATIE*****
pairs: [] & pairsUsed: [A-B, A-C, A-D, B-C, B-D, C-D]
doubles: [A-C, A-D, B-C, B-D, C-D] & doublesUsed: [A-B]
currentGame: 0 & prevGame: [0, 1, 2, 2, 1, 3, 3]
currentRound: 3 & prevRound: [0, 1, 2, 3, 5, 0, 4]
TEMPBOARD: 
         | Game 1 |  Game 2 |  Game 3 |  Game 4 |  
_________ ________ _________ _________ _________ 
Round 1  |  A-B   |         |         |   C-D   |   
Round 2  |        |   A-C   |         |         |   
Round 3  |        |         |   A-D   |         |   
Round 4  |        |         |   B-C   |         |   
Round 5  |        |         |         |   A-B   |   
Round 6  |        |   B-D   |         |         |   
pairToPlace: A-C
 
*****VOLGENDE ITERATIE*****
pairs: [] & pairsUsed: [A-B, A-C, A-D, B-C, B-D, C-D]
doubles: [A-C, A-D, B-C, B-D, C-D] & doublesUsed: [A-B]
currentGame: 0 & prevGame: [0, 1, 2, 2, 1, 3, 3]
currentRound: 4 & prevRound: [0, 1, 2, 3, 5, 0, 4]
TEMPBOARD: 
         | Game 1 |  Game 2 |  Game 3 |  Game 4 |  
_________ ________ _________ _________ _________ 
Round 1  |  A-B   |         |         |   C-D   |   
Round 2  |        |   A-C   |         |         |   
Round 3  |        |         |   A-D   |         |   
Round 4  |        |         |   B-C   |         |   
Round 5  |        |         |         |   A-B   |   
Round 6  |        |   B-D   |         |         |   
pairToPlace: A-C
 
*****VOLGENDE ITERATIE*****
pairs: [] & pairsUsed: [A-B, A-C, A-D, B-C, B-D, C-D]
doubles: [A-C, A-D, B-C, B-D, C-D] & doublesUsed: [A-B]
currentGame: 0 & prevGame: [0, 1, 2, 2, 1, 3, 3]
currentRound: 5 & prevRound: [0, 1, 2, 3, 5, 0, 4]
TEMPBOARD: 
         | Game 1 |  Game 2 |  Game 3 |  Game 4 |  
_________ ________ _________ _________ _________ 
Round 1  |  A-B   |         |         |   C-D   |   
Round 2  |        |   A-C   |         |         |   
Round 3  |        |         |   A-D   |         |   
Round 4  |        |         |   B-C   |         |   
Round 5  |        |         |         |   A-B   |   
Round 6  |        |   B-D   |         |         |   
pairToPlace: A-C
 
*****VOLGENDE ITERATIE*****
pairs: [] & pairsUsed: [A-B, A-C, A-D, B-C, B-D, C-D]
doubles: [A-C, A-D, B-C, B-D, C-D] & doublesUsed: [A-B]
currentGame: 0 & prevGame: [0, 1, 2, 2, 1, 3, 3]
currentRound: 6 & prevRound: [0, 1, 2, 3, 5, 0, 4]
TEMPBOARD: 
         | Game 1 |  Game 2 |  Game 3 |  Game 4 |  
_________ ________ _________ _________ _________ 
Round 1  |  A-B   |         |         |   C-D   |   
Round 2  |        |   A-C   |         |         |   
Round 3  |        |         |   A-D   |         |   
Round 4  |        |         |   B-C   |         |   
Round 5  |        |         |         |   A-B   |   
Round 6  |        |   B-D   |         |         |   
pairToPlace: A-C
 
*****VOLGENDE ITERATIE*****
pairs: [] & pairsUsed: [A-B, A-C, A-D, B-C, B-D, C-D]
doubles: [A-C, A-D, B-C, B-D, C-D] & doublesUsed: [A-B]
currentGame: 1 & prevGame: [0, 1, 2, 2, 1, 3, 3]
currentRound: 0 & prevRound: [0, 1, 2, 3, 5, 0, 4]
TEMPBOARD: 
         | Game 1 |  Game 2 |  Game 3 |  Game 4 |  
_________ ________ _________ _________ _________ 
Round 1  |  A-B   |         |         |   C-D   |   
Round 2  |        |   A-C   |         |         |   
Round 3  |        |         |   A-D   |         |   
Round 4  |        |         |   B-C   |         |   
Round 5  |        |         |         |   A-B   |   
Round 6  |        |   B-D   |         |         |   
pairToPlace: A-C
 
*****VOLGENDE ITERATIE*****
pairs: [] & pairsUsed: [A-B, A-C, A-D, B-C, B-D, C-D]
doubles: [A-C, A-D, B-C, B-D, C-D] & doublesUsed: [A-B]
currentGame: 1 & prevGame: [0, 1, 2, 2, 1, 3, 3]
currentRound: 1 & prevRound: [0, 1, 2, 3, 5, 0, 4]
TEMPBOARD: 
         | Game 1 |  Game 2 |  Game 3 |  Game 4 |  
_________ ________ _________ _________ _________ 
Round 1  |  A-B   |         |         |   C-D   |   
Round 2  |        |   A-C   |         |         |   
Round 3  |        |         |   A-D   |         |   
Round 4  |        |         |   B-C   |         |   
Round 5  |        |         |         |   A-B   |   
Round 6  |        |   B-D   |         |         |   
pairToPlace: A-C
 
*****VOLGENDE ITERATIE*****
pairs: [] & pairsUsed: [A-B, A-C, A-D, B-C, B-D, C-D]
doubles: [A-C, A-D, B-C, B-D, C-D] & doublesUsed: [A-B]
currentGame: 1 & prevGame: [0, 1, 2, 2, 1, 3, 3]
currentRound: 2 & prevRound: [0, 1, 2, 3, 5, 0, 4]
TEMPBOARD: 
         | Game 1 |  Game 2 |  Game 3 |  Game 4 |  
_________ ________ _________ _________ _________ 
Round 1  |  A-B   |         |         |   C-D   |   
Round 2  |        |   A-C   |         |         |   
Round 3  |        |         |   A-D   |         |   
Round 4  |        |         |   B-C   |         |   
Round 5  |        |         |         |   A-B   |   
Round 6  |        |   B-D   |         |         |   
pairToPlace: A-C
 
*****VOLGENDE ITERATIE*****
pairs: [] & pairsUsed: [A-B, A-C, A-D, B-C, B-D, C-D]
doubles: [A-C, A-D, B-C, B-D, C-D] & doublesUsed: [A-B]
currentGame: 1 & prevGame: [0, 1, 2, 2, 1, 3, 3]
currentRound: 3 & prevRound: [0, 1, 2, 3, 5, 0, 4]
TEMPBOARD: 
         | Game 1 |  Game 2 |  Game 3 |  Game 4 |  
_________ ________ _________ _________ _________ 
Round 1  |  A-B   |         |         |   C-D   |   
Round 2  |        |   A-C   |         |         |   
Round 3  |        |         |   A-D   |         |   
Round 4  |        |         |   B-C   |         |   
Round 5  |        |         |         |   A-B   |   
Round 6  |        |   B-D   |         |         |   
pairToPlace: A-C
 
*****VOLGENDE ITERATIE*****
pairs: [] & pairsUsed: [A-B, A-C, A-D, B-C, B-D, C-D]
doubles: [A-C, A-D, B-C, B-D, C-D] & doublesUsed: [A-B]
currentGame: 1 & prevGame: [0, 1, 2, 2, 1, 3, 3]
currentRound: 4 & prevRound: [0, 1, 2, 3, 5, 0, 4]
TEMPBOARD: 
         | Game 1 |  Game 2 |  Game 3 |  Game 4 |  
_________ ________ _________ _________ _________ 
Round 1  |  A-B   |         |         |   C-D   |   
Round 2  |        |   A-C   |         |         |   
Round 3  |        |         |   A-D   |         |   
Round 4  |        |         |   B-C   |         |   
Round 5  |        |         |         |   A-B   |   
Round 6  |        |   B-D   |         |         |   
pairToPlace: A-C
 
*****VOLGENDE ITERATIE*****
pairs: [] & pairsUsed: [A-B, A-C, A-D, B-C, B-D, C-D]
doubles: [A-C, A-D, B-C, B-D, C-D] & doublesUsed: [A-B]
currentGame: 1 & prevGame: [0, 1, 2, 2, 1, 3, 3]
currentRound: 5 & prevRound: [0, 1, 2, 3, 5, 0, 4]
TEMPBOARD: 
         | Game 1 |  Game 2 |  Game 3 |  Game 4 |  
_________ ________ _________ _________ _________ 
Round 1  |  A-B   |         |         |   C-D   |   
Round 2  |        |   A-C   |         |         |   
Round 3  |        |         |   A-D   |         |   
Round 4  |        |         |   B-C   |         |   
Round 5  |        |         |         |   A-B   |   
Round 6  |        |   B-D   |         |         |   
pairToPlace: A-C
 
*****VOLGENDE ITERATIE*****
pairs: [] & pairsUsed: [A-B, A-C, A-D, B-C, B-D, C-D]
doubles: [A-C, A-D, B-C, B-D, C-D] & doublesUsed: [A-B]
currentGame: 1 & prevGame: [0, 1, 2, 2, 1, 3, 3]
currentRound: 6 & prevRound: [0, 1, 2, 3, 5, 0, 4]
TEMPBOARD: 
         | Game 1 |  Game 2 |  Game 3 |  Game 4 |  
_________ ________ _________ _________ _________ 
Round 1  |  A-B   |         |         |   C-D   |   
Round 2  |        |   A-C   |         |         |   
Round 3  |        |         |   A-D   |         |   
Round 4  |        |         |   B-C   |         |   
Round 5  |        |         |         |   A-B   |   
Round 6  |        |   B-D   |         |         |   
pairToPlace: A-C
 
*****VOLGENDE ITERATIE*****
pairs: [] & pairsUsed: [A-B, A-C, A-D, B-C, B-D, C-D]
doubles: [A-C, A-D, B-C, B-D, C-D] & doublesUsed: [A-B]
currentGame: 2 & prevGame: [0, 1, 2, 2, 1, 3, 3]
currentRound: 0 & prevRound: [0, 1, 2, 3, 5, 0, 4]
TEMPBOARD: 
         | Game 1 |  Game 2 |  Game 3 |  Game 4 |  
_________ ________ _________ _________ _________ 
Round 1  |  A-B   |         |         |   C-D   |   
Round 2  |        |   A-C   |         |         |   
Round 3  |        |         |   A-D   |         |   
Round 4  |        |         |   B-C   |         |   
Round 5  |        |         |         |   A-B   |   
Round 6  |        |   B-D   |         |         |   
pairToPlace: A-C
 
*****VOLGENDE ITERATIE*****
pairs: [] & pairsUsed: [A-B, A-C, A-D, B-C, B-D, C-D]
doubles: [A-C, A-D, B-C, B-D, C-D] & doublesUsed: [A-B]
currentGame: 2 & prevGame: [0, 1, 2, 2, 1, 3, 3]
currentRound: 1 & prevRound: [0, 1, 2, 3, 5, 0, 4]
TEMPBOARD: 
         | Game 1 |  Game 2 |  Game 3 |  Game 4 |  
_________ ________ _________ _________ _________ 
Round 1  |  A-B   |         |         |   C-D   |   
Round 2  |        |   A-C   |         |         |   
Round 3  |        |         |   A-D   |         |   
Round 4  |        |         |   B-C   |         |   
Round 5  |        |         |         |   A-B   |   
Round 6  |        |   B-D   |         |         |   
pairToPlace: A-C
 
*****VOLGENDE ITERATIE*****
pairs: [] & pairsUsed: [A-B, A-C, A-D, B-C, B-D, C-D]
doubles: [A-C, A-D, B-C, B-D, C-D] & doublesUsed: [A-B]
currentGame: 2 & prevGame: [0, 1, 2, 2, 1, 3, 3]
currentRound: 2 & prevRound: [0, 1, 2, 3, 5, 0, 4]
TEMPBOARD: 
         | Game 1 |  Game 2 |  Game 3 |  Game 4 |  
_________ ________ _________ _________ _________ 
Round 1  |  A-B   |         |         |   C-D   |   
Round 2  |        |   A-C   |         |         |   
Round 3  |        |         |   A-D   |         |   
Round 4  |        |         |   B-C   |         |   
Round 5  |        |         |         |   A-B   |   
Round 6  |        |   B-D   |         |         |   
pairToPlace: A-C
 
*****VOLGENDE ITERATIE*****
pairs: [] & pairsUsed: [A-B, A-C, A-D, B-C, B-D, C-D]
doubles: [A-C, A-D, B-C, B-D, C-D] & doublesUsed: [A-B]
currentGame: 2 & prevGame: [0, 1, 2, 2, 1, 3, 3]
currentRound: 3 & prevRound: [0, 1, 2, 3, 5, 0, 4]
TEMPBOARD: 
         | Game 1 |  Game 2 |  Game 3 |  Game 4 |  
_________ ________ _________ _________ _________ 
Round 1  |  A-B   |         |         |   C-D   |   
Round 2  |        |   A-C   |         |         |   
Round 3  |        |         |   A-D   |         |   
Round 4  |        |         |   B-C   |         |   
Round 5  |        |         |         |   A-B   |   
Round 6  |        |   B-D   |         |         |   
pairToPlace: A-C
 
*****VOLGENDE ITERATIE*****
pairs: [] & pairsUsed: [A-B, A-C, A-D, B-C, B-D, C-D]
doubles: [A-C, A-D, B-C, B-D, C-D] & doublesUsed: [A-B]
currentGame: 2 & prevGame: [0, 1, 2, 2, 1, 3, 3]
currentRound: 4 & prevRound: [0, 1, 2, 3, 5, 0, 4]
TEMPBOARD: 
         | Game 1 |  Game 2 |  Game 3 |  Game 4 |  
_________ ________ _________ _________ _________ 
Round 1  |  A-B   |         |         |   C-D   |   
Round 2  |        |   A-C   |         |         |   
Round 3  |        |         |   A-D   |         |   
Round 4  |        |         |   B-C   |         |   
Round 5  |        |         |         |   A-B   |   
Round 6  |        |   B-D   |         |         |   
pairToPlace: A-C
 
*****VOLGENDE ITERATIE*****
pairs: [] & pairsUsed: [A-B, A-C, A-D, B-C, B-D, C-D]
doubles: [A-C, A-D, B-C, B-D, C-D] & doublesUsed: [A-B]
currentGame: 2 & prevGame: [0, 1, 2, 2, 1, 3, 3]
currentRound: 5 & prevRound: [0, 1, 2, 3, 5, 0, 4]
TEMPBOARD: 
         | Game 1 |  Game 2 |  Game 3 |  Game 4 |  
_________ ________ _________ _________ _________ 
Round 1  |  A-B   |         |         |   C-D   |   
Round 2  |        |   A-C   |         |         |   
Round 3  |        |         |   A-D   |         |   
Round 4  |        |         |   B-C   |         |   
Round 5  |        |         |         |   A-B   |   
Round 6  |        |   B-D   |         |         |   
pairToPlace: A-C
 
*****VOLGENDE ITERATIE*****
pairs: [] & pairsUsed: [A-B, A-C, A-D, B-C, B-D, C-D]
doubles: [A-C, A-D, B-C, B-D, C-D] & doublesUsed: [A-B]
currentGame: 2 & prevGame: [0, 1, 2, 2, 1, 3, 3]
currentRound: 6 & prevRound: [0, 1, 2, 3, 5, 0, 4]
TEMPBOARD: 
         | Game 1 |  Game 2 |  Game 3 |  Game 4 |  
_________ ________ _________ _________ _________ 
Round 1  |  A-B   |         |         |   C-D   |   
Round 2  |        |   A-C   |         |         |   
Round 3  |        |         |   A-D   |         |   
Round 4  |        |         |   B-C   |         |   
Round 5  |        |         |         |   A-B   |   
Round 6  |        |   B-D   |         |         |   
pairToPlace: A-C
 
*****VOLGENDE ITERATIE*****
pairs: [] & pairsUsed: [A-B, A-C, A-D, B-C, B-D, C-D]
doubles: [A-C, A-D, B-C, B-D, C-D] & doublesUsed: [A-B]
currentGame: 3 & prevGame: [0, 1, 2, 2, 1, 3, 3]
currentRound: 0 & prevRound: [0, 1, 2, 3, 5, 0, 4]
TEMPBOARD: 
         | Game 1 |  Game 2 |  Game 3 |  Game 4 |  
_________ ________ _________ _________ _________ 
Round 1  |  A-B   |         |         |   C-D   |   
Round 2  |        |   A-C   |         |         |   
Round 3  |        |         |   A-D   |         |   
Round 4  |        |         |   B-C   |         |   
Round 5  |        |         |         |   A-B   |   
Round 6  |        |   B-D   |         |         |   
pairToPlace: A-C
 
*****VOLGENDE ITERATIE*****
pairs: [] & pairsUsed: [A-B, A-C, A-D, B-C, B-D, C-D]
doubles: [A-C, A-D, B-C, B-D, C-D] & doublesUsed: [A-B]
currentGame: 3 & prevGame: [0, 1, 2, 2, 1, 3, 3]
currentRound: 1 & prevRound: [0, 1, 2, 3, 5, 0, 4]
TEMPBOARD: 
         | Game 1 |  Game 2 |  Game 3 |  Game 4 |  
_________ ________ _________ _________ _________ 
Round 1  |  A-B   |         |         |   C-D   |   
Round 2  |        |   A-C   |         |         |   
Round 3  |        |         |   A-D   |         |   
Round 4  |        |         |   B-C   |         |   
Round 5  |        |         |         |   A-B   |   
Round 6  |        |   B-D   |         |         |   
pairToPlace: A-C
 
*****VOLGENDE ITERATIE*****
pairs: [] & pairsUsed: [A-B, A-C, A-D, B-C, B-D, C-D]
doubles: [A-C, A-D, B-C, B-D, C-D] & doublesUsed: [A-B]
currentGame: 3 & prevGame: [0, 1, 2, 2, 1, 3, 3]
currentRound: 2 & prevRound: [0, 1, 2, 3, 5, 0, 4]
TEMPBOARD: 
         | Game 1 |  Game 2 |  Game 3 |  Game 4 |  
_________ ________ _________ _________ _________ 
Round 1  |  A-B   |         |         |   C-D   |   
Round 2  |        |   A-C   |         |         |   
Round 3  |        |         |   A-D   |         |   
Round 4  |        |         |   B-C   |         |   
Round 5  |        |         |         |   A-B   |   
Round 6  |        |   B-D   |         |         |   
pairToPlace: A-C
 
*****VOLGENDE ITERATIE*****
pairs: [] & pairsUsed: [A-B, A-C, A-D, B-C, B-D, C-D]
doubles: [A-C, A-D, B-C, B-D, C-D] & doublesUsed: [A-B]
currentGame: 3 & prevGame: [0, 1, 2, 2, 1, 3, 3]
currentRound: 3 & prevRound: [0, 1, 2, 3, 5, 0, 4]
TEMPBOARD: 
         | Game 1 |  Game 2 |  Game 3 |  Game 4 |  
_________ ________ _________ _________ _________ 
Round 1  |  A-B   |         |         |   C-D   |   
Round 2  |        |   A-C   |         |         |   
Round 3  |        |         |   A-D   |         |   
Round 4  |        |         |   B-C   |         |   
Round 5  |        |         |         |   A-B   |   
Round 6  |        |   B-D   |         |         |   
pairToPlace: A-C
 
*****VOLGENDE ITERATIE*****
pairs: [] & pairsUsed: [A-B, A-C, A-D, B-C, B-D, C-D]
doubles: [A-C, A-D, B-C, B-D, C-D] & doublesUsed: [A-B]
currentGame: 3 & prevGame: [0, 1, 2, 2, 1, 3, 3]
currentRound: 4 & prevRound: [0, 1, 2, 3, 5, 0, 4]
TEMPBOARD: 
         | Game 1 |  Game 2 |  Game 3 |  Game 4 |  
_________ ________ _________ _________ _________ 
Round 1  |  A-B   |         |         |   C-D   |   
Round 2  |        |   A-C   |         |         |   
Round 3  |        |         |   A-D   |         |   
Round 4  |        |         |   B-C   |         |   
Round 5  |        |         |         |   A-B   |   
Round 6  |        |   B-D   |         |         |   
pairToPlace: A-C
 
*****VOLGENDE ITERATIE*****
pairs: [] & pairsUsed: [A-B, A-C, A-D, B-C, B-D, C-D]
doubles: [A-C, A-D, B-C, B-D, C-D] & doublesUsed: [A-B]
currentGame: 3 & prevGame: [0, 1, 2, 2, 1, 3, 3]
currentRound: 5 & prevRound: [0, 1, 2, 3, 5, 0, 4]
TEMPBOARD: 
         | Game 1 |  Game 2 |  Game 3 |  Game 4 |  
_________ ________ _________ _________ _________ 
Round 1  |  A-B   |         |         |   C-D   |   
Round 2  |        |   A-C   |         |         |   
Round 3  |        |         |   A-D   |         |   
Round 4  |        |         |   B-C   |         |   
Round 5  |        |         |         |   A-B   |   
Round 6  |        |   B-D   |         |         |   
pairToPlace: A-C
 
*****VOLGENDE ITERATIE*****
pairs: [] & pairsUsed: [A-B, A-C, A-D, B-C, B-D, C-D]
doubles: [A-C, A-D, B-C, B-D, C-D] & doublesUsed: [A-B]
currentGame: 3 & prevGame: [0, 1, 2, 2, 1, 3, 3]
currentRound: 6 & prevRound: [0, 1, 2, 3, 5, 0, 4]
TEMPBOARD: 
         | Game 1 |  Game 2 |  Game 3 |  Game 4 |  
_________ ________ _________ _________ _________ 
Round 1  |  A-B   |         |         |   C-D   |   
Round 2  |        |   A-C   |         |         |   
Round 3  |        |         |   A-D   |         |   
Round 4  |        |         |   B-C   |         |   
Round 5  |        |         |         |   A-B   |   
Round 6  |        |   B-D   |         |         |   
pairToPlace: A-C
 
*****VOLGENDE ITERATIE*****
pairs: [] & pairsUsed: [A-B, A-C, A-D, B-C, B-D, C-D]
doubles: [A-C, A-D, B-C, B-D, C-D] & doublesUsed: [A-B]
currentGame: 4 & prevGame: [0, 1, 2, 2, 1, 3, 3]
currentRound: 0 & prevRound: [0, 1, 2, 3, 5, 0, 4]
TEMPBOARD: 
         | Game 1 |  Game 2 |  Game 3 |  Game 4 |  
_________ ________ _________ _________ _________ 
Round 1  |  A-B   |         |         |   C-D   |   
Round 2  |        |   A-C   |         |         |   
Round 3  |        |         |   A-D   |         |   
Round 4  |        |         |   B-C   |         |   
Round 5  |        |         |         |   A-B   |   
Round 6  |        |   B-D   |         |         |   
pairToPlace: A-C
 
*****VOLGENDE ITERATIE*****
pairs: [] & pairsUsed: [A-B, A-C, A-D, B-C, B-D, C-D]
doubles: [A-B, A-C, A-D, B-C, B-D, C-D] & doublesUsed: []
currentGame: 3 & prevGame: [0, 1, 2, 2, 1, 3]
currentRound: 5 & prevRound: [0, 1, 2, 3, 5, 0]
TEMPBOARD: 
         | Game 1 |  Game 2 |  Game 3 |  Game 4 |  
_________ ________ _________ _________ _________ 
Round 1  |  A-B   |         |         |   C-D   |   
Round 2  |        |   A-C   |         |         |   
Round 3  |        |         |   A-D   |         |   
Round 4  |        |         |   B-C   |         |   
Round 5  |        |         |         |         |   
Round 6  |        |   B-D   |         |         |   
pairToPlace: A-B
 
*****VOLGENDE ITERATIE*****
pairs: [] & pairsUsed: [A-B, A-C, A-D, B-C, B-D, C-D]
doubles: [A-B, A-C, A-D, B-C, B-D, C-D] & doublesUsed: []
currentGame: 3 & prevGame: [0, 1, 2, 2, 1, 3]
currentRound: 6 & prevRound: [0, 1, 2, 3, 5, 0]
TEMPBOARD: 
         | Game 1 |  Game 2 |  Game 3 |  Game 4 |  
_________ ________ _________ _________ _________ 
Round 1  |  A-B   |         |         |   C-D   |   
Round 2  |        |   A-C   |         |         |   
Round 3  |        |         |   A-D   |         |   
Round 4  |        |         |   B-C   |         |   
Round 5  |        |         |         |         |   
Round 6  |        |   B-D   |         |         |   
pairToPlace: A-B
 
*****VOLGENDE ITERATIE*****
pairs: [] & pairsUsed: [A-B, A-C, A-D, B-C, B-D, C-D]
doubles: [A-B, A-C, A-D, B-C, B-D, C-D] & doublesUsed: []
currentGame: 4 & prevGame: [0, 1, 2, 2, 1, 3]
currentRound: 0 & prevRound: [0, 1, 2, 3, 5, 0]
TEMPBOARD: 
         | Game 1 |  Game 2 |  Game 3 |  Game 4 |  
_________ ________ _________ _________ _________ 
Round 1  |  A-B   |         |         |   C-D   |   
Round 2  |        |   A-C   |         |         |   
Round 3  |        |         |   A-D   |         |   
Round 4  |        |         |   B-C   |         |   
Round 5  |        |         |         |         |   
Round 6  |        |   B-D   |         |         |   
pairToPlace: A-B
 
*****VOLGENDE ITERATIE*****
pairs: [C-D] & pairsUsed: [A-B, A-C, A-D, B-C, B-D]
doubles: [A-B, A-C, A-D, B-C, B-D, C-D] & doublesUsed: []
currentGame: 3 & prevGame: [0, 1, 2, 2, 1]
currentRound: 1 & prevRound: [0, 1, 2, 3, 5]
TEMPBOARD: 
         | Game 1 |  Game 2 |  Game 3 |  Game 4 |  
_________ ________ _________ _________ _________ 
Round 1  |  A-B   |         |         |         |   
Round 2  |        |   A-C   |         |         |   
Round 3  |        |         |   A-D   |         |   
Round 4  |        |         |   B-C   |         |   
Round 5  |        |         |         |         |   
Round 6  |        |   B-D   |         |         |   
pairToPlace: C-D
 
*****VOLGENDE ITERATIE*****
pairs: [C-D] & pairsUsed: [A-B, A-C, A-D, B-C, B-D]
doubles: [A-B, A-C, A-D, B-C, B-D, C-D] & doublesUsed: []
currentGame: 3 & prevGame: [0, 1, 2, 2, 1]
currentRound: 2 & prevRound: [0, 1, 2, 3, 5]
TEMPBOARD: 
         | Game 1 |  Game 2 |  Game 3 |  Game 4 |  
_________ ________ _________ _________ _________ 
Round 1  |  A-B   |         |         |         |   
Round 2  |        |   A-C   |         |         |   
Round 3  |        |         |   A-D   |         |   
Round 4  |        |         |   B-C   |         |   
Round 5  |        |         |         |         |   
Round 6  |        |   B-D   |         |         |   
pairToPlace: C-D
 
*****VOLGENDE ITERATIE*****
pairs: [C-D] & pairsUsed: [A-B, A-C, A-D, B-C, B-D]
doubles: [A-B, A-C, A-D, B-C, B-D, C-D] & doublesUsed: []
currentGame: 3 & prevGame: [0, 1, 2, 2, 1]
currentRound: 3 & prevRound: [0, 1, 2, 3, 5]
TEMPBOARD: 
         | Game 1 |  Game 2 |  Game 3 |  Game 4 |  
_________ ________ _________ _________ _________ 
Round 1  |  A-B   |         |         |         |   
Round 2  |        |   A-C   |         |         |   
Round 3  |        |         |   A-D   |         |   
Round 4  |        |         |   B-C   |         |   
Round 5  |        |         |         |         |   
Round 6  |        |   B-D   |         |         |   
pairToPlace: C-D
 
*****VOLGENDE ITERATIE*****
pairs: [C-D] & pairsUsed: [A-B, A-C, A-D, B-C, B-D]
doubles: [A-B, A-C, A-D, B-C, B-D, C-D] & doublesUsed: []
currentGame: 3 & prevGame: [0, 1, 2, 2, 1]
currentRound: 4 & prevRound: [0, 1, 2, 3, 5]
TEMPBOARD: 
         | Game 1 |  Game 2 |  Game 3 |  Game 4 |  
_________ ________ _________ _________ _________ 
Round 1  |  A-B   |         |         |         |   
Round 2  |        |   A-C   |         |         |   
Round 3  |        |         |   A-D   |         |   
Round 4  |        |         |   B-C   |         |   
Round 5  |        |         |         |         |   
Round 6  |        |   B-D   |         |         |   
pairToPlace: C-D
 
*****VOLGENDE ITERATIE*****
pairs: [] & pairsUsed: [A-B, A-C, A-D, B-C, B-D, C-D]
doubles: [A-B, A-C, A-D, B-C, B-D, C-D] & doublesUsed: []
currentGame: 0 & prevGame: [0, 1, 2, 2, 1, 3]
currentRound: 0 & prevRound: [0, 1, 2, 3, 5, 4]
TEMPBOARD: 
         | Game 1 |  Game 2 |  Game 3 |  Game 4 |  
_________ ________ _________ _________ _________ 
Round 1  |  A-B   |         |         |         |   
Round 2  |        |   A-C   |         |         |   
Round 3  |        |         |   A-D   |         |   
Round 4  |        |         |   B-C   |         |   
Round 5  |        |         |         |   C-D   |   
Round 6  |        |   B-D   |         |         |   
pairToPlace: A-B
 
*****VOLGENDE ITERATIE*****
pairs: [] & pairsUsed: [A-B, A-C, A-D, B-C, B-D, C-D]
doubles: [A-B, A-C, A-D, B-C, B-D, C-D] & doublesUsed: []
currentGame: 0 & prevGame: [0, 1, 2, 2, 1, 3]
currentRound: 1 & prevRound: [0, 1, 2, 3, 5, 4]
TEMPBOARD: 
         | Game 1 |  Game 2 |  Game 3 |  Game 4 |  
_________ ________ _________ _________ _________ 
Round 1  |  A-B   |         |         |         |   
Round 2  |        |   A-C   |         |         |   
Round 3  |        |         |   A-D   |         |   
Round 4  |        |         |   B-C   |         |   
Round 5  |        |         |         |   C-D   |   
Round 6  |        |   B-D   |         |         |   
pairToPlace: A-B
 
*****VOLGENDE ITERATIE*****
pairs: [] & pairsUsed: [A-B, A-C, A-D, B-C, B-D, C-D]
doubles: [A-B, A-C, A-D, B-C, B-D, C-D] & doublesUsed: []
currentGame: 0 & prevGame: [0, 1, 2, 2, 1, 3]
currentRound: 2 & prevRound: [0, 1, 2, 3, 5, 4]
TEMPBOARD: 
         | Game 1 |  Game 2 |  Game 3 |  Game 4 |  
_________ ________ _________ _________ _________ 
Round 1  |  A-B   |         |         |         |   
Round 2  |        |   A-C   |         |         |   
Round 3  |        |         |   A-D   |         |   
Round 4  |        |         |   B-C   |         |   
Round 5  |        |         |         |   C-D   |   
Round 6  |        |   B-D   |         |         |   
pairToPlace: A-B
 
*****VOLGENDE ITERATIE*****
pairs: [] & pairsUsed: [A-B, A-C, A-D, B-C, B-D, C-D]
doubles: [A-B, A-C, A-D, B-C, B-D, C-D] & doublesUsed: []
currentGame: 0 & prevGame: [0, 1, 2, 2, 1, 3]
currentRound: 3 & prevRound: [0, 1, 2, 3, 5, 4]
TEMPBOARD: 
         | Game 1 |  Game 2 |  Game 3 |  Game 4 |  
_________ ________ _________ _________ _________ 
Round 1  |  A-B   |         |         |         |   
Round 2  |        |   A-C   |         |         |   
Round 3  |        |         |   A-D   |         |   
Round 4  |        |         |   B-C   |         |   
Round 5  |        |         |         |   C-D   |   
Round 6  |        |   B-D   |         |         |   
pairToPlace: A-B
 
*****VOLGENDE ITERATIE*****
pairs: [] & pairsUsed: [A-B, A-C, A-D, B-C, B-D, C-D]
doubles: [A-B, A-C, A-D, B-C, B-D, C-D] & doublesUsed: []
currentGame: 0 & prevGame: [0, 1, 2, 2, 1, 3]
currentRound: 4 & prevRound: [0, 1, 2, 3, 5, 4]
TEMPBOARD: 
         | Game 1 |  Game 2 |  Game 3 |  Game 4 |  
_________ ________ _________ _________ _________ 
Round 1  |  A-B   |         |         |         |   
Round 2  |        |   A-C   |         |         |   
Round 3  |        |         |   A-D   |         |   
Round 4  |        |         |   B-C   |         |   
Round 5  |        |         |         |   C-D   |   
Round 6  |        |   B-D   |         |         |   
pairToPlace: A-B
 
*****VOLGENDE ITERATIE*****
pairs: [] & pairsUsed: [A-B, A-C, A-D, B-C, B-D, C-D]
doubles: [A-B, A-C, A-D, B-C, B-D, C-D] & doublesUsed: []
currentGame: 0 & prevGame: [0, 1, 2, 2, 1, 3]
currentRound: 5 & prevRound: [0, 1, 2, 3, 5, 4]
TEMPBOARD: 
         | Game 1 |  Game 2 |  Game 3 |  Game 4 |  
_________ ________ _________ _________ _________ 
Round 1  |  A-B   |         |         |         |   
Round 2  |        |   A-C   |         |         |   
Round 3  |        |         |   A-D   |         |   
Round 4  |        |         |   B-C   |         |   
Round 5  |        |         |         |   C-D   |   
Round 6  |        |   B-D   |         |         |   
pairToPlace: A-B
 
*****VOLGENDE ITERATIE*****
pairs: [] & pairsUsed: [A-B, A-C, A-D, B-C, B-D, C-D]
doubles: [A-B, A-C, A-D, B-C, B-D, C-D] & doublesUsed: []
currentGame: 0 & prevGame: [0, 1, 2, 2, 1, 3]
currentRound: 6 & prevRound: [0, 1, 2, 3, 5, 4]
TEMPBOARD: 
         | Game 1 |  Game 2 |  Game 3 |  Game 4 |  
_________ ________ _________ _________ _________ 
Round 1  |  A-B   |         |         |         |   
Round 2  |        |   A-C   |         |         |   
Round 3  |        |         |   A-D   |         |   
Round 4  |        |         |   B-C   |         |   
Round 5  |        |         |         |   C-D   |   
Round 6  |        |   B-D   |         |         |   
pairToPlace: A-B
 
*****VOLGENDE ITERATIE*****
pairs: [] & pairsUsed: [A-B, A-C, A-D, B-C, B-D, C-D]
doubles: [A-B, A-C, A-D, B-C, B-D, C-D] & doublesUsed: []
currentGame: 1 & prevGame: [0, 1, 2, 2, 1, 3]
currentRound: 0 & prevRound: [0, 1, 2, 3, 5, 4]
TEMPBOARD: 
         | Game 1 |  Game 2 |  Game 3 |  Game 4 |  
_________ ________ _________ _________ _________ 
Round 1  |  A-B   |         |         |         |   
Round 2  |        |   A-C   |         |         |   
Round 3  |        |         |   A-D   |         |   
Round 4  |        |         |   B-C   |         |   
Round 5  |        |         |         |   C-D   |   
Round 6  |        |   B-D   |         |         |   
pairToPlace: A-B
 
*****VOLGENDE ITERATIE*****
pairs: [] & pairsUsed: [A-B, A-C, A-D, B-C, B-D, C-D]
doubles: [A-B, A-C, A-D, B-C, B-D, C-D] & doublesUsed: []
currentGame: 1 & prevGame: [0, 1, 2, 2, 1, 3]
currentRound: 1 & prevRound: [0, 1, 2, 3, 5, 4]
TEMPBOARD: 
         | Game 1 |  Game 2 |  Game 3 |  Game 4 |  
_________ ________ _________ _________ _________ 
Round 1  |  A-B   |         |         |         |   
Round 2  |        |   A-C   |         |         |   
Round 3  |        |         |   A-D   |         |   
Round 4  |        |         |   B-C   |         |   
Round 5  |        |         |         |   C-D   |   
Round 6  |        |   B-D   |         |         |   
pairToPlace: A-B
 
*****VOLGENDE ITERATIE*****
pairs: [] & pairsUsed: [A-B, A-C, A-D, B-C, B-D, C-D]
doubles: [A-B, A-C, A-D, B-C, B-D, C-D] & doublesUsed: []
currentGame: 1 & prevGame: [0, 1, 2, 2, 1, 3]
currentRound: 2 & prevRound: [0, 1, 2, 3, 5, 4]
TEMPBOARD: 
         | Game 1 |  Game 2 |  Game 3 |  Game 4 |  
_________ ________ _________ _________ _________ 
Round 1  |  A-B   |         |         |         |   
Round 2  |        |   A-C   |         |         |   
Round 3  |        |         |   A-D   |         |   
Round 4  |        |         |   B-C   |         |   
Round 5  |        |         |         |   C-D   |   
Round 6  |        |   B-D   |         |         |   
pairToPlace: A-B
 
*****VOLGENDE ITERATIE*****
pairs: [] & pairsUsed: [A-B, A-C, A-D, B-C, B-D, C-D]
doubles: [A-B, A-C, A-D, B-C, B-D, C-D] & doublesUsed: []
currentGame: 1 & prevGame: [0, 1, 2, 2, 1, 3]
currentRound: 3 & prevRound: [0, 1, 2, 3, 5, 4]
TEMPBOARD: 
         | Game 1 |  Game 2 |  Game 3 |  Game 4 |  
_________ ________ _________ _________ _________ 
Round 1  |  A-B   |         |         |         |   
Round 2  |        |   A-C   |         |         |   
Round 3  |        |         |   A-D   |         |   
Round 4  |        |         |   B-C   |         |   
Round 5  |        |         |         |   C-D   |   
Round 6  |        |   B-D   |         |         |   
pairToPlace: A-B
 
*****VOLGENDE ITERATIE*****
pairs: [] & pairsUsed: [A-B, A-C, A-D, B-C, B-D, C-D]
doubles: [A-B, A-C, A-D, B-C, B-D, C-D] & doublesUsed: []
currentGame: 1 & prevGame: [0, 1, 2, 2, 1, 3]
currentRound: 4 & prevRound: [0, 1, 2, 3, 5, 4]
TEMPBOARD: 
         | Game 1 |  Game 2 |  Game 3 |  Game 4 |  
_________ ________ _________ _________ _________ 
Round 1  |  A-B   |         |         |         |   
Round 2  |        |   A-C   |         |         |   
Round 3  |        |         |   A-D   |         |   
Round 4  |        |         |   B-C   |         |   
Round 5  |        |         |         |   C-D   |   
Round 6  |        |   B-D   |         |         |   
pairToPlace: A-B
 
*****VOLGENDE ITERATIE*****
pairs: [] & pairsUsed: [A-B, A-C, A-D, B-C, B-D, C-D]
doubles: [A-B, A-C, A-D, B-C, B-D, C-D] & doublesUsed: []
currentGame: 1 & prevGame: [0, 1, 2, 2, 1, 3]
currentRound: 5 & prevRound: [0, 1, 2, 3, 5, 4]
TEMPBOARD: 
         | Game 1 |  Game 2 |  Game 3 |  Game 4 |  
_________ ________ _________ _________ _________ 
Round 1  |  A-B   |         |         |         |   
Round 2  |        |   A-C   |         |         |   
Round 3  |        |         |   A-D   |         |   
Round 4  |        |         |   B-C   |         |   
Round 5  |        |         |         |   C-D   |   
Round 6  |        |   B-D   |         |         |   
pairToPlace: A-B
 
*****VOLGENDE ITERATIE*****
pairs: [] & pairsUsed: [A-B, A-C, A-D, B-C, B-D, C-D]
doubles: [A-B, A-C, A-D, B-C, B-D, C-D] & doublesUsed: []
currentGame: 1 & prevGame: [0, 1, 2, 2, 1, 3]
currentRound: 6 & prevRound: [0, 1, 2, 3, 5, 4]
TEMPBOARD: 
         | Game 1 |  Game 2 |  Game 3 |  Game 4 |  
_________ ________ _________ _________ _________ 
Round 1  |  A-B   |         |         |         |   
Round 2  |        |   A-C   |         |         |   
Round 3  |        |         |   A-D   |         |   
Round 4  |        |         |   B-C   |         |   
Round 5  |        |         |         |   C-D   |   
Round 6  |        |   B-D   |         |         |   
pairToPlace: A-B
 
*****VOLGENDE ITERATIE*****
pairs: [] & pairsUsed: [A-B, A-C, A-D, B-C, B-D, C-D]
doubles: [A-B, A-C, A-D, B-C, B-D, C-D] & doublesUsed: []
currentGame: 2 & prevGame: [0, 1, 2, 2, 1, 3]
currentRound: 0 & prevRound: [0, 1, 2, 3, 5, 4]
TEMPBOARD: 
         | Game 1 |  Game 2 |  Game 3 |  Game 4 |  
_________ ________ _________ _________ _________ 
Round 1  |  A-B   |         |         |         |   
Round 2  |        |   A-C   |         |         |   
Round 3  |        |         |   A-D   |         |   
Round 4  |        |         |   B-C   |         |   
Round 5  |        |         |         |   C-D   |   
Round 6  |        |   B-D   |         |         |   
pairToPlace: A-B
 
*****VOLGENDE ITERATIE*****
pairs: [] & pairsUsed: [A-B, A-C, A-D, B-C, B-D, C-D]
doubles: [A-B, A-C, A-D, B-C, B-D, C-D] & doublesUsed: []
currentGame: 2 & prevGame: [0, 1, 2, 2, 1, 3]
currentRound: 1 & prevRound: [0, 1, 2, 3, 5, 4]
TEMPBOARD: 
         | Game 1 |  Game 2 |  Game 3 |  Game 4 |  
_________ ________ _________ _________ _________ 
Round 1  |  A-B   |         |         |         |   
Round 2  |        |   A-C   |         |         |   
Round 3  |        |         |   A-D   |         |   
Round 4  |        |         |   B-C   |         |   
Round 5  |        |         |         |   C-D   |   
Round 6  |        |   B-D   |         |         |   
pairToPlace: A-B
 
*****VOLGENDE ITERATIE*****
pairs: [] & pairsUsed: [A-B, A-C, A-D, B-C, B-D, C-D]
doubles: [A-B, A-C, A-D, B-C, B-D, C-D] & doublesUsed: []
currentGame: 2 & prevGame: [0, 1, 2, 2, 1, 3]
currentRound: 2 & prevRound: [0, 1, 2, 3, 5, 4]
TEMPBOARD: 
         | Game 1 |  Game 2 |  Game 3 |  Game 4 |  
_________ ________ _________ _________ _________ 
Round 1  |  A-B   |         |         |         |   
Round 2  |        |   A-C   |         |         |   
Round 3  |        |         |   A-D   |         |   
Round 4  |        |         |   B-C   |         |   
Round 5  |        |         |         |   C-D   |   
Round 6  |        |   B-D   |         |         |   
pairToPlace: A-B
 
*****VOLGENDE ITERATIE*****
pairs: [] & pairsUsed: [A-B, A-C, A-D, B-C, B-D, C-D]
doubles: [A-B, A-C, A-D, B-C, B-D, C-D] & doublesUsed: []
currentGame: 2 & prevGame: [0, 1, 2, 2, 1, 3]
currentRound: 3 & prevRound: [0, 1, 2, 3, 5, 4]
TEMPBOARD: 
         | Game 1 |  Game 2 |  Game 3 |  Game 4 |  
_________ ________ _________ _________ _________ 
Round 1  |  A-B   |         |         |         |   
Round 2  |        |   A-C   |         |         |   
Round 3  |        |         |   A-D   |         |   
Round 4  |        |         |   B-C   |         |   
Round 5  |        |         |         |   C-D   |   
Round 6  |        |   B-D   |         |         |   
pairToPlace: A-B
 
*****VOLGENDE ITERATIE*****
pairs: [] & pairsUsed: [A-B, A-C, A-D, B-C, B-D, C-D]
doubles: [A-B, A-C, A-D, B-C, B-D, C-D] & doublesUsed: []
currentGame: 2 & prevGame: [0, 1, 2, 2, 1, 3]
currentRound: 4 & prevRound: [0, 1, 2, 3, 5, 4]
TEMPBOARD: 
         | Game 1 |  Game 2 |  Game 3 |  Game 4 |  
_________ ________ _________ _________ _________ 
Round 1  |  A-B   |         |         |         |   
Round 2  |        |   A-C   |         |         |   
Round 3  |        |         |   A-D   |         |   
Round 4  |        |         |   B-C   |         |   
Round 5  |        |         |         |   C-D   |   
Round 6  |        |   B-D   |         |         |   
pairToPlace: A-B
 
*****VOLGENDE ITERATIE*****
pairs: [] & pairsUsed: [A-B, A-C, A-D, B-C, B-D, C-D]
doubles: [A-B, A-C, A-D, B-C, B-D, C-D] & doublesUsed: []
currentGame: 2 & prevGame: [0, 1, 2, 2, 1, 3]
currentRound: 5 & prevRound: [0, 1, 2, 3, 5, 4]
TEMPBOARD: 
         | Game 1 |  Game 2 |  Game 3 |  Game 4 |  
_________ ________ _________ _________ _________ 
Round 1  |  A-B   |         |         |         |   
Round 2  |        |   A-C   |         |         |   
Round 3  |        |         |   A-D   |         |   
Round 4  |        |         |   B-C   |         |   
Round 5  |        |         |         |   C-D   |   
Round 6  |        |   B-D   |         |         |   
pairToPlace: A-B
 
*****VOLGENDE ITERATIE*****
pairs: [] & pairsUsed: [A-B, A-C, A-D, B-C, B-D, C-D]
doubles: [A-B, A-C, A-D, B-C, B-D, C-D] & doublesUsed: []
currentGame: 2 & prevGame: [0, 1, 2, 2, 1, 3]
currentRound: 6 & prevRound: [0, 1, 2, 3, 5, 4]
TEMPBOARD: 
         | Game 1 |  Game 2 |  Game 3 |  Game 4 |  
_________ ________ _________ _________ _________ 
Round 1  |  A-B   |         |         |         |   
Round 2  |        |   A-C   |         |         |   
Round 3  |        |         |   A-D   |         |   
Round 4  |        |         |   B-C   |         |   
Round 5  |        |         |         |   C-D   |   
Round 6  |        |   B-D   |         |         |   
pairToPlace: A-B
 
*****VOLGENDE ITERATIE*****
pairs: [] & pairsUsed: [A-B, A-C, A-D, B-C, B-D, C-D]
doubles: [A-B, A-C, A-D, B-C, B-D, C-D] & doublesUsed: []
currentGame: 3 & prevGame: [0, 1, 2, 2, 1, 3]
currentRound: 0 & prevRound: [0, 1, 2, 3, 5, 4]
TEMPBOARD: 
         | Game 1 |  Game 2 |  Game 3 |  Game 4 |  
_________ ________ _________ _________ _________ 
Round 1  |  A-B   |         |         |         |   
Round 2  |        |   A-C   |         |         |   
Round 3  |        |         |   A-D   |         |   
Round 4  |        |         |   B-C   |         |   
Round 5  |        |         |         |   C-D   |   
Round 6  |        |   B-D   |         |         |   
pairToPlace: A-B
 
*****VOLGENDE ITERATIE*****
pairs: [] & pairsUsed: [A-B, A-C, A-D, B-C, B-D, C-D]
doubles: [A-B, A-C, A-D, B-C, B-D, C-D] & doublesUsed: []
currentGame: 3 & prevGame: [0, 1, 2, 2, 1, 3]
currentRound: 1 & prevRound: [0, 1, 2, 3, 5, 4]
TEMPBOARD: 
         | Game 1 |  Game 2 |  Game 3 |  Game 4 |  
_________ ________ _________ _________ _________ 
Round 1  |  A-B   |         |         |         |   
Round 2  |        |   A-C   |         |         |   
Round 3  |        |         |   A-D   |         |   
Round 4  |        |         |   B-C   |         |   
Round 5  |        |         |         |   C-D   |   
Round 6  |        |   B-D   |         |         |   
pairToPlace: A-B
 
*****VOLGENDE ITERATIE*****
pairs: [] & pairsUsed: [A-B, A-C, A-D, B-C, B-D, C-D]
doubles: [A-B, A-C, A-D, B-C, B-D, C-D] & doublesUsed: []
currentGame: 3 & prevGame: [0, 1, 2, 2, 1, 3]
currentRound: 2 & prevRound: [0, 1, 2, 3, 5, 4]
TEMPBOARD: 
         | Game 1 |  Game 2 |  Game 3 |  Game 4 |  
_________ ________ _________ _________ _________ 
Round 1  |  A-B   |         |         |         |   
Round 2  |        |   A-C   |         |         |   
Round 3  |        |         |   A-D   |         |   
Round 4  |        |         |   B-C   |         |   
Round 5  |        |         |         |   C-D   |   
Round 6  |        |   B-D   |         |         |   
pairToPlace: A-B
 
*****VOLGENDE ITERATIE*****
pairs: [] & pairsUsed: [A-B, A-C, A-D, B-C, B-D, C-D]
doubles: [A-B, A-C, A-D, B-C, B-D, C-D] & doublesUsed: []
currentGame: 3 & prevGame: [0, 1, 2, 2, 1, 3]
currentRound: 3 & prevRound: [0, 1, 2, 3, 5, 4]
TEMPBOARD: 
         | Game 1 |  Game 2 |  Game 3 |  Game 4 |  
_________ ________ _________ _________ _________ 
Round 1  |  A-B   |         |         |         |   
Round 2  |        |   A-C   |         |         |   
Round 3  |        |         |   A-D   |         |   
Round 4  |        |         |   B-C   |         |   
Round 5  |        |         |         |   C-D   |   
Round 6  |        |   B-D   |         |         |   
pairToPlace: A-B
 
*****VOLGENDE ITERATIE*****
pairs: [] & pairsUsed: [A-B, A-C, A-D, B-C, B-D, C-D]
doubles: [A-B, A-C, A-D, B-C, B-D, C-D] & doublesUsed: []
currentGame: 3 & prevGame: [0, 1, 2, 2, 1, 3]
currentRound: 4 & prevRound: [0, 1, 2, 3, 5, 4]
TEMPBOARD: 
         | Game 1 |  Game 2 |  Game 3 |  Game 4 |  
_________ ________ _________ _________ _________ 
Round 1  |  A-B   |         |         |         |   
Round 2  |        |   A-C   |         |         |   
Round 3  |        |         |   A-D   |         |   
Round 4  |        |         |   B-C   |         |   
Round 5  |        |         |         |   C-D   |   
Round 6  |        |   B-D   |         |         |   
pairToPlace: A-B
 
*****VOLGENDE ITERATIE*****
pairs: [] & pairsUsed: [A-B, A-C, A-D, B-C, B-D, C-D]
doubles: [A-B, A-C, A-D, B-C, B-D, C-D] & doublesUsed: []
currentGame: 3 & prevGame: [0, 1, 2, 2, 1, 3]
currentRound: 5 & prevRound: [0, 1, 2, 3, 5, 4]
TEMPBOARD: 
         | Game 1 |  Game 2 |  Game 3 |  Game 4 |  
_________ ________ _________ _________ _________ 
Round 1  |  A-B   |         |         |         |   
Round 2  |        |   A-C   |         |         |   
Round 3  |        |         |   A-D   |         |   
Round 4  |        |         |   B-C   |         |   
Round 5  |        |         |         |   C-D   |   
Round 6  |        |   B-D   |         |         |   
pairToPlace: A-B
 
*****VOLGENDE ITERATIE*****
pairs: [] & pairsUsed: [A-B, A-C, A-D, B-C, B-D, C-D]
doubles: [A-B, A-C, A-D, B-C, B-D, C-D] & doublesUsed: []
currentGame: 3 & prevGame: [0, 1, 2, 2, 1, 3]
currentRound: 6 & prevRound: [0, 1, 2, 3, 5, 4]
TEMPBOARD: 
         | Game 1 |  Game 2 |  Game 3 |  Game 4 |  
_________ ________ _________ _________ _________ 
Round 1  |  A-B   |         |         |         |   
Round 2  |        |   A-C   |         |         |   
Round 3  |        |         |   A-D   |         |   
Round 4  |        |         |   B-C   |         |   
Round 5  |        |         |         |   C-D   |   
Round 6  |        |   B-D   |         |         |   
pairToPlace: A-B
 
*****VOLGENDE ITERATIE*****
pairs: [] & pairsUsed: [A-B, A-C, A-D, B-C, B-D, C-D]
doubles: [A-B, A-C, A-D, B-C, B-D, C-D] & doublesUsed: []
currentGame: 4 & prevGame: [0, 1, 2, 2, 1, 3]
currentRound: 0 & prevRound: [0, 1, 2, 3, 5, 4]
TEMPBOARD: 
         | Game 1 |  Game 2 |  Game 3 |  Game 4 |  
_________ ________ _________ _________ _________ 
Round 1  |  A-B   |         |         |         |   
Round 2  |        |   A-C   |         |         |   
Round 3  |        |         |   A-D   |         |   
Round 4  |        |         |   B-C   |         |   
Round 5  |        |         |         |   C-D   |   
Round 6  |        |   B-D   |         |         |   
pairToPlace: A-B
 
*****VOLGENDE ITERATIE*****
pairs: [C-D] & pairsUsed: [A-B, A-C, A-D, B-C, B-D]
doubles: [A-B, A-C, A-D, B-C, B-D, C-D] & doublesUsed: []
currentGame: 3 & prevGame: [0, 1, 2, 2, 1]
currentRound: 5 & prevRound: [0, 1, 2, 3, 5]
TEMPBOARD: 
         | Game 1 |  Game 2 |  Game 3 |  Game 4 |  
_________ ________ _________ _________ _________ 
Round 1  |  A-B   |         |         |         |   
Round 2  |        |   A-C   |         |         |   
Round 3  |        |         |   A-D   |         |   
Round 4  |        |         |   B-C   |         |   
Round 5  |        |         |         |         |   
Round 6  |        |   B-D   |         |         |   
pairToPlace: C-D
 
*****VOLGENDE ITERATIE*****
pairs: [C-D] & pairsUsed: [A-B, A-C, A-D, B-C, B-D]
doubles: [A-B, A-C, A-D, B-C, B-D, C-D] & doublesUsed: []
currentGame: 3 & prevGame: [0, 1, 2, 2, 1]
currentRound: 6 & prevRound: [0, 1, 2, 3, 5]
TEMPBOARD: 
         | Game 1 |  Game 2 |  Game 3 |  Game 4 |  
_________ ________ _________ _________ _________ 
Round 1  |  A-B   |         |         |         |   
Round 2  |        |   A-C   |         |         |   
Round 3  |        |         |   A-D   |         |   
Round 4  |        |         |   B-C   |         |   
Round 5  |        |         |         |         |   
Round 6  |        |   B-D   |         |         |   
pairToPlace: C-D
 
*****VOLGENDE ITERATIE*****
pairs: [C-D] & pairsUsed: [A-B, A-C, A-D, B-C, B-D]
doubles: [A-B, A-C, A-D, B-C, B-D, C-D] & doublesUsed: []
currentGame: 4 & prevGame: [0, 1, 2, 2, 1]
currentRound: 0 & prevRound: [0, 1, 2, 3, 5]
TEMPBOARD: 
         | Game 1 |  Game 2 |  Game 3 |  Game 4 |  
_________ ________ _________ _________ _________ 
Round 1  |  A-B   |         |         |         |   
Round 2  |        |   A-C   |         |         |   
Round 3  |        |         |   A-D   |         |   
Round 4  |        |         |   B-C   |         |   
Round 5  |        |         |         |         |   
Round 6  |        |   B-D   |         |         |   
pairToPlace: C-D
 
*****VOLGENDE ITERATIE*****
pairs: [B-D, C-D] & pairsUsed: [A-B, A-C, A-D, B-C]
doubles: [A-B, A-C, A-D, B-C, B-D, C-D] & doublesUsed: []
currentGame: 1 & prevGame: [0, 1, 2, 2]
currentRound: 6 & prevRound: [0, 1, 2, 3]
TEMPBOARD: 
         | Game 1 |  Game 2 |  Game 3 |  Game 4 |  
_________ ________ _________ _________ _________ 
Round 1  |  A-B   |         |         |         |   
Round 2  |        |   A-C   |         |         |   
Round 3  |        |         |   A-D   |         |   
Round 4  |        |         |   B-C   |         |   
Round 5  |        |         |         |         |   
Round 6  |        |         |         |         |   
pairToPlace: B-D
 
*****VOLGENDE ITERATIE*****
pairs: [B-D, C-D] & pairsUsed: [A-B, A-C, A-D, B-C]
doubles: [A-B, A-C, A-D, B-C, B-D, C-D] & doublesUsed: []
currentGame: 2 & prevGame: [0, 1, 2, 2]
currentRound: 0 & prevRound: [0, 1, 2, 3]
TEMPBOARD: 
         | Game 1 |  Game 2 |  Game 3 |  Game 4 |  
_________ ________ _________ _________ _________ 
Round 1  |  A-B   |         |         |         |   
Round 2  |        |   A-C   |         |         |   
Round 3  |        |         |   A-D   |         |   
Round 4  |        |         |   B-C   |         |   
Round 5  |        |         |         |         |   
Round 6  |        |         |         |         |   
pairToPlace: B-D
 
*****VOLGENDE ITERATIE*****
pairs: [B-D, C-D] & pairsUsed: [A-B, A-C, A-D, B-C]
doubles: [A-B, A-C, A-D, B-C, B-D, C-D] & doublesUsed: []
currentGame: 2 & prevGame: [0, 1, 2, 2]
currentRound: 1 & prevRound: [0, 1, 2, 3]
TEMPBOARD: 
         | Game 1 |  Game 2 |  Game 3 |  Game 4 |  
_________ ________ _________ _________ _________ 
Round 1  |  A-B   |         |         |         |   
Round 2  |        |   A-C   |         |         |   
Round 3  |        |         |   A-D   |         |   
Round 4  |        |         |   B-C   |         |   
Round 5  |        |         |         |         |   
Round 6  |        |         |         |         |   
pairToPlace: B-D
 
*****VOLGENDE ITERATIE*****
pairs: [B-D, C-D] & pairsUsed: [A-B, A-C, A-D, B-C]
doubles: [A-B, A-C, A-D, B-C, B-D, C-D] & doublesUsed: []
currentGame: 2 & prevGame: [0, 1, 2, 2]
currentRound: 2 & prevRound: [0, 1, 2, 3]
TEMPBOARD: 
         | Game 1 |  Game 2 |  Game 3 |  Game 4 |  
_________ ________ _________ _________ _________ 
Round 1  |  A-B   |         |         |         |   
Round 2  |        |   A-C   |         |         |   
Round 3  |        |         |   A-D   |         |   
Round 4  |        |         |   B-C   |         |   
Round 5  |        |         |         |         |   
Round 6  |        |         |         |         |   
pairToPlace: B-D
 
*****VOLGENDE ITERATIE*****
pairs: [B-D, C-D] & pairsUsed: [A-B, A-C, A-D, B-C]
doubles: [A-B, A-C, A-D, B-C, B-D, C-D] & doublesUsed: []
currentGame: 2 & prevGame: [0, 1, 2, 2]
currentRound: 3 & prevRound: [0, 1, 2, 3]
TEMPBOARD: 
         | Game 1 |  Game 2 |  Game 3 |  Game 4 |  
_________ ________ _________ _________ _________ 
Round 1  |  A-B   |         |         |         |   
Round 2  |        |   A-C   |         |         |   
Round 3  |        |         |   A-D   |         |   
Round 4  |        |         |   B-C   |         |   
Round 5  |        |         |         |         |   
Round 6  |        |         |         |         |   
pairToPlace: B-D
 
*****VOLGENDE ITERATIE*****
pairs: [B-D, C-D] & pairsUsed: [A-B, A-C, A-D, B-C]
doubles: [A-B, A-C, A-D, B-C, B-D, C-D] & doublesUsed: []
currentGame: 2 & prevGame: [0, 1, 2, 2]
currentRound: 4 & prevRound: [0, 1, 2, 3]
TEMPBOARD: 
         | Game 1 |  Game 2 |  Game 3 |  Game 4 |  
_________ ________ _________ _________ _________ 
Round 1  |  A-B   |         |         |         |   
Round 2  |        |   A-C   |         |         |   
Round 3  |        |         |   A-D   |         |   
Round 4  |        |         |   B-C   |         |   
Round 5  |        |         |         |         |   
Round 6  |        |         |         |         |   
pairToPlace: B-D
 
*****VOLGENDE ITERATIE*****
pairs: [B-D, C-D] & pairsUsed: [A-B, A-C, A-D, B-C]
doubles: [A-B, A-C, A-D, B-C, B-D, C-D] & doublesUsed: []
currentGame: 2 & prevGame: [0, 1, 2, 2]
currentRound: 5 & prevRound: [0, 1, 2, 3]
TEMPBOARD: 
         | Game 1 |  Game 2 |  Game 3 |  Game 4 |  
_________ ________ _________ _________ _________ 
Round 1  |  A-B   |         |         |         |   
Round 2  |        |   A-C   |         |         |   
Round 3  |        |         |   A-D   |         |   
Round 4  |        |         |   B-C   |         |   
Round 5  |        |         |         |         |   
Round 6  |        |         |         |         |   
pairToPlace: B-D
 
*****VOLGENDE ITERATIE*****
pairs: [B-D, C-D] & pairsUsed: [A-B, A-C, A-D, B-C]
doubles: [A-B, A-C, A-D, B-C, B-D, C-D] & doublesUsed: []
currentGame: 2 & prevGame: [0, 1, 2, 2]
currentRound: 6 & prevRound: [0, 1, 2, 3]
TEMPBOARD: 
         | Game 1 |  Game 2 |  Game 3 |  Game 4 |  
_________ ________ _________ _________ _________ 
Round 1  |  A-B   |         |         |         |   
Round 2  |        |   A-C   |         |         |   
Round 3  |        |         |   A-D   |         |   
Round 4  |        |         |   B-C   |         |   
Round 5  |        |         |         |         |   
Round 6  |        |         |         |         |   
pairToPlace: B-D
 
*****VOLGENDE ITERATIE*****
pairs: [B-D, C-D] & pairsUsed: [A-B, A-C, A-D, B-C]
doubles: [A-B, A-C, A-D, B-C, B-D, C-D] & doublesUsed: []
currentGame: 3 & prevGame: [0, 1, 2, 2]
currentRound: 0 & prevRound: [0, 1, 2, 3]
TEMPBOARD: 
         | Game 1 |  Game 2 |  Game 3 |  Game 4 |  
_________ ________ _________ _________ _________ 
Round 1  |  A-B   |         |         |         |   
Round 2  |        |   A-C   |         |         |   
Round 3  |        |         |   A-D   |         |   
Round 4  |        |         |   B-C   |         |   
Round 5  |        |         |         |         |   
Round 6  |        |         |         |         |   
pairToPlace: B-D
 
*****VOLGENDE ITERATIE*****
pairs: [B-D, C-D] & pairsUsed: [A-B, A-C, A-D, B-C]
doubles: [A-B, A-C, A-D, B-C, B-D, C-D] & doublesUsed: []
currentGame: 3 & prevGame: [0, 1, 2, 2]
currentRound: 1 & prevRound: [0, 1, 2, 3]
TEMPBOARD: 
         | Game 1 |  Game 2 |  Game 3 |  Game 4 |  
_________ ________ _________ _________ _________ 
Round 1  |  A-B   |         |         |         |   
Round 2  |        |   A-C   |         |         |   
Round 3  |        |         |   A-D   |         |   
Round 4  |        |         |   B-C   |         |   
Round 5  |        |         |         |         |   
Round 6  |        |         |         |         |   
pairToPlace: B-D
 
*****VOLGENDE ITERATIE*****
pairs: [C-D] & pairsUsed: [A-B, A-C, A-D, B-C, B-D]
doubles: [A-B, A-C, A-D, B-C, B-D, C-D] & doublesUsed: []
currentGame: 0 & prevGame: [0, 1, 2, 2, 3]
currentRound: 0 & prevRound: [0, 1, 2, 3, 1]
TEMPBOARD: 
         | Game 1 |  Game 2 |  Game 3 |  Game 4 |  
_________ ________ _________ _________ _________ 
Round 1  |  A-B   |         |         |         |   
Round 2  |        |   A-C   |         |   B-D   |   
Round 3  |        |         |   A-D   |         |   
Round 4  |        |         |   B-C   |         |   
Round 5  |        |         |         |         |   
Round 6  |        |         |         |         |   
pairToPlace: C-D
 
*****VOLGENDE ITERATIE*****
pairs: [C-D] & pairsUsed: [A-B, A-C, A-D, B-C, B-D]
doubles: [A-B, A-C, A-D, B-C, B-D, C-D] & doublesUsed: []
currentGame: 0 & prevGame: [0, 1, 2, 2, 3]
currentRound: 1 & prevRound: [0, 1, 2, 3, 1]
TEMPBOARD: 
         | Game 1 |  Game 2 |  Game 3 |  Game 4 |  
_________ ________ _________ _________ _________ 
Round 1  |  A-B   |         |         |         |   
Round 2  |        |   A-C   |         |   B-D   |   
Round 3  |        |         |   A-D   |         |   
Round 4  |        |         |   B-C   |         |   
Round 5  |        |         |         |         |   
Round 6  |        |         |         |         |   
pairToPlace: C-D
 
*****VOLGENDE ITERATIE*****
pairs: [C-D] & pairsUsed: [A-B, A-C, A-D, B-C, B-D]
doubles: [A-B, A-C, A-D, B-C, B-D, C-D] & doublesUsed: []
currentGame: 0 & prevGame: [0, 1, 2, 2, 3]
currentRound: 2 & prevRound: [0, 1, 2, 3, 1]
TEMPBOARD: 
         | Game 1 |  Game 2 |  Game 3 |  Game 4 |  
_________ ________ _________ _________ _________ 
Round 1  |  A-B   |         |         |         |   
Round 2  |        |   A-C   |         |   B-D   |   
Round 3  |        |         |   A-D   |         |   
Round 4  |        |         |   B-C   |         |   
Round 5  |        |         |         |         |   
Round 6  |        |         |         |         |   
pairToPlace: C-D
 
*****VOLGENDE ITERATIE*****
pairs: [C-D] & pairsUsed: [A-B, A-C, A-D, B-C, B-D]
doubles: [A-B, A-C, A-D, B-C, B-D, C-D] & doublesUsed: []
currentGame: 0 & prevGame: [0, 1, 2, 2, 3]
currentRound: 3 & prevRound: [0, 1, 2, 3, 1]
TEMPBOARD: 
         | Game 1 |  Game 2 |  Game 3 |  Game 4 |  
_________ ________ _________ _________ _________ 
Round 1  |  A-B   |         |         |         |   
Round 2  |        |   A-C   |         |   B-D   |   
Round 3  |        |         |   A-D   |         |   
Round 4  |        |         |   B-C   |         |   
Round 5  |        |         |         |         |   
Round 6  |        |         |         |         |   
pairToPlace: C-D
 
*****VOLGENDE ITERATIE*****
pairs: [C-D] & pairsUsed: [A-B, A-C, A-D, B-C, B-D]
doubles: [A-B, A-C, A-D, B-C, B-D, C-D] & doublesUsed: []
currentGame: 0 & prevGame: [0, 1, 2, 2, 3]
currentRound: 4 & prevRound: [0, 1, 2, 3, 1]
TEMPBOARD: 
         | Game 1 |  Game 2 |  Game 3 |  Game 4 |  
_________ ________ _________ _________ _________ 
Round 1  |  A-B   |         |         |         |   
Round 2  |        |   A-C   |         |   B-D   |   
Round 3  |        |         |   A-D   |         |   
Round 4  |        |         |   B-C   |         |   
Round 5  |        |         |         |         |   
Round 6  |        |         |         |         |   
pairToPlace: C-D
 
*****VOLGENDE ITERATIE*****
pairs: [] & pairsUsed: [A-B, A-C, A-D, B-C, B-D, C-D]
doubles: [A-B, A-C, A-D, B-C, B-D, C-D] & doublesUsed: []
currentGame: 0 & prevGame: [0, 1, 2, 2, 3, 0]
currentRound: 0 & prevRound: [0, 1, 2, 3, 1, 4]
TEMPBOARD: 
         | Game 1 |  Game 2 |  Game 3 |  Game 4 |  
_________ ________ _________ _________ _________ 
Round 1  |  A-B   |         |         |         |   
Round 2  |        |   A-C   |         |   B-D   |   
Round 3  |        |         |   A-D   |         |   
Round 4  |        |         |   B-C   |         |   
Round 5  |  C-D   |         |         |         |   
Round 6  |        |         |         |         |   
pairToPlace: A-B
 
*****VOLGENDE ITERATIE*****
pairs: [] & pairsUsed: [A-B, A-C, A-D, B-C, B-D, C-D]
doubles: [A-B, A-C, A-D, B-C, B-D, C-D] & doublesUsed: []
currentGame: 0 & prevGame: [0, 1, 2, 2, 3, 0]
currentRound: 1 & prevRound: [0, 1, 2, 3, 1, 4]
TEMPBOARD: 
         | Game 1 |  Game 2 |  Game 3 |  Game 4 |  
_________ ________ _________ _________ _________ 
Round 1  |  A-B   |         |         |         |   
Round 2  |        |   A-C   |         |   B-D   |   
Round 3  |        |         |   A-D   |         |   
Round 4  |        |         |   B-C   |         |   
Round 5  |  C-D   |         |         |         |   
Round 6  |        |         |         |         |   
pairToPlace: A-B
 
*****VOLGENDE ITERATIE*****
pairs: [] & pairsUsed: [A-B, A-C, A-D, B-C, B-D, C-D]
doubles: [A-B, A-C, A-D, B-C, B-D, C-D] & doublesUsed: []
currentGame: 0 & prevGame: [0, 1, 2, 2, 3, 0]
currentRound: 2 & prevRound: [0, 1, 2, 3, 1, 4]
TEMPBOARD: 
         | Game 1 |  Game 2 |  Game 3 |  Game 4 |  
_________ ________ _________ _________ _________ 
Round 1  |  A-B   |         |         |         |   
Round 2  |        |   A-C   |         |   B-D   |   
Round 3  |        |         |   A-D   |         |   
Round 4  |        |         |   B-C   |         |   
Round 5  |  C-D   |         |         |         |   
Round 6  |        |         |         |         |   
pairToPlace: A-B
 
*****VOLGENDE ITERATIE*****
pairs: [] & pairsUsed: [A-B, A-C, A-D, B-C, B-D, C-D]
doubles: [A-B, A-C, A-D, B-C, B-D, C-D] & doublesUsed: []
currentGame: 0 & prevGame: [0, 1, 2, 2, 3, 0]
currentRound: 3 & prevRound: [0, 1, 2, 3, 1, 4]
TEMPBOARD: 
         | Game 1 |  Game 2 |  Game 3 |  Game 4 |  
_________ ________ _________ _________ _________ 
Round 1  |  A-B   |         |         |         |   
Round 2  |        |   A-C   |         |   B-D   |   
Round 3  |        |         |   A-D   |         |   
Round 4  |        |         |   B-C   |         |   
Round 5  |  C-D   |         |         |         |   
Round 6  |        |         |         |         |   
pairToPlace: A-B
 
*****VOLGENDE ITERATIE*****
pairs: [] & pairsUsed: [A-B, A-C, A-D, B-C, B-D, C-D]
doubles: [A-B, A-C, A-D, B-C, B-D, C-D] & doublesUsed: []
currentGame: 0 & prevGame: [0, 1, 2, 2, 3, 0]
currentRound: 4 & prevRound: [0, 1, 2, 3, 1, 4]
TEMPBOARD: 
         | Game 1 |  Game 2 |  Game 3 |  Game 4 |  
_________ ________ _________ _________ _________ 
Round 1  |  A-B   |         |         |         |   
Round 2  |        |   A-C   |         |   B-D   |   
Round 3  |        |         |   A-D   |         |   
Round 4  |        |         |   B-C   |         |   
Round 5  |  C-D   |         |         |         |   
Round 6  |        |         |         |         |   
pairToPlace: A-B
 
*****VOLGENDE ITERATIE*****
pairs: [] & pairsUsed: [A-B, A-C, A-D, B-C, B-D, C-D]
doubles: [A-B, A-C, A-D, B-C, B-D, C-D] & doublesUsed: []
currentGame: 0 & prevGame: [0, 1, 2, 2, 3, 0]
currentRound: 5 & prevRound: [0, 1, 2, 3, 1, 4]
TEMPBOARD: 
         | Game 1 |  Game 2 |  Game 3 |  Game 4 |  
_________ ________ _________ _________ _________ 
Round 1  |  A-B   |         |         |         |   
Round 2  |        |   A-C   |         |   B-D   |   
Round 3  |        |         |   A-D   |         |   
Round 4  |        |         |   B-C   |         |   
Round 5  |  C-D   |         |         |         |   
Round 6  |        |         |         |         |   
pairToPlace: A-B
 
*****VOLGENDE ITERATIE*****
pairs: [] & pairsUsed: [A-B, A-C, A-D, B-C, B-D, C-D]
doubles: [A-B, A-C, A-D, B-C, B-D, C-D] & doublesUsed: []
currentGame: 0 & prevGame: [0, 1, 2, 2, 3, 0]
currentRound: 6 & prevRound: [0, 1, 2, 3, 1, 4]
TEMPBOARD: 
         | Game 1 |  Game 2 |  Game 3 |  Game 4 |  
_________ ________ _________ _________ _________ 
Round 1  |  A-B   |         |         |         |   
Round 2  |        |   A-C   |         |   B-D   |   
Round 3  |        |         |   A-D   |         |   
Round 4  |        |         |   B-C   |         |   
Round 5  |  C-D   |         |         |         |   
Round 6  |        |         |         |         |   
pairToPlace: A-B
 
*****VOLGENDE ITERATIE*****
pairs: [] & pairsUsed: [A-B, A-C, A-D, B-C, B-D, C-D]
doubles: [A-B, A-C, A-D, B-C, B-D, C-D] & doublesUsed: []
currentGame: 1 & prevGame: [0, 1, 2, 2, 3, 0]
currentRound: 0 & prevRound: [0, 1, 2, 3, 1, 4]
TEMPBOARD: 
         | Game 1 |  Game 2 |  Game 3 |  Game 4 |  
_________ ________ _________ _________ _________ 
Round 1  |  A-B   |         |         |         |   
Round 2  |        |   A-C   |         |   B-D   |   
Round 3  |        |         |   A-D   |         |   
Round 4  |        |         |   B-C   |         |   
Round 5  |  C-D   |         |         |         |   
Round 6  |        |         |         |         |   
pairToPlace: A-B
 
*****VOLGENDE ITERATIE*****
pairs: [] & pairsUsed: [A-B, A-C, A-D, B-C, B-D, C-D]
doubles: [A-B, A-C, A-D, B-C, B-D, C-D] & doublesUsed: []
currentGame: 1 & prevGame: [0, 1, 2, 2, 3, 0]
currentRound: 1 & prevRound: [0, 1, 2, 3, 1, 4]
TEMPBOARD: 
         | Game 1 |  Game 2 |  Game 3 |  Game 4 |  
_________ ________ _________ _________ _________ 
Round 1  |  A-B   |         |         |         |   
Round 2  |        |   A-C   |         |   B-D   |   
Round 3  |        |         |   A-D   |         |   
Round 4  |        |         |   B-C   |         |   
Round 5  |  C-D   |         |         |         |   
Round 6  |        |         |         |         |   
pairToPlace: A-B
 
*****VOLGENDE ITERATIE*****
pairs: [] & pairsUsed: [A-B, A-C, A-D, B-C, B-D, C-D]
doubles: [A-B, A-C, A-D, B-C, B-D, C-D] & doublesUsed: []
currentGame: 1 & prevGame: [0, 1, 2, 2, 3, 0]
currentRound: 2 & prevRound: [0, 1, 2, 3, 1, 4]
TEMPBOARD: 
         | Game 1 |  Game 2 |  Game 3 |  Game 4 |  
_________ ________ _________ _________ _________ 
Round 1  |  A-B   |         |         |         |   
Round 2  |        |   A-C   |         |   B-D   |   
Round 3  |        |         |   A-D   |         |   
Round 4  |        |         |   B-C   |         |   
Round 5  |  C-D   |         |         |         |   
Round 6  |        |         |         |         |   
pairToPlace: A-B
 
*****VOLGENDE ITERATIE*****
pairs: [] & pairsUsed: [A-B, A-C, A-D, B-C, B-D, C-D]
doubles: [A-B, A-C, A-D, B-C, B-D, C-D] & doublesUsed: []
currentGame: 1 & prevGame: [0, 1, 2, 2, 3, 0]
currentRound: 3 & prevRound: [0, 1, 2, 3, 1, 4]
TEMPBOARD: 
         | Game 1 |  Game 2 |  Game 3 |  Game 4 |  
_________ ________ _________ _________ _________ 
Round 1  |  A-B   |         |         |         |   
Round 2  |        |   A-C   |         |   B-D   |   
Round 3  |        |         |   A-D   |         |   
Round 4  |        |         |   B-C   |         |   
Round 5  |  C-D   |         |         |         |   
Round 6  |        |         |         |         |   
pairToPlace: A-B
 
*****VOLGENDE ITERATIE*****
pairs: [] & pairsUsed: [A-B, A-C, A-D, B-C, B-D, C-D]
doubles: [A-B, A-C, A-D, B-C, B-D, C-D] & doublesUsed: []
currentGame: 1 & prevGame: [0, 1, 2, 2, 3, 0]
currentRound: 4 & prevRound: [0, 1, 2, 3, 1, 4]
TEMPBOARD: 
         | Game 1 |  Game 2 |  Game 3 |  Game 4 |  
_________ ________ _________ _________ _________ 
Round 1  |  A-B   |         |         |         |   
Round 2  |        |   A-C   |         |   B-D   |   
Round 3  |        |         |   A-D   |         |   
Round 4  |        |         |   B-C   |         |   
Round 5  |  C-D   |         |         |         |   
Round 6  |        |         |         |         |   
pairToPlace: A-B
 
*****VOLGENDE ITERATIE*****
pairs: [] & pairsUsed: [A-B, A-C, A-D, B-C, B-D, C-D]
doubles: [A-B, A-C, A-D, B-C, B-D, C-D] & doublesUsed: []
currentGame: 1 & prevGame: [0, 1, 2, 2, 3, 0]
currentRound: 5 & prevRound: [0, 1, 2, 3, 1, 4]
TEMPBOARD: 
         | Game 1 |  Game 2 |  Game 3 |  Game 4 |  
_________ ________ _________ _________ _________ 
Round 1  |  A-B   |         |         |         |   
Round 2  |        |   A-C   |         |   B-D   |   
Round 3  |        |         |   A-D   |         |   
Round 4  |        |         |   B-C   |         |   
Round 5  |  C-D   |         |         |         |   
Round 6  |        |         |         |         |   
pairToPlace: A-B
 
*****VOLGENDE ITERATIE*****
pairs: [] & pairsUsed: [A-B, A-C, A-D, B-C, B-D, C-D]
doubles: [A-B, A-C, A-D, B-C, B-D, C-D] & doublesUsed: []
currentGame: 1 & prevGame: [0, 1, 2, 2, 3, 0]
currentRound: 6 & prevRound: [0, 1, 2, 3, 1, 4]
TEMPBOARD: 
         | Game 1 |  Game 2 |  Game 3 |  Game 4 |  
_________ ________ _________ _________ _________ 
Round 1  |  A-B   |         |         |         |   
Round 2  |        |   A-C   |         |   B-D   |   
Round 3  |        |         |   A-D   |         |   
Round 4  |        |         |   B-C   |         |   
Round 5  |  C-D   |         |         |         |   
Round 6  |        |         |         |         |   
pairToPlace: A-B
 
*****VOLGENDE ITERATIE*****
pairs: [] & pairsUsed: [A-B, A-C, A-D, B-C, B-D, C-D]
doubles: [A-B, A-C, A-D, B-C, B-D, C-D] & doublesUsed: []
currentGame: 2 & prevGame: [0, 1, 2, 2, 3, 0]
currentRound: 0 & prevRound: [0, 1, 2, 3, 1, 4]
TEMPBOARD: 
         | Game 1 |  Game 2 |  Game 3 |  Game 4 |  
_________ ________ _________ _________ _________ 
Round 1  |  A-B   |         |         |         |   
Round 2  |        |   A-C   |         |   B-D   |   
Round 3  |        |         |   A-D   |         |   
Round 4  |        |         |   B-C   |         |   
Round 5  |  C-D   |         |         |         |   
Round 6  |        |         |         |         |   
pairToPlace: A-B
 
*****VOLGENDE ITERATIE*****
pairs: [] & pairsUsed: [A-B, A-C, A-D, B-C, B-D, C-D]
doubles: [A-B, A-C, A-D, B-C, B-D, C-D] & doublesUsed: []
currentGame: 2 & prevGame: [0, 1, 2, 2, 3, 0]
currentRound: 1 & prevRound: [0, 1, 2, 3, 1, 4]
TEMPBOARD: 
         | Game 1 |  Game 2 |  Game 3 |  Game 4 |  
_________ ________ _________ _________ _________ 
Round 1  |  A-B   |         |         |         |   
Round 2  |        |   A-C   |         |   B-D   |   
Round 3  |        |         |   A-D   |         |   
Round 4  |        |         |   B-C   |         |   
Round 5  |  C-D   |         |         |         |   
Round 6  |        |         |         |         |   
pairToPlace: A-B
 
*****VOLGENDE ITERATIE*****
pairs: [] & pairsUsed: [A-B, A-C, A-D, B-C, B-D, C-D]
doubles: [A-B, A-C, A-D, B-C, B-D, C-D] & doublesUsed: []
currentGame: 2 & prevGame: [0, 1, 2, 2, 3, 0]
currentRound: 2 & prevRound: [0, 1, 2, 3, 1, 4]
TEMPBOARD: 
         | Game 1 |  Game 2 |  Game 3 |  Game 4 |  
_________ ________ _________ _________ _________ 
Round 1  |  A-B   |         |         |         |   
Round 2  |        |   A-C   |         |   B-D   |   
Round 3  |        |         |   A-D   |         |   
Round 4  |        |         |   B-C   |         |   
Round 5  |  C-D   |         |         |         |   
Round 6  |        |         |         |         |   
pairToPlace: A-B
 
*****VOLGENDE ITERATIE*****
pairs: [] & pairsUsed: [A-B, A-C, A-D, B-C, B-D, C-D]
doubles: [A-B, A-C, A-D, B-C, B-D, C-D] & doublesUsed: []
currentGame: 2 & prevGame: [0, 1, 2, 2, 3, 0]
currentRound: 3 & prevRound: [0, 1, 2, 3, 1, 4]
TEMPBOARD: 
         | Game 1 |  Game 2 |  Game 3 |  Game 4 |  
_________ ________ _________ _________ _________ 
Round 1  |  A-B   |         |         |         |   
Round 2  |        |   A-C   |         |   B-D   |   
Round 3  |        |         |   A-D   |         |   
Round 4  |        |         |   B-C   |         |   
Round 5  |  C-D   |         |         |         |   
Round 6  |        |         |         |         |   
pairToPlace: A-B
 
*****VOLGENDE ITERATIE*****
pairs: [] & pairsUsed: [A-B, A-C, A-D, B-C, B-D, C-D]
doubles: [A-B, A-C, A-D, B-C, B-D, C-D] & doublesUsed: []
currentGame: 2 & prevGame: [0, 1, 2, 2, 3, 0]
currentRound: 4 & prevRound: [0, 1, 2, 3, 1, 4]
TEMPBOARD: 
         | Game 1 |  Game 2 |  Game 3 |  Game 4 |  
_________ ________ _________ _________ _________ 
Round 1  |  A-B   |         |         |         |   
Round 2  |        |   A-C   |         |   B-D   |   
Round 3  |        |         |   A-D   |         |   
Round 4  |        |         |   B-C   |         |   
Round 5  |  C-D   |         |         |         |   
Round 6  |        |         |         |         |   
pairToPlace: A-B
 
*****VOLGENDE ITERATIE*****
pairs: [] & pairsUsed: [A-B, A-C, A-D, B-C, B-D, C-D]
doubles: [A-B, A-C, A-D, B-C, B-D, C-D] & doublesUsed: []
currentGame: 2 & prevGame: [0, 1, 2, 2, 3, 0]
currentRound: 5 & prevRound: [0, 1, 2, 3, 1, 4]
TEMPBOARD: 
         | Game 1 |  Game 2 |  Game 3 |  Game 4 |  
_________ ________ _________ _________ _________ 
Round 1  |  A-B   |         |         |         |   
Round 2  |        |   A-C   |         |   B-D   |   
Round 3  |        |         |   A-D   |         |   
Round 4  |        |         |   B-C   |         |   
Round 5  |  C-D   |         |         |         |   
Round 6  |        |         |         |         |   
pairToPlace: A-B
 
*****VOLGENDE ITERATIE*****
pairs: [] & pairsUsed: [A-B, A-C, A-D, B-C, B-D, C-D]
doubles: [A-B, A-C, A-D, B-C, B-D, C-D] & doublesUsed: []
currentGame: 2 & prevGame: [0, 1, 2, 2, 3, 0]
currentRound: 6 & prevRound: [0, 1, 2, 3, 1, 4]
TEMPBOARD: 
         | Game 1 |  Game 2 |  Game 3 |  Game 4 |  
_________ ________ _________ _________ _________ 
Round 1  |  A-B   |         |         |         |   
Round 2  |        |   A-C   |         |   B-D   |   
Round 3  |        |         |   A-D   |         |   
Round 4  |        |         |   B-C   |         |   
Round 5  |  C-D   |         |         |         |   
Round 6  |        |         |         |         |   
pairToPlace: A-B
 
*****VOLGENDE ITERATIE*****
pairs: [] & pairsUsed: [A-B, A-C, A-D, B-C, B-D, C-D]
doubles: [A-B, A-C, A-D, B-C, B-D, C-D] & doublesUsed: []
currentGame: 3 & prevGame: [0, 1, 2, 2, 3, 0]
currentRound: 0 & prevRound: [0, 1, 2, 3, 1, 4]
TEMPBOARD: 
         | Game 1 |  Game 2 |  Game 3 |  Game 4 |  
_________ ________ _________ _________ _________ 
Round 1  |  A-B   |         |         |         |   
Round 2  |        |   A-C   |         |   B-D   |   
Round 3  |        |         |   A-D   |         |   
Round 4  |        |         |   B-C   |         |   
Round 5  |  C-D   |         |         |         |   
Round 6  |        |         |         |         |   
pairToPlace: A-B
 
*****VOLGENDE ITERATIE*****
pairs: [] & pairsUsed: [A-B, A-C, A-D, B-C, B-D, C-D]
doubles: [A-B, A-C, A-D, B-C, B-D, C-D] & doublesUsed: []
currentGame: 3 & prevGame: [0, 1, 2, 2, 3, 0]
currentRound: 1 & prevRound: [0, 1, 2, 3, 1, 4]
TEMPBOARD: 
         | Game 1 |  Game 2 |  Game 3 |  Game 4 |  
_________ ________ _________ _________ _________ 
Round 1  |  A-B   |         |         |         |   
Round 2  |        |   A-C   |         |   B-D   |   
Round 3  |        |         |   A-D   |         |   
Round 4  |        |         |   B-C   |         |   
Round 5  |  C-D   |         |         |         |   
Round 6  |        |         |         |         |   
pairToPlace: A-B
 
*****VOLGENDE ITERATIE*****
pairs: [] & pairsUsed: [A-B, A-C, A-D, B-C, B-D, C-D]
doubles: [A-B, A-C, A-D, B-C, B-D, C-D] & doublesUsed: []
currentGame: 3 & prevGame: [0, 1, 2, 2, 3, 0]
currentRound: 2 & prevRound: [0, 1, 2, 3, 1, 4]
TEMPBOARD: 
         | Game 1 |  Game 2 |  Game 3 |  Game 4 |  
_________ ________ _________ _________ _________ 
Round 1  |  A-B   |         |         |         |   
Round 2  |        |   A-C   |         |   B-D   |   
Round 3  |        |         |   A-D   |         |   
Round 4  |        |         |   B-C   |         |   
Round 5  |  C-D   |         |         |         |   
Round 6  |        |         |         |         |   
pairToPlace: A-B
 
*****VOLGENDE ITERATIE*****
pairs: [] & pairsUsed: [A-B, A-C, A-D, B-C, B-D, C-D]
doubles: [A-B, A-C, A-D, B-C, B-D, C-D] & doublesUsed: []
currentGame: 3 & prevGame: [0, 1, 2, 2, 3, 0]
currentRound: 3 & prevRound: [0, 1, 2, 3, 1, 4]
TEMPBOARD: 
         | Game 1 |  Game 2 |  Game 3 |  Game 4 |  
_________ ________ _________ _________ _________ 
Round 1  |  A-B   |         |         |         |   
Round 2  |        |   A-C   |         |   B-D   |   
Round 3  |        |         |   A-D   |         |   
Round 4  |        |         |   B-C   |         |   
Round 5  |  C-D   |         |         |         |   
Round 6  |        |         |         |         |   
pairToPlace: A-B
 
*****VOLGENDE ITERATIE*****
pairs: [] & pairsUsed: [A-B, A-C, A-D, B-C, B-D, C-D]
doubles: [A-B, A-C, A-D, B-C, B-D, C-D] & doublesUsed: []
currentGame: 3 & prevGame: [0, 1, 2, 2, 3, 0]
currentRound: 4 & prevRound: [0, 1, 2, 3, 1, 4]
TEMPBOARD: 
         | Game 1 |  Game 2 |  Game 3 |  Game 4 |  
_________ ________ _________ _________ _________ 
Round 1  |  A-B   |         |         |         |   
Round 2  |        |   A-C   |         |   B-D   |   
Round 3  |        |         |   A-D   |         |   
Round 4  |        |         |   B-C   |         |   
Round 5  |  C-D   |         |         |         |   
Round 6  |        |         |         |         |   
pairToPlace: A-B
 
*****VOLGENDE ITERATIE*****
pairs: [] & pairsUsed: [A-B, A-C, A-D, B-C, B-D, C-D]
doubles: [A-B, A-C, A-D, B-C, B-D, C-D] & doublesUsed: []
currentGame: 3 & prevGame: [0, 1, 2, 2, 3, 0]
currentRound: 5 & prevRound: [0, 1, 2, 3, 1, 4]
TEMPBOARD: 
         | Game 1 |  Game 2 |  Game 3 |  Game 4 |  
_________ ________ _________ _________ _________ 
Round 1  |  A-B   |         |         |         |   
Round 2  |        |   A-C   |         |   B-D   |   
Round 3  |        |         |   A-D   |         |   
Round 4  |        |         |   B-C   |         |   
Round 5  |  C-D   |         |         |         |   
Round 6  |        |         |         |         |   
pairToPlace: A-B
 
*****VOLGENDE ITERATIE*****
pairs: [] & pairsUsed: [A-B, A-C, A-D, B-C, B-D, C-D]
doubles: [A-B, A-C, A-D, B-C, B-D, C-D] & doublesUsed: []
currentGame: 3 & prevGame: [0, 1, 2, 2, 3, 0]
currentRound: 6 & prevRound: [0, 1, 2, 3, 1, 4]
TEMPBOARD: 
         | Game 1 |  Game 2 |  Game 3 |  Game 4 |  
_________ ________ _________ _________ _________ 
Round 1  |  A-B   |         |         |         |   
Round 2  |        |   A-C   |         |   B-D   |   
Round 3  |        |         |   A-D   |         |   
Round 4  |        |         |   B-C   |         |   
Round 5  |  C-D   |         |         |         |   
Round 6  |        |         |         |         |   
pairToPlace: A-B
 
*****VOLGENDE ITERATIE*****
pairs: [] & pairsUsed: [A-B, A-C, A-D, B-C, B-D, C-D]
doubles: [A-B, A-C, A-D, B-C, B-D, C-D] & doublesUsed: []
currentGame: 4 & prevGame: [0, 1, 2, 2, 3, 0]
currentRound: 0 & prevRound: [0, 1, 2, 3, 1, 4]
TEMPBOARD: 
         | Game 1 |  Game 2 |  Game 3 |  Game 4 |  
_________ ________ _________ _________ _________ 
Round 1  |  A-B   |         |         |         |   
Round 2  |        |   A-C   |         |   B-D   |   
Round 3  |        |         |   A-D   |         |   
Round 4  |        |         |   B-C   |         |   
Round 5  |  C-D   |         |         |         |   
Round 6  |        |         |         |         |   
pairToPlace: A-B
 
*****VOLGENDE ITERATIE*****
pairs: [C-D] & pairsUsed: [A-B, A-C, A-D, B-C, B-D]
doubles: [A-B, A-C, A-D, B-C, B-D, C-D] & doublesUsed: []
currentGame: 0 & prevGame: [0, 1, 2, 2, 3]
currentRound: 5 & prevRound: [0, 1, 2, 3, 1]
TEMPBOARD: 
         | Game 1 |  Game 2 |  Game 3 |  Game 4 |  
_________ ________ _________ _________ _________ 
Round 1  |  A-B   |         |         |         |   
Round 2  |        |   A-C   |         |   B-D   |   
Round 3  |        |         |   A-D   |         |   
Round 4  |        |         |   B-C   |         |   
Round 5  |        |         |         |         |   
Round 6  |        |         |         |         |   
pairToPlace: C-D
 
*****VOLGENDE ITERATIE*****
pairs: [] & pairsUsed: [A-B, A-C, A-D, B-C, B-D, C-D]
doubles: [A-B, A-C, A-D, B-C, B-D, C-D] & doublesUsed: []
currentGame: 0 & prevGame: [0, 1, 2, 2, 3, 0]
currentRound: 0 & prevRound: [0, 1, 2, 3, 1, 5]
TEMPBOARD: 
         | Game 1 |  Game 2 |  Game 3 |  Game 4 |  
_________ ________ _________ _________ _________ 
Round 1  |  A-B   |         |         |         |   
Round 2  |        |   A-C   |         |   B-D   |   
Round 3  |        |         |   A-D   |         |   
Round 4  |        |         |   B-C   |         |   
Round 5  |        |         |         |         |   
Round 6  |  C-D   |         |         |         |   
pairToPlace: A-B
 
*****VOLGENDE ITERATIE*****
pairs: [] & pairsUsed: [A-B, A-C, A-D, B-C, B-D, C-D]
doubles: [A-B, A-C, A-D, B-C, B-D, C-D] & doublesUsed: []
currentGame: 0 & prevGame: [0, 1, 2, 2, 3, 0]
currentRound: 1 & prevRound: [0, 1, 2, 3, 1, 5]
TEMPBOARD: 
         | Game 1 |  Game 2 |  Game 3 |  Game 4 |  
_________ ________ _________ _________ _________ 
Round 1  |  A-B   |         |         |         |   
Round 2  |        |   A-C   |         |   B-D   |   
Round 3  |        |         |   A-D   |         |   
Round 4  |        |         |   B-C   |         |   
Round 5  |        |         |         |         |   
Round 6  |  C-D   |         |         |         |   
pairToPlace: A-B
 
*****VOLGENDE ITERATIE*****
pairs: [] & pairsUsed: [A-B, A-C, A-D, B-C, B-D, C-D]
doubles: [A-B, A-C, A-D, B-C, B-D, C-D] & doublesUsed: []
currentGame: 0 & prevGame: [0, 1, 2, 2, 3, 0]
currentRound: 2 & prevRound: [0, 1, 2, 3, 1, 5]
TEMPBOARD: 
         | Game 1 |  Game 2 |  Game 3 |  Game 4 |  
_________ ________ _________ _________ _________ 
Round 1  |  A-B   |         |         |         |   
Round 2  |        |   A-C   |         |   B-D   |   
Round 3  |        |         |   A-D   |         |   
Round 4  |        |         |   B-C   |         |   
Round 5  |        |         |         |         |   
Round 6  |  C-D   |         |         |         |   
pairToPlace: A-B
 
*****VOLGENDE ITERATIE*****
pairs: [] & pairsUsed: [A-B, A-C, A-D, B-C, B-D, C-D]
doubles: [A-B, A-C, A-D, B-C, B-D, C-D] & doublesUsed: []
currentGame: 0 & prevGame: [0, 1, 2, 2, 3, 0]
currentRound: 3 & prevRound: [0, 1, 2, 3, 1, 5]
TEMPBOARD: 
         | Game 1 |  Game 2 |  Game 3 |  Game 4 |  
_________ ________ _________ _________ _________ 
Round 1  |  A-B   |         |         |         |   
Round 2  |        |   A-C   |         |   B-D   |   
Round 3  |        |         |   A-D   |         |   
Round 4  |        |         |   B-C   |         |   
Round 5  |        |         |         |         |   
Round 6  |  C-D   |         |         |         |   
pairToPlace: A-B
 
*****VOLGENDE ITERATIE*****
pairs: [] & pairsUsed: [A-B, A-C, A-D, B-C, B-D, C-D]
doubles: [A-B, A-C, A-D, B-C, B-D, C-D] & doublesUsed: []
currentGame: 0 & prevGame: [0, 1, 2, 2, 3, 0]
currentRound: 4 & prevRound: [0, 1, 2, 3, 1, 5]
TEMPBOARD: 
         | Game 1 |  Game 2 |  Game 3 |  Game 4 |  
_________ ________ _________ _________ _________ 
Round 1  |  A-B   |         |         |         |   
Round 2  |        |   A-C   |         |   B-D   |   
Round 3  |        |         |   A-D   |         |   
Round 4  |        |         |   B-C   |         |   
Round 5  |        |         |         |         |   
Round 6  |  C-D   |         |         |         |   
pairToPlace: A-B
 
*****VOLGENDE ITERATIE*****
pairs: [] & pairsUsed: [A-B, A-C, A-D, B-C, B-D, C-D]
doubles: [A-B, A-C, A-D, B-C, B-D, C-D] & doublesUsed: []
currentGame: 0 & prevGame: [0, 1, 2, 2, 3, 0]
currentRound: 5 & prevRound: [0, 1, 2, 3, 1, 5]
TEMPBOARD: 
         | Game 1 |  Game 2 |  Game 3 |  Game 4 |  
_________ ________ _________ _________ _________ 
Round 1  |  A-B   |         |         |         |   
Round 2  |        |   A-C   |         |   B-D   |   
Round 3  |        |         |   A-D   |         |   
Round 4  |        |         |   B-C   |         |   
Round 5  |        |         |         |         |   
Round 6  |  C-D   |         |         |         |   
pairToPlace: A-B
 
*****VOLGENDE ITERATIE*****
pairs: [] & pairsUsed: [A-B, A-C, A-D, B-C, B-D, C-D]
doubles: [A-B, A-C, A-D, B-C, B-D, C-D] & doublesUsed: []
currentGame: 0 & prevGame: [0, 1, 2, 2, 3, 0]
currentRound: 6 & prevRound: [0, 1, 2, 3, 1, 5]
TEMPBOARD: 
         | Game 1 |  Game 2 |  Game 3 |  Game 4 |  
_________ ________ _________ _________ _________ 
Round 1  |  A-B   |         |         |         |   
Round 2  |        |   A-C   |         |   B-D   |   
Round 3  |        |         |   A-D   |         |   
Round 4  |        |         |   B-C   |         |   
Round 5  |        |         |         |         |   
Round 6  |  C-D   |         |         |         |   
pairToPlace: A-B
 
*****VOLGENDE ITERATIE*****
pairs: [] & pairsUsed: [A-B, A-C, A-D, B-C, B-D, C-D]
doubles: [A-B, A-C, A-D, B-C, B-D, C-D] & doublesUsed: []
currentGame: 1 & prevGame: [0, 1, 2, 2, 3, 0]
currentRound: 0 & prevRound: [0, 1, 2, 3, 1, 5]
TEMPBOARD: 
         | Game 1 |  Game 2 |  Game 3 |  Game 4 |  
_________ ________ _________ _________ _________ 
Round 1  |  A-B   |         |         |         |   
Round 2  |        |   A-C   |         |   B-D   |   
Round 3  |        |         |   A-D   |         |   
Round 4  |        |         |   B-C   |         |   
Round 5  |        |         |         |         |   
Round 6  |  C-D   |         |         |         |   
pairToPlace: A-B
 
*****VOLGENDE ITERATIE*****
pairs: [] & pairsUsed: [A-B, A-C, A-D, B-C, B-D, C-D]
doubles: [A-B, A-C, A-D, B-C, B-D, C-D] & doublesUsed: []
currentGame: 1 & prevGame: [0, 1, 2, 2, 3, 0]
currentRound: 1 & prevRound: [0, 1, 2, 3, 1, 5]
TEMPBOARD: 
         | Game 1 |  Game 2 |  Game 3 |  Game 4 |  
_________ ________ _________ _________ _________ 
Round 1  |  A-B   |         |         |         |   
Round 2  |        |   A-C   |         |   B-D   |   
Round 3  |        |         |   A-D   |         |   
Round 4  |        |         |   B-C   |         |   
Round 5  |        |         |         |         |   
Round 6  |  C-D   |         |         |         |   
pairToPlace: A-B
 
*****VOLGENDE ITERATIE*****
pairs: [] & pairsUsed: [A-B, A-C, A-D, B-C, B-D, C-D]
doubles: [A-B, A-C, A-D, B-C, B-D, C-D] & doublesUsed: []
currentGame: 1 & prevGame: [0, 1, 2, 2, 3, 0]
currentRound: 2 & prevRound: [0, 1, 2, 3, 1, 5]
TEMPBOARD: 
         | Game 1 |  Game 2 |  Game 3 |  Game 4 |  
_________ ________ _________ _________ _________ 
Round 1  |  A-B   |         |         |         |   
Round 2  |        |   A-C   |         |   B-D   |   
Round 3  |        |         |   A-D   |         |   
Round 4  |        |         |   B-C   |         |   
Round 5  |        |         |         |         |   
Round 6  |  C-D   |         |         |         |   
pairToPlace: A-B
 
*****VOLGENDE ITERATIE*****
pairs: [] & pairsUsed: [A-B, A-C, A-D, B-C, B-D, C-D]
doubles: [A-B, A-C, A-D, B-C, B-D, C-D] & doublesUsed: []
currentGame: 1 & prevGame: [0, 1, 2, 2, 3, 0]
currentRound: 3 & prevRound: [0, 1, 2, 3, 1, 5]
TEMPBOARD: 
         | Game 1 |  Game 2 |  Game 3 |  Game 4 |  
_________ ________ _________ _________ _________ 
Round 1  |  A-B   |         |         |         |   
Round 2  |        |   A-C   |         |   B-D   |   
Round 3  |        |         |   A-D   |         |   
Round 4  |        |         |   B-C   |         |   
Round 5  |        |         |         |         |   
Round 6  |  C-D   |         |         |         |   
pairToPlace: A-B
 
*****VOLGENDE ITERATIE*****
pairs: [] & pairsUsed: [A-B, A-C, A-D, B-C, B-D, C-D]
doubles: [A-B, A-C, A-D, B-C, B-D, C-D] & doublesUsed: []
currentGame: 1 & prevGame: [0, 1, 2, 2, 3, 0]
currentRound: 4 & prevRound: [0, 1, 2, 3, 1, 5]
TEMPBOARD: 
         | Game 1 |  Game 2 |  Game 3 |  Game 4 |  
_________ ________ _________ _________ _________ 
Round 1  |  A-B   |         |         |         |   
Round 2  |        |   A-C   |         |   B-D   |   
Round 3  |        |         |   A-D   |         |   
Round 4  |        |         |   B-C   |         |   
Round 5  |        |         |         |         |   
Round 6  |  C-D   |         |         |         |   
pairToPlace: A-B
 
*****VOLGENDE ITERATIE*****
pairs: [] & pairsUsed: [A-B, A-C, A-D, B-C, B-D, C-D]
doubles: [A-B, A-C, A-D, B-C, B-D, C-D] & doublesUsed: []
currentGame: 1 & prevGame: [0, 1, 2, 2, 3, 0]
currentRound: 5 & prevRound: [0, 1, 2, 3, 1, 5]
TEMPBOARD: 
         | Game 1 |  Game 2 |  Game 3 |  Game 4 |  
_________ ________ _________ _________ _________ 
Round 1  |  A-B   |         |         |         |   
Round 2  |        |   A-C   |         |   B-D   |   
Round 3  |        |         |   A-D   |         |   
Round 4  |        |         |   B-C   |         |   
Round 5  |        |         |         |         |   
Round 6  |  C-D   |         |         |         |   
pairToPlace: A-B
 
*****VOLGENDE ITERATIE*****
pairs: [] & pairsUsed: [A-B, A-C, A-D, B-C, B-D, C-D]
doubles: [A-B, A-C, A-D, B-C, B-D, C-D] & doublesUsed: []
currentGame: 1 & prevGame: [0, 1, 2, 2, 3, 0]
currentRound: 6 & prevRound: [0, 1, 2, 3, 1, 5]
TEMPBOARD: 
         | Game 1 |  Game 2 |  Game 3 |  Game 4 |  
_________ ________ _________ _________ _________ 
Round 1  |  A-B   |         |         |         |   
Round 2  |        |   A-C   |         |   B-D   |   
Round 3  |        |         |   A-D   |         |   
Round 4  |        |         |   B-C   |         |   
Round 5  |        |         |         |         |   
Round 6  |  C-D   |         |         |         |   
pairToPlace: A-B
 
*****VOLGENDE ITERATIE*****
pairs: [] & pairsUsed: [A-B, A-C, A-D, B-C, B-D, C-D]
doubles: [A-B, A-C, A-D, B-C, B-D, C-D] & doublesUsed: []
currentGame: 2 & prevGame: [0, 1, 2, 2, 3, 0]
currentRound: 0 & prevRound: [0, 1, 2, 3, 1, 5]
TEMPBOARD: 
         | Game 1 |  Game 2 |  Game 3 |  Game 4 |  
_________ ________ _________ _________ _________ 
Round 1  |  A-B   |         |         |         |   
Round 2  |        |   A-C   |         |   B-D   |   
Round 3  |        |         |   A-D   |         |   
Round 4  |        |         |   B-C   |         |   
Round 5  |        |         |         |         |   
Round 6  |  C-D   |         |         |         |   
pairToPlace: A-B
 
*****VOLGENDE ITERATIE*****
pairs: [] & pairsUsed: [A-B, A-C, A-D, B-C, B-D, C-D]
doubles: [A-B, A-C, A-D, B-C, B-D, C-D] & doublesUsed: []
currentGame: 2 & prevGame: [0, 1, 2, 2, 3, 0]
currentRound: 1 & prevRound: [0, 1, 2, 3, 1, 5]
TEMPBOARD: 
         | Game 1 |  Game 2 |  Game 3 |  Game 4 |  
_________ ________ _________ _________ _________ 
Round 1  |  A-B   |         |         |         |   
Round 2  |        |   A-C   |         |   B-D   |   
Round 3  |        |         |   A-D   |         |   
Round 4  |        |         |   B-C   |         |   
Round 5  |        |         |         |         |   
Round 6  |  C-D   |         |         |         |   
pairToPlace: A-B
 
*****VOLGENDE ITERATIE*****
pairs: [] & pairsUsed: [A-B, A-C, A-D, B-C, B-D, C-D]
doubles: [A-B, A-C, A-D, B-C, B-D, C-D] & doublesUsed: []
currentGame: 2 & prevGame: [0, 1, 2, 2, 3, 0]
currentRound: 2 & prevRound: [0, 1, 2, 3, 1, 5]
TEMPBOARD: 
         | Game 1 |  Game 2 |  Game 3 |  Game 4 |  
_________ ________ _________ _________ _________ 
Round 1  |  A-B   |         |         |         |   
Round 2  |        |   A-C   |         |   B-D   |   
Round 3  |        |         |   A-D   |         |   
Round 4  |        |         |   B-C   |         |   
Round 5  |        |         |         |         |   
Round 6  |  C-D   |         |         |         |   
pairToPlace: A-B
 
*****VOLGENDE ITERATIE*****
pairs: [] & pairsUsed: [A-B, A-C, A-D, B-C, B-D, C-D]
doubles: [A-B, A-C, A-D, B-C, B-D, C-D] & doublesUsed: []
currentGame: 2 & prevGame: [0, 1, 2, 2, 3, 0]
currentRound: 3 & prevRound: [0, 1, 2, 3, 1, 5]
TEMPBOARD: 
         | Game 1 |  Game 2 |  Game 3 |  Game 4 |  
_________ ________ _________ _________ _________ 
Round 1  |  A-B   |         |         |         |   
Round 2  |        |   A-C   |         |   B-D   |   
Round 3  |        |         |   A-D   |         |   
Round 4  |        |         |   B-C   |         |   
Round 5  |        |         |         |         |   
Round 6  |  C-D   |         |         |         |   
pairToPlace: A-B
 
*****VOLGENDE ITERATIE*****
pairs: [] & pairsUsed: [A-B, A-C, A-D, B-C, B-D, C-D]
doubles: [A-B, A-C, A-D, B-C, B-D, C-D] & doublesUsed: []
currentGame: 2 & prevGame: [0, 1, 2, 2, 3, 0]
currentRound: 4 & prevRound: [0, 1, 2, 3, 1, 5]
TEMPBOARD: 
         | Game 1 |  Game 2 |  Game 3 |  Game 4 |  
_________ ________ _________ _________ _________ 
Round 1  |  A-B   |         |         |         |   
Round 2  |        |   A-C   |         |   B-D   |   
Round 3  |        |         |   A-D   |         |   
Round 4  |        |         |   B-C   |         |   
Round 5  |        |         |         |         |   
Round 6  |  C-D   |         |         |         |   
pairToPlace: A-B
 
*****VOLGENDE ITERATIE*****
pairs: [] & pairsUsed: [A-B, A-C, A-D, B-C, B-D, C-D]
doubles: [A-B, A-C, A-D, B-C, B-D, C-D] & doublesUsed: []
currentGame: 2 & prevGame: [0, 1, 2, 2, 3, 0]
currentRound: 5 & prevRound: [0, 1, 2, 3, 1, 5]
TEMPBOARD: 
         | Game 1 |  Game 2 |  Game 3 |  Game 4 |  
_________ ________ _________ _________ _________ 
Round 1  |  A-B   |         |         |         |   
Round 2  |        |   A-C   |         |   B-D   |   
Round 3  |        |         |   A-D   |         |   
Round 4  |        |         |   B-C   |         |   
Round 5  |        |         |         |         |   
Round 6  |  C-D   |         |         |         |   
pairToPlace: A-B
 
*****VOLGENDE ITERATIE*****
pairs: [] & pairsUsed: [A-B, A-C, A-D, B-C, B-D, C-D]
doubles: [A-B, A-C, A-D, B-C, B-D, C-D] & doublesUsed: []
currentGame: 2 & prevGame: [0, 1, 2, 2, 3, 0]
currentRound: 6 & prevRound: [0, 1, 2, 3, 1, 5]
TEMPBOARD: 
         | Game 1 |  Game 2 |  Game 3 |  Game 4 |  
_________ ________ _________ _________ _________ 
Round 1  |  A-B   |         |         |         |   
Round 2  |        |   A-C   |         |   B-D   |   
Round 3  |        |         |   A-D   |         |   
Round 4  |        |         |   B-C   |         |   
Round 5  |        |         |         |         |   
Round 6  |  C-D   |         |         |         |   
pairToPlace: A-B
 
*****VOLGENDE ITERATIE*****
pairs: [] & pairsUsed: [A-B, A-C, A-D, B-C, B-D, C-D]
doubles: [A-B, A-C, A-D, B-C, B-D, C-D] & doublesUsed: []
currentGame: 3 & prevGame: [0, 1, 2, 2, 3, 0]
currentRound: 0 & prevRound: [0, 1, 2, 3, 1, 5]
TEMPBOARD: 
         | Game 1 |  Game 2 |  Game 3 |  Game 4 |  
_________ ________ _________ _________ _________ 
Round 1  |  A-B   |         |         |         |   
Round 2  |        |   A-C   |         |   B-D   |   
Round 3  |        |         |   A-D   |         |   
Round 4  |        |         |   B-C   |         |   
Round 5  |        |         |         |         |   
Round 6  |  C-D   |         |         |         |   
pairToPlace: A-B
 
*****VOLGENDE ITERATIE*****
pairs: [] & pairsUsed: [A-B, A-C, A-D, B-C, B-D, C-D]
doubles: [A-B, A-C, A-D, B-C, B-D, C-D] & doublesUsed: []
currentGame: 3 & prevGame: [0, 1, 2, 2, 3, 0]
currentRound: 1 & prevRound: [0, 1, 2, 3, 1, 5]
TEMPBOARD: 
         | Game 1 |  Game 2 |  Game 3 |  Game 4 |  
_________ ________ _________ _________ _________ 
Round 1  |  A-B   |         |         |         |   
Round 2  |        |   A-C   |         |   B-D   |   
Round 3  |        |         |   A-D   |         |   
Round 4  |        |         |   B-C   |         |   
Round 5  |        |         |         |         |   
Round 6  |  C-D   |         |         |         |   
pairToPlace: A-B
 
*****VOLGENDE ITERATIE*****
pairs: [] & pairsUsed: [A-B, A-C, A-D, B-C, B-D, C-D]
doubles: [A-B, A-C, A-D, B-C, B-D, C-D] & doublesUsed: []
currentGame: 3 & prevGame: [0, 1, 2, 2, 3, 0]
currentRound: 2 & prevRound: [0, 1, 2, 3, 1, 5]
TEMPBOARD: 
         | Game 1 |  Game 2 |  Game 3 |  Game 4 |  
_________ ________ _________ _________ _________ 
Round 1  |  A-B   |         |         |         |   
Round 2  |        |   A-C   |         |   B-D   |   
Round 3  |        |         |   A-D   |         |   
Round 4  |        |         |   B-C   |         |   
Round 5  |        |         |         |         |   
Round 6  |  C-D   |         |         |         |   
pairToPlace: A-B
 
*****VOLGENDE ITERATIE*****
pairs: [] & pairsUsed: [A-B, A-C, A-D, B-C, B-D, C-D]
doubles: [A-B, A-C, A-D, B-C, B-D, C-D] & doublesUsed: []
currentGame: 3 & prevGame: [0, 1, 2, 2, 3, 0]
currentRound: 3 & prevRound: [0, 1, 2, 3, 1, 5]
TEMPBOARD: 
         | Game 1 |  Game 2 |  Game 3 |  Game 4 |  
_________ ________ _________ _________ _________ 
Round 1  |  A-B   |         |         |         |   
Round 2  |        |   A-C   |         |   B-D   |   
Round 3  |        |         |   A-D   |         |   
Round 4  |        |         |   B-C   |         |   
Round 5  |        |         |         |         |   
Round 6  |  C-D   |         |         |         |   
pairToPlace: A-B
 
*****VOLGENDE ITERATIE*****
pairs: [] & pairsUsed: [A-B, A-C, A-D, B-C, B-D, C-D]
doubles: [A-B, A-C, A-D, B-C, B-D, C-D] & doublesUsed: []
currentGame: 3 & prevGame: [0, 1, 2, 2, 3, 0]
currentRound: 4 & prevRound: [0, 1, 2, 3, 1, 5]
TEMPBOARD: 
         | Game 1 |  Game 2 |  Game 3 |  Game 4 |  
_________ ________ _________ _________ _________ 
Round 1  |  A-B   |         |         |         |   
Round 2  |        |   A-C   |         |   B-D   |   
Round 3  |        |         |   A-D   |         |   
Round 4  |        |         |   B-C   |         |   
Round 5  |        |         |         |         |   
Round 6  |  C-D   |         |         |         |   
pairToPlace: A-B
 
*****VOLGENDE ITERATIE*****
pairs: [] & pairsUsed: [A-B, A-C, A-D, B-C, B-D, C-D]
doubles: [A-B, A-C, A-D, B-C, B-D, C-D] & doublesUsed: []
currentGame: 3 & prevGame: [0, 1, 2, 2, 3, 0]
currentRound: 5 & prevRound: [0, 1, 2, 3, 1, 5]
TEMPBOARD: 
         | Game 1 |  Game 2 |  Game 3 |  Game 4 |  
_________ ________ _________ _________ _________ 
Round 1  |  A-B   |         |         |         |   
Round 2  |        |   A-C   |         |   B-D   |   
Round 3  |        |         |   A-D   |         |   
Round 4  |        |         |   B-C   |         |   
Round 5  |        |         |         |         |   
Round 6  |  C-D   |         |         |         |   
pairToPlace: A-B
 
*****VOLGENDE ITERATIE*****
pairs: [] & pairsUsed: [A-B, A-C, A-D, B-C, B-D, C-D]
doubles: [A-B, A-C, A-D, B-C, B-D, C-D] & doublesUsed: []
currentGame: 3 & prevGame: [0, 1, 2, 2, 3, 0]
currentRound: 6 & prevRound: [0, 1, 2, 3, 1, 5]
TEMPBOARD: 
         | Game 1 |  Game 2 |  Game 3 |  Game 4 |  
_________ ________ _________ _________ _________ 
Round 1  |  A-B   |         |         |         |   
Round 2  |        |   A-C   |         |   B-D   |   
Round 3  |        |         |   A-D   |         |   
Round 4  |        |         |   B-C   |         |   
Round 5  |        |         |         |         |   
Round 6  |  C-D   |         |         |         |   
pairToPlace: A-B
 
*****VOLGENDE ITERATIE*****
pairs: [] & pairsUsed: [A-B, A-C, A-D, B-C, B-D, C-D]
doubles: [A-B, A-C, A-D, B-C, B-D, C-D] & doublesUsed: []
currentGame: 4 & prevGame: [0, 1, 2, 2, 3, 0]
currentRound: 0 & prevRound: [0, 1, 2, 3, 1, 5]
TEMPBOARD: 
         | Game 1 |  Game 2 |  Game 3 |  Game 4 |  
_________ ________ _________ _________ _________ 
Round 1  |  A-B   |         |         |         |   
Round 2  |        |   A-C   |         |   B-D   |   
Round 3  |        |         |   A-D   |         |   
Round 4  |        |         |   B-C   |         |   
Round 5  |        |         |         |         |   
Round 6  |  C-D   |         |         |         |   
pairToPlace: A-B
 
*****VOLGENDE ITERATIE*****
pairs: [C-D] & pairsUsed: [A-B, A-C, A-D, B-C, B-D]
doubles: [A-B, A-C, A-D, B-C, B-D, C-D] & doublesUsed: []
currentGame: 0 & prevGame: [0, 1, 2, 2, 3]
currentRound: 6 & prevRound: [0, 1, 2, 3, 1]
TEMPBOARD: 
         | Game 1 |  Game 2 |  Game 3 |  Game 4 |  
_________ ________ _________ _________ _________ 
Round 1  |  A-B   |         |         |         |   
Round 2  |        |   A-C   |         |   B-D   |   
Round 3  |        |         |   A-D   |         |   
Round 4  |        |         |   B-C   |         |   
Round 5  |        |         |         |         |   
Round 6  |        |         |         |         |   
pairToPlace: C-D
 
*****VOLGENDE ITERATIE*****
pairs: [C-D] & pairsUsed: [A-B, A-C, A-D, B-C, B-D]
doubles: [A-B, A-C, A-D, B-C, B-D, C-D] & doublesUsed: []
currentGame: 1 & prevGame: [0, 1, 2, 2, 3]
currentRound: 0 & prevRound: [0, 1, 2, 3, 1]
TEMPBOARD: 
         | Game 1 |  Game 2 |  Game 3 |  Game 4 |  
_________ ________ _________ _________ _________ 
Round 1  |  A-B   |         |         |         |   
Round 2  |        |   A-C   |         |   B-D   |   
Round 3  |        |         |   A-D   |         |   
Round 4  |        |         |   B-C   |         |   
Round 5  |        |         |         |         |   
Round 6  |        |         |         |         |   
pairToPlace: C-D
 
*****VOLGENDE ITERATIE*****
pairs: [C-D] & pairsUsed: [A-B, A-C, A-D, B-C, B-D]
doubles: [A-B, A-C, A-D, B-C, B-D, C-D] & doublesUsed: []
currentGame: 1 & prevGame: [0, 1, 2, 2, 3]
currentRound: 1 & prevRound: [0, 1, 2, 3, 1]
TEMPBOARD: 
         | Game 1 |  Game 2 |  Game 3 |  Game 4 |  
_________ ________ _________ _________ _________ 
Round 1  |  A-B   |         |         |         |   
Round 2  |        |   A-C   |         |   B-D   |   
Round 3  |        |         |   A-D   |         |   
Round 4  |        |         |   B-C   |         |   
Round 5  |        |         |         |         |   
Round 6  |        |         |         |         |   
pairToPlace: C-D
 
*****VOLGENDE ITERATIE*****
pairs: [C-D] & pairsUsed: [A-B, A-C, A-D, B-C, B-D]
doubles: [A-B, A-C, A-D, B-C, B-D, C-D] & doublesUsed: []
currentGame: 1 & prevGame: [0, 1, 2, 2, 3]
currentRound: 2 & prevRound: [0, 1, 2, 3, 1]
TEMPBOARD: 
         | Game 1 |  Game 2 |  Game 3 |  Game 4 |  
_________ ________ _________ _________ _________ 
Round 1  |  A-B   |         |         |         |   
Round 2  |        |   A-C   |         |   B-D   |   
Round 3  |        |         |   A-D   |         |   
Round 4  |        |         |   B-C   |         |   
Round 5  |        |         |         |         |   
Round 6  |        |         |         |         |   
pairToPlace: C-D
 
*****VOLGENDE ITERATIE*****
pairs: [C-D] & pairsUsed: [A-B, A-C, A-D, B-C, B-D]
doubles: [A-B, A-C, A-D, B-C, B-D, C-D] & doublesUsed: []
currentGame: 1 & prevGame: [0, 1, 2, 2, 3]
currentRound: 3 & prevRound: [0, 1, 2, 3, 1]
TEMPBOARD: 
         | Game 1 |  Game 2 |  Game 3 |  Game 4 |  
_________ ________ _________ _________ _________ 
Round 1  |  A-B   |         |         |         |   
Round 2  |        |   A-C   |         |   B-D   |   
Round 3  |        |         |   A-D   |         |   
Round 4  |        |         |   B-C   |         |   
Round 5  |        |         |         |         |   
Round 6  |        |         |         |         |   
pairToPlace: C-D
 
*****VOLGENDE ITERATIE*****
pairs: [C-D] & pairsUsed: [A-B, A-C, A-D, B-C, B-D]
doubles: [A-B, A-C, A-D, B-C, B-D, C-D] & doublesUsed: []
currentGame: 1 & prevGame: [0, 1, 2, 2, 3]
currentRound: 4 & prevRound: [0, 1, 2, 3, 1]
TEMPBOARD: 
         | Game 1 |  Game 2 |  Game 3 |  Game 4 |  
_________ ________ _________ _________ _________ 
Round 1  |  A-B   |         |         |         |   
Round 2  |        |   A-C   |         |   B-D   |   
Round 3  |        |         |   A-D   |         |   
Round 4  |        |         |   B-C   |         |   
Round 5  |        |         |         |         |   
Round 6  |        |         |         |         |   
pairToPlace: C-D
 
*****VOLGENDE ITERATIE*****
pairs: [C-D] & pairsUsed: [A-B, A-C, A-D, B-C, B-D]
doubles: [A-B, A-C, A-D, B-C, B-D, C-D] & doublesUsed: []
currentGame: 1 & prevGame: [0, 1, 2, 2, 3]
currentRound: 5 & prevRound: [0, 1, 2, 3, 1]
TEMPBOARD: 
         | Game 1 |  Game 2 |  Game 3 |  Game 4 |  
_________ ________ _________ _________ _________ 
Round 1  |  A-B   |         |         |         |   
Round 2  |        |   A-C   |         |   B-D   |   
Round 3  |        |         |   A-D   |         |   
Round 4  |        |         |   B-C   |         |   
Round 5  |        |         |         |         |   
Round 6  |        |         |         |         |   
pairToPlace: C-D
 
*****VOLGENDE ITERATIE*****
pairs: [C-D] & pairsUsed: [A-B, A-C, A-D, B-C, B-D]
doubles: [A-B, A-C, A-D, B-C, B-D, C-D] & doublesUsed: []
currentGame: 1 & prevGame: [0, 1, 2, 2, 3]
currentRound: 6 & prevRound: [0, 1, 2, 3, 1]
TEMPBOARD: 
         | Game 1 |  Game 2 |  Game 3 |  Game 4 |  
_________ ________ _________ _________ _________ 
Round 1  |  A-B   |         |         |         |   
Round 2  |        |   A-C   |         |   B-D   |   
Round 3  |        |         |   A-D   |         |   
Round 4  |        |         |   B-C   |         |   
Round 5  |        |         |         |         |   
Round 6  |        |         |         |         |   
pairToPlace: C-D
 
*****VOLGENDE ITERATIE*****
pairs: [C-D] & pairsUsed: [A-B, A-C, A-D, B-C, B-D]
doubles: [A-B, A-C, A-D, B-C, B-D, C-D] & doublesUsed: []
currentGame: 2 & prevGame: [0, 1, 2, 2, 3]
currentRound: 0 & prevRound: [0, 1, 2, 3, 1]
TEMPBOARD: 
         | Game 1 |  Game 2 |  Game 3 |  Game 4 |  
_________ ________ _________ _________ _________ 
Round 1  |  A-B   |         |         |         |   
Round 2  |        |   A-C   |         |   B-D   |   
Round 3  |        |         |   A-D   |         |   
Round 4  |        |         |   B-C   |         |   
Round 5  |        |         |         |         |   
Round 6  |        |         |         |         |   
pairToPlace: C-D
 
*****VOLGENDE ITERATIE*****
pairs: [C-D] & pairsUsed: [A-B, A-C, A-D, B-C, B-D]
doubles: [A-B, A-C, A-D, B-C, B-D, C-D] & doublesUsed: []
currentGame: 2 & prevGame: [0, 1, 2, 2, 3]
currentRound: 1 & prevRound: [0, 1, 2, 3, 1]
TEMPBOARD: 
         | Game 1 |  Game 2 |  Game 3 |  Game 4 |  
_________ ________ _________ _________ _________ 
Round 1  |  A-B   |         |         |         |   
Round 2  |        |   A-C   |         |   B-D   |   
Round 3  |        |         |   A-D   |         |   
Round 4  |        |         |   B-C   |         |   
Round 5  |        |         |         |         |   
Round 6  |        |         |         |         |   
pairToPlace: C-D
 
*****VOLGENDE ITERATIE*****
pairs: [C-D] & pairsUsed: [A-B, A-C, A-D, B-C, B-D]
doubles: [A-B, A-C, A-D, B-C, B-D, C-D] & doublesUsed: []
currentGame: 2 & prevGame: [0, 1, 2, 2, 3]
currentRound: 2 & prevRound: [0, 1, 2, 3, 1]
TEMPBOARD: 
         | Game 1 |  Game 2 |  Game 3 |  Game 4 |  
_________ ________ _________ _________ _________ 
Round 1  |  A-B   |         |         |         |   
Round 2  |        |   A-C   |         |   B-D   |   
Round 3  |        |         |   A-D   |         |   
Round 4  |        |         |   B-C   |         |   
Round 5  |        |         |         |         |   
Round 6  |        |         |         |         |   
pairToPlace: C-D
 
*****VOLGENDE ITERATIE*****
pairs: [C-D] & pairsUsed: [A-B, A-C, A-D, B-C, B-D]
doubles: [A-B, A-C, A-D, B-C, B-D, C-D] & doublesUsed: []
currentGame: 2 & prevGame: [0, 1, 2, 2, 3]
currentRound: 3 & prevRound: [0, 1, 2, 3, 1]
TEMPBOARD: 
         | Game 1 |  Game 2 |  Game 3 |  Game 4 |  
_________ ________ _________ _________ _________ 
Round 1  |  A-B   |         |         |         |   
Round 2  |        |   A-C   |         |   B-D   |   
Round 3  |        |         |   A-D   |         |   
Round 4  |        |         |   B-C   |         |   
Round 5  |        |         |         |         |   
Round 6  |        |         |         |         |   
pairToPlace: C-D
 
*****VOLGENDE ITERATIE*****
pairs: [C-D] & pairsUsed: [A-B, A-C, A-D, B-C, B-D]
doubles: [A-B, A-C, A-D, B-C, B-D, C-D] & doublesUsed: []
currentGame: 2 & prevGame: [0, 1, 2, 2, 3]
currentRound: 4 & prevRound: [0, 1, 2, 3, 1]
TEMPBOARD: 
         | Game 1 |  Game 2 |  Game 3 |  Game 4 |  
_________ ________ _________ _________ _________ 
Round 1  |  A-B   |         |         |         |   
Round 2  |        |   A-C   |         |   B-D   |   
Round 3  |        |         |   A-D   |         |   
Round 4  |        |         |   B-C   |         |   
Round 5  |        |         |         |         |   
Round 6  |        |         |         |         |   
pairToPlace: C-D
 
*****VOLGENDE ITERATIE*****
pairs: [C-D] & pairsUsed: [A-B, A-C, A-D, B-C, B-D]
doubles: [A-B, A-C, A-D, B-C, B-D, C-D] & doublesUsed: []
currentGame: 2 & prevGame: [0, 1, 2, 2, 3]
currentRound: 5 & prevRound: [0, 1, 2, 3, 1]
TEMPBOARD: 
         | Game 1 |  Game 2 |  Game 3 |  Game 4 |  
_________ ________ _________ _________ _________ 
Round 1  |  A-B   |         |         |         |   
Round 2  |        |   A-C   |         |   B-D   |   
Round 3  |        |         |   A-D   |         |   
Round 4  |        |         |   B-C   |         |   
Round 5  |        |         |         |         |   
Round 6  |        |         |         |         |   
pairToPlace: C-D
 
*****VOLGENDE ITERATIE*****
pairs: [C-D] & pairsUsed: [A-B, A-C, A-D, B-C, B-D]
doubles: [A-B, A-C, A-D, B-C, B-D, C-D] & doublesUsed: []
currentGame: 2 & prevGame: [0, 1, 2, 2, 3]
currentRound: 6 & prevRound: [0, 1, 2, 3, 1]
TEMPBOARD: 
         | Game 1 |  Game 2 |  Game 3 |  Game 4 |  
_________ ________ _________ _________ _________ 
Round 1  |  A-B   |         |         |         |   
Round 2  |        |   A-C   |         |   B-D   |   
Round 3  |        |         |   A-D   |         |   
Round 4  |        |         |   B-C   |         |   
Round 5  |        |         |         |         |   
Round 6  |        |         |         |         |   
pairToPlace: C-D
 
*****VOLGENDE ITERATIE*****
pairs: [C-D] & pairsUsed: [A-B, A-C, A-D, B-C, B-D]
doubles: [A-B, A-C, A-D, B-C, B-D, C-D] & doublesUsed: []
currentGame: 3 & prevGame: [0, 1, 2, 2, 3]
currentRound: 0 & prevRound: [0, 1, 2, 3, 1]
TEMPBOARD: 
         | Game 1 |  Game 2 |  Game 3 |  Game 4 |  
_________ ________ _________ _________ _________ 
Round 1  |  A-B   |         |         |         |   
Round 2  |        |   A-C   |         |   B-D   |   
Round 3  |        |         |   A-D   |         |   
Round 4  |        |         |   B-C   |         |   
Round 5  |        |         |         |         |   
Round 6  |        |         |         |         |   
pairToPlace: C-D
 
*****VOLGENDE ITERATIE*****
pairs: [C-D] & pairsUsed: [A-B, A-C, A-D, B-C, B-D]
doubles: [A-B, A-C, A-D, B-C, B-D, C-D] & doublesUsed: []
currentGame: 3 & prevGame: [0, 1, 2, 2, 3]
currentRound: 1 & prevRound: [0, 1, 2, 3, 1]
TEMPBOARD: 
         | Game 1 |  Game 2 |  Game 3 |  Game 4 |  
_________ ________ _________ _________ _________ 
Round 1  |  A-B   |         |         |         |   
Round 2  |        |   A-C   |         |   B-D   |   
Round 3  |        |         |   A-D   |         |   
Round 4  |        |         |   B-C   |         |   
Round 5  |        |         |         |         |   
Round 6  |        |         |         |         |   
pairToPlace: C-D
 
*****VOLGENDE ITERATIE*****
pairs: [C-D] & pairsUsed: [A-B, A-C, A-D, B-C, B-D]
doubles: [A-B, A-C, A-D, B-C, B-D, C-D] & doublesUsed: []
currentGame: 3 & prevGame: [0, 1, 2, 2, 3]
currentRound: 2 & prevRound: [0, 1, 2, 3, 1]
TEMPBOARD: 
         | Game 1 |  Game 2 |  Game 3 |  Game 4 |  
_________ ________ _________ _________ _________ 
Round 1  |  A-B   |         |         |         |   
Round 2  |        |   A-C   |         |   B-D   |   
Round 3  |        |         |   A-D   |         |   
Round 4  |        |         |   B-C   |         |   
Round 5  |        |         |         |         |   
Round 6  |        |         |         |         |   
pairToPlace: C-D
 
*****VOLGENDE ITERATIE*****
pairs: [C-D] & pairsUsed: [A-B, A-C, A-D, B-C, B-D]
doubles: [A-B, A-C, A-D, B-C, B-D, C-D] & doublesUsed: []
currentGame: 3 & prevGame: [0, 1, 2, 2, 3]
currentRound: 3 & prevRound: [0, 1, 2, 3, 1]
TEMPBOARD: 
         | Game 1 |  Game 2 |  Game 3 |  Game 4 |  
_________ ________ _________ _________ _________ 
Round 1  |  A-B   |         |         |         |   
Round 2  |        |   A-C   |         |   B-D   |   
Round 3  |        |         |   A-D   |         |   
Round 4  |        |         |   B-C   |         |   
Round 5  |        |         |         |         |   
Round 6  |        |         |         |         |   
pairToPlace: C-D
 
*****VOLGENDE ITERATIE*****
pairs: [C-D] & pairsUsed: [A-B, A-C, A-D, B-C, B-D]
doubles: [A-B, A-C, A-D, B-C, B-D, C-D] & doublesUsed: []
currentGame: 3 & prevGame: [0, 1, 2, 2, 3]
currentRound: 4 & prevRound: [0, 1, 2, 3, 1]
TEMPBOARD: 
         | Game 1 |  Game 2 |  Game 3 |  Game 4 |  
_________ ________ _________ _________ _________ 
Round 1  |  A-B   |         |         |         |   
Round 2  |        |   A-C   |         |   B-D   |   
Round 3  |        |         |   A-D   |         |   
Round 4  |        |         |   B-C   |         |   
Round 5  |        |         |         |         |   
Round 6  |        |         |         |         |   
pairToPlace: C-D
 
*****VOLGENDE ITERATIE*****
pairs: [C-D] & pairsUsed: [A-B, A-C, A-D, B-C, B-D]
doubles: [A-B, A-C, A-D, B-C, B-D, C-D] & doublesUsed: []
currentGame: 3 & prevGame: [0, 1, 2, 2, 3]
currentRound: 5 & prevRound: [0, 1, 2, 3, 1]
TEMPBOARD: 
         | Game 1 |  Game 2 |  Game 3 |  Game 4 |  
_________ ________ _________ _________ _________ 
Round 1  |  A-B   |         |         |         |   
Round 2  |        |   A-C   |         |   B-D   |   
Round 3  |        |         |   A-D   |         |   
Round 4  |        |         |   B-C   |         |   
Round 5  |        |         |         |         |   
Round 6  |        |         |         |         |   
pairToPlace: C-D
 
*****VOLGENDE ITERATIE*****
pairs: [C-D] & pairsUsed: [A-B, A-C, A-D, B-C, B-D]
doubles: [A-B, A-C, A-D, B-C, B-D, C-D] & doublesUsed: []
currentGame: 3 & prevGame: [0, 1, 2, 2, 3]
currentRound: 6 & prevRound: [0, 1, 2, 3, 1]
TEMPBOARD: 
         | Game 1 |  Game 2 |  Game 3 |  Game 4 |  
_________ ________ _________ _________ _________ 
Round 1  |  A-B   |         |         |         |   
Round 2  |        |   A-C   |         |   B-D   |   
Round 3  |        |         |   A-D   |         |   
Round 4  |        |         |   B-C   |         |   
Round 5  |        |         |         |         |   
Round 6  |        |         |         |         |   
pairToPlace: C-D
 
*****VOLGENDE ITERATIE*****
pairs: [C-D] & pairsUsed: [A-B, A-C, A-D, B-C, B-D]
doubles: [A-B, A-C, A-D, B-C, B-D, C-D] & doublesUsed: []
currentGame: 4 & prevGame: [0, 1, 2, 2, 3]
currentRound: 0 & prevRound: [0, 1, 2, 3, 1]
TEMPBOARD: 
         | Game 1 |  Game 2 |  Game 3 |  Game 4 |  
_________ ________ _________ _________ _________ 
Round 1  |  A-B   |         |         |         |   
Round 2  |        |   A-C   |         |   B-D   |   
Round 3  |        |         |   A-D   |         |   
Round 4  |        |         |   B-C   |         |   
Round 5  |        |         |         |         |   
Round 6  |        |         |         |         |   
pairToPlace: C-D
 
*****VOLGENDE ITERATIE*****
pairs: [B-D, C-D] & pairsUsed: [A-B, A-C, A-D, B-C]
doubles: [A-B, A-C, A-D, B-C, B-D, C-D] & doublesUsed: []
currentGame: 3 & prevGame: [0, 1, 2, 2]
currentRound: 2 & prevRound: [0, 1, 2, 3]
TEMPBOARD: 
         | Game 1 |  Game 2 |  Game 3 |  Game 4 |  
_________ ________ _________ _________ _________ 
Round 1  |  A-B   |         |         |         |   
Round 2  |        |   A-C   |         |         |   
Round 3  |        |         |   A-D   |         |   
Round 4  |        |         |   B-C   |         |   
Round 5  |        |         |         |         |   
Round 6  |        |         |         |         |   
pairToPlace: B-D
 
*****VOLGENDE ITERATIE*****
pairs: [B-D, C-D] & pairsUsed: [A-B, A-C, A-D, B-C]
doubles: [A-B, A-C, A-D, B-C, B-D, C-D] & doublesUsed: []
currentGame: 3 & prevGame: [0, 1, 2, 2]
currentRound: 3 & prevRound: [0, 1, 2, 3]
TEMPBOARD: 
         | Game 1 |  Game 2 |  Game 3 |  Game 4 |  
_________ ________ _________ _________ _________ 
Round 1  |  A-B   |         |         |         |   
Round 2  |        |   A-C   |         |         |   
Round 3  |        |         |   A-D   |         |   
Round 4  |        |         |   B-C   |         |   
Round 5  |        |         |         |         |   
Round 6  |        |         |         |         |   
pairToPlace: B-D
 
*****VOLGENDE ITERATIE*****
pairs: [B-D, C-D] & pairsUsed: [A-B, A-C, A-D, B-C]
doubles: [A-B, A-C, A-D, B-C, B-D, C-D] & doublesUsed: []
currentGame: 3 & prevGame: [0, 1, 2, 2]
currentRound: 4 & prevRound: [0, 1, 2, 3]
TEMPBOARD: 
         | Game 1 |  Game 2 |  Game 3 |  Game 4 |  
_________ ________ _________ _________ _________ 
Round 1  |  A-B   |         |         |         |   
Round 2  |        |   A-C   |         |         |   
Round 3  |        |         |   A-D   |         |   
Round 4  |        |         |   B-C   |         |   
Round 5  |        |         |         |         |   
Round 6  |        |         |         |         |   
pairToPlace: B-D
 
*****VOLGENDE ITERATIE*****
pairs: [C-D] & pairsUsed: [A-B, A-C, A-D, B-C, B-D]
doubles: [A-B, A-C, A-D, B-C, B-D, C-D] & doublesUsed: []
currentGame: 0 & prevGame: [0, 1, 2, 2, 3]
currentRound: 0 & prevRound: [0, 1, 2, 3, 4]
TEMPBOARD: 
         | Game 1 |  Game 2 |  Game 3 |  Game 4 |  
_________ ________ _________ _________ _________ 
Round 1  |  A-B   |         |         |         |   
Round 2  |        |   A-C   |         |         |   
Round 3  |        |         |   A-D   |         |   
Round 4  |        |         |   B-C   |         |   
Round 5  |        |         |         |   B-D   |   
Round 6  |        |         |         |         |   
pairToPlace: C-D
 
*****VOLGENDE ITERATIE*****
pairs: [C-D] & pairsUsed: [A-B, A-C, A-D, B-C, B-D]
doubles: [A-B, A-C, A-D, B-C, B-D, C-D] & doublesUsed: []
currentGame: 0 & prevGame: [0, 1, 2, 2, 3]
currentRound: 1 & prevRound: [0, 1, 2, 3, 4]
TEMPBOARD: 
         | Game 1 |  Game 2 |  Game 3 |  Game 4 |  
_________ ________ _________ _________ _________ 
Round 1  |  A-B   |         |         |         |   
Round 2  |        |   A-C   |         |         |   
Round 3  |        |         |   A-D   |         |   
Round 4  |        |         |   B-C   |         |   
Round 5  |        |         |         |   B-D   |   
Round 6  |        |         |         |         |   
pairToPlace: C-D
 
*****VOLGENDE ITERATIE*****
pairs: [C-D] & pairsUsed: [A-B, A-C, A-D, B-C, B-D]
doubles: [A-B, A-C, A-D, B-C, B-D, C-D] & doublesUsed: []
currentGame: 0 & prevGame: [0, 1, 2, 2, 3]
currentRound: 2 & prevRound: [0, 1, 2, 3, 4]
TEMPBOARD: 
         | Game 1 |  Game 2 |  Game 3 |  Game 4 |  
_________ ________ _________ _________ _________ 
Round 1  |  A-B   |         |         |         |   
Round 2  |        |   A-C   |         |         |   
Round 3  |        |         |   A-D   |         |   
Round 4  |        |         |   B-C   |         |   
Round 5  |        |         |         |   B-D   |   
Round 6  |        |         |         |         |   
pairToPlace: C-D
 
*****VOLGENDE ITERATIE*****
pairs: [C-D] & pairsUsed: [A-B, A-C, A-D, B-C, B-D]
doubles: [A-B, A-C, A-D, B-C, B-D, C-D] & doublesUsed: []
currentGame: 0 & prevGame: [0, 1, 2, 2, 3]
currentRound: 3 & prevRound: [0, 1, 2, 3, 4]
TEMPBOARD: 
         | Game 1 |  Game 2 |  Game 3 |  Game 4 |  
_________ ________ _________ _________ _________ 
Round 1  |  A-B   |         |         |         |   
Round 2  |        |   A-C   |         |         |   
Round 3  |        |         |   A-D   |         |   
Round 4  |        |         |   B-C   |         |   
Round 5  |        |         |         |   B-D   |   
Round 6  |        |         |         |         |   
pairToPlace: C-D
 
*****VOLGENDE ITERATIE*****
pairs: [C-D] & pairsUsed: [A-B, A-C, A-D, B-C, B-D]
doubles: [A-B, A-C, A-D, B-C, B-D, C-D] & doublesUsed: []
currentGame: 0 & prevGame: [0, 1, 2, 2, 3]
currentRound: 4 & prevRound: [0, 1, 2, 3, 4]
TEMPBOARD: 
         | Game 1 |  Game 2 |  Game 3 |  Game 4 |  
_________ ________ _________ _________ _________ 
Round 1  |  A-B   |         |         |         |   
Round 2  |        |   A-C   |         |         |   
Round 3  |        |         |   A-D   |         |   
Round 4  |        |         |   B-C   |         |   
Round 5  |        |         |         |   B-D   |   
Round 6  |        |         |         |         |   
pairToPlace: C-D
 
*****VOLGENDE ITERATIE*****
pairs: [C-D] & pairsUsed: [A-B, A-C, A-D, B-C, B-D]
doubles: [A-B, A-C, A-D, B-C, B-D, C-D] & doublesUsed: []
currentGame: 0 & prevGame: [0, 1, 2, 2, 3]
currentRound: 5 & prevRound: [0, 1, 2, 3, 4]
TEMPBOARD: 
         | Game 1 |  Game 2 |  Game 3 |  Game 4 |  
_________ ________ _________ _________ _________ 
Round 1  |  A-B   |         |         |         |   
Round 2  |        |   A-C   |         |         |   
Round 3  |        |         |   A-D   |         |   
Round 4  |        |         |   B-C   |         |   
Round 5  |        |         |         |   B-D   |   
Round 6  |        |         |         |         |   
pairToPlace: C-D
 
*****VOLGENDE ITERATIE*****
pairs: [] & pairsUsed: [A-B, A-C, A-D, B-C, B-D, C-D]
doubles: [A-B, A-C, A-D, B-C, B-D, C-D] & doublesUsed: []
currentGame: 0 & prevGame: [0, 1, 2, 2, 3, 0]
currentRound: 0 & prevRound: [0, 1, 2, 3, 4, 5]
TEMPBOARD: 
         | Game 1 |  Game 2 |  Game 3 |  Game 4 |  
_________ ________ _________ _________ _________ 
Round 1  |  A-B   |         |         |         |   
Round 2  |        |   A-C   |         |         |   
Round 3  |        |         |   A-D   |         |   
Round 4  |        |         |   B-C   |         |   
Round 5  |        |         |         |   B-D   |   
Round 6  |  C-D   |         |         |         |   
pairToPlace: A-B
 
*****VOLGENDE ITERATIE*****
pairs: [] & pairsUsed: [A-B, A-C, A-D, B-C, B-D, C-D]
doubles: [A-B, A-C, A-D, B-C, B-D, C-D] & doublesUsed: []
currentGame: 0 & prevGame: [0, 1, 2, 2, 3, 0]
currentRound: 1 & prevRound: [0, 1, 2, 3, 4, 5]
TEMPBOARD: 
         | Game 1 |  Game 2 |  Game 3 |  Game 4 |  
_________ ________ _________ _________ _________ 
Round 1  |  A-B   |         |         |         |   
Round 2  |        |   A-C   |         |         |   
Round 3  |        |         |   A-D   |         |   
Round 4  |        |         |   B-C   |         |   
Round 5  |        |         |         |   B-D   |   
Round 6  |  C-D   |         |         |         |   
pairToPlace: A-B
 
*****VOLGENDE ITERATIE*****
pairs: [] & pairsUsed: [A-B, A-C, A-D, B-C, B-D, C-D]
doubles: [A-B, A-C, A-D, B-C, B-D, C-D] & doublesUsed: []
currentGame: 0 & prevGame: [0, 1, 2, 2, 3, 0]
currentRound: 2 & prevRound: [0, 1, 2, 3, 4, 5]
TEMPBOARD: 
         | Game 1 |  Game 2 |  Game 3 |  Game 4 |  
_________ ________ _________ _________ _________ 
Round 1  |  A-B   |         |         |         |   
Round 2  |        |   A-C   |         |         |   
Round 3  |        |         |   A-D   |         |   
Round 4  |        |         |   B-C   |         |   
Round 5  |        |         |         |   B-D   |   
Round 6  |  C-D   |         |         |         |   
pairToPlace: A-B
 
*****VOLGENDE ITERATIE*****
pairs: [] & pairsUsed: [A-B, A-C, A-D, B-C, B-D, C-D]
doubles: [A-B, A-C, A-D, B-C, B-D, C-D] & doublesUsed: []
currentGame: 0 & prevGame: [0, 1, 2, 2, 3, 0]
currentRound: 3 & prevRound: [0, 1, 2, 3, 4, 5]
TEMPBOARD: 
         | Game 1 |  Game 2 |  Game 3 |  Game 4 |  
_________ ________ _________ _________ _________ 
Round 1  |  A-B   |         |         |         |   
Round 2  |        |   A-C   |         |         |   
Round 3  |        |         |   A-D   |         |   
Round 4  |        |         |   B-C   |         |   
Round 5  |        |         |         |   B-D   |   
Round 6  |  C-D   |         |         |         |   
pairToPlace: A-B
 
*****VOLGENDE ITERATIE*****
pairs: [] & pairsUsed: [A-B, A-C, A-D, B-C, B-D, C-D]
doubles: [A-B, A-C, A-D, B-C, B-D, C-D] & doublesUsed: []
currentGame: 0 & prevGame: [0, 1, 2, 2, 3, 0]
currentRound: 4 & prevRound: [0, 1, 2, 3, 4, 5]
TEMPBOARD: 
         | Game 1 |  Game 2 |  Game 3 |  Game 4 |  
_________ ________ _________ _________ _________ 
Round 1  |  A-B   |         |         |         |   
Round 2  |        |   A-C   |         |         |   
Round 3  |        |         |   A-D   |         |   
Round 4  |        |         |   B-C   |         |   
Round 5  |        |         |         |   B-D   |   
Round 6  |  C-D   |         |         |         |   
pairToPlace: A-B
 
*****VOLGENDE ITERATIE*****
pairs: [] & pairsUsed: [A-B, A-C, A-D, B-C, B-D, C-D]
doubles: [A-B, A-C, A-D, B-C, B-D, C-D] & doublesUsed: []
currentGame: 0 & prevGame: [0, 1, 2, 2, 3, 0]
currentRound: 5 & prevRound: [0, 1, 2, 3, 4, 5]
TEMPBOARD: 
         | Game 1 |  Game 2 |  Game 3 |  Game 4 |  
_________ ________ _________ _________ _________ 
Round 1  |  A-B   |         |         |         |   
Round 2  |        |   A-C   |         |         |   
Round 3  |        |         |   A-D   |         |   
Round 4  |        |         |   B-C   |         |   
Round 5  |        |         |         |   B-D   |   
Round 6  |  C-D   |         |         |         |   
pairToPlace: A-B
 
*****VOLGENDE ITERATIE*****
pairs: [] & pairsUsed: [A-B, A-C, A-D, B-C, B-D, C-D]
doubles: [A-B, A-C, A-D, B-C, B-D, C-D] & doublesUsed: []
currentGame: 0 & prevGame: [0, 1, 2, 2, 3, 0]
currentRound: 6 & prevRound: [0, 1, 2, 3, 4, 5]
TEMPBOARD: 
         | Game 1 |  Game 2 |  Game 3 |  Game 4 |  
_________ ________ _________ _________ _________ 
Round 1  |  A-B   |         |         |         |   
Round 2  |        |   A-C   |         |         |   
Round 3  |        |         |   A-D   |         |   
Round 4  |        |         |   B-C   |         |   
Round 5  |        |         |         |   B-D   |   
Round 6  |  C-D   |         |         |         |   
pairToPlace: A-B
 
*****VOLGENDE ITERATIE*****
pairs: [] & pairsUsed: [A-B, A-C, A-D, B-C, B-D, C-D]
doubles: [A-B, A-C, A-D, B-C, B-D, C-D] & doublesUsed: []
currentGame: 1 & prevGame: [0, 1, 2, 2, 3, 0]
currentRound: 0 & prevRound: [0, 1, 2, 3, 4, 5]
TEMPBOARD: 
         | Game 1 |  Game 2 |  Game 3 |  Game 4 |  
_________ ________ _________ _________ _________ 
Round 1  |  A-B   |         |         |         |   
Round 2  |        |   A-C   |         |         |   
Round 3  |        |         |   A-D   |         |   
Round 4  |        |         |   B-C   |         |   
Round 5  |        |         |         |   B-D   |   
Round 6  |  C-D   |         |         |         |   
pairToPlace: A-B
 
*****VOLGENDE ITERATIE*****
pairs: [] & pairsUsed: [A-B, A-C, A-D, B-C, B-D, C-D]
doubles: [A-B, A-C, A-D, B-C, B-D, C-D] & doublesUsed: []
currentGame: 1 & prevGame: [0, 1, 2, 2, 3, 0]
currentRound: 1 & prevRound: [0, 1, 2, 3, 4, 5]
TEMPBOARD: 
         | Game 1 |  Game 2 |  Game 3 |  Game 4 |  
_________ ________ _________ _________ _________ 
Round 1  |  A-B   |         |         |         |   
Round 2  |        |   A-C   |         |         |   
Round 3  |        |         |   A-D   |         |   
Round 4  |        |         |   B-C   |         |   
Round 5  |        |         |         |   B-D   |   
Round 6  |  C-D   |         |         |         |   
pairToPlace: A-B
 
*****VOLGENDE ITERATIE*****
pairs: [] & pairsUsed: [A-B, A-C, A-D, B-C, B-D, C-D]
doubles: [A-B, A-C, A-D, B-C, B-D, C-D] & doublesUsed: []
currentGame: 1 & prevGame: [0, 1, 2, 2, 3, 0]
currentRound: 2 & prevRound: [0, 1, 2, 3, 4, 5]
TEMPBOARD: 
         | Game 1 |  Game 2 |  Game 3 |  Game 4 |  
_________ ________ _________ _________ _________ 
Round 1  |  A-B   |         |         |         |   
Round 2  |        |   A-C   |         |         |   
Round 3  |        |         |   A-D   |         |   
Round 4  |        |         |   B-C   |         |   
Round 5  |        |         |         |   B-D   |   
Round 6  |  C-D   |         |         |         |   
pairToPlace: A-B
 
*****VOLGENDE ITERATIE*****
pairs: [] & pairsUsed: [A-B, A-C, A-D, B-C, B-D, C-D]
doubles: [A-B, A-C, A-D, B-C, B-D, C-D] & doublesUsed: []
currentGame: 1 & prevGame: [0, 1, 2, 2, 3, 0]
currentRound: 3 & prevRound: [0, 1, 2, 3, 4, 5]
TEMPBOARD: 
         | Game 1 |  Game 2 |  Game 3 |  Game 4 |  
_________ ________ _________ _________ _________ 
Round 1  |  A-B   |         |         |         |   
Round 2  |        |   A-C   |         |         |   
Round 3  |        |         |   A-D   |         |   
Round 4  |        |         |   B-C   |         |   
Round 5  |        |         |         |   B-D   |   
Round 6  |  C-D   |         |         |         |   
pairToPlace: A-B
 
*****VOLGENDE ITERATIE*****
pairs: [] & pairsUsed: [A-B, A-C, A-D, B-C, B-D, C-D]
doubles: [A-B, A-C, A-D, B-C, B-D, C-D] & doublesUsed: []
currentGame: 1 & prevGame: [0, 1, 2, 2, 3, 0]
currentRound: 4 & prevRound: [0, 1, 2, 3, 4, 5]
TEMPBOARD: 
         | Game 1 |  Game 2 |  Game 3 |  Game 4 |  
_________ ________ _________ _________ _________ 
Round 1  |  A-B   |         |         |         |   
Round 2  |        |   A-C   |         |         |   
Round 3  |        |         |   A-D   |         |   
Round 4  |        |         |   B-C   |         |   
Round 5  |        |         |         |   B-D   |   
Round 6  |  C-D   |         |         |         |   
pairToPlace: A-B
 
*****VOLGENDE ITERATIE*****
pairs: [] & pairsUsed: [A-B, A-C, A-D, B-C, B-D, C-D]
doubles: [A-B, A-C, A-D, B-C, B-D, C-D] & doublesUsed: []
currentGame: 1 & prevGame: [0, 1, 2, 2, 3, 0]
currentRound: 5 & prevRound: [0, 1, 2, 3, 4, 5]
TEMPBOARD: 
         | Game 1 |  Game 2 |  Game 3 |  Game 4 |  
_________ ________ _________ _________ _________ 
Round 1  |  A-B   |         |         |         |   
Round 2  |        |   A-C   |         |         |   
Round 3  |        |         |   A-D   |         |   
Round 4  |        |         |   B-C   |         |   
Round 5  |        |         |         |   B-D   |   
Round 6  |  C-D   |         |         |         |   
pairToPlace: A-B
 
*****VOLGENDE ITERATIE*****
pairs: [] & pairsUsed: [A-B, A-C, A-D, B-C, B-D, C-D]
doubles: [A-B, A-C, A-D, B-C, B-D, C-D] & doublesUsed: []
currentGame: 1 & prevGame: [0, 1, 2, 2, 3, 0]
currentRound: 6 & prevRound: [0, 1, 2, 3, 4, 5]
TEMPBOARD: 
         | Game 1 |  Game 2 |  Game 3 |  Game 4 |  
_________ ________ _________ _________ _________ 
Round 1  |  A-B   |         |         |         |   
Round 2  |        |   A-C   |         |         |   
Round 3  |        |         |   A-D   |         |   
Round 4  |        |         |   B-C   |         |   
Round 5  |        |         |         |   B-D   |   
Round 6  |  C-D   |         |         |         |   
pairToPlace: A-B
 
*****VOLGENDE ITERATIE*****
pairs: [] & pairsUsed: [A-B, A-C, A-D, B-C, B-D, C-D]
doubles: [A-B, A-C, A-D, B-C, B-D, C-D] & doublesUsed: []
currentGame: 2 & prevGame: [0, 1, 2, 2, 3, 0]
currentRound: 0 & prevRound: [0, 1, 2, 3, 4, 5]
TEMPBOARD: 
         | Game 1 |  Game 2 |  Game 3 |  Game 4 |  
_________ ________ _________ _________ _________ 
Round 1  |  A-B   |         |         |         |   
Round 2  |        |   A-C   |         |         |   
Round 3  |        |         |   A-D   |         |   
Round 4  |        |         |   B-C   |         |   
Round 5  |        |         |         |   B-D   |   
Round 6  |  C-D   |         |         |         |   
pairToPlace: A-B
 
*****VOLGENDE ITERATIE*****
pairs: [] & pairsUsed: [A-B, A-C, A-D, B-C, B-D, C-D]
doubles: [A-B, A-C, A-D, B-C, B-D, C-D] & doublesUsed: []
currentGame: 2 & prevGame: [0, 1, 2, 2, 3, 0]
currentRound: 1 & prevRound: [0, 1, 2, 3, 4, 5]
TEMPBOARD: 
         | Game 1 |  Game 2 |  Game 3 |  Game 4 |  
_________ ________ _________ _________ _________ 
Round 1  |  A-B   |         |         |         |   
Round 2  |        |   A-C   |         |         |   
Round 3  |        |         |   A-D   |         |   
Round 4  |        |         |   B-C   |         |   
Round 5  |        |         |         |   B-D   |   
Round 6  |  C-D   |         |         |         |   
pairToPlace: A-B
 
*****VOLGENDE ITERATIE*****
pairs: [] & pairsUsed: [A-B, A-C, A-D, B-C, B-D, C-D]
doubles: [A-B, A-C, A-D, B-C, B-D, C-D] & doublesUsed: []
currentGame: 2 & prevGame: [0, 1, 2, 2, 3, 0]
currentRound: 2 & prevRound: [0, 1, 2, 3, 4, 5]
TEMPBOARD: 
         | Game 1 |  Game 2 |  Game 3 |  Game 4 |  
_________ ________ _________ _________ _________ 
Round 1  |  A-B   |         |         |         |   
Round 2  |        |   A-C   |         |         |   
Round 3  |        |         |   A-D   |         |   
Round 4  |        |         |   B-C   |         |   
Round 5  |        |         |         |   B-D   |   
Round 6  |  C-D   |         |         |         |   
pairToPlace: A-B
 
*****VOLGENDE ITERATIE*****
pairs: [] & pairsUsed: [A-B, A-C, A-D, B-C, B-D, C-D]
doubles: [A-B, A-C, A-D, B-C, B-D, C-D] & doublesUsed: []
currentGame: 2 & prevGame: [0, 1, 2, 2, 3, 0]
currentRound: 3 & prevRound: [0, 1, 2, 3, 4, 5]
TEMPBOARD: 
         | Game 1 |  Game 2 |  Game 3 |  Game 4 |  
_________ ________ _________ _________ _________ 
Round 1  |  A-B   |         |         |         |   
Round 2  |        |   A-C   |         |         |   
Round 3  |        |         |   A-D   |         |   
Round 4  |        |         |   B-C   |         |   
Round 5  |        |         |         |   B-D   |   
Round 6  |  C-D   |         |         |         |   
pairToPlace: A-B
 
*****VOLGENDE ITERATIE*****
pairs: [] & pairsUsed: [A-B, A-C, A-D, B-C, B-D, C-D]
doubles: [A-B, A-C, A-D, B-C, B-D, C-D] & doublesUsed: []
currentGame: 2 & prevGame: [0, 1, 2, 2, 3, 0]
currentRound: 4 & prevRound: [0, 1, 2, 3, 4, 5]
TEMPBOARD: 
         | Game 1 |  Game 2 |  Game 3 |  Game 4 |  
_________ ________ _________ _________ _________ 
Round 1  |  A-B   |         |         |         |   
Round 2  |        |   A-C   |         |         |   
Round 3  |        |         |   A-D   |         |   
Round 4  |        |         |   B-C   |         |   
Round 5  |        |         |         |   B-D   |   
Round 6  |  C-D   |         |         |         |   
pairToPlace: A-B
 
*****VOLGENDE ITERATIE*****
pairs: [] & pairsUsed: [A-B, A-C, A-D, B-C, B-D, C-D]
doubles: [A-B, A-C, A-D, B-C, B-D, C-D] & doublesUsed: []
currentGame: 2 & prevGame: [0, 1, 2, 2, 3, 0]
currentRound: 5 & prevRound: [0, 1, 2, 3, 4, 5]
TEMPBOARD: 
         | Game 1 |  Game 2 |  Game 3 |  Game 4 |  
_________ ________ _________ _________ _________ 
Round 1  |  A-B   |         |         |         |   
Round 2  |        |   A-C   |         |         |   
Round 3  |        |         |   A-D   |         |   
Round 4  |        |         |   B-C   |         |   
Round 5  |        |         |         |   B-D   |   
Round 6  |  C-D   |         |         |         |   
pairToPlace: A-B
 
*****VOLGENDE ITERATIE*****
pairs: [] & pairsUsed: [A-B, A-C, A-D, B-C, B-D, C-D]
doubles: [A-B, A-C, A-D, B-C, B-D, C-D] & doublesUsed: []
currentGame: 2 & prevGame: [0, 1, 2, 2, 3, 0]
currentRound: 6 & prevRound: [0, 1, 2, 3, 4, 5]
TEMPBOARD: 
         | Game 1 |  Game 2 |  Game 3 |  Game 4 |  
_________ ________ _________ _________ _________ 
Round 1  |  A-B   |         |         |         |   
Round 2  |        |   A-C   |         |         |   
Round 3  |        |         |   A-D   |         |   
Round 4  |        |         |   B-C   |         |   
Round 5  |        |         |         |   B-D   |   
Round 6  |  C-D   |         |         |         |   
pairToPlace: A-B
 
*****VOLGENDE ITERATIE*****
pairs: [] & pairsUsed: [A-B, A-C, A-D, B-C, B-D, C-D]
doubles: [A-B, A-C, A-D, B-C, B-D, C-D] & doublesUsed: []
currentGame: 3 & prevGame: [0, 1, 2, 2, 3, 0]
currentRound: 0 & prevRound: [0, 1, 2, 3, 4, 5]
TEMPBOARD: 
         | Game 1 |  Game 2 |  Game 3 |  Game 4 |  
_________ ________ _________ _________ _________ 
Round 1  |  A-B   |         |         |         |   
Round 2  |        |   A-C   |         |         |   
Round 3  |        |         |   A-D   |         |   
Round 4  |        |         |   B-C   |         |   
Round 5  |        |         |         |   B-D   |   
Round 6  |  C-D   |         |         |         |   
pairToPlace: A-B
 
*****VOLGENDE ITERATIE*****
pairs: [] & pairsUsed: [A-B, A-C, A-D, B-C, B-D, C-D]
doubles: [A-B, A-C, A-D, B-C, B-D, C-D] & doublesUsed: []
currentGame: 3 & prevGame: [0, 1, 2, 2, 3, 0]
currentRound: 1 & prevRound: [0, 1, 2, 3, 4, 5]
TEMPBOARD: 
         | Game 1 |  Game 2 |  Game 3 |  Game 4 |  
_________ ________ _________ _________ _________ 
Round 1  |  A-B   |         |         |         |   
Round 2  |        |   A-C   |         |         |   
Round 3  |        |         |   A-D   |         |   
Round 4  |        |         |   B-C   |         |   
Round 5  |        |         |         |   B-D   |   
Round 6  |  C-D   |         |         |         |   
pairToPlace: A-B
 
*****VOLGENDE ITERATIE*****
pairs: [] & pairsUsed: [A-B, A-C, A-D, B-C, B-D, C-D]
doubles: [A-B, A-C, A-D, B-C, B-D, C-D] & doublesUsed: []
currentGame: 3 & prevGame: [0, 1, 2, 2, 3, 0]
currentRound: 2 & prevRound: [0, 1, 2, 3, 4, 5]
TEMPBOARD: 
         | Game 1 |  Game 2 |  Game 3 |  Game 4 |  
_________ ________ _________ _________ _________ 
Round 1  |  A-B   |         |         |         |   
Round 2  |        |   A-C   |         |         |   
Round 3  |        |         |   A-D   |         |   
Round 4  |        |         |   B-C   |         |   
Round 5  |        |         |         |   B-D   |   
Round 6  |  C-D   |         |         |         |   
pairToPlace: A-B
 
*****VOLGENDE ITERATIE*****
pairs: [] & pairsUsed: [A-B, A-C, A-D, B-C, B-D, C-D]
doubles: [A-B, A-C, A-D, B-C, B-D, C-D] & doublesUsed: []
currentGame: 3 & prevGame: [0, 1, 2, 2, 3, 0]
currentRound: 3 & prevRound: [0, 1, 2, 3, 4, 5]
TEMPBOARD: 
         | Game 1 |  Game 2 |  Game 3 |  Game 4 |  
_________ ________ _________ _________ _________ 
Round 1  |  A-B   |         |         |         |   
Round 2  |        |   A-C   |         |         |   
Round 3  |        |         |   A-D   |         |   
Round 4  |        |         |   B-C   |         |   
Round 5  |        |         |         |   B-D   |   
Round 6  |  C-D   |         |         |         |   
pairToPlace: A-B
 
*****VOLGENDE ITERATIE*****
pairs: [] & pairsUsed: [A-B, A-C, A-D, B-C, B-D, C-D]
doubles: [A-B, A-C, A-D, B-C, B-D, C-D] & doublesUsed: []
currentGame: 3 & prevGame: [0, 1, 2, 2, 3, 0]
currentRound: 4 & prevRound: [0, 1, 2, 3, 4, 5]
TEMPBOARD: 
         | Game 1 |  Game 2 |  Game 3 |  Game 4 |  
_________ ________ _________ _________ _________ 
Round 1  |  A-B   |         |         |         |   
Round 2  |        |   A-C   |         |         |   
Round 3  |        |         |   A-D   |         |   
Round 4  |        |         |   B-C   |         |   
Round 5  |        |         |         |   B-D   |   
Round 6  |  C-D   |         |         |         |   
pairToPlace: A-B
 
*****VOLGENDE ITERATIE*****
pairs: [] & pairsUsed: [A-B, A-C, A-D, B-C, B-D, C-D]
doubles: [A-B, A-C, A-D, B-C, B-D, C-D] & doublesUsed: []
currentGame: 3 & prevGame: [0, 1, 2, 2, 3, 0]
currentRound: 5 & prevRound: [0, 1, 2, 3, 4, 5]
TEMPBOARD: 
         | Game 1 |  Game 2 |  Game 3 |  Game 4 |  
_________ ________ _________ _________ _________ 
Round 1  |  A-B   |         |         |         |   
Round 2  |        |   A-C   |         |         |   
Round 3  |        |         |   A-D   |         |   
Round 4  |        |         |   B-C   |         |   
Round 5  |        |         |         |   B-D   |   
Round 6  |  C-D   |         |         |         |   
pairToPlace: A-B
 
*****VOLGENDE ITERATIE*****
pairs: [] & pairsUsed: [A-B, A-C, A-D, B-C, B-D, C-D]
doubles: [A-B, A-C, A-D, B-C, B-D, C-D] & doublesUsed: []
currentGame: 3 & prevGame: [0, 1, 2, 2, 3, 0]
currentRound: 6 & prevRound: [0, 1, 2, 3, 4, 5]
TEMPBOARD: 
         | Game 1 |  Game 2 |  Game 3 |  Game 4 |  
_________ ________ _________ _________ _________ 
Round 1  |  A-B   |         |         |         |   
Round 2  |        |   A-C   |         |         |   
Round 3  |        |         |   A-D   |         |   
Round 4  |        |         |   B-C   |         |   
Round 5  |        |         |         |   B-D   |   
Round 6  |  C-D   |         |         |         |   
pairToPlace: A-B
 
*****VOLGENDE ITERATIE*****
pairs: [] & pairsUsed: [A-B, A-C, A-D, B-C, B-D, C-D]
doubles: [A-B, A-C, A-D, B-C, B-D, C-D] & doublesUsed: []
currentGame: 4 & prevGame: [0, 1, 2, 2, 3, 0]
currentRound: 0 & prevRound: [0, 1, 2, 3, 4, 5]
TEMPBOARD: 
         | Game 1 |  Game 2 |  Game 3 |  Game 4 |  
_________ ________ _________ _________ _________ 
Round 1  |  A-B   |         |         |         |   
Round 2  |        |   A-C   |         |         |   
Round 3  |        |         |   A-D   |         |   
Round 4  |        |         |   B-C   |         |   
Round 5  |        |         |         |   B-D   |   
Round 6  |  C-D   |         |         |         |   
pairToPlace: A-B
 
*****VOLGENDE ITERATIE*****
pairs: [C-D] & pairsUsed: [A-B, A-C, A-D, B-C, B-D]
doubles: [A-B, A-C, A-D, B-C, B-D, C-D] & doublesUsed: []
currentGame: 0 & prevGame: [0, 1, 2, 2, 3]
currentRound: 6 & prevRound: [0, 1, 2, 3, 4]
TEMPBOARD: 
         | Game 1 |  Game 2 |  Game 3 |  Game 4 |  
_________ ________ _________ _________ _________ 
Round 1  |  A-B   |         |         |         |   
Round 2  |        |   A-C   |         |         |   
Round 3  |        |         |   A-D   |         |   
Round 4  |        |         |   B-C   |         |   
Round 5  |        |         |         |   B-D   |   
Round 6  |        |         |         |         |   
pairToPlace: C-D
 
*****VOLGENDE ITERATIE*****
pairs: [C-D] & pairsUsed: [A-B, A-C, A-D, B-C, B-D]
doubles: [A-B, A-C, A-D, B-C, B-D, C-D] & doublesUsed: []
currentGame: 1 & prevGame: [0, 1, 2, 2, 3]
currentRound: 0 & prevRound: [0, 1, 2, 3, 4]
TEMPBOARD: 
         | Game 1 |  Game 2 |  Game 3 |  Game 4 |  
_________ ________ _________ _________ _________ 
Round 1  |  A-B   |         |         |         |   
Round 2  |        |   A-C   |         |         |   
Round 3  |        |         |   A-D   |         |   
Round 4  |        |         |   B-C   |         |   
Round 5  |        |         |         |   B-D   |   
Round 6  |        |         |         |         |   
pairToPlace: C-D
 
*****VOLGENDE ITERATIE*****
pairs: [C-D] & pairsUsed: [A-B, A-C, A-D, B-C, B-D]
doubles: [A-B, A-C, A-D, B-C, B-D, C-D] & doublesUsed: []
currentGame: 1 & prevGame: [0, 1, 2, 2, 3]
currentRound: 1 & prevRound: [0, 1, 2, 3, 4]
TEMPBOARD: 
         | Game 1 |  Game 2 |  Game 3 |  Game 4 |  
_________ ________ _________ _________ _________ 
Round 1  |  A-B   |         |         |         |   
Round 2  |        |   A-C   |         |         |   
Round 3  |        |         |   A-D   |         |   
Round 4  |        |         |   B-C   |         |   
Round 5  |        |         |         |   B-D   |   
Round 6  |        |         |         |         |   
pairToPlace: C-D
 
*****VOLGENDE ITERATIE*****
pairs: [C-D] & pairsUsed: [A-B, A-C, A-D, B-C, B-D]
doubles: [A-B, A-C, A-D, B-C, B-D, C-D] & doublesUsed: []
currentGame: 1 & prevGame: [0, 1, 2, 2, 3]
currentRound: 2 & prevRound: [0, 1, 2, 3, 4]
TEMPBOARD: 
         | Game 1 |  Game 2 |  Game 3 |  Game 4 |  
_________ ________ _________ _________ _________ 
Round 1  |  A-B   |         |         |         |   
Round 2  |        |   A-C   |         |         |   
Round 3  |        |         |   A-D   |         |   
Round 4  |        |         |   B-C   |         |   
Round 5  |        |         |         |   B-D   |   
Round 6  |        |         |         |         |   
pairToPlace: C-D
 
*****VOLGENDE ITERATIE*****
pairs: [C-D] & pairsUsed: [A-B, A-C, A-D, B-C, B-D]
doubles: [A-B, A-C, A-D, B-C, B-D, C-D] & doublesUsed: []
currentGame: 1 & prevGame: [0, 1, 2, 2, 3]
currentRound: 3 & prevRound: [0, 1, 2, 3, 4]
TEMPBOARD: 
         | Game 1 |  Game 2 |  Game 3 |  Game 4 |  
_________ ________ _________ _________ _________ 
Round 1  |  A-B   |         |         |         |   
Round 2  |        |   A-C   |         |         |   
Round 3  |        |         |   A-D   |         |   
Round 4  |        |         |   B-C   |         |   
Round 5  |        |         |         |   B-D   |   
Round 6  |        |         |         |         |   
pairToPlace: C-D
 
*****VOLGENDE ITERATIE*****
pairs: [C-D] & pairsUsed: [A-B, A-C, A-D, B-C, B-D]
doubles: [A-B, A-C, A-D, B-C, B-D, C-D] & doublesUsed: []
currentGame: 1 & prevGame: [0, 1, 2, 2, 3]
currentRound: 4 & prevRound: [0, 1, 2, 3, 4]
TEMPBOARD: 
         | Game 1 |  Game 2 |  Game 3 |  Game 4 |  
_________ ________ _________ _________ _________ 
Round 1  |  A-B   |         |         |         |   
Round 2  |        |   A-C   |         |         |   
Round 3  |        |         |   A-D   |         |   
Round 4  |        |         |   B-C   |         |   
Round 5  |        |         |         |   B-D   |   
Round 6  |        |         |         |         |   
pairToPlace: C-D
 
*****VOLGENDE ITERATIE*****
pairs: [C-D] & pairsUsed: [A-B, A-C, A-D, B-C, B-D]
doubles: [A-B, A-C, A-D, B-C, B-D, C-D] & doublesUsed: []
currentGame: 1 & prevGame: [0, 1, 2, 2, 3]
currentRound: 5 & prevRound: [0, 1, 2, 3, 4]
TEMPBOARD: 
         | Game 1 |  Game 2 |  Game 3 |  Game 4 |  
_________ ________ _________ _________ _________ 
Round 1  |  A-B   |         |         |         |   
Round 2  |        |   A-C   |         |         |   
Round 3  |        |         |   A-D   |         |   
Round 4  |        |         |   B-C   |         |   
Round 5  |        |         |         |   B-D   |   
Round 6  |        |         |         |         |   
pairToPlace: C-D
 
*****VOLGENDE ITERATIE*****
pairs: [C-D] & pairsUsed: [A-B, A-C, A-D, B-C, B-D]
doubles: [A-B, A-C, A-D, B-C, B-D, C-D] & doublesUsed: []
currentGame: 1 & prevGame: [0, 1, 2, 2, 3]
currentRound: 6 & prevRound: [0, 1, 2, 3, 4]
TEMPBOARD: 
         | Game 1 |  Game 2 |  Game 3 |  Game 4 |  
_________ ________ _________ _________ _________ 
Round 1  |  A-B   |         |         |         |   
Round 2  |        |   A-C   |         |         |   
Round 3  |        |         |   A-D   |         |   
Round 4  |        |         |   B-C   |         |   
Round 5  |        |         |         |   B-D   |   
Round 6  |        |         |         |         |   
pairToPlace: C-D
 
*****VOLGENDE ITERATIE*****
pairs: [C-D] & pairsUsed: [A-B, A-C, A-D, B-C, B-D]
doubles: [A-B, A-C, A-D, B-C, B-D, C-D] & doublesUsed: []
currentGame: 2 & prevGame: [0, 1, 2, 2, 3]
currentRound: 0 & prevRound: [0, 1, 2, 3, 4]
TEMPBOARD: 
         | Game 1 |  Game 2 |  Game 3 |  Game 4 |  
_________ ________ _________ _________ _________ 
Round 1  |  A-B   |         |         |         |   
Round 2  |        |   A-C   |         |         |   
Round 3  |        |         |   A-D   |         |   
Round 4  |        |         |   B-C   |         |   
Round 5  |        |         |         |   B-D   |   
Round 6  |        |         |         |         |   
pairToPlace: C-D
 
*****VOLGENDE ITERATIE*****
pairs: [C-D] & pairsUsed: [A-B, A-C, A-D, B-C, B-D]
doubles: [A-B, A-C, A-D, B-C, B-D, C-D] & doublesUsed: []
currentGame: 2 & prevGame: [0, 1, 2, 2, 3]
currentRound: 1 & prevRound: [0, 1, 2, 3, 4]
TEMPBOARD: 
         | Game 1 |  Game 2 |  Game 3 |  Game 4 |  
_________ ________ _________ _________ _________ 
Round 1  |  A-B   |         |         |         |   
Round 2  |        |   A-C   |         |         |   
Round 3  |        |         |   A-D   |         |   
Round 4  |        |         |   B-C   |         |   
Round 5  |        |         |         |   B-D   |   
Round 6  |        |         |         |         |   
pairToPlace: C-D
 
*****VOLGENDE ITERATIE*****
pairs: [C-D] & pairsUsed: [A-B, A-C, A-D, B-C, B-D]
doubles: [A-B, A-C, A-D, B-C, B-D, C-D] & doublesUsed: []
currentGame: 2 & prevGame: [0, 1, 2, 2, 3]
currentRound: 2 & prevRound: [0, 1, 2, 3, 4]
TEMPBOARD: 
         | Game 1 |  Game 2 |  Game 3 |  Game 4 |  
_________ ________ _________ _________ _________ 
Round 1  |  A-B   |         |         |         |   
Round 2  |        |   A-C   |         |         |   
Round 3  |        |         |   A-D   |         |   
Round 4  |        |         |   B-C   |         |   
Round 5  |        |         |         |   B-D   |   
Round 6  |        |         |         |         |   
pairToPlace: C-D
 
*****VOLGENDE ITERATIE*****
pairs: [C-D] & pairsUsed: [A-B, A-C, A-D, B-C, B-D]
doubles: [A-B, A-C, A-D, B-C, B-D, C-D] & doublesUsed: []
currentGame: 2 & prevGame: [0, 1, 2, 2, 3]
currentRound: 3 & prevRound: [0, 1, 2, 3, 4]
TEMPBOARD: 
         | Game 1 |  Game 2 |  Game 3 |  Game 4 |  
_________ ________ _________ _________ _________ 
Round 1  |  A-B   |         |         |         |   
Round 2  |        |   A-C   |         |         |   
Round 3  |        |         |   A-D   |         |   
Round 4  |        |         |   B-C   |         |   
Round 5  |        |         |         |   B-D   |   
Round 6  |        |         |         |         |   
pairToPlace: C-D
 
*****VOLGENDE ITERATIE*****
pairs: [C-D] & pairsUsed: [A-B, A-C, A-D, B-C, B-D]
doubles: [A-B, A-C, A-D, B-C, B-D, C-D] & doublesUsed: []
currentGame: 2 & prevGame: [0, 1, 2, 2, 3]
currentRound: 4 & prevRound: [0, 1, 2, 3, 4]
TEMPBOARD: 
         | Game 1 |  Game 2 |  Game 3 |  Game 4 |  
_________ ________ _________ _________ _________ 
Round 1  |  A-B   |         |         |         |   
Round 2  |        |   A-C   |         |         |   
Round 3  |        |         |   A-D   |         |   
Round 4  |        |         |   B-C   |         |   
Round 5  |        |         |         |   B-D   |   
Round 6  |        |         |         |         |   
pairToPlace: C-D
 
*****VOLGENDE ITERATIE*****
pairs: [C-D] & pairsUsed: [A-B, A-C, A-D, B-C, B-D]
doubles: [A-B, A-C, A-D, B-C, B-D, C-D] & doublesUsed: []
currentGame: 2 & prevGame: [0, 1, 2, 2, 3]
currentRound: 5 & prevRound: [0, 1, 2, 3, 4]
TEMPBOARD: 
         | Game 1 |  Game 2 |  Game 3 |  Game 4 |  
_________ ________ _________ _________ _________ 
Round 1  |  A-B   |         |         |         |   
Round 2  |        |   A-C   |         |         |   
Round 3  |        |         |   A-D   |         |   
Round 4  |        |         |   B-C   |         |   
Round 5  |        |         |         |   B-D   |   
Round 6  |        |         |         |         |   
pairToPlace: C-D
 
*****VOLGENDE ITERATIE*****
pairs: [C-D] & pairsUsed: [A-B, A-C, A-D, B-C, B-D]
doubles: [A-B, A-C, A-D, B-C, B-D, C-D] & doublesUsed: []
currentGame: 2 & prevGame: [0, 1, 2, 2, 3]
currentRound: 6 & prevRound: [0, 1, 2, 3, 4]
TEMPBOARD: 
         | Game 1 |  Game 2 |  Game 3 |  Game 4 |  
_________ ________ _________ _________ _________ 
Round 1  |  A-B   |         |         |         |   
Round 2  |        |   A-C   |         |         |   
Round 3  |        |         |   A-D   |         |   
Round 4  |        |         |   B-C   |         |   
Round 5  |        |         |         |   B-D   |   
Round 6  |        |         |         |         |   
pairToPlace: C-D
 
*****VOLGENDE ITERATIE*****
pairs: [C-D] & pairsUsed: [A-B, A-C, A-D, B-C, B-D]
doubles: [A-B, A-C, A-D, B-C, B-D, C-D] & doublesUsed: []
currentGame: 3 & prevGame: [0, 1, 2, 2, 3]
currentRound: 0 & prevRound: [0, 1, 2, 3, 4]
TEMPBOARD: 
         | Game 1 |  Game 2 |  Game 3 |  Game 4 |  
_________ ________ _________ _________ _________ 
Round 1  |  A-B   |         |         |         |   
Round 2  |        |   A-C   |         |         |   
Round 3  |        |         |   A-D   |         |   
Round 4  |        |         |   B-C   |         |   
Round 5  |        |         |         |   B-D   |   
Round 6  |        |         |         |         |   
pairToPlace: C-D
 
*****VOLGENDE ITERATIE*****
pairs: [C-D] & pairsUsed: [A-B, A-C, A-D, B-C, B-D]
doubles: [A-B, A-C, A-D, B-C, B-D, C-D] & doublesUsed: []
currentGame: 3 & prevGame: [0, 1, 2, 2, 3]
currentRound: 1 & prevRound: [0, 1, 2, 3, 4]
TEMPBOARD: 
         | Game 1 |  Game 2 |  Game 3 |  Game 4 |  
_________ ________ _________ _________ _________ 
Round 1  |  A-B   |         |         |         |   
Round 2  |        |   A-C   |         |         |   
Round 3  |        |         |   A-D   |         |   
Round 4  |        |         |   B-C   |         |   
Round 5  |        |         |         |   B-D   |   
Round 6  |        |         |         |         |   
pairToPlace: C-D
 
*****VOLGENDE ITERATIE*****
pairs: [C-D] & pairsUsed: [A-B, A-C, A-D, B-C, B-D]
doubles: [A-B, A-C, A-D, B-C, B-D, C-D] & doublesUsed: []
currentGame: 3 & prevGame: [0, 1, 2, 2, 3]
currentRound: 2 & prevRound: [0, 1, 2, 3, 4]
TEMPBOARD: 
         | Game 1 |  Game 2 |  Game 3 |  Game 4 |  
_________ ________ _________ _________ _________ 
Round 1  |  A-B   |         |         |         |   
Round 2  |        |   A-C   |         |         |   
Round 3  |        |         |   A-D   |         |   
Round 4  |        |         |   B-C   |         |   
Round 5  |        |         |         |   B-D   |   
Round 6  |        |         |         |         |   
pairToPlace: C-D
 
*****VOLGENDE ITERATIE*****
pairs: [C-D] & pairsUsed: [A-B, A-C, A-D, B-C, B-D]
doubles: [A-B, A-C, A-D, B-C, B-D, C-D] & doublesUsed: []
currentGame: 3 & prevGame: [0, 1, 2, 2, 3]
currentRound: 3 & prevRound: [0, 1, 2, 3, 4]
TEMPBOARD: 
         | Game 1 |  Game 2 |  Game 3 |  Game 4 |  
_________ ________ _________ _________ _________ 
Round 1  |  A-B   |         |         |         |   
Round 2  |        |   A-C   |         |         |   
Round 3  |        |         |   A-D   |         |   
Round 4  |        |         |   B-C   |         |   
Round 5  |        |         |         |   B-D   |   
Round 6  |        |         |         |         |   
pairToPlace: C-D
 
*****VOLGENDE ITERATIE*****
pairs: [C-D] & pairsUsed: [A-B, A-C, A-D, B-C, B-D]
doubles: [A-B, A-C, A-D, B-C, B-D, C-D] & doublesUsed: []
currentGame: 3 & prevGame: [0, 1, 2, 2, 3]
currentRound: 4 & prevRound: [0, 1, 2, 3, 4]
TEMPBOARD: 
         | Game 1 |  Game 2 |  Game 3 |  Game 4 |  
_________ ________ _________ _________ _________ 
Round 1  |  A-B   |         |         |         |   
Round 2  |        |   A-C   |         |         |   
Round 3  |        |         |   A-D   |         |   
Round 4  |        |         |   B-C   |         |   
Round 5  |        |         |         |   B-D   |   
Round 6  |        |         |         |         |   
pairToPlace: C-D
 
*****VOLGENDE ITERATIE*****
pairs: [C-D] & pairsUsed: [A-B, A-C, A-D, B-C, B-D]
doubles: [A-B, A-C, A-D, B-C, B-D, C-D] & doublesUsed: []
currentGame: 3 & prevGame: [0, 1, 2, 2, 3]
currentRound: 5 & prevRound: [0, 1, 2, 3, 4]
TEMPBOARD: 
         | Game 1 |  Game 2 |  Game 3 |  Game 4 |  
_________ ________ _________ _________ _________ 
Round 1  |  A-B   |         |         |         |   
Round 2  |        |   A-C   |         |         |   
Round 3  |        |         |   A-D   |         |   
Round 4  |        |         |   B-C   |         |   
Round 5  |        |         |         |   B-D   |   
Round 6  |        |         |         |         |   
pairToPlace: C-D
 
*****VOLGENDE ITERATIE*****
pairs: [C-D] & pairsUsed: [A-B, A-C, A-D, B-C, B-D]
doubles: [A-B, A-C, A-D, B-C, B-D, C-D] & doublesUsed: []
currentGame: 3 & prevGame: [0, 1, 2, 2, 3]
currentRound: 6 & prevRound: [0, 1, 2, 3, 4]
TEMPBOARD: 
         | Game 1 |  Game 2 |  Game 3 |  Game 4 |  
_________ ________ _________ _________ _________ 
Round 1  |  A-B   |         |         |         |   
Round 2  |        |   A-C   |         |         |   
Round 3  |        |         |   A-D   |         |   
Round 4  |        |         |   B-C   |         |   
Round 5  |        |         |         |   B-D   |   
Round 6  |        |         |         |         |   
pairToPlace: C-D
 
*****VOLGENDE ITERATIE*****
pairs: [C-D] & pairsUsed: [A-B, A-C, A-D, B-C, B-D]
doubles: [A-B, A-C, A-D, B-C, B-D, C-D] & doublesUsed: []
currentGame: 4 & prevGame: [0, 1, 2, 2, 3]
currentRound: 0 & prevRound: [0, 1, 2, 3, 4]
TEMPBOARD: 
         | Game 1 |  Game 2 |  Game 3 |  Game 4 |  
_________ ________ _________ _________ _________ 
Round 1  |  A-B   |         |         |         |   
Round 2  |        |   A-C   |         |         |   
Round 3  |        |         |   A-D   |         |   
Round 4  |        |         |   B-C   |         |   
Round 5  |        |         |         |   B-D   |   
Round 6  |        |         |         |         |   
pairToPlace: C-D
 
*****VOLGENDE ITERATIE*****
pairs: [B-D, C-D] & pairsUsed: [A-B, A-C, A-D, B-C]
doubles: [A-B, A-C, A-D, B-C, B-D, C-D] & doublesUsed: []
currentGame: 3 & prevGame: [0, 1, 2, 2]
currentRound: 5 & prevRound: [0, 1, 2, 3]
TEMPBOARD: 
         | Game 1 |  Game 2 |  Game 3 |  Game 4 |  
_________ ________ _________ _________ _________ 
Round 1  |  A-B   |         |         |         |   
Round 2  |        |   A-C   |         |         |   
Round 3  |        |         |   A-D   |         |   
Round 4  |        |         |   B-C   |         |   
Round 5  |        |         |         |         |   
Round 6  |        |         |         |         |   
pairToPlace: B-D
 
*****VOLGENDE ITERATIE*****
pairs: [C-D] & pairsUsed: [A-B, A-C, A-D, B-C, B-D]
doubles: [A-B, A-C, A-D, B-C, B-D, C-D] & doublesUsed: []
currentGame: 0 & prevGame: [0, 1, 2, 2, 3]
currentRound: 0 & prevRound: [0, 1, 2, 3, 5]
TEMPBOARD: 
         | Game 1 |  Game 2 |  Game 3 |  Game 4 |  
_________ ________ _________ _________ _________ 
Round 1  |  A-B   |         |         |         |   
Round 2  |        |   A-C   |         |         |   
Round 3  |        |         |   A-D   |         |   
Round 4  |        |         |   B-C   |         |   
Round 5  |        |         |         |         |   
Round 6  |        |         |         |   B-D   |   
pairToPlace: C-D
 
*****VOLGENDE ITERATIE*****
pairs: [C-D] & pairsUsed: [A-B, A-C, A-D, B-C, B-D]
doubles: [A-B, A-C, A-D, B-C, B-D, C-D] & doublesUsed: []
currentGame: 0 & prevGame: [0, 1, 2, 2, 3]
currentRound: 1 & prevRound: [0, 1, 2, 3, 5]
TEMPBOARD: 
         | Game 1 |  Game 2 |  Game 3 |  Game 4 |  
_________ ________ _________ _________ _________ 
Round 1  |  A-B   |         |         |         |   
Round 2  |        |   A-C   |         |         |   
Round 3  |        |         |   A-D   |         |   
Round 4  |        |         |   B-C   |         |   
Round 5  |        |         |         |         |   
Round 6  |        |         |         |   B-D   |   
pairToPlace: C-D
 
*****VOLGENDE ITERATIE*****
pairs: [C-D] & pairsUsed: [A-B, A-C, A-D, B-C, B-D]
doubles: [A-B, A-C, A-D, B-C, B-D, C-D] & doublesUsed: []
currentGame: 0 & prevGame: [0, 1, 2, 2, 3]
currentRound: 2 & prevRound: [0, 1, 2, 3, 5]
TEMPBOARD: 
         | Game 1 |  Game 2 |  Game 3 |  Game 4 |  
_________ ________ _________ _________ _________ 
Round 1  |  A-B   |         |         |         |   
Round 2  |        |   A-C   |         |         |   
Round 3  |        |         |   A-D   |         |   
Round 4  |        |         |   B-C   |         |   
Round 5  |        |         |         |         |   
Round 6  |        |         |         |   B-D   |   
pairToPlace: C-D
 
*****VOLGENDE ITERATIE*****
pairs: [C-D] & pairsUsed: [A-B, A-C, A-D, B-C, B-D]
doubles: [A-B, A-C, A-D, B-C, B-D, C-D] & doublesUsed: []
currentGame: 0 & prevGame: [0, 1, 2, 2, 3]
currentRound: 3 & prevRound: [0, 1, 2, 3, 5]
TEMPBOARD: 
         | Game 1 |  Game 2 |  Game 3 |  Game 4 |  
_________ ________ _________ _________ _________ 
Round 1  |  A-B   |         |         |         |   
Round 2  |        |   A-C   |         |         |   
Round 3  |        |         |   A-D   |         |   
Round 4  |        |         |   B-C   |         |   
Round 5  |        |         |         |         |   
Round 6  |        |         |         |   B-D   |   
pairToPlace: C-D
 
*****VOLGENDE ITERATIE*****
pairs: [C-D] & pairsUsed: [A-B, A-C, A-D, B-C, B-D]
doubles: [A-B, A-C, A-D, B-C, B-D, C-D] & doublesUsed: []
currentGame: 0 & prevGame: [0, 1, 2, 2, 3]
currentRound: 4 & prevRound: [0, 1, 2, 3, 5]
TEMPBOARD: 
         | Game 1 |  Game 2 |  Game 3 |  Game 4 |  
_________ ________ _________ _________ _________ 
Round 1  |  A-B   |         |         |         |   
Round 2  |        |   A-C   |         |         |   
Round 3  |        |         |   A-D   |         |   
Round 4  |        |         |   B-C   |         |   
Round 5  |        |         |         |         |   
Round 6  |        |         |         |   B-D   |   
pairToPlace: C-D
 
*****VOLGENDE ITERATIE*****
pairs: [] & pairsUsed: [A-B, A-C, A-D, B-C, B-D, C-D]
doubles: [A-B, A-C, A-D, B-C, B-D, C-D] & doublesUsed: []
currentGame: 0 & prevGame: [0, 1, 2, 2, 3, 0]
currentRound: 0 & prevRound: [0, 1, 2, 3, 5, 4]
TEMPBOARD: 
         | Game 1 |  Game 2 |  Game 3 |  Game 4 |  
_________ ________ _________ _________ _________ 
Round 1  |  A-B   |         |         |         |   
Round 2  |        |   A-C   |         |         |   
Round 3  |        |         |   A-D   |         |   
Round 4  |        |         |   B-C   |         |   
Round 5  |  C-D   |         |         |         |   
Round 6  |        |         |         |   B-D   |   
pairToPlace: A-B
 
*****VOLGENDE ITERATIE*****
pairs: [] & pairsUsed: [A-B, A-C, A-D, B-C, B-D, C-D]
doubles: [A-B, A-C, A-D, B-C, B-D, C-D] & doublesUsed: []
currentGame: 0 & prevGame: [0, 1, 2, 2, 3, 0]
currentRound: 1 & prevRound: [0, 1, 2, 3, 5, 4]
TEMPBOARD: 
         | Game 1 |  Game 2 |  Game 3 |  Game 4 |  
_________ ________ _________ _________ _________ 
Round 1  |  A-B   |         |         |         |   
Round 2  |        |   A-C   |         |         |   
Round 3  |        |         |   A-D   |         |   
Round 4  |        |         |   B-C   |         |   
Round 5  |  C-D   |         |         |         |   
Round 6  |        |         |         |   B-D   |   
pairToPlace: A-B
 
*****VOLGENDE ITERATIE*****
pairs: [] & pairsUsed: [A-B, A-C, A-D, B-C, B-D, C-D]
doubles: [A-B, A-C, A-D, B-C, B-D, C-D] & doublesUsed: []
currentGame: 0 & prevGame: [0, 1, 2, 2, 3, 0]
currentRound: 2 & prevRound: [0, 1, 2, 3, 5, 4]
TEMPBOARD: 
         | Game 1 |  Game 2 |  Game 3 |  Game 4 |  
_________ ________ _________ _________ _________ 
Round 1  |  A-B   |         |         |         |   
Round 2  |        |   A-C   |         |         |   
Round 3  |        |         |   A-D   |         |   
Round 4  |        |         |   B-C   |         |   
Round 5  |  C-D   |         |         |         |   
Round 6  |        |         |         |   B-D   |   
pairToPlace: A-B
 
*****VOLGENDE ITERATIE*****
pairs: [] & pairsUsed: [A-B, A-C, A-D, B-C, B-D, C-D]
doubles: [A-B, A-C, A-D, B-C, B-D, C-D] & doublesUsed: []
currentGame: 0 & prevGame: [0, 1, 2, 2, 3, 0]
currentRound: 3 & prevRound: [0, 1, 2, 3, 5, 4]
TEMPBOARD: 
         | Game 1 |  Game 2 |  Game 3 |  Game 4 |  
_________ ________ _________ _________ _________ 
Round 1  |  A-B   |         |         |         |   
Round 2  |        |   A-C   |         |         |   
Round 3  |        |         |   A-D   |         |   
Round 4  |        |         |   B-C   |         |   
Round 5  |  C-D   |         |         |         |   
Round 6  |        |         |         |   B-D   |   
pairToPlace: A-B
 
*****VOLGENDE ITERATIE*****
pairs: [] & pairsUsed: [A-B, A-C, A-D, B-C, B-D, C-D]
doubles: [A-B, A-C, A-D, B-C, B-D, C-D] & doublesUsed: []
currentGame: 0 & prevGame: [0, 1, 2, 2, 3, 0]
currentRound: 4 & prevRound: [0, 1, 2, 3, 5, 4]
TEMPBOARD: 
         | Game 1 |  Game 2 |  Game 3 |  Game 4 |  
_________ ________ _________ _________ _________ 
Round 1  |  A-B   |         |         |         |   
Round 2  |        |   A-C   |         |         |   
Round 3  |        |         |   A-D   |         |   
Round 4  |        |         |   B-C   |         |   
Round 5  |  C-D   |         |         |         |   
Round 6  |        |         |         |   B-D   |   
pairToPlace: A-B
 
*****VOLGENDE ITERATIE*****
pairs: [] & pairsUsed: [A-B, A-C, A-D, B-C, B-D, C-D]
doubles: [A-B, A-C, A-D, B-C, B-D, C-D] & doublesUsed: []
currentGame: 0 & prevGame: [0, 1, 2, 2, 3, 0]
currentRound: 5 & prevRound: [0, 1, 2, 3, 5, 4]
TEMPBOARD: 
         | Game 1 |  Game 2 |  Game 3 |  Game 4 |  
_________ ________ _________ _________ _________ 
Round 1  |  A-B   |         |         |         |   
Round 2  |        |   A-C   |         |         |   
Round 3  |        |         |   A-D   |         |   
Round 4  |        |         |   B-C   |         |   
Round 5  |  C-D   |         |         |         |   
Round 6  |        |         |         |   B-D   |   
pairToPlace: A-B
 
*****VOLGENDE ITERATIE*****
pairs: [] & pairsUsed: [A-B, A-C, A-D, B-C, B-D, C-D]
doubles: [A-B, A-C, A-D, B-C, B-D, C-D] & doublesUsed: []
currentGame: 0 & prevGame: [0, 1, 2, 2, 3, 0]
currentRound: 6 & prevRound: [0, 1, 2, 3, 5, 4]
TEMPBOARD: 
         | Game 1 |  Game 2 |  Game 3 |  Game 4 |  
_________ ________ _________ _________ _________ 
Round 1  |  A-B   |         |         |         |   
Round 2  |        |   A-C   |         |         |   
Round 3  |        |         |   A-D   |         |   
Round 4  |        |         |   B-C   |         |   
Round 5  |  C-D   |         |         |         |   
Round 6  |        |         |         |   B-D   |   
pairToPlace: A-B
 
*****VOLGENDE ITERATIE*****
pairs: [] & pairsUsed: [A-B, A-C, A-D, B-C, B-D, C-D]
doubles: [A-B, A-C, A-D, B-C, B-D, C-D] & doublesUsed: []
currentGame: 1 & prevGame: [0, 1, 2, 2, 3, 0]
currentRound: 0 & prevRound: [0, 1, 2, 3, 5, 4]
TEMPBOARD: 
         | Game 1 |  Game 2 |  Game 3 |  Game 4 |  
_________ ________ _________ _________ _________ 
Round 1  |  A-B   |         |         |         |   
Round 2  |        |   A-C   |         |         |   
Round 3  |        |         |   A-D   |         |   
Round 4  |        |         |   B-C   |         |   
Round 5  |  C-D   |         |         |         |   
Round 6  |        |         |         |   B-D   |   
pairToPlace: A-B
 
*****VOLGENDE ITERATIE*****
pairs: [] & pairsUsed: [A-B, A-C, A-D, B-C, B-D, C-D]
doubles: [A-B, A-C, A-D, B-C, B-D, C-D] & doublesUsed: []
currentGame: 1 & prevGame: [0, 1, 2, 2, 3, 0]
currentRound: 1 & prevRound: [0, 1, 2, 3, 5, 4]
TEMPBOARD: 
         | Game 1 |  Game 2 |  Game 3 |  Game 4 |  
_________ ________ _________ _________ _________ 
Round 1  |  A-B   |         |         |         |   
Round 2  |        |   A-C   |         |         |   
Round 3  |        |         |   A-D   |         |   
Round 4  |        |         |   B-C   |         |   
Round 5  |  C-D   |         |         |         |   
Round 6  |        |         |         |   B-D   |   
pairToPlace: A-B
 
*****VOLGENDE ITERATIE*****
pairs: [] & pairsUsed: [A-B, A-C, A-D, B-C, B-D, C-D]
doubles: [A-B, A-C, A-D, B-C, B-D, C-D] & doublesUsed: []
currentGame: 1 & prevGame: [0, 1, 2, 2, 3, 0]
currentRound: 2 & prevRound: [0, 1, 2, 3, 5, 4]
TEMPBOARD: 
         | Game 1 |  Game 2 |  Game 3 |  Game 4 |  
_________ ________ _________ _________ _________ 
Round 1  |  A-B   |         |         |         |   
Round 2  |        |   A-C   |         |         |   
Round 3  |        |         |   A-D   |         |   
Round 4  |        |         |   B-C   |         |   
Round 5  |  C-D   |         |         |         |   
Round 6  |        |         |         |   B-D   |   
pairToPlace: A-B
 
*****VOLGENDE ITERATIE*****
pairs: [] & pairsUsed: [A-B, A-C, A-D, B-C, B-D, C-D]
doubles: [A-B, A-C, A-D, B-C, B-D, C-D] & doublesUsed: []
currentGame: 1 & prevGame: [0, 1, 2, 2, 3, 0]
currentRound: 3 & prevRound: [0, 1, 2, 3, 5, 4]
TEMPBOARD: 
         | Game 1 |  Game 2 |  Game 3 |  Game 4 |  
_________ ________ _________ _________ _________ 
Round 1  |  A-B   |         |         |         |   
Round 2  |        |   A-C   |         |         |   
Round 3  |        |         |   A-D   |         |   
Round 4  |        |         |   B-C   |         |   
Round 5  |  C-D   |         |         |         |   
Round 6  |        |         |         |   B-D   |   
pairToPlace: A-B
 
*****VOLGENDE ITERATIE*****
pairs: [] & pairsUsed: [A-B, A-C, A-D, B-C, B-D, C-D]
doubles: [A-B, A-C, A-D, B-C, B-D, C-D] & doublesUsed: []
currentGame: 1 & prevGame: [0, 1, 2, 2, 3, 0]
currentRound: 4 & prevRound: [0, 1, 2, 3, 5, 4]
TEMPBOARD: 
         | Game 1 |  Game 2 |  Game 3 |  Game 4 |  
_________ ________ _________ _________ _________ 
Round 1  |  A-B   |         |         |         |   
Round 2  |        |   A-C   |         |         |   
Round 3  |        |         |   A-D   |         |   
Round 4  |        |         |   B-C   |         |   
Round 5  |  C-D   |         |         |         |   
Round 6  |        |         |         |   B-D   |   
pairToPlace: A-B
 
*****VOLGENDE ITERATIE*****
pairs: [] & pairsUsed: [A-B, A-C, A-D, B-C, B-D, C-D]
doubles: [A-B, A-C, A-D, B-C, B-D, C-D] & doublesUsed: []
currentGame: 1 & prevGame: [0, 1, 2, 2, 3, 0]
currentRound: 5 & prevRound: [0, 1, 2, 3, 5, 4]
TEMPBOARD: 
         | Game 1 |  Game 2 |  Game 3 |  Game 4 |  
_________ ________ _________ _________ _________ 
Round 1  |  A-B   |         |         |         |   
Round 2  |        |   A-C   |         |         |   
Round 3  |        |         |   A-D   |         |   
Round 4  |        |         |   B-C   |         |   
Round 5  |  C-D   |         |         |         |   
Round 6  |        |         |         |   B-D   |   
pairToPlace: A-B
 
*****VOLGENDE ITERATIE*****
pairs: [] & pairsUsed: [A-B, A-C, A-D, B-C, B-D, C-D]
doubles: [A-B, A-C, A-D, B-C, B-D, C-D] & doublesUsed: []
currentGame: 1 & prevGame: [0, 1, 2, 2, 3, 0]
currentRound: 6 & prevRound: [0, 1, 2, 3, 5, 4]
TEMPBOARD: 
         | Game 1 |  Game 2 |  Game 3 |  Game 4 |  
_________ ________ _________ _________ _________ 
Round 1  |  A-B   |         |         |         |   
Round 2  |        |   A-C   |         |         |   
Round 3  |        |         |   A-D   |         |   
Round 4  |        |         |   B-C   |         |   
Round 5  |  C-D   |         |         |         |   
Round 6  |        |         |         |   B-D   |   
pairToPlace: A-B
 
*****VOLGENDE ITERATIE*****
pairs: [] & pairsUsed: [A-B, A-C, A-D, B-C, B-D, C-D]
doubles: [A-B, A-C, A-D, B-C, B-D, C-D] & doublesUsed: []
currentGame: 2 & prevGame: [0, 1, 2, 2, 3, 0]
currentRound: 0 & prevRound: [0, 1, 2, 3, 5, 4]
TEMPBOARD: 
         | Game 1 |  Game 2 |  Game 3 |  Game 4 |  
_________ ________ _________ _________ _________ 
Round 1  |  A-B   |         |         |         |   
Round 2  |        |   A-C   |         |         |   
Round 3  |        |         |   A-D   |         |   
Round 4  |        |         |   B-C   |         |   
Round 5  |  C-D   |         |         |         |   
Round 6  |        |         |         |   B-D   |   
pairToPlace: A-B
 
*****VOLGENDE ITERATIE*****
pairs: [] & pairsUsed: [A-B, A-C, A-D, B-C, B-D, C-D]
doubles: [A-B, A-C, A-D, B-C, B-D, C-D] & doublesUsed: []
currentGame: 2 & prevGame: [0, 1, 2, 2, 3, 0]
currentRound: 1 & prevRound: [0, 1, 2, 3, 5, 4]
TEMPBOARD: 
         | Game 1 |  Game 2 |  Game 3 |  Game 4 |  
_________ ________ _________ _________ _________ 
Round 1  |  A-B   |         |         |         |   
Round 2  |        |   A-C   |         |         |   
Round 3  |        |         |   A-D   |         |   
Round 4  |        |         |   B-C   |         |   
Round 5  |  C-D   |         |         |         |   
Round 6  |        |         |         |   B-D   |   
pairToPlace: A-B
 
*****VOLGENDE ITERATIE*****
pairs: [] & pairsUsed: [A-B, A-C, A-D, B-C, B-D, C-D]
doubles: [A-B, A-C, A-D, B-C, B-D, C-D] & doublesUsed: []
currentGame: 2 & prevGame: [0, 1, 2, 2, 3, 0]
currentRound: 2 & prevRound: [0, 1, 2, 3, 5, 4]
TEMPBOARD: 
         | Game 1 |  Game 2 |  Game 3 |  Game 4 |  
_________ ________ _________ _________ _________ 
Round 1  |  A-B   |         |         |         |   
Round 2  |        |   A-C   |         |         |   
Round 3  |        |         |   A-D   |         |   
Round 4  |        |         |   B-C   |         |   
Round 5  |  C-D   |         |         |         |   
Round 6  |        |         |         |   B-D   |   
pairToPlace: A-B
 
*****VOLGENDE ITERATIE*****
pairs: [] & pairsUsed: [A-B, A-C, A-D, B-C, B-D, C-D]
doubles: [A-B, A-C, A-D, B-C, B-D, C-D] & doublesUsed: []
currentGame: 2 & prevGame: [0, 1, 2, 2, 3, 0]
currentRound: 3 & prevRound: [0, 1, 2, 3, 5, 4]
TEMPBOARD: 
         | Game 1 |  Game 2 |  Game 3 |  Game 4 |  
_________ ________ _________ _________ _________ 
Round 1  |  A-B   |         |         |         |   
Round 2  |        |   A-C   |         |         |   
Round 3  |        |         |   A-D   |         |   
Round 4  |        |         |   B-C   |         |   
Round 5  |  C-D   |         |         |         |   
Round 6  |        |         |         |   B-D   |   
pairToPlace: A-B
 
*****VOLGENDE ITERATIE*****
pairs: [] & pairsUsed: [A-B, A-C, A-D, B-C, B-D, C-D]
doubles: [A-B, A-C, A-D, B-C, B-D, C-D] & doublesUsed: []
currentGame: 2 & prevGame: [0, 1, 2, 2, 3, 0]
currentRound: 4 & prevRound: [0, 1, 2, 3, 5, 4]
TEMPBOARD: 
         | Game 1 |  Game 2 |  Game 3 |  Game 4 |  
_________ ________ _________ _________ _________ 
Round 1  |  A-B   |         |         |         |   
Round 2  |        |   A-C   |         |         |   
Round 3  |        |         |   A-D   |         |   
Round 4  |        |         |   B-C   |         |   
Round 5  |  C-D   |         |         |         |   
Round 6  |        |         |         |   B-D   |   
pairToPlace: A-B
 
*****VOLGENDE ITERATIE*****
pairs: [] & pairsUsed: [A-B, A-C, A-D, B-C, B-D, C-D]
doubles: [A-B, A-C, A-D, B-C, B-D, C-D] & doublesUsed: []
currentGame: 2 & prevGame: [0, 1, 2, 2, 3, 0]
currentRound: 5 & prevRound: [0, 1, 2, 3, 5, 4]
TEMPBOARD: 
         | Game 1 |  Game 2 |  Game 3 |  Game 4 |  
_________ ________ _________ _________ _________ 
Round 1  |  A-B   |         |         |         |   
Round 2  |        |   A-C   |         |         |   
Round 3  |        |         |   A-D   |         |   
Round 4  |        |         |   B-C   |         |   
Round 5  |  C-D   |         |         |         |   
Round 6  |        |         |         |   B-D   |   
pairToPlace: A-B
 
*****VOLGENDE ITERATIE*****
pairs: [] & pairsUsed: [A-B, A-C, A-D, B-C, B-D, C-D]
doubles: [A-B, A-C, A-D, B-C, B-D, C-D] & doublesUsed: []
currentGame: 2 & prevGame: [0, 1, 2, 2, 3, 0]
currentRound: 6 & prevRound: [0, 1, 2, 3, 5, 4]
TEMPBOARD: 
         | Game 1 |  Game 2 |  Game 3 |  Game 4 |  
_________ ________ _________ _________ _________ 
Round 1  |  A-B   |         |         |         |   
Round 2  |        |   A-C   |         |         |   
Round 3  |        |         |   A-D   |         |   
Round 4  |        |         |   B-C   |         |   
Round 5  |  C-D   |         |         |         |   
Round 6  |        |         |         |   B-D   |   
pairToPlace: A-B
 
*****VOLGENDE ITERATIE*****
pairs: [] & pairsUsed: [A-B, A-C, A-D, B-C, B-D, C-D]
doubles: [A-B, A-C, A-D, B-C, B-D, C-D] & doublesUsed: []
currentGame: 3 & prevGame: [0, 1, 2, 2, 3, 0]
currentRound: 0 & prevRound: [0, 1, 2, 3, 5, 4]
TEMPBOARD: 
         | Game 1 |  Game 2 |  Game 3 |  Game 4 |  
_________ ________ _________ _________ _________ 
Round 1  |  A-B   |         |         |         |   
Round 2  |        |   A-C   |         |         |   
Round 3  |        |         |   A-D   |         |   
Round 4  |        |         |   B-C   |         |   
Round 5  |  C-D   |         |         |         |   
Round 6  |        |         |         |   B-D   |   
pairToPlace: A-B
 
*****VOLGENDE ITERATIE*****
pairs: [] & pairsUsed: [A-B, A-C, A-D, B-C, B-D, C-D]
doubles: [A-B, A-C, A-D, B-C, B-D, C-D] & doublesUsed: []
currentGame: 3 & prevGame: [0, 1, 2, 2, 3, 0]
currentRound: 1 & prevRound: [0, 1, 2, 3, 5, 4]
TEMPBOARD: 
         | Game 1 |  Game 2 |  Game 3 |  Game 4 |  
_________ ________ _________ _________ _________ 
Round 1  |  A-B   |         |         |         |   
Round 2  |        |   A-C   |         |         |   
Round 3  |        |         |   A-D   |         |   
Round 4  |        |         |   B-C   |         |   
Round 5  |  C-D   |         |         |         |   
Round 6  |        |         |         |   B-D   |   
pairToPlace: A-B
 
*****VOLGENDE ITERATIE*****
pairs: [] & pairsUsed: [A-B, A-C, A-D, B-C, B-D, C-D]
doubles: [A-B, A-C, A-D, B-C, B-D, C-D] & doublesUsed: []
currentGame: 3 & prevGame: [0, 1, 2, 2, 3, 0]
currentRound: 2 & prevRound: [0, 1, 2, 3, 5, 4]
TEMPBOARD: 
         | Game 1 |  Game 2 |  Game 3 |  Game 4 |  
_________ ________ _________ _________ _________ 
Round 1  |  A-B   |         |         |         |   
Round 2  |        |   A-C   |         |         |   
Round 3  |        |         |   A-D   |         |   
Round 4  |        |         |   B-C   |         |   
Round 5  |  C-D   |         |         |         |   
Round 6  |        |         |         |   B-D   |   
pairToPlace: A-B
 
*****VOLGENDE ITERATIE*****
pairs: [] & pairsUsed: [A-B, A-C, A-D, B-C, B-D, C-D]
doubles: [A-B, A-C, A-D, B-C, B-D, C-D] & doublesUsed: []
currentGame: 3 & prevGame: [0, 1, 2, 2, 3, 0]
currentRound: 3 & prevRound: [0, 1, 2, 3, 5, 4]
TEMPBOARD: 
         | Game 1 |  Game 2 |  Game 3 |  Game 4 |  
_________ ________ _________ _________ _________ 
Round 1  |  A-B   |         |         |         |   
Round 2  |        |   A-C   |         |         |   
Round 3  |        |         |   A-D   |         |   
Round 4  |        |         |   B-C   |         |   
Round 5  |  C-D   |         |         |         |   
Round 6  |        |         |         |   B-D   |   
pairToPlace: A-B
 
*****VOLGENDE ITERATIE*****
pairs: [] & pairsUsed: [A-B, A-C, A-D, B-C, B-D, C-D]
doubles: [A-B, A-C, A-D, B-C, B-D, C-D] & doublesUsed: []
currentGame: 3 & prevGame: [0, 1, 2, 2, 3, 0]
currentRound: 4 & prevRound: [0, 1, 2, 3, 5, 4]
TEMPBOARD: 
         | Game 1 |  Game 2 |  Game 3 |  Game 4 |  
_________ ________ _________ _________ _________ 
Round 1  |  A-B   |         |         |         |   
Round 2  |        |   A-C   |         |         |   
Round 3  |        |         |   A-D   |         |   
Round 4  |        |         |   B-C   |         |   
Round 5  |  C-D   |         |         |         |   
Round 6  |        |         |         |   B-D   |   
pairToPlace: A-B
 
*****VOLGENDE ITERATIE*****
pairs: [] & pairsUsed: [A-B, A-C, A-D, B-C, B-D, C-D]
doubles: [A-B, A-C, A-D, B-C, B-D, C-D] & doublesUsed: []
currentGame: 3 & prevGame: [0, 1, 2, 2, 3, 0]
currentRound: 5 & prevRound: [0, 1, 2, 3, 5, 4]
TEMPBOARD: 
         | Game 1 |  Game 2 |  Game 3 |  Game 4 |  
_________ ________ _________ _________ _________ 
Round 1  |  A-B   |         |         |         |   
Round 2  |        |   A-C   |         |         |   
Round 3  |        |         |   A-D   |         |   
Round 4  |        |         |   B-C   |         |   
Round 5  |  C-D   |         |         |         |   
Round 6  |        |         |         |   B-D   |   
pairToPlace: A-B
 
*****VOLGENDE ITERATIE*****
pairs: [] & pairsUsed: [A-B, A-C, A-D, B-C, B-D, C-D]
doubles: [A-B, A-C, A-D, B-C, B-D, C-D] & doublesUsed: []
currentGame: 3 & prevGame: [0, 1, 2, 2, 3, 0]
currentRound: 6 & prevRound: [0, 1, 2, 3, 5, 4]
TEMPBOARD: 
         | Game 1 |  Game 2 |  Game 3 |  Game 4 |  
_________ ________ _________ _________ _________ 
Round 1  |  A-B   |         |         |         |   
Round 2  |        |   A-C   |         |         |   
Round 3  |        |         |   A-D   |         |   
Round 4  |        |         |   B-C   |         |   
Round 5  |  C-D   |         |         |         |   
Round 6  |        |         |         |   B-D   |   
pairToPlace: A-B
 
*****VOLGENDE ITERATIE*****
pairs: [] & pairsUsed: [A-B, A-C, A-D, B-C, B-D, C-D]
doubles: [A-B, A-C, A-D, B-C, B-D, C-D] & doublesUsed: []
currentGame: 4 & prevGame: [0, 1, 2, 2, 3, 0]
currentRound: 0 & prevRound: [0, 1, 2, 3, 5, 4]
TEMPBOARD: 
         | Game 1 |  Game 2 |  Game 3 |  Game 4 |  
_________ ________ _________ _________ _________ 
Round 1  |  A-B   |         |         |         |   
Round 2  |        |   A-C   |         |         |   
Round 3  |        |         |   A-D   |         |   
Round 4  |        |         |   B-C   |         |   
Round 5  |  C-D   |         |         |         |   
Round 6  |        |         |         |   B-D   |   
pairToPlace: A-B
 
*****VOLGENDE ITERATIE*****
pairs: [C-D] & pairsUsed: [A-B, A-C, A-D, B-C, B-D]
doubles: [A-B, A-C, A-D, B-C, B-D, C-D] & doublesUsed: []
currentGame: 0 & prevGame: [0, 1, 2, 2, 3]
currentRound: 5 & prevRound: [0, 1, 2, 3, 5]
TEMPBOARD: 
         | Game 1 |  Game 2 |  Game 3 |  Game 4 |  
_________ ________ _________ _________ _________ 
Round 1  |  A-B   |         |         |         |   
Round 2  |        |   A-C   |         |         |   
Round 3  |        |         |   A-D   |         |   
Round 4  |        |         |   B-C   |         |   
Round 5  |        |         |         |         |   
Round 6  |        |         |         |   B-D   |   
pairToPlace: C-D
 
*****VOLGENDE ITERATIE*****
pairs: [C-D] & pairsUsed: [A-B, A-C, A-D, B-C, B-D]
doubles: [A-B, A-C, A-D, B-C, B-D, C-D] & doublesUsed: []
currentGame: 0 & prevGame: [0, 1, 2, 2, 3]
currentRound: 6 & prevRound: [0, 1, 2, 3, 5]
TEMPBOARD: 
         | Game 1 |  Game 2 |  Game 3 |  Game 4 |  
_________ ________ _________ _________ _________ 
Round 1  |  A-B   |         |         |         |   
Round 2  |        |   A-C   |         |         |   
Round 3  |        |         |   A-D   |         |   
Round 4  |        |         |   B-C   |         |   
Round 5  |        |         |         |         |   
Round 6  |        |         |         |   B-D   |   
pairToPlace: C-D
 
*****VOLGENDE ITERATIE*****
pairs: [C-D] & pairsUsed: [A-B, A-C, A-D, B-C, B-D]
doubles: [A-B, A-C, A-D, B-C, B-D, C-D] & doublesUsed: []
currentGame: 1 & prevGame: [0, 1, 2, 2, 3]
currentRound: 0 & prevRound: [0, 1, 2, 3, 5]
TEMPBOARD: 
         | Game 1 |  Game 2 |  Game 3 |  Game 4 |  
_________ ________ _________ _________ _________ 
Round 1  |  A-B   |         |         |         |   
Round 2  |        |   A-C   |         |         |   
Round 3  |        |         |   A-D   |         |   
Round 4  |        |         |   B-C   |         |   
Round 5  |        |         |         |         |   
Round 6  |        |         |         |   B-D   |   
pairToPlace: C-D
 
*****VOLGENDE ITERATIE*****
pairs: [C-D] & pairsUsed: [A-B, A-C, A-D, B-C, B-D]
doubles: [A-B, A-C, A-D, B-C, B-D, C-D] & doublesUsed: []
currentGame: 1 & prevGame: [0, 1, 2, 2, 3]
currentRound: 1 & prevRound: [0, 1, 2, 3, 5]
TEMPBOARD: 
         | Game 1 |  Game 2 |  Game 3 |  Game 4 |  
_________ ________ _________ _________ _________ 
Round 1  |  A-B   |         |         |         |   
Round 2  |        |   A-C   |         |         |   
Round 3  |        |         |   A-D   |         |   
Round 4  |        |         |   B-C   |         |   
Round 5  |        |         |         |         |   
Round 6  |        |         |         |   B-D   |   
pairToPlace: C-D
 
*****VOLGENDE ITERATIE*****
pairs: [C-D] & pairsUsed: [A-B, A-C, A-D, B-C, B-D]
doubles: [A-B, A-C, A-D, B-C, B-D, C-D] & doublesUsed: []
currentGame: 1 & prevGame: [0, 1, 2, 2, 3]
currentRound: 2 & prevRound: [0, 1, 2, 3, 5]
TEMPBOARD: 
         | Game 1 |  Game 2 |  Game 3 |  Game 4 |  
_________ ________ _________ _________ _________ 
Round 1  |  A-B   |         |         |         |   
Round 2  |        |   A-C   |         |         |   
Round 3  |        |         |   A-D   |         |   
Round 4  |        |         |   B-C   |         |   
Round 5  |        |         |         |         |   
Round 6  |        |         |         |   B-D   |   
pairToPlace: C-D
 
*****VOLGENDE ITERATIE*****
pairs: [C-D] & pairsUsed: [A-B, A-C, A-D, B-C, B-D]
doubles: [A-B, A-C, A-D, B-C, B-D, C-D] & doublesUsed: []
currentGame: 1 & prevGame: [0, 1, 2, 2, 3]
currentRound: 3 & prevRound: [0, 1, 2, 3, 5]
TEMPBOARD: 
         | Game 1 |  Game 2 |  Game 3 |  Game 4 |  
_________ ________ _________ _________ _________ 
Round 1  |  A-B   |         |         |         |   
Round 2  |        |   A-C   |         |         |   
Round 3  |        |         |   A-D   |         |   
Round 4  |        |         |   B-C   |         |   
Round 5  |        |         |         |         |   
Round 6  |        |         |         |   B-D   |   
pairToPlace: C-D
 
*****VOLGENDE ITERATIE*****
pairs: [C-D] & pairsUsed: [A-B, A-C, A-D, B-C, B-D]
doubles: [A-B, A-C, A-D, B-C, B-D, C-D] & doublesUsed: []
currentGame: 1 & prevGame: [0, 1, 2, 2, 3]
currentRound: 4 & prevRound: [0, 1, 2, 3, 5]
TEMPBOARD: 
         | Game 1 |  Game 2 |  Game 3 |  Game 4 |  
_________ ________ _________ _________ _________ 
Round 1  |  A-B   |         |         |         |   
Round 2  |        |   A-C   |         |         |   
Round 3  |        |         |   A-D   |         |   
Round 4  |        |         |   B-C   |         |   
Round 5  |        |         |         |         |   
Round 6  |        |         |         |   B-D   |   
pairToPlace: C-D
 
*****VOLGENDE ITERATIE*****
pairs: [C-D] & pairsUsed: [A-B, A-C, A-D, B-C, B-D]
doubles: [A-B, A-C, A-D, B-C, B-D, C-D] & doublesUsed: []
currentGame: 1 & prevGame: [0, 1, 2, 2, 3]
currentRound: 5 & prevRound: [0, 1, 2, 3, 5]
TEMPBOARD: 
         | Game 1 |  Game 2 |  Game 3 |  Game 4 |  
_________ ________ _________ _________ _________ 
Round 1  |  A-B   |         |         |         |   
Round 2  |        |   A-C   |         |         |   
Round 3  |        |         |   A-D   |         |   
Round 4  |        |         |   B-C   |         |   
Round 5  |        |         |         |         |   
Round 6  |        |         |         |   B-D   |   
pairToPlace: C-D
 
*****VOLGENDE ITERATIE*****
pairs: [C-D] & pairsUsed: [A-B, A-C, A-D, B-C, B-D]
doubles: [A-B, A-C, A-D, B-C, B-D, C-D] & doublesUsed: []
currentGame: 1 & prevGame: [0, 1, 2, 2, 3]
currentRound: 6 & prevRound: [0, 1, 2, 3, 5]
TEMPBOARD: 
         | Game 1 |  Game 2 |  Game 3 |  Game 4 |  
_________ ________ _________ _________ _________ 
Round 1  |  A-B   |         |         |         |   
Round 2  |        |   A-C   |         |         |   
Round 3  |        |         |   A-D   |         |   
Round 4  |        |         |   B-C   |         |   
Round 5  |        |         |         |         |   
Round 6  |        |         |         |   B-D   |   
pairToPlace: C-D
 
*****VOLGENDE ITERATIE*****
pairs: [C-D] & pairsUsed: [A-B, A-C, A-D, B-C, B-D]
doubles: [A-B, A-C, A-D, B-C, B-D, C-D] & doublesUsed: []
currentGame: 2 & prevGame: [0, 1, 2, 2, 3]
currentRound: 0 & prevRound: [0, 1, 2, 3, 5]
TEMPBOARD: 
         | Game 1 |  Game 2 |  Game 3 |  Game 4 |  
_________ ________ _________ _________ _________ 
Round 1  |  A-B   |         |         |         |   
Round 2  |        |   A-C   |         |         |   
Round 3  |        |         |   A-D   |         |   
Round 4  |        |         |   B-C   |         |   
Round 5  |        |         |         |         |   
Round 6  |        |         |         |   B-D   |   
pairToPlace: C-D
 
*****VOLGENDE ITERATIE*****
pairs: [C-D] & pairsUsed: [A-B, A-C, A-D, B-C, B-D]
doubles: [A-B, A-C, A-D, B-C, B-D, C-D] & doublesUsed: []
currentGame: 2 & prevGame: [0, 1, 2, 2, 3]
currentRound: 1 & prevRound: [0, 1, 2, 3, 5]
TEMPBOARD: 
         | Game 1 |  Game 2 |  Game 3 |  Game 4 |  
_________ ________ _________ _________ _________ 
Round 1  |  A-B   |         |         |         |   
Round 2  |        |   A-C   |         |         |   
Round 3  |        |         |   A-D   |         |   
Round 4  |        |         |   B-C   |         |   
Round 5  |        |         |         |         |   
Round 6  |        |         |         |   B-D   |   
pairToPlace: C-D
 
*****VOLGENDE ITERATIE*****
pairs: [C-D] & pairsUsed: [A-B, A-C, A-D, B-C, B-D]
doubles: [A-B, A-C, A-D, B-C, B-D, C-D] & doublesUsed: []
currentGame: 2 & prevGame: [0, 1, 2, 2, 3]
currentRound: 2 & prevRound: [0, 1, 2, 3, 5]
TEMPBOARD: 
         | Game 1 |  Game 2 |  Game 3 |  Game 4 |  
_________ ________ _________ _________ _________ 
Round 1  |  A-B   |         |         |         |   
Round 2  |        |   A-C   |         |         |   
Round 3  |        |         |   A-D   |         |   
Round 4  |        |         |   B-C   |         |   
Round 5  |        |         |         |         |   
Round 6  |        |         |         |   B-D   |   
pairToPlace: C-D
 
*****VOLGENDE ITERATIE*****
pairs: [C-D] & pairsUsed: [A-B, A-C, A-D, B-C, B-D]
doubles: [A-B, A-C, A-D, B-C, B-D, C-D] & doublesUsed: []
currentGame: 2 & prevGame: [0, 1, 2, 2, 3]
currentRound: 3 & prevRound: [0, 1, 2, 3, 5]
TEMPBOARD: 
         | Game 1 |  Game 2 |  Game 3 |  Game 4 |  
_________ ________ _________ _________ _________ 
Round 1  |  A-B   |         |         |         |   
Round 2  |        |   A-C   |         |         |   
Round 3  |        |         |   A-D   |         |   
Round 4  |        |         |   B-C   |         |   
Round 5  |        |         |         |         |   
Round 6  |        |         |         |   B-D   |   
pairToPlace: C-D
 
*****VOLGENDE ITERATIE*****
pairs: [C-D] & pairsUsed: [A-B, A-C, A-D, B-C, B-D]
doubles: [A-B, A-C, A-D, B-C, B-D, C-D] & doublesUsed: []
currentGame: 2 & prevGame: [0, 1, 2, 2, 3]
currentRound: 4 & prevRound: [0, 1, 2, 3, 5]
TEMPBOARD: 
         | Game 1 |  Game 2 |  Game 3 |  Game 4 |  
_________ ________ _________ _________ _________ 
Round 1  |  A-B   |         |         |         |   
Round 2  |        |   A-C   |         |         |   
Round 3  |        |         |   A-D   |         |   
Round 4  |        |         |   B-C   |         |   
Round 5  |        |         |         |         |   
Round 6  |        |         |         |   B-D   |   
pairToPlace: C-D
 
*****VOLGENDE ITERATIE*****
pairs: [C-D] & pairsUsed: [A-B, A-C, A-D, B-C, B-D]
doubles: [A-B, A-C, A-D, B-C, B-D, C-D] & doublesUsed: []
currentGame: 2 & prevGame: [0, 1, 2, 2, 3]
currentRound: 5 & prevRound: [0, 1, 2, 3, 5]
TEMPBOARD: 
         | Game 1 |  Game 2 |  Game 3 |  Game 4 |  
_________ ________ _________ _________ _________ 
Round 1  |  A-B   |         |         |         |   
Round 2  |        |   A-C   |         |         |   
Round 3  |        |         |   A-D   |         |   
Round 4  |        |         |   B-C   |         |   
Round 5  |        |         |         |         |   
Round 6  |        |         |         |   B-D   |   
pairToPlace: C-D
 
*****VOLGENDE ITERATIE*****
pairs: [C-D] & pairsUsed: [A-B, A-C, A-D, B-C, B-D]
doubles: [A-B, A-C, A-D, B-C, B-D, C-D] & doublesUsed: []
currentGame: 2 & prevGame: [0, 1, 2, 2, 3]
currentRound: 6 & prevRound: [0, 1, 2, 3, 5]
TEMPBOARD: 
         | Game 1 |  Game 2 |  Game 3 |  Game 4 |  
_________ ________ _________ _________ _________ 
Round 1  |  A-B   |         |         |         |   
Round 2  |        |   A-C   |         |         |   
Round 3  |        |         |   A-D   |         |   
Round 4  |        |         |   B-C   |         |   
Round 5  |        |         |         |         |   
Round 6  |        |         |         |   B-D   |   
pairToPlace: C-D
 
*****VOLGENDE ITERATIE*****
pairs: [C-D] & pairsUsed: [A-B, A-C, A-D, B-C, B-D]
doubles: [A-B, A-C, A-D, B-C, B-D, C-D] & doublesUsed: []
currentGame: 3 & prevGame: [0, 1, 2, 2, 3]
currentRound: 0 & prevRound: [0, 1, 2, 3, 5]
TEMPBOARD: 
         | Game 1 |  Game 2 |  Game 3 |  Game 4 |  
_________ ________ _________ _________ _________ 
Round 1  |  A-B   |         |         |         |   
Round 2  |        |   A-C   |         |         |   
Round 3  |        |         |   A-D   |         |   
Round 4  |        |         |   B-C   |         |   
Round 5  |        |         |         |         |   
Round 6  |        |         |         |   B-D   |   
pairToPlace: C-D
 
*****VOLGENDE ITERATIE*****
pairs: [C-D] & pairsUsed: [A-B, A-C, A-D, B-C, B-D]
doubles: [A-B, A-C, A-D, B-C, B-D, C-D] & doublesUsed: []
currentGame: 3 & prevGame: [0, 1, 2, 2, 3]
currentRound: 1 & prevRound: [0, 1, 2, 3, 5]
TEMPBOARD: 
         | Game 1 |  Game 2 |  Game 3 |  Game 4 |  
_________ ________ _________ _________ _________ 
Round 1  |  A-B   |         |         |         |   
Round 2  |        |   A-C   |         |         |   
Round 3  |        |         |   A-D   |         |   
Round 4  |        |         |   B-C   |         |   
Round 5  |        |         |         |         |   
Round 6  |        |         |         |   B-D   |   
pairToPlace: C-D
 
*****VOLGENDE ITERATIE*****
pairs: [C-D] & pairsUsed: [A-B, A-C, A-D, B-C, B-D]
doubles: [A-B, A-C, A-D, B-C, B-D, C-D] & doublesUsed: []
currentGame: 3 & prevGame: [0, 1, 2, 2, 3]
currentRound: 2 & prevRound: [0, 1, 2, 3, 5]
TEMPBOARD: 
         | Game 1 |  Game 2 |  Game 3 |  Game 4 |  
_________ ________ _________ _________ _________ 
Round 1  |  A-B   |         |         |         |   
Round 2  |        |   A-C   |         |         |   
Round 3  |        |         |   A-D   |         |   
Round 4  |        |         |   B-C   |         |   
Round 5  |        |         |         |         |   
Round 6  |        |         |         |   B-D   |   
pairToPlace: C-D
 
*****VOLGENDE ITERATIE*****
pairs: [C-D] & pairsUsed: [A-B, A-C, A-D, B-C, B-D]
doubles: [A-B, A-C, A-D, B-C, B-D, C-D] & doublesUsed: []
currentGame: 3 & prevGame: [0, 1, 2, 2, 3]
currentRound: 3 & prevRound: [0, 1, 2, 3, 5]
TEMPBOARD: 
         | Game 1 |  Game 2 |  Game 3 |  Game 4 |  
_________ ________ _________ _________ _________ 
Round 1  |  A-B   |         |         |         |   
Round 2  |        |   A-C   |         |         |   
Round 3  |        |         |   A-D   |         |   
Round 4  |        |         |   B-C   |         |   
Round 5  |        |         |         |         |   
Round 6  |        |         |         |   B-D   |   
pairToPlace: C-D
 
*****VOLGENDE ITERATIE*****
pairs: [C-D] & pairsUsed: [A-B, A-C, A-D, B-C, B-D]
doubles: [A-B, A-C, A-D, B-C, B-D, C-D] & doublesUsed: []
currentGame: 3 & prevGame: [0, 1, 2, 2, 3]
currentRound: 4 & prevRound: [0, 1, 2, 3, 5]
TEMPBOARD: 
         | Game 1 |  Game 2 |  Game 3 |  Game 4 |  
_________ ________ _________ _________ _________ 
Round 1  |  A-B   |         |         |         |   
Round 2  |        |   A-C   |         |         |   
Round 3  |        |         |   A-D   |         |   
Round 4  |        |         |   B-C   |         |   
Round 5  |        |         |         |         |   
Round 6  |        |         |         |   B-D   |   
pairToPlace: C-D
 
*****VOLGENDE ITERATIE*****
pairs: [C-D] & pairsUsed: [A-B, A-C, A-D, B-C, B-D]
doubles: [A-B, A-C, A-D, B-C, B-D, C-D] & doublesUsed: []
currentGame: 3 & prevGame: [0, 1, 2, 2, 3]
currentRound: 5 & prevRound: [0, 1, 2, 3, 5]
TEMPBOARD: 
         | Game 1 |  Game 2 |  Game 3 |  Game 4 |  
_________ ________ _________ _________ _________ 
Round 1  |  A-B   |         |         |         |   
Round 2  |        |   A-C   |         |         |   
Round 3  |        |         |   A-D   |         |   
Round 4  |        |         |   B-C   |         |   
Round 5  |        |         |         |         |   
Round 6  |        |         |         |   B-D   |   
pairToPlace: C-D
 
*****VOLGENDE ITERATIE*****
pairs: [C-D] & pairsUsed: [A-B, A-C, A-D, B-C, B-D]
doubles: [A-B, A-C, A-D, B-C, B-D, C-D] & doublesUsed: []
currentGame: 3 & prevGame: [0, 1, 2, 2, 3]
currentRound: 6 & prevRound: [0, 1, 2, 3, 5]
TEMPBOARD: 
         | Game 1 |  Game 2 |  Game 3 |  Game 4 |  
_________ ________ _________ _________ _________ 
Round 1  |  A-B   |         |         |         |   
Round 2  |        |   A-C   |         |         |   
Round 3  |        |         |   A-D   |         |   
Round 4  |        |         |   B-C   |         |   
Round 5  |        |         |         |         |   
Round 6  |        |         |         |   B-D   |   
pairToPlace: C-D
 
*****VOLGENDE ITERATIE*****
pairs: [C-D] & pairsUsed: [A-B, A-C, A-D, B-C, B-D]
doubles: [A-B, A-C, A-D, B-C, B-D, C-D] & doublesUsed: []
currentGame: 4 & prevGame: [0, 1, 2, 2, 3]
currentRound: 0 & prevRound: [0, 1, 2, 3, 5]
TEMPBOARD: 
         | Game 1 |  Game 2 |  Game 3 |  Game 4 |  
_________ ________ _________ _________ _________ 
Round 1  |  A-B   |         |         |         |   
Round 2  |        |   A-C   |         |         |   
Round 3  |        |         |   A-D   |         |   
Round 4  |        |         |   B-C   |         |   
Round 5  |        |         |         |         |   
Round 6  |        |         |         |   B-D   |   
pairToPlace: C-D
 
*****VOLGENDE ITERATIE*****
pairs: [B-D, C-D] & pairsUsed: [A-B, A-C, A-D, B-C]
doubles: [A-B, A-C, A-D, B-C, B-D, C-D] & doublesUsed: []
currentGame: 3 & prevGame: [0, 1, 2, 2]
currentRound: 6 & prevRound: [0, 1, 2, 3]
TEMPBOARD: 
         | Game 1 |  Game 2 |  Game 3 |  Game 4 |  
_________ ________ _________ _________ _________ 
Round 1  |  A-B   |         |         |         |   
Round 2  |        |   A-C   |         |         |   
Round 3  |        |         |   A-D   |         |   
Round 4  |        |         |   B-C   |         |   
Round 5  |        |         |         |         |   
Round 6  |        |         |         |         |   
pairToPlace: B-D
 
*****VOLGENDE ITERATIE*****
pairs: [B-D, C-D] & pairsUsed: [A-B, A-C, A-D, B-C]
doubles: [A-B, A-C, A-D, B-C, B-D, C-D] & doublesUsed: []
currentGame: 4 & prevGame: [0, 1, 2, 2]
currentRound: 0 & prevRound: [0, 1, 2, 3]
TEMPBOARD: 
         | Game 1 |  Game 2 |  Game 3 |  Game 4 |  
_________ ________ _________ _________ _________ 
Round 1  |  A-B   |         |         |         |   
Round 2  |        |   A-C   |         |         |   
Round 3  |        |         |   A-D   |         |   
Round 4  |        |         |   B-C   |         |   
Round 5  |        |         |         |         |   
Round 6  |        |         |         |         |   
pairToPlace: B-D
 
*****VOLGENDE ITERATIE*****
pairs: [B-C, B-D, C-D] & pairsUsed: [A-B, A-C, A-D]
doubles: [A-B, A-C, A-D, B-C, B-D, C-D] & doublesUsed: []
currentGame: 2 & prevGame: [0, 1, 2]
currentRound: 4 & prevRound: [0, 1, 2]
TEMPBOARD: 
         | Game 1 |  Game 2 |  Game 3 |  Game 4 |  
_________ ________ _________ _________ _________ 
Round 1  |  A-B   |         |         |         |   
Round 2  |        |   A-C   |         |         |   
Round 3  |        |         |   A-D   |         |   
Round 4  |        |         |         |         |   
Round 5  |        |         |         |         |   
Round 6  |        |         |         |         |   
pairToPlace: B-C
 
*****VOLGENDE ITERATIE*****
pairs: [B-D, C-D] & pairsUsed: [A-B, A-C, A-D, B-C]
doubles: [A-B, A-C, A-D, B-C, B-D, C-D] & doublesUsed: []
currentGame: 0 & prevGame: [0, 1, 2, 2]
currentRound: 0 & prevRound: [0, 1, 2, 4]
TEMPBOARD: 
         | Game 1 |  Game 2 |  Game 3 |  Game 4 |  
_________ ________ _________ _________ _________ 
Round 1  |  A-B   |         |         |         |   
Round 2  |        |   A-C   |         |         |   
Round 3  |        |         |   A-D   |         |   
Round 4  |        |         |         |         |   
Round 5  |        |         |   B-C   |         |   
Round 6  |        |         |         |         |   
pairToPlace: B-D
 
*****VOLGENDE ITERATIE*****
pairs: [B-D, C-D] & pairsUsed: [A-B, A-C, A-D, B-C]
doubles: [A-B, A-C, A-D, B-C, B-D, C-D] & doublesUsed: []
currentGame: 0 & prevGame: [0, 1, 2, 2]
currentRound: 1 & prevRound: [0, 1, 2, 4]
TEMPBOARD: 
         | Game 1 |  Game 2 |  Game 3 |  Game 4 |  
_________ ________ _________ _________ _________ 
Round 1  |  A-B   |         |         |         |   
Round 2  |        |   A-C   |         |         |   
Round 3  |        |         |   A-D   |         |   
Round 4  |        |         |         |         |   
Round 5  |        |         |   B-C   |         |   
Round 6  |        |         |         |         |   
pairToPlace: B-D
 
*****VOLGENDE ITERATIE*****
pairs: [B-D, C-D] & pairsUsed: [A-B, A-C, A-D, B-C]
doubles: [A-B, A-C, A-D, B-C, B-D, C-D] & doublesUsed: []
currentGame: 0 & prevGame: [0, 1, 2, 2]
currentRound: 2 & prevRound: [0, 1, 2, 4]
TEMPBOARD: 
         | Game 1 |  Game 2 |  Game 3 |  Game 4 |  
_________ ________ _________ _________ _________ 
Round 1  |  A-B   |         |         |         |   
Round 2  |        |   A-C   |         |         |   
Round 3  |        |         |   A-D   |         |   
Round 4  |        |         |         |         |   
Round 5  |        |         |   B-C   |         |   
Round 6  |        |         |         |         |   
pairToPlace: B-D
 
*****VOLGENDE ITERATIE*****
pairs: [B-D, C-D] & pairsUsed: [A-B, A-C, A-D, B-C]
doubles: [A-B, A-C, A-D, B-C, B-D, C-D] & doublesUsed: []
currentGame: 0 & prevGame: [0, 1, 2, 2]
currentRound: 3 & prevRound: [0, 1, 2, 4]
TEMPBOARD: 
         | Game 1 |  Game 2 |  Game 3 |  Game 4 |  
_________ ________ _________ _________ _________ 
Round 1  |  A-B   |         |         |         |   
Round 2  |        |   A-C   |         |         |   
Round 3  |        |         |   A-D   |         |   
Round 4  |        |         |         |         |   
Round 5  |        |         |   B-C   |         |   
Round 6  |        |         |         |         |   
pairToPlace: B-D
 
*****VOLGENDE ITERATIE*****
pairs: [B-D, C-D] & pairsUsed: [A-B, A-C, A-D, B-C]
doubles: [A-B, A-C, A-D, B-C, B-D, C-D] & doublesUsed: []
currentGame: 0 & prevGame: [0, 1, 2, 2]
currentRound: 4 & prevRound: [0, 1, 2, 4]
TEMPBOARD: 
         | Game 1 |  Game 2 |  Game 3 |  Game 4 |  
_________ ________ _________ _________ _________ 
Round 1  |  A-B   |         |         |         |   
Round 2  |        |   A-C   |         |         |   
Round 3  |        |         |   A-D   |         |   
Round 4  |        |         |         |         |   
Round 5  |        |         |   B-C   |         |   
Round 6  |        |         |         |         |   
pairToPlace: B-D
 
*****VOLGENDE ITERATIE*****
pairs: [B-D, C-D] & pairsUsed: [A-B, A-C, A-D, B-C]
doubles: [A-B, A-C, A-D, B-C, B-D, C-D] & doublesUsed: []
currentGame: 0 & prevGame: [0, 1, 2, 2]
currentRound: 5 & prevRound: [0, 1, 2, 4]
TEMPBOARD: 
         | Game 1 |  Game 2 |  Game 3 |  Game 4 |  
_________ ________ _________ _________ _________ 
Round 1  |  A-B   |         |         |         |   
Round 2  |        |   A-C   |         |         |   
Round 3  |        |         |   A-D   |         |   
Round 4  |        |         |         |         |   
Round 5  |        |         |   B-C   |         |   
Round 6  |        |         |         |         |   
pairToPlace: B-D
 
*****VOLGENDE ITERATIE*****
pairs: [B-D, C-D] & pairsUsed: [A-B, A-C, A-D, B-C]
doubles: [A-B, A-C, A-D, B-C, B-D, C-D] & doublesUsed: []
currentGame: 0 & prevGame: [0, 1, 2, 2]
currentRound: 6 & prevRound: [0, 1, 2, 4]
TEMPBOARD: 
         | Game 1 |  Game 2 |  Game 3 |  Game 4 |  
_________ ________ _________ _________ _________ 
Round 1  |  A-B   |         |         |         |   
Round 2  |        |   A-C   |         |         |   
Round 3  |        |         |   A-D   |         |   
Round 4  |        |         |         |         |   
Round 5  |        |         |   B-C   |         |   
Round 6  |        |         |         |         |   
pairToPlace: B-D
 
*****VOLGENDE ITERATIE*****
pairs: [B-D, C-D] & pairsUsed: [A-B, A-C, A-D, B-C]
doubles: [A-B, A-C, A-D, B-C, B-D, C-D] & doublesUsed: []
currentGame: 1 & prevGame: [0, 1, 2, 2]
currentRound: 0 & prevRound: [0, 1, 2, 4]
TEMPBOARD: 
         | Game 1 |  Game 2 |  Game 3 |  Game 4 |  
_________ ________ _________ _________ _________ 
Round 1  |  A-B   |         |         |         |   
Round 2  |        |   A-C   |         |         |   
Round 3  |        |         |   A-D   |         |   
Round 4  |        |         |         |         |   
Round 5  |        |         |   B-C   |         |   
Round 6  |        |         |         |         |   
pairToPlace: B-D
 
*****VOLGENDE ITERATIE*****
pairs: [B-D, C-D] & pairsUsed: [A-B, A-C, A-D, B-C]
doubles: [A-B, A-C, A-D, B-C, B-D, C-D] & doublesUsed: []
currentGame: 1 & prevGame: [0, 1, 2, 2]
currentRound: 1 & prevRound: [0, 1, 2, 4]
TEMPBOARD: 
         | Game 1 |  Game 2 |  Game 3 |  Game 4 |  
_________ ________ _________ _________ _________ 
Round 1  |  A-B   |         |         |         |   
Round 2  |        |   A-C   |         |         |   
Round 3  |        |         |   A-D   |         |   
Round 4  |        |         |         |         |   
Round 5  |        |         |   B-C   |         |   
Round 6  |        |         |         |         |   
pairToPlace: B-D
 
*****VOLGENDE ITERATIE*****
pairs: [B-D, C-D] & pairsUsed: [A-B, A-C, A-D, B-C]
doubles: [A-B, A-C, A-D, B-C, B-D, C-D] & doublesUsed: []
currentGame: 1 & prevGame: [0, 1, 2, 2]
currentRound: 2 & prevRound: [0, 1, 2, 4]
TEMPBOARD: 
         | Game 1 |  Game 2 |  Game 3 |  Game 4 |  
_________ ________ _________ _________ _________ 
Round 1  |  A-B   |         |         |         |   
Round 2  |        |   A-C   |         |         |   
Round 3  |        |         |   A-D   |         |   
Round 4  |        |         |         |         |   
Round 5  |        |         |   B-C   |         |   
Round 6  |        |         |         |         |   
pairToPlace: B-D
 
*****VOLGENDE ITERATIE*****
pairs: [B-D, C-D] & pairsUsed: [A-B, A-C, A-D, B-C]
doubles: [A-B, A-C, A-D, B-C, B-D, C-D] & doublesUsed: []
currentGame: 1 & prevGame: [0, 1, 2, 2]
currentRound: 3 & prevRound: [0, 1, 2, 4]
TEMPBOARD: 
         | Game 1 |  Game 2 |  Game 3 |  Game 4 |  
_________ ________ _________ _________ _________ 
Round 1  |  A-B   |         |         |         |   
Round 2  |        |   A-C   |         |         |   
Round 3  |        |         |   A-D   |         |   
Round 4  |        |         |         |         |   
Round 5  |        |         |   B-C   |         |   
Round 6  |        |         |         |         |   
pairToPlace: B-D
 
*****VOLGENDE ITERATIE*****
pairs: [C-D] & pairsUsed: [A-B, A-C, A-D, B-C, B-D]
doubles: [A-B, A-C, A-D, B-C, B-D, C-D] & doublesUsed: []
currentGame: 0 & prevGame: [0, 1, 2, 2, 1]
currentRound: 0 & prevRound: [0, 1, 2, 4, 3]
TEMPBOARD: 
         | Game 1 |  Game 2 |  Game 3 |  Game 4 |  
_________ ________ _________ _________ _________ 
Round 1  |  A-B   |         |         |         |   
Round 2  |        |   A-C   |         |         |   
Round 3  |        |         |   A-D   |         |   
Round 4  |        |   B-D   |         |         |   
Round 5  |        |         |   B-C   |         |   
Round 6  |        |         |         |         |   
pairToPlace: C-D
 
*****VOLGENDE ITERATIE*****
pairs: [C-D] & pairsUsed: [A-B, A-C, A-D, B-C, B-D]
doubles: [A-B, A-C, A-D, B-C, B-D, C-D] & doublesUsed: []
currentGame: 0 & prevGame: [0, 1, 2, 2, 1]
currentRound: 1 & prevRound: [0, 1, 2, 4, 3]
TEMPBOARD: 
         | Game 1 |  Game 2 |  Game 3 |  Game 4 |  
_________ ________ _________ _________ _________ 
Round 1  |  A-B   |         |         |         |   
Round 2  |        |   A-C   |         |         |   
Round 3  |        |         |   A-D   |         |   
Round 4  |        |   B-D   |         |         |   
Round 5  |        |         |   B-C   |         |   
Round 6  |        |         |         |         |   
pairToPlace: C-D
 
*****VOLGENDE ITERATIE*****
pairs: [C-D] & pairsUsed: [A-B, A-C, A-D, B-C, B-D]
doubles: [A-B, A-C, A-D, B-C, B-D, C-D] & doublesUsed: []
currentGame: 0 & prevGame: [0, 1, 2, 2, 1]
currentRound: 2 & prevRound: [0, 1, 2, 4, 3]
TEMPBOARD: 
         | Game 1 |  Game 2 |  Game 3 |  Game 4 |  
_________ ________ _________ _________ _________ 
Round 1  |  A-B   |         |         |         |   
Round 2  |        |   A-C   |         |         |   
Round 3  |        |         |   A-D   |         |   
Round 4  |        |   B-D   |         |         |   
Round 5  |        |         |   B-C   |         |   
Round 6  |        |         |         |         |   
pairToPlace: C-D
 
*****VOLGENDE ITERATIE*****
pairs: [C-D] & pairsUsed: [A-B, A-C, A-D, B-C, B-D]
doubles: [A-B, A-C, A-D, B-C, B-D, C-D] & doublesUsed: []
currentGame: 0 & prevGame: [0, 1, 2, 2, 1]
currentRound: 3 & prevRound: [0, 1, 2, 4, 3]
TEMPBOARD: 
         | Game 1 |  Game 2 |  Game 3 |  Game 4 |  
_________ ________ _________ _________ _________ 
Round 1  |  A-B   |         |         |         |   
Round 2  |        |   A-C   |         |         |   
Round 3  |        |         |   A-D   |         |   
Round 4  |        |   B-D   |         |         |   
Round 5  |        |         |   B-C   |         |   
Round 6  |        |         |         |         |   
pairToPlace: C-D
 
*****VOLGENDE ITERATIE*****
pairs: [C-D] & pairsUsed: [A-B, A-C, A-D, B-C, B-D]
doubles: [A-B, A-C, A-D, B-C, B-D, C-D] & doublesUsed: []
currentGame: 0 & prevGame: [0, 1, 2, 2, 1]
currentRound: 4 & prevRound: [0, 1, 2, 4, 3]
TEMPBOARD: 
         | Game 1 |  Game 2 |  Game 3 |  Game 4 |  
_________ ________ _________ _________ _________ 
Round 1  |  A-B   |         |         |         |   
Round 2  |        |   A-C   |         |         |   
Round 3  |        |         |   A-D   |         |   
Round 4  |        |   B-D   |         |         |   
Round 5  |        |         |   B-C   |         |   
Round 6  |        |         |         |         |   
pairToPlace: C-D
 
*****VOLGENDE ITERATIE*****
pairs: [C-D] & pairsUsed: [A-B, A-C, A-D, B-C, B-D]
doubles: [A-B, A-C, A-D, B-C, B-D, C-D] & doublesUsed: []
currentGame: 0 & prevGame: [0, 1, 2, 2, 1]
currentRound: 5 & prevRound: [0, 1, 2, 4, 3]
TEMPBOARD: 
         | Game 1 |  Game 2 |  Game 3 |  Game 4 |  
_________ ________ _________ _________ _________ 
Round 1  |  A-B   |         |         |         |   
Round 2  |        |   A-C   |         |         |   
Round 3  |        |         |   A-D   |         |   
Round 4  |        |   B-D   |         |         |   
Round 5  |        |         |   B-C   |         |   
Round 6  |        |         |         |         |   
pairToPlace: C-D
 
*****VOLGENDE ITERATIE*****
pairs: [] & pairsUsed: [A-B, A-C, A-D, B-C, B-D, C-D]
doubles: [A-B, A-C, A-D, B-C, B-D, C-D] & doublesUsed: []
currentGame: 0 & prevGame: [0, 1, 2, 2, 1, 0]
currentRound: 0 & prevRound: [0, 1, 2, 4, 3, 5]
TEMPBOARD: 
         | Game 1 |  Game 2 |  Game 3 |  Game 4 |  
_________ ________ _________ _________ _________ 
Round 1  |  A-B   |         |         |         |   
Round 2  |        |   A-C   |         |         |   
Round 3  |        |         |   A-D   |         |   
Round 4  |        |   B-D   |         |         |   
Round 5  |        |         |   B-C   |         |   
Round 6  |  C-D   |         |         |         |   
pairToPlace: A-B
 
*****VOLGENDE ITERATIE*****
pairs: [] & pairsUsed: [A-B, A-C, A-D, B-C, B-D, C-D]
doubles: [A-B, A-C, A-D, B-C, B-D, C-D] & doublesUsed: []
currentGame: 0 & prevGame: [0, 1, 2, 2, 1, 0]
currentRound: 1 & prevRound: [0, 1, 2, 4, 3, 5]
TEMPBOARD: 
         | Game 1 |  Game 2 |  Game 3 |  Game 4 |  
_________ ________ _________ _________ _________ 
Round 1  |  A-B   |         |         |         |   
Round 2  |        |   A-C   |         |         |   
Round 3  |        |         |   A-D   |         |   
Round 4  |        |   B-D   |         |         |   
Round 5  |        |         |   B-C   |         |   
Round 6  |  C-D   |         |         |         |   
pairToPlace: A-B
 
*****VOLGENDE ITERATIE*****
pairs: [] & pairsUsed: [A-B, A-C, A-D, B-C, B-D, C-D]
doubles: [A-B, A-C, A-D, B-C, B-D, C-D] & doublesUsed: []
currentGame: 0 & prevGame: [0, 1, 2, 2, 1, 0]
currentRound: 2 & prevRound: [0, 1, 2, 4, 3, 5]
TEMPBOARD: 
         | Game 1 |  Game 2 |  Game 3 |  Game 4 |  
_________ ________ _________ _________ _________ 
Round 1  |  A-B   |         |         |         |   
Round 2  |        |   A-C   |         |         |   
Round 3  |        |         |   A-D   |         |   
Round 4  |        |   B-D   |         |         |   
Round 5  |        |         |   B-C   |         |   
Round 6  |  C-D   |         |         |         |   
pairToPlace: A-B
 
*****VOLGENDE ITERATIE*****
pairs: [] & pairsUsed: [A-B, A-C, A-D, B-C, B-D, C-D]
doubles: [A-B, A-C, A-D, B-C, B-D, C-D] & doublesUsed: []
currentGame: 0 & prevGame: [0, 1, 2, 2, 1, 0]
currentRound: 3 & prevRound: [0, 1, 2, 4, 3, 5]
TEMPBOARD: 
         | Game 1 |  Game 2 |  Game 3 |  Game 4 |  
_________ ________ _________ _________ _________ 
Round 1  |  A-B   |         |         |         |   
Round 2  |        |   A-C   |         |         |   
Round 3  |        |         |   A-D   |         |   
Round 4  |        |   B-D   |         |         |   
Round 5  |        |         |   B-C   |         |   
Round 6  |  C-D   |         |         |         |   
pairToPlace: A-B
 
*****VOLGENDE ITERATIE*****
pairs: [] & pairsUsed: [A-B, A-C, A-D, B-C, B-D, C-D]
doubles: [A-B, A-C, A-D, B-C, B-D, C-D] & doublesUsed: []
currentGame: 0 & prevGame: [0, 1, 2, 2, 1, 0]
currentRound: 4 & prevRound: [0, 1, 2, 4, 3, 5]
TEMPBOARD: 
         | Game 1 |  Game 2 |  Game 3 |  Game 4 |  
_________ ________ _________ _________ _________ 
Round 1  |  A-B   |         |         |         |   
Round 2  |        |   A-C   |         |         |   
Round 3  |        |         |   A-D   |         |   
Round 4  |        |   B-D   |         |         |   
Round 5  |        |         |   B-C   |         |   
Round 6  |  C-D   |         |         |         |   
pairToPlace: A-B
 
*****VOLGENDE ITERATIE*****
pairs: [] & pairsUsed: [A-B, A-C, A-D, B-C, B-D, C-D]
doubles: [A-B, A-C, A-D, B-C, B-D, C-D] & doublesUsed: []
currentGame: 0 & prevGame: [0, 1, 2, 2, 1, 0]
currentRound: 5 & prevRound: [0, 1, 2, 4, 3, 5]
TEMPBOARD: 
         | Game 1 |  Game 2 |  Game 3 |  Game 4 |  
_________ ________ _________ _________ _________ 
Round 1  |  A-B   |         |         |         |   
Round 2  |        |   A-C   |         |         |   
Round 3  |        |         |   A-D   |         |   
Round 4  |        |   B-D   |         |         |   
Round 5  |        |         |   B-C   |         |   
Round 6  |  C-D   |         |         |         |   
pairToPlace: A-B
 
*****VOLGENDE ITERATIE*****
pairs: [] & pairsUsed: [A-B, A-C, A-D, B-C, B-D, C-D]
doubles: [A-B, A-C, A-D, B-C, B-D, C-D] & doublesUsed: []
currentGame: 0 & prevGame: [0, 1, 2, 2, 1, 0]
currentRound: 6 & prevRound: [0, 1, 2, 4, 3, 5]
TEMPBOARD: 
         | Game 1 |  Game 2 |  Game 3 |  Game 4 |  
_________ ________ _________ _________ _________ 
Round 1  |  A-B   |         |         |         |   
Round 2  |        |   A-C   |         |         |   
Round 3  |        |         |   A-D   |         |   
Round 4  |        |   B-D   |         |         |   
Round 5  |        |         |   B-C   |         |   
Round 6  |  C-D   |         |         |         |   
pairToPlace: A-B
 
*****VOLGENDE ITERATIE*****
pairs: [] & pairsUsed: [A-B, A-C, A-D, B-C, B-D, C-D]
doubles: [A-B, A-C, A-D, B-C, B-D, C-D] & doublesUsed: []
currentGame: 1 & prevGame: [0, 1, 2, 2, 1, 0]
currentRound: 0 & prevRound: [0, 1, 2, 4, 3, 5]
TEMPBOARD: 
         | Game 1 |  Game 2 |  Game 3 |  Game 4 |  
_________ ________ _________ _________ _________ 
Round 1  |  A-B   |         |         |         |   
Round 2  |        |   A-C   |         |         |   
Round 3  |        |         |   A-D   |         |   
Round 4  |        |   B-D   |         |         |   
Round 5  |        |         |   B-C   |         |   
Round 6  |  C-D   |         |         |         |   
pairToPlace: A-B
 
*****VOLGENDE ITERATIE*****
pairs: [] & pairsUsed: [A-B, A-C, A-D, B-C, B-D, C-D]
doubles: [A-B, A-C, A-D, B-C, B-D, C-D] & doublesUsed: []
currentGame: 1 & prevGame: [0, 1, 2, 2, 1, 0]
currentRound: 1 & prevRound: [0, 1, 2, 4, 3, 5]
TEMPBOARD: 
         | Game 1 |  Game 2 |  Game 3 |  Game 4 |  
_________ ________ _________ _________ _________ 
Round 1  |  A-B   |         |         |         |   
Round 2  |        |   A-C   |         |         |   
Round 3  |        |         |   A-D   |         |   
Round 4  |        |   B-D   |         |         |   
Round 5  |        |         |   B-C   |         |   
Round 6  |  C-D   |         |         |         |   
pairToPlace: A-B
 
*****VOLGENDE ITERATIE*****
pairs: [] & pairsUsed: [A-B, A-C, A-D, B-C, B-D, C-D]
doubles: [A-B, A-C, A-D, B-C, B-D, C-D] & doublesUsed: []
currentGame: 1 & prevGame: [0, 1, 2, 2, 1, 0]
currentRound: 2 & prevRound: [0, 1, 2, 4, 3, 5]
TEMPBOARD: 
         | Game 1 |  Game 2 |  Game 3 |  Game 4 |  
_________ ________ _________ _________ _________ 
Round 1  |  A-B   |         |         |         |   
Round 2  |        |   A-C   |         |         |   
Round 3  |        |         |   A-D   |         |   
Round 4  |        |   B-D   |         |         |   
Round 5  |        |         |   B-C   |         |   
Round 6  |  C-D   |         |         |         |   
pairToPlace: A-B
 
*****VOLGENDE ITERATIE*****
pairs: [] & pairsUsed: [A-B, A-C, A-D, B-C, B-D, C-D]
doubles: [A-B, A-C, A-D, B-C, B-D, C-D] & doublesUsed: []
currentGame: 1 & prevGame: [0, 1, 2, 2, 1, 0]
currentRound: 3 & prevRound: [0, 1, 2, 4, 3, 5]
TEMPBOARD: 
         | Game 1 |  Game 2 |  Game 3 |  Game 4 |  
_________ ________ _________ _________ _________ 
Round 1  |  A-B   |         |         |         |   
Round 2  |        |   A-C   |         |         |   
Round 3  |        |         |   A-D   |         |   
Round 4  |        |   B-D   |         |         |   
Round 5  |        |         |   B-C   |         |   
Round 6  |  C-D   |         |         |         |   
pairToPlace: A-B
 
*****VOLGENDE ITERATIE*****
pairs: [] & pairsUsed: [A-B, A-C, A-D, B-C, B-D, C-D]
doubles: [A-B, A-C, A-D, B-C, B-D, C-D] & doublesUsed: []
currentGame: 1 & prevGame: [0, 1, 2, 2, 1, 0]
currentRound: 4 & prevRound: [0, 1, 2, 4, 3, 5]
TEMPBOARD: 
         | Game 1 |  Game 2 |  Game 3 |  Game 4 |  
_________ ________ _________ _________ _________ 
Round 1  |  A-B   |         |         |         |   
Round 2  |        |   A-C   |         |         |   
Round 3  |        |         |   A-D   |         |   
Round 4  |        |   B-D   |         |         |   
Round 5  |        |         |   B-C   |         |   
Round 6  |  C-D   |         |         |         |   
pairToPlace: A-B
 
*****VOLGENDE ITERATIE*****
pairs: [] & pairsUsed: [A-B, A-C, A-D, B-C, B-D, C-D]
doubles: [A-B, A-C, A-D, B-C, B-D, C-D] & doublesUsed: []
currentGame: 1 & prevGame: [0, 1, 2, 2, 1, 0]
currentRound: 5 & prevRound: [0, 1, 2, 4, 3, 5]
TEMPBOARD: 
         | Game 1 |  Game 2 |  Game 3 |  Game 4 |  
_________ ________ _________ _________ _________ 
Round 1  |  A-B   |         |         |         |   
Round 2  |        |   A-C   |         |         |   
Round 3  |        |         |   A-D   |         |   
Round 4  |        |   B-D   |         |         |   
Round 5  |        |         |   B-C   |         |   
Round 6  |  C-D   |         |         |         |   
pairToPlace: A-B
 
*****VOLGENDE ITERATIE*****
pairs: [] & pairsUsed: [A-B, A-C, A-D, B-C, B-D, C-D]
doubles: [A-B, A-C, A-D, B-C, B-D, C-D] & doublesUsed: []
currentGame: 1 & prevGame: [0, 1, 2, 2, 1, 0]
currentRound: 6 & prevRound: [0, 1, 2, 4, 3, 5]
TEMPBOARD: 
         | Game 1 |  Game 2 |  Game 3 |  Game 4 |  
_________ ________ _________ _________ _________ 
Round 1  |  A-B   |         |         |         |   
Round 2  |        |   A-C   |         |         |   
Round 3  |        |         |   A-D   |         |   
Round 4  |        |   B-D   |         |         |   
Round 5  |        |         |   B-C   |         |   
Round 6  |  C-D   |         |         |         |   
pairToPlace: A-B
 
*****VOLGENDE ITERATIE*****
pairs: [] & pairsUsed: [A-B, A-C, A-D, B-C, B-D, C-D]
doubles: [A-B, A-C, A-D, B-C, B-D, C-D] & doublesUsed: []
currentGame: 2 & prevGame: [0, 1, 2, 2, 1, 0]
currentRound: 0 & prevRound: [0, 1, 2, 4, 3, 5]
TEMPBOARD: 
         | Game 1 |  Game 2 |  Game 3 |  Game 4 |  
_________ ________ _________ _________ _________ 
Round 1  |  A-B   |         |         |         |   
Round 2  |        |   A-C   |         |         |   
Round 3  |        |         |   A-D   |         |   
Round 4  |        |   B-D   |         |         |   
Round 5  |        |         |   B-C   |         |   
Round 6  |  C-D   |         |         |         |   
pairToPlace: A-B
 
*****VOLGENDE ITERATIE*****
pairs: [] & pairsUsed: [A-B, A-C, A-D, B-C, B-D, C-D]
doubles: [A-B, A-C, A-D, B-C, B-D, C-D] & doublesUsed: []
currentGame: 2 & prevGame: [0, 1, 2, 2, 1, 0]
currentRound: 1 & prevRound: [0, 1, 2, 4, 3, 5]
TEMPBOARD: 
         | Game 1 |  Game 2 |  Game 3 |  Game 4 |  
_________ ________ _________ _________ _________ 
Round 1  |  A-B   |         |         |         |   
Round 2  |        |   A-C   |         |         |   
Round 3  |        |         |   A-D   |         |   
Round 4  |        |   B-D   |         |         |   
Round 5  |        |         |   B-C   |         |   
Round 6  |  C-D   |         |         |         |   
pairToPlace: A-B
 
*****VOLGENDE ITERATIE*****
pairs: [] & pairsUsed: [A-B, A-C, A-D, B-C, B-D, C-D]
doubles: [A-B, A-C, A-D, B-C, B-D, C-D] & doublesUsed: []
currentGame: 2 & prevGame: [0, 1, 2, 2, 1, 0]
currentRound: 2 & prevRound: [0, 1, 2, 4, 3, 5]
TEMPBOARD: 
         | Game 1 |  Game 2 |  Game 3 |  Game 4 |  
_________ ________ _________ _________ _________ 
Round 1  |  A-B   |         |         |         |   
Round 2  |        |   A-C   |         |         |   
Round 3  |        |         |   A-D   |         |   
Round 4  |        |   B-D   |         |         |   
Round 5  |        |         |   B-C   |         |   
Round 6  |  C-D   |         |         |         |   
pairToPlace: A-B
 
*****VOLGENDE ITERATIE*****
pairs: [] & pairsUsed: [A-B, A-C, A-D, B-C, B-D, C-D]
doubles: [A-B, A-C, A-D, B-C, B-D, C-D] & doublesUsed: []
currentGame: 2 & prevGame: [0, 1, 2, 2, 1, 0]
currentRound: 3 & prevRound: [0, 1, 2, 4, 3, 5]
TEMPBOARD: 
         | Game 1 |  Game 2 |  Game 3 |  Game 4 |  
_________ ________ _________ _________ _________ 
Round 1  |  A-B   |         |         |         |   
Round 2  |        |   A-C   |         |         |   
Round 3  |        |         |   A-D   |         |   
Round 4  |        |   B-D   |         |         |   
Round 5  |        |         |   B-C   |         |   
Round 6  |  C-D   |         |         |         |   
pairToPlace: A-B
 
*****VOLGENDE ITERATIE*****
pairs: [] & pairsUsed: [A-B, A-C, A-D, B-C, B-D, C-D]
doubles: [A-B, A-C, A-D, B-C, B-D, C-D] & doublesUsed: []
currentGame: 2 & prevGame: [0, 1, 2, 2, 1, 0]
currentRound: 4 & prevRound: [0, 1, 2, 4, 3, 5]
TEMPBOARD: 
         | Game 1 |  Game 2 |  Game 3 |  Game 4 |  
_________ ________ _________ _________ _________ 
Round 1  |  A-B   |         |         |         |   
Round 2  |        |   A-C   |         |         |   
Round 3  |        |         |   A-D   |         |   
Round 4  |        |   B-D   |         |         |   
Round 5  |        |         |   B-C   |         |   
Round 6  |  C-D   |         |         |         |   
pairToPlace: A-B
 
*****VOLGENDE ITERATIE*****
pairs: [] & pairsUsed: [A-B, A-C, A-D, B-C, B-D, C-D]
doubles: [A-B, A-C, A-D, B-C, B-D, C-D] & doublesUsed: []
currentGame: 2 & prevGame: [0, 1, 2, 2, 1, 0]
currentRound: 5 & prevRound: [0, 1, 2, 4, 3, 5]
TEMPBOARD: 
         | Game 1 |  Game 2 |  Game 3 |  Game 4 |  
_________ ________ _________ _________ _________ 
Round 1  |  A-B   |         |         |         |   
Round 2  |        |   A-C   |         |         |   
Round 3  |        |         |   A-D   |         |   
Round 4  |        |   B-D   |         |         |   
Round 5  |        |         |   B-C   |         |   
Round 6  |  C-D   |         |         |         |   
pairToPlace: A-B
 
*****VOLGENDE ITERATIE*****
pairs: [] & pairsUsed: [A-B, A-C, A-D, B-C, B-D, C-D]
doubles: [A-B, A-C, A-D, B-C, B-D, C-D] & doublesUsed: []
currentGame: 2 & prevGame: [0, 1, 2, 2, 1, 0]
currentRound: 6 & prevRound: [0, 1, 2, 4, 3, 5]
TEMPBOARD: 
         | Game 1 |  Game 2 |  Game 3 |  Game 4 |  
_________ ________ _________ _________ _________ 
Round 1  |  A-B   |         |         |         |   
Round 2  |        |   A-C   |         |         |   
Round 3  |        |         |   A-D   |         |   
Round 4  |        |   B-D   |         |         |   
Round 5  |        |         |   B-C   |         |   
Round 6  |  C-D   |         |         |         |   
pairToPlace: A-B
 
*****VOLGENDE ITERATIE*****
pairs: [] & pairsUsed: [A-B, A-C, A-D, B-C, B-D, C-D]
doubles: [A-B, A-C, A-D, B-C, B-D, C-D] & doublesUsed: []
currentGame: 3 & prevGame: [0, 1, 2, 2, 1, 0]
currentRound: 0 & prevRound: [0, 1, 2, 4, 3, 5]
TEMPBOARD: 
         | Game 1 |  Game 2 |  Game 3 |  Game 4 |  
_________ ________ _________ _________ _________ 
Round 1  |  A-B   |         |         |         |   
Round 2  |        |   A-C   |         |         |   
Round 3  |        |         |   A-D   |         |   
Round 4  |        |   B-D   |         |         |   
Round 5  |        |         |   B-C   |         |   
Round 6  |  C-D   |         |         |         |   
pairToPlace: A-B
 
*****VOLGENDE ITERATIE*****
pairs: [] & pairsUsed: [A-B, A-C, A-D, B-C, B-D, C-D]
doubles: [A-B, A-C, A-D, B-C, B-D, C-D] & doublesUsed: []
currentGame: 3 & prevGame: [0, 1, 2, 2, 1, 0]
currentRound: 1 & prevRound: [0, 1, 2, 4, 3, 5]
TEMPBOARD: 
         | Game 1 |  Game 2 |  Game 3 |  Game 4 |  
_________ ________ _________ _________ _________ 
Round 1  |  A-B   |         |         |         |   
Round 2  |        |   A-C   |         |         |   
Round 3  |        |         |   A-D   |         |   
Round 4  |        |   B-D   |         |         |   
Round 5  |        |         |   B-C   |         |   
Round 6  |  C-D   |         |         |         |   
pairToPlace: A-B
 
*****VOLGENDE ITERATIE*****
pairs: [] & pairsUsed: [A-B, A-C, A-D, B-C, B-D, C-D]
doubles: [A-B, A-C, A-D, B-C, B-D, C-D] & doublesUsed: []
currentGame: 3 & prevGame: [0, 1, 2, 2, 1, 0]
currentRound: 2 & prevRound: [0, 1, 2, 4, 3, 5]
TEMPBOARD: 
         | Game 1 |  Game 2 |  Game 3 |  Game 4 |  
_________ ________ _________ _________ _________ 
Round 1  |  A-B   |         |         |         |   
Round 2  |        |   A-C   |         |         |   
Round 3  |        |         |   A-D   |         |   
Round 4  |        |   B-D   |         |         |   
Round 5  |        |         |   B-C   |         |   
Round 6  |  C-D   |         |         |         |   
pairToPlace: A-B
 
*****VOLGENDE ITERATIE*****
pairs: [] & pairsUsed: [A-B, A-C, A-D, B-C, B-D, C-D]
doubles: [A-B, A-C, A-D, B-C, B-D, C-D] & doublesUsed: []
currentGame: 3 & prevGame: [0, 1, 2, 2, 1, 0]
currentRound: 3 & prevRound: [0, 1, 2, 4, 3, 5]
TEMPBOARD: 
         | Game 1 |  Game 2 |  Game 3 |  Game 4 |  
_________ ________ _________ _________ _________ 
Round 1  |  A-B   |         |         |         |   
Round 2  |        |   A-C   |         |         |   
Round 3  |        |         |   A-D   |         |   
Round 4  |        |   B-D   |         |         |   
Round 5  |        |         |   B-C   |         |   
Round 6  |  C-D   |         |         |         |   
pairToPlace: A-B
 
*****VOLGENDE ITERATIE*****
pairs: [] & pairsUsed: [A-B, A-C, A-D, B-C, B-D, C-D]
doubles: [A-B, A-C, A-D, B-C, B-D, C-D] & doublesUsed: []
currentGame: 3 & prevGame: [0, 1, 2, 2, 1, 0]
currentRound: 4 & prevRound: [0, 1, 2, 4, 3, 5]
TEMPBOARD: 
         | Game 1 |  Game 2 |  Game 3 |  Game 4 |  
_________ ________ _________ _________ _________ 
Round 1  |  A-B   |         |         |         |   
Round 2  |        |   A-C   |         |         |   
Round 3  |        |         |   A-D   |         |   
Round 4  |        |   B-D   |         |         |   
Round 5  |        |         |   B-C   |         |   
Round 6  |  C-D   |         |         |         |   
pairToPlace: A-B
 
*****VOLGENDE ITERATIE*****
pairs: [] & pairsUsed: [A-B, A-C, A-D, B-C, B-D, C-D]
doubles: [A-B, A-C, A-D, B-C, B-D, C-D] & doublesUsed: []
currentGame: 3 & prevGame: [0, 1, 2, 2, 1, 0]
currentRound: 5 & prevRound: [0, 1, 2, 4, 3, 5]
TEMPBOARD: 
         | Game 1 |  Game 2 |  Game 3 |  Game 4 |  
_________ ________ _________ _________ _________ 
Round 1  |  A-B   |         |         |         |   
Round 2  |        |   A-C   |         |         |   
Round 3  |        |         |   A-D   |         |   
Round 4  |        |   B-D   |         |         |   
Round 5  |        |         |   B-C   |         |   
Round 6  |  C-D   |         |         |         |   
pairToPlace: A-B
 
*****VOLGENDE ITERATIE*****
pairs: [] & pairsUsed: [A-B, A-C, A-D, B-C, B-D, C-D]
doubles: [A-C, A-D, B-C, B-D, C-D] & doublesUsed: [A-B]
currentGame: 0 & prevGame: [0, 1, 2, 2, 1, 0, 3]
currentRound: 0 & prevRound: [0, 1, 2, 4, 3, 5, 5]
TEMPBOARD: 
         | Game 1 |  Game 2 |  Game 3 |  Game 4 |  
_________ ________ _________ _________ _________ 
Round 1  |  A-B   |         |         |         |   
Round 2  |        |   A-C   |         |         |   
Round 3  |        |         |   A-D   |         |   
Round 4  |        |   B-D   |         |         |   
Round 5  |        |         |   B-C   |         |   
Round 6  |  C-D   |         |         |   A-B   |   
pairToPlace: A-C
 
*****VOLGENDE ITERATIE*****
pairs: [] & pairsUsed: [A-B, A-C, A-D, B-C, B-D, C-D]
doubles: [A-C, A-D, B-C, B-D, C-D] & doublesUsed: [A-B]
currentGame: 0 & prevGame: [0, 1, 2, 2, 1, 0, 3]
currentRound: 1 & prevRound: [0, 1, 2, 4, 3, 5, 5]
TEMPBOARD: 
         | Game 1 |  Game 2 |  Game 3 |  Game 4 |  
_________ ________ _________ _________ _________ 
Round 1  |  A-B   |         |         |         |   
Round 2  |        |   A-C   |         |         |   
Round 3  |        |         |   A-D   |         |   
Round 4  |        |   B-D   |         |         |   
Round 5  |        |         |   B-C   |         |   
Round 6  |  C-D   |         |         |   A-B   |   
pairToPlace: A-C
 
*****VOLGENDE ITERATIE*****
pairs: [] & pairsUsed: [A-B, A-C, A-D, B-C, B-D, C-D]
doubles: [A-C, A-D, B-C, B-D, C-D] & doublesUsed: [A-B]
currentGame: 0 & prevGame: [0, 1, 2, 2, 1, 0, 3]
currentRound: 2 & prevRound: [0, 1, 2, 4, 3, 5, 5]
TEMPBOARD: 
         | Game 1 |  Game 2 |  Game 3 |  Game 4 |  
_________ ________ _________ _________ _________ 
Round 1  |  A-B   |         |         |         |   
Round 2  |        |   A-C   |         |         |   
Round 3  |        |         |   A-D   |         |   
Round 4  |        |   B-D   |         |         |   
Round 5  |        |         |   B-C   |         |   
Round 6  |  C-D   |         |         |   A-B   |   
pairToPlace: A-C
 
*****VOLGENDE ITERATIE*****
pairs: [] & pairsUsed: [A-B, A-C, A-D, B-C, B-D, C-D]
doubles: [A-C, A-D, B-C, B-D, C-D] & doublesUsed: [A-B]
currentGame: 0 & prevGame: [0, 1, 2, 2, 1, 0, 3]
currentRound: 3 & prevRound: [0, 1, 2, 4, 3, 5, 5]
TEMPBOARD: 
         | Game 1 |  Game 2 |  Game 3 |  Game 4 |  
_________ ________ _________ _________ _________ 
Round 1  |  A-B   |         |         |         |   
Round 2  |        |   A-C   |         |         |   
Round 3  |        |         |   A-D   |         |   
Round 4  |        |   B-D   |         |         |   
Round 5  |        |         |   B-C   |         |   
Round 6  |  C-D   |         |         |   A-B   |   
pairToPlace: A-C
 
*****VOLGENDE ITERATIE*****
pairs: [] & pairsUsed: [A-B, A-C, A-D, B-C, B-D, C-D]
doubles: [A-C, A-D, B-C, B-D, C-D] & doublesUsed: [A-B]
currentGame: 0 & prevGame: [0, 1, 2, 2, 1, 0, 3]
currentRound: 4 & prevRound: [0, 1, 2, 4, 3, 5, 5]
TEMPBOARD: 
         | Game 1 |  Game 2 |  Game 3 |  Game 4 |  
_________ ________ _________ _________ _________ 
Round 1  |  A-B   |         |         |         |   
Round 2  |        |   A-C   |         |         |   
Round 3  |        |         |   A-D   |         |   
Round 4  |        |   B-D   |         |         |   
Round 5  |        |         |   B-C   |         |   
Round 6  |  C-D   |         |         |   A-B   |   
pairToPlace: A-C
 
*****VOLGENDE ITERATIE*****
pairs: [] & pairsUsed: [A-B, A-C, A-D, B-C, B-D, C-D]
doubles: [A-C, A-D, B-C, B-D, C-D] & doublesUsed: [A-B]
currentGame: 0 & prevGame: [0, 1, 2, 2, 1, 0, 3]
currentRound: 5 & prevRound: [0, 1, 2, 4, 3, 5, 5]
TEMPBOARD: 
         | Game 1 |  Game 2 |  Game 3 |  Game 4 |  
_________ ________ _________ _________ _________ 
Round 1  |  A-B   |         |         |         |   
Round 2  |        |   A-C   |         |         |   
Round 3  |        |         |   A-D   |         |   
Round 4  |        |   B-D   |         |         |   
Round 5  |        |         |   B-C   |         |   
Round 6  |  C-D   |         |         |   A-B   |   
pairToPlace: A-C
 
*****VOLGENDE ITERATIE*****
pairs: [] & pairsUsed: [A-B, A-C, A-D, B-C, B-D, C-D]
doubles: [A-C, A-D, B-C, B-D, C-D] & doublesUsed: [A-B]
currentGame: 0 & prevGame: [0, 1, 2, 2, 1, 0, 3]
currentRound: 6 & prevRound: [0, 1, 2, 4, 3, 5, 5]
TEMPBOARD: 
         | Game 1 |  Game 2 |  Game 3 |  Game 4 |  
_________ ________ _________ _________ _________ 
Round 1  |  A-B   |         |         |         |   
Round 2  |        |   A-C   |         |         |   
Round 3  |        |         |   A-D   |         |   
Round 4  |        |   B-D   |         |         |   
Round 5  |        |         |   B-C   |         |   
Round 6  |  C-D   |         |         |   A-B   |   
pairToPlace: A-C
 
*****VOLGENDE ITERATIE*****
pairs: [] & pairsUsed: [A-B, A-C, A-D, B-C, B-D, C-D]
doubles: [A-C, A-D, B-C, B-D, C-D] & doublesUsed: [A-B]
currentGame: 1 & prevGame: [0, 1, 2, 2, 1, 0, 3]
currentRound: 0 & prevRound: [0, 1, 2, 4, 3, 5, 5]
TEMPBOARD: 
         | Game 1 |  Game 2 |  Game 3 |  Game 4 |  
_________ ________ _________ _________ _________ 
Round 1  |  A-B   |         |         |         |   
Round 2  |        |   A-C   |         |         |   
Round 3  |        |         |   A-D   |         |   
Round 4  |        |   B-D   |         |         |   
Round 5  |        |         |   B-C   |         |   
Round 6  |  C-D   |         |         |   A-B   |   
pairToPlace: A-C
 
*****VOLGENDE ITERATIE*****
pairs: [] & pairsUsed: [A-B, A-C, A-D, B-C, B-D, C-D]
doubles: [A-C, A-D, B-C, B-D, C-D] & doublesUsed: [A-B]
currentGame: 1 & prevGame: [0, 1, 2, 2, 1, 0, 3]
currentRound: 1 & prevRound: [0, 1, 2, 4, 3, 5, 5]
TEMPBOARD: 
         | Game 1 |  Game 2 |  Game 3 |  Game 4 |  
_________ ________ _________ _________ _________ 
Round 1  |  A-B   |         |         |         |   
Round 2  |        |   A-C   |         |         |   
Round 3  |        |         |   A-D   |         |   
Round 4  |        |   B-D   |         |         |   
Round 5  |        |         |   B-C   |         |   
Round 6  |  C-D   |         |         |   A-B   |   
pairToPlace: A-C
 
*****VOLGENDE ITERATIE*****
pairs: [] & pairsUsed: [A-B, A-C, A-D, B-C, B-D, C-D]
doubles: [A-C, A-D, B-C, B-D, C-D] & doublesUsed: [A-B]
currentGame: 1 & prevGame: [0, 1, 2, 2, 1, 0, 3]
currentRound: 2 & prevRound: [0, 1, 2, 4, 3, 5, 5]
TEMPBOARD: 
         | Game 1 |  Game 2 |  Game 3 |  Game 4 |  
_________ ________ _________ _________ _________ 
Round 1  |  A-B   |         |         |         |   
Round 2  |        |   A-C   |         |         |   
Round 3  |        |         |   A-D   |         |   
Round 4  |        |   B-D   |         |         |   
Round 5  |        |         |   B-C   |         |   
Round 6  |  C-D   |         |         |   A-B   |   
pairToPlace: A-C
 
*****VOLGENDE ITERATIE*****
pairs: [] & pairsUsed: [A-B, A-C, A-D, B-C, B-D, C-D]
doubles: [A-C, A-D, B-C, B-D, C-D] & doublesUsed: [A-B]
currentGame: 1 & prevGame: [0, 1, 2, 2, 1, 0, 3]
currentRound: 3 & prevRound: [0, 1, 2, 4, 3, 5, 5]
TEMPBOARD: 
         | Game 1 |  Game 2 |  Game 3 |  Game 4 |  
_________ ________ _________ _________ _________ 
Round 1  |  A-B   |         |         |         |   
Round 2  |        |   A-C   |         |         |   
Round 3  |        |         |   A-D   |         |   
Round 4  |        |   B-D   |         |         |   
Round 5  |        |         |   B-C   |         |   
Round 6  |  C-D   |         |         |   A-B   |   
pairToPlace: A-C
 
*****VOLGENDE ITERATIE*****
pairs: [] & pairsUsed: [A-B, A-C, A-D, B-C, B-D, C-D]
doubles: [A-C, A-D, B-C, B-D, C-D] & doublesUsed: [A-B]
currentGame: 1 & prevGame: [0, 1, 2, 2, 1, 0, 3]
currentRound: 4 & prevRound: [0, 1, 2, 4, 3, 5, 5]
TEMPBOARD: 
         | Game 1 |  Game 2 |  Game 3 |  Game 4 |  
_________ ________ _________ _________ _________ 
Round 1  |  A-B   |         |         |         |   
Round 2  |        |   A-C   |         |         |   
Round 3  |        |         |   A-D   |         |   
Round 4  |        |   B-D   |         |         |   
Round 5  |        |         |   B-C   |         |   
Round 6  |  C-D   |         |         |   A-B   |   
pairToPlace: A-C
 
*****VOLGENDE ITERATIE*****
pairs: [] & pairsUsed: [A-B, A-C, A-D, B-C, B-D, C-D]
doubles: [A-C, A-D, B-C, B-D, C-D] & doublesUsed: [A-B]
currentGame: 1 & prevGame: [0, 1, 2, 2, 1, 0, 3]
currentRound: 5 & prevRound: [0, 1, 2, 4, 3, 5, 5]
TEMPBOARD: 
         | Game 1 |  Game 2 |  Game 3 |  Game 4 |  
_________ ________ _________ _________ _________ 
Round 1  |  A-B   |         |         |         |   
Round 2  |        |   A-C   |         |         |   
Round 3  |        |         |   A-D   |         |   
Round 4  |        |   B-D   |         |         |   
Round 5  |        |         |   B-C   |         |   
Round 6  |  C-D   |         |         |   A-B   |   
pairToPlace: A-C
 
*****VOLGENDE ITERATIE*****
pairs: [] & pairsUsed: [A-B, A-C, A-D, B-C, B-D, C-D]
doubles: [A-C, A-D, B-C, B-D, C-D] & doublesUsed: [A-B]
currentGame: 1 & prevGame: [0, 1, 2, 2, 1, 0, 3]
currentRound: 6 & prevRound: [0, 1, 2, 4, 3, 5, 5]
TEMPBOARD: 
         | Game 1 |  Game 2 |  Game 3 |  Game 4 |  
_________ ________ _________ _________ _________ 
Round 1  |  A-B   |         |         |         |   
Round 2  |        |   A-C   |         |         |   
Round 3  |        |         |   A-D   |         |   
Round 4  |        |   B-D   |         |         |   
Round 5  |        |         |   B-C   |         |   
Round 6  |  C-D   |         |         |   A-B   |   
pairToPlace: A-C
 
*****VOLGENDE ITERATIE*****
pairs: [] & pairsUsed: [A-B, A-C, A-D, B-C, B-D, C-D]
doubles: [A-C, A-D, B-C, B-D, C-D] & doublesUsed: [A-B]
currentGame: 2 & prevGame: [0, 1, 2, 2, 1, 0, 3]
currentRound: 0 & prevRound: [0, 1, 2, 4, 3, 5, 5]
TEMPBOARD: 
         | Game 1 |  Game 2 |  Game 3 |  Game 4 |  
_________ ________ _________ _________ _________ 
Round 1  |  A-B   |         |         |         |   
Round 2  |        |   A-C   |         |         |   
Round 3  |        |         |   A-D   |         |   
Round 4  |        |   B-D   |         |         |   
Round 5  |        |         |   B-C   |         |   
Round 6  |  C-D   |         |         |   A-B   |   
pairToPlace: A-C
 
*****VOLGENDE ITERATIE*****
pairs: [] & pairsUsed: [A-B, A-C, A-D, B-C, B-D, C-D]
doubles: [A-C, A-D, B-C, B-D, C-D] & doublesUsed: [A-B]
currentGame: 2 & prevGame: [0, 1, 2, 2, 1, 0, 3]
currentRound: 1 & prevRound: [0, 1, 2, 4, 3, 5, 5]
TEMPBOARD: 
         | Game 1 |  Game 2 |  Game 3 |  Game 4 |  
_________ ________ _________ _________ _________ 
Round 1  |  A-B   |         |         |         |   
Round 2  |        |   A-C   |         |         |   
Round 3  |        |         |   A-D   |         |   
Round 4  |        |   B-D   |         |         |   
Round 5  |        |         |   B-C   |         |   
Round 6  |  C-D   |         |         |   A-B   |   
pairToPlace: A-C
 
*****VOLGENDE ITERATIE*****
pairs: [] & pairsUsed: [A-B, A-C, A-D, B-C, B-D, C-D]
doubles: [A-C, A-D, B-C, B-D, C-D] & doublesUsed: [A-B]
currentGame: 2 & prevGame: [0, 1, 2, 2, 1, 0, 3]
currentRound: 2 & prevRound: [0, 1, 2, 4, 3, 5, 5]
TEMPBOARD: 
         | Game 1 |  Game 2 |  Game 3 |  Game 4 |  
_________ ________ _________ _________ _________ 
Round 1  |  A-B   |         |         |         |   
Round 2  |        |   A-C   |         |         |   
Round 3  |        |         |   A-D   |         |   
Round 4  |        |   B-D   |         |         |   
Round 5  |        |         |   B-C   |         |   
Round 6  |  C-D   |         |         |   A-B   |   
pairToPlace: A-C
 
*****VOLGENDE ITERATIE*****
pairs: [] & pairsUsed: [A-B, A-C, A-D, B-C, B-D, C-D]
doubles: [A-C, A-D, B-C, B-D, C-D] & doublesUsed: [A-B]
currentGame: 2 & prevGame: [0, 1, 2, 2, 1, 0, 3]
currentRound: 3 & prevRound: [0, 1, 2, 4, 3, 5, 5]
TEMPBOARD: 
         | Game 1 |  Game 2 |  Game 3 |  Game 4 |  
_________ ________ _________ _________ _________ 
Round 1  |  A-B   |         |         |         |   
Round 2  |        |   A-C   |         |         |   
Round 3  |        |         |   A-D   |         |   
Round 4  |        |   B-D   |         |         |   
Round 5  |        |         |   B-C   |         |   
Round 6  |  C-D   |         |         |   A-B   |   
pairToPlace: A-C
 
*****VOLGENDE ITERATIE*****
pairs: [] & pairsUsed: [A-B, A-C, A-D, B-C, B-D, C-D]
doubles: [A-C, A-D, B-C, B-D, C-D] & doublesUsed: [A-B]
currentGame: 2 & prevGame: [0, 1, 2, 2, 1, 0, 3]
currentRound: 4 & prevRound: [0, 1, 2, 4, 3, 5, 5]
TEMPBOARD: 
         | Game 1 |  Game 2 |  Game 3 |  Game 4 |  
_________ ________ _________ _________ _________ 
Round 1  |  A-B   |         |         |         |   
Round 2  |        |   A-C   |         |         |   
Round 3  |        |         |   A-D   |         |   
Round 4  |        |   B-D   |         |         |   
Round 5  |        |         |   B-C   |         |   
Round 6  |  C-D   |         |         |   A-B   |   
pairToPlace: A-C
 
*****VOLGENDE ITERATIE*****
pairs: [] & pairsUsed: [A-B, A-C, A-D, B-C, B-D, C-D]
doubles: [A-C, A-D, B-C, B-D, C-D] & doublesUsed: [A-B]
currentGame: 2 & prevGame: [0, 1, 2, 2, 1, 0, 3]
currentRound: 5 & prevRound: [0, 1, 2, 4, 3, 5, 5]
TEMPBOARD: 
         | Game 1 |  Game 2 |  Game 3 |  Game 4 |  
_________ ________ _________ _________ _________ 
Round 1  |  A-B   |         |         |         |   
Round 2  |        |   A-C   |         |         |   
Round 3  |        |         |   A-D   |         |   
Round 4  |        |   B-D   |         |         |   
Round 5  |        |         |   B-C   |         |   
Round 6  |  C-D   |         |         |   A-B   |   
pairToPlace: A-C
 
*****VOLGENDE ITERATIE*****
pairs: [] & pairsUsed: [A-B, A-C, A-D, B-C, B-D, C-D]
doubles: [A-C, A-D, B-C, B-D, C-D] & doublesUsed: [A-B]
currentGame: 2 & prevGame: [0, 1, 2, 2, 1, 0, 3]
currentRound: 6 & prevRound: [0, 1, 2, 4, 3, 5, 5]
TEMPBOARD: 
         | Game 1 |  Game 2 |  Game 3 |  Game 4 |  
_________ ________ _________ _________ _________ 
Round 1  |  A-B   |         |         |         |   
Round 2  |        |   A-C   |         |         |   
Round 3  |        |         |   A-D   |         |   
Round 4  |        |   B-D   |         |         |   
Round 5  |        |         |   B-C   |         |   
Round 6  |  C-D   |         |         |   A-B   |   
pairToPlace: A-C
 
*****VOLGENDE ITERATIE*****
pairs: [] & pairsUsed: [A-B, A-C, A-D, B-C, B-D, C-D]
doubles: [A-C, A-D, B-C, B-D, C-D] & doublesUsed: [A-B]
currentGame: 3 & prevGame: [0, 1, 2, 2, 1, 0, 3]
currentRound: 0 & prevRound: [0, 1, 2, 4, 3, 5, 5]
TEMPBOARD: 
         | Game 1 |  Game 2 |  Game 3 |  Game 4 |  
_________ ________ _________ _________ _________ 
Round 1  |  A-B   |         |         |         |   
Round 2  |        |   A-C   |         |         |   
Round 3  |        |         |   A-D   |         |   
Round 4  |        |   B-D   |         |         |   
Round 5  |        |         |   B-C   |         |   
Round 6  |  C-D   |         |         |   A-B   |   
pairToPlace: A-C
 
*****VOLGENDE ITERATIE*****
pairs: [] & pairsUsed: [A-B, A-C, A-D, B-C, B-D, C-D]
doubles: [A-C, A-D, B-C, B-D, C-D] & doublesUsed: [A-B]
currentGame: 3 & prevGame: [0, 1, 2, 2, 1, 0, 3]
currentRound: 1 & prevRound: [0, 1, 2, 4, 3, 5, 5]
TEMPBOARD: 
         | Game 1 |  Game 2 |  Game 3 |  Game 4 |  
_________ ________ _________ _________ _________ 
Round 1  |  A-B   |         |         |         |   
Round 2  |        |   A-C   |         |         |   
Round 3  |        |         |   A-D   |         |   
Round 4  |        |   B-D   |         |         |   
Round 5  |        |         |   B-C   |         |   
Round 6  |  C-D   |         |         |   A-B   |   
pairToPlace: A-C
 
*****VOLGENDE ITERATIE*****
pairs: [] & pairsUsed: [A-B, A-C, A-D, B-C, B-D, C-D]
doubles: [A-C, A-D, B-C, B-D, C-D] & doublesUsed: [A-B]
currentGame: 3 & prevGame: [0, 1, 2, 2, 1, 0, 3]
currentRound: 2 & prevRound: [0, 1, 2, 4, 3, 5, 5]
TEMPBOARD: 
         | Game 1 |  Game 2 |  Game 3 |  Game 4 |  
_________ ________ _________ _________ _________ 
Round 1  |  A-B   |         |         |         |   
Round 2  |        |   A-C   |         |         |   
Round 3  |        |         |   A-D   |         |   
Round 4  |        |   B-D   |         |         |   
Round 5  |        |         |   B-C   |         |   
Round 6  |  C-D   |         |         |   A-B   |   
pairToPlace: A-C
 
*****VOLGENDE ITERATIE*****
pairs: [] & pairsUsed: [A-B, A-C, A-D, B-C, B-D, C-D]
doubles: [A-C, A-D, B-C, B-D, C-D] & doublesUsed: [A-B]
currentGame: 3 & prevGame: [0, 1, 2, 2, 1, 0, 3]
currentRound: 3 & prevRound: [0, 1, 2, 4, 3, 5, 5]
TEMPBOARD: 
         | Game 1 |  Game 2 |  Game 3 |  Game 4 |  
_________ ________ _________ _________ _________ 
Round 1  |  A-B   |         |         |         |   
Round 2  |        |   A-C   |         |         |   
Round 3  |        |         |   A-D   |         |   
Round 4  |        |   B-D   |         |         |   
Round 5  |        |         |   B-C   |         |   
Round 6  |  C-D   |         |         |   A-B   |   
pairToPlace: A-C
 
*****VOLGENDE ITERATIE*****
pairs: [] & pairsUsed: [A-B, A-C, A-D, B-C, B-D, C-D]
doubles: [A-C, A-D, B-C, B-D, C-D] & doublesUsed: [A-B]
currentGame: 3 & prevGame: [0, 1, 2, 2, 1, 0, 3]
currentRound: 4 & prevRound: [0, 1, 2, 4, 3, 5, 5]
TEMPBOARD: 
         | Game 1 |  Game 2 |  Game 3 |  Game 4 |  
_________ ________ _________ _________ _________ 
Round 1  |  A-B   |         |         |         |   
Round 2  |        |   A-C   |         |         |   
Round 3  |        |         |   A-D   |         |   
Round 4  |        |   B-D   |         |         |   
Round 5  |        |         |   B-C   |         |   
Round 6  |  C-D   |         |         |   A-B   |   
pairToPlace: A-C
 
*****VOLGENDE ITERATIE*****
pairs: [] & pairsUsed: [A-B, A-C, A-D, B-C, B-D, C-D]
doubles: [A-C, A-D, B-C, B-D, C-D] & doublesUsed: [A-B]
currentGame: 3 & prevGame: [0, 1, 2, 2, 1, 0, 3]
currentRound: 5 & prevRound: [0, 1, 2, 4, 3, 5, 5]
TEMPBOARD: 
         | Game 1 |  Game 2 |  Game 3 |  Game 4 |  
_________ ________ _________ _________ _________ 
Round 1  |  A-B   |         |         |         |   
Round 2  |        |   A-C   |         |         |   
Round 3  |        |         |   A-D   |         |   
Round 4  |        |   B-D   |         |         |   
Round 5  |        |         |   B-C   |         |   
Round 6  |  C-D   |         |         |   A-B   |   
pairToPlace: A-C
 
*****VOLGENDE ITERATIE*****
pairs: [] & pairsUsed: [A-B, A-C, A-D, B-C, B-D, C-D]
doubles: [A-C, A-D, B-C, B-D, C-D] & doublesUsed: [A-B]
currentGame: 3 & prevGame: [0, 1, 2, 2, 1, 0, 3]
currentRound: 6 & prevRound: [0, 1, 2, 4, 3, 5, 5]
TEMPBOARD: 
         | Game 1 |  Game 2 |  Game 3 |  Game 4 |  
_________ ________ _________ _________ _________ 
Round 1  |  A-B   |         |         |         |   
Round 2  |        |   A-C   |         |         |   
Round 3  |        |         |   A-D   |         |   
Round 4  |        |   B-D   |         |         |   
Round 5  |        |         |   B-C   |         |   
Round 6  |  C-D   |         |         |   A-B   |   
pairToPlace: A-C
 
*****VOLGENDE ITERATIE*****
pairs: [] & pairsUsed: [A-B, A-C, A-D, B-C, B-D, C-D]
doubles: [A-C, A-D, B-C, B-D, C-D] & doublesUsed: [A-B]
currentGame: 4 & prevGame: [0, 1, 2, 2, 1, 0, 3]
currentRound: 0 & prevRound: [0, 1, 2, 4, 3, 5, 5]
TEMPBOARD: 
         | Game 1 |  Game 2 |  Game 3 |  Game 4 |  
_________ ________ _________ _________ _________ 
Round 1  |  A-B   |         |         |         |   
Round 2  |        |   A-C   |         |         |   
Round 3  |        |         |   A-D   |         |   
Round 4  |        |   B-D   |         |         |   
Round 5  |        |         |   B-C   |         |   
Round 6  |  C-D   |         |         |   A-B   |   
pairToPlace: A-C
 
*****VOLGENDE ITERATIE*****
pairs: [] & pairsUsed: [A-B, A-C, A-D, B-C, B-D, C-D]
doubles: [A-B, A-C, A-D, B-C, B-D, C-D] & doublesUsed: []
currentGame: 3 & prevGame: [0, 1, 2, 2, 1, 0]
currentRound: 6 & prevRound: [0, 1, 2, 4, 3, 5]
TEMPBOARD: 
         | Game 1 |  Game 2 |  Game 3 |  Game 4 |  
_________ ________ _________ _________ _________ 
Round 1  |  A-B   |         |         |         |   
Round 2  |        |   A-C   |         |         |   
Round 3  |        |         |   A-D   |         |   
Round 4  |        |   B-D   |         |         |   
Round 5  |        |         |   B-C   |         |   
Round 6  |  C-D   |         |         |         |   
pairToPlace: A-B
 
*****VOLGENDE ITERATIE*****
pairs: [] & pairsUsed: [A-B, A-C, A-D, B-C, B-D, C-D]
doubles: [A-B, A-C, A-D, B-C, B-D, C-D] & doublesUsed: []
currentGame: 4 & prevGame: [0, 1, 2, 2, 1, 0]
currentRound: 0 & prevRound: [0, 1, 2, 4, 3, 5]
TEMPBOARD: 
         | Game 1 |  Game 2 |  Game 3 |  Game 4 |  
_________ ________ _________ _________ _________ 
Round 1  |  A-B   |         |         |         |   
Round 2  |        |   A-C   |         |         |   
Round 3  |        |         |   A-D   |         |   
Round 4  |        |   B-D   |         |         |   
Round 5  |        |         |   B-C   |         |   
Round 6  |  C-D   |         |         |         |   
pairToPlace: A-B
 
*****VOLGENDE ITERATIE*****
pairs: [C-D] & pairsUsed: [A-B, A-C, A-D, B-C, B-D]
doubles: [A-B, A-C, A-D, B-C, B-D, C-D] & doublesUsed: []
currentGame: 0 & prevGame: [0, 1, 2, 2, 1]
currentRound: 6 & prevRound: [0, 1, 2, 4, 3]
TEMPBOARD: 
         | Game 1 |  Game 2 |  Game 3 |  Game 4 |  
_________ ________ _________ _________ _________ 
Round 1  |  A-B   |         |         |         |   
Round 2  |        |   A-C   |         |         |   
Round 3  |        |         |   A-D   |         |   
Round 4  |        |   B-D   |         |         |   
Round 5  |        |         |   B-C   |         |   
Round 6  |        |         |         |         |   
pairToPlace: C-D
 
*****VOLGENDE ITERATIE*****
pairs: [C-D] & pairsUsed: [A-B, A-C, A-D, B-C, B-D]
doubles: [A-B, A-C, A-D, B-C, B-D, C-D] & doublesUsed: []
currentGame: 1 & prevGame: [0, 1, 2, 2, 1]
currentRound: 0 & prevRound: [0, 1, 2, 4, 3]
TEMPBOARD: 
         | Game 1 |  Game 2 |  Game 3 |  Game 4 |  
_________ ________ _________ _________ _________ 
Round 1  |  A-B   |         |         |         |   
Round 2  |        |   A-C   |         |         |   
Round 3  |        |         |   A-D   |         |   
Round 4  |        |   B-D   |         |         |   
Round 5  |        |         |   B-C   |         |   
Round 6  |        |         |         |         |   
pairToPlace: C-D
 
*****VOLGENDE ITERATIE*****
pairs: [C-D] & pairsUsed: [A-B, A-C, A-D, B-C, B-D]
doubles: [A-B, A-C, A-D, B-C, B-D, C-D] & doublesUsed: []
currentGame: 1 & prevGame: [0, 1, 2, 2, 1]
currentRound: 1 & prevRound: [0, 1, 2, 4, 3]
TEMPBOARD: 
         | Game 1 |  Game 2 |  Game 3 |  Game 4 |  
_________ ________ _________ _________ _________ 
Round 1  |  A-B   |         |         |         |   
Round 2  |        |   A-C   |         |         |   
Round 3  |        |         |   A-D   |         |   
Round 4  |        |   B-D   |         |         |   
Round 5  |        |         |   B-C   |         |   
Round 6  |        |         |         |         |   
pairToPlace: C-D
 
*****VOLGENDE ITERATIE*****
pairs: [C-D] & pairsUsed: [A-B, A-C, A-D, B-C, B-D]
doubles: [A-B, A-C, A-D, B-C, B-D, C-D] & doublesUsed: []
currentGame: 1 & prevGame: [0, 1, 2, 2, 1]
currentRound: 2 & prevRound: [0, 1, 2, 4, 3]
TEMPBOARD: 
         | Game 1 |  Game 2 |  Game 3 |  Game 4 |  
_________ ________ _________ _________ _________ 
Round 1  |  A-B   |         |         |         |   
Round 2  |        |   A-C   |         |         |   
Round 3  |        |         |   A-D   |         |   
Round 4  |        |   B-D   |         |         |   
Round 5  |        |         |   B-C   |         |   
Round 6  |        |         |         |         |   
pairToPlace: C-D
 
*****VOLGENDE ITERATIE*****
pairs: [C-D] & pairsUsed: [A-B, A-C, A-D, B-C, B-D]
doubles: [A-B, A-C, A-D, B-C, B-D, C-D] & doublesUsed: []
currentGame: 1 & prevGame: [0, 1, 2, 2, 1]
currentRound: 3 & prevRound: [0, 1, 2, 4, 3]
TEMPBOARD: 
         | Game 1 |  Game 2 |  Game 3 |  Game 4 |  
_________ ________ _________ _________ _________ 
Round 1  |  A-B   |         |         |         |   
Round 2  |        |   A-C   |         |         |   
Round 3  |        |         |   A-D   |         |   
Round 4  |        |   B-D   |         |         |   
Round 5  |        |         |   B-C   |         |   
Round 6  |        |         |         |         |   
pairToPlace: C-D
 
*****VOLGENDE ITERATIE*****
pairs: [C-D] & pairsUsed: [A-B, A-C, A-D, B-C, B-D]
doubles: [A-B, A-C, A-D, B-C, B-D, C-D] & doublesUsed: []
currentGame: 1 & prevGame: [0, 1, 2, 2, 1]
currentRound: 4 & prevRound: [0, 1, 2, 4, 3]
TEMPBOARD: 
         | Game 1 |  Game 2 |  Game 3 |  Game 4 |  
_________ ________ _________ _________ _________ 
Round 1  |  A-B   |         |         |         |   
Round 2  |        |   A-C   |         |         |   
Round 3  |        |         |   A-D   |         |   
Round 4  |        |   B-D   |         |         |   
Round 5  |        |         |   B-C   |         |   
Round 6  |        |         |         |         |   
pairToPlace: C-D
 
*****VOLGENDE ITERATIE*****
pairs: [C-D] & pairsUsed: [A-B, A-C, A-D, B-C, B-D]
doubles: [A-B, A-C, A-D, B-C, B-D, C-D] & doublesUsed: []
currentGame: 1 & prevGame: [0, 1, 2, 2, 1]
currentRound: 5 & prevRound: [0, 1, 2, 4, 3]
TEMPBOARD: 
         | Game 1 |  Game 2 |  Game 3 |  Game 4 |  
_________ ________ _________ _________ _________ 
Round 1  |  A-B   |         |         |         |   
Round 2  |        |   A-C   |         |         |   
Round 3  |        |         |   A-D   |         |   
Round 4  |        |   B-D   |         |         |   
Round 5  |        |         |   B-C   |         |   
Round 6  |        |         |         |         |   
pairToPlace: C-D
 
*****VOLGENDE ITERATIE*****
pairs: [C-D] & pairsUsed: [A-B, A-C, A-D, B-C, B-D]
doubles: [A-B, A-C, A-D, B-C, B-D, C-D] & doublesUsed: []
currentGame: 1 & prevGame: [0, 1, 2, 2, 1]
currentRound: 6 & prevRound: [0, 1, 2, 4, 3]
TEMPBOARD: 
         | Game 1 |  Game 2 |  Game 3 |  Game 4 |  
_________ ________ _________ _________ _________ 
Round 1  |  A-B   |         |         |         |   
Round 2  |        |   A-C   |         |         |   
Round 3  |        |         |   A-D   |         |   
Round 4  |        |   B-D   |         |         |   
Round 5  |        |         |   B-C   |         |   
Round 6  |        |         |         |         |   
pairToPlace: C-D
 
*****VOLGENDE ITERATIE*****
pairs: [C-D] & pairsUsed: [A-B, A-C, A-D, B-C, B-D]
doubles: [A-B, A-C, A-D, B-C, B-D, C-D] & doublesUsed: []
currentGame: 2 & prevGame: [0, 1, 2, 2, 1]
currentRound: 0 & prevRound: [0, 1, 2, 4, 3]
TEMPBOARD: 
         | Game 1 |  Game 2 |  Game 3 |  Game 4 |  
_________ ________ _________ _________ _________ 
Round 1  |  A-B   |         |         |         |   
Round 2  |        |   A-C   |         |         |   
Round 3  |        |         |   A-D   |         |   
Round 4  |        |   B-D   |         |         |   
Round 5  |        |         |   B-C   |         |   
Round 6  |        |         |         |         |   
pairToPlace: C-D
 
*****VOLGENDE ITERATIE*****
pairs: [C-D] & pairsUsed: [A-B, A-C, A-D, B-C, B-D]
doubles: [A-B, A-C, A-D, B-C, B-D, C-D] & doublesUsed: []
currentGame: 2 & prevGame: [0, 1, 2, 2, 1]
currentRound: 1 & prevRound: [0, 1, 2, 4, 3]
TEMPBOARD: 
         | Game 1 |  Game 2 |  Game 3 |  Game 4 |  
_________ ________ _________ _________ _________ 
Round 1  |  A-B   |         |         |         |   
Round 2  |        |   A-C   |         |         |   
Round 3  |        |         |   A-D   |         |   
Round 4  |        |   B-D   |         |         |   
Round 5  |        |         |   B-C   |         |   
Round 6  |        |         |         |         |   
pairToPlace: C-D
 
*****VOLGENDE ITERATIE*****
pairs: [C-D] & pairsUsed: [A-B, A-C, A-D, B-C, B-D]
doubles: [A-B, A-C, A-D, B-C, B-D, C-D] & doublesUsed: []
currentGame: 2 & prevGame: [0, 1, 2, 2, 1]
currentRound: 2 & prevRound: [0, 1, 2, 4, 3]
TEMPBOARD: 
         | Game 1 |  Game 2 |  Game 3 |  Game 4 |  
_________ ________ _________ _________ _________ 
Round 1  |  A-B   |         |         |         |   
Round 2  |        |   A-C   |         |         |   
Round 3  |        |         |   A-D   |         |   
Round 4  |        |   B-D   |         |         |   
Round 5  |        |         |   B-C   |         |   
Round 6  |        |         |         |         |   
pairToPlace: C-D
 
*****VOLGENDE ITERATIE*****
pairs: [C-D] & pairsUsed: [A-B, A-C, A-D, B-C, B-D]
doubles: [A-B, A-C, A-D, B-C, B-D, C-D] & doublesUsed: []
currentGame: 2 & prevGame: [0, 1, 2, 2, 1]
currentRound: 3 & prevRound: [0, 1, 2, 4, 3]
TEMPBOARD: 
         | Game 1 |  Game 2 |  Game 3 |  Game 4 |  
_________ ________ _________ _________ _________ 
Round 1  |  A-B   |         |         |         |   
Round 2  |        |   A-C   |         |         |   
Round 3  |        |         |   A-D   |         |   
Round 4  |        |   B-D   |         |         |   
Round 5  |        |         |   B-C   |         |   
Round 6  |        |         |         |         |   
pairToPlace: C-D
 
*****VOLGENDE ITERATIE*****
pairs: [C-D] & pairsUsed: [A-B, A-C, A-D, B-C, B-D]
doubles: [A-B, A-C, A-D, B-C, B-D, C-D] & doublesUsed: []
currentGame: 2 & prevGame: [0, 1, 2, 2, 1]
currentRound: 4 & prevRound: [0, 1, 2, 4, 3]
TEMPBOARD: 
         | Game 1 |  Game 2 |  Game 3 |  Game 4 |  
_________ ________ _________ _________ _________ 
Round 1  |  A-B   |         |         |         |   
Round 2  |        |   A-C   |         |         |   
Round 3  |        |         |   A-D   |         |   
Round 4  |        |   B-D   |         |         |   
Round 5  |        |         |   B-C   |         |   
Round 6  |        |         |         |         |   
pairToPlace: C-D
 
*****VOLGENDE ITERATIE*****
pairs: [C-D] & pairsUsed: [A-B, A-C, A-D, B-C, B-D]
doubles: [A-B, A-C, A-D, B-C, B-D, C-D] & doublesUsed: []
currentGame: 2 & prevGame: [0, 1, 2, 2, 1]
currentRound: 5 & prevRound: [0, 1, 2, 4, 3]
TEMPBOARD: 
         | Game 1 |  Game 2 |  Game 3 |  Game 4 |  
_________ ________ _________ _________ _________ 
Round 1  |  A-B   |         |         |         |   
Round 2  |        |   A-C   |         |         |   
Round 3  |        |         |   A-D   |         |   
Round 4  |        |   B-D   |         |         |   
Round 5  |        |         |   B-C   |         |   
Round 6  |        |         |         |         |   
pairToPlace: C-D
 
*****VOLGENDE ITERATIE*****
pairs: [C-D] & pairsUsed: [A-B, A-C, A-D, B-C, B-D]
doubles: [A-B, A-C, A-D, B-C, B-D, C-D] & doublesUsed: []
currentGame: 2 & prevGame: [0, 1, 2, 2, 1]
currentRound: 6 & prevRound: [0, 1, 2, 4, 3]
TEMPBOARD: 
         | Game 1 |  Game 2 |  Game 3 |  Game 4 |  
_________ ________ _________ _________ _________ 
Round 1  |  A-B   |         |         |         |   
Round 2  |        |   A-C   |         |         |   
Round 3  |        |         |   A-D   |         |   
Round 4  |        |   B-D   |         |         |   
Round 5  |        |         |   B-C   |         |   
Round 6  |        |         |         |         |   
pairToPlace: C-D
 
*****VOLGENDE ITERATIE*****
pairs: [C-D] & pairsUsed: [A-B, A-C, A-D, B-C, B-D]
doubles: [A-B, A-C, A-D, B-C, B-D, C-D] & doublesUsed: []
currentGame: 3 & prevGame: [0, 1, 2, 2, 1]
currentRound: 0 & prevRound: [0, 1, 2, 4, 3]
TEMPBOARD: 
         | Game 1 |  Game 2 |  Game 3 |  Game 4 |  
_________ ________ _________ _________ _________ 
Round 1  |  A-B   |         |         |         |   
Round 2  |        |   A-C   |         |         |   
Round 3  |        |         |   A-D   |         |   
Round 4  |        |   B-D   |         |         |   
Round 5  |        |         |   B-C   |         |   
Round 6  |        |         |         |         |   
pairToPlace: C-D
 
*****VOLGENDE ITERATIE*****
pairs: [] & pairsUsed: [A-B, A-C, A-D, B-C, B-D, C-D]
doubles: [A-B, A-C, A-D, B-C, B-D, C-D] & doublesUsed: []
currentGame: 0 & prevGame: [0, 1, 2, 2, 1, 3]
currentRound: 0 & prevRound: [0, 1, 2, 4, 3, 0]
TEMPBOARD: 
         | Game 1 |  Game 2 |  Game 3 |  Game 4 |  
_________ ________ _________ _________ _________ 
Round 1  |  A-B   |         |         |   C-D   |   
Round 2  |        |   A-C   |         |         |   
Round 3  |        |         |   A-D   |         |   
Round 4  |        |   B-D   |         |         |   
Round 5  |        |         |   B-C   |         |   
Round 6  |        |         |         |         |   
pairToPlace: A-B
 
*****VOLGENDE ITERATIE*****
pairs: [] & pairsUsed: [A-B, A-C, A-D, B-C, B-D, C-D]
doubles: [A-B, A-C, A-D, B-C, B-D, C-D] & doublesUsed: []
currentGame: 0 & prevGame: [0, 1, 2, 2, 1, 3]
currentRound: 1 & prevRound: [0, 1, 2, 4, 3, 0]
TEMPBOARD: 
         | Game 1 |  Game 2 |  Game 3 |  Game 4 |  
_________ ________ _________ _________ _________ 
Round 1  |  A-B   |         |         |   C-D   |   
Round 2  |        |   A-C   |         |         |   
Round 3  |        |         |   A-D   |         |   
Round 4  |        |   B-D   |         |         |   
Round 5  |        |         |   B-C   |         |   
Round 6  |        |         |         |         |   
pairToPlace: A-B
 
*****VOLGENDE ITERATIE*****
pairs: [] & pairsUsed: [A-B, A-C, A-D, B-C, B-D, C-D]
doubles: [A-B, A-C, A-D, B-C, B-D, C-D] & doublesUsed: []
currentGame: 0 & prevGame: [0, 1, 2, 2, 1, 3]
currentRound: 2 & prevRound: [0, 1, 2, 4, 3, 0]
TEMPBOARD: 
         | Game 1 |  Game 2 |  Game 3 |  Game 4 |  
_________ ________ _________ _________ _________ 
Round 1  |  A-B   |         |         |   C-D   |   
Round 2  |        |   A-C   |         |         |   
Round 3  |        |         |   A-D   |         |   
Round 4  |        |   B-D   |         |         |   
Round 5  |        |         |   B-C   |         |   
Round 6  |        |         |         |         |   
pairToPlace: A-B
 
*****VOLGENDE ITERATIE*****
pairs: [] & pairsUsed: [A-B, A-C, A-D, B-C, B-D, C-D]
doubles: [A-B, A-C, A-D, B-C, B-D, C-D] & doublesUsed: []
currentGame: 0 & prevGame: [0, 1, 2, 2, 1, 3]
currentRound: 3 & prevRound: [0, 1, 2, 4, 3, 0]
TEMPBOARD: 
         | Game 1 |  Game 2 |  Game 3 |  Game 4 |  
_________ ________ _________ _________ _________ 
Round 1  |  A-B   |         |         |   C-D   |   
Round 2  |        |   A-C   |         |         |   
Round 3  |        |         |   A-D   |         |   
Round 4  |        |   B-D   |         |         |   
Round 5  |        |         |   B-C   |         |   
Round 6  |        |         |         |         |   
pairToPlace: A-B
 
*****VOLGENDE ITERATIE*****
pairs: [] & pairsUsed: [A-B, A-C, A-D, B-C, B-D, C-D]
doubles: [A-B, A-C, A-D, B-C, B-D, C-D] & doublesUsed: []
currentGame: 0 & prevGame: [0, 1, 2, 2, 1, 3]
currentRound: 4 & prevRound: [0, 1, 2, 4, 3, 0]
TEMPBOARD: 
         | Game 1 |  Game 2 |  Game 3 |  Game 4 |  
_________ ________ _________ _________ _________ 
Round 1  |  A-B   |         |         |   C-D   |   
Round 2  |        |   A-C   |         |         |   
Round 3  |        |         |   A-D   |         |   
Round 4  |        |   B-D   |         |         |   
Round 5  |        |         |   B-C   |         |   
Round 6  |        |         |         |         |   
pairToPlace: A-B
 
*****VOLGENDE ITERATIE*****
pairs: [] & pairsUsed: [A-B, A-C, A-D, B-C, B-D, C-D]
doubles: [A-B, A-C, A-D, B-C, B-D, C-D] & doublesUsed: []
currentGame: 0 & prevGame: [0, 1, 2, 2, 1, 3]
currentRound: 5 & prevRound: [0, 1, 2, 4, 3, 0]
TEMPBOARD: 
         | Game 1 |  Game 2 |  Game 3 |  Game 4 |  
_________ ________ _________ _________ _________ 
Round 1  |  A-B   |         |         |   C-D   |   
Round 2  |        |   A-C   |         |         |   
Round 3  |        |         |   A-D   |         |   
Round 4  |        |   B-D   |         |         |   
Round 5  |        |         |   B-C   |         |   
Round 6  |        |         |         |         |   
pairToPlace: A-B
 
*****VOLGENDE ITERATIE*****
pairs: [] & pairsUsed: [A-B, A-C, A-D, B-C, B-D, C-D]
doubles: [A-B, A-C, A-D, B-C, B-D, C-D] & doublesUsed: []
currentGame: 0 & prevGame: [0, 1, 2, 2, 1, 3]
currentRound: 6 & prevRound: [0, 1, 2, 4, 3, 0]
TEMPBOARD: 
         | Game 1 |  Game 2 |  Game 3 |  Game 4 |  
_________ ________ _________ _________ _________ 
Round 1  |  A-B   |         |         |   C-D   |   
Round 2  |        |   A-C   |         |         |   
Round 3  |        |         |   A-D   |         |   
Round 4  |        |   B-D   |         |         |   
Round 5  |        |         |   B-C   |         |   
Round 6  |        |         |         |         |   
pairToPlace: A-B
 
*****VOLGENDE ITERATIE*****
pairs: [] & pairsUsed: [A-B, A-C, A-D, B-C, B-D, C-D]
doubles: [A-B, A-C, A-D, B-C, B-D, C-D] & doublesUsed: []
currentGame: 1 & prevGame: [0, 1, 2, 2, 1, 3]
currentRound: 0 & prevRound: [0, 1, 2, 4, 3, 0]
TEMPBOARD: 
         | Game 1 |  Game 2 |  Game 3 |  Game 4 |  
_________ ________ _________ _________ _________ 
Round 1  |  A-B   |         |         |   C-D   |   
Round 2  |        |   A-C   |         |         |   
Round 3  |        |         |   A-D   |         |   
Round 4  |        |   B-D   |         |         |   
Round 5  |        |         |   B-C   |         |   
Round 6  |        |         |         |         |   
pairToPlace: A-B
 
*****VOLGENDE ITERATIE*****
pairs: [] & pairsUsed: [A-B, A-C, A-D, B-C, B-D, C-D]
doubles: [A-B, A-C, A-D, B-C, B-D, C-D] & doublesUsed: []
currentGame: 1 & prevGame: [0, 1, 2, 2, 1, 3]
currentRound: 1 & prevRound: [0, 1, 2, 4, 3, 0]
TEMPBOARD: 
         | Game 1 |  Game 2 |  Game 3 |  Game 4 |  
_________ ________ _________ _________ _________ 
Round 1  |  A-B   |         |         |   C-D   |   
Round 2  |        |   A-C   |         |         |   
Round 3  |        |         |   A-D   |         |   
Round 4  |        |   B-D   |         |         |   
Round 5  |        |         |   B-C   |         |   
Round 6  |        |         |         |         |   
pairToPlace: A-B
 
*****VOLGENDE ITERATIE*****
pairs: [] & pairsUsed: [A-B, A-C, A-D, B-C, B-D, C-D]
doubles: [A-B, A-C, A-D, B-C, B-D, C-D] & doublesUsed: []
currentGame: 1 & prevGame: [0, 1, 2, 2, 1, 3]
currentRound: 2 & prevRound: [0, 1, 2, 4, 3, 0]
TEMPBOARD: 
         | Game 1 |  Game 2 |  Game 3 |  Game 4 |  
_________ ________ _________ _________ _________ 
Round 1  |  A-B   |         |         |   C-D   |   
Round 2  |        |   A-C   |         |         |   
Round 3  |        |         |   A-D   |         |   
Round 4  |        |   B-D   |         |         |   
Round 5  |        |         |   B-C   |         |   
Round 6  |        |         |         |         |   
pairToPlace: A-B
 
*****VOLGENDE ITERATIE*****
pairs: [] & pairsUsed: [A-B, A-C, A-D, B-C, B-D, C-D]
doubles: [A-B, A-C, A-D, B-C, B-D, C-D] & doublesUsed: []
currentGame: 1 & prevGame: [0, 1, 2, 2, 1, 3]
currentRound: 3 & prevRound: [0, 1, 2, 4, 3, 0]
TEMPBOARD: 
         | Game 1 |  Game 2 |  Game 3 |  Game 4 |  
_________ ________ _________ _________ _________ 
Round 1  |  A-B   |         |         |   C-D   |   
Round 2  |        |   A-C   |         |         |   
Round 3  |        |         |   A-D   |         |   
Round 4  |        |   B-D   |         |         |   
Round 5  |        |         |   B-C   |         |   
Round 6  |        |         |         |         |   
pairToPlace: A-B
 
*****VOLGENDE ITERATIE*****
pairs: [] & pairsUsed: [A-B, A-C, A-D, B-C, B-D, C-D]
doubles: [A-B, A-C, A-D, B-C, B-D, C-D] & doublesUsed: []
currentGame: 1 & prevGame: [0, 1, 2, 2, 1, 3]
currentRound: 4 & prevRound: [0, 1, 2, 4, 3, 0]
TEMPBOARD: 
         | Game 1 |  Game 2 |  Game 3 |  Game 4 |  
_________ ________ _________ _________ _________ 
Round 1  |  A-B   |         |         |   C-D   |   
Round 2  |        |   A-C   |         |         |   
Round 3  |        |         |   A-D   |         |   
Round 4  |        |   B-D   |         |         |   
Round 5  |        |         |   B-C   |         |   
Round 6  |        |         |         |         |   
pairToPlace: A-B
 
*****VOLGENDE ITERATIE*****
pairs: [] & pairsUsed: [A-B, A-C, A-D, B-C, B-D, C-D]
doubles: [A-B, A-C, A-D, B-C, B-D, C-D] & doublesUsed: []
currentGame: 1 & prevGame: [0, 1, 2, 2, 1, 3]
currentRound: 5 & prevRound: [0, 1, 2, 4, 3, 0]
TEMPBOARD: 
         | Game 1 |  Game 2 |  Game 3 |  Game 4 |  
_________ ________ _________ _________ _________ 
Round 1  |  A-B   |         |         |   C-D   |   
Round 2  |        |   A-C   |         |         |   
Round 3  |        |         |   A-D   |         |   
Round 4  |        |   B-D   |         |         |   
Round 5  |        |         |   B-C   |         |   
Round 6  |        |         |         |         |   
pairToPlace: A-B
 
*****VOLGENDE ITERATIE*****
pairs: [] & pairsUsed: [A-B, A-C, A-D, B-C, B-D, C-D]
doubles: [A-B, A-C, A-D, B-C, B-D, C-D] & doublesUsed: []
currentGame: 1 & prevGame: [0, 1, 2, 2, 1, 3]
currentRound: 6 & prevRound: [0, 1, 2, 4, 3, 0]
TEMPBOARD: 
         | Game 1 |  Game 2 |  Game 3 |  Game 4 |  
_________ ________ _________ _________ _________ 
Round 1  |  A-B   |         |         |   C-D   |   
Round 2  |        |   A-C   |         |         |   
Round 3  |        |         |   A-D   |         |   
Round 4  |        |   B-D   |         |         |   
Round 5  |        |         |   B-C   |         |   
Round 6  |        |         |         |         |   
pairToPlace: A-B
 
*****VOLGENDE ITERATIE*****
pairs: [] & pairsUsed: [A-B, A-C, A-D, B-C, B-D, C-D]
doubles: [A-B, A-C, A-D, B-C, B-D, C-D] & doublesUsed: []
currentGame: 2 & prevGame: [0, 1, 2, 2, 1, 3]
currentRound: 0 & prevRound: [0, 1, 2, 4, 3, 0]
TEMPBOARD: 
         | Game 1 |  Game 2 |  Game 3 |  Game 4 |  
_________ ________ _________ _________ _________ 
Round 1  |  A-B   |         |         |   C-D   |   
Round 2  |        |   A-C   |         |         |   
Round 3  |        |         |   A-D   |         |   
Round 4  |        |   B-D   |         |         |   
Round 5  |        |         |   B-C   |         |   
Round 6  |        |         |         |         |   
pairToPlace: A-B
 
*****VOLGENDE ITERATIE*****
pairs: [] & pairsUsed: [A-B, A-C, A-D, B-C, B-D, C-D]
doubles: [A-B, A-C, A-D, B-C, B-D, C-D] & doublesUsed: []
currentGame: 2 & prevGame: [0, 1, 2, 2, 1, 3]
currentRound: 1 & prevRound: [0, 1, 2, 4, 3, 0]
TEMPBOARD: 
         | Game 1 |  Game 2 |  Game 3 |  Game 4 |  
_________ ________ _________ _________ _________ 
Round 1  |  A-B   |         |         |   C-D   |   
Round 2  |        |   A-C   |         |         |   
Round 3  |        |         |   A-D   |         |   
Round 4  |        |   B-D   |         |         |   
Round 5  |        |         |   B-C   |         |   
Round 6  |        |         |         |         |   
pairToPlace: A-B
 
*****VOLGENDE ITERATIE*****
pairs: [] & pairsUsed: [A-B, A-C, A-D, B-C, B-D, C-D]
doubles: [A-B, A-C, A-D, B-C, B-D, C-D] & doublesUsed: []
currentGame: 2 & prevGame: [0, 1, 2, 2, 1, 3]
currentRound: 2 & prevRound: [0, 1, 2, 4, 3, 0]
TEMPBOARD: 
         | Game 1 |  Game 2 |  Game 3 |  Game 4 |  
_________ ________ _________ _________ _________ 
Round 1  |  A-B   |         |         |   C-D   |   
Round 2  |        |   A-C   |         |         |   
Round 3  |        |         |   A-D   |         |   
Round 4  |        |   B-D   |         |         |   
Round 5  |        |         |   B-C   |         |   
Round 6  |        |         |         |         |   
pairToPlace: A-B
 
*****VOLGENDE ITERATIE*****
pairs: [] & pairsUsed: [A-B, A-C, A-D, B-C, B-D, C-D]
doubles: [A-B, A-C, A-D, B-C, B-D, C-D] & doublesUsed: []
currentGame: 2 & prevGame: [0, 1, 2, 2, 1, 3]
currentRound: 3 & prevRound: [0, 1, 2, 4, 3, 0]
TEMPBOARD: 
         | Game 1 |  Game 2 |  Game 3 |  Game 4 |  
_________ ________ _________ _________ _________ 
Round 1  |  A-B   |         |         |   C-D   |   
Round 2  |        |   A-C   |         |         |   
Round 3  |        |         |   A-D   |         |   
Round 4  |        |   B-D   |         |         |   
Round 5  |        |         |   B-C   |         |   
Round 6  |        |         |         |         |   
pairToPlace: A-B
 
*****VOLGENDE ITERATIE*****
pairs: [] & pairsUsed: [A-B, A-C, A-D, B-C, B-D, C-D]
doubles: [A-B, A-C, A-D, B-C, B-D, C-D] & doublesUsed: []
currentGame: 2 & prevGame: [0, 1, 2, 2, 1, 3]
currentRound: 4 & prevRound: [0, 1, 2, 4, 3, 0]
TEMPBOARD: 
         | Game 1 |  Game 2 |  Game 3 |  Game 4 |  
_________ ________ _________ _________ _________ 
Round 1  |  A-B   |         |         |   C-D   |   
Round 2  |        |   A-C   |         |         |   
Round 3  |        |         |   A-D   |         |   
Round 4  |        |   B-D   |         |         |   
Round 5  |        |         |   B-C   |         |   
Round 6  |        |         |         |         |   
pairToPlace: A-B
 
*****VOLGENDE ITERATIE*****
pairs: [] & pairsUsed: [A-B, A-C, A-D, B-C, B-D, C-D]
doubles: [A-B, A-C, A-D, B-C, B-D, C-D] & doublesUsed: []
currentGame: 2 & prevGame: [0, 1, 2, 2, 1, 3]
currentRound: 5 & prevRound: [0, 1, 2, 4, 3, 0]
TEMPBOARD: 
         | Game 1 |  Game 2 |  Game 3 |  Game 4 |  
_________ ________ _________ _________ _________ 
Round 1  |  A-B   |         |         |   C-D   |   
Round 2  |        |   A-C   |         |         |   
Round 3  |        |         |   A-D   |         |   
Round 4  |        |   B-D   |         |         |   
Round 5  |        |         |   B-C   |         |   
Round 6  |        |         |         |         |   
pairToPlace: A-B
 
*****VOLGENDE ITERATIE*****
pairs: [] & pairsUsed: [A-B, A-C, A-D, B-C, B-D, C-D]
doubles: [A-B, A-C, A-D, B-C, B-D, C-D] & doublesUsed: []
currentGame: 2 & prevGame: [0, 1, 2, 2, 1, 3]
currentRound: 6 & prevRound: [0, 1, 2, 4, 3, 0]
TEMPBOARD: 
         | Game 1 |  Game 2 |  Game 3 |  Game 4 |  
_________ ________ _________ _________ _________ 
Round 1  |  A-B   |         |         |   C-D   |   
Round 2  |        |   A-C   |         |         |   
Round 3  |        |         |   A-D   |         |   
Round 4  |        |   B-D   |         |         |   
Round 5  |        |         |   B-C   |         |   
Round 6  |        |         |         |         |   
pairToPlace: A-B
 
*****VOLGENDE ITERATIE*****
pairs: [] & pairsUsed: [A-B, A-C, A-D, B-C, B-D, C-D]
doubles: [A-B, A-C, A-D, B-C, B-D, C-D] & doublesUsed: []
currentGame: 3 & prevGame: [0, 1, 2, 2, 1, 3]
currentRound: 0 & prevRound: [0, 1, 2, 4, 3, 0]
TEMPBOARD: 
         | Game 1 |  Game 2 |  Game 3 |  Game 4 |  
_________ ________ _________ _________ _________ 
Round 1  |  A-B   |         |         |   C-D   |   
Round 2  |        |   A-C   |         |         |   
Round 3  |        |         |   A-D   |         |   
Round 4  |        |   B-D   |         |         |   
Round 5  |        |         |   B-C   |         |   
Round 6  |        |         |         |         |   
pairToPlace: A-B
 
*****VOLGENDE ITERATIE*****
pairs: [] & pairsUsed: [A-B, A-C, A-D, B-C, B-D, C-D]
doubles: [A-B, A-C, A-D, B-C, B-D, C-D] & doublesUsed: []
currentGame: 3 & prevGame: [0, 1, 2, 2, 1, 3]
currentRound: 1 & prevRound: [0, 1, 2, 4, 3, 0]
TEMPBOARD: 
         | Game 1 |  Game 2 |  Game 3 |  Game 4 |  
_________ ________ _________ _________ _________ 
Round 1  |  A-B   |         |         |   C-D   |   
Round 2  |        |   A-C   |         |         |   
Round 3  |        |         |   A-D   |         |   
Round 4  |        |   B-D   |         |         |   
Round 5  |        |         |   B-C   |         |   
Round 6  |        |         |         |         |   
pairToPlace: A-B
 
*****VOLGENDE ITERATIE*****
pairs: [] & pairsUsed: [A-B, A-C, A-D, B-C, B-D, C-D]
doubles: [A-B, A-C, A-D, B-C, B-D, C-D] & doublesUsed: []
currentGame: 3 & prevGame: [0, 1, 2, 2, 1, 3]
currentRound: 2 & prevRound: [0, 1, 2, 4, 3, 0]
TEMPBOARD: 
         | Game 1 |  Game 2 |  Game 3 |  Game 4 |  
_________ ________ _________ _________ _________ 
Round 1  |  A-B   |         |         |   C-D   |   
Round 2  |        |   A-C   |         |         |   
Round 3  |        |         |   A-D   |         |   
Round 4  |        |   B-D   |         |         |   
Round 5  |        |         |   B-C   |         |   
Round 6  |        |         |         |         |   
pairToPlace: A-B
 
*****VOLGENDE ITERATIE*****
pairs: [] & pairsUsed: [A-B, A-C, A-D, B-C, B-D, C-D]
doubles: [A-B, A-C, A-D, B-C, B-D, C-D] & doublesUsed: []
currentGame: 3 & prevGame: [0, 1, 2, 2, 1, 3]
currentRound: 3 & prevRound: [0, 1, 2, 4, 3, 0]
TEMPBOARD: 
         | Game 1 |  Game 2 |  Game 3 |  Game 4 |  
_________ ________ _________ _________ _________ 
Round 1  |  A-B   |         |         |   C-D   |   
Round 2  |        |   A-C   |         |         |   
Round 3  |        |         |   A-D   |         |   
Round 4  |        |   B-D   |         |         |   
Round 5  |        |         |   B-C   |         |   
Round 6  |        |         |         |         |   
pairToPlace: A-B
 
*****VOLGENDE ITERATIE*****
pairs: [] & pairsUsed: [A-B, A-C, A-D, B-C, B-D, C-D]
doubles: [A-B, A-C, A-D, B-C, B-D, C-D] & doublesUsed: []
currentGame: 3 & prevGame: [0, 1, 2, 2, 1, 3]
currentRound: 4 & prevRound: [0, 1, 2, 4, 3, 0]
TEMPBOARD: 
         | Game 1 |  Game 2 |  Game 3 |  Game 4 |  
_________ ________ _________ _________ _________ 
Round 1  |  A-B   |         |         |   C-D   |   
Round 2  |        |   A-C   |         |         |   
Round 3  |        |         |   A-D   |         |   
Round 4  |        |   B-D   |         |         |   
Round 5  |        |         |   B-C   |         |   
Round 6  |        |         |         |         |   
pairToPlace: A-B
 
*****VOLGENDE ITERATIE*****
pairs: [] & pairsUsed: [A-B, A-C, A-D, B-C, B-D, C-D]
doubles: [A-B, A-C, A-D, B-C, B-D, C-D] & doublesUsed: []
currentGame: 3 & prevGame: [0, 1, 2, 2, 1, 3]
currentRound: 5 & prevRound: [0, 1, 2, 4, 3, 0]
TEMPBOARD: 
         | Game 1 |  Game 2 |  Game 3 |  Game 4 |  
_________ ________ _________ _________ _________ 
Round 1  |  A-B   |         |         |   C-D   |   
Round 2  |        |   A-C   |         |         |   
Round 3  |        |         |   A-D   |         |   
Round 4  |        |   B-D   |         |         |   
Round 5  |        |         |   B-C   |         |   
Round 6  |        |         |         |         |   
pairToPlace: A-B
 
*****VOLGENDE ITERATIE*****
pairs: [] & pairsUsed: [A-B, A-C, A-D, B-C, B-D, C-D]
doubles: [A-C, A-D, B-C, B-D, C-D] & doublesUsed: [A-B]
currentGame: 0 & prevGame: [0, 1, 2, 2, 1, 3, 3]
currentRound: 0 & prevRound: [0, 1, 2, 4, 3, 0, 5]
TEMPBOARD: 
         | Game 1 |  Game 2 |  Game 3 |  Game 4 |  
_________ ________ _________ _________ _________ 
Round 1  |  A-B   |         |         |   C-D   |   
Round 2  |        |   A-C   |         |         |   
Round 3  |        |         |   A-D   |         |   
Round 4  |        |   B-D   |         |         |   
Round 5  |        |         |   B-C   |         |   
Round 6  |        |         |         |   A-B   |   
pairToPlace: A-C
 
*****VOLGENDE ITERATIE*****
pairs: [] & pairsUsed: [A-B, A-C, A-D, B-C, B-D, C-D]
doubles: [A-C, A-D, B-C, B-D, C-D] & doublesUsed: [A-B]
currentGame: 0 & prevGame: [0, 1, 2, 2, 1, 3, 3]
currentRound: 1 & prevRound: [0, 1, 2, 4, 3, 0, 5]
TEMPBOARD: 
         | Game 1 |  Game 2 |  Game 3 |  Game 4 |  
_________ ________ _________ _________ _________ 
Round 1  |  A-B   |         |         |   C-D   |   
Round 2  |        |   A-C   |         |         |   
Round 3  |        |         |   A-D   |         |   
Round 4  |        |   B-D   |         |         |   
Round 5  |        |         |   B-C   |         |   
Round 6  |        |         |         |   A-B   |   
pairToPlace: A-C
 
*****VOLGENDE ITERATIE*****
pairs: [] & pairsUsed: [A-B, A-C, A-D, B-C, B-D, C-D]
doubles: [A-C, A-D, B-C, B-D, C-D] & doublesUsed: [A-B]
currentGame: 0 & prevGame: [0, 1, 2, 2, 1, 3, 3]
currentRound: 2 & prevRound: [0, 1, 2, 4, 3, 0, 5]
TEMPBOARD: 
         | Game 1 |  Game 2 |  Game 3 |  Game 4 |  
_________ ________ _________ _________ _________ 
Round 1  |  A-B   |         |         |   C-D   |   
Round 2  |        |   A-C   |         |         |   
Round 3  |        |         |   A-D   |         |   
Round 4  |        |   B-D   |         |         |   
Round 5  |        |         |   B-C   |         |   
Round 6  |        |         |         |   A-B   |   
pairToPlace: A-C
 
*****VOLGENDE ITERATIE*****
pairs: [] & pairsUsed: [A-B, A-C, A-D, B-C, B-D, C-D]
doubles: [A-C, A-D, B-C, B-D, C-D] & doublesUsed: [A-B]
currentGame: 0 & prevGame: [0, 1, 2, 2, 1, 3, 3]
currentRound: 3 & prevRound: [0, 1, 2, 4, 3, 0, 5]
TEMPBOARD: 
         | Game 1 |  Game 2 |  Game 3 |  Game 4 |  
_________ ________ _________ _________ _________ 
Round 1  |  A-B   |         |         |   C-D   |   
Round 2  |        |   A-C   |         |         |   
Round 3  |        |         |   A-D   |         |   
Round 4  |        |   B-D   |         |         |   
Round 5  |        |         |   B-C   |         |   
Round 6  |        |         |         |   A-B   |   
pairToPlace: A-C
 
*****VOLGENDE ITERATIE*****
pairs: [] & pairsUsed: [A-B, A-C, A-D, B-C, B-D, C-D]
doubles: [A-C, A-D, B-C, B-D, C-D] & doublesUsed: [A-B]
currentGame: 0 & prevGame: [0, 1, 2, 2, 1, 3, 3]
currentRound: 4 & prevRound: [0, 1, 2, 4, 3, 0, 5]
TEMPBOARD: 
         | Game 1 |  Game 2 |  Game 3 |  Game 4 |  
_________ ________ _________ _________ _________ 
Round 1  |  A-B   |         |         |   C-D   |   
Round 2  |        |   A-C   |         |         |   
Round 3  |        |         |   A-D   |         |   
Round 4  |        |   B-D   |         |         |   
Round 5  |        |         |   B-C   |         |   
Round 6  |        |         |         |   A-B   |   
pairToPlace: A-C
 
*****VOLGENDE ITERATIE*****
pairs: [] & pairsUsed: [A-B, A-C, A-D, B-C, B-D, C-D]
doubles: [A-C, A-D, B-C, B-D, C-D] & doublesUsed: [A-B]
currentGame: 0 & prevGame: [0, 1, 2, 2, 1, 3, 3]
currentRound: 5 & prevRound: [0, 1, 2, 4, 3, 0, 5]
TEMPBOARD: 
         | Game 1 |  Game 2 |  Game 3 |  Game 4 |  
_________ ________ _________ _________ _________ 
Round 1  |  A-B   |         |         |   C-D   |   
Round 2  |        |   A-C   |         |         |   
Round 3  |        |         |   A-D   |         |   
Round 4  |        |   B-D   |         |         |   
Round 5  |        |         |   B-C   |         |   
Round 6  |        |         |         |   A-B   |   
pairToPlace: A-C
 
*****VOLGENDE ITERATIE*****
pairs: [] & pairsUsed: [A-B, A-C, A-D, B-C, B-D, C-D]
doubles: [A-C, A-D, B-C, B-D, C-D] & doublesUsed: [A-B]
currentGame: 0 & prevGame: [0, 1, 2, 2, 1, 3, 3]
currentRound: 6 & prevRound: [0, 1, 2, 4, 3, 0, 5]
TEMPBOARD: 
         | Game 1 |  Game 2 |  Game 3 |  Game 4 |  
_________ ________ _________ _________ _________ 
Round 1  |  A-B   |         |         |   C-D   |   
Round 2  |        |   A-C   |         |         |   
Round 3  |        |         |   A-D   |         |   
Round 4  |        |   B-D   |         |         |   
Round 5  |        |         |   B-C   |         |   
Round 6  |        |         |         |   A-B   |   
pairToPlace: A-C
 
*****VOLGENDE ITERATIE*****
pairs: [] & pairsUsed: [A-B, A-C, A-D, B-C, B-D, C-D]
doubles: [A-C, A-D, B-C, B-D, C-D] & doublesUsed: [A-B]
currentGame: 1 & prevGame: [0, 1, 2, 2, 1, 3, 3]
currentRound: 0 & prevRound: [0, 1, 2, 4, 3, 0, 5]
TEMPBOARD: 
         | Game 1 |  Game 2 |  Game 3 |  Game 4 |  
_________ ________ _________ _________ _________ 
Round 1  |  A-B   |         |         |   C-D   |   
Round 2  |        |   A-C   |         |         |   
Round 3  |        |         |   A-D   |         |   
Round 4  |        |   B-D   |         |         |   
Round 5  |        |         |   B-C   |         |   
Round 6  |        |         |         |   A-B   |   
pairToPlace: A-C
 
*****VOLGENDE ITERATIE*****
pairs: [] & pairsUsed: [A-B, A-C, A-D, B-C, B-D, C-D]
doubles: [A-C, A-D, B-C, B-D, C-D] & doublesUsed: [A-B]
currentGame: 1 & prevGame: [0, 1, 2, 2, 1, 3, 3]
currentRound: 1 & prevRound: [0, 1, 2, 4, 3, 0, 5]
TEMPBOARD: 
         | Game 1 |  Game 2 |  Game 3 |  Game 4 |  
_________ ________ _________ _________ _________ 
Round 1  |  A-B   |         |         |   C-D   |   
Round 2  |        |   A-C   |         |         |   
Round 3  |        |         |   A-D   |         |   
Round 4  |        |   B-D   |         |         |   
Round 5  |        |         |   B-C   |         |   
Round 6  |        |         |         |   A-B   |   
pairToPlace: A-C
 
*****VOLGENDE ITERATIE*****
pairs: [] & pairsUsed: [A-B, A-C, A-D, B-C, B-D, C-D]
doubles: [A-C, A-D, B-C, B-D, C-D] & doublesUsed: [A-B]
currentGame: 1 & prevGame: [0, 1, 2, 2, 1, 3, 3]
currentRound: 2 & prevRound: [0, 1, 2, 4, 3, 0, 5]
TEMPBOARD: 
         | Game 1 |  Game 2 |  Game 3 |  Game 4 |  
_________ ________ _________ _________ _________ 
Round 1  |  A-B   |         |         |   C-D   |   
Round 2  |        |   A-C   |         |         |   
Round 3  |        |         |   A-D   |         |   
Round 4  |        |   B-D   |         |         |   
Round 5  |        |         |   B-C   |         |   
Round 6  |        |         |         |   A-B   |   
pairToPlace: A-C
 
*****VOLGENDE ITERATIE*****
pairs: [] & pairsUsed: [A-B, A-C, A-D, B-C, B-D, C-D]
doubles: [A-C, A-D, B-C, B-D, C-D] & doublesUsed: [A-B]
currentGame: 1 & prevGame: [0, 1, 2, 2, 1, 3, 3]
currentRound: 3 & prevRound: [0, 1, 2, 4, 3, 0, 5]
TEMPBOARD: 
         | Game 1 |  Game 2 |  Game 3 |  Game 4 |  
_________ ________ _________ _________ _________ 
Round 1  |  A-B   |         |         |   C-D   |   
Round 2  |        |   A-C   |         |         |   
Round 3  |        |         |   A-D   |         |   
Round 4  |        |   B-D   |         |         |   
Round 5  |        |         |   B-C   |         |   
Round 6  |        |         |         |   A-B   |   
pairToPlace: A-C
 
*****VOLGENDE ITERATIE*****
pairs: [] & pairsUsed: [A-B, A-C, A-D, B-C, B-D, C-D]
doubles: [A-C, A-D, B-C, B-D, C-D] & doublesUsed: [A-B]
currentGame: 1 & prevGame: [0, 1, 2, 2, 1, 3, 3]
currentRound: 4 & prevRound: [0, 1, 2, 4, 3, 0, 5]
TEMPBOARD: 
         | Game 1 |  Game 2 |  Game 3 |  Game 4 |  
_________ ________ _________ _________ _________ 
Round 1  |  A-B   |         |         |   C-D   |   
Round 2  |        |   A-C   |         |         |   
Round 3  |        |         |   A-D   |         |   
Round 4  |        |   B-D   |         |         |   
Round 5  |        |         |   B-C   |         |   
Round 6  |        |         |         |   A-B   |   
pairToPlace: A-C
 
*****VOLGENDE ITERATIE*****
pairs: [] & pairsUsed: [A-B, A-C, A-D, B-C, B-D, C-D]
doubles: [A-C, A-D, B-C, B-D, C-D] & doublesUsed: [A-B]
currentGame: 1 & prevGame: [0, 1, 2, 2, 1, 3, 3]
currentRound: 5 & prevRound: [0, 1, 2, 4, 3, 0, 5]
TEMPBOARD: 
         | Game 1 |  Game 2 |  Game 3 |  Game 4 |  
_________ ________ _________ _________ _________ 
Round 1  |  A-B   |         |         |   C-D   |   
Round 2  |        |   A-C   |         |         |   
Round 3  |        |         |   A-D   |         |   
Round 4  |        |   B-D   |         |         |   
Round 5  |        |         |   B-C   |         |   
Round 6  |        |         |         |   A-B   |   
pairToPlace: A-C
 
*****VOLGENDE ITERATIE*****
pairs: [] & pairsUsed: [A-B, A-C, A-D, B-C, B-D, C-D]
doubles: [A-C, A-D, B-C, B-D, C-D] & doublesUsed: [A-B]
currentGame: 1 & prevGame: [0, 1, 2, 2, 1, 3, 3]
currentRound: 6 & prevRound: [0, 1, 2, 4, 3, 0, 5]
TEMPBOARD: 
         | Game 1 |  Game 2 |  Game 3 |  Game 4 |  
_________ ________ _________ _________ _________ 
Round 1  |  A-B   |         |         |   C-D   |   
Round 2  |        |   A-C   |         |         |   
Round 3  |        |         |   A-D   |         |   
Round 4  |        |   B-D   |         |         |   
Round 5  |        |         |   B-C   |         |   
Round 6  |        |         |         |   A-B   |   
pairToPlace: A-C
 
*****VOLGENDE ITERATIE*****
pairs: [] & pairsUsed: [A-B, A-C, A-D, B-C, B-D, C-D]
doubles: [A-C, A-D, B-C, B-D, C-D] & doublesUsed: [A-B]
currentGame: 2 & prevGame: [0, 1, 2, 2, 1, 3, 3]
currentRound: 0 & prevRound: [0, 1, 2, 4, 3, 0, 5]
TEMPBOARD: 
         | Game 1 |  Game 2 |  Game 3 |  Game 4 |  
_________ ________ _________ _________ _________ 
Round 1  |  A-B   |         |         |   C-D   |   
Round 2  |        |   A-C   |         |         |   
Round 3  |        |         |   A-D   |         |   
Round 4  |        |   B-D   |         |         |   
Round 5  |        |         |   B-C   |         |   
Round 6  |        |         |         |   A-B   |   
pairToPlace: A-C
 
*****VOLGENDE ITERATIE*****
pairs: [] & pairsUsed: [A-B, A-C, A-D, B-C, B-D, C-D]
doubles: [A-C, A-D, B-C, B-D, C-D] & doublesUsed: [A-B]
currentGame: 2 & prevGame: [0, 1, 2, 2, 1, 3, 3]
currentRound: 1 & prevRound: [0, 1, 2, 4, 3, 0, 5]
TEMPBOARD: 
         | Game 1 |  Game 2 |  Game 3 |  Game 4 |  
_________ ________ _________ _________ _________ 
Round 1  |  A-B   |         |         |   C-D   |   
Round 2  |        |   A-C   |         |         |   
Round 3  |        |         |   A-D   |         |   
Round 4  |        |   B-D   |         |         |   
Round 5  |        |         |   B-C   |         |   
Round 6  |        |         |         |   A-B   |   
pairToPlace: A-C
 
*****VOLGENDE ITERATIE*****
pairs: [] & pairsUsed: [A-B, A-C, A-D, B-C, B-D, C-D]
doubles: [A-C, A-D, B-C, B-D, C-D] & doublesUsed: [A-B]
currentGame: 2 & prevGame: [0, 1, 2, 2, 1, 3, 3]
currentRound: 2 & prevRound: [0, 1, 2, 4, 3, 0, 5]
TEMPBOARD: 
         | Game 1 |  Game 2 |  Game 3 |  Game 4 |  
_________ ________ _________ _________ _________ 
Round 1  |  A-B   |         |         |   C-D   |   
Round 2  |        |   A-C   |         |         |   
Round 3  |        |         |   A-D   |         |   
Round 4  |        |   B-D   |         |         |   
Round 5  |        |         |   B-C   |         |   
Round 6  |        |         |         |   A-B   |   
pairToPlace: A-C
 
*****VOLGENDE ITERATIE*****
pairs: [] & pairsUsed: [A-B, A-C, A-D, B-C, B-D, C-D]
doubles: [A-C, A-D, B-C, B-D, C-D] & doublesUsed: [A-B]
currentGame: 2 & prevGame: [0, 1, 2, 2, 1, 3, 3]
currentRound: 3 & prevRound: [0, 1, 2, 4, 3, 0, 5]
TEMPBOARD: 
         | Game 1 |  Game 2 |  Game 3 |  Game 4 |  
_________ ________ _________ _________ _________ 
Round 1  |  A-B   |         |         |   C-D   |   
Round 2  |        |   A-C   |         |         |   
Round 3  |        |         |   A-D   |         |   
Round 4  |        |   B-D   |         |         |   
Round 5  |        |         |   B-C   |         |   
Round 6  |        |         |         |   A-B   |   
pairToPlace: A-C
 
*****VOLGENDE ITERATIE*****
pairs: [] & pairsUsed: [A-B, A-C, A-D, B-C, B-D, C-D]
doubles: [A-C, A-D, B-C, B-D, C-D] & doublesUsed: [A-B]
currentGame: 2 & prevGame: [0, 1, 2, 2, 1, 3, 3]
currentRound: 4 & prevRound: [0, 1, 2, 4, 3, 0, 5]
TEMPBOARD: 
         | Game 1 |  Game 2 |  Game 3 |  Game 4 |  
_________ ________ _________ _________ _________ 
Round 1  |  A-B   |         |         |   C-D   |   
Round 2  |        |   A-C   |         |         |   
Round 3  |        |         |   A-D   |         |   
Round 4  |        |   B-D   |         |         |   
Round 5  |        |         |   B-C   |         |   
Round 6  |        |         |         |   A-B   |   
pairToPlace: A-C
 
*****VOLGENDE ITERATIE*****
pairs: [] & pairsUsed: [A-B, A-C, A-D, B-C, B-D, C-D]
doubles: [A-C, A-D, B-C, B-D, C-D] & doublesUsed: [A-B]
currentGame: 2 & prevGame: [0, 1, 2, 2, 1, 3, 3]
currentRound: 5 & prevRound: [0, 1, 2, 4, 3, 0, 5]
TEMPBOARD: 
         | Game 1 |  Game 2 |  Game 3 |  Game 4 |  
_________ ________ _________ _________ _________ 
Round 1  |  A-B   |         |         |   C-D   |   
Round 2  |        |   A-C   |         |         |   
Round 3  |        |         |   A-D   |         |   
Round 4  |        |   B-D   |         |         |   
Round 5  |        |         |   B-C   |         |   
Round 6  |        |         |         |   A-B   |   
pairToPlace: A-C
 
*****VOLGENDE ITERATIE*****
pairs: [] & pairsUsed: [A-B, A-C, A-D, B-C, B-D, C-D]
doubles: [A-C, A-D, B-C, B-D, C-D] & doublesUsed: [A-B]
currentGame: 2 & prevGame: [0, 1, 2, 2, 1, 3, 3]
currentRound: 6 & prevRound: [0, 1, 2, 4, 3, 0, 5]
TEMPBOARD: 
         | Game 1 |  Game 2 |  Game 3 |  Game 4 |  
_________ ________ _________ _________ _________ 
Round 1  |  A-B   |         |         |   C-D   |   
Round 2  |        |   A-C   |         |         |   
Round 3  |        |         |   A-D   |         |   
Round 4  |        |   B-D   |         |         |   
Round 5  |        |         |   B-C   |         |   
Round 6  |        |         |         |   A-B   |   
pairToPlace: A-C
 
*****VOLGENDE ITERATIE*****
pairs: [] & pairsUsed: [A-B, A-C, A-D, B-C, B-D, C-D]
doubles: [A-C, A-D, B-C, B-D, C-D] & doublesUsed: [A-B]
currentGame: 3 & prevGame: [0, 1, 2, 2, 1, 3, 3]
currentRound: 0 & prevRound: [0, 1, 2, 4, 3, 0, 5]
TEMPBOARD: 
         | Game 1 |  Game 2 |  Game 3 |  Game 4 |  
_________ ________ _________ _________ _________ 
Round 1  |  A-B   |         |         |   C-D   |   
Round 2  |        |   A-C   |         |         |   
Round 3  |        |         |   A-D   |         |   
Round 4  |        |   B-D   |         |         |   
Round 5  |        |         |   B-C   |         |   
Round 6  |        |         |         |   A-B   |   
pairToPlace: A-C
 
*****VOLGENDE ITERATIE*****
pairs: [] & pairsUsed: [A-B, A-C, A-D, B-C, B-D, C-D]
doubles: [A-C, A-D, B-C, B-D, C-D] & doublesUsed: [A-B]
currentGame: 3 & prevGame: [0, 1, 2, 2, 1, 3, 3]
currentRound: 1 & prevRound: [0, 1, 2, 4, 3, 0, 5]
TEMPBOARD: 
         | Game 1 |  Game 2 |  Game 3 |  Game 4 |  
_________ ________ _________ _________ _________ 
Round 1  |  A-B   |         |         |   C-D   |   
Round 2  |        |   A-C   |         |         |   
Round 3  |        |         |   A-D   |         |   
Round 4  |        |   B-D   |         |         |   
Round 5  |        |         |   B-C   |         |   
Round 6  |        |         |         |   A-B   |   
pairToPlace: A-C
 
*****VOLGENDE ITERATIE*****
pairs: [] & pairsUsed: [A-B, A-C, A-D, B-C, B-D, C-D]
doubles: [A-C, A-D, B-C, B-D, C-D] & doublesUsed: [A-B]
currentGame: 3 & prevGame: [0, 1, 2, 2, 1, 3, 3]
currentRound: 2 & prevRound: [0, 1, 2, 4, 3, 0, 5]
TEMPBOARD: 
         | Game 1 |  Game 2 |  Game 3 |  Game 4 |  
_________ ________ _________ _________ _________ 
Round 1  |  A-B   |         |         |   C-D   |   
Round 2  |        |   A-C   |         |         |   
Round 3  |        |         |   A-D   |         |   
Round 4  |        |   B-D   |         |         |   
Round 5  |        |         |   B-C   |         |   
Round 6  |        |         |         |   A-B   |   
pairToPlace: A-C
 
*****VOLGENDE ITERATIE*****
pairs: [] & pairsUsed: [A-B, A-C, A-D, B-C, B-D, C-D]
doubles: [A-C, A-D, B-C, B-D, C-D] & doublesUsed: [A-B]
currentGame: 3 & prevGame: [0, 1, 2, 2, 1, 3, 3]
currentRound: 3 & prevRound: [0, 1, 2, 4, 3, 0, 5]
TEMPBOARD: 
         | Game 1 |  Game 2 |  Game 3 |  Game 4 |  
_________ ________ _________ _________ _________ 
Round 1  |  A-B   |         |         |   C-D   |   
Round 2  |        |   A-C   |         |         |   
Round 3  |        |         |   A-D   |         |   
Round 4  |        |   B-D   |         |         |   
Round 5  |        |         |   B-C   |         |   
Round 6  |        |         |         |   A-B   |   
pairToPlace: A-C
 
*****VOLGENDE ITERATIE*****
pairs: [] & pairsUsed: [A-B, A-C, A-D, B-C, B-D, C-D]
doubles: [A-C, A-D, B-C, B-D, C-D] & doublesUsed: [A-B]
currentGame: 3 & prevGame: [0, 1, 2, 2, 1, 3, 3]
currentRound: 4 & prevRound: [0, 1, 2, 4, 3, 0, 5]
TEMPBOARD: 
         | Game 1 |  Game 2 |  Game 3 |  Game 4 |  
_________ ________ _________ _________ _________ 
Round 1  |  A-B   |         |         |   C-D   |   
Round 2  |        |   A-C   |         |         |   
Round 3  |        |         |   A-D   |         |   
Round 4  |        |   B-D   |         |         |   
Round 5  |        |         |   B-C   |         |   
Round 6  |        |         |         |   A-B   |   
pairToPlace: A-C
 
*****VOLGENDE ITERATIE*****
pairs: [] & pairsUsed: [A-B, A-C, A-D, B-C, B-D, C-D]
doubles: [A-C, A-D, B-C, B-D, C-D] & doublesUsed: [A-B]
currentGame: 3 & prevGame: [0, 1, 2, 2, 1, 3, 3]
currentRound: 5 & prevRound: [0, 1, 2, 4, 3, 0, 5]
TEMPBOARD: 
         | Game 1 |  Game 2 |  Game 3 |  Game 4 |  
_________ ________ _________ _________ _________ 
Round 1  |  A-B   |         |         |   C-D   |   
Round 2  |        |   A-C   |         |         |   
Round 3  |        |         |   A-D   |         |   
Round 4  |        |   B-D   |         |         |   
Round 5  |        |         |   B-C   |         |   
Round 6  |        |         |         |   A-B   |   
pairToPlace: A-C
 
*****VOLGENDE ITERATIE*****
pairs: [] & pairsUsed: [A-B, A-C, A-D, B-C, B-D, C-D]
doubles: [A-C, A-D, B-C, B-D, C-D] & doublesUsed: [A-B]
currentGame: 3 & prevGame: [0, 1, 2, 2, 1, 3, 3]
currentRound: 6 & prevRound: [0, 1, 2, 4, 3, 0, 5]
TEMPBOARD: 
         | Game 1 |  Game 2 |  Game 3 |  Game 4 |  
_________ ________ _________ _________ _________ 
Round 1  |  A-B   |         |         |   C-D   |   
Round 2  |        |   A-C   |         |         |   
Round 3  |        |         |   A-D   |         |   
Round 4  |        |   B-D   |         |         |   
Round 5  |        |         |   B-C   |         |   
Round 6  |        |         |         |   A-B   |   
pairToPlace: A-C
 
*****VOLGENDE ITERATIE*****
pairs: [] & pairsUsed: [A-B, A-C, A-D, B-C, B-D, C-D]
doubles: [A-C, A-D, B-C, B-D, C-D] & doublesUsed: [A-B]
currentGame: 4 & prevGame: [0, 1, 2, 2, 1, 3, 3]
currentRound: 0 & prevRound: [0, 1, 2, 4, 3, 0, 5]
TEMPBOARD: 
         | Game 1 |  Game 2 |  Game 3 |  Game 4 |  
_________ ________ _________ _________ _________ 
Round 1  |  A-B   |         |         |   C-D   |   
Round 2  |        |   A-C   |         |         |   
Round 3  |        |         |   A-D   |         |   
Round 4  |        |   B-D   |         |         |   
Round 5  |        |         |   B-C   |         |   
Round 6  |        |         |         |   A-B   |   
pairToPlace: A-C
 
*****VOLGENDE ITERATIE*****
pairs: [] & pairsUsed: [A-B, A-C, A-D, B-C, B-D, C-D]
doubles: [A-B, A-C, A-D, B-C, B-D, C-D] & doublesUsed: []
currentGame: 3 & prevGame: [0, 1, 2, 2, 1, 3]
currentRound: 6 & prevRound: [0, 1, 2, 4, 3, 0]
TEMPBOARD: 
         | Game 1 |  Game 2 |  Game 3 |  Game 4 |  
_________ ________ _________ _________ _________ 
Round 1  |  A-B   |         |         |   C-D   |   
Round 2  |        |   A-C   |         |         |   
Round 3  |        |         |   A-D   |         |   
Round 4  |        |   B-D   |         |         |   
Round 5  |        |         |   B-C   |         |   
Round 6  |        |         |         |         |   
pairToPlace: A-B
 
*****VOLGENDE ITERATIE*****
pairs: [] & pairsUsed: [A-B, A-C, A-D, B-C, B-D, C-D]
doubles: [A-B, A-C, A-D, B-C, B-D, C-D] & doublesUsed: []
currentGame: 4 & prevGame: [0, 1, 2, 2, 1, 3]
currentRound: 0 & prevRound: [0, 1, 2, 4, 3, 0]
TEMPBOARD: 
         | Game 1 |  Game 2 |  Game 3 |  Game 4 |  
_________ ________ _________ _________ _________ 
Round 1  |  A-B   |         |         |   C-D   |   
Round 2  |        |   A-C   |         |         |   
Round 3  |        |         |   A-D   |         |   
Round 4  |        |   B-D   |         |         |   
Round 5  |        |         |   B-C   |         |   
Round 6  |        |         |         |         |   
pairToPlace: A-B
 
*****VOLGENDE ITERATIE*****
pairs: [C-D] & pairsUsed: [A-B, A-C, A-D, B-C, B-D]
doubles: [A-B, A-C, A-D, B-C, B-D, C-D] & doublesUsed: []
currentGame: 3 & prevGame: [0, 1, 2, 2, 1]
currentRound: 1 & prevRound: [0, 1, 2, 4, 3]
TEMPBOARD: 
         | Game 1 |  Game 2 |  Game 3 |  Game 4 |  
_________ ________ _________ _________ _________ 
Round 1  |  A-B   |         |         |         |   
Round 2  |        |   A-C   |         |         |   
Round 3  |        |         |   A-D   |         |   
Round 4  |        |   B-D   |         |         |   
Round 5  |        |         |   B-C   |         |   
Round 6  |        |         |         |         |   
pairToPlace: C-D
 
*****VOLGENDE ITERATIE*****
pairs: [C-D] & pairsUsed: [A-B, A-C, A-D, B-C, B-D]
doubles: [A-B, A-C, A-D, B-C, B-D, C-D] & doublesUsed: []
currentGame: 3 & prevGame: [0, 1, 2, 2, 1]
currentRound: 2 & prevRound: [0, 1, 2, 4, 3]
TEMPBOARD: 
         | Game 1 |  Game 2 |  Game 3 |  Game 4 |  
_________ ________ _________ _________ _________ 
Round 1  |  A-B   |         |         |         |   
Round 2  |        |   A-C   |         |         |   
Round 3  |        |         |   A-D   |         |   
Round 4  |        |   B-D   |         |         |   
Round 5  |        |         |   B-C   |         |   
Round 6  |        |         |         |         |   
pairToPlace: C-D
 
*****VOLGENDE ITERATIE*****
pairs: [C-D] & pairsUsed: [A-B, A-C, A-D, B-C, B-D]
doubles: [A-B, A-C, A-D, B-C, B-D, C-D] & doublesUsed: []
currentGame: 3 & prevGame: [0, 1, 2, 2, 1]
currentRound: 3 & prevRound: [0, 1, 2, 4, 3]
TEMPBOARD: 
         | Game 1 |  Game 2 |  Game 3 |  Game 4 |  
_________ ________ _________ _________ _________ 
Round 1  |  A-B   |         |         |         |   
Round 2  |        |   A-C   |         |         |   
Round 3  |        |         |   A-D   |         |   
Round 4  |        |   B-D   |         |         |   
Round 5  |        |         |   B-C   |         |   
Round 6  |        |         |         |         |   
pairToPlace: C-D
 
*****VOLGENDE ITERATIE*****
pairs: [C-D] & pairsUsed: [A-B, A-C, A-D, B-C, B-D]
doubles: [A-B, A-C, A-D, B-C, B-D, C-D] & doublesUsed: []
currentGame: 3 & prevGame: [0, 1, 2, 2, 1]
currentRound: 4 & prevRound: [0, 1, 2, 4, 3]
TEMPBOARD: 
         | Game 1 |  Game 2 |  Game 3 |  Game 4 |  
_________ ________ _________ _________ _________ 
Round 1  |  A-B   |         |         |         |   
Round 2  |        |   A-C   |         |         |   
Round 3  |        |         |   A-D   |         |   
Round 4  |        |   B-D   |         |         |   
Round 5  |        |         |   B-C   |         |   
Round 6  |        |         |         |         |   
pairToPlace: C-D
 
*****VOLGENDE ITERATIE*****
pairs: [C-D] & pairsUsed: [A-B, A-C, A-D, B-C, B-D]
doubles: [A-B, A-C, A-D, B-C, B-D, C-D] & doublesUsed: []
currentGame: 3 & prevGame: [0, 1, 2, 2, 1]
currentRound: 5 & prevRound: [0, 1, 2, 4, 3]
TEMPBOARD: 
         | Game 1 |  Game 2 |  Game 3 |  Game 4 |  
_________ ________ _________ _________ _________ 
Round 1  |  A-B   |         |         |         |   
Round 2  |        |   A-C   |         |         |   
Round 3  |        |         |   A-D   |         |   
Round 4  |        |   B-D   |         |         |   
Round 5  |        |         |   B-C   |         |   
Round 6  |        |         |         |         |   
pairToPlace: C-D
 
*****VOLGENDE ITERATIE*****
pairs: [] & pairsUsed: [A-B, A-C, A-D, B-C, B-D, C-D]
doubles: [A-B, A-C, A-D, B-C, B-D, C-D] & doublesUsed: []
currentGame: 0 & prevGame: [0, 1, 2, 2, 1, 3]
currentRound: 0 & prevRound: [0, 1, 2, 4, 3, 5]
TEMPBOARD: 
         | Game 1 |  Game 2 |  Game 3 |  Game 4 |  
_________ ________ _________ _________ _________ 
Round 1  |  A-B   |         |         |         |   
Round 2  |        |   A-C   |         |         |   
Round 3  |        |         |   A-D   |         |   
Round 4  |        |   B-D   |         |         |   
Round 5  |        |         |   B-C   |         |   
Round 6  |        |         |         |   C-D   |   
pairToPlace: A-B
 
*****VOLGENDE ITERATIE*****
pairs: [] & pairsUsed: [A-B, A-C, A-D, B-C, B-D, C-D]
doubles: [A-B, A-C, A-D, B-C, B-D, C-D] & doublesUsed: []
currentGame: 0 & prevGame: [0, 1, 2, 2, 1, 3]
currentRound: 1 & prevRound: [0, 1, 2, 4, 3, 5]
TEMPBOARD: 
         | Game 1 |  Game 2 |  Game 3 |  Game 4 |  
_________ ________ _________ _________ _________ 
Round 1  |  A-B   |         |         |         |   
Round 2  |        |   A-C   |         |         |   
Round 3  |        |         |   A-D   |         |   
Round 4  |        |   B-D   |         |         |   
Round 5  |        |         |   B-C   |         |   
Round 6  |        |         |         |   C-D   |   
pairToPlace: A-B
 
*****VOLGENDE ITERATIE*****
pairs: [] & pairsUsed: [A-B, A-C, A-D, B-C, B-D, C-D]
doubles: [A-B, A-C, A-D, B-C, B-D, C-D] & doublesUsed: []
currentGame: 0 & prevGame: [0, 1, 2, 2, 1, 3]
currentRound: 2 & prevRound: [0, 1, 2, 4, 3, 5]
TEMPBOARD: 
         | Game 1 |  Game 2 |  Game 3 |  Game 4 |  
_________ ________ _________ _________ _________ 
Round 1  |  A-B   |         |         |         |   
Round 2  |        |   A-C   |         |         |   
Round 3  |        |         |   A-D   |         |   
Round 4  |        |   B-D   |         |         |   
Round 5  |        |         |   B-C   |         |   
Round 6  |        |         |         |   C-D   |   
pairToPlace: A-B
 
*****VOLGENDE ITERATIE*****
pairs: [] & pairsUsed: [A-B, A-C, A-D, B-C, B-D, C-D]
doubles: [A-B, A-C, A-D, B-C, B-D, C-D] & doublesUsed: []
currentGame: 0 & prevGame: [0, 1, 2, 2, 1, 3]
currentRound: 3 & prevRound: [0, 1, 2, 4, 3, 5]
TEMPBOARD: 
         | Game 1 |  Game 2 |  Game 3 |  Game 4 |  
_________ ________ _________ _________ _________ 
Round 1  |  A-B   |         |         |         |   
Round 2  |        |   A-C   |         |         |   
Round 3  |        |         |   A-D   |         |   
Round 4  |        |   B-D   |         |         |   
Round 5  |        |         |   B-C   |         |   
Round 6  |        |         |         |   C-D   |   
pairToPlace: A-B
 
*****VOLGENDE ITERATIE*****
pairs: [] & pairsUsed: [A-B, A-C, A-D, B-C, B-D, C-D]
doubles: [A-B, A-C, A-D, B-C, B-D, C-D] & doublesUsed: []
currentGame: 0 & prevGame: [0, 1, 2, 2, 1, 3]
currentRound: 4 & prevRound: [0, 1, 2, 4, 3, 5]
TEMPBOARD: 
         | Game 1 |  Game 2 |  Game 3 |  Game 4 |  
_________ ________ _________ _________ _________ 
Round 1  |  A-B   |         |         |         |   
Round 2  |        |   A-C   |         |         |   
Round 3  |        |         |   A-D   |         |   
Round 4  |        |   B-D   |         |         |   
Round 5  |        |         |   B-C   |         |   
Round 6  |        |         |         |   C-D   |   
pairToPlace: A-B
 
*****VOLGENDE ITERATIE*****
pairs: [] & pairsUsed: [A-B, A-C, A-D, B-C, B-D, C-D]
doubles: [A-B, A-C, A-D, B-C, B-D, C-D] & doublesUsed: []
currentGame: 0 & prevGame: [0, 1, 2, 2, 1, 3]
currentRound: 5 & prevRound: [0, 1, 2, 4, 3, 5]
TEMPBOARD: 
         | Game 1 |  Game 2 |  Game 3 |  Game 4 |  
_________ ________ _________ _________ _________ 
Round 1  |  A-B   |         |         |         |   
Round 2  |        |   A-C   |         |         |   
Round 3  |        |         |   A-D   |         |   
Round 4  |        |   B-D   |         |         |   
Round 5  |        |         |   B-C   |         |   
Round 6  |        |         |         |   C-D   |   
pairToPlace: A-B
 
*****VOLGENDE ITERATIE*****
pairs: [] & pairsUsed: [A-B, A-C, A-D, B-C, B-D, C-D]
doubles: [A-B, A-C, A-D, B-C, B-D, C-D] & doublesUsed: []
currentGame: 0 & prevGame: [0, 1, 2, 2, 1, 3]
currentRound: 6 & prevRound: [0, 1, 2, 4, 3, 5]
TEMPBOARD: 
         | Game 1 |  Game 2 |  Game 3 |  Game 4 |  
_________ ________ _________ _________ _________ 
Round 1  |  A-B   |         |         |         |   
Round 2  |        |   A-C   |         |         |   
Round 3  |        |         |   A-D   |         |   
Round 4  |        |   B-D   |         |         |   
Round 5  |        |         |   B-C   |         |   
Round 6  |        |         |         |   C-D   |   
pairToPlace: A-B
 
*****VOLGENDE ITERATIE*****
pairs: [] & pairsUsed: [A-B, A-C, A-D, B-C, B-D, C-D]
doubles: [A-B, A-C, A-D, B-C, B-D, C-D] & doublesUsed: []
currentGame: 1 & prevGame: [0, 1, 2, 2, 1, 3]
currentRound: 0 & prevRound: [0, 1, 2, 4, 3, 5]
TEMPBOARD: 
         | Game 1 |  Game 2 |  Game 3 |  Game 4 |  
_________ ________ _________ _________ _________ 
Round 1  |  A-B   |         |         |         |   
Round 2  |        |   A-C   |         |         |   
Round 3  |        |         |   A-D   |         |   
Round 4  |        |   B-D   |         |         |   
Round 5  |        |         |   B-C   |         |   
Round 6  |        |         |         |   C-D   |   
pairToPlace: A-B
 
*****VOLGENDE ITERATIE*****
pairs: [] & pairsUsed: [A-B, A-C, A-D, B-C, B-D, C-D]
doubles: [A-B, A-C, A-D, B-C, B-D, C-D] & doublesUsed: []
currentGame: 1 & prevGame: [0, 1, 2, 2, 1, 3]
currentRound: 1 & prevRound: [0, 1, 2, 4, 3, 5]
TEMPBOARD: 
         | Game 1 |  Game 2 |  Game 3 |  Game 4 |  
_________ ________ _________ _________ _________ 
Round 1  |  A-B   |         |         |         |   
Round 2  |        |   A-C   |         |         |   
Round 3  |        |         |   A-D   |         |   
Round 4  |        |   B-D   |         |         |   
Round 5  |        |         |   B-C   |         |   
Round 6  |        |         |         |   C-D   |   
pairToPlace: A-B
 
*****VOLGENDE ITERATIE*****
pairs: [] & pairsUsed: [A-B, A-C, A-D, B-C, B-D, C-D]
doubles: [A-B, A-C, A-D, B-C, B-D, C-D] & doublesUsed: []
currentGame: 1 & prevGame: [0, 1, 2, 2, 1, 3]
currentRound: 2 & prevRound: [0, 1, 2, 4, 3, 5]
TEMPBOARD: 
         | Game 1 |  Game 2 |  Game 3 |  Game 4 |  
_________ ________ _________ _________ _________ 
Round 1  |  A-B   |         |         |         |   
Round 2  |        |   A-C   |         |         |   
Round 3  |        |         |   A-D   |         |   
Round 4  |        |   B-D   |         |         |   
Round 5  |        |         |   B-C   |         |   
Round 6  |        |         |         |   C-D   |   
pairToPlace: A-B
 
*****VOLGENDE ITERATIE*****
pairs: [] & pairsUsed: [A-B, A-C, A-D, B-C, B-D, C-D]
doubles: [A-B, A-C, A-D, B-C, B-D, C-D] & doublesUsed: []
currentGame: 1 & prevGame: [0, 1, 2, 2, 1, 3]
currentRound: 3 & prevRound: [0, 1, 2, 4, 3, 5]
TEMPBOARD: 
         | Game 1 |  Game 2 |  Game 3 |  Game 4 |  
_________ ________ _________ _________ _________ 
Round 1  |  A-B   |         |         |         |   
Round 2  |        |   A-C   |         |         |   
Round 3  |        |         |   A-D   |         |   
Round 4  |        |   B-D   |         |         |   
Round 5  |        |         |   B-C   |         |   
Round 6  |        |         |         |   C-D   |   
pairToPlace: A-B
 
*****VOLGENDE ITERATIE*****
pairs: [] & pairsUsed: [A-B, A-C, A-D, B-C, B-D, C-D]
doubles: [A-B, A-C, A-D, B-C, B-D, C-D] & doublesUsed: []
currentGame: 1 & prevGame: [0, 1, 2, 2, 1, 3]
currentRound: 4 & prevRound: [0, 1, 2, 4, 3, 5]
TEMPBOARD: 
         | Game 1 |  Game 2 |  Game 3 |  Game 4 |  
_________ ________ _________ _________ _________ 
Round 1  |  A-B   |         |         |         |   
Round 2  |        |   A-C   |         |         |   
Round 3  |        |         |   A-D   |         |   
Round 4  |        |   B-D   |         |         |   
Round 5  |        |         |   B-C   |         |   
Round 6  |        |         |         |   C-D   |   
pairToPlace: A-B
 
*****VOLGENDE ITERATIE*****
pairs: [] & pairsUsed: [A-B, A-C, A-D, B-C, B-D, C-D]
doubles: [A-B, A-C, A-D, B-C, B-D, C-D] & doublesUsed: []
currentGame: 1 & prevGame: [0, 1, 2, 2, 1, 3]
currentRound: 5 & prevRound: [0, 1, 2, 4, 3, 5]
TEMPBOARD: 
         | Game 1 |  Game 2 |  Game 3 |  Game 4 |  
_________ ________ _________ _________ _________ 
Round 1  |  A-B   |         |         |         |   
Round 2  |        |   A-C   |         |         |   
Round 3  |        |         |   A-D   |         |   
Round 4  |        |   B-D   |         |         |   
Round 5  |        |         |   B-C   |         |   
Round 6  |        |         |         |   C-D   |   
pairToPlace: A-B
 
*****VOLGENDE ITERATIE*****
pairs: [] & pairsUsed: [A-B, A-C, A-D, B-C, B-D, C-D]
doubles: [A-B, A-C, A-D, B-C, B-D, C-D] & doublesUsed: []
currentGame: 1 & prevGame: [0, 1, 2, 2, 1, 3]
currentRound: 6 & prevRound: [0, 1, 2, 4, 3, 5]
TEMPBOARD: 
         | Game 1 |  Game 2 |  Game 3 |  Game 4 |  
_________ ________ _________ _________ _________ 
Round 1  |  A-B   |         |         |         |   
Round 2  |        |   A-C   |         |         |   
Round 3  |        |         |   A-D   |         |   
Round 4  |        |   B-D   |         |         |   
Round 5  |        |         |   B-C   |         |   
Round 6  |        |         |         |   C-D   |   
pairToPlace: A-B
 
*****VOLGENDE ITERATIE*****
pairs: [] & pairsUsed: [A-B, A-C, A-D, B-C, B-D, C-D]
doubles: [A-B, A-C, A-D, B-C, B-D, C-D] & doublesUsed: []
currentGame: 2 & prevGame: [0, 1, 2, 2, 1, 3]
currentRound: 0 & prevRound: [0, 1, 2, 4, 3, 5]
TEMPBOARD: 
         | Game 1 |  Game 2 |  Game 3 |  Game 4 |  
_________ ________ _________ _________ _________ 
Round 1  |  A-B   |         |         |         |   
Round 2  |        |   A-C   |         |         |   
Round 3  |        |         |   A-D   |         |   
Round 4  |        |   B-D   |         |         |   
Round 5  |        |         |   B-C   |         |   
Round 6  |        |         |         |   C-D   |   
pairToPlace: A-B
 
*****VOLGENDE ITERATIE*****
pairs: [] & pairsUsed: [A-B, A-C, A-D, B-C, B-D, C-D]
doubles: [A-B, A-C, A-D, B-C, B-D, C-D] & doublesUsed: []
currentGame: 2 & prevGame: [0, 1, 2, 2, 1, 3]
currentRound: 1 & prevRound: [0, 1, 2, 4, 3, 5]
TEMPBOARD: 
         | Game 1 |  Game 2 |  Game 3 |  Game 4 |  
_________ ________ _________ _________ _________ 
Round 1  |  A-B   |         |         |         |   
Round 2  |        |   A-C   |         |         |   
Round 3  |        |         |   A-D   |         |   
Round 4  |        |   B-D   |         |         |   
Round 5  |        |         |   B-C   |         |   
Round 6  |        |         |         |   C-D   |   
pairToPlace: A-B
 
*****VOLGENDE ITERATIE*****
pairs: [] & pairsUsed: [A-B, A-C, A-D, B-C, B-D, C-D]
doubles: [A-B, A-C, A-D, B-C, B-D, C-D] & doublesUsed: []
currentGame: 2 & prevGame: [0, 1, 2, 2, 1, 3]
currentRound: 2 & prevRound: [0, 1, 2, 4, 3, 5]
TEMPBOARD: 
         | Game 1 |  Game 2 |  Game 3 |  Game 4 |  
_________ ________ _________ _________ _________ 
Round 1  |  A-B   |         |         |         |   
Round 2  |        |   A-C   |         |         |   
Round 3  |        |         |   A-D   |         |   
Round 4  |        |   B-D   |         |         |   
Round 5  |        |         |   B-C   |         |   
Round 6  |        |         |         |   C-D   |   
pairToPlace: A-B
 
*****VOLGENDE ITERATIE*****
pairs: [] & pairsUsed: [A-B, A-C, A-D, B-C, B-D, C-D]
doubles: [A-B, A-C, A-D, B-C, B-D, C-D] & doublesUsed: []
currentGame: 2 & prevGame: [0, 1, 2, 2, 1, 3]
currentRound: 3 & prevRound: [0, 1, 2, 4, 3, 5]
TEMPBOARD: 
         | Game 1 |  Game 2 |  Game 3 |  Game 4 |  
_________ ________ _________ _________ _________ 
Round 1  |  A-B   |         |         |         |   
Round 2  |        |   A-C   |         |         |   
Round 3  |        |         |   A-D   |         |   
Round 4  |        |   B-D   |         |         |   
Round 5  |        |         |   B-C   |         |   
Round 6  |        |         |         |   C-D   |   
pairToPlace: A-B
 
*****VOLGENDE ITERATIE*****
pairs: [] & pairsUsed: [A-B, A-C, A-D, B-C, B-D, C-D]
doubles: [A-B, A-C, A-D, B-C, B-D, C-D] & doublesUsed: []
currentGame: 2 & prevGame: [0, 1, 2, 2, 1, 3]
currentRound: 4 & prevRound: [0, 1, 2, 4, 3, 5]
TEMPBOARD: 
         | Game 1 |  Game 2 |  Game 3 |  Game 4 |  
_________ ________ _________ _________ _________ 
Round 1  |  A-B   |         |         |         |   
Round 2  |        |   A-C   |         |         |   
Round 3  |        |         |   A-D   |         |   
Round 4  |        |   B-D   |         |         |   
Round 5  |        |         |   B-C   |         |   
Round 6  |        |         |         |   C-D   |   
pairToPlace: A-B
 
*****VOLGENDE ITERATIE*****
pairs: [] & pairsUsed: [A-B, A-C, A-D, B-C, B-D, C-D]
doubles: [A-B, A-C, A-D, B-C, B-D, C-D] & doublesUsed: []
currentGame: 2 & prevGame: [0, 1, 2, 2, 1, 3]
currentRound: 5 & prevRound: [0, 1, 2, 4, 3, 5]
TEMPBOARD: 
         | Game 1 |  Game 2 |  Game 3 |  Game 4 |  
_________ ________ _________ _________ _________ 
Round 1  |  A-B   |         |         |         |   
Round 2  |        |   A-C   |         |         |   
Round 3  |        |         |   A-D   |         |   
Round 4  |        |   B-D   |         |         |   
Round 5  |        |         |   B-C   |         |   
Round 6  |        |         |         |   C-D   |   
pairToPlace: A-B
 
*****VOLGENDE ITERATIE*****
pairs: [] & pairsUsed: [A-B, A-C, A-D, B-C, B-D, C-D]
doubles: [A-B, A-C, A-D, B-C, B-D, C-D] & doublesUsed: []
currentGame: 2 & prevGame: [0, 1, 2, 2, 1, 3]
currentRound: 6 & prevRound: [0, 1, 2, 4, 3, 5]
TEMPBOARD: 
         | Game 1 |  Game 2 |  Game 3 |  Game 4 |  
_________ ________ _________ _________ _________ 
Round 1  |  A-B   |         |         |         |   
Round 2  |        |   A-C   |         |         |   
Round 3  |        |         |   A-D   |         |   
Round 4  |        |   B-D   |         |         |   
Round 5  |        |         |   B-C   |         |   
Round 6  |        |         |         |   C-D   |   
pairToPlace: A-B
 
*****VOLGENDE ITERATIE*****
pairs: [] & pairsUsed: [A-B, A-C, A-D, B-C, B-D, C-D]
doubles: [A-B, A-C, A-D, B-C, B-D, C-D] & doublesUsed: []
currentGame: 3 & prevGame: [0, 1, 2, 2, 1, 3]
currentRound: 0 & prevRound: [0, 1, 2, 4, 3, 5]
TEMPBOARD: 
         | Game 1 |  Game 2 |  Game 3 |  Game 4 |  
_________ ________ _________ _________ _________ 
Round 1  |  A-B   |         |         |         |   
Round 2  |        |   A-C   |         |         |   
Round 3  |        |         |   A-D   |         |   
Round 4  |        |   B-D   |         |         |   
Round 5  |        |         |   B-C   |         |   
Round 6  |        |         |         |   C-D   |   
pairToPlace: A-B
 
*****VOLGENDE ITERATIE*****
pairs: [] & pairsUsed: [A-B, A-C, A-D, B-C, B-D, C-D]
doubles: [A-B, A-C, A-D, B-C, B-D, C-D] & doublesUsed: []
currentGame: 3 & prevGame: [0, 1, 2, 2, 1, 3]
currentRound: 1 & prevRound: [0, 1, 2, 4, 3, 5]
TEMPBOARD: 
         | Game 1 |  Game 2 |  Game 3 |  Game 4 |  
_________ ________ _________ _________ _________ 
Round 1  |  A-B   |         |         |         |   
Round 2  |        |   A-C   |         |         |   
Round 3  |        |         |   A-D   |         |   
Round 4  |        |   B-D   |         |         |   
Round 5  |        |         |   B-C   |         |   
Round 6  |        |         |         |   C-D   |   
pairToPlace: A-B
 
*****VOLGENDE ITERATIE*****
pairs: [] & pairsUsed: [A-B, A-C, A-D, B-C, B-D, C-D]
doubles: [A-B, A-C, A-D, B-C, B-D, C-D] & doublesUsed: []
currentGame: 3 & prevGame: [0, 1, 2, 2, 1, 3]
currentRound: 2 & prevRound: [0, 1, 2, 4, 3, 5]
TEMPBOARD: 
         | Game 1 |  Game 2 |  Game 3 |  Game 4 |  
_________ ________ _________ _________ _________ 
Round 1  |  A-B   |         |         |         |   
Round 2  |        |   A-C   |         |         |   
Round 3  |        |         |   A-D   |         |   
Round 4  |        |   B-D   |         |         |   
Round 5  |        |         |   B-C   |         |   
Round 6  |        |         |         |   C-D   |   
pairToPlace: A-B
 
*****VOLGENDE ITERATIE*****
pairs: [] & pairsUsed: [A-B, A-C, A-D, B-C, B-D, C-D]
doubles: [A-B, A-C, A-D, B-C, B-D, C-D] & doublesUsed: []
currentGame: 3 & prevGame: [0, 1, 2, 2, 1, 3]
currentRound: 3 & prevRound: [0, 1, 2, 4, 3, 5]
TEMPBOARD: 
         | Game 1 |  Game 2 |  Game 3 |  Game 4 |  
_________ ________ _________ _________ _________ 
Round 1  |  A-B   |         |         |         |   
Round 2  |        |   A-C   |         |         |   
Round 3  |        |         |   A-D   |         |   
Round 4  |        |   B-D   |         |         |   
Round 5  |        |         |   B-C   |         |   
Round 6  |        |         |         |   C-D   |   
pairToPlace: A-B
 
*****VOLGENDE ITERATIE*****
pairs: [] & pairsUsed: [A-B, A-C, A-D, B-C, B-D, C-D]
doubles: [A-B, A-C, A-D, B-C, B-D, C-D] & doublesUsed: []
currentGame: 3 & prevGame: [0, 1, 2, 2, 1, 3]
currentRound: 4 & prevRound: [0, 1, 2, 4, 3, 5]
TEMPBOARD: 
         | Game 1 |  Game 2 |  Game 3 |  Game 4 |  
_________ ________ _________ _________ _________ 
Round 1  |  A-B   |         |         |         |   
Round 2  |        |   A-C   |         |         |   
Round 3  |        |         |   A-D   |         |   
Round 4  |        |   B-D   |         |         |   
Round 5  |        |         |   B-C   |         |   
Round 6  |        |         |         |   C-D   |   
pairToPlace: A-B
 
*****VOLGENDE ITERATIE*****
pairs: [] & pairsUsed: [A-B, A-C, A-D, B-C, B-D, C-D]
doubles: [A-B, A-C, A-D, B-C, B-D, C-D] & doublesUsed: []
currentGame: 3 & prevGame: [0, 1, 2, 2, 1, 3]
currentRound: 5 & prevRound: [0, 1, 2, 4, 3, 5]
TEMPBOARD: 
         | Game 1 |  Game 2 |  Game 3 |  Game 4 |  
_________ ________ _________ _________ _________ 
Round 1  |  A-B   |         |         |         |   
Round 2  |        |   A-C   |         |         |   
Round 3  |        |         |   A-D   |         |   
Round 4  |        |   B-D   |         |         |   
Round 5  |        |         |   B-C   |         |   
Round 6  |        |         |         |   C-D   |   
pairToPlace: A-B
 
*****VOLGENDE ITERATIE*****
pairs: [] & pairsUsed: [A-B, A-C, A-D, B-C, B-D, C-D]
doubles: [A-B, A-C, A-D, B-C, B-D, C-D] & doublesUsed: []
currentGame: 3 & prevGame: [0, 1, 2, 2, 1, 3]
currentRound: 6 & prevRound: [0, 1, 2, 4, 3, 5]
TEMPBOARD: 
         | Game 1 |  Game 2 |  Game 3 |  Game 4 |  
_________ ________ _________ _________ _________ 
Round 1  |  A-B   |         |         |         |   
Round 2  |        |   A-C   |         |         |   
Round 3  |        |         |   A-D   |         |   
Round 4  |        |   B-D   |         |         |   
Round 5  |        |         |   B-C   |         |   
Round 6  |        |         |         |   C-D   |   
pairToPlace: A-B
 
*****VOLGENDE ITERATIE*****
pairs: [] & pairsUsed: [A-B, A-C, A-D, B-C, B-D, C-D]
doubles: [A-B, A-C, A-D, B-C, B-D, C-D] & doublesUsed: []
currentGame: 4 & prevGame: [0, 1, 2, 2, 1, 3]
currentRound: 0 & prevRound: [0, 1, 2, 4, 3, 5]
TEMPBOARD: 
         | Game 1 |  Game 2 |  Game 3 |  Game 4 |  
_________ ________ _________ _________ _________ 
Round 1  |  A-B   |         |         |         |   
Round 2  |        |   A-C   |         |         |   
Round 3  |        |         |   A-D   |         |   
Round 4  |        |   B-D   |         |         |   
Round 5  |        |         |   B-C   |         |   
Round 6  |        |         |         |   C-D   |   
pairToPlace: A-B
 
*****VOLGENDE ITERATIE*****
pairs: [C-D] & pairsUsed: [A-B, A-C, A-D, B-C, B-D]
doubles: [A-B, A-C, A-D, B-C, B-D, C-D] & doublesUsed: []
currentGame: 3 & prevGame: [0, 1, 2, 2, 1]
currentRound: 6 & prevRound: [0, 1, 2, 4, 3]
TEMPBOARD: 
         | Game 1 |  Game 2 |  Game 3 |  Game 4 |  
_________ ________ _________ _________ _________ 
Round 1  |  A-B   |         |         |         |   
Round 2  |        |   A-C   |         |         |   
Round 3  |        |         |   A-D   |         |   
Round 4  |        |   B-D   |         |         |   
Round 5  |        |         |   B-C   |         |   
Round 6  |        |         |         |         |   
pairToPlace: C-D
 
*****VOLGENDE ITERATIE*****
pairs: [C-D] & pairsUsed: [A-B, A-C, A-D, B-C, B-D]
doubles: [A-B, A-C, A-D, B-C, B-D, C-D] & doublesUsed: []
currentGame: 4 & prevGame: [0, 1, 2, 2, 1]
currentRound: 0 & prevRound: [0, 1, 2, 4, 3]
TEMPBOARD: 
         | Game 1 |  Game 2 |  Game 3 |  Game 4 |  
_________ ________ _________ _________ _________ 
Round 1  |  A-B   |         |         |         |   
Round 2  |        |   A-C   |         |         |   
Round 3  |        |         |   A-D   |         |   
Round 4  |        |   B-D   |         |         |   
Round 5  |        |         |   B-C   |         |   
Round 6  |        |         |         |         |   
pairToPlace: C-D
 
*****VOLGENDE ITERATIE*****
pairs: [B-D, C-D] & pairsUsed: [A-B, A-C, A-D, B-C]
doubles: [A-B, A-C, A-D, B-C, B-D, C-D] & doublesUsed: []
currentGame: 1 & prevGame: [0, 1, 2, 2]
currentRound: 4 & prevRound: [0, 1, 2, 4]
TEMPBOARD: 
         | Game 1 |  Game 2 |  Game 3 |  Game 4 |  
_________ ________ _________ _________ _________ 
Round 1  |  A-B   |         |         |         |   
Round 2  |        |   A-C   |         |         |   
Round 3  |        |         |   A-D   |         |   
Round 4  |        |         |         |         |   
Round 5  |        |         |   B-C   |         |   
Round 6  |        |         |         |         |   
pairToPlace: B-D
 
*****VOLGENDE ITERATIE*****
pairs: [B-D, C-D] & pairsUsed: [A-B, A-C, A-D, B-C]
doubles: [A-B, A-C, A-D, B-C, B-D, C-D] & doublesUsed: []
currentGame: 1 & prevGame: [0, 1, 2, 2]
currentRound: 5 & prevRound: [0, 1, 2, 4]
TEMPBOARD: 
         | Game 1 |  Game 2 |  Game 3 |  Game 4 |  
_________ ________ _________ _________ _________ 
Round 1  |  A-B   |         |         |         |   
Round 2  |        |   A-C   |         |         |   
Round 3  |        |         |   A-D   |         |   
Round 4  |        |         |         |         |   
Round 5  |        |         |   B-C   |         |   
Round 6  |        |         |         |         |   
pairToPlace: B-D
 
*****VOLGENDE ITERATIE*****
pairs: [C-D] & pairsUsed: [A-B, A-C, A-D, B-C, B-D]
doubles: [A-B, A-C, A-D, B-C, B-D, C-D] & doublesUsed: []
currentGame: 0 & prevGame: [0, 1, 2, 2, 1]
currentRound: 0 & prevRound: [0, 1, 2, 4, 5]
TEMPBOARD: 
         | Game 1 |  Game 2 |  Game 3 |  Game 4 |  
_________ ________ _________ _________ _________ 
Round 1  |  A-B   |         |         |         |   
Round 2  |        |   A-C   |         |         |   
Round 3  |        |         |   A-D   |         |   
Round 4  |        |         |         |         |   
Round 5  |        |         |   B-C   |         |   
Round 6  |        |   B-D   |         |         |   
pairToPlace: C-D
 
*****VOLGENDE ITERATIE*****
pairs: [C-D] & pairsUsed: [A-B, A-C, A-D, B-C, B-D]
doubles: [A-B, A-C, A-D, B-C, B-D, C-D] & doublesUsed: []
currentGame: 0 & prevGame: [0, 1, 2, 2, 1]
currentRound: 1 & prevRound: [0, 1, 2, 4, 5]
TEMPBOARD: 
         | Game 1 |  Game 2 |  Game 3 |  Game 4 |  
_________ ________ _________ _________ _________ 
Round 1  |  A-B   |         |         |         |   
Round 2  |        |   A-C   |         |         |   
Round 3  |        |         |   A-D   |         |   
Round 4  |        |         |         |         |   
Round 5  |        |         |   B-C   |         |   
Round 6  |        |   B-D   |         |         |   
pairToPlace: C-D
 
*****VOLGENDE ITERATIE*****
pairs: [C-D] & pairsUsed: [A-B, A-C, A-D, B-C, B-D]
doubles: [A-B, A-C, A-D, B-C, B-D, C-D] & doublesUsed: []
currentGame: 0 & prevGame: [0, 1, 2, 2, 1]
currentRound: 2 & prevRound: [0, 1, 2, 4, 5]
TEMPBOARD: 
         | Game 1 |  Game 2 |  Game 3 |  Game 4 |  
_________ ________ _________ _________ _________ 
Round 1  |  A-B   |         |         |         |   
Round 2  |        |   A-C   |         |         |   
Round 3  |        |         |   A-D   |         |   
Round 4  |        |         |         |         |   
Round 5  |        |         |   B-C   |         |   
Round 6  |        |   B-D   |         |         |   
pairToPlace: C-D
 
*****VOLGENDE ITERATIE*****
pairs: [C-D] & pairsUsed: [A-B, A-C, A-D, B-C, B-D]
doubles: [A-B, A-C, A-D, B-C, B-D, C-D] & doublesUsed: []
currentGame: 0 & prevGame: [0, 1, 2, 2, 1]
currentRound: 3 & prevRound: [0, 1, 2, 4, 5]
TEMPBOARD: 
         | Game 1 |  Game 2 |  Game 3 |  Game 4 |  
_________ ________ _________ _________ _________ 
Round 1  |  A-B   |         |         |         |   
Round 2  |        |   A-C   |         |         |   
Round 3  |        |         |   A-D   |         |   
Round 4  |        |         |         |         |   
Round 5  |        |         |   B-C   |         |   
Round 6  |        |   B-D   |         |         |   
pairToPlace: C-D
 
*****VOLGENDE ITERATIE*****
pairs: [] & pairsUsed: [A-B, A-C, A-D, B-C, B-D, C-D]
doubles: [A-B, A-C, A-D, B-C, B-D, C-D] & doublesUsed: []
currentGame: 0 & prevGame: [0, 1, 2, 2, 1, 0]
currentRound: 0 & prevRound: [0, 1, 2, 4, 5, 3]
TEMPBOARD: 
         | Game 1 |  Game 2 |  Game 3 |  Game 4 |  
_________ ________ _________ _________ _________ 
Round 1  |  A-B   |         |         |         |   
Round 2  |        |   A-C   |         |         |   
Round 3  |        |         |   A-D   |         |   
Round 4  |  C-D   |         |         |         |   
Round 5  |        |         |   B-C   |         |   
Round 6  |        |   B-D   |         |         |   
pairToPlace: A-B
 
*****VOLGENDE ITERATIE*****
pairs: [] & pairsUsed: [A-B, A-C, A-D, B-C, B-D, C-D]
doubles: [A-B, A-C, A-D, B-C, B-D, C-D] & doublesUsed: []
currentGame: 0 & prevGame: [0, 1, 2, 2, 1, 0]
currentRound: 1 & prevRound: [0, 1, 2, 4, 5, 3]
TEMPBOARD: 
         | Game 1 |  Game 2 |  Game 3 |  Game 4 |  
_________ ________ _________ _________ _________ 
Round 1  |  A-B   |         |         |         |   
Round 2  |        |   A-C   |         |         |   
Round 3  |        |         |   A-D   |         |   
Round 4  |  C-D   |         |         |         |   
Round 5  |        |         |   B-C   |         |   
Round 6  |        |   B-D   |         |         |   
pairToPlace: A-B
 
*****VOLGENDE ITERATIE*****
pairs: [] & pairsUsed: [A-B, A-C, A-D, B-C, B-D, C-D]
doubles: [A-B, A-C, A-D, B-C, B-D, C-D] & doublesUsed: []
currentGame: 0 & prevGame: [0, 1, 2, 2, 1, 0]
currentRound: 2 & prevRound: [0, 1, 2, 4, 5, 3]
TEMPBOARD: 
         | Game 1 |  Game 2 |  Game 3 |  Game 4 |  
_________ ________ _________ _________ _________ 
Round 1  |  A-B   |         |         |         |   
Round 2  |        |   A-C   |         |         |   
Round 3  |        |         |   A-D   |         |   
Round 4  |  C-D   |         |         |         |   
Round 5  |        |         |   B-C   |         |   
Round 6  |        |   B-D   |         |         |   
pairToPlace: A-B
 
*****VOLGENDE ITERATIE*****
pairs: [] & pairsUsed: [A-B, A-C, A-D, B-C, B-D, C-D]
doubles: [A-B, A-C, A-D, B-C, B-D, C-D] & doublesUsed: []
currentGame: 0 & prevGame: [0, 1, 2, 2, 1, 0]
currentRound: 3 & prevRound: [0, 1, 2, 4, 5, 3]
TEMPBOARD: 
         | Game 1 |  Game 2 |  Game 3 |  Game 4 |  
_________ ________ _________ _________ _________ 
Round 1  |  A-B   |         |         |         |   
Round 2  |        |   A-C   |         |         |   
Round 3  |        |         |   A-D   |         |   
Round 4  |  C-D   |         |         |         |   
Round 5  |        |         |   B-C   |         |   
Round 6  |        |   B-D   |         |         |   
pairToPlace: A-B
 
*****VOLGENDE ITERATIE*****
pairs: [] & pairsUsed: [A-B, A-C, A-D, B-C, B-D, C-D]
doubles: [A-B, A-C, A-D, B-C, B-D, C-D] & doublesUsed: []
currentGame: 0 & prevGame: [0, 1, 2, 2, 1, 0]
currentRound: 4 & prevRound: [0, 1, 2, 4, 5, 3]
TEMPBOARD: 
         | Game 1 |  Game 2 |  Game 3 |  Game 4 |  
_________ ________ _________ _________ _________ 
Round 1  |  A-B   |         |         |         |   
Round 2  |        |   A-C   |         |         |   
Round 3  |        |         |   A-D   |         |   
Round 4  |  C-D   |         |         |         |   
Round 5  |        |         |   B-C   |         |   
Round 6  |        |   B-D   |         |         |   
pairToPlace: A-B
 
*****VOLGENDE ITERATIE*****
pairs: [] & pairsUsed: [A-B, A-C, A-D, B-C, B-D, C-D]
doubles: [A-B, A-C, A-D, B-C, B-D, C-D] & doublesUsed: []
currentGame: 0 & prevGame: [0, 1, 2, 2, 1, 0]
currentRound: 5 & prevRound: [0, 1, 2, 4, 5, 3]
TEMPBOARD: 
         | Game 1 |  Game 2 |  Game 3 |  Game 4 |  
_________ ________ _________ _________ _________ 
Round 1  |  A-B   |         |         |         |   
Round 2  |        |   A-C   |         |         |   
Round 3  |        |         |   A-D   |         |   
Round 4  |  C-D   |         |         |         |   
Round 5  |        |         |   B-C   |         |   
Round 6  |        |   B-D   |         |         |   
pairToPlace: A-B
 
*****VOLGENDE ITERATIE*****
pairs: [] & pairsUsed: [A-B, A-C, A-D, B-C, B-D, C-D]
doubles: [A-B, A-C, A-D, B-C, B-D, C-D] & doublesUsed: []
currentGame: 0 & prevGame: [0, 1, 2, 2, 1, 0]
currentRound: 6 & prevRound: [0, 1, 2, 4, 5, 3]
TEMPBOARD: 
         | Game 1 |  Game 2 |  Game 3 |  Game 4 |  
_________ ________ _________ _________ _________ 
Round 1  |  A-B   |         |         |         |   
Round 2  |        |   A-C   |         |         |   
Round 3  |        |         |   A-D   |         |   
Round 4  |  C-D   |         |         |         |   
Round 5  |        |         |   B-C   |         |   
Round 6  |        |   B-D   |         |         |   
pairToPlace: A-B
 
*****VOLGENDE ITERATIE*****
pairs: [] & pairsUsed: [A-B, A-C, A-D, B-C, B-D, C-D]
doubles: [A-B, A-C, A-D, B-C, B-D, C-D] & doublesUsed: []
currentGame: 1 & prevGame: [0, 1, 2, 2, 1, 0]
currentRound: 0 & prevRound: [0, 1, 2, 4, 5, 3]
TEMPBOARD: 
         | Game 1 |  Game 2 |  Game 3 |  Game 4 |  
_________ ________ _________ _________ _________ 
Round 1  |  A-B   |         |         |         |   
Round 2  |        |   A-C   |         |         |   
Round 3  |        |         |   A-D   |         |   
Round 4  |  C-D   |         |         |         |   
Round 5  |        |         |   B-C   |         |   
Round 6  |        |   B-D   |         |         |   
pairToPlace: A-B
 
*****VOLGENDE ITERATIE*****
pairs: [] & pairsUsed: [A-B, A-C, A-D, B-C, B-D, C-D]
doubles: [A-B, A-C, A-D, B-C, B-D, C-D] & doublesUsed: []
currentGame: 1 & prevGame: [0, 1, 2, 2, 1, 0]
currentRound: 1 & prevRound: [0, 1, 2, 4, 5, 3]
TEMPBOARD: 
         | Game 1 |  Game 2 |  Game 3 |  Game 4 |  
_________ ________ _________ _________ _________ 
Round 1  |  A-B   |         |         |         |   
Round 2  |        |   A-C   |         |         |   
Round 3  |        |         |   A-D   |         |   
Round 4  |  C-D   |         |         |         |   
Round 5  |        |         |   B-C   |         |   
Round 6  |        |   B-D   |         |         |   
pairToPlace: A-B
 
*****VOLGENDE ITERATIE*****
pairs: [] & pairsUsed: [A-B, A-C, A-D, B-C, B-D, C-D]
doubles: [A-B, A-C, A-D, B-C, B-D, C-D] & doublesUsed: []
currentGame: 1 & prevGame: [0, 1, 2, 2, 1, 0]
currentRound: 2 & prevRound: [0, 1, 2, 4, 5, 3]
TEMPBOARD: 
         | Game 1 |  Game 2 |  Game 3 |  Game 4 |  
_________ ________ _________ _________ _________ 
Round 1  |  A-B   |         |         |         |   
Round 2  |        |   A-C   |         |         |   
Round 3  |        |         |   A-D   |         |   
Round 4  |  C-D   |         |         |         |   
Round 5  |        |         |   B-C   |         |   
Round 6  |        |   B-D   |         |         |   
pairToPlace: A-B
 
*****VOLGENDE ITERATIE*****
pairs: [] & pairsUsed: [A-B, A-C, A-D, B-C, B-D, C-D]
doubles: [A-B, A-C, A-D, B-C, B-D, C-D] & doublesUsed: []
currentGame: 1 & prevGame: [0, 1, 2, 2, 1, 0]
currentRound: 3 & prevRound: [0, 1, 2, 4, 5, 3]
TEMPBOARD: 
         | Game 1 |  Game 2 |  Game 3 |  Game 4 |  
_________ ________ _________ _________ _________ 
Round 1  |  A-B   |         |         |         |   
Round 2  |        |   A-C   |         |         |   
Round 3  |        |         |   A-D   |         |   
Round 4  |  C-D   |         |         |         |   
Round 5  |        |         |   B-C   |         |   
Round 6  |        |   B-D   |         |         |   
pairToPlace: A-B
 
*****VOLGENDE ITERATIE*****
pairs: [] & pairsUsed: [A-B, A-C, A-D, B-C, B-D, C-D]
doubles: [A-B, A-C, A-D, B-C, B-D, C-D] & doublesUsed: []
currentGame: 1 & prevGame: [0, 1, 2, 2, 1, 0]
currentRound: 4 & prevRound: [0, 1, 2, 4, 5, 3]
TEMPBOARD: 
         | Game 1 |  Game 2 |  Game 3 |  Game 4 |  
_________ ________ _________ _________ _________ 
Round 1  |  A-B   |         |         |         |   
Round 2  |        |   A-C   |         |         |   
Round 3  |        |         |   A-D   |         |   
Round 4  |  C-D   |         |         |         |   
Round 5  |        |         |   B-C   |         |   
Round 6  |        |   B-D   |         |         |   
pairToPlace: A-B
 
*****VOLGENDE ITERATIE*****
pairs: [] & pairsUsed: [A-B, A-C, A-D, B-C, B-D, C-D]
doubles: [A-B, A-C, A-D, B-C, B-D, C-D] & doublesUsed: []
currentGame: 1 & prevGame: [0, 1, 2, 2, 1, 0]
currentRound: 5 & prevRound: [0, 1, 2, 4, 5, 3]
TEMPBOARD: 
         | Game 1 |  Game 2 |  Game 3 |  Game 4 |  
_________ ________ _________ _________ _________ 
Round 1  |  A-B   |         |         |         |   
Round 2  |        |   A-C   |         |         |   
Round 3  |        |         |   A-D   |         |   
Round 4  |  C-D   |         |         |         |   
Round 5  |        |         |   B-C   |         |   
Round 6  |        |   B-D   |         |         |   
pairToPlace: A-B
 
*****VOLGENDE ITERATIE*****
pairs: [] & pairsUsed: [A-B, A-C, A-D, B-C, B-D, C-D]
doubles: [A-B, A-C, A-D, B-C, B-D, C-D] & doublesUsed: []
currentGame: 1 & prevGame: [0, 1, 2, 2, 1, 0]
currentRound: 6 & prevRound: [0, 1, 2, 4, 5, 3]
TEMPBOARD: 
         | Game 1 |  Game 2 |  Game 3 |  Game 4 |  
_________ ________ _________ _________ _________ 
Round 1  |  A-B   |         |         |         |   
Round 2  |        |   A-C   |         |         |   
Round 3  |        |         |   A-D   |         |   
Round 4  |  C-D   |         |         |         |   
Round 5  |        |         |   B-C   |         |   
Round 6  |        |   B-D   |         |         |   
pairToPlace: A-B
 
*****VOLGENDE ITERATIE*****
pairs: [] & pairsUsed: [A-B, A-C, A-D, B-C, B-D, C-D]
doubles: [A-B, A-C, A-D, B-C, B-D, C-D] & doublesUsed: []
currentGame: 2 & prevGame: [0, 1, 2, 2, 1, 0]
currentRound: 0 & prevRound: [0, 1, 2, 4, 5, 3]
TEMPBOARD: 
         | Game 1 |  Game 2 |  Game 3 |  Game 4 |  
_________ ________ _________ _________ _________ 
Round 1  |  A-B   |         |         |         |   
Round 2  |        |   A-C   |         |         |   
Round 3  |        |         |   A-D   |         |   
Round 4  |  C-D   |         |         |         |   
Round 5  |        |         |   B-C   |         |   
Round 6  |        |   B-D   |         |         |   
pairToPlace: A-B
 
*****VOLGENDE ITERATIE*****
pairs: [] & pairsUsed: [A-B, A-C, A-D, B-C, B-D, C-D]
doubles: [A-B, A-C, A-D, B-C, B-D, C-D] & doublesUsed: []
currentGame: 2 & prevGame: [0, 1, 2, 2, 1, 0]
currentRound: 1 & prevRound: [0, 1, 2, 4, 5, 3]
TEMPBOARD: 
         | Game 1 |  Game 2 |  Game 3 |  Game 4 |  
_________ ________ _________ _________ _________ 
Round 1  |  A-B   |         |         |         |   
Round 2  |        |   A-C   |         |         |   
Round 3  |        |         |   A-D   |         |   
Round 4  |  C-D   |         |         |         |   
Round 5  |        |         |   B-C   |         |   
Round 6  |        |   B-D   |         |         |   
pairToPlace: A-B
 
*****VOLGENDE ITERATIE*****
pairs: [] & pairsUsed: [A-B, A-C, A-D, B-C, B-D, C-D]
doubles: [A-B, A-C, A-D, B-C, B-D, C-D] & doublesUsed: []
currentGame: 2 & prevGame: [0, 1, 2, 2, 1, 0]
currentRound: 2 & prevRound: [0, 1, 2, 4, 5, 3]
TEMPBOARD: 
         | Game 1 |  Game 2 |  Game 3 |  Game 4 |  
_________ ________ _________ _________ _________ 
Round 1  |  A-B   |         |         |         |   
Round 2  |        |   A-C   |         |         |   
Round 3  |        |         |   A-D   |         |   
Round 4  |  C-D   |         |         |         |   
Round 5  |        |         |   B-C   |         |   
Round 6  |        |   B-D   |         |         |   
pairToPlace: A-B
 
*****VOLGENDE ITERATIE*****
pairs: [] & pairsUsed: [A-B, A-C, A-D, B-C, B-D, C-D]
doubles: [A-B, A-C, A-D, B-C, B-D, C-D] & doublesUsed: []
currentGame: 2 & prevGame: [0, 1, 2, 2, 1, 0]
currentRound: 3 & prevRound: [0, 1, 2, 4, 5, 3]
TEMPBOARD: 
         | Game 1 |  Game 2 |  Game 3 |  Game 4 |  
_________ ________ _________ _________ _________ 
Round 1  |  A-B   |         |         |         |   
Round 2  |        |   A-C   |         |         |   
Round 3  |        |         |   A-D   |         |   
Round 4  |  C-D   |         |         |         |   
Round 5  |        |         |   B-C   |         |   
Round 6  |        |   B-D   |         |         |   
pairToPlace: A-B
 
*****VOLGENDE ITERATIE*****
pairs: [] & pairsUsed: [A-B, A-C, A-D, B-C, B-D, C-D]
doubles: [A-B, A-C, A-D, B-C, B-D, C-D] & doublesUsed: []
currentGame: 2 & prevGame: [0, 1, 2, 2, 1, 0]
currentRound: 4 & prevRound: [0, 1, 2, 4, 5, 3]
TEMPBOARD: 
         | Game 1 |  Game 2 |  Game 3 |  Game 4 |  
_________ ________ _________ _________ _________ 
Round 1  |  A-B   |         |         |         |   
Round 2  |        |   A-C   |         |         |   
Round 3  |        |         |   A-D   |         |   
Round 4  |  C-D   |         |         |         |   
Round 5  |        |         |   B-C   |         |   
Round 6  |        |   B-D   |         |         |   
pairToPlace: A-B
 
*****VOLGENDE ITERATIE*****
pairs: [] & pairsUsed: [A-B, A-C, A-D, B-C, B-D, C-D]
doubles: [A-B, A-C, A-D, B-C, B-D, C-D] & doublesUsed: []
currentGame: 2 & prevGame: [0, 1, 2, 2, 1, 0]
currentRound: 5 & prevRound: [0, 1, 2, 4, 5, 3]
TEMPBOARD: 
         | Game 1 |  Game 2 |  Game 3 |  Game 4 |  
_________ ________ _________ _________ _________ 
Round 1  |  A-B   |         |         |         |   
Round 2  |        |   A-C   |         |         |   
Round 3  |        |         |   A-D   |         |   
Round 4  |  C-D   |         |         |         |   
Round 5  |        |         |   B-C   |         |   
Round 6  |        |   B-D   |         |         |   
pairToPlace: A-B
 
*****VOLGENDE ITERATIE*****
pairs: [] & pairsUsed: [A-B, A-C, A-D, B-C, B-D, C-D]
doubles: [A-B, A-C, A-D, B-C, B-D, C-D] & doublesUsed: []
currentGame: 2 & prevGame: [0, 1, 2, 2, 1, 0]
currentRound: 6 & prevRound: [0, 1, 2, 4, 5, 3]
TEMPBOARD: 
         | Game 1 |  Game 2 |  Game 3 |  Game 4 |  
_________ ________ _________ _________ _________ 
Round 1  |  A-B   |         |         |         |   
Round 2  |        |   A-C   |         |         |   
Round 3  |        |         |   A-D   |         |   
Round 4  |  C-D   |         |         |         |   
Round 5  |        |         |   B-C   |         |   
Round 6  |        |   B-D   |         |         |   
pairToPlace: A-B
 
*****VOLGENDE ITERATIE*****
pairs: [] & pairsUsed: [A-B, A-C, A-D, B-C, B-D, C-D]
doubles: [A-B, A-C, A-D, B-C, B-D, C-D] & doublesUsed: []
currentGame: 3 & prevGame: [0, 1, 2, 2, 1, 0]
currentRound: 0 & prevRound: [0, 1, 2, 4, 5, 3]
TEMPBOARD: 
         | Game 1 |  Game 2 |  Game 3 |  Game 4 |  
_________ ________ _________ _________ _________ 
Round 1  |  A-B   |         |         |         |   
Round 2  |        |   A-C   |         |         |   
Round 3  |        |         |   A-D   |         |   
Round 4  |  C-D   |         |         |         |   
Round 5  |        |         |   B-C   |         |   
Round 6  |        |   B-D   |         |         |   
pairToPlace: A-B
 
*****VOLGENDE ITERATIE*****
pairs: [] & pairsUsed: [A-B, A-C, A-D, B-C, B-D, C-D]
doubles: [A-B, A-C, A-D, B-C, B-D, C-D] & doublesUsed: []
currentGame: 3 & prevGame: [0, 1, 2, 2, 1, 0]
currentRound: 1 & prevRound: [0, 1, 2, 4, 5, 3]
TEMPBOARD: 
         | Game 1 |  Game 2 |  Game 3 |  Game 4 |  
_________ ________ _________ _________ _________ 
Round 1  |  A-B   |         |         |         |   
Round 2  |        |   A-C   |         |         |   
Round 3  |        |         |   A-D   |         |   
Round 4  |  C-D   |         |         |         |   
Round 5  |        |         |   B-C   |         |   
Round 6  |        |   B-D   |         |         |   
pairToPlace: A-B
 
*****VOLGENDE ITERATIE*****
pairs: [] & pairsUsed: [A-B, A-C, A-D, B-C, B-D, C-D]
doubles: [A-B, A-C, A-D, B-C, B-D, C-D] & doublesUsed: []
currentGame: 3 & prevGame: [0, 1, 2, 2, 1, 0]
currentRound: 2 & prevRound: [0, 1, 2, 4, 5, 3]
TEMPBOARD: 
         | Game 1 |  Game 2 |  Game 3 |  Game 4 |  
_________ ________ _________ _________ _________ 
Round 1  |  A-B   |         |         |         |   
Round 2  |        |   A-C   |         |         |   
Round 3  |        |         |   A-D   |         |   
Round 4  |  C-D   |         |         |         |   
Round 5  |        |         |   B-C   |         |   
Round 6  |        |   B-D   |         |         |   
pairToPlace: A-B
 
*****VOLGENDE ITERATIE*****
pairs: [] & pairsUsed: [A-B, A-C, A-D, B-C, B-D, C-D]
doubles: [A-B, A-C, A-D, B-C, B-D, C-D] & doublesUsed: []
currentGame: 3 & prevGame: [0, 1, 2, 2, 1, 0]
currentRound: 3 & prevRound: [0, 1, 2, 4, 5, 3]
TEMPBOARD: 
         | Game 1 |  Game 2 |  Game 3 |  Game 4 |  
_________ ________ _________ _________ _________ 
Round 1  |  A-B   |         |         |         |   
Round 2  |        |   A-C   |         |         |   
Round 3  |        |         |   A-D   |         |   
Round 4  |  C-D   |         |         |         |   
Round 5  |        |         |   B-C   |         |   
Round 6  |        |   B-D   |         |         |   
pairToPlace: A-B
 
*****VOLGENDE ITERATIE*****
pairs: [] & pairsUsed: [A-B, A-C, A-D, B-C, B-D, C-D]
doubles: [A-C, A-D, B-C, B-D, C-D] & doublesUsed: [A-B]
currentGame: 0 & prevGame: [0, 1, 2, 2, 1, 0, 3]
currentRound: 0 & prevRound: [0, 1, 2, 4, 5, 3, 3]
TEMPBOARD: 
         | Game 1 |  Game 2 |  Game 3 |  Game 4 |  
_________ ________ _________ _________ _________ 
Round 1  |  A-B   |         |         |         |   
Round 2  |        |   A-C   |         |         |   
Round 3  |        |         |   A-D   |         |   
Round 4  |  C-D   |         |         |   A-B   |   
Round 5  |        |         |   B-C   |         |   
Round 6  |        |   B-D   |         |         |   
pairToPlace: A-C
 
*****VOLGENDE ITERATIE*****
pairs: [] & pairsUsed: [A-B, A-C, A-D, B-C, B-D, C-D]
doubles: [A-C, A-D, B-C, B-D, C-D] & doublesUsed: [A-B]
currentGame: 0 & prevGame: [0, 1, 2, 2, 1, 0, 3]
currentRound: 1 & prevRound: [0, 1, 2, 4, 5, 3, 3]
TEMPBOARD: 
         | Game 1 |  Game 2 |  Game 3 |  Game 4 |  
_________ ________ _________ _________ _________ 
Round 1  |  A-B   |         |         |         |   
Round 2  |        |   A-C   |         |         |   
Round 3  |        |         |   A-D   |         |   
Round 4  |  C-D   |         |         |   A-B   |   
Round 5  |        |         |   B-C   |         |   
Round 6  |        |   B-D   |         |         |   
pairToPlace: A-C
 
*****VOLGENDE ITERATIE*****
pairs: [] & pairsUsed: [A-B, A-C, A-D, B-C, B-D, C-D]
doubles: [A-C, A-D, B-C, B-D, C-D] & doublesUsed: [A-B]
currentGame: 0 & prevGame: [0, 1, 2, 2, 1, 0, 3]
currentRound: 2 & prevRound: [0, 1, 2, 4, 5, 3, 3]
TEMPBOARD: 
         | Game 1 |  Game 2 |  Game 3 |  Game 4 |  
_________ ________ _________ _________ _________ 
Round 1  |  A-B   |         |         |         |   
Round 2  |        |   A-C   |         |         |   
Round 3  |        |         |   A-D   |         |   
Round 4  |  C-D   |         |         |   A-B   |   
Round 5  |        |         |   B-C   |         |   
Round 6  |        |   B-D   |         |         |   
pairToPlace: A-C
 
*****VOLGENDE ITERATIE*****
pairs: [] & pairsUsed: [A-B, A-C, A-D, B-C, B-D, C-D]
doubles: [A-C, A-D, B-C, B-D, C-D] & doublesUsed: [A-B]
currentGame: 0 & prevGame: [0, 1, 2, 2, 1, 0, 3]
currentRound: 3 & prevRound: [0, 1, 2, 4, 5, 3, 3]
TEMPBOARD: 
         | Game 1 |  Game 2 |  Game 3 |  Game 4 |  
_________ ________ _________ _________ _________ 
Round 1  |  A-B   |         |         |         |   
Round 2  |        |   A-C   |         |         |   
Round 3  |        |         |   A-D   |         |   
Round 4  |  C-D   |         |         |   A-B   |   
Round 5  |        |         |   B-C   |         |   
Round 6  |        |   B-D   |         |         |   
pairToPlace: A-C
 
*****VOLGENDE ITERATIE*****
pairs: [] & pairsUsed: [A-B, A-C, A-D, B-C, B-D, C-D]
doubles: [A-C, A-D, B-C, B-D, C-D] & doublesUsed: [A-B]
currentGame: 0 & prevGame: [0, 1, 2, 2, 1, 0, 3]
currentRound: 4 & prevRound: [0, 1, 2, 4, 5, 3, 3]
TEMPBOARD: 
         | Game 1 |  Game 2 |  Game 3 |  Game 4 |  
_________ ________ _________ _________ _________ 
Round 1  |  A-B   |         |         |         |   
Round 2  |        |   A-C   |         |         |   
Round 3  |        |         |   A-D   |         |   
Round 4  |  C-D   |         |         |   A-B   |   
Round 5  |        |         |   B-C   |         |   
Round 6  |        |   B-D   |         |         |   
pairToPlace: A-C
 
*****VOLGENDE ITERATIE*****
pairs: [] & pairsUsed: [A-B, A-C, A-D, B-C, B-D, C-D]
doubles: [A-C, A-D, B-C, B-D, C-D] & doublesUsed: [A-B]
currentGame: 0 & prevGame: [0, 1, 2, 2, 1, 0, 3]
currentRound: 5 & prevRound: [0, 1, 2, 4, 5, 3, 3]
TEMPBOARD: 
         | Game 1 |  Game 2 |  Game 3 |  Game 4 |  
_________ ________ _________ _________ _________ 
Round 1  |  A-B   |         |         |         |   
Round 2  |        |   A-C   |         |         |   
Round 3  |        |         |   A-D   |         |   
Round 4  |  C-D   |         |         |   A-B   |   
Round 5  |        |         |   B-C   |         |   
Round 6  |        |   B-D   |         |         |   
pairToPlace: A-C
 
*****VOLGENDE ITERATIE*****
pairs: [] & pairsUsed: [A-B, A-C, A-D, B-C, B-D, C-D]
doubles: [A-C, A-D, B-C, B-D, C-D] & doublesUsed: [A-B]
currentGame: 0 & prevGame: [0, 1, 2, 2, 1, 0, 3]
currentRound: 6 & prevRound: [0, 1, 2, 4, 5, 3, 3]
TEMPBOARD: 
         | Game 1 |  Game 2 |  Game 3 |  Game 4 |  
_________ ________ _________ _________ _________ 
Round 1  |  A-B   |         |         |         |   
Round 2  |        |   A-C   |         |         |   
Round 3  |        |         |   A-D   |         |   
Round 4  |  C-D   |         |         |   A-B   |   
Round 5  |        |         |   B-C   |         |   
Round 6  |        |   B-D   |         |         |   
pairToPlace: A-C
 
*****VOLGENDE ITERATIE*****
pairs: [] & pairsUsed: [A-B, A-C, A-D, B-C, B-D, C-D]
doubles: [A-C, A-D, B-C, B-D, C-D] & doublesUsed: [A-B]
currentGame: 1 & prevGame: [0, 1, 2, 2, 1, 0, 3]
currentRound: 0 & prevRound: [0, 1, 2, 4, 5, 3, 3]
TEMPBOARD: 
         | Game 1 |  Game 2 |  Game 3 |  Game 4 |  
_________ ________ _________ _________ _________ 
Round 1  |  A-B   |         |         |         |   
Round 2  |        |   A-C   |         |         |   
Round 3  |        |         |   A-D   |         |   
Round 4  |  C-D   |         |         |   A-B   |   
Round 5  |        |         |   B-C   |         |   
Round 6  |        |   B-D   |         |         |   
pairToPlace: A-C
 
*****VOLGENDE ITERATIE*****
pairs: [] & pairsUsed: [A-B, A-C, A-D, B-C, B-D, C-D]
doubles: [A-C, A-D, B-C, B-D, C-D] & doublesUsed: [A-B]
currentGame: 1 & prevGame: [0, 1, 2, 2, 1, 0, 3]
currentRound: 1 & prevRound: [0, 1, 2, 4, 5, 3, 3]
TEMPBOARD: 
         | Game 1 |  Game 2 |  Game 3 |  Game 4 |  
_________ ________ _________ _________ _________ 
Round 1  |  A-B   |         |         |         |   
Round 2  |        |   A-C   |         |         |   
Round 3  |        |         |   A-D   |         |   
Round 4  |  C-D   |         |         |   A-B   |   
Round 5  |        |         |   B-C   |         |   
Round 6  |        |   B-D   |         |         |   
pairToPlace: A-C
 
*****VOLGENDE ITERATIE*****
pairs: [] & pairsUsed: [A-B, A-C, A-D, B-C, B-D, C-D]
doubles: [A-C, A-D, B-C, B-D, C-D] & doublesUsed: [A-B]
currentGame: 1 & prevGame: [0, 1, 2, 2, 1, 0, 3]
currentRound: 2 & prevRound: [0, 1, 2, 4, 5, 3, 3]
TEMPBOARD: 
         | Game 1 |  Game 2 |  Game 3 |  Game 4 |  
_________ ________ _________ _________ _________ 
Round 1  |  A-B   |         |         |         |   
Round 2  |        |   A-C   |         |         |   
Round 3  |        |         |   A-D   |         |   
Round 4  |  C-D   |         |         |   A-B   |   
Round 5  |        |         |   B-C   |         |   
Round 6  |        |   B-D   |         |         |   
pairToPlace: A-C
 
*****VOLGENDE ITERATIE*****
pairs: [] & pairsUsed: [A-B, A-C, A-D, B-C, B-D, C-D]
doubles: [A-C, A-D, B-C, B-D, C-D] & doublesUsed: [A-B]
currentGame: 1 & prevGame: [0, 1, 2, 2, 1, 0, 3]
currentRound: 3 & prevRound: [0, 1, 2, 4, 5, 3, 3]
TEMPBOARD: 
         | Game 1 |  Game 2 |  Game 3 |  Game 4 |  
_________ ________ _________ _________ _________ 
Round 1  |  A-B   |         |         |         |   
Round 2  |        |   A-C   |         |         |   
Round 3  |        |         |   A-D   |         |   
Round 4  |  C-D   |         |         |   A-B   |   
Round 5  |        |         |   B-C   |         |   
Round 6  |        |   B-D   |         |         |   
pairToPlace: A-C
 
*****VOLGENDE ITERATIE*****
pairs: [] & pairsUsed: [A-B, A-C, A-D, B-C, B-D, C-D]
doubles: [A-C, A-D, B-C, B-D, C-D] & doublesUsed: [A-B]
currentGame: 1 & prevGame: [0, 1, 2, 2, 1, 0, 3]
currentRound: 4 & prevRound: [0, 1, 2, 4, 5, 3, 3]
TEMPBOARD: 
         | Game 1 |  Game 2 |  Game 3 |  Game 4 |  
_________ ________ _________ _________ _________ 
Round 1  |  A-B   |         |         |         |   
Round 2  |        |   A-C   |         |         |   
Round 3  |        |         |   A-D   |         |   
Round 4  |  C-D   |         |         |   A-B   |   
Round 5  |        |         |   B-C   |         |   
Round 6  |        |   B-D   |         |         |   
pairToPlace: A-C
 
*****VOLGENDE ITERATIE*****
pairs: [] & pairsUsed: [A-B, A-C, A-D, B-C, B-D, C-D]
doubles: [A-C, A-D, B-C, B-D, C-D] & doublesUsed: [A-B]
currentGame: 1 & prevGame: [0, 1, 2, 2, 1, 0, 3]
currentRound: 5 & prevRound: [0, 1, 2, 4, 5, 3, 3]
TEMPBOARD: 
         | Game 1 |  Game 2 |  Game 3 |  Game 4 |  
_________ ________ _________ _________ _________ 
Round 1  |  A-B   |         |         |         |   
Round 2  |        |   A-C   |         |         |   
Round 3  |        |         |   A-D   |         |   
Round 4  |  C-D   |         |         |   A-B   |   
Round 5  |        |         |   B-C   |         |   
Round 6  |        |   B-D   |         |         |   
pairToPlace: A-C
 
*****VOLGENDE ITERATIE*****
pairs: [] & pairsUsed: [A-B, A-C, A-D, B-C, B-D, C-D]
doubles: [A-C, A-D, B-C, B-D, C-D] & doublesUsed: [A-B]
currentGame: 1 & prevGame: [0, 1, 2, 2, 1, 0, 3]
currentRound: 6 & prevRound: [0, 1, 2, 4, 5, 3, 3]
TEMPBOARD: 
         | Game 1 |  Game 2 |  Game 3 |  Game 4 |  
_________ ________ _________ _________ _________ 
Round 1  |  A-B   |         |         |         |   
Round 2  |        |   A-C   |         |         |   
Round 3  |        |         |   A-D   |         |   
Round 4  |  C-D   |         |         |   A-B   |   
Round 5  |        |         |   B-C   |         |   
Round 6  |        |   B-D   |         |         |   
pairToPlace: A-C
 
*****VOLGENDE ITERATIE*****
pairs: [] & pairsUsed: [A-B, A-C, A-D, B-C, B-D, C-D]
doubles: [A-C, A-D, B-C, B-D, C-D] & doublesUsed: [A-B]
currentGame: 2 & prevGame: [0, 1, 2, 2, 1, 0, 3]
currentRound: 0 & prevRound: [0, 1, 2, 4, 5, 3, 3]
TEMPBOARD: 
         | Game 1 |  Game 2 |  Game 3 |  Game 4 |  
_________ ________ _________ _________ _________ 
Round 1  |  A-B   |         |         |         |   
Round 2  |        |   A-C   |         |         |   
Round 3  |        |         |   A-D   |         |   
Round 4  |  C-D   |         |         |   A-B   |   
Round 5  |        |         |   B-C   |         |   
Round 6  |        |   B-D   |         |         |   
pairToPlace: A-C
 
*****VOLGENDE ITERATIE*****
pairs: [] & pairsUsed: [A-B, A-C, A-D, B-C, B-D, C-D]
doubles: [A-C, A-D, B-C, B-D, C-D] & doublesUsed: [A-B]
currentGame: 2 & prevGame: [0, 1, 2, 2, 1, 0, 3]
currentRound: 1 & prevRound: [0, 1, 2, 4, 5, 3, 3]
TEMPBOARD: 
         | Game 1 |  Game 2 |  Game 3 |  Game 4 |  
_________ ________ _________ _________ _________ 
Round 1  |  A-B   |         |         |         |   
Round 2  |        |   A-C   |         |         |   
Round 3  |        |         |   A-D   |         |   
Round 4  |  C-D   |         |         |   A-B   |   
Round 5  |        |         |   B-C   |         |   
Round 6  |        |   B-D   |         |         |   
pairToPlace: A-C
 
*****VOLGENDE ITERATIE*****
pairs: [] & pairsUsed: [A-B, A-C, A-D, B-C, B-D, C-D]
doubles: [A-C, A-D, B-C, B-D, C-D] & doublesUsed: [A-B]
currentGame: 2 & prevGame: [0, 1, 2, 2, 1, 0, 3]
currentRound: 2 & prevRound: [0, 1, 2, 4, 5, 3, 3]
TEMPBOARD: 
         | Game 1 |  Game 2 |  Game 3 |  Game 4 |  
_________ ________ _________ _________ _________ 
Round 1  |  A-B   |         |         |         |   
Round 2  |        |   A-C   |         |         |   
Round 3  |        |         |   A-D   |         |   
Round 4  |  C-D   |         |         |   A-B   |   
Round 5  |        |         |   B-C   |         |   
Round 6  |        |   B-D   |         |         |   
pairToPlace: A-C
 
*****VOLGENDE ITERATIE*****
pairs: [] & pairsUsed: [A-B, A-C, A-D, B-C, B-D, C-D]
doubles: [A-C, A-D, B-C, B-D, C-D] & doublesUsed: [A-B]
currentGame: 2 & prevGame: [0, 1, 2, 2, 1, 0, 3]
currentRound: 3 & prevRound: [0, 1, 2, 4, 5, 3, 3]
TEMPBOARD: 
         | Game 1 |  Game 2 |  Game 3 |  Game 4 |  
_________ ________ _________ _________ _________ 
Round 1  |  A-B   |         |         |         |   
Round 2  |        |   A-C   |         |         |   
Round 3  |        |         |   A-D   |         |   
Round 4  |  C-D   |         |         |   A-B   |   
Round 5  |        |         |   B-C   |         |   
Round 6  |        |   B-D   |         |         |   
pairToPlace: A-C
 
*****VOLGENDE ITERATIE*****
pairs: [] & pairsUsed: [A-B, A-C, A-D, B-C, B-D, C-D]
doubles: [A-C, A-D, B-C, B-D, C-D] & doublesUsed: [A-B]
currentGame: 2 & prevGame: [0, 1, 2, 2, 1, 0, 3]
currentRound: 4 & prevRound: [0, 1, 2, 4, 5, 3, 3]
TEMPBOARD: 
         | Game 1 |  Game 2 |  Game 3 |  Game 4 |  
_________ ________ _________ _________ _________ 
Round 1  |  A-B   |         |         |         |   
Round 2  |        |   A-C   |         |         |   
Round 3  |        |         |   A-D   |         |   
Round 4  |  C-D   |         |         |   A-B   |   
Round 5  |        |         |   B-C   |         |   
Round 6  |        |   B-D   |         |         |   
pairToPlace: A-C
 
*****VOLGENDE ITERATIE*****
pairs: [] & pairsUsed: [A-B, A-C, A-D, B-C, B-D, C-D]
doubles: [A-C, A-D, B-C, B-D, C-D] & doublesUsed: [A-B]
currentGame: 2 & prevGame: [0, 1, 2, 2, 1, 0, 3]
currentRound: 5 & prevRound: [0, 1, 2, 4, 5, 3, 3]
TEMPBOARD: 
         | Game 1 |  Game 2 |  Game 3 |  Game 4 |  
_________ ________ _________ _________ _________ 
Round 1  |  A-B   |         |         |         |   
Round 2  |        |   A-C   |         |         |   
Round 3  |        |         |   A-D   |         |   
Round 4  |  C-D   |         |         |   A-B   |   
Round 5  |        |         |   B-C   |         |   
Round 6  |        |   B-D   |         |         |   
pairToPlace: A-C
 
*****VOLGENDE ITERATIE*****
pairs: [] & pairsUsed: [A-B, A-C, A-D, B-C, B-D, C-D]
doubles: [A-C, A-D, B-C, B-D, C-D] & doublesUsed: [A-B]
currentGame: 2 & prevGame: [0, 1, 2, 2, 1, 0, 3]
currentRound: 6 & prevRound: [0, 1, 2, 4, 5, 3, 3]
TEMPBOARD: 
         | Game 1 |  Game 2 |  Game 3 |  Game 4 |  
_________ ________ _________ _________ _________ 
Round 1  |  A-B   |         |         |         |   
Round 2  |        |   A-C   |         |         |   
Round 3  |        |         |   A-D   |         |   
Round 4  |  C-D   |         |         |   A-B   |   
Round 5  |        |         |   B-C   |         |   
Round 6  |        |   B-D   |         |         |   
pairToPlace: A-C
 
*****VOLGENDE ITERATIE*****
pairs: [] & pairsUsed: [A-B, A-C, A-D, B-C, B-D, C-D]
doubles: [A-C, A-D, B-C, B-D, C-D] & doublesUsed: [A-B]
currentGame: 3 & prevGame: [0, 1, 2, 2, 1, 0, 3]
currentRound: 0 & prevRound: [0, 1, 2, 4, 5, 3, 3]
TEMPBOARD: 
         | Game 1 |  Game 2 |  Game 3 |  Game 4 |  
_________ ________ _________ _________ _________ 
Round 1  |  A-B   |         |         |         |   
Round 2  |        |   A-C   |         |         |   
Round 3  |        |         |   A-D   |         |   
Round 4  |  C-D   |         |         |   A-B   |   
Round 5  |        |         |   B-C   |         |   
Round 6  |        |   B-D   |         |         |   
pairToPlace: A-C
 
*****VOLGENDE ITERATIE*****
pairs: [] & pairsUsed: [A-B, A-C, A-D, B-C, B-D, C-D]
doubles: [A-C, A-D, B-C, B-D, C-D] & doublesUsed: [A-B]
currentGame: 3 & prevGame: [0, 1, 2, 2, 1, 0, 3]
currentRound: 1 & prevRound: [0, 1, 2, 4, 5, 3, 3]
TEMPBOARD: 
         | Game 1 |  Game 2 |  Game 3 |  Game 4 |  
_________ ________ _________ _________ _________ 
Round 1  |  A-B   |         |         |         |   
Round 2  |        |   A-C   |         |         |   
Round 3  |        |         |   A-D   |         |   
Round 4  |  C-D   |         |         |   A-B   |   
Round 5  |        |         |   B-C   |         |   
Round 6  |        |   B-D   |         |         |   
pairToPlace: A-C
 
*****VOLGENDE ITERATIE*****
pairs: [] & pairsUsed: [A-B, A-C, A-D, B-C, B-D, C-D]
doubles: [A-C, A-D, B-C, B-D, C-D] & doublesUsed: [A-B]
currentGame: 3 & prevGame: [0, 1, 2, 2, 1, 0, 3]
currentRound: 2 & prevRound: [0, 1, 2, 4, 5, 3, 3]
TEMPBOARD: 
         | Game 1 |  Game 2 |  Game 3 |  Game 4 |  
_________ ________ _________ _________ _________ 
Round 1  |  A-B   |         |         |         |   
Round 2  |        |   A-C   |         |         |   
Round 3  |        |         |   A-D   |         |   
Round 4  |  C-D   |         |         |   A-B   |   
Round 5  |        |         |   B-C   |         |   
Round 6  |        |   B-D   |         |         |   
pairToPlace: A-C
 
*****VOLGENDE ITERATIE*****
pairs: [] & pairsUsed: [A-B, A-C, A-D, B-C, B-D, C-D]
doubles: [A-C, A-D, B-C, B-D, C-D] & doublesUsed: [A-B]
currentGame: 3 & prevGame: [0, 1, 2, 2, 1, 0, 3]
currentRound: 3 & prevRound: [0, 1, 2, 4, 5, 3, 3]
TEMPBOARD: 
         | Game 1 |  Game 2 |  Game 3 |  Game 4 |  
_________ ________ _________ _________ _________ 
Round 1  |  A-B   |         |         |         |   
Round 2  |        |   A-C   |         |         |   
Round 3  |        |         |   A-D   |         |   
Round 4  |  C-D   |         |         |   A-B   |   
Round 5  |        |         |   B-C   |         |   
Round 6  |        |   B-D   |         |         |   
pairToPlace: A-C
 
*****VOLGENDE ITERATIE*****
pairs: [] & pairsUsed: [A-B, A-C, A-D, B-C, B-D, C-D]
doubles: [A-C, A-D, B-C, B-D, C-D] & doublesUsed: [A-B]
currentGame: 3 & prevGame: [0, 1, 2, 2, 1, 0, 3]
currentRound: 4 & prevRound: [0, 1, 2, 4, 5, 3, 3]
TEMPBOARD: 
         | Game 1 |  Game 2 |  Game 3 |  Game 4 |  
_________ ________ _________ _________ _________ 
Round 1  |  A-B   |         |         |         |   
Round 2  |        |   A-C   |         |         |   
Round 3  |        |         |   A-D   |         |   
Round 4  |  C-D   |         |         |   A-B   |   
Round 5  |        |         |   B-C   |         |   
Round 6  |        |   B-D   |         |         |   
pairToPlace: A-C
 
*****VOLGENDE ITERATIE*****
pairs: [] & pairsUsed: [A-B, A-C, A-D, B-C, B-D, C-D]
doubles: [A-C, A-D, B-C, B-D, C-D] & doublesUsed: [A-B]
currentGame: 3 & prevGame: [0, 1, 2, 2, 1, 0, 3]
currentRound: 5 & prevRound: [0, 1, 2, 4, 5, 3, 3]
TEMPBOARD: 
         | Game 1 |  Game 2 |  Game 3 |  Game 4 |  
_________ ________ _________ _________ _________ 
Round 1  |  A-B   |         |         |         |   
Round 2  |        |   A-C   |         |         |   
Round 3  |        |         |   A-D   |         |   
Round 4  |  C-D   |         |         |   A-B   |   
Round 5  |        |         |   B-C   |         |   
Round 6  |        |   B-D   |         |         |   
pairToPlace: A-C
 
*****VOLGENDE ITERATIE*****
pairs: [] & pairsUsed: [A-B, A-C, A-D, B-C, B-D, C-D]
doubles: [A-C, A-D, B-C, B-D, C-D] & doublesUsed: [A-B]
currentGame: 3 & prevGame: [0, 1, 2, 2, 1, 0, 3]
currentRound: 6 & prevRound: [0, 1, 2, 4, 5, 3, 3]
TEMPBOARD: 
         | Game 1 |  Game 2 |  Game 3 |  Game 4 |  
_________ ________ _________ _________ _________ 
Round 1  |  A-B   |         |         |         |   
Round 2  |        |   A-C   |         |         |   
Round 3  |        |         |   A-D   |         |   
Round 4  |  C-D   |         |         |   A-B   |   
Round 5  |        |         |   B-C   |         |   
Round 6  |        |   B-D   |         |         |   
pairToPlace: A-C
 
*****VOLGENDE ITERATIE*****
pairs: [] & pairsUsed: [A-B, A-C, A-D, B-C, B-D, C-D]
doubles: [A-C, A-D, B-C, B-D, C-D] & doublesUsed: [A-B]
currentGame: 4 & prevGame: [0, 1, 2, 2, 1, 0, 3]
currentRound: 0 & prevRound: [0, 1, 2, 4, 5, 3, 3]
TEMPBOARD: 
         | Game 1 |  Game 2 |  Game 3 |  Game 4 |  
_________ ________ _________ _________ _________ 
Round 1  |  A-B   |         |         |         |   
Round 2  |        |   A-C   |         |         |   
Round 3  |        |         |   A-D   |         |   
Round 4  |  C-D   |         |         |   A-B   |   
Round 5  |        |         |   B-C   |         |   
Round 6  |        |   B-D   |         |         |   
pairToPlace: A-C
 
*****VOLGENDE ITERATIE*****
pairs: [] & pairsUsed: [A-B, A-C, A-D, B-C, B-D, C-D]
doubles: [A-B, A-C, A-D, B-C, B-D, C-D] & doublesUsed: []
currentGame: 3 & prevGame: [0, 1, 2, 2, 1, 0]
currentRound: 4 & prevRound: [0, 1, 2, 4, 5, 3]
TEMPBOARD: 
         | Game 1 |  Game 2 |  Game 3 |  Game 4 |  
_________ ________ _________ _________ _________ 
Round 1  |  A-B   |         |         |         |   
Round 2  |        |   A-C   |         |         |   
Round 3  |        |         |   A-D   |         |   
Round 4  |  C-D   |         |         |         |   
Round 5  |        |         |   B-C   |         |   
Round 6  |        |   B-D   |         |         |   
pairToPlace: A-B
 
*****VOLGENDE ITERATIE*****
pairs: [] & pairsUsed: [A-B, A-C, A-D, B-C, B-D, C-D]
doubles: [A-B, A-C, A-D, B-C, B-D, C-D] & doublesUsed: []
currentGame: 3 & prevGame: [0, 1, 2, 2, 1, 0]
currentRound: 5 & prevRound: [0, 1, 2, 4, 5, 3]
TEMPBOARD: 
         | Game 1 |  Game 2 |  Game 3 |  Game 4 |  
_________ ________ _________ _________ _________ 
Round 1  |  A-B   |         |         |         |   
Round 2  |        |   A-C   |         |         |   
Round 3  |        |         |   A-D   |         |   
Round 4  |  C-D   |         |         |         |   
Round 5  |        |         |   B-C   |         |   
Round 6  |        |   B-D   |         |         |   
pairToPlace: A-B
 
*****VOLGENDE ITERATIE*****
pairs: [] & pairsUsed: [A-B, A-C, A-D, B-C, B-D, C-D]
doubles: [A-B, A-C, A-D, B-C, B-D, C-D] & doublesUsed: []
currentGame: 3 & prevGame: [0, 1, 2, 2, 1, 0]
currentRound: 6 & prevRound: [0, 1, 2, 4, 5, 3]
TEMPBOARD: 
         | Game 1 |  Game 2 |  Game 3 |  Game 4 |  
_________ ________ _________ _________ _________ 
Round 1  |  A-B   |         |         |         |   
Round 2  |        |   A-C   |         |         |   
Round 3  |        |         |   A-D   |         |   
Round 4  |  C-D   |         |         |         |   
Round 5  |        |         |   B-C   |         |   
Round 6  |        |   B-D   |         |         |   
pairToPlace: A-B
 
*****VOLGENDE ITERATIE*****
pairs: [] & pairsUsed: [A-B, A-C, A-D, B-C, B-D, C-D]
doubles: [A-B, A-C, A-D, B-C, B-D, C-D] & doublesUsed: []
currentGame: 4 & prevGame: [0, 1, 2, 2, 1, 0]
currentRound: 0 & prevRound: [0, 1, 2, 4, 5, 3]
TEMPBOARD: 
         | Game 1 |  Game 2 |  Game 3 |  Game 4 |  
_________ ________ _________ _________ _________ 
Round 1  |  A-B   |         |         |         |   
Round 2  |        |   A-C   |         |         |   
Round 3  |        |         |   A-D   |         |   
Round 4  |  C-D   |         |         |         |   
Round 5  |        |         |   B-C   |         |   
Round 6  |        |   B-D   |         |         |   
pairToPlace: A-B
 
*****VOLGENDE ITERATIE*****
pairs: [C-D] & pairsUsed: [A-B, A-C, A-D, B-C, B-D]
doubles: [A-B, A-C, A-D, B-C, B-D, C-D] & doublesUsed: []
currentGame: 0 & prevGame: [0, 1, 2, 2, 1]
currentRound: 4 & prevRound: [0, 1, 2, 4, 5]
TEMPBOARD: 
         | Game 1 |  Game 2 |  Game 3 |  Game 4 |  
_________ ________ _________ _________ _________ 
Round 1  |  A-B   |         |         |         |   
Round 2  |        |   A-C   |         |         |   
Round 3  |        |         |   A-D   |         |   
Round 4  |        |         |         |         |   
Round 5  |        |         |   B-C   |         |   
Round 6  |        |   B-D   |         |         |   
pairToPlace: C-D
 
*****VOLGENDE ITERATIE*****
pairs: [C-D] & pairsUsed: [A-B, A-C, A-D, B-C, B-D]
doubles: [A-B, A-C, A-D, B-C, B-D, C-D] & doublesUsed: []
currentGame: 0 & prevGame: [0, 1, 2, 2, 1]
currentRound: 5 & prevRound: [0, 1, 2, 4, 5]
TEMPBOARD: 
         | Game 1 |  Game 2 |  Game 3 |  Game 4 |  
_________ ________ _________ _________ _________ 
Round 1  |  A-B   |         |         |         |   
Round 2  |        |   A-C   |         |         |   
Round 3  |        |         |   A-D   |         |   
Round 4  |        |         |         |         |   
Round 5  |        |         |   B-C   |         |   
Round 6  |        |   B-D   |         |         |   
pairToPlace: C-D
 
*****VOLGENDE ITERATIE*****
pairs: [C-D] & pairsUsed: [A-B, A-C, A-D, B-C, B-D]
doubles: [A-B, A-C, A-D, B-C, B-D, C-D] & doublesUsed: []
currentGame: 0 & prevGame: [0, 1, 2, 2, 1]
currentRound: 6 & prevRound: [0, 1, 2, 4, 5]
TEMPBOARD: 
         | Game 1 |  Game 2 |  Game 3 |  Game 4 |  
_________ ________ _________ _________ _________ 
Round 1  |  A-B   |         |         |         |   
Round 2  |        |   A-C   |         |         |   
Round 3  |        |         |   A-D   |         |   
Round 4  |        |         |         |         |   
Round 5  |        |         |   B-C   |         |   
Round 6  |        |   B-D   |         |         |   
pairToPlace: C-D
 
*****VOLGENDE ITERATIE*****
pairs: [C-D] & pairsUsed: [A-B, A-C, A-D, B-C, B-D]
doubles: [A-B, A-C, A-D, B-C, B-D, C-D] & doublesUsed: []
currentGame: 1 & prevGame: [0, 1, 2, 2, 1]
currentRound: 0 & prevRound: [0, 1, 2, 4, 5]
TEMPBOARD: 
         | Game 1 |  Game 2 |  Game 3 |  Game 4 |  
_________ ________ _________ _________ _________ 
Round 1  |  A-B   |         |         |         |   
Round 2  |        |   A-C   |         |         |   
Round 3  |        |         |   A-D   |         |   
Round 4  |        |         |         |         |   
Round 5  |        |         |   B-C   |         |   
Round 6  |        |   B-D   |         |         |   
pairToPlace: C-D
 
*****VOLGENDE ITERATIE*****
pairs: [C-D] & pairsUsed: [A-B, A-C, A-D, B-C, B-D]
doubles: [A-B, A-C, A-D, B-C, B-D, C-D] & doublesUsed: []
currentGame: 1 & prevGame: [0, 1, 2, 2, 1]
currentRound: 1 & prevRound: [0, 1, 2, 4, 5]
TEMPBOARD: 
         | Game 1 |  Game 2 |  Game 3 |  Game 4 |  
_________ ________ _________ _________ _________ 
Round 1  |  A-B   |         |         |         |   
Round 2  |        |   A-C   |         |         |   
Round 3  |        |         |   A-D   |         |   
Round 4  |        |         |         |         |   
Round 5  |        |         |   B-C   |         |   
Round 6  |        |   B-D   |         |         |   
pairToPlace: C-D
 
*****VOLGENDE ITERATIE*****
pairs: [C-D] & pairsUsed: [A-B, A-C, A-D, B-C, B-D]
doubles: [A-B, A-C, A-D, B-C, B-D, C-D] & doublesUsed: []
currentGame: 1 & prevGame: [0, 1, 2, 2, 1]
currentRound: 2 & prevRound: [0, 1, 2, 4, 5]
TEMPBOARD: 
         | Game 1 |  Game 2 |  Game 3 |  Game 4 |  
_________ ________ _________ _________ _________ 
Round 1  |  A-B   |         |         |         |   
Round 2  |        |   A-C   |         |         |   
Round 3  |        |         |   A-D   |         |   
Round 4  |        |         |         |         |   
Round 5  |        |         |   B-C   |         |   
Round 6  |        |   B-D   |         |         |   
pairToPlace: C-D
 
*****VOLGENDE ITERATIE*****
pairs: [C-D] & pairsUsed: [A-B, A-C, A-D, B-C, B-D]
doubles: [A-B, A-C, A-D, B-C, B-D, C-D] & doublesUsed: []
currentGame: 1 & prevGame: [0, 1, 2, 2, 1]
currentRound: 3 & prevRound: [0, 1, 2, 4, 5]
TEMPBOARD: 
         | Game 1 |  Game 2 |  Game 3 |  Game 4 |  
_________ ________ _________ _________ _________ 
Round 1  |  A-B   |         |         |         |   
Round 2  |        |   A-C   |         |         |   
Round 3  |        |         |   A-D   |         |   
Round 4  |        |         |         |         |   
Round 5  |        |         |   B-C   |         |   
Round 6  |        |   B-D   |         |         |   
pairToPlace: C-D
 
*****VOLGENDE ITERATIE*****
pairs: [C-D] & pairsUsed: [A-B, A-C, A-D, B-C, B-D]
doubles: [A-B, A-C, A-D, B-C, B-D, C-D] & doublesUsed: []
currentGame: 1 & prevGame: [0, 1, 2, 2, 1]
currentRound: 4 & prevRound: [0, 1, 2, 4, 5]
TEMPBOARD: 
         | Game 1 |  Game 2 |  Game 3 |  Game 4 |  
_________ ________ _________ _________ _________ 
Round 1  |  A-B   |         |         |         |   
Round 2  |        |   A-C   |         |         |   
Round 3  |        |         |   A-D   |         |   
Round 4  |        |         |         |         |   
Round 5  |        |         |   B-C   |         |   
Round 6  |        |   B-D   |         |         |   
pairToPlace: C-D
 
*****VOLGENDE ITERATIE*****
pairs: [C-D] & pairsUsed: [A-B, A-C, A-D, B-C, B-D]
doubles: [A-B, A-C, A-D, B-C, B-D, C-D] & doublesUsed: []
currentGame: 1 & prevGame: [0, 1, 2, 2, 1]
currentRound: 5 & prevRound: [0, 1, 2, 4, 5]
TEMPBOARD: 
         | Game 1 |  Game 2 |  Game 3 |  Game 4 |  
_________ ________ _________ _________ _________ 
Round 1  |  A-B   |         |         |         |   
Round 2  |        |   A-C   |         |         |   
Round 3  |        |         |   A-D   |         |   
Round 4  |        |         |         |         |   
Round 5  |        |         |   B-C   |         |   
Round 6  |        |   B-D   |         |         |   
pairToPlace: C-D
 
*****VOLGENDE ITERATIE*****
pairs: [C-D] & pairsUsed: [A-B, A-C, A-D, B-C, B-D]
doubles: [A-B, A-C, A-D, B-C, B-D, C-D] & doublesUsed: []
currentGame: 1 & prevGame: [0, 1, 2, 2, 1]
currentRound: 6 & prevRound: [0, 1, 2, 4, 5]
TEMPBOARD: 
         | Game 1 |  Game 2 |  Game 3 |  Game 4 |  
_________ ________ _________ _________ _________ 
Round 1  |  A-B   |         |         |         |   
Round 2  |        |   A-C   |         |         |   
Round 3  |        |         |   A-D   |         |   
Round 4  |        |         |         |         |   
Round 5  |        |         |   B-C   |         |   
Round 6  |        |   B-D   |         |         |   
pairToPlace: C-D
 
*****VOLGENDE ITERATIE*****
pairs: [C-D] & pairsUsed: [A-B, A-C, A-D, B-C, B-D]
doubles: [A-B, A-C, A-D, B-C, B-D, C-D] & doublesUsed: []
currentGame: 2 & prevGame: [0, 1, 2, 2, 1]
currentRound: 0 & prevRound: [0, 1, 2, 4, 5]
TEMPBOARD: 
         | Game 1 |  Game 2 |  Game 3 |  Game 4 |  
_________ ________ _________ _________ _________ 
Round 1  |  A-B   |         |         |         |   
Round 2  |        |   A-C   |         |         |   
Round 3  |        |         |   A-D   |         |   
Round 4  |        |         |         |         |   
Round 5  |        |         |   B-C   |         |   
Round 6  |        |   B-D   |         |         |   
pairToPlace: C-D
 
*****VOLGENDE ITERATIE*****
pairs: [C-D] & pairsUsed: [A-B, A-C, A-D, B-C, B-D]
doubles: [A-B, A-C, A-D, B-C, B-D, C-D] & doublesUsed: []
currentGame: 2 & prevGame: [0, 1, 2, 2, 1]
currentRound: 1 & prevRound: [0, 1, 2, 4, 5]
TEMPBOARD: 
         | Game 1 |  Game 2 |  Game 3 |  Game 4 |  
_________ ________ _________ _________ _________ 
Round 1  |  A-B   |         |         |         |   
Round 2  |        |   A-C   |         |         |   
Round 3  |        |         |   A-D   |         |   
Round 4  |        |         |         |         |   
Round 5  |        |         |   B-C   |         |   
Round 6  |        |   B-D   |         |         |   
pairToPlace: C-D
 
*****VOLGENDE ITERATIE*****
pairs: [C-D] & pairsUsed: [A-B, A-C, A-D, B-C, B-D]
doubles: [A-B, A-C, A-D, B-C, B-D, C-D] & doublesUsed: []
currentGame: 2 & prevGame: [0, 1, 2, 2, 1]
currentRound: 2 & prevRound: [0, 1, 2, 4, 5]
TEMPBOARD: 
         | Game 1 |  Game 2 |  Game 3 |  Game 4 |  
_________ ________ _________ _________ _________ 
Round 1  |  A-B   |         |         |         |   
Round 2  |        |   A-C   |         |         |   
Round 3  |        |         |   A-D   |         |   
Round 4  |        |         |         |         |   
Round 5  |        |         |   B-C   |         |   
Round 6  |        |   B-D   |         |         |   
pairToPlace: C-D
 
*****VOLGENDE ITERATIE*****
pairs: [C-D] & pairsUsed: [A-B, A-C, A-D, B-C, B-D]
doubles: [A-B, A-C, A-D, B-C, B-D, C-D] & doublesUsed: []
currentGame: 2 & prevGame: [0, 1, 2, 2, 1]
currentRound: 3 & prevRound: [0, 1, 2, 4, 5]
TEMPBOARD: 
         | Game 1 |  Game 2 |  Game 3 |  Game 4 |  
_________ ________ _________ _________ _________ 
Round 1  |  A-B   |         |         |         |   
Round 2  |        |   A-C   |         |         |   
Round 3  |        |         |   A-D   |         |   
Round 4  |        |         |         |         |   
Round 5  |        |         |   B-C   |         |   
Round 6  |        |   B-D   |         |         |   
pairToPlace: C-D
 
*****VOLGENDE ITERATIE*****
pairs: [C-D] & pairsUsed: [A-B, A-C, A-D, B-C, B-D]
doubles: [A-B, A-C, A-D, B-C, B-D, C-D] & doublesUsed: []
currentGame: 2 & prevGame: [0, 1, 2, 2, 1]
currentRound: 4 & prevRound: [0, 1, 2, 4, 5]
TEMPBOARD: 
         | Game 1 |  Game 2 |  Game 3 |  Game 4 |  
_________ ________ _________ _________ _________ 
Round 1  |  A-B   |         |         |         |   
Round 2  |        |   A-C   |         |         |   
Round 3  |        |         |   A-D   |         |   
Round 4  |        |         |         |         |   
Round 5  |        |         |   B-C   |         |   
Round 6  |        |   B-D   |         |         |   
pairToPlace: C-D
 
*****VOLGENDE ITERATIE*****
pairs: [C-D] & pairsUsed: [A-B, A-C, A-D, B-C, B-D]
doubles: [A-B, A-C, A-D, B-C, B-D, C-D] & doublesUsed: []
currentGame: 2 & prevGame: [0, 1, 2, 2, 1]
currentRound: 5 & prevRound: [0, 1, 2, 4, 5]
TEMPBOARD: 
         | Game 1 |  Game 2 |  Game 3 |  Game 4 |  
_________ ________ _________ _________ _________ 
Round 1  |  A-B   |         |         |         |   
Round 2  |        |   A-C   |         |         |   
Round 3  |        |         |   A-D   |         |   
Round 4  |        |         |         |         |   
Round 5  |        |         |   B-C   |         |   
Round 6  |        |   B-D   |         |         |   
pairToPlace: C-D
 
*****VOLGENDE ITERATIE*****
pairs: [C-D] & pairsUsed: [A-B, A-C, A-D, B-C, B-D]
doubles: [A-B, A-C, A-D, B-C, B-D, C-D] & doublesUsed: []
currentGame: 2 & prevGame: [0, 1, 2, 2, 1]
currentRound: 6 & prevRound: [0, 1, 2, 4, 5]
TEMPBOARD: 
         | Game 1 |  Game 2 |  Game 3 |  Game 4 |  
_________ ________ _________ _________ _________ 
Round 1  |  A-B   |         |         |         |   
Round 2  |        |   A-C   |         |         |   
Round 3  |        |         |   A-D   |         |   
Round 4  |        |         |         |         |   
Round 5  |        |         |   B-C   |         |   
Round 6  |        |   B-D   |         |         |   
pairToPlace: C-D
 
*****VOLGENDE ITERATIE*****
pairs: [C-D] & pairsUsed: [A-B, A-C, A-D, B-C, B-D]
doubles: [A-B, A-C, A-D, B-C, B-D, C-D] & doublesUsed: []
currentGame: 3 & prevGame: [0, 1, 2, 2, 1]
currentRound: 0 & prevRound: [0, 1, 2, 4, 5]
TEMPBOARD: 
         | Game 1 |  Game 2 |  Game 3 |  Game 4 |  
_________ ________ _________ _________ _________ 
Round 1  |  A-B   |         |         |         |   
Round 2  |        |   A-C   |         |         |   
Round 3  |        |         |   A-D   |         |   
Round 4  |        |         |         |         |   
Round 5  |        |         |   B-C   |         |   
Round 6  |        |   B-D   |         |         |   
pairToPlace: C-D
 
*****VOLGENDE ITERATIE*****
pairs: [] & pairsUsed: [A-B, A-C, A-D, B-C, B-D, C-D]
doubles: [A-B, A-C, A-D, B-C, B-D, C-D] & doublesUsed: []
currentGame: 0 & prevGame: [0, 1, 2, 2, 1, 3]
currentRound: 0 & prevRound: [0, 1, 2, 4, 5, 0]
TEMPBOARD: 
         | Game 1 |  Game 2 |  Game 3 |  Game 4 |  
_________ ________ _________ _________ _________ 
Round 1  |  A-B   |         |         |   C-D   |   
Round 2  |        |   A-C   |         |         |   
Round 3  |        |         |   A-D   |         |   
Round 4  |        |         |         |         |   
Round 5  |        |         |   B-C   |         |   
Round 6  |        |   B-D   |         |         |   
pairToPlace: A-B
 
*****VOLGENDE ITERATIE*****
pairs: [] & pairsUsed: [A-B, A-C, A-D, B-C, B-D, C-D]
doubles: [A-B, A-C, A-D, B-C, B-D, C-D] & doublesUsed: []
currentGame: 0 & prevGame: [0, 1, 2, 2, 1, 3]
currentRound: 1 & prevRound: [0, 1, 2, 4, 5, 0]
TEMPBOARD: 
         | Game 1 |  Game 2 |  Game 3 |  Game 4 |  
_________ ________ _________ _________ _________ 
Round 1  |  A-B   |         |         |   C-D   |   
Round 2  |        |   A-C   |         |         |   
Round 3  |        |         |   A-D   |         |   
Round 4  |        |         |         |         |   
Round 5  |        |         |   B-C   |         |   
Round 6  |        |   B-D   |         |         |   
pairToPlace: A-B
 
*****VOLGENDE ITERATIE*****
pairs: [] & pairsUsed: [A-B, A-C, A-D, B-C, B-D, C-D]
doubles: [A-B, A-C, A-D, B-C, B-D, C-D] & doublesUsed: []
currentGame: 0 & prevGame: [0, 1, 2, 2, 1, 3]
currentRound: 2 & prevRound: [0, 1, 2, 4, 5, 0]
TEMPBOARD: 
         | Game 1 |  Game 2 |  Game 3 |  Game 4 |  
_________ ________ _________ _________ _________ 
Round 1  |  A-B   |         |         |   C-D   |   
Round 2  |        |   A-C   |         |         |   
Round 3  |        |         |   A-D   |         |   
Round 4  |        |         |         |         |   
Round 5  |        |         |   B-C   |         |   
Round 6  |        |   B-D   |         |         |   
pairToPlace: A-B
 
*****VOLGENDE ITERATIE*****
pairs: [] & pairsUsed: [A-B, A-C, A-D, B-C, B-D, C-D]
doubles: [A-B, A-C, A-D, B-C, B-D, C-D] & doublesUsed: []
currentGame: 0 & prevGame: [0, 1, 2, 2, 1, 3]
currentRound: 3 & prevRound: [0, 1, 2, 4, 5, 0]
TEMPBOARD: 
         | Game 1 |  Game 2 |  Game 3 |  Game 4 |  
_________ ________ _________ _________ _________ 
Round 1  |  A-B   |         |         |   C-D   |   
Round 2  |        |   A-C   |         |         |   
Round 3  |        |         |   A-D   |         |   
Round 4  |        |         |         |         |   
Round 5  |        |         |   B-C   |         |   
Round 6  |        |   B-D   |         |         |   
pairToPlace: A-B
 
*****VOLGENDE ITERATIE*****
pairs: [] & pairsUsed: [A-B, A-C, A-D, B-C, B-D, C-D]
doubles: [A-B, A-C, A-D, B-C, B-D, C-D] & doublesUsed: []
currentGame: 0 & prevGame: [0, 1, 2, 2, 1, 3]
currentRound: 4 & prevRound: [0, 1, 2, 4, 5, 0]
TEMPBOARD: 
         | Game 1 |  Game 2 |  Game 3 |  Game 4 |  
_________ ________ _________ _________ _________ 
Round 1  |  A-B   |         |         |   C-D   |   
Round 2  |        |   A-C   |         |         |   
Round 3  |        |         |   A-D   |         |   
Round 4  |        |         |         |         |   
Round 5  |        |         |   B-C   |         |   
Round 6  |        |   B-D   |         |         |   
pairToPlace: A-B
 
*****VOLGENDE ITERATIE*****
pairs: [] & pairsUsed: [A-B, A-C, A-D, B-C, B-D, C-D]
doubles: [A-B, A-C, A-D, B-C, B-D, C-D] & doublesUsed: []
currentGame: 0 & prevGame: [0, 1, 2, 2, 1, 3]
currentRound: 5 & prevRound: [0, 1, 2, 4, 5, 0]
TEMPBOARD: 
         | Game 1 |  Game 2 |  Game 3 |  Game 4 |  
_________ ________ _________ _________ _________ 
Round 1  |  A-B   |         |         |   C-D   |   
Round 2  |        |   A-C   |         |         |   
Round 3  |        |         |   A-D   |         |   
Round 4  |        |         |         |         |   
Round 5  |        |         |   B-C   |         |   
Round 6  |        |   B-D   |         |         |   
pairToPlace: A-B
 
*****VOLGENDE ITERATIE*****
pairs: [] & pairsUsed: [A-B, A-C, A-D, B-C, B-D, C-D]
doubles: [A-B, A-C, A-D, B-C, B-D, C-D] & doublesUsed: []
currentGame: 0 & prevGame: [0, 1, 2, 2, 1, 3]
currentRound: 6 & prevRound: [0, 1, 2, 4, 5, 0]
TEMPBOARD: 
         | Game 1 |  Game 2 |  Game 3 |  Game 4 |  
_________ ________ _________ _________ _________ 
Round 1  |  A-B   |         |         |   C-D   |   
Round 2  |        |   A-C   |         |         |   
Round 3  |        |         |   A-D   |         |   
Round 4  |        |         |         |         |   
Round 5  |        |         |   B-C   |         |   
Round 6  |        |   B-D   |         |         |   
pairToPlace: A-B
 
*****VOLGENDE ITERATIE*****
pairs: [] & pairsUsed: [A-B, A-C, A-D, B-C, B-D, C-D]
doubles: [A-B, A-C, A-D, B-C, B-D, C-D] & doublesUsed: []
currentGame: 1 & prevGame: [0, 1, 2, 2, 1, 3]
currentRound: 0 & prevRound: [0, 1, 2, 4, 5, 0]
TEMPBOARD: 
         | Game 1 |  Game 2 |  Game 3 |  Game 4 |  
_________ ________ _________ _________ _________ 
Round 1  |  A-B   |         |         |   C-D   |   
Round 2  |        |   A-C   |         |         |   
Round 3  |        |         |   A-D   |         |   
Round 4  |        |         |         |         |   
Round 5  |        |         |   B-C   |         |   
Round 6  |        |   B-D   |         |         |   
pairToPlace: A-B
 
*****VOLGENDE ITERATIE*****
pairs: [] & pairsUsed: [A-B, A-C, A-D, B-C, B-D, C-D]
doubles: [A-B, A-C, A-D, B-C, B-D, C-D] & doublesUsed: []
currentGame: 1 & prevGame: [0, 1, 2, 2, 1, 3]
currentRound: 1 & prevRound: [0, 1, 2, 4, 5, 0]
TEMPBOARD: 
         | Game 1 |  Game 2 |  Game 3 |  Game 4 |  
_________ ________ _________ _________ _________ 
Round 1  |  A-B   |         |         |   C-D   |   
Round 2  |        |   A-C   |         |         |   
Round 3  |        |         |   A-D   |         |   
Round 4  |        |         |         |         |   
Round 5  |        |         |   B-C   |         |   
Round 6  |        |   B-D   |         |         |   
pairToPlace: A-B
 
*****VOLGENDE ITERATIE*****
pairs: [] & pairsUsed: [A-B, A-C, A-D, B-C, B-D, C-D]
doubles: [A-B, A-C, A-D, B-C, B-D, C-D] & doublesUsed: []
currentGame: 1 & prevGame: [0, 1, 2, 2, 1, 3]
currentRound: 2 & prevRound: [0, 1, 2, 4, 5, 0]
TEMPBOARD: 
         | Game 1 |  Game 2 |  Game 3 |  Game 4 |  
_________ ________ _________ _________ _________ 
Round 1  |  A-B   |         |         |   C-D   |   
Round 2  |        |   A-C   |         |         |   
Round 3  |        |         |   A-D   |         |   
Round 4  |        |         |         |         |   
Round 5  |        |         |   B-C   |         |   
Round 6  |        |   B-D   |         |         |   
pairToPlace: A-B
 
*****VOLGENDE ITERATIE*****
pairs: [] & pairsUsed: [A-B, A-C, A-D, B-C, B-D, C-D]
doubles: [A-B, A-C, A-D, B-C, B-D, C-D] & doublesUsed: []
currentGame: 1 & prevGame: [0, 1, 2, 2, 1, 3]
currentRound: 3 & prevRound: [0, 1, 2, 4, 5, 0]
TEMPBOARD: 
         | Game 1 |  Game 2 |  Game 3 |  Game 4 |  
_________ ________ _________ _________ _________ 
Round 1  |  A-B   |         |         |   C-D   |   
Round 2  |        |   A-C   |         |         |   
Round 3  |        |         |   A-D   |         |   
Round 4  |        |         |         |         |   
Round 5  |        |         |   B-C   |         |   
Round 6  |        |   B-D   |         |         |   
pairToPlace: A-B
 
*****VOLGENDE ITERATIE*****
pairs: [] & pairsUsed: [A-B, A-C, A-D, B-C, B-D, C-D]
doubles: [A-B, A-C, A-D, B-C, B-D, C-D] & doublesUsed: []
currentGame: 1 & prevGame: [0, 1, 2, 2, 1, 3]
currentRound: 4 & prevRound: [0, 1, 2, 4, 5, 0]
TEMPBOARD: 
         | Game 1 |  Game 2 |  Game 3 |  Game 4 |  
_________ ________ _________ _________ _________ 
Round 1  |  A-B   |         |         |   C-D   |   
Round 2  |        |   A-C   |         |         |   
Round 3  |        |         |   A-D   |         |   
Round 4  |        |         |         |         |   
Round 5  |        |         |   B-C   |         |   
Round 6  |        |   B-D   |         |         |   
pairToPlace: A-B
 
*****VOLGENDE ITERATIE*****
pairs: [] & pairsUsed: [A-B, A-C, A-D, B-C, B-D, C-D]
doubles: [A-B, A-C, A-D, B-C, B-D, C-D] & doublesUsed: []
currentGame: 1 & prevGame: [0, 1, 2, 2, 1, 3]
currentRound: 5 & prevRound: [0, 1, 2, 4, 5, 0]
TEMPBOARD: 
         | Game 1 |  Game 2 |  Game 3 |  Game 4 |  
_________ ________ _________ _________ _________ 
Round 1  |  A-B   |         |         |   C-D   |   
Round 2  |        |   A-C   |         |         |   
Round 3  |        |         |   A-D   |         |   
Round 4  |        |         |         |         |   
Round 5  |        |         |   B-C   |         |   
Round 6  |        |   B-D   |         |         |   
pairToPlace: A-B
 
*****VOLGENDE ITERATIE*****
pairs: [] & pairsUsed: [A-B, A-C, A-D, B-C, B-D, C-D]
doubles: [A-B, A-C, A-D, B-C, B-D, C-D] & doublesUsed: []
currentGame: 1 & prevGame: [0, 1, 2, 2, 1, 3]
currentRound: 6 & prevRound: [0, 1, 2, 4, 5, 0]
TEMPBOARD: 
         | Game 1 |  Game 2 |  Game 3 |  Game 4 |  
_________ ________ _________ _________ _________ 
Round 1  |  A-B   |         |         |   C-D   |   
Round 2  |        |   A-C   |         |         |   
Round 3  |        |         |   A-D   |         |   
Round 4  |        |         |         |         |   
Round 5  |        |         |   B-C   |         |   
Round 6  |        |   B-D   |         |         |   
pairToPlace: A-B
 
*****VOLGENDE ITERATIE*****
pairs: [] & pairsUsed: [A-B, A-C, A-D, B-C, B-D, C-D]
doubles: [A-B, A-C, A-D, B-C, B-D, C-D] & doublesUsed: []
currentGame: 2 & prevGame: [0, 1, 2, 2, 1, 3]
currentRound: 0 & prevRound: [0, 1, 2, 4, 5, 0]
TEMPBOARD: 
         | Game 1 |  Game 2 |  Game 3 |  Game 4 |  
_________ ________ _________ _________ _________ 
Round 1  |  A-B   |         |         |   C-D   |   
Round 2  |        |   A-C   |         |         |   
Round 3  |        |         |   A-D   |         |   
Round 4  |        |         |         |         |   
Round 5  |        |         |   B-C   |         |   
Round 6  |        |   B-D   |         |         |   
pairToPlace: A-B
 
*****VOLGENDE ITERATIE*****
pairs: [] & pairsUsed: [A-B, A-C, A-D, B-C, B-D, C-D]
doubles: [A-B, A-C, A-D, B-C, B-D, C-D] & doublesUsed: []
currentGame: 2 & prevGame: [0, 1, 2, 2, 1, 3]
currentRound: 1 & prevRound: [0, 1, 2, 4, 5, 0]
TEMPBOARD: 
         | Game 1 |  Game 2 |  Game 3 |  Game 4 |  
_________ ________ _________ _________ _________ 
Round 1  |  A-B   |         |         |   C-D   |   
Round 2  |        |   A-C   |         |         |   
Round 3  |        |         |   A-D   |         |   
Round 4  |        |         |         |         |   
Round 5  |        |         |   B-C   |         |   
Round 6  |        |   B-D   |         |         |   
pairToPlace: A-B
 
*****VOLGENDE ITERATIE*****
pairs: [] & pairsUsed: [A-B, A-C, A-D, B-C, B-D, C-D]
doubles: [A-B, A-C, A-D, B-C, B-D, C-D] & doublesUsed: []
currentGame: 2 & prevGame: [0, 1, 2, 2, 1, 3]
currentRound: 2 & prevRound: [0, 1, 2, 4, 5, 0]
TEMPBOARD: 
         | Game 1 |  Game 2 |  Game 3 |  Game 4 |  
_________ ________ _________ _________ _________ 
Round 1  |  A-B   |         |         |   C-D   |   
Round 2  |        |   A-C   |         |         |   
Round 3  |        |         |   A-D   |         |   
Round 4  |        |         |         |         |   
Round 5  |        |         |   B-C   |         |   
Round 6  |        |   B-D   |         |         |   
pairToPlace: A-B
 
*****VOLGENDE ITERATIE*****
pairs: [] & pairsUsed: [A-B, A-C, A-D, B-C, B-D, C-D]
doubles: [A-B, A-C, A-D, B-C, B-D, C-D] & doublesUsed: []
currentGame: 2 & prevGame: [0, 1, 2, 2, 1, 3]
currentRound: 3 & prevRound: [0, 1, 2, 4, 5, 0]
TEMPBOARD: 
         | Game 1 |  Game 2 |  Game 3 |  Game 4 |  
_________ ________ _________ _________ _________ 
Round 1  |  A-B   |         |         |   C-D   |   
Round 2  |        |   A-C   |         |         |   
Round 3  |        |         |   A-D   |         |   
Round 4  |        |         |         |         |   
Round 5  |        |         |   B-C   |         |   
Round 6  |        |   B-D   |         |         |   
pairToPlace: A-B
 
*****VOLGENDE ITERATIE*****
pairs: [] & pairsUsed: [A-B, A-C, A-D, B-C, B-D, C-D]
doubles: [A-B, A-C, A-D, B-C, B-D, C-D] & doublesUsed: []
currentGame: 2 & prevGame: [0, 1, 2, 2, 1, 3]
currentRound: 4 & prevRound: [0, 1, 2, 4, 5, 0]
TEMPBOARD: 
         | Game 1 |  Game 2 |  Game 3 |  Game 4 |  
_________ ________ _________ _________ _________ 
Round 1  |  A-B   |         |         |   C-D   |   
Round 2  |        |   A-C   |         |         |   
Round 3  |        |         |   A-D   |         |   
Round 4  |        |         |         |         |   
Round 5  |        |         |   B-C   |         |   
Round 6  |        |   B-D   |         |         |   
pairToPlace: A-B
 
*****VOLGENDE ITERATIE*****
pairs: [] & pairsUsed: [A-B, A-C, A-D, B-C, B-D, C-D]
doubles: [A-B, A-C, A-D, B-C, B-D, C-D] & doublesUsed: []
currentGame: 2 & prevGame: [0, 1, 2, 2, 1, 3]
currentRound: 5 & prevRound: [0, 1, 2, 4, 5, 0]
TEMPBOARD: 
         | Game 1 |  Game 2 |  Game 3 |  Game 4 |  
_________ ________ _________ _________ _________ 
Round 1  |  A-B   |         |         |   C-D   |   
Round 2  |        |   A-C   |         |         |   
Round 3  |        |         |   A-D   |         |   
Round 4  |        |         |         |         |   
Round 5  |        |         |   B-C   |         |   
Round 6  |        |   B-D   |         |         |   
pairToPlace: A-B
 
*****VOLGENDE ITERATIE*****
pairs: [] & pairsUsed: [A-B, A-C, A-D, B-C, B-D, C-D]
doubles: [A-B, A-C, A-D, B-C, B-D, C-D] & doublesUsed: []
currentGame: 2 & prevGame: [0, 1, 2, 2, 1, 3]
currentRound: 6 & prevRound: [0, 1, 2, 4, 5, 0]
TEMPBOARD: 
         | Game 1 |  Game 2 |  Game 3 |  Game 4 |  
_________ ________ _________ _________ _________ 
Round 1  |  A-B   |         |         |   C-D   |   
Round 2  |        |   A-C   |         |         |   
Round 3  |        |         |   A-D   |         |   
Round 4  |        |         |         |         |   
Round 5  |        |         |   B-C   |         |   
Round 6  |        |   B-D   |         |         |   
pairToPlace: A-B
 
*****VOLGENDE ITERATIE*****
pairs: [] & pairsUsed: [A-B, A-C, A-D, B-C, B-D, C-D]
doubles: [A-B, A-C, A-D, B-C, B-D, C-D] & doublesUsed: []
currentGame: 3 & prevGame: [0, 1, 2, 2, 1, 3]
currentRound: 0 & prevRound: [0, 1, 2, 4, 5, 0]
TEMPBOARD: 
         | Game 1 |  Game 2 |  Game 3 |  Game 4 |  
_________ ________ _________ _________ _________ 
Round 1  |  A-B   |         |         |   C-D   |   
Round 2  |        |   A-C   |         |         |   
Round 3  |        |         |   A-D   |         |   
Round 4  |        |         |         |         |   
Round 5  |        |         |   B-C   |         |   
Round 6  |        |   B-D   |         |         |   
pairToPlace: A-B
 
*****VOLGENDE ITERATIE*****
pairs: [] & pairsUsed: [A-B, A-C, A-D, B-C, B-D, C-D]
doubles: [A-B, A-C, A-D, B-C, B-D, C-D] & doublesUsed: []
currentGame: 3 & prevGame: [0, 1, 2, 2, 1, 3]
currentRound: 1 & prevRound: [0, 1, 2, 4, 5, 0]
TEMPBOARD: 
         | Game 1 |  Game 2 |  Game 3 |  Game 4 |  
_________ ________ _________ _________ _________ 
Round 1  |  A-B   |         |         |   C-D   |   
Round 2  |        |   A-C   |         |         |   
Round 3  |        |         |   A-D   |         |   
Round 4  |        |         |         |         |   
Round 5  |        |         |   B-C   |         |   
Round 6  |        |   B-D   |         |         |   
pairToPlace: A-B
 
*****VOLGENDE ITERATIE*****
pairs: [] & pairsUsed: [A-B, A-C, A-D, B-C, B-D, C-D]
doubles: [A-B, A-C, A-D, B-C, B-D, C-D] & doublesUsed: []
currentGame: 3 & prevGame: [0, 1, 2, 2, 1, 3]
currentRound: 2 & prevRound: [0, 1, 2, 4, 5, 0]
TEMPBOARD: 
         | Game 1 |  Game 2 |  Game 3 |  Game 4 |  
_________ ________ _________ _________ _________ 
Round 1  |  A-B   |         |         |   C-D   |   
Round 2  |        |   A-C   |         |         |   
Round 3  |        |         |   A-D   |         |   
Round 4  |        |         |         |         |   
Round 5  |        |         |   B-C   |         |   
Round 6  |        |   B-D   |         |         |   
pairToPlace: A-B
 
*****VOLGENDE ITERATIE*****
pairs: [] & pairsUsed: [A-B, A-C, A-D, B-C, B-D, C-D]
doubles: [A-B, A-C, A-D, B-C, B-D, C-D] & doublesUsed: []
currentGame: 3 & prevGame: [0, 1, 2, 2, 1, 3]
currentRound: 3 & prevRound: [0, 1, 2, 4, 5, 0]
TEMPBOARD: 
         | Game 1 |  Game 2 |  Game 3 |  Game 4 |  
_________ ________ _________ _________ _________ 
Round 1  |  A-B   |         |         |   C-D   |   
Round 2  |        |   A-C   |         |         |   
Round 3  |        |         |   A-D   |         |   
Round 4  |        |         |         |         |   
Round 5  |        |         |   B-C   |         |   
Round 6  |        |   B-D   |         |         |   
pairToPlace: A-B
 
*****VOLGENDE ITERATIE*****
pairs: [] & pairsUsed: [A-B, A-C, A-D, B-C, B-D, C-D]
doubles: [A-C, A-D, B-C, B-D, C-D] & doublesUsed: [A-B]
currentGame: 0 & prevGame: [0, 1, 2, 2, 1, 3, 3]
currentRound: 0 & prevRound: [0, 1, 2, 4, 5, 0, 3]
TEMPBOARD: 
         | Game 1 |  Game 2 |  Game 3 |  Game 4 |  
_________ ________ _________ _________ _________ 
Round 1  |  A-B   |         |         |   C-D   |   
Round 2  |        |   A-C   |         |         |   
Round 3  |        |         |   A-D   |         |   
Round 4  |        |         |         |   A-B   |   
Round 5  |        |         |   B-C   |         |   
Round 6  |        |   B-D   |         |         |   
pairToPlace: A-C
 
*****VOLGENDE ITERATIE*****
pairs: [] & pairsUsed: [A-B, A-C, A-D, B-C, B-D, C-D]
doubles: [A-C, A-D, B-C, B-D, C-D] & doublesUsed: [A-B]
currentGame: 0 & prevGame: [0, 1, 2, 2, 1, 3, 3]
currentRound: 1 & prevRound: [0, 1, 2, 4, 5, 0, 3]
TEMPBOARD: 
         | Game 1 |  Game 2 |  Game 3 |  Game 4 |  
_________ ________ _________ _________ _________ 
Round 1  |  A-B   |         |         |   C-D   |   
Round 2  |        |   A-C   |         |         |   
Round 3  |        |         |   A-D   |         |   
Round 4  |        |         |         |   A-B   |   
Round 5  |        |         |   B-C   |         |   
Round 6  |        |   B-D   |         |         |   
pairToPlace: A-C
 
*****VOLGENDE ITERATIE*****
pairs: [] & pairsUsed: [A-B, A-C, A-D, B-C, B-D, C-D]
doubles: [A-C, A-D, B-C, B-D, C-D] & doublesUsed: [A-B]
currentGame: 0 & prevGame: [0, 1, 2, 2, 1, 3, 3]
currentRound: 2 & prevRound: [0, 1, 2, 4, 5, 0, 3]
TEMPBOARD: 
         | Game 1 |  Game 2 |  Game 3 |  Game 4 |  
_________ ________ _________ _________ _________ 
Round 1  |  A-B   |         |         |   C-D   |   
Round 2  |        |   A-C   |         |         |   
Round 3  |        |         |   A-D   |         |   
Round 4  |        |         |         |   A-B   |   
Round 5  |        |         |   B-C   |         |   
Round 6  |        |   B-D   |         |         |   
pairToPlace: A-C
 
*****VOLGENDE ITERATIE*****
pairs: [] & pairsUsed: [A-B, A-C, A-D, B-C, B-D, C-D]
doubles: [A-C, A-D, B-C, B-D, C-D] & doublesUsed: [A-B]
currentGame: 0 & prevGame: [0, 1, 2, 2, 1, 3, 3]
currentRound: 3 & prevRound: [0, 1, 2, 4, 5, 0, 3]
TEMPBOARD: 
         | Game 1 |  Game 2 |  Game 3 |  Game 4 |  
_________ ________ _________ _________ _________ 
Round 1  |  A-B   |         |         |   C-D   |   
Round 2  |        |   A-C   |         |         |   
Round 3  |        |         |   A-D   |         |   
Round 4  |        |         |         |   A-B   |   
Round 5  |        |         |   B-C   |         |   
Round 6  |        |   B-D   |         |         |   
pairToPlace: A-C
 
*****VOLGENDE ITERATIE*****
pairs: [] & pairsUsed: [A-B, A-C, A-D, B-C, B-D, C-D]
doubles: [A-C, A-D, B-C, B-D, C-D] & doublesUsed: [A-B]
currentGame: 0 & prevGame: [0, 1, 2, 2, 1, 3, 3]
currentRound: 4 & prevRound: [0, 1, 2, 4, 5, 0, 3]
TEMPBOARD: 
         | Game 1 |  Game 2 |  Game 3 |  Game 4 |  
_________ ________ _________ _________ _________ 
Round 1  |  A-B   |         |         |   C-D   |   
Round 2  |        |   A-C   |         |         |   
Round 3  |        |         |   A-D   |         |   
Round 4  |        |         |         |   A-B   |   
Round 5  |        |         |   B-C   |         |   
Round 6  |        |   B-D   |         |         |   
pairToPlace: A-C
 
*****VOLGENDE ITERATIE*****
pairs: [] & pairsUsed: [A-B, A-C, A-D, B-C, B-D, C-D]
doubles: [A-C, A-D, B-C, B-D, C-D] & doublesUsed: [A-B]
currentGame: 0 & prevGame: [0, 1, 2, 2, 1, 3, 3]
currentRound: 5 & prevRound: [0, 1, 2, 4, 5, 0, 3]
TEMPBOARD: 
         | Game 1 |  Game 2 |  Game 3 |  Game 4 |  
_________ ________ _________ _________ _________ 
Round 1  |  A-B   |         |         |   C-D   |   
Round 2  |        |   A-C   |         |         |   
Round 3  |        |         |   A-D   |         |   
Round 4  |        |         |         |   A-B   |   
Round 5  |        |         |   B-C   |         |   
Round 6  |        |   B-D   |         |         |   
pairToPlace: A-C
 
*****VOLGENDE ITERATIE*****
pairs: [] & pairsUsed: [A-B, A-C, A-D, B-C, B-D, C-D]
doubles: [A-C, A-D, B-C, B-D, C-D] & doublesUsed: [A-B]
currentGame: 0 & prevGame: [0, 1, 2, 2, 1, 3, 3]
currentRound: 6 & prevRound: [0, 1, 2, 4, 5, 0, 3]
TEMPBOARD: 
         | Game 1 |  Game 2 |  Game 3 |  Game 4 |  
_________ ________ _________ _________ _________ 
Round 1  |  A-B   |         |         |   C-D   |   
Round 2  |        |   A-C   |         |         |   
Round 3  |        |         |   A-D   |         |   
Round 4  |        |         |         |   A-B   |   
Round 5  |        |         |   B-C   |         |   
Round 6  |        |   B-D   |         |         |   
pairToPlace: A-C
 
*****VOLGENDE ITERATIE*****
pairs: [] & pairsUsed: [A-B, A-C, A-D, B-C, B-D, C-D]
doubles: [A-C, A-D, B-C, B-D, C-D] & doublesUsed: [A-B]
currentGame: 1 & prevGame: [0, 1, 2, 2, 1, 3, 3]
currentRound: 0 & prevRound: [0, 1, 2, 4, 5, 0, 3]
TEMPBOARD: 
         | Game 1 |  Game 2 |  Game 3 |  Game 4 |  
_________ ________ _________ _________ _________ 
Round 1  |  A-B   |         |         |   C-D   |   
Round 2  |        |   A-C   |         |         |   
Round 3  |        |         |   A-D   |         |   
Round 4  |        |         |         |   A-B   |   
Round 5  |        |         |   B-C   |         |   
Round 6  |        |   B-D   |         |         |   
pairToPlace: A-C
 
*****VOLGENDE ITERATIE*****
pairs: [] & pairsUsed: [A-B, A-C, A-D, B-C, B-D, C-D]
doubles: [A-C, A-D, B-C, B-D, C-D] & doublesUsed: [A-B]
currentGame: 1 & prevGame: [0, 1, 2, 2, 1, 3, 3]
currentRound: 1 & prevRound: [0, 1, 2, 4, 5, 0, 3]
TEMPBOARD: 
         | Game 1 |  Game 2 |  Game 3 |  Game 4 |  
_________ ________ _________ _________ _________ 
Round 1  |  A-B   |         |         |   C-D   |   
Round 2  |        |   A-C   |         |         |   
Round 3  |        |         |   A-D   |         |   
Round 4  |        |         |         |   A-B   |   
Round 5  |        |         |   B-C   |         |   
Round 6  |        |   B-D   |         |         |   
pairToPlace: A-C
 
*****VOLGENDE ITERATIE*****
pairs: [] & pairsUsed: [A-B, A-C, A-D, B-C, B-D, C-D]
doubles: [A-C, A-D, B-C, B-D, C-D] & doublesUsed: [A-B]
currentGame: 1 & prevGame: [0, 1, 2, 2, 1, 3, 3]
currentRound: 2 & prevRound: [0, 1, 2, 4, 5, 0, 3]
TEMPBOARD: 
         | Game 1 |  Game 2 |  Game 3 |  Game 4 |  
_________ ________ _________ _________ _________ 
Round 1  |  A-B   |         |         |   C-D   |   
Round 2  |        |   A-C   |         |         |   
Round 3  |        |         |   A-D   |         |   
Round 4  |        |         |         |   A-B   |   
Round 5  |        |         |   B-C   |         |   
Round 6  |        |   B-D   |         |         |   
pairToPlace: A-C
 
*****VOLGENDE ITERATIE*****
pairs: [] & pairsUsed: [A-B, A-C, A-D, B-C, B-D, C-D]
doubles: [A-C, A-D, B-C, B-D, C-D] & doublesUsed: [A-B]
currentGame: 1 & prevGame: [0, 1, 2, 2, 1, 3, 3]
currentRound: 3 & prevRound: [0, 1, 2, 4, 5, 0, 3]
TEMPBOARD: 
         | Game 1 |  Game 2 |  Game 3 |  Game 4 |  
_________ ________ _________ _________ _________ 
Round 1  |  A-B   |         |         |   C-D   |   
Round 2  |        |   A-C   |         |         |   
Round 3  |        |         |   A-D   |         |   
Round 4  |        |         |         |   A-B   |   
Round 5  |        |         |   B-C   |         |   
Round 6  |        |   B-D   |         |         |   
pairToPlace: A-C
 
*****VOLGENDE ITERATIE*****
pairs: [] & pairsUsed: [A-B, A-C, A-D, B-C, B-D, C-D]
doubles: [A-C, A-D, B-C, B-D, C-D] & doublesUsed: [A-B]
currentGame: 1 & prevGame: [0, 1, 2, 2, 1, 3, 3]
currentRound: 4 & prevRound: [0, 1, 2, 4, 5, 0, 3]
TEMPBOARD: 
         | Game 1 |  Game 2 |  Game 3 |  Game 4 |  
_________ ________ _________ _________ _________ 
Round 1  |  A-B   |         |         |   C-D   |   
Round 2  |        |   A-C   |         |         |   
Round 3  |        |         |   A-D   |         |   
Round 4  |        |         |         |   A-B   |   
Round 5  |        |         |   B-C   |         |   
Round 6  |        |   B-D   |         |         |   
pairToPlace: A-C
 
*****VOLGENDE ITERATIE*****
pairs: [] & pairsUsed: [A-B, A-C, A-D, B-C, B-D, C-D]
doubles: [A-C, A-D, B-C, B-D, C-D] & doublesUsed: [A-B]
currentGame: 1 & prevGame: [0, 1, 2, 2, 1, 3, 3]
currentRound: 5 & prevRound: [0, 1, 2, 4, 5, 0, 3]
TEMPBOARD: 
         | Game 1 |  Game 2 |  Game 3 |  Game 4 |  
_________ ________ _________ _________ _________ 
Round 1  |  A-B   |         |         |   C-D   |   
Round 2  |        |   A-C   |         |         |   
Round 3  |        |         |   A-D   |         |   
Round 4  |        |         |         |   A-B   |   
Round 5  |        |         |   B-C   |         |   
Round 6  |        |   B-D   |         |         |   
pairToPlace: A-C
 
*****VOLGENDE ITERATIE*****
pairs: [] & pairsUsed: [A-B, A-C, A-D, B-C, B-D, C-D]
doubles: [A-C, A-D, B-C, B-D, C-D] & doublesUsed: [A-B]
currentGame: 1 & prevGame: [0, 1, 2, 2, 1, 3, 3]
currentRound: 6 & prevRound: [0, 1, 2, 4, 5, 0, 3]
TEMPBOARD: 
         | Game 1 |  Game 2 |  Game 3 |  Game 4 |  
_________ ________ _________ _________ _________ 
Round 1  |  A-B   |         |         |   C-D   |   
Round 2  |        |   A-C   |         |         |   
Round 3  |        |         |   A-D   |         |   
Round 4  |        |         |         |   A-B   |   
Round 5  |        |         |   B-C   |         |   
Round 6  |        |   B-D   |         |         |   
pairToPlace: A-C
 
*****VOLGENDE ITERATIE*****
pairs: [] & pairsUsed: [A-B, A-C, A-D, B-C, B-D, C-D]
doubles: [A-C, A-D, B-C, B-D, C-D] & doublesUsed: [A-B]
currentGame: 2 & prevGame: [0, 1, 2, 2, 1, 3, 3]
currentRound: 0 & prevRound: [0, 1, 2, 4, 5, 0, 3]
TEMPBOARD: 
         | Game 1 |  Game 2 |  Game 3 |  Game 4 |  
_________ ________ _________ _________ _________ 
Round 1  |  A-B   |         |         |   C-D   |   
Round 2  |        |   A-C   |         |         |   
Round 3  |        |         |   A-D   |         |   
Round 4  |        |         |         |   A-B   |   
Round 5  |        |         |   B-C   |         |   
Round 6  |        |   B-D   |         |         |   
pairToPlace: A-C
 
*****VOLGENDE ITERATIE*****
pairs: [] & pairsUsed: [A-B, A-C, A-D, B-C, B-D, C-D]
doubles: [A-C, A-D, B-C, B-D, C-D] & doublesUsed: [A-B]
currentGame: 2 & prevGame: [0, 1, 2, 2, 1, 3, 3]
currentRound: 1 & prevRound: [0, 1, 2, 4, 5, 0, 3]
TEMPBOARD: 
         | Game 1 |  Game 2 |  Game 3 |  Game 4 |  
_________ ________ _________ _________ _________ 
Round 1  |  A-B   |         |         |   C-D   |   
Round 2  |        |   A-C   |         |         |   
Round 3  |        |         |   A-D   |         |   
Round 4  |        |         |         |   A-B   |   
Round 5  |        |         |   B-C   |         |   
Round 6  |        |   B-D   |         |         |   
pairToPlace: A-C
 
*****VOLGENDE ITERATIE*****
pairs: [] & pairsUsed: [A-B, A-C, A-D, B-C, B-D, C-D]
doubles: [A-C, A-D, B-C, B-D, C-D] & doublesUsed: [A-B]
currentGame: 2 & prevGame: [0, 1, 2, 2, 1, 3, 3]
currentRound: 2 & prevRound: [0, 1, 2, 4, 5, 0, 3]
TEMPBOARD: 
         | Game 1 |  Game 2 |  Game 3 |  Game 4 |  
_________ ________ _________ _________ _________ 
Round 1  |  A-B   |         |         |   C-D   |   
Round 2  |        |   A-C   |         |         |   
Round 3  |        |         |   A-D   |         |   
Round 4  |        |         |         |   A-B   |   
Round 5  |        |         |   B-C   |         |   
Round 6  |        |   B-D   |         |         |   
pairToPlace: A-C
 
*****VOLGENDE ITERATIE*****
pairs: [] & pairsUsed: [A-B, A-C, A-D, B-C, B-D, C-D]
doubles: [A-C, A-D, B-C, B-D, C-D] & doublesUsed: [A-B]
currentGame: 2 & prevGame: [0, 1, 2, 2, 1, 3, 3]
currentRound: 3 & prevRound: [0, 1, 2, 4, 5, 0, 3]
TEMPBOARD: 
         | Game 1 |  Game 2 |  Game 3 |  Game 4 |  
_________ ________ _________ _________ _________ 
Round 1  |  A-B   |         |         |   C-D   |   
Round 2  |        |   A-C   |         |         |   
Round 3  |        |         |   A-D   |         |   
Round 4  |        |         |         |   A-B   |   
Round 5  |        |         |   B-C   |         |   
Round 6  |        |   B-D   |         |         |   
pairToPlace: A-C
 
*****VOLGENDE ITERATIE*****
pairs: [] & pairsUsed: [A-B, A-C, A-D, B-C, B-D, C-D]
doubles: [A-C, A-D, B-C, B-D, C-D] & doublesUsed: [A-B]
currentGame: 2 & prevGame: [0, 1, 2, 2, 1, 3, 3]
currentRound: 4 & prevRound: [0, 1, 2, 4, 5, 0, 3]
TEMPBOARD: 
         | Game 1 |  Game 2 |  Game 3 |  Game 4 |  
_________ ________ _________ _________ _________ 
Round 1  |  A-B   |         |         |   C-D   |   
Round 2  |        |   A-C   |         |         |   
Round 3  |        |         |   A-D   |         |   
Round 4  |        |         |         |   A-B   |   
Round 5  |        |         |   B-C   |         |   
Round 6  |        |   B-D   |         |         |   
pairToPlace: A-C
 
*****VOLGENDE ITERATIE*****
pairs: [] & pairsUsed: [A-B, A-C, A-D, B-C, B-D, C-D]
doubles: [A-C, A-D, B-C, B-D, C-D] & doublesUsed: [A-B]
currentGame: 2 & prevGame: [0, 1, 2, 2, 1, 3, 3]
currentRound: 5 & prevRound: [0, 1, 2, 4, 5, 0, 3]
TEMPBOARD: 
         | Game 1 |  Game 2 |  Game 3 |  Game 4 |  
_________ ________ _________ _________ _________ 
Round 1  |  A-B   |         |         |   C-D   |   
Round 2  |        |   A-C   |         |         |   
Round 3  |        |         |   A-D   |         |   
Round 4  |        |         |         |   A-B   |   
Round 5  |        |         |   B-C   |         |   
Round 6  |        |   B-D   |         |         |   
pairToPlace: A-C
 
*****VOLGENDE ITERATIE*****
pairs: [] & pairsUsed: [A-B, A-C, A-D, B-C, B-D, C-D]
doubles: [A-C, A-D, B-C, B-D, C-D] & doublesUsed: [A-B]
currentGame: 2 & prevGame: [0, 1, 2, 2, 1, 3, 3]
currentRound: 6 & prevRound: [0, 1, 2, 4, 5, 0, 3]
TEMPBOARD: 
         | Game 1 |  Game 2 |  Game 3 |  Game 4 |  
_________ ________ _________ _________ _________ 
Round 1  |  A-B   |         |         |   C-D   |   
Round 2  |        |   A-C   |         |         |   
Round 3  |        |         |   A-D   |         |   
Round 4  |        |         |         |   A-B   |   
Round 5  |        |         |   B-C   |         |   
Round 6  |        |   B-D   |         |         |   
pairToPlace: A-C
 
*****VOLGENDE ITERATIE*****
pairs: [] & pairsUsed: [A-B, A-C, A-D, B-C, B-D, C-D]
doubles: [A-C, A-D, B-C, B-D, C-D] & doublesUsed: [A-B]
currentGame: 3 & prevGame: [0, 1, 2, 2, 1, 3, 3]
currentRound: 0 & prevRound: [0, 1, 2, 4, 5, 0, 3]
TEMPBOARD: 
         | Game 1 |  Game 2 |  Game 3 |  Game 4 |  
_________ ________ _________ _________ _________ 
Round 1  |  A-B   |         |         |   C-D   |   
Round 2  |        |   A-C   |         |         |   
Round 3  |        |         |   A-D   |         |   
Round 4  |        |         |         |   A-B   |   
Round 5  |        |         |   B-C   |         |   
Round 6  |        |   B-D   |         |         |   
pairToPlace: A-C
 
*****VOLGENDE ITERATIE*****
pairs: [] & pairsUsed: [A-B, A-C, A-D, B-C, B-D, C-D]
doubles: [A-C, A-D, B-C, B-D, C-D] & doublesUsed: [A-B]
currentGame: 3 & prevGame: [0, 1, 2, 2, 1, 3, 3]
currentRound: 1 & prevRound: [0, 1, 2, 4, 5, 0, 3]
TEMPBOARD: 
         | Game 1 |  Game 2 |  Game 3 |  Game 4 |  
_________ ________ _________ _________ _________ 
Round 1  |  A-B   |         |         |   C-D   |   
Round 2  |        |   A-C   |         |         |   
Round 3  |        |         |   A-D   |         |   
Round 4  |        |         |         |   A-B   |   
Round 5  |        |         |   B-C   |         |   
Round 6  |        |   B-D   |         |         |   
pairToPlace: A-C
 
*****VOLGENDE ITERATIE*****
pairs: [] & pairsUsed: [A-B, A-C, A-D, B-C, B-D, C-D]
doubles: [A-C, A-D, B-C, B-D, C-D] & doublesUsed: [A-B]
currentGame: 3 & prevGame: [0, 1, 2, 2, 1, 3, 3]
currentRound: 2 & prevRound: [0, 1, 2, 4, 5, 0, 3]
TEMPBOARD: 
         | Game 1 |  Game 2 |  Game 3 |  Game 4 |  
_________ ________ _________ _________ _________ 
Round 1  |  A-B   |         |         |   C-D   |   
Round 2  |        |   A-C   |         |         |   
Round 3  |        |         |   A-D   |         |   
Round 4  |        |         |         |   A-B   |   
Round 5  |        |         |   B-C   |         |   
Round 6  |        |   B-D   |         |         |   
pairToPlace: A-C
 
*****VOLGENDE ITERATIE*****
pairs: [] & pairsUsed: [A-B, A-C, A-D, B-C, B-D, C-D]
doubles: [A-C, A-D, B-C, B-D, C-D] & doublesUsed: [A-B]
currentGame: 3 & prevGame: [0, 1, 2, 2, 1, 3, 3]
currentRound: 3 & prevRound: [0, 1, 2, 4, 5, 0, 3]
TEMPBOARD: 
         | Game 1 |  Game 2 |  Game 3 |  Game 4 |  
_________ ________ _________ _________ _________ 
Round 1  |  A-B   |         |         |   C-D   |   
Round 2  |        |   A-C   |         |         |   
Round 3  |        |         |   A-D   |         |   
Round 4  |        |         |         |   A-B   |   
Round 5  |        |         |   B-C   |         |   
Round 6  |        |   B-D   |         |         |   
pairToPlace: A-C
 
*****VOLGENDE ITERATIE*****
pairs: [] & pairsUsed: [A-B, A-C, A-D, B-C, B-D, C-D]
doubles: [A-C, A-D, B-C, B-D, C-D] & doublesUsed: [A-B]
currentGame: 3 & prevGame: [0, 1, 2, 2, 1, 3, 3]
currentRound: 4 & prevRound: [0, 1, 2, 4, 5, 0, 3]
TEMPBOARD: 
         | Game 1 |  Game 2 |  Game 3 |  Game 4 |  
_________ ________ _________ _________ _________ 
Round 1  |  A-B   |         |         |   C-D   |   
Round 2  |        |   A-C   |         |         |   
Round 3  |        |         |   A-D   |         |   
Round 4  |        |         |         |   A-B   |   
Round 5  |        |         |   B-C   |         |   
Round 6  |        |   B-D   |         |         |   
pairToPlace: A-C
 
*****VOLGENDE ITERATIE*****
pairs: [] & pairsUsed: [A-B, A-C, A-D, B-C, B-D, C-D]
doubles: [A-C, A-D, B-C, B-D, C-D] & doublesUsed: [A-B]
currentGame: 3 & prevGame: [0, 1, 2, 2, 1, 3, 3]
currentRound: 5 & prevRound: [0, 1, 2, 4, 5, 0, 3]
TEMPBOARD: 
         | Game 1 |  Game 2 |  Game 3 |  Game 4 |  
_________ ________ _________ _________ _________ 
Round 1  |  A-B   |         |         |   C-D   |   
Round 2  |        |   A-C   |         |         |   
Round 3  |        |         |   A-D   |         |   
Round 4  |        |         |         |   A-B   |   
Round 5  |        |         |   B-C   |         |   
Round 6  |        |   B-D   |         |         |   
pairToPlace: A-C
 
*****VOLGENDE ITERATIE*****
pairs: [] & pairsUsed: [A-B, A-C, A-D, B-C, B-D, C-D]
doubles: [A-C, A-D, B-C, B-D, C-D] & doublesUsed: [A-B]
currentGame: 3 & prevGame: [0, 1, 2, 2, 1, 3, 3]
currentRound: 6 & prevRound: [0, 1, 2, 4, 5, 0, 3]
TEMPBOARD: 
         | Game 1 |  Game 2 |  Game 3 |  Game 4 |  
_________ ________ _________ _________ _________ 
Round 1  |  A-B   |         |         |   C-D   |   
Round 2  |        |   A-C   |         |         |   
Round 3  |        |         |   A-D   |         |   
Round 4  |        |         |         |   A-B   |   
Round 5  |        |         |   B-C   |         |   
Round 6  |        |   B-D   |         |         |   
pairToPlace: A-C
 
*****VOLGENDE ITERATIE*****
pairs: [] & pairsUsed: [A-B, A-C, A-D, B-C, B-D, C-D]
doubles: [A-C, A-D, B-C, B-D, C-D] & doublesUsed: [A-B]
currentGame: 4 & prevGame: [0, 1, 2, 2, 1, 3, 3]
currentRound: 0 & prevRound: [0, 1, 2, 4, 5, 0, 3]
TEMPBOARD: 
         | Game 1 |  Game 2 |  Game 3 |  Game 4 |  
_________ ________ _________ _________ _________ 
Round 1  |  A-B   |         |         |   C-D   |   
Round 2  |        |   A-C   |         |         |   
Round 3  |        |         |   A-D   |         |   
Round 4  |        |         |         |   A-B   |   
Round 5  |        |         |   B-C   |         |   
Round 6  |        |   B-D   |         |         |   
pairToPlace: A-C
 
*****VOLGENDE ITERATIE*****
pairs: [] & pairsUsed: [A-B, A-C, A-D, B-C, B-D, C-D]
doubles: [A-B, A-C, A-D, B-C, B-D, C-D] & doublesUsed: []
currentGame: 3 & prevGame: [0, 1, 2, 2, 1, 3]
currentRound: 4 & prevRound: [0, 1, 2, 4, 5, 0]
TEMPBOARD: 
         | Game 1 |  Game 2 |  Game 3 |  Game 4 |  
_________ ________ _________ _________ _________ 
Round 1  |  A-B   |         |         |   C-D   |   
Round 2  |        |   A-C   |         |         |   
Round 3  |        |         |   A-D   |         |   
Round 4  |        |         |         |         |   
Round 5  |        |         |   B-C   |         |   
Round 6  |        |   B-D   |         |         |   
pairToPlace: A-B
 
*****VOLGENDE ITERATIE*****
pairs: [] & pairsUsed: [A-B, A-C, A-D, B-C, B-D, C-D]
doubles: [A-B, A-C, A-D, B-C, B-D, C-D] & doublesUsed: []
currentGame: 3 & prevGame: [0, 1, 2, 2, 1, 3]
currentRound: 5 & prevRound: [0, 1, 2, 4, 5, 0]
TEMPBOARD: 
         | Game 1 |  Game 2 |  Game 3 |  Game 4 |  
_________ ________ _________ _________ _________ 
Round 1  |  A-B   |         |         |   C-D   |   
Round 2  |        |   A-C   |         |         |   
Round 3  |        |         |   A-D   |         |   
Round 4  |        |         |         |         |   
Round 5  |        |         |   B-C   |         |   
Round 6  |        |   B-D   |         |         |   
pairToPlace: A-B
 
*****VOLGENDE ITERATIE*****
pairs: [] & pairsUsed: [A-B, A-C, A-D, B-C, B-D, C-D]
doubles: [A-B, A-C, A-D, B-C, B-D, C-D] & doublesUsed: []
currentGame: 3 & prevGame: [0, 1, 2, 2, 1, 3]
currentRound: 6 & prevRound: [0, 1, 2, 4, 5, 0]
TEMPBOARD: 
         | Game 1 |  Game 2 |  Game 3 |  Game 4 |  
_________ ________ _________ _________ _________ 
Round 1  |  A-B   |         |         |   C-D   |   
Round 2  |        |   A-C   |         |         |   
Round 3  |        |         |   A-D   |         |   
Round 4  |        |         |         |         |   
Round 5  |        |         |   B-C   |         |   
Round 6  |        |   B-D   |         |         |   
pairToPlace: A-B
 
*****VOLGENDE ITERATIE*****
pairs: [] & pairsUsed: [A-B, A-C, A-D, B-C, B-D, C-D]
doubles: [A-B, A-C, A-D, B-C, B-D, C-D] & doublesUsed: []
currentGame: 4 & prevGame: [0, 1, 2, 2, 1, 3]
currentRound: 0 & prevRound: [0, 1, 2, 4, 5, 0]
TEMPBOARD: 
         | Game 1 |  Game 2 |  Game 3 |  Game 4 |  
_________ ________ _________ _________ _________ 
Round 1  |  A-B   |         |         |   C-D   |   
Round 2  |        |   A-C   |         |         |   
Round 3  |        |         |   A-D   |         |   
Round 4  |        |         |         |         |   
Round 5  |        |         |   B-C   |         |   
Round 6  |        |   B-D   |         |         |   
pairToPlace: A-B
 
*****VOLGENDE ITERATIE*****
pairs: [C-D] & pairsUsed: [A-B, A-C, A-D, B-C, B-D]
doubles: [A-B, A-C, A-D, B-C, B-D, C-D] & doublesUsed: []
currentGame: 3 & prevGame: [0, 1, 2, 2, 1]
currentRound: 1 & prevRound: [0, 1, 2, 4, 5]
TEMPBOARD: 
         | Game 1 |  Game 2 |  Game 3 |  Game 4 |  
_________ ________ _________ _________ _________ 
Round 1  |  A-B   |         |         |         |   
Round 2  |        |   A-C   |         |         |   
Round 3  |        |         |   A-D   |         |   
Round 4  |        |         |         |         |   
Round 5  |        |         |   B-C   |         |   
Round 6  |        |   B-D   |         |         |   
pairToPlace: C-D
 
*****VOLGENDE ITERATIE*****
pairs: [C-D] & pairsUsed: [A-B, A-C, A-D, B-C, B-D]
doubles: [A-B, A-C, A-D, B-C, B-D, C-D] & doublesUsed: []
currentGame: 3 & prevGame: [0, 1, 2, 2, 1]
currentRound: 2 & prevRound: [0, 1, 2, 4, 5]
TEMPBOARD: 
         | Game 1 |  Game 2 |  Game 3 |  Game 4 |  
_________ ________ _________ _________ _________ 
Round 1  |  A-B   |         |         |         |   
Round 2  |        |   A-C   |         |         |   
Round 3  |        |         |   A-D   |         |   
Round 4  |        |         |         |         |   
Round 5  |        |         |   B-C   |         |   
Round 6  |        |   B-D   |         |         |   
pairToPlace: C-D
 
*****VOLGENDE ITERATIE*****
pairs: [C-D] & pairsUsed: [A-B, A-C, A-D, B-C, B-D]
doubles: [A-B, A-C, A-D, B-C, B-D, C-D] & doublesUsed: []
currentGame: 3 & prevGame: [0, 1, 2, 2, 1]
currentRound: 3 & prevRound: [0, 1, 2, 4, 5]
TEMPBOARD: 
         | Game 1 |  Game 2 |  Game 3 |  Game 4 |  
_________ ________ _________ _________ _________ 
Round 1  |  A-B   |         |         |         |   
Round 2  |        |   A-C   |         |         |   
Round 3  |        |         |   A-D   |         |   
Round 4  |        |         |         |         |   
Round 5  |        |         |   B-C   |         |   
Round 6  |        |   B-D   |         |         |   
pairToPlace: C-D
 
*****VOLGENDE ITERATIE*****
pairs: [] & pairsUsed: [A-B, A-C, A-D, B-C, B-D, C-D]
doubles: [A-B, A-C, A-D, B-C, B-D, C-D] & doublesUsed: []
currentGame: 0 & prevGame: [0, 1, 2, 2, 1, 3]
currentRound: 0 & prevRound: [0, 1, 2, 4, 5, 3]
TEMPBOARD: 
         | Game 1 |  Game 2 |  Game 3 |  Game 4 |  
_________ ________ _________ _________ _________ 
Round 1  |  A-B   |         |         |         |   
Round 2  |        |   A-C   |         |         |   
Round 3  |        |         |   A-D   |         |   
Round 4  |        |         |         |   C-D   |   
Round 5  |        |         |   B-C   |         |   
Round 6  |        |   B-D   |         |         |   
pairToPlace: A-B
 
*****VOLGENDE ITERATIE*****
pairs: [] & pairsUsed: [A-B, A-C, A-D, B-C, B-D, C-D]
doubles: [A-B, A-C, A-D, B-C, B-D, C-D] & doublesUsed: []
currentGame: 0 & prevGame: [0, 1, 2, 2, 1, 3]
currentRound: 1 & prevRound: [0, 1, 2, 4, 5, 3]
TEMPBOARD: 
         | Game 1 |  Game 2 |  Game 3 |  Game 4 |  
_________ ________ _________ _________ _________ 
Round 1  |  A-B   |         |         |         |   
Round 2  |        |   A-C   |         |         |   
Round 3  |        |         |   A-D   |         |   
Round 4  |        |         |         |   C-D   |   
Round 5  |        |         |   B-C   |         |   
Round 6  |        |   B-D   |         |         |   
pairToPlace: A-B
 
*****VOLGENDE ITERATIE*****
pairs: [] & pairsUsed: [A-B, A-C, A-D, B-C, B-D, C-D]
doubles: [A-B, A-C, A-D, B-C, B-D, C-D] & doublesUsed: []
currentGame: 0 & prevGame: [0, 1, 2, 2, 1, 3]
currentRound: 2 & prevRound: [0, 1, 2, 4, 5, 3]
TEMPBOARD: 
         | Game 1 |  Game 2 |  Game 3 |  Game 4 |  
_________ ________ _________ _________ _________ 
Round 1  |  A-B   |         |         |         |   
Round 2  |        |   A-C   |         |         |   
Round 3  |        |         |   A-D   |         |   
Round 4  |        |         |         |   C-D   |   
Round 5  |        |         |   B-C   |         |   
Round 6  |        |   B-D   |         |         |   
pairToPlace: A-B
 
*****VOLGENDE ITERATIE*****
pairs: [] & pairsUsed: [A-B, A-C, A-D, B-C, B-D, C-D]
doubles: [A-B, A-C, A-D, B-C, B-D, C-D] & doublesUsed: []
currentGame: 0 & prevGame: [0, 1, 2, 2, 1, 3]
currentRound: 3 & prevRound: [0, 1, 2, 4, 5, 3]
TEMPBOARD: 
         | Game 1 |  Game 2 |  Game 3 |  Game 4 |  
_________ ________ _________ _________ _________ 
Round 1  |  A-B   |         |         |         |   
Round 2  |        |   A-C   |         |         |   
Round 3  |        |         |   A-D   |         |   
Round 4  |        |         |         |   C-D   |   
Round 5  |        |         |   B-C   |         |   
Round 6  |        |   B-D   |         |         |   
pairToPlace: A-B
 
*****VOLGENDE ITERATIE*****
pairs: [] & pairsUsed: [A-B, A-C, A-D, B-C, B-D, C-D]
doubles: [A-B, A-C, A-D, B-C, B-D, C-D] & doublesUsed: []
currentGame: 0 & prevGame: [0, 1, 2, 2, 1, 3]
currentRound: 4 & prevRound: [0, 1, 2, 4, 5, 3]
TEMPBOARD: 
         | Game 1 |  Game 2 |  Game 3 |  Game 4 |  
_________ ________ _________ _________ _________ 
Round 1  |  A-B   |         |         |         |   
Round 2  |        |   A-C   |         |         |   
Round 3  |        |         |   A-D   |         |   
Round 4  |        |         |         |   C-D   |   
Round 5  |        |         |   B-C   |         |   
Round 6  |        |   B-D   |         |         |   
pairToPlace: A-B
 
*****VOLGENDE ITERATIE*****
pairs: [] & pairsUsed: [A-B, A-C, A-D, B-C, B-D, C-D]
doubles: [A-B, A-C, A-D, B-C, B-D, C-D] & doublesUsed: []
currentGame: 0 & prevGame: [0, 1, 2, 2, 1, 3]
currentRound: 5 & prevRound: [0, 1, 2, 4, 5, 3]
TEMPBOARD: 
         | Game 1 |  Game 2 |  Game 3 |  Game 4 |  
_________ ________ _________ _________ _________ 
Round 1  |  A-B   |         |         |         |   
Round 2  |        |   A-C   |         |         |   
Round 3  |        |         |   A-D   |         |   
Round 4  |        |         |         |   C-D   |   
Round 5  |        |         |   B-C   |         |   
Round 6  |        |   B-D   |         |         |   
pairToPlace: A-B
 
*****VOLGENDE ITERATIE*****
pairs: [] & pairsUsed: [A-B, A-C, A-D, B-C, B-D, C-D]
doubles: [A-B, A-C, A-D, B-C, B-D, C-D] & doublesUsed: []
currentGame: 0 & prevGame: [0, 1, 2, 2, 1, 3]
currentRound: 6 & prevRound: [0, 1, 2, 4, 5, 3]
TEMPBOARD: 
         | Game 1 |  Game 2 |  Game 3 |  Game 4 |  
_________ ________ _________ _________ _________ 
Round 1  |  A-B   |         |         |         |   
Round 2  |        |   A-C   |         |         |   
Round 3  |        |         |   A-D   |         |   
Round 4  |        |         |         |   C-D   |   
Round 5  |        |         |   B-C   |         |   
Round 6  |        |   B-D   |         |         |   
pairToPlace: A-B
 
*****VOLGENDE ITERATIE*****
pairs: [] & pairsUsed: [A-B, A-C, A-D, B-C, B-D, C-D]
doubles: [A-B, A-C, A-D, B-C, B-D, C-D] & doublesUsed: []
currentGame: 1 & prevGame: [0, 1, 2, 2, 1, 3]
currentRound: 0 & prevRound: [0, 1, 2, 4, 5, 3]
TEMPBOARD: 
         | Game 1 |  Game 2 |  Game 3 |  Game 4 |  
_________ ________ _________ _________ _________ 
Round 1  |  A-B   |         |         |         |   
Round 2  |        |   A-C   |         |         |   
Round 3  |        |         |   A-D   |         |   
Round 4  |        |         |         |   C-D   |   
Round 5  |        |         |   B-C   |         |   
Round 6  |        |   B-D   |         |         |   
pairToPlace: A-B
 
*****VOLGENDE ITERATIE*****
pairs: [] & pairsUsed: [A-B, A-C, A-D, B-C, B-D, C-D]
doubles: [A-B, A-C, A-D, B-C, B-D, C-D] & doublesUsed: []
currentGame: 1 & prevGame: [0, 1, 2, 2, 1, 3]
currentRound: 1 & prevRound: [0, 1, 2, 4, 5, 3]
TEMPBOARD: 
         | Game 1 |  Game 2 |  Game 3 |  Game 4 |  
_________ ________ _________ _________ _________ 
Round 1  |  A-B   |         |         |         |   
Round 2  |        |   A-C   |         |         |   
Round 3  |        |         |   A-D   |         |   
Round 4  |        |         |         |   C-D   |   
Round 5  |        |         |   B-C   |         |   
Round 6  |        |   B-D   |         |         |   
pairToPlace: A-B
 
*****VOLGENDE ITERATIE*****
pairs: [] & pairsUsed: [A-B, A-C, A-D, B-C, B-D, C-D]
doubles: [A-B, A-C, A-D, B-C, B-D, C-D] & doublesUsed: []
currentGame: 1 & prevGame: [0, 1, 2, 2, 1, 3]
currentRound: 2 & prevRound: [0, 1, 2, 4, 5, 3]
TEMPBOARD: 
         | Game 1 |  Game 2 |  Game 3 |  Game 4 |  
_________ ________ _________ _________ _________ 
Round 1  |  A-B   |         |         |         |   
Round 2  |        |   A-C   |         |         |   
Round 3  |        |         |   A-D   |         |   
Round 4  |        |         |         |   C-D   |   
Round 5  |        |         |   B-C   |         |   
Round 6  |        |   B-D   |         |         |   
pairToPlace: A-B
 
*****VOLGENDE ITERATIE*****
pairs: [] & pairsUsed: [A-B, A-C, A-D, B-C, B-D, C-D]
doubles: [A-B, A-C, A-D, B-C, B-D, C-D] & doublesUsed: []
currentGame: 1 & prevGame: [0, 1, 2, 2, 1, 3]
currentRound: 3 & prevRound: [0, 1, 2, 4, 5, 3]
TEMPBOARD: 
         | Game 1 |  Game 2 |  Game 3 |  Game 4 |  
_________ ________ _________ _________ _________ 
Round 1  |  A-B   |         |         |         |   
Round 2  |        |   A-C   |         |         |   
Round 3  |        |         |   A-D   |         |   
Round 4  |        |         |         |   C-D   |   
Round 5  |        |         |   B-C   |         |   
Round 6  |        |   B-D   |         |         |   
pairToPlace: A-B
 
*****VOLGENDE ITERATIE*****
pairs: [] & pairsUsed: [A-B, A-C, A-D, B-C, B-D, C-D]
doubles: [A-B, A-C, A-D, B-C, B-D, C-D] & doublesUsed: []
currentGame: 1 & prevGame: [0, 1, 2, 2, 1, 3]
currentRound: 4 & prevRound: [0, 1, 2, 4, 5, 3]
TEMPBOARD: 
         | Game 1 |  Game 2 |  Game 3 |  Game 4 |  
_________ ________ _________ _________ _________ 
Round 1  |  A-B   |         |         |         |   
Round 2  |        |   A-C   |         |         |   
Round 3  |        |         |   A-D   |         |   
Round 4  |        |         |         |   C-D   |   
Round 5  |        |         |   B-C   |         |   
Round 6  |        |   B-D   |         |         |   
pairToPlace: A-B
 
*****VOLGENDE ITERATIE*****
pairs: [] & pairsUsed: [A-B, A-C, A-D, B-C, B-D, C-D]
doubles: [A-B, A-C, A-D, B-C, B-D, C-D] & doublesUsed: []
currentGame: 1 & prevGame: [0, 1, 2, 2, 1, 3]
currentRound: 5 & prevRound: [0, 1, 2, 4, 5, 3]
TEMPBOARD: 
         | Game 1 |  Game 2 |  Game 3 |  Game 4 |  
_________ ________ _________ _________ _________ 
Round 1  |  A-B   |         |         |         |   
Round 2  |        |   A-C   |         |         |   
Round 3  |        |         |   A-D   |         |   
Round 4  |        |         |         |   C-D   |   
Round 5  |        |         |   B-C   |         |   
Round 6  |        |   B-D   |         |         |   
pairToPlace: A-B
 
*****VOLGENDE ITERATIE*****
pairs: [] & pairsUsed: [A-B, A-C, A-D, B-C, B-D, C-D]
doubles: [A-B, A-C, A-D, B-C, B-D, C-D] & doublesUsed: []
currentGame: 1 & prevGame: [0, 1, 2, 2, 1, 3]
currentRound: 6 & prevRound: [0, 1, 2, 4, 5, 3]
TEMPBOARD: 
         | Game 1 |  Game 2 |  Game 3 |  Game 4 |  
_________ ________ _________ _________ _________ 
Round 1  |  A-B   |         |         |         |   
Round 2  |        |   A-C   |         |         |   
Round 3  |        |         |   A-D   |         |   
Round 4  |        |         |         |   C-D   |   
Round 5  |        |         |   B-C   |         |   
Round 6  |        |   B-D   |         |         |   
pairToPlace: A-B
 
*****VOLGENDE ITERATIE*****
pairs: [] & pairsUsed: [A-B, A-C, A-D, B-C, B-D, C-D]
doubles: [A-B, A-C, A-D, B-C, B-D, C-D] & doublesUsed: []
currentGame: 2 & prevGame: [0, 1, 2, 2, 1, 3]
currentRound: 0 & prevRound: [0, 1, 2, 4, 5, 3]
TEMPBOARD: 
         | Game 1 |  Game 2 |  Game 3 |  Game 4 |  
_________ ________ _________ _________ _________ 
Round 1  |  A-B   |         |         |         |   
Round 2  |        |   A-C   |         |         |   
Round 3  |        |         |   A-D   |         |   
Round 4  |        |         |         |   C-D   |   
Round 5  |        |         |   B-C   |         |   
Round 6  |        |   B-D   |         |         |   
pairToPlace: A-B
 
*****VOLGENDE ITERATIE*****
pairs: [] & pairsUsed: [A-B, A-C, A-D, B-C, B-D, C-D]
doubles: [A-B, A-C, A-D, B-C, B-D, C-D] & doublesUsed: []
currentGame: 2 & prevGame: [0, 1, 2, 2, 1, 3]
currentRound: 1 & prevRound: [0, 1, 2, 4, 5, 3]
TEMPBOARD: 
         | Game 1 |  Game 2 |  Game 3 |  Game 4 |  
_________ ________ _________ _________ _________ 
Round 1  |  A-B   |         |         |         |   
Round 2  |        |   A-C   |         |         |   
Round 3  |        |         |   A-D   |         |   
Round 4  |        |         |         |   C-D   |   
Round 5  |        |         |   B-C   |         |   
Round 6  |        |   B-D   |         |         |   
pairToPlace: A-B
 
*****VOLGENDE ITERATIE*****
pairs: [] & pairsUsed: [A-B, A-C, A-D, B-C, B-D, C-D]
doubles: [A-B, A-C, A-D, B-C, B-D, C-D] & doublesUsed: []
currentGame: 2 & prevGame: [0, 1, 2, 2, 1, 3]
currentRound: 2 & prevRound: [0, 1, 2, 4, 5, 3]
TEMPBOARD: 
         | Game 1 |  Game 2 |  Game 3 |  Game 4 |  
_________ ________ _________ _________ _________ 
Round 1  |  A-B   |         |         |         |   
Round 2  |        |   A-C   |         |         |   
Round 3  |        |         |   A-D   |         |   
Round 4  |        |         |         |   C-D   |   
Round 5  |        |         |   B-C   |         |   
Round 6  |        |   B-D   |         |         |   
pairToPlace: A-B
 
*****VOLGENDE ITERATIE*****
pairs: [] & pairsUsed: [A-B, A-C, A-D, B-C, B-D, C-D]
doubles: [A-B, A-C, A-D, B-C, B-D, C-D] & doublesUsed: []
currentGame: 2 & prevGame: [0, 1, 2, 2, 1, 3]
currentRound: 3 & prevRound: [0, 1, 2, 4, 5, 3]
TEMPBOARD: 
         | Game 1 |  Game 2 |  Game 3 |  Game 4 |  
_________ ________ _________ _________ _________ 
Round 1  |  A-B   |         |         |         |   
Round 2  |        |   A-C   |         |         |   
Round 3  |        |         |   A-D   |         |   
Round 4  |        |         |         |   C-D   |   
Round 5  |        |         |   B-C   |         |   
Round 6  |        |   B-D   |         |         |   
pairToPlace: A-B
 
*****VOLGENDE ITERATIE*****
pairs: [] & pairsUsed: [A-B, A-C, A-D, B-C, B-D, C-D]
doubles: [A-B, A-C, A-D, B-C, B-D, C-D] & doublesUsed: []
currentGame: 2 & prevGame: [0, 1, 2, 2, 1, 3]
currentRound: 4 & prevRound: [0, 1, 2, 4, 5, 3]
TEMPBOARD: 
         | Game 1 |  Game 2 |  Game 3 |  Game 4 |  
_________ ________ _________ _________ _________ 
Round 1  |  A-B   |         |         |         |   
Round 2  |        |   A-C   |         |         |   
Round 3  |        |         |   A-D   |         |   
Round 4  |        |         |         |   C-D   |   
Round 5  |        |         |   B-C   |         |   
Round 6  |        |   B-D   |         |         |   
pairToPlace: A-B
 
*****VOLGENDE ITERATIE*****
pairs: [] & pairsUsed: [A-B, A-C, A-D, B-C, B-D, C-D]
doubles: [A-B, A-C, A-D, B-C, B-D, C-D] & doublesUsed: []
currentGame: 2 & prevGame: [0, 1, 2, 2, 1, 3]
currentRound: 5 & prevRound: [0, 1, 2, 4, 5, 3]
TEMPBOARD: 
         | Game 1 |  Game 2 |  Game 3 |  Game 4 |  
_________ ________ _________ _________ _________ 
Round 1  |  A-B   |         |         |         |   
Round 2  |        |   A-C   |         |         |   
Round 3  |        |         |   A-D   |         |   
Round 4  |        |         |         |   C-D   |   
Round 5  |        |         |   B-C   |         |   
Round 6  |        |   B-D   |         |         |   
pairToPlace: A-B
 
*****VOLGENDE ITERATIE*****
pairs: [] & pairsUsed: [A-B, A-C, A-D, B-C, B-D, C-D]
doubles: [A-B, A-C, A-D, B-C, B-D, C-D] & doublesUsed: []
currentGame: 2 & prevGame: [0, 1, 2, 2, 1, 3]
currentRound: 6 & prevRound: [0, 1, 2, 4, 5, 3]
TEMPBOARD: 
         | Game 1 |  Game 2 |  Game 3 |  Game 4 |  
_________ ________ _________ _________ _________ 
Round 1  |  A-B   |         |         |         |   
Round 2  |        |   A-C   |         |         |   
Round 3  |        |         |   A-D   |         |   
Round 4  |        |         |         |   C-D   |   
Round 5  |        |         |   B-C   |         |   
Round 6  |        |   B-D   |         |         |   
pairToPlace: A-B
 
*****VOLGENDE ITERATIE*****
pairs: [] & pairsUsed: [A-B, A-C, A-D, B-C, B-D, C-D]
doubles: [A-B, A-C, A-D, B-C, B-D, C-D] & doublesUsed: []
currentGame: 3 & prevGame: [0, 1, 2, 2, 1, 3]
currentRound: 0 & prevRound: [0, 1, 2, 4, 5, 3]
TEMPBOARD: 
         | Game 1 |  Game 2 |  Game 3 |  Game 4 |  
_________ ________ _________ _________ _________ 
Round 1  |  A-B   |         |         |         |   
Round 2  |        |   A-C   |         |         |   
Round 3  |        |         |   A-D   |         |   
Round 4  |        |         |         |   C-D   |   
Round 5  |        |         |   B-C   |         |   
Round 6  |        |   B-D   |         |         |   
pairToPlace: A-B
 
*****VOLGENDE ITERATIE*****
pairs: [] & pairsUsed: [A-B, A-C, A-D, B-C, B-D, C-D]
doubles: [A-B, A-C, A-D, B-C, B-D, C-D] & doublesUsed: []
currentGame: 3 & prevGame: [0, 1, 2, 2, 1, 3]
currentRound: 1 & prevRound: [0, 1, 2, 4, 5, 3]
TEMPBOARD: 
         | Game 1 |  Game 2 |  Game 3 |  Game 4 |  
_________ ________ _________ _________ _________ 
Round 1  |  A-B   |         |         |         |   
Round 2  |        |   A-C   |         |         |   
Round 3  |        |         |   A-D   |         |   
Round 4  |        |         |         |   C-D   |   
Round 5  |        |         |   B-C   |         |   
Round 6  |        |   B-D   |         |         |   
pairToPlace: A-B
 
*****VOLGENDE ITERATIE*****
pairs: [] & pairsUsed: [A-B, A-C, A-D, B-C, B-D, C-D]
doubles: [A-B, A-C, A-D, B-C, B-D, C-D] & doublesUsed: []
currentGame: 3 & prevGame: [0, 1, 2, 2, 1, 3]
currentRound: 2 & prevRound: [0, 1, 2, 4, 5, 3]
TEMPBOARD: 
         | Game 1 |  Game 2 |  Game 3 |  Game 4 |  
_________ ________ _________ _________ _________ 
Round 1  |  A-B   |         |         |         |   
Round 2  |        |   A-C   |         |         |   
Round 3  |        |         |   A-D   |         |   
Round 4  |        |         |         |   C-D   |   
Round 5  |        |         |   B-C   |         |   
Round 6  |        |   B-D   |         |         |   
pairToPlace: A-B
 
*****VOLGENDE ITERATIE*****
pairs: [] & pairsUsed: [A-B, A-C, A-D, B-C, B-D, C-D]
doubles: [A-B, A-C, A-D, B-C, B-D, C-D] & doublesUsed: []
currentGame: 3 & prevGame: [0, 1, 2, 2, 1, 3]
currentRound: 3 & prevRound: [0, 1, 2, 4, 5, 3]
TEMPBOARD: 
         | Game 1 |  Game 2 |  Game 3 |  Game 4 |  
_________ ________ _________ _________ _________ 
Round 1  |  A-B   |         |         |         |   
Round 2  |        |   A-C   |         |         |   
Round 3  |        |         |   A-D   |         |   
Round 4  |        |         |         |   C-D   |   
Round 5  |        |         |   B-C   |         |   
Round 6  |        |   B-D   |         |         |   
pairToPlace: A-B
 
*****VOLGENDE ITERATIE*****
pairs: [] & pairsUsed: [A-B, A-C, A-D, B-C, B-D, C-D]
doubles: [A-B, A-C, A-D, B-C, B-D, C-D] & doublesUsed: []
currentGame: 3 & prevGame: [0, 1, 2, 2, 1, 3]
currentRound: 4 & prevRound: [0, 1, 2, 4, 5, 3]
TEMPBOARD: 
         | Game 1 |  Game 2 |  Game 3 |  Game 4 |  
_________ ________ _________ _________ _________ 
Round 1  |  A-B   |         |         |         |   
Round 2  |        |   A-C   |         |         |   
Round 3  |        |         |   A-D   |         |   
Round 4  |        |         |         |   C-D   |   
Round 5  |        |         |   B-C   |         |   
Round 6  |        |   B-D   |         |         |   
pairToPlace: A-B
 
*****VOLGENDE ITERATIE*****
pairs: [] & pairsUsed: [A-B, A-C, A-D, B-C, B-D, C-D]
doubles: [A-B, A-C, A-D, B-C, B-D, C-D] & doublesUsed: []
currentGame: 3 & prevGame: [0, 1, 2, 2, 1, 3]
currentRound: 5 & prevRound: [0, 1, 2, 4, 5, 3]
TEMPBOARD: 
         | Game 1 |  Game 2 |  Game 3 |  Game 4 |  
_________ ________ _________ _________ _________ 
Round 1  |  A-B   |         |         |         |   
Round 2  |        |   A-C   |         |         |   
Round 3  |        |         |   A-D   |         |   
Round 4  |        |         |         |   C-D   |   
Round 5  |        |         |   B-C   |         |   
Round 6  |        |   B-D   |         |         |   
pairToPlace: A-B
 
*****VOLGENDE ITERATIE*****
pairs: [] & pairsUsed: [A-B, A-C, A-D, B-C, B-D, C-D]
doubles: [A-B, A-C, A-D, B-C, B-D, C-D] & doublesUsed: []
currentGame: 3 & prevGame: [0, 1, 2, 2, 1, 3]
currentRound: 6 & prevRound: [0, 1, 2, 4, 5, 3]
TEMPBOARD: 
         | Game 1 |  Game 2 |  Game 3 |  Game 4 |  
_________ ________ _________ _________ _________ 
Round 1  |  A-B   |         |         |         |   
Round 2  |        |   A-C   |         |         |   
Round 3  |        |         |   A-D   |         |   
Round 4  |        |         |         |   C-D   |   
Round 5  |        |         |   B-C   |         |   
Round 6  |        |   B-D   |         |         |   
pairToPlace: A-B
 
*****VOLGENDE ITERATIE*****
pairs: [] & pairsUsed: [A-B, A-C, A-D, B-C, B-D, C-D]
doubles: [A-B, A-C, A-D, B-C, B-D, C-D] & doublesUsed: []
currentGame: 4 & prevGame: [0, 1, 2, 2, 1, 3]
currentRound: 0 & prevRound: [0, 1, 2, 4, 5, 3]
TEMPBOARD: 
         | Game 1 |  Game 2 |  Game 3 |  Game 4 |  
_________ ________ _________ _________ _________ 
Round 1  |  A-B   |         |         |         |   
Round 2  |        |   A-C   |         |         |   
Round 3  |        |         |   A-D   |         |   
Round 4  |        |         |         |   C-D   |   
Round 5  |        |         |   B-C   |         |   
Round 6  |        |   B-D   |         |         |   
pairToPlace: A-B
 
*****VOLGENDE ITERATIE*****
pairs: [C-D] & pairsUsed: [A-B, A-C, A-D, B-C, B-D]
doubles: [A-B, A-C, A-D, B-C, B-D, C-D] & doublesUsed: []
currentGame: 3 & prevGame: [0, 1, 2, 2, 1]
currentRound: 4 & prevRound: [0, 1, 2, 4, 5]
TEMPBOARD: 
         | Game 1 |  Game 2 |  Game 3 |  Game 4 |  
_________ ________ _________ _________ _________ 
Round 1  |  A-B   |         |         |         |   
Round 2  |        |   A-C   |         |         |   
Round 3  |        |         |   A-D   |         |   
Round 4  |        |         |         |         |   
Round 5  |        |         |   B-C   |         |   
Round 6  |        |   B-D   |         |         |   
pairToPlace: C-D
 
*****VOLGENDE ITERATIE*****
pairs: [C-D] & pairsUsed: [A-B, A-C, A-D, B-C, B-D]
doubles: [A-B, A-C, A-D, B-C, B-D, C-D] & doublesUsed: []
currentGame: 3 & prevGame: [0, 1, 2, 2, 1]
currentRound: 5 & prevRound: [0, 1, 2, 4, 5]
TEMPBOARD: 
         | Game 1 |  Game 2 |  Game 3 |  Game 4 |  
_________ ________ _________ _________ _________ 
Round 1  |  A-B   |         |         |         |   
Round 2  |        |   A-C   |         |         |   
Round 3  |        |         |   A-D   |         |   
Round 4  |        |         |         |         |   
Round 5  |        |         |   B-C   |         |   
Round 6  |        |   B-D   |         |         |   
pairToPlace: C-D
 
*****VOLGENDE ITERATIE*****
pairs: [C-D] & pairsUsed: [A-B, A-C, A-D, B-C, B-D]
doubles: [A-B, A-C, A-D, B-C, B-D, C-D] & doublesUsed: []
currentGame: 3 & prevGame: [0, 1, 2, 2, 1]
currentRound: 6 & prevRound: [0, 1, 2, 4, 5]
TEMPBOARD: 
         | Game 1 |  Game 2 |  Game 3 |  Game 4 |  
_________ ________ _________ _________ _________ 
Round 1  |  A-B   |         |         |         |   
Round 2  |        |   A-C   |         |         |   
Round 3  |        |         |   A-D   |         |   
Round 4  |        |         |         |         |   
Round 5  |        |         |   B-C   |         |   
Round 6  |        |   B-D   |         |         |   
pairToPlace: C-D
 
*****VOLGENDE ITERATIE*****
pairs: [C-D] & pairsUsed: [A-B, A-C, A-D, B-C, B-D]
doubles: [A-B, A-C, A-D, B-C, B-D, C-D] & doublesUsed: []
currentGame: 4 & prevGame: [0, 1, 2, 2, 1]
currentRound: 0 & prevRound: [0, 1, 2, 4, 5]
TEMPBOARD: 
         | Game 1 |  Game 2 |  Game 3 |  Game 4 |  
_________ ________ _________ _________ _________ 
Round 1  |  A-B   |         |         |         |   
Round 2  |        |   A-C   |         |         |   
Round 3  |        |         |   A-D   |         |   
Round 4  |        |         |         |         |   
Round 5  |        |         |   B-C   |         |   
Round 6  |        |   B-D   |         |         |   
pairToPlace: C-D
 
*****VOLGENDE ITERATIE*****
pairs: [B-D, C-D] & pairsUsed: [A-B, A-C, A-D, B-C]
doubles: [A-B, A-C, A-D, B-C, B-D, C-D] & doublesUsed: []
currentGame: 1 & prevGame: [0, 1, 2, 2]
currentRound: 6 & prevRound: [0, 1, 2, 4]
TEMPBOARD: 
         | Game 1 |  Game 2 |  Game 3 |  Game 4 |  
_________ ________ _________ _________ _________ 
Round 1  |  A-B   |         |         |         |   
Round 2  |        |   A-C   |         |         |   
Round 3  |        |         |   A-D   |         |   
Round 4  |        |         |         |         |   
Round 5  |        |         |   B-C   |         |   
Round 6  |        |         |         |         |   
pairToPlace: B-D
 
*****VOLGENDE ITERATIE*****
pairs: [B-D, C-D] & pairsUsed: [A-B, A-C, A-D, B-C]
doubles: [A-B, A-C, A-D, B-C, B-D, C-D] & doublesUsed: []
currentGame: 2 & prevGame: [0, 1, 2, 2]
currentRound: 0 & prevRound: [0, 1, 2, 4]
TEMPBOARD: 
         | Game 1 |  Game 2 |  Game 3 |  Game 4 |  
_________ ________ _________ _________ _________ 
Round 1  |  A-B   |         |         |         |   
Round 2  |        |   A-C   |         |         |   
Round 3  |        |         |   A-D   |         |   
Round 4  |        |         |         |         |   
Round 5  |        |         |   B-C   |         |   
Round 6  |        |         |         |         |   
pairToPlace: B-D
 
*****VOLGENDE ITERATIE*****
pairs: [B-D, C-D] & pairsUsed: [A-B, A-C, A-D, B-C]
doubles: [A-B, A-C, A-D, B-C, B-D, C-D] & doublesUsed: []
currentGame: 2 & prevGame: [0, 1, 2, 2]
currentRound: 1 & prevRound: [0, 1, 2, 4]
TEMPBOARD: 
         | Game 1 |  Game 2 |  Game 3 |  Game 4 |  
_________ ________ _________ _________ _________ 
Round 1  |  A-B   |         |         |         |   
Round 2  |        |   A-C   |         |         |   
Round 3  |        |         |   A-D   |         |   
Round 4  |        |         |         |         |   
Round 5  |        |         |   B-C   |         |   
Round 6  |        |         |         |         |   
pairToPlace: B-D
 
*****VOLGENDE ITERATIE*****
pairs: [B-D, C-D] & pairsUsed: [A-B, A-C, A-D, B-C]
doubles: [A-B, A-C, A-D, B-C, B-D, C-D] & doublesUsed: []
currentGame: 2 & prevGame: [0, 1, 2, 2]
currentRound: 2 & prevRound: [0, 1, 2, 4]
TEMPBOARD: 
         | Game 1 |  Game 2 |  Game 3 |  Game 4 |  
_________ ________ _________ _________ _________ 
Round 1  |  A-B   |         |         |         |   
Round 2  |        |   A-C   |         |         |   
Round 3  |        |         |   A-D   |         |   
Round 4  |        |         |         |         |   
Round 5  |        |         |   B-C   |         |   
Round 6  |        |         |         |         |   
pairToPlace: B-D
 
*****VOLGENDE ITERATIE*****
pairs: [B-D, C-D] & pairsUsed: [A-B, A-C, A-D, B-C]
doubles: [A-B, A-C, A-D, B-C, B-D, C-D] & doublesUsed: []
currentGame: 2 & prevGame: [0, 1, 2, 2]
currentRound: 3 & prevRound: [0, 1, 2, 4]
TEMPBOARD: 
         | Game 1 |  Game 2 |  Game 3 |  Game 4 |  
_________ ________ _________ _________ _________ 
Round 1  |  A-B   |         |         |         |   
Round 2  |        |   A-C   |         |         |   
Round 3  |        |         |   A-D   |         |   
Round 4  |        |         |         |         |   
Round 5  |        |         |   B-C   |         |   
Round 6  |        |         |         |         |   
pairToPlace: B-D
 
*****VOLGENDE ITERATIE*****
pairs: [B-D, C-D] & pairsUsed: [A-B, A-C, A-D, B-C]
doubles: [A-B, A-C, A-D, B-C, B-D, C-D] & doublesUsed: []
currentGame: 2 & prevGame: [0, 1, 2, 2]
currentRound: 4 & prevRound: [0, 1, 2, 4]
TEMPBOARD: 
         | Game 1 |  Game 2 |  Game 3 |  Game 4 |  
_________ ________ _________ _________ _________ 
Round 1  |  A-B   |         |         |         |   
Round 2  |        |   A-C   |         |         |   
Round 3  |        |         |   A-D   |         |   
Round 4  |        |         |         |         |   
Round 5  |        |         |   B-C   |         |   
Round 6  |        |         |         |         |   
pairToPlace: B-D
 
*****VOLGENDE ITERATIE*****
pairs: [B-D, C-D] & pairsUsed: [A-B, A-C, A-D, B-C]
doubles: [A-B, A-C, A-D, B-C, B-D, C-D] & doublesUsed: []
currentGame: 2 & prevGame: [0, 1, 2, 2]
currentRound: 5 & prevRound: [0, 1, 2, 4]
TEMPBOARD: 
         | Game 1 |  Game 2 |  Game 3 |  Game 4 |  
_________ ________ _________ _________ _________ 
Round 1  |  A-B   |         |         |         |   
Round 2  |        |   A-C   |         |         |   
Round 3  |        |         |   A-D   |         |   
Round 4  |        |         |         |         |   
Round 5  |        |         |   B-C   |         |   
Round 6  |        |         |         |         |   
pairToPlace: B-D
 
*****VOLGENDE ITERATIE*****
pairs: [B-D, C-D] & pairsUsed: [A-B, A-C, A-D, B-C]
doubles: [A-B, A-C, A-D, B-C, B-D, C-D] & doublesUsed: []
currentGame: 2 & prevGame: [0, 1, 2, 2]
currentRound: 6 & prevRound: [0, 1, 2, 4]
TEMPBOARD: 
         | Game 1 |  Game 2 |  Game 3 |  Game 4 |  
_________ ________ _________ _________ _________ 
Round 1  |  A-B   |         |         |         |   
Round 2  |        |   A-C   |         |         |   
Round 3  |        |         |   A-D   |         |   
Round 4  |        |         |         |         |   
Round 5  |        |         |   B-C   |         |   
Round 6  |        |         |         |         |   
pairToPlace: B-D
 
*****VOLGENDE ITERATIE*****
pairs: [B-D, C-D] & pairsUsed: [A-B, A-C, A-D, B-C]
doubles: [A-B, A-C, A-D, B-C, B-D, C-D] & doublesUsed: []
currentGame: 3 & prevGame: [0, 1, 2, 2]
currentRound: 0 & prevRound: [0, 1, 2, 4]
TEMPBOARD: 
         | Game 1 |  Game 2 |  Game 3 |  Game 4 |  
_________ ________ _________ _________ _________ 
Round 1  |  A-B   |         |         |         |   
Round 2  |        |   A-C   |         |         |   
Round 3  |        |         |   A-D   |         |   
Round 4  |        |         |         |         |   
Round 5  |        |         |   B-C   |         |   
Round 6  |        |         |         |         |   
pairToPlace: B-D
 
*****VOLGENDE ITERATIE*****
pairs: [B-D, C-D] & pairsUsed: [A-B, A-C, A-D, B-C]
doubles: [A-B, A-C, A-D, B-C, B-D, C-D] & doublesUsed: []
currentGame: 3 & prevGame: [0, 1, 2, 2]
currentRound: 1 & prevRound: [0, 1, 2, 4]
TEMPBOARD: 
         | Game 1 |  Game 2 |  Game 3 |  Game 4 |  
_________ ________ _________ _________ _________ 
Round 1  |  A-B   |         |         |         |   
Round 2  |        |   A-C   |         |         |   
Round 3  |        |         |   A-D   |         |   
Round 4  |        |         |         |         |   
Round 5  |        |         |   B-C   |         |   
Round 6  |        |         |         |         |   
pairToPlace: B-D
 
*****VOLGENDE ITERATIE*****
pairs: [C-D] & pairsUsed: [A-B, A-C, A-D, B-C, B-D]
doubles: [A-B, A-C, A-D, B-C, B-D, C-D] & doublesUsed: []
currentGame: 0 & prevGame: [0, 1, 2, 2, 3]
currentRound: 0 & prevRound: [0, 1, 2, 4, 1]
TEMPBOARD: 
         | Game 1 |  Game 2 |  Game 3 |  Game 4 |  
_________ ________ _________ _________ _________ 
Round 1  |  A-B   |         |         |         |   
Round 2  |        |   A-C   |         |   B-D   |   
Round 3  |        |         |   A-D   |         |   
Round 4  |        |         |         |         |   
Round 5  |        |         |   B-C   |         |   
Round 6  |        |         |         |         |   
pairToPlace: C-D
 
*****VOLGENDE ITERATIE*****
pairs: [C-D] & pairsUsed: [A-B, A-C, A-D, B-C, B-D]
doubles: [A-B, A-C, A-D, B-C, B-D, C-D] & doublesUsed: []
currentGame: 0 & prevGame: [0, 1, 2, 2, 3]
currentRound: 1 & prevRound: [0, 1, 2, 4, 1]
TEMPBOARD: 
         | Game 1 |  Game 2 |  Game 3 |  Game 4 |  
_________ ________ _________ _________ _________ 
Round 1  |  A-B   |         |         |         |   
Round 2  |        |   A-C   |         |   B-D   |   
Round 3  |        |         |   A-D   |         |   
Round 4  |        |         |         |         |   
Round 5  |        |         |   B-C   |         |   
Round 6  |        |         |         |         |   
pairToPlace: C-D
 
*****VOLGENDE ITERATIE*****
pairs: [C-D] & pairsUsed: [A-B, A-C, A-D, B-C, B-D]
doubles: [A-B, A-C, A-D, B-C, B-D, C-D] & doublesUsed: []
currentGame: 0 & prevGame: [0, 1, 2, 2, 3]
currentRound: 2 & prevRound: [0, 1, 2, 4, 1]
TEMPBOARD: 
         | Game 1 |  Game 2 |  Game 3 |  Game 4 |  
_________ ________ _________ _________ _________ 
Round 1  |  A-B   |         |         |         |   
Round 2  |        |   A-C   |         |   B-D   |   
Round 3  |        |         |   A-D   |         |   
Round 4  |        |         |         |         |   
Round 5  |        |         |   B-C   |         |   
Round 6  |        |         |         |         |   
pairToPlace: C-D
 
*****VOLGENDE ITERATIE*****
pairs: [C-D] & pairsUsed: [A-B, A-C, A-D, B-C, B-D]
doubles: [A-B, A-C, A-D, B-C, B-D, C-D] & doublesUsed: []
currentGame: 0 & prevGame: [0, 1, 2, 2, 3]
currentRound: 3 & prevRound: [0, 1, 2, 4, 1]
TEMPBOARD: 
         | Game 1 |  Game 2 |  Game 3 |  Game 4 |  
_________ ________ _________ _________ _________ 
Round 1  |  A-B   |         |         |         |   
Round 2  |        |   A-C   |         |   B-D   |   
Round 3  |        |         |   A-D   |         |   
Round 4  |        |         |         |         |   
Round 5  |        |         |   B-C   |         |   
Round 6  |        |         |         |         |   
pairToPlace: C-D
 
*****VOLGENDE ITERATIE*****
pairs: [] & pairsUsed: [A-B, A-C, A-D, B-C, B-D, C-D]
doubles: [A-B, A-C, A-D, B-C, B-D, C-D] & doublesUsed: []
currentGame: 0 & prevGame: [0, 1, 2, 2, 3, 0]
currentRound: 0 & prevRound: [0, 1, 2, 4, 1, 3]
TEMPBOARD: 
         | Game 1 |  Game 2 |  Game 3 |  Game 4 |  
_________ ________ _________ _________ _________ 
Round 1  |  A-B   |         |         |         |   
Round 2  |        |   A-C   |         |   B-D   |   
Round 3  |        |         |   A-D   |         |   
Round 4  |  C-D   |         |         |         |   
Round 5  |        |         |   B-C   |         |   
Round 6  |        |         |         |         |   
pairToPlace: A-B
 
*****VOLGENDE ITERATIE*****
pairs: [] & pairsUsed: [A-B, A-C, A-D, B-C, B-D, C-D]
doubles: [A-B, A-C, A-D, B-C, B-D, C-D] & doublesUsed: []
currentGame: 0 & prevGame: [0, 1, 2, 2, 3, 0]
currentRound: 1 & prevRound: [0, 1, 2, 4, 1, 3]
TEMPBOARD: 
         | Game 1 |  Game 2 |  Game 3 |  Game 4 |  
_________ ________ _________ _________ _________ 
Round 1  |  A-B   |         |         |         |   
Round 2  |        |   A-C   |         |   B-D   |   
Round 3  |        |         |   A-D   |         |   
Round 4  |  C-D   |         |         |         |   
Round 5  |        |         |   B-C   |         |   
Round 6  |        |         |         |         |   
pairToPlace: A-B
 
*****VOLGENDE ITERATIE*****
pairs: [] & pairsUsed: [A-B, A-C, A-D, B-C, B-D, C-D]
doubles: [A-B, A-C, A-D, B-C, B-D, C-D] & doublesUsed: []
currentGame: 0 & prevGame: [0, 1, 2, 2, 3, 0]
currentRound: 2 & prevRound: [0, 1, 2, 4, 1, 3]
TEMPBOARD: 
         | Game 1 |  Game 2 |  Game 3 |  Game 4 |  
_________ ________ _________ _________ _________ 
Round 1  |  A-B   |         |         |         |   
Round 2  |        |   A-C   |         |   B-D   |   
Round 3  |        |         |   A-D   |         |   
Round 4  |  C-D   |         |         |         |   
Round 5  |        |         |   B-C   |         |   
Round 6  |        |         |         |         |   
pairToPlace: A-B
 
*****VOLGENDE ITERATIE*****
pairs: [] & pairsUsed: [A-B, A-C, A-D, B-C, B-D, C-D]
doubles: [A-B, A-C, A-D, B-C, B-D, C-D] & doublesUsed: []
currentGame: 0 & prevGame: [0, 1, 2, 2, 3, 0]
currentRound: 3 & prevRound: [0, 1, 2, 4, 1, 3]
TEMPBOARD: 
         | Game 1 |  Game 2 |  Game 3 |  Game 4 |  
_________ ________ _________ _________ _________ 
Round 1  |  A-B   |         |         |         |   
Round 2  |        |   A-C   |         |   B-D   |   
Round 3  |        |         |   A-D   |         |   
Round 4  |  C-D   |         |         |         |   
Round 5  |        |         |   B-C   |         |   
Round 6  |        |         |         |         |   
pairToPlace: A-B
 
*****VOLGENDE ITERATIE*****
pairs: [] & pairsUsed: [A-B, A-C, A-D, B-C, B-D, C-D]
doubles: [A-B, A-C, A-D, B-C, B-D, C-D] & doublesUsed: []
currentGame: 0 & prevGame: [0, 1, 2, 2, 3, 0]
currentRound: 4 & prevRound: [0, 1, 2, 4, 1, 3]
TEMPBOARD: 
         | Game 1 |  Game 2 |  Game 3 |  Game 4 |  
_________ ________ _________ _________ _________ 
Round 1  |  A-B   |         |         |         |   
Round 2  |        |   A-C   |         |   B-D   |   
Round 3  |        |         |   A-D   |         |   
Round 4  |  C-D   |         |         |         |   
Round 5  |        |         |   B-C   |         |   
Round 6  |        |         |         |         |   
pairToPlace: A-B
 
*****VOLGENDE ITERATIE*****
pairs: [] & pairsUsed: [A-B, A-C, A-D, B-C, B-D, C-D]
doubles: [A-B, A-C, A-D, B-C, B-D, C-D] & doublesUsed: []
currentGame: 0 & prevGame: [0, 1, 2, 2, 3, 0]
currentRound: 5 & prevRound: [0, 1, 2, 4, 1, 3]
TEMPBOARD: 
         | Game 1 |  Game 2 |  Game 3 |  Game 4 |  
_________ ________ _________ _________ _________ 
Round 1  |  A-B   |         |         |         |   
Round 2  |        |   A-C   |         |   B-D   |   
Round 3  |        |         |   A-D   |         |   
Round 4  |  C-D   |         |         |         |   
Round 5  |        |         |   B-C   |         |   
Round 6  |        |         |         |         |   
pairToPlace: A-B
 
*****VOLGENDE ITERATIE*****
pairs: [] & pairsUsed: [A-B, A-C, A-D, B-C, B-D, C-D]
doubles: [A-B, A-C, A-D, B-C, B-D, C-D] & doublesUsed: []
currentGame: 0 & prevGame: [0, 1, 2, 2, 3, 0]
currentRound: 6 & prevRound: [0, 1, 2, 4, 1, 3]
TEMPBOARD: 
         | Game 1 |  Game 2 |  Game 3 |  Game 4 |  
_________ ________ _________ _________ _________ 
Round 1  |  A-B   |         |         |         |   
Round 2  |        |   A-C   |         |   B-D   |   
Round 3  |        |         |   A-D   |         |   
Round 4  |  C-D   |         |         |         |   
Round 5  |        |         |   B-C   |         |   
Round 6  |        |         |         |         |   
pairToPlace: A-B
 
*****VOLGENDE ITERATIE*****
pairs: [] & pairsUsed: [A-B, A-C, A-D, B-C, B-D, C-D]
doubles: [A-B, A-C, A-D, B-C, B-D, C-D] & doublesUsed: []
currentGame: 1 & prevGame: [0, 1, 2, 2, 3, 0]
currentRound: 0 & prevRound: [0, 1, 2, 4, 1, 3]
TEMPBOARD: 
         | Game 1 |  Game 2 |  Game 3 |  Game 4 |  
_________ ________ _________ _________ _________ 
Round 1  |  A-B   |         |         |         |   
Round 2  |        |   A-C   |         |   B-D   |   
Round 3  |        |         |   A-D   |         |   
Round 4  |  C-D   |         |         |         |   
Round 5  |        |         |   B-C   |         |   
Round 6  |        |         |         |         |   
pairToPlace: A-B
 
*****VOLGENDE ITERATIE*****
pairs: [] & pairsUsed: [A-B, A-C, A-D, B-C, B-D, C-D]
doubles: [A-B, A-C, A-D, B-C, B-D, C-D] & doublesUsed: []
currentGame: 1 & prevGame: [0, 1, 2, 2, 3, 0]
currentRound: 1 & prevRound: [0, 1, 2, 4, 1, 3]
TEMPBOARD: 
         | Game 1 |  Game 2 |  Game 3 |  Game 4 |  
_________ ________ _________ _________ _________ 
Round 1  |  A-B   |         |         |         |   
Round 2  |        |   A-C   |         |   B-D   |   
Round 3  |        |         |   A-D   |         |   
Round 4  |  C-D   |         |         |         |   
Round 5  |        |         |   B-C   |         |   
Round 6  |        |         |         |         |   
pairToPlace: A-B
 
*****VOLGENDE ITERATIE*****
pairs: [] & pairsUsed: [A-B, A-C, A-D, B-C, B-D, C-D]
doubles: [A-B, A-C, A-D, B-C, B-D, C-D] & doublesUsed: []
currentGame: 1 & prevGame: [0, 1, 2, 2, 3, 0]
currentRound: 2 & prevRound: [0, 1, 2, 4, 1, 3]
TEMPBOARD: 
         | Game 1 |  Game 2 |  Game 3 |  Game 4 |  
_________ ________ _________ _________ _________ 
Round 1  |  A-B   |         |         |         |   
Round 2  |        |   A-C   |         |   B-D   |   
Round 3  |        |         |   A-D   |         |   
Round 4  |  C-D   |         |         |         |   
Round 5  |        |         |   B-C   |         |   
Round 6  |        |         |         |         |   
pairToPlace: A-B
 
*****VOLGENDE ITERATIE*****
pairs: [] & pairsUsed: [A-B, A-C, A-D, B-C, B-D, C-D]
doubles: [A-B, A-C, A-D, B-C, B-D, C-D] & doublesUsed: []
currentGame: 1 & prevGame: [0, 1, 2, 2, 3, 0]
currentRound: 3 & prevRound: [0, 1, 2, 4, 1, 3]
TEMPBOARD: 
         | Game 1 |  Game 2 |  Game 3 |  Game 4 |  
_________ ________ _________ _________ _________ 
Round 1  |  A-B   |         |         |         |   
Round 2  |        |   A-C   |         |   B-D   |   
Round 3  |        |         |   A-D   |         |   
Round 4  |  C-D   |         |         |         |   
Round 5  |        |         |   B-C   |         |   
Round 6  |        |         |         |         |   
pairToPlace: A-B
 
*****VOLGENDE ITERATIE*****
pairs: [] & pairsUsed: [A-B, A-C, A-D, B-C, B-D, C-D]
doubles: [A-B, A-C, A-D, B-C, B-D, C-D] & doublesUsed: []
currentGame: 1 & prevGame: [0, 1, 2, 2, 3, 0]
currentRound: 4 & prevRound: [0, 1, 2, 4, 1, 3]
TEMPBOARD: 
         | Game 1 |  Game 2 |  Game 3 |  Game 4 |  
_________ ________ _________ _________ _________ 
Round 1  |  A-B   |         |         |         |   
Round 2  |        |   A-C   |         |   B-D   |   
Round 3  |        |         |   A-D   |         |   
Round 4  |  C-D   |         |         |         |   
Round 5  |        |         |   B-C   |         |   
Round 6  |        |         |         |         |   
pairToPlace: A-B
 
*****VOLGENDE ITERATIE*****
pairs: [] & pairsUsed: [A-B, A-C, A-D, B-C, B-D, C-D]
doubles: [A-B, A-C, A-D, B-C, B-D, C-D] & doublesUsed: []
currentGame: 1 & prevGame: [0, 1, 2, 2, 3, 0]
currentRound: 5 & prevRound: [0, 1, 2, 4, 1, 3]
TEMPBOARD: 
         | Game 1 |  Game 2 |  Game 3 |  Game 4 |  
_________ ________ _________ _________ _________ 
Round 1  |  A-B   |         |         |         |   
Round 2  |        |   A-C   |         |   B-D   |   
Round 3  |        |         |   A-D   |         |   
Round 4  |  C-D   |         |         |         |   
Round 5  |        |         |   B-C   |         |   
Round 6  |        |         |         |         |   
pairToPlace: A-B
 
*****VOLGENDE ITERATIE*****
pairs: [] & pairsUsed: [A-B, A-C, A-D, B-C, B-D, C-D]
doubles: [A-B, A-C, A-D, B-C, B-D, C-D] & doublesUsed: []
currentGame: 1 & prevGame: [0, 1, 2, 2, 3, 0]
currentRound: 6 & prevRound: [0, 1, 2, 4, 1, 3]
TEMPBOARD: 
         | Game 1 |  Game 2 |  Game 3 |  Game 4 |  
_________ ________ _________ _________ _________ 
Round 1  |  A-B   |         |         |         |   
Round 2  |        |   A-C   |         |   B-D   |   
Round 3  |        |         |   A-D   |         |   
Round 4  |  C-D   |         |         |         |   
Round 5  |        |         |   B-C   |         |   
Round 6  |        |         |         |         |   
pairToPlace: A-B
 
*****VOLGENDE ITERATIE*****
pairs: [] & pairsUsed: [A-B, A-C, A-D, B-C, B-D, C-D]
doubles: [A-B, A-C, A-D, B-C, B-D, C-D] & doublesUsed: []
currentGame: 2 & prevGame: [0, 1, 2, 2, 3, 0]
currentRound: 0 & prevRound: [0, 1, 2, 4, 1, 3]
TEMPBOARD: 
         | Game 1 |  Game 2 |  Game 3 |  Game 4 |  
_________ ________ _________ _________ _________ 
Round 1  |  A-B   |         |         |         |   
Round 2  |        |   A-C   |         |   B-D   |   
Round 3  |        |         |   A-D   |         |   
Round 4  |  C-D   |         |         |         |   
Round 5  |        |         |   B-C   |         |   
Round 6  |        |         |         |         |   
pairToPlace: A-B
 
*****VOLGENDE ITERATIE*****
pairs: [] & pairsUsed: [A-B, A-C, A-D, B-C, B-D, C-D]
doubles: [A-B, A-C, A-D, B-C, B-D, C-D] & doublesUsed: []
currentGame: 2 & prevGame: [0, 1, 2, 2, 3, 0]
currentRound: 1 & prevRound: [0, 1, 2, 4, 1, 3]
TEMPBOARD: 
         | Game 1 |  Game 2 |  Game 3 |  Game 4 |  
_________ ________ _________ _________ _________ 
Round 1  |  A-B   |         |         |         |   
Round 2  |        |   A-C   |         |   B-D   |   
Round 3  |        |         |   A-D   |         |   
Round 4  |  C-D   |         |         |         |   
Round 5  |        |         |   B-C   |         |   
Round 6  |        |         |         |         |   
pairToPlace: A-B
 
*****VOLGENDE ITERATIE*****
pairs: [] & pairsUsed: [A-B, A-C, A-D, B-C, B-D, C-D]
doubles: [A-B, A-C, A-D, B-C, B-D, C-D] & doublesUsed: []
currentGame: 2 & prevGame: [0, 1, 2, 2, 3, 0]
currentRound: 2 & prevRound: [0, 1, 2, 4, 1, 3]
TEMPBOARD: 
         | Game 1 |  Game 2 |  Game 3 |  Game 4 |  
_________ ________ _________ _________ _________ 
Round 1  |  A-B   |         |         |         |   
Round 2  |        |   A-C   |         |   B-D   |   
Round 3  |        |         |   A-D   |         |   
Round 4  |  C-D   |         |         |         |   
Round 5  |        |         |   B-C   |         |   
Round 6  |        |         |         |         |   
pairToPlace: A-B
 
*****VOLGENDE ITERATIE*****
pairs: [] & pairsUsed: [A-B, A-C, A-D, B-C, B-D, C-D]
doubles: [A-B, A-C, A-D, B-C, B-D, C-D] & doublesUsed: []
currentGame: 2 & prevGame: [0, 1, 2, 2, 3, 0]
currentRound: 3 & prevRound: [0, 1, 2, 4, 1, 3]
TEMPBOARD: 
         | Game 1 |  Game 2 |  Game 3 |  Game 4 |  
_________ ________ _________ _________ _________ 
Round 1  |  A-B   |         |         |         |   
Round 2  |        |   A-C   |         |   B-D   |   
Round 3  |        |         |   A-D   |         |   
Round 4  |  C-D   |         |         |         |   
Round 5  |        |         |   B-C   |         |   
Round 6  |        |         |         |         |   
pairToPlace: A-B
 
*****VOLGENDE ITERATIE*****
pairs: [] & pairsUsed: [A-B, A-C, A-D, B-C, B-D, C-D]
doubles: [A-B, A-C, A-D, B-C, B-D, C-D] & doublesUsed: []
currentGame: 2 & prevGame: [0, 1, 2, 2, 3, 0]
currentRound: 4 & prevRound: [0, 1, 2, 4, 1, 3]
TEMPBOARD: 
         | Game 1 |  Game 2 |  Game 3 |  Game 4 |  
_________ ________ _________ _________ _________ 
Round 1  |  A-B   |         |         |         |   
Round 2  |        |   A-C   |         |   B-D   |   
Round 3  |        |         |   A-D   |         |   
Round 4  |  C-D   |         |         |         |   
Round 5  |        |         |   B-C   |         |   
Round 6  |        |         |         |         |   
pairToPlace: A-B
 
*****VOLGENDE ITERATIE*****
pairs: [] & pairsUsed: [A-B, A-C, A-D, B-C, B-D, C-D]
doubles: [A-B, A-C, A-D, B-C, B-D, C-D] & doublesUsed: []
currentGame: 2 & prevGame: [0, 1, 2, 2, 3, 0]
currentRound: 5 & prevRound: [0, 1, 2, 4, 1, 3]
TEMPBOARD: 
         | Game 1 |  Game 2 |  Game 3 |  Game 4 |  
_________ ________ _________ _________ _________ 
Round 1  |  A-B   |         |         |         |   
Round 2  |        |   A-C   |         |   B-D   |   
Round 3  |        |         |   A-D   |         |   
Round 4  |  C-D   |         |         |         |   
Round 5  |        |         |   B-C   |         |   
Round 6  |        |         |         |         |   
pairToPlace: A-B
 
*****VOLGENDE ITERATIE*****
pairs: [] & pairsUsed: [A-B, A-C, A-D, B-C, B-D, C-D]
doubles: [A-B, A-C, A-D, B-C, B-D, C-D] & doublesUsed: []
currentGame: 2 & prevGame: [0, 1, 2, 2, 3, 0]
currentRound: 6 & prevRound: [0, 1, 2, 4, 1, 3]
TEMPBOARD: 
         | Game 1 |  Game 2 |  Game 3 |  Game 4 |  
_________ ________ _________ _________ _________ 
Round 1  |  A-B   |         |         |         |   
Round 2  |        |   A-C   |         |   B-D   |   
Round 3  |        |         |   A-D   |         |   
Round 4  |  C-D   |         |         |         |   
Round 5  |        |         |   B-C   |         |   
Round 6  |        |         |         |         |   
pairToPlace: A-B
 
*****VOLGENDE ITERATIE*****
pairs: [] & pairsUsed: [A-B, A-C, A-D, B-C, B-D, C-D]
doubles: [A-B, A-C, A-D, B-C, B-D, C-D] & doublesUsed: []
currentGame: 3 & prevGame: [0, 1, 2, 2, 3, 0]
currentRound: 0 & prevRound: [0, 1, 2, 4, 1, 3]
TEMPBOARD: 
         | Game 1 |  Game 2 |  Game 3 |  Game 4 |  
_________ ________ _________ _________ _________ 
Round 1  |  A-B   |         |         |         |   
Round 2  |        |   A-C   |         |   B-D   |   
Round 3  |        |         |   A-D   |         |   
Round 4  |  C-D   |         |         |         |   
Round 5  |        |         |   B-C   |         |   
Round 6  |        |         |         |         |   
pairToPlace: A-B
 
*****VOLGENDE ITERATIE*****
pairs: [] & pairsUsed: [A-B, A-C, A-D, B-C, B-D, C-D]
doubles: [A-B, A-C, A-D, B-C, B-D, C-D] & doublesUsed: []
currentGame: 3 & prevGame: [0, 1, 2, 2, 3, 0]
currentRound: 1 & prevRound: [0, 1, 2, 4, 1, 3]
TEMPBOARD: 
         | Game 1 |  Game 2 |  Game 3 |  Game 4 |  
_________ ________ _________ _________ _________ 
Round 1  |  A-B   |         |         |         |   
Round 2  |        |   A-C   |         |   B-D   |   
Round 3  |        |         |   A-D   |         |   
Round 4  |  C-D   |         |         |         |   
Round 5  |        |         |   B-C   |         |   
Round 6  |        |         |         |         |   
pairToPlace: A-B
 
*****VOLGENDE ITERATIE*****
pairs: [] & pairsUsed: [A-B, A-C, A-D, B-C, B-D, C-D]
doubles: [A-B, A-C, A-D, B-C, B-D, C-D] & doublesUsed: []
currentGame: 3 & prevGame: [0, 1, 2, 2, 3, 0]
currentRound: 2 & prevRound: [0, 1, 2, 4, 1, 3]
TEMPBOARD: 
         | Game 1 |  Game 2 |  Game 3 |  Game 4 |  
_________ ________ _________ _________ _________ 
Round 1  |  A-B   |         |         |         |   
Round 2  |        |   A-C   |         |   B-D   |   
Round 3  |        |         |   A-D   |         |   
Round 4  |  C-D   |         |         |         |   
Round 5  |        |         |   B-C   |         |   
Round 6  |        |         |         |         |   
pairToPlace: A-B
 
*****VOLGENDE ITERATIE*****
pairs: [] & pairsUsed: [A-B, A-C, A-D, B-C, B-D, C-D]
doubles: [A-B, A-C, A-D, B-C, B-D, C-D] & doublesUsed: []
currentGame: 3 & prevGame: [0, 1, 2, 2, 3, 0]
currentRound: 3 & prevRound: [0, 1, 2, 4, 1, 3]
TEMPBOARD: 
         | Game 1 |  Game 2 |  Game 3 |  Game 4 |  
_________ ________ _________ _________ _________ 
Round 1  |  A-B   |         |         |         |   
Round 2  |        |   A-C   |         |   B-D   |   
Round 3  |        |         |   A-D   |         |   
Round 4  |  C-D   |         |         |         |   
Round 5  |        |         |   B-C   |         |   
Round 6  |        |         |         |         |   
pairToPlace: A-B
 
*****VOLGENDE ITERATIE*****
pairs: [] & pairsUsed: [A-B, A-C, A-D, B-C, B-D, C-D]
doubles: [A-B, A-C, A-D, B-C, B-D, C-D] & doublesUsed: []
currentGame: 3 & prevGame: [0, 1, 2, 2, 3, 0]
currentRound: 4 & prevRound: [0, 1, 2, 4, 1, 3]
TEMPBOARD: 
         | Game 1 |  Game 2 |  Game 3 |  Game 4 |  
_________ ________ _________ _________ _________ 
Round 1  |  A-B   |         |         |         |   
Round 2  |        |   A-C   |         |   B-D   |   
Round 3  |        |         |   A-D   |         |   
Round 4  |  C-D   |         |         |         |   
Round 5  |        |         |   B-C   |         |   
Round 6  |        |         |         |         |   
pairToPlace: A-B
 
*****VOLGENDE ITERATIE*****
pairs: [] & pairsUsed: [A-B, A-C, A-D, B-C, B-D, C-D]
doubles: [A-B, A-C, A-D, B-C, B-D, C-D] & doublesUsed: []
currentGame: 3 & prevGame: [0, 1, 2, 2, 3, 0]
currentRound: 5 & prevRound: [0, 1, 2, 4, 1, 3]
TEMPBOARD: 
         | Game 1 |  Game 2 |  Game 3 |  Game 4 |  
_________ ________ _________ _________ _________ 
Round 1  |  A-B   |         |         |         |   
Round 2  |        |   A-C   |         |   B-D   |   
Round 3  |        |         |   A-D   |         |   
Round 4  |  C-D   |         |         |         |   
Round 5  |        |         |   B-C   |         |   
Round 6  |        |         |         |         |   
pairToPlace: A-B
 
*****VOLGENDE ITERATIE*****
pairs: [] & pairsUsed: [A-B, A-C, A-D, B-C, B-D, C-D]
doubles: [A-B, A-C, A-D, B-C, B-D, C-D] & doublesUsed: []
currentGame: 3 & prevGame: [0, 1, 2, 2, 3, 0]
currentRound: 6 & prevRound: [0, 1, 2, 4, 1, 3]
TEMPBOARD: 
         | Game 1 |  Game 2 |  Game 3 |  Game 4 |  
_________ ________ _________ _________ _________ 
Round 1  |  A-B   |         |         |         |   
Round 2  |        |   A-C   |         |   B-D   |   
Round 3  |        |         |   A-D   |         |   
Round 4  |  C-D   |         |         |         |   
Round 5  |        |         |   B-C   |         |   
Round 6  |        |         |         |         |   
pairToPlace: A-B
 
*****VOLGENDE ITERATIE*****
pairs: [] & pairsUsed: [A-B, A-C, A-D, B-C, B-D, C-D]
doubles: [A-B, A-C, A-D, B-C, B-D, C-D] & doublesUsed: []
currentGame: 4 & prevGame: [0, 1, 2, 2, 3, 0]
currentRound: 0 & prevRound: [0, 1, 2, 4, 1, 3]
TEMPBOARD: 
         | Game 1 |  Game 2 |  Game 3 |  Game 4 |  
_________ ________ _________ _________ _________ 
Round 1  |  A-B   |         |         |         |   
Round 2  |        |   A-C   |         |   B-D   |   
Round 3  |        |         |   A-D   |         |   
Round 4  |  C-D   |         |         |         |   
Round 5  |        |         |   B-C   |         |   
Round 6  |        |         |         |         |   
pairToPlace: A-B
 
*****VOLGENDE ITERATIE*****
pairs: [C-D] & pairsUsed: [A-B, A-C, A-D, B-C, B-D]
doubles: [A-B, A-C, A-D, B-C, B-D, C-D] & doublesUsed: []
currentGame: 0 & prevGame: [0, 1, 2, 2, 3]
currentRound: 4 & prevRound: [0, 1, 2, 4, 1]
TEMPBOARD: 
         | Game 1 |  Game 2 |  Game 3 |  Game 4 |  
_________ ________ _________ _________ _________ 
Round 1  |  A-B   |         |         |         |   
Round 2  |        |   A-C   |         |   B-D   |   
Round 3  |        |         |   A-D   |         |   
Round 4  |        |         |         |         |   
Round 5  |        |         |   B-C   |         |   
Round 6  |        |         |         |         |   
pairToPlace: C-D
 
*****VOLGENDE ITERATIE*****
pairs: [C-D] & pairsUsed: [A-B, A-C, A-D, B-C, B-D]
doubles: [A-B, A-C, A-D, B-C, B-D, C-D] & doublesUsed: []
currentGame: 0 & prevGame: [0, 1, 2, 2, 3]
currentRound: 5 & prevRound: [0, 1, 2, 4, 1]
TEMPBOARD: 
         | Game 1 |  Game 2 |  Game 3 |  Game 4 |  
_________ ________ _________ _________ _________ 
Round 1  |  A-B   |         |         |         |   
Round 2  |        |   A-C   |         |   B-D   |   
Round 3  |        |         |   A-D   |         |   
Round 4  |        |         |         |         |   
Round 5  |        |         |   B-C   |         |   
Round 6  |        |         |         |         |   
pairToPlace: C-D
 
*****VOLGENDE ITERATIE*****
pairs: [] & pairsUsed: [A-B, A-C, A-D, B-C, B-D, C-D]
doubles: [A-B, A-C, A-D, B-C, B-D, C-D] & doublesUsed: []
currentGame: 0 & prevGame: [0, 1, 2, 2, 3, 0]
currentRound: 0 & prevRound: [0, 1, 2, 4, 1, 5]
TEMPBOARD: 
         | Game 1 |  Game 2 |  Game 3 |  Game 4 |  
_________ ________ _________ _________ _________ 
Round 1  |  A-B   |         |         |         |   
Round 2  |        |   A-C   |         |   B-D   |   
Round 3  |        |         |   A-D   |         |   
Round 4  |        |         |         |         |   
Round 5  |        |         |   B-C   |         |   
Round 6  |  C-D   |         |         |         |   
pairToPlace: A-B
 
*****VOLGENDE ITERATIE*****
pairs: [] & pairsUsed: [A-B, A-C, A-D, B-C, B-D, C-D]
doubles: [A-B, A-C, A-D, B-C, B-D, C-D] & doublesUsed: []
currentGame: 0 & prevGame: [0, 1, 2, 2, 3, 0]
currentRound: 1 & prevRound: [0, 1, 2, 4, 1, 5]
TEMPBOARD: 
         | Game 1 |  Game 2 |  Game 3 |  Game 4 |  
_________ ________ _________ _________ _________ 
Round 1  |  A-B   |         |         |         |   
Round 2  |        |   A-C   |         |   B-D   |   
Round 3  |        |         |   A-D   |         |   
Round 4  |        |         |         |         |   
Round 5  |        |         |   B-C   |         |   
Round 6  |  C-D   |         |         |         |   
pairToPlace: A-B
 
*****VOLGENDE ITERATIE*****
pairs: [] & pairsUsed: [A-B, A-C, A-D, B-C, B-D, C-D]
doubles: [A-B, A-C, A-D, B-C, B-D, C-D] & doublesUsed: []
currentGame: 0 & prevGame: [0, 1, 2, 2, 3, 0]
currentRound: 2 & prevRound: [0, 1, 2, 4, 1, 5]
TEMPBOARD: 
         | Game 1 |  Game 2 |  Game 3 |  Game 4 |  
_________ ________ _________ _________ _________ 
Round 1  |  A-B   |         |         |         |   
Round 2  |        |   A-C   |         |   B-D   |   
Round 3  |        |         |   A-D   |         |   
Round 4  |        |         |         |         |   
Round 5  |        |         |   B-C   |         |   
Round 6  |  C-D   |         |         |         |   
pairToPlace: A-B
 
*****VOLGENDE ITERATIE*****
pairs: [] & pairsUsed: [A-B, A-C, A-D, B-C, B-D, C-D]
doubles: [A-B, A-C, A-D, B-C, B-D, C-D] & doublesUsed: []
currentGame: 0 & prevGame: [0, 1, 2, 2, 3, 0]
currentRound: 3 & prevRound: [0, 1, 2, 4, 1, 5]
TEMPBOARD: 
         | Game 1 |  Game 2 |  Game 3 |  Game 4 |  
_________ ________ _________ _________ _________ 
Round 1  |  A-B   |         |         |         |   
Round 2  |        |   A-C   |         |   B-D   |   
Round 3  |        |         |   A-D   |         |   
Round 4  |        |         |         |         |   
Round 5  |        |         |   B-C   |         |   
Round 6  |  C-D   |         |         |         |   
pairToPlace: A-B
 
*****VOLGENDE ITERATIE*****
pairs: [] & pairsUsed: [A-B, A-C, A-D, B-C, B-D, C-D]
doubles: [A-B, A-C, A-D, B-C, B-D, C-D] & doublesUsed: []
currentGame: 0 & prevGame: [0, 1, 2, 2, 3, 0]
currentRound: 4 & prevRound: [0, 1, 2, 4, 1, 5]
TEMPBOARD: 
         | Game 1 |  Game 2 |  Game 3 |  Game 4 |  
_________ ________ _________ _________ _________ 
Round 1  |  A-B   |         |         |         |   
Round 2  |        |   A-C   |         |   B-D   |   
Round 3  |        |         |   A-D   |         |   
Round 4  |        |         |         |         |   
Round 5  |        |         |   B-C   |         |   
Round 6  |  C-D   |         |         |         |   
pairToPlace: A-B
 
*****VOLGENDE ITERATIE*****
pairs: [] & pairsUsed: [A-B, A-C, A-D, B-C, B-D, C-D]
doubles: [A-B, A-C, A-D, B-C, B-D, C-D] & doublesUsed: []
currentGame: 0 & prevGame: [0, 1, 2, 2, 3, 0]
currentRound: 5 & prevRound: [0, 1, 2, 4, 1, 5]
TEMPBOARD: 
         | Game 1 |  Game 2 |  Game 3 |  Game 4 |  
_________ ________ _________ _________ _________ 
Round 1  |  A-B   |         |         |         |   
Round 2  |        |   A-C   |         |   B-D   |   
Round 3  |        |         |   A-D   |         |   
Round 4  |        |         |         |         |   
Round 5  |        |         |   B-C   |         |   
Round 6  |  C-D   |         |         |         |   
pairToPlace: A-B
 
*****VOLGENDE ITERATIE*****
pairs: [] & pairsUsed: [A-B, A-C, A-D, B-C, B-D, C-D]
doubles: [A-B, A-C, A-D, B-C, B-D, C-D] & doublesUsed: []
currentGame: 0 & prevGame: [0, 1, 2, 2, 3, 0]
currentRound: 6 & prevRound: [0, 1, 2, 4, 1, 5]
TEMPBOARD: 
         | Game 1 |  Game 2 |  Game 3 |  Game 4 |  
_________ ________ _________ _________ _________ 
Round 1  |  A-B   |         |         |         |   
Round 2  |        |   A-C   |         |   B-D   |   
Round 3  |        |         |   A-D   |         |   
Round 4  |        |         |         |         |   
Round 5  |        |         |   B-C   |         |   
Round 6  |  C-D   |         |         |         |   
pairToPlace: A-B
 
*****VOLGENDE ITERATIE*****
pairs: [] & pairsUsed: [A-B, A-C, A-D, B-C, B-D, C-D]
doubles: [A-B, A-C, A-D, B-C, B-D, C-D] & doublesUsed: []
currentGame: 1 & prevGame: [0, 1, 2, 2, 3, 0]
currentRound: 0 & prevRound: [0, 1, 2, 4, 1, 5]
TEMPBOARD: 
         | Game 1 |  Game 2 |  Game 3 |  Game 4 |  
_________ ________ _________ _________ _________ 
Round 1  |  A-B   |         |         |         |   
Round 2  |        |   A-C   |         |   B-D   |   
Round 3  |        |         |   A-D   |         |   
Round 4  |        |         |         |         |   
Round 5  |        |         |   B-C   |         |   
Round 6  |  C-D   |         |         |         |   
pairToPlace: A-B
 
*****VOLGENDE ITERATIE*****
pairs: [] & pairsUsed: [A-B, A-C, A-D, B-C, B-D, C-D]
doubles: [A-B, A-C, A-D, B-C, B-D, C-D] & doublesUsed: []
currentGame: 1 & prevGame: [0, 1, 2, 2, 3, 0]
currentRound: 1 & prevRound: [0, 1, 2, 4, 1, 5]
TEMPBOARD: 
         | Game 1 |  Game 2 |  Game 3 |  Game 4 |  
_________ ________ _________ _________ _________ 
Round 1  |  A-B   |         |         |         |   
Round 2  |        |   A-C   |         |   B-D   |   
Round 3  |        |         |   A-D   |         |   
Round 4  |        |         |         |         |   
Round 5  |        |         |   B-C   |         |   
Round 6  |  C-D   |         |         |         |   
pairToPlace: A-B
 
*****VOLGENDE ITERATIE*****
pairs: [] & pairsUsed: [A-B, A-C, A-D, B-C, B-D, C-D]
doubles: [A-B, A-C, A-D, B-C, B-D, C-D] & doublesUsed: []
currentGame: 1 & prevGame: [0, 1, 2, 2, 3, 0]
currentRound: 2 & prevRound: [0, 1, 2, 4, 1, 5]
TEMPBOARD: 
         | Game 1 |  Game 2 |  Game 3 |  Game 4 |  
_________ ________ _________ _________ _________ 
Round 1  |  A-B   |         |         |         |   
Round 2  |        |   A-C   |         |   B-D   |   
Round 3  |        |         |   A-D   |         |   
Round 4  |        |         |         |         |   
Round 5  |        |         |   B-C   |         |   
Round 6  |  C-D   |         |         |         |   
pairToPlace: A-B
 
*****VOLGENDE ITERATIE*****
pairs: [] & pairsUsed: [A-B, A-C, A-D, B-C, B-D, C-D]
doubles: [A-B, A-C, A-D, B-C, B-D, C-D] & doublesUsed: []
currentGame: 1 & prevGame: [0, 1, 2, 2, 3, 0]
currentRound: 3 & prevRound: [0, 1, 2, 4, 1, 5]
TEMPBOARD: 
         | Game 1 |  Game 2 |  Game 3 |  Game 4 |  
_________ ________ _________ _________ _________ 
Round 1  |  A-B   |         |         |         |   
Round 2  |        |   A-C   |         |   B-D   |   
Round 3  |        |         |   A-D   |         |   
Round 4  |        |         |         |         |   
Round 5  |        |         |   B-C   |         |   
Round 6  |  C-D   |         |         |         |   
pairToPlace: A-B
 
*****VOLGENDE ITERATIE*****
pairs: [] & pairsUsed: [A-B, A-C, A-D, B-C, B-D, C-D]
doubles: [A-B, A-C, A-D, B-C, B-D, C-D] & doublesUsed: []
currentGame: 1 & prevGame: [0, 1, 2, 2, 3, 0]
currentRound: 4 & prevRound: [0, 1, 2, 4, 1, 5]
TEMPBOARD: 
         | Game 1 |  Game 2 |  Game 3 |  Game 4 |  
_________ ________ _________ _________ _________ 
Round 1  |  A-B   |         |         |         |   
Round 2  |        |   A-C   |         |   B-D   |   
Round 3  |        |         |   A-D   |         |   
Round 4  |        |         |         |         |   
Round 5  |        |         |   B-C   |         |   
Round 6  |  C-D   |         |         |         |   
pairToPlace: A-B
 
*****VOLGENDE ITERATIE*****
pairs: [] & pairsUsed: [A-B, A-C, A-D, B-C, B-D, C-D]
doubles: [A-B, A-C, A-D, B-C, B-D, C-D] & doublesUsed: []
currentGame: 1 & prevGame: [0, 1, 2, 2, 3, 0]
currentRound: 5 & prevRound: [0, 1, 2, 4, 1, 5]
TEMPBOARD: 
         | Game 1 |  Game 2 |  Game 3 |  Game 4 |  
_________ ________ _________ _________ _________ 
Round 1  |  A-B   |         |         |         |   
Round 2  |        |   A-C   |         |   B-D   |   
Round 3  |        |         |   A-D   |         |   
Round 4  |        |         |         |         |   
Round 5  |        |         |   B-C   |         |   
Round 6  |  C-D   |         |         |         |   
pairToPlace: A-B
 
*****VOLGENDE ITERATIE*****
pairs: [] & pairsUsed: [A-B, A-C, A-D, B-C, B-D, C-D]
doubles: [A-B, A-C, A-D, B-C, B-D, C-D] & doublesUsed: []
currentGame: 1 & prevGame: [0, 1, 2, 2, 3, 0]
currentRound: 6 & prevRound: [0, 1, 2, 4, 1, 5]
TEMPBOARD: 
         | Game 1 |  Game 2 |  Game 3 |  Game 4 |  
_________ ________ _________ _________ _________ 
Round 1  |  A-B   |         |         |         |   
Round 2  |        |   A-C   |         |   B-D   |   
Round 3  |        |         |   A-D   |         |   
Round 4  |        |         |         |         |   
Round 5  |        |         |   B-C   |         |   
Round 6  |  C-D   |         |         |         |   
pairToPlace: A-B
 
*****VOLGENDE ITERATIE*****
pairs: [] & pairsUsed: [A-B, A-C, A-D, B-C, B-D, C-D]
doubles: [A-B, A-C, A-D, B-C, B-D, C-D] & doublesUsed: []
currentGame: 2 & prevGame: [0, 1, 2, 2, 3, 0]
currentRound: 0 & prevRound: [0, 1, 2, 4, 1, 5]
TEMPBOARD: 
         | Game 1 |  Game 2 |  Game 3 |  Game 4 |  
_________ ________ _________ _________ _________ 
Round 1  |  A-B   |         |         |         |   
Round 2  |        |   A-C   |         |   B-D   |   
Round 3  |        |         |   A-D   |         |   
Round 4  |        |         |         |         |   
Round 5  |        |         |   B-C   |         |   
Round 6  |  C-D   |         |         |         |   
pairToPlace: A-B
 
*****VOLGENDE ITERATIE*****
pairs: [] & pairsUsed: [A-B, A-C, A-D, B-C, B-D, C-D]
doubles: [A-B, A-C, A-D, B-C, B-D, C-D] & doublesUsed: []
currentGame: 2 & prevGame: [0, 1, 2, 2, 3, 0]
currentRound: 1 & prevRound: [0, 1, 2, 4, 1, 5]
TEMPBOARD: 
         | Game 1 |  Game 2 |  Game 3 |  Game 4 |  
_________ ________ _________ _________ _________ 
Round 1  |  A-B   |         |         |         |   
Round 2  |        |   A-C   |         |   B-D   |   
Round 3  |        |         |   A-D   |         |   
Round 4  |        |         |         |         |   
Round 5  |        |         |   B-C   |         |   
Round 6  |  C-D   |         |         |         |   
pairToPlace: A-B
 
*****VOLGENDE ITERATIE*****
pairs: [] & pairsUsed: [A-B, A-C, A-D, B-C, B-D, C-D]
doubles: [A-B, A-C, A-D, B-C, B-D, C-D] & doublesUsed: []
currentGame: 2 & prevGame: [0, 1, 2, 2, 3, 0]
currentRound: 2 & prevRound: [0, 1, 2, 4, 1, 5]
TEMPBOARD: 
         | Game 1 |  Game 2 |  Game 3 |  Game 4 |  
_________ ________ _________ _________ _________ 
Round 1  |  A-B   |         |         |         |   
Round 2  |        |   A-C   |         |   B-D   |   
Round 3  |        |         |   A-D   |         |   
Round 4  |        |         |         |         |   
Round 5  |        |         |   B-C   |         |   
Round 6  |  C-D   |         |         |         |   
pairToPlace: A-B
 
*****VOLGENDE ITERATIE*****
pairs: [] & pairsUsed: [A-B, A-C, A-D, B-C, B-D, C-D]
doubles: [A-B, A-C, A-D, B-C, B-D, C-D] & doublesUsed: []
currentGame: 2 & prevGame: [0, 1, 2, 2, 3, 0]
currentRound: 3 & prevRound: [0, 1, 2, 4, 1, 5]
TEMPBOARD: 
         | Game 1 |  Game 2 |  Game 3 |  Game 4 |  
_________ ________ _________ _________ _________ 
Round 1  |  A-B   |         |         |         |   
Round 2  |        |   A-C   |         |   B-D   |   
Round 3  |        |         |   A-D   |         |   
Round 4  |        |         |         |         |   
Round 5  |        |         |   B-C   |         |   
Round 6  |  C-D   |         |         |         |   
pairToPlace: A-B
 
*****VOLGENDE ITERATIE*****
pairs: [] & pairsUsed: [A-B, A-C, A-D, B-C, B-D, C-D]
doubles: [A-B, A-C, A-D, B-C, B-D, C-D] & doublesUsed: []
currentGame: 2 & prevGame: [0, 1, 2, 2, 3, 0]
currentRound: 4 & prevRound: [0, 1, 2, 4, 1, 5]
TEMPBOARD: 
         | Game 1 |  Game 2 |  Game 3 |  Game 4 |  
_________ ________ _________ _________ _________ 
Round 1  |  A-B   |         |         |         |   
Round 2  |        |   A-C   |         |   B-D   |   
Round 3  |        |         |   A-D   |         |   
Round 4  |        |         |         |         |   
Round 5  |        |         |   B-C   |         |   
Round 6  |  C-D   |         |         |         |   
pairToPlace: A-B
 
*****VOLGENDE ITERATIE*****
pairs: [] & pairsUsed: [A-B, A-C, A-D, B-C, B-D, C-D]
doubles: [A-B, A-C, A-D, B-C, B-D, C-D] & doublesUsed: []
currentGame: 2 & prevGame: [0, 1, 2, 2, 3, 0]
currentRound: 5 & prevRound: [0, 1, 2, 4, 1, 5]
TEMPBOARD: 
         | Game 1 |  Game 2 |  Game 3 |  Game 4 |  
_________ ________ _________ _________ _________ 
Round 1  |  A-B   |         |         |         |   
Round 2  |        |   A-C   |         |   B-D   |   
Round 3  |        |         |   A-D   |         |   
Round 4  |        |         |         |         |   
Round 5  |        |         |   B-C   |         |   
Round 6  |  C-D   |         |         |         |   
pairToPlace: A-B
 
*****VOLGENDE ITERATIE*****
pairs: [] & pairsUsed: [A-B, A-C, A-D, B-C, B-D, C-D]
doubles: [A-B, A-C, A-D, B-C, B-D, C-D] & doublesUsed: []
currentGame: 2 & prevGame: [0, 1, 2, 2, 3, 0]
currentRound: 6 & prevRound: [0, 1, 2, 4, 1, 5]
TEMPBOARD: 
         | Game 1 |  Game 2 |  Game 3 |  Game 4 |  
_________ ________ _________ _________ _________ 
Round 1  |  A-B   |         |         |         |   
Round 2  |        |   A-C   |         |   B-D   |   
Round 3  |        |         |   A-D   |         |   
Round 4  |        |         |         |         |   
Round 5  |        |         |   B-C   |         |   
Round 6  |  C-D   |         |         |         |   
pairToPlace: A-B
 
*****VOLGENDE ITERATIE*****
pairs: [] & pairsUsed: [A-B, A-C, A-D, B-C, B-D, C-D]
doubles: [A-B, A-C, A-D, B-C, B-D, C-D] & doublesUsed: []
currentGame: 3 & prevGame: [0, 1, 2, 2, 3, 0]
currentRound: 0 & prevRound: [0, 1, 2, 4, 1, 5]
TEMPBOARD: 
         | Game 1 |  Game 2 |  Game 3 |  Game 4 |  
_________ ________ _________ _________ _________ 
Round 1  |  A-B   |         |         |         |   
Round 2  |        |   A-C   |         |   B-D   |   
Round 3  |        |         |   A-D   |         |   
Round 4  |        |         |         |         |   
Round 5  |        |         |   B-C   |         |   
Round 6  |  C-D   |         |         |         |   
pairToPlace: A-B
 
*****VOLGENDE ITERATIE*****
pairs: [] & pairsUsed: [A-B, A-C, A-D, B-C, B-D, C-D]
doubles: [A-B, A-C, A-D, B-C, B-D, C-D] & doublesUsed: []
currentGame: 3 & prevGame: [0, 1, 2, 2, 3, 0]
currentRound: 1 & prevRound: [0, 1, 2, 4, 1, 5]
TEMPBOARD: 
         | Game 1 |  Game 2 |  Game 3 |  Game 4 |  
_________ ________ _________ _________ _________ 
Round 1  |  A-B   |         |         |         |   
Round 2  |        |   A-C   |         |   B-D   |   
Round 3  |        |         |   A-D   |         |   
Round 4  |        |         |         |         |   
Round 5  |        |         |   B-C   |         |   
Round 6  |  C-D   |         |         |         |   
pairToPlace: A-B
 
*****VOLGENDE ITERATIE*****
pairs: [] & pairsUsed: [A-B, A-C, A-D, B-C, B-D, C-D]
doubles: [A-B, A-C, A-D, B-C, B-D, C-D] & doublesUsed: []
currentGame: 3 & prevGame: [0, 1, 2, 2, 3, 0]
currentRound: 2 & prevRound: [0, 1, 2, 4, 1, 5]
TEMPBOARD: 
         | Game 1 |  Game 2 |  Game 3 |  Game 4 |  
_________ ________ _________ _________ _________ 
Round 1  |  A-B   |         |         |         |   
Round 2  |        |   A-C   |         |   B-D   |   
Round 3  |        |         |   A-D   |         |   
Round 4  |        |         |         |         |   
Round 5  |        |         |   B-C   |         |   
Round 6  |  C-D   |         |         |         |   
pairToPlace: A-B
 
*****VOLGENDE ITERATIE*****
pairs: [] & pairsUsed: [A-B, A-C, A-D, B-C, B-D, C-D]
doubles: [A-B, A-C, A-D, B-C, B-D, C-D] & doublesUsed: []
currentGame: 3 & prevGame: [0, 1, 2, 2, 3, 0]
currentRound: 3 & prevRound: [0, 1, 2, 4, 1, 5]
TEMPBOARD: 
         | Game 1 |  Game 2 |  Game 3 |  Game 4 |  
_________ ________ _________ _________ _________ 
Round 1  |  A-B   |         |         |         |   
Round 2  |        |   A-C   |         |   B-D   |   
Round 3  |        |         |   A-D   |         |   
Round 4  |        |         |         |         |   
Round 5  |        |         |   B-C   |         |   
Round 6  |  C-D   |         |         |         |   
pairToPlace: A-B
 
*****VOLGENDE ITERATIE*****
pairs: [] & pairsUsed: [A-B, A-C, A-D, B-C, B-D, C-D]
doubles: [A-B, A-C, A-D, B-C, B-D, C-D] & doublesUsed: []
currentGame: 3 & prevGame: [0, 1, 2, 2, 3, 0]
currentRound: 4 & prevRound: [0, 1, 2, 4, 1, 5]
TEMPBOARD: 
         | Game 1 |  Game 2 |  Game 3 |  Game 4 |  
_________ ________ _________ _________ _________ 
Round 1  |  A-B   |         |         |         |   
Round 2  |        |   A-C   |         |   B-D   |   
Round 3  |        |         |   A-D   |         |   
Round 4  |        |         |         |         |   
Round 5  |        |         |   B-C   |         |   
Round 6  |  C-D   |         |         |         |   
pairToPlace: A-B
 
*****VOLGENDE ITERATIE*****
pairs: [] & pairsUsed: [A-B, A-C, A-D, B-C, B-D, C-D]
doubles: [A-B, A-C, A-D, B-C, B-D, C-D] & doublesUsed: []
currentGame: 3 & prevGame: [0, 1, 2, 2, 3, 0]
currentRound: 5 & prevRound: [0, 1, 2, 4, 1, 5]
TEMPBOARD: 
         | Game 1 |  Game 2 |  Game 3 |  Game 4 |  
_________ ________ _________ _________ _________ 
Round 1  |  A-B   |         |         |         |   
Round 2  |        |   A-C   |         |   B-D   |   
Round 3  |        |         |   A-D   |         |   
Round 4  |        |         |         |         |   
Round 5  |        |         |   B-C   |         |   
Round 6  |  C-D   |         |         |         |   
pairToPlace: A-B
 
*****VOLGENDE ITERATIE*****
pairs: [] & pairsUsed: [A-B, A-C, A-D, B-C, B-D, C-D]
doubles: [A-B, A-C, A-D, B-C, B-D, C-D] & doublesUsed: []
currentGame: 3 & prevGame: [0, 1, 2, 2, 3, 0]
currentRound: 6 & prevRound: [0, 1, 2, 4, 1, 5]
TEMPBOARD: 
         | Game 1 |  Game 2 |  Game 3 |  Game 4 |  
_________ ________ _________ _________ _________ 
Round 1  |  A-B   |         |         |         |   
Round 2  |        |   A-C   |         |   B-D   |   
Round 3  |        |         |   A-D   |         |   
Round 4  |        |         |         |         |   
Round 5  |        |         |   B-C   |         |   
Round 6  |  C-D   |         |         |         |   
pairToPlace: A-B
 
*****VOLGENDE ITERATIE*****
pairs: [] & pairsUsed: [A-B, A-C, A-D, B-C, B-D, C-D]
doubles: [A-B, A-C, A-D, B-C, B-D, C-D] & doublesUsed: []
currentGame: 4 & prevGame: [0, 1, 2, 2, 3, 0]
currentRound: 0 & prevRound: [0, 1, 2, 4, 1, 5]
TEMPBOARD: 
         | Game 1 |  Game 2 |  Game 3 |  Game 4 |  
_________ ________ _________ _________ _________ 
Round 1  |  A-B   |         |         |         |   
Round 2  |        |   A-C   |         |   B-D   |   
Round 3  |        |         |   A-D   |         |   
Round 4  |        |         |         |         |   
Round 5  |        |         |   B-C   |         |   
Round 6  |  C-D   |         |         |         |   
pairToPlace: A-B
 
*****VOLGENDE ITERATIE*****
pairs: [C-D] & pairsUsed: [A-B, A-C, A-D, B-C, B-D]
doubles: [A-B, A-C, A-D, B-C, B-D, C-D] & doublesUsed: []
currentGame: 0 & prevGame: [0, 1, 2, 2, 3]
currentRound: 6 & prevRound: [0, 1, 2, 4, 1]
TEMPBOARD: 
         | Game 1 |  Game 2 |  Game 3 |  Game 4 |  
_________ ________ _________ _________ _________ 
Round 1  |  A-B   |         |         |         |   
Round 2  |        |   A-C   |         |   B-D   |   
Round 3  |        |         |   A-D   |         |   
Round 4  |        |         |         |         |   
Round 5  |        |         |   B-C   |         |   
Round 6  |        |         |         |         |   
pairToPlace: C-D
 
*****VOLGENDE ITERATIE*****
pairs: [C-D] & pairsUsed: [A-B, A-C, A-D, B-C, B-D]
doubles: [A-B, A-C, A-D, B-C, B-D, C-D] & doublesUsed: []
currentGame: 1 & prevGame: [0, 1, 2, 2, 3]
currentRound: 0 & prevRound: [0, 1, 2, 4, 1]
TEMPBOARD: 
         | Game 1 |  Game 2 |  Game 3 |  Game 4 |  
_________ ________ _________ _________ _________ 
Round 1  |  A-B   |         |         |         |   
Round 2  |        |   A-C   |         |   B-D   |   
Round 3  |        |         |   A-D   |         |   
Round 4  |        |         |         |         |   
Round 5  |        |         |   B-C   |         |   
Round 6  |        |         |         |         |   
pairToPlace: C-D
 
*****VOLGENDE ITERATIE*****
pairs: [C-D] & pairsUsed: [A-B, A-C, A-D, B-C, B-D]
doubles: [A-B, A-C, A-D, B-C, B-D, C-D] & doublesUsed: []
currentGame: 1 & prevGame: [0, 1, 2, 2, 3]
currentRound: 1 & prevRound: [0, 1, 2, 4, 1]
TEMPBOARD: 
         | Game 1 |  Game 2 |  Game 3 |  Game 4 |  
_________ ________ _________ _________ _________ 
Round 1  |  A-B   |         |         |         |   
Round 2  |        |   A-C   |         |   B-D   |   
Round 3  |        |         |   A-D   |         |   
Round 4  |        |         |         |         |   
Round 5  |        |         |   B-C   |         |   
Round 6  |        |         |         |         |   
pairToPlace: C-D
 
*****VOLGENDE ITERATIE*****
pairs: [C-D] & pairsUsed: [A-B, A-C, A-D, B-C, B-D]
doubles: [A-B, A-C, A-D, B-C, B-D, C-D] & doublesUsed: []
currentGame: 1 & prevGame: [0, 1, 2, 2, 3]
currentRound: 2 & prevRound: [0, 1, 2, 4, 1]
TEMPBOARD: 
         | Game 1 |  Game 2 |  Game 3 |  Game 4 |  
_________ ________ _________ _________ _________ 
Round 1  |  A-B   |         |         |         |   
Round 2  |        |   A-C   |         |   B-D   |   
Round 3  |        |         |   A-D   |         |   
Round 4  |        |         |         |         |   
Round 5  |        |         |   B-C   |         |   
Round 6  |        |         |         |         |   
pairToPlace: C-D
 
*****VOLGENDE ITERATIE*****
pairs: [C-D] & pairsUsed: [A-B, A-C, A-D, B-C, B-D]
doubles: [A-B, A-C, A-D, B-C, B-D, C-D] & doublesUsed: []
currentGame: 1 & prevGame: [0, 1, 2, 2, 3]
currentRound: 3 & prevRound: [0, 1, 2, 4, 1]
TEMPBOARD: 
         | Game 1 |  Game 2 |  Game 3 |  Game 4 |  
_________ ________ _________ _________ _________ 
Round 1  |  A-B   |         |         |         |   
Round 2  |        |   A-C   |         |   B-D   |   
Round 3  |        |         |   A-D   |         |   
Round 4  |        |         |         |         |   
Round 5  |        |         |   B-C   |         |   
Round 6  |        |         |         |         |   
pairToPlace: C-D
 
*****VOLGENDE ITERATIE*****
pairs: [C-D] & pairsUsed: [A-B, A-C, A-D, B-C, B-D]
doubles: [A-B, A-C, A-D, B-C, B-D, C-D] & doublesUsed: []
currentGame: 1 & prevGame: [0, 1, 2, 2, 3]
currentRound: 4 & prevRound: [0, 1, 2, 4, 1]
TEMPBOARD: 
         | Game 1 |  Game 2 |  Game 3 |  Game 4 |  
_________ ________ _________ _________ _________ 
Round 1  |  A-B   |         |         |         |   
Round 2  |        |   A-C   |         |   B-D   |   
Round 3  |        |         |   A-D   |         |   
Round 4  |        |         |         |         |   
Round 5  |        |         |   B-C   |         |   
Round 6  |        |         |         |         |   
pairToPlace: C-D
 
*****VOLGENDE ITERATIE*****
pairs: [C-D] & pairsUsed: [A-B, A-C, A-D, B-C, B-D]
doubles: [A-B, A-C, A-D, B-C, B-D, C-D] & doublesUsed: []
currentGame: 1 & prevGame: [0, 1, 2, 2, 3]
currentRound: 5 & prevRound: [0, 1, 2, 4, 1]
TEMPBOARD: 
         | Game 1 |  Game 2 |  Game 3 |  Game 4 |  
_________ ________ _________ _________ _________ 
Round 1  |  A-B   |         |         |         |   
Round 2  |        |   A-C   |         |   B-D   |   
Round 3  |        |         |   A-D   |         |   
Round 4  |        |         |         |         |   
Round 5  |        |         |   B-C   |         |   
Round 6  |        |         |         |         |   
pairToPlace: C-D
 
*****VOLGENDE ITERATIE*****
pairs: [C-D] & pairsUsed: [A-B, A-C, A-D, B-C, B-D]
doubles: [A-B, A-C, A-D, B-C, B-D, C-D] & doublesUsed: []
currentGame: 1 & prevGame: [0, 1, 2, 2, 3]
currentRound: 6 & prevRound: [0, 1, 2, 4, 1]
TEMPBOARD: 
         | Game 1 |  Game 2 |  Game 3 |  Game 4 |  
_________ ________ _________ _________ _________ 
Round 1  |  A-B   |         |         |         |   
Round 2  |        |   A-C   |         |   B-D   |   
Round 3  |        |         |   A-D   |         |   
Round 4  |        |         |         |         |   
Round 5  |        |         |   B-C   |         |   
Round 6  |        |         |         |         |   
pairToPlace: C-D
 
*****VOLGENDE ITERATIE*****
pairs: [C-D] & pairsUsed: [A-B, A-C, A-D, B-C, B-D]
doubles: [A-B, A-C, A-D, B-C, B-D, C-D] & doublesUsed: []
currentGame: 2 & prevGame: [0, 1, 2, 2, 3]
currentRound: 0 & prevRound: [0, 1, 2, 4, 1]
TEMPBOARD: 
         | Game 1 |  Game 2 |  Game 3 |  Game 4 |  
_________ ________ _________ _________ _________ 
Round 1  |  A-B   |         |         |         |   
Round 2  |        |   A-C   |         |   B-D   |   
Round 3  |        |         |   A-D   |         |   
Round 4  |        |         |         |         |   
Round 5  |        |         |   B-C   |         |   
Round 6  |        |         |         |         |   
pairToPlace: C-D
 
*****VOLGENDE ITERATIE*****
pairs: [C-D] & pairsUsed: [A-B, A-C, A-D, B-C, B-D]
doubles: [A-B, A-C, A-D, B-C, B-D, C-D] & doublesUsed: []
currentGame: 2 & prevGame: [0, 1, 2, 2, 3]
currentRound: 1 & prevRound: [0, 1, 2, 4, 1]
TEMPBOARD: 
         | Game 1 |  Game 2 |  Game 3 |  Game 4 |  
_________ ________ _________ _________ _________ 
Round 1  |  A-B   |         |         |         |   
Round 2  |        |   A-C   |         |   B-D   |   
Round 3  |        |         |   A-D   |         |   
Round 4  |        |         |         |         |   
Round 5  |        |         |   B-C   |         |   
Round 6  |        |         |         |         |   
pairToPlace: C-D
 
*****VOLGENDE ITERATIE*****
pairs: [C-D] & pairsUsed: [A-B, A-C, A-D, B-C, B-D]
doubles: [A-B, A-C, A-D, B-C, B-D, C-D] & doublesUsed: []
currentGame: 2 & prevGame: [0, 1, 2, 2, 3]
currentRound: 2 & prevRound: [0, 1, 2, 4, 1]
TEMPBOARD: 
         | Game 1 |  Game 2 |  Game 3 |  Game 4 |  
_________ ________ _________ _________ _________ 
Round 1  |  A-B   |         |         |         |   
Round 2  |        |   A-C   |         |   B-D   |   
Round 3  |        |         |   A-D   |         |   
Round 4  |        |         |         |         |   
Round 5  |        |         |   B-C   |         |   
Round 6  |        |         |         |         |   
pairToPlace: C-D
 
*****VOLGENDE ITERATIE*****
pairs: [C-D] & pairsUsed: [A-B, A-C, A-D, B-C, B-D]
doubles: [A-B, A-C, A-D, B-C, B-D, C-D] & doublesUsed: []
currentGame: 2 & prevGame: [0, 1, 2, 2, 3]
currentRound: 3 & prevRound: [0, 1, 2, 4, 1]
TEMPBOARD: 
         | Game 1 |  Game 2 |  Game 3 |  Game 4 |  
_________ ________ _________ _________ _________ 
Round 1  |  A-B   |         |         |         |   
Round 2  |        |   A-C   |         |   B-D   |   
Round 3  |        |         |   A-D   |         |   
Round 4  |        |         |         |         |   
Round 5  |        |         |   B-C   |         |   
Round 6  |        |         |         |         |   
pairToPlace: C-D
 
*****VOLGENDE ITERATIE*****
pairs: [C-D] & pairsUsed: [A-B, A-C, A-D, B-C, B-D]
doubles: [A-B, A-C, A-D, B-C, B-D, C-D] & doublesUsed: []
currentGame: 2 & prevGame: [0, 1, 2, 2, 3]
currentRound: 4 & prevRound: [0, 1, 2, 4, 1]
TEMPBOARD: 
         | Game 1 |  Game 2 |  Game 3 |  Game 4 |  
_________ ________ _________ _________ _________ 
Round 1  |  A-B   |         |         |         |   
Round 2  |        |   A-C   |         |   B-D   |   
Round 3  |        |         |   A-D   |         |   
Round 4  |        |         |         |         |   
Round 5  |        |         |   B-C   |         |   
Round 6  |        |         |         |         |   
pairToPlace: C-D
 
*****VOLGENDE ITERATIE*****
pairs: [C-D] & pairsUsed: [A-B, A-C, A-D, B-C, B-D]
doubles: [A-B, A-C, A-D, B-C, B-D, C-D] & doublesUsed: []
currentGame: 2 & prevGame: [0, 1, 2, 2, 3]
currentRound: 5 & prevRound: [0, 1, 2, 4, 1]
TEMPBOARD: 
         | Game 1 |  Game 2 |  Game 3 |  Game 4 |  
_________ ________ _________ _________ _________ 
Round 1  |  A-B   |         |         |         |   
Round 2  |        |   A-C   |         |   B-D   |   
Round 3  |        |         |   A-D   |         |   
Round 4  |        |         |         |         |   
Round 5  |        |         |   B-C   |         |   
Round 6  |        |         |         |         |   
pairToPlace: C-D
 
*****VOLGENDE ITERATIE*****
pairs: [C-D] & pairsUsed: [A-B, A-C, A-D, B-C, B-D]
doubles: [A-B, A-C, A-D, B-C, B-D, C-D] & doublesUsed: []
currentGame: 2 & prevGame: [0, 1, 2, 2, 3]
currentRound: 6 & prevRound: [0, 1, 2, 4, 1]
TEMPBOARD: 
         | Game 1 |  Game 2 |  Game 3 |  Game 4 |  
_________ ________ _________ _________ _________ 
Round 1  |  A-B   |         |         |         |   
Round 2  |        |   A-C   |         |   B-D   |   
Round 3  |        |         |   A-D   |         |   
Round 4  |        |         |         |         |   
Round 5  |        |         |   B-C   |         |   
Round 6  |        |         |         |         |   
pairToPlace: C-D
 
*****VOLGENDE ITERATIE*****
pairs: [C-D] & pairsUsed: [A-B, A-C, A-D, B-C, B-D]
doubles: [A-B, A-C, A-D, B-C, B-D, C-D] & doublesUsed: []
currentGame: 3 & prevGame: [0, 1, 2, 2, 3]
currentRound: 0 & prevRound: [0, 1, 2, 4, 1]
TEMPBOARD: 
         | Game 1 |  Game 2 |  Game 3 |  Game 4 |  
_________ ________ _________ _________ _________ 
Round 1  |  A-B   |         |         |         |   
Round 2  |        |   A-C   |         |   B-D   |   
Round 3  |        |         |   A-D   |         |   
Round 4  |        |         |         |         |   
Round 5  |        |         |   B-C   |         |   
Round 6  |        |         |         |         |   
pairToPlace: C-D
 
*****VOLGENDE ITERATIE*****
pairs: [C-D] & pairsUsed: [A-B, A-C, A-D, B-C, B-D]
doubles: [A-B, A-C, A-D, B-C, B-D, C-D] & doublesUsed: []
currentGame: 3 & prevGame: [0, 1, 2, 2, 3]
currentRound: 1 & prevRound: [0, 1, 2, 4, 1]
TEMPBOARD: 
         | Game 1 |  Game 2 |  Game 3 |  Game 4 |  
_________ ________ _________ _________ _________ 
Round 1  |  A-B   |         |         |         |   
Round 2  |        |   A-C   |         |   B-D   |   
Round 3  |        |         |   A-D   |         |   
Round 4  |        |         |         |         |   
Round 5  |        |         |   B-C   |         |   
Round 6  |        |         |         |         |   
pairToPlace: C-D
 
*****VOLGENDE ITERATIE*****
pairs: [C-D] & pairsUsed: [A-B, A-C, A-D, B-C, B-D]
doubles: [A-B, A-C, A-D, B-C, B-D, C-D] & doublesUsed: []
currentGame: 3 & prevGame: [0, 1, 2, 2, 3]
currentRound: 2 & prevRound: [0, 1, 2, 4, 1]
TEMPBOARD: 
         | Game 1 |  Game 2 |  Game 3 |  Game 4 |  
_________ ________ _________ _________ _________ 
Round 1  |  A-B   |         |         |         |   
Round 2  |        |   A-C   |         |   B-D   |   
Round 3  |        |         |   A-D   |         |   
Round 4  |        |         |         |         |   
Round 5  |        |         |   B-C   |         |   
Round 6  |        |         |         |         |   
pairToPlace: C-D
 
*****VOLGENDE ITERATIE*****
pairs: [C-D] & pairsUsed: [A-B, A-C, A-D, B-C, B-D]
doubles: [A-B, A-C, A-D, B-C, B-D, C-D] & doublesUsed: []
currentGame: 3 & prevGame: [0, 1, 2, 2, 3]
currentRound: 3 & prevRound: [0, 1, 2, 4, 1]
TEMPBOARD: 
         | Game 1 |  Game 2 |  Game 3 |  Game 4 |  
_________ ________ _________ _________ _________ 
Round 1  |  A-B   |         |         |         |   
Round 2  |        |   A-C   |         |   B-D   |   
Round 3  |        |         |   A-D   |         |   
Round 4  |        |         |         |         |   
Round 5  |        |         |   B-C   |         |   
Round 6  |        |         |         |         |   
pairToPlace: C-D
 
*****VOLGENDE ITERATIE*****
pairs: [C-D] & pairsUsed: [A-B, A-C, A-D, B-C, B-D]
doubles: [A-B, A-C, A-D, B-C, B-D, C-D] & doublesUsed: []
currentGame: 3 & prevGame: [0, 1, 2, 2, 3]
currentRound: 4 & prevRound: [0, 1, 2, 4, 1]
TEMPBOARD: 
         | Game 1 |  Game 2 |  Game 3 |  Game 4 |  
_________ ________ _________ _________ _________ 
Round 1  |  A-B   |         |         |         |   
Round 2  |        |   A-C   |         |   B-D   |   
Round 3  |        |         |   A-D   |         |   
Round 4  |        |         |         |         |   
Round 5  |        |         |   B-C   |         |   
Round 6  |        |         |         |         |   
pairToPlace: C-D
 
*****VOLGENDE ITERATIE*****
pairs: [C-D] & pairsUsed: [A-B, A-C, A-D, B-C, B-D]
doubles: [A-B, A-C, A-D, B-C, B-D, C-D] & doublesUsed: []
currentGame: 3 & prevGame: [0, 1, 2, 2, 3]
currentRound: 5 & prevRound: [0, 1, 2, 4, 1]
TEMPBOARD: 
         | Game 1 |  Game 2 |  Game 3 |  Game 4 |  
_________ ________ _________ _________ _________ 
Round 1  |  A-B   |         |         |         |   
Round 2  |        |   A-C   |         |   B-D   |   
Round 3  |        |         |   A-D   |         |   
Round 4  |        |         |         |         |   
Round 5  |        |         |   B-C   |         |   
Round 6  |        |         |         |         |   
pairToPlace: C-D
 
*****VOLGENDE ITERATIE*****
pairs: [C-D] & pairsUsed: [A-B, A-C, A-D, B-C, B-D]
doubles: [A-B, A-C, A-D, B-C, B-D, C-D] & doublesUsed: []
currentGame: 3 & prevGame: [0, 1, 2, 2, 3]
currentRound: 6 & prevRound: [0, 1, 2, 4, 1]
TEMPBOARD: 
         | Game 1 |  Game 2 |  Game 3 |  Game 4 |  
_________ ________ _________ _________ _________ 
Round 1  |  A-B   |         |         |         |   
Round 2  |        |   A-C   |         |   B-D   |   
Round 3  |        |         |   A-D   |         |   
Round 4  |        |         |         |         |   
Round 5  |        |         |   B-C   |         |   
Round 6  |        |         |         |         |   
pairToPlace: C-D
 
*****VOLGENDE ITERATIE*****
pairs: [C-D] & pairsUsed: [A-B, A-C, A-D, B-C, B-D]
doubles: [A-B, A-C, A-D, B-C, B-D, C-D] & doublesUsed: []
currentGame: 4 & prevGame: [0, 1, 2, 2, 3]
currentRound: 0 & prevRound: [0, 1, 2, 4, 1]
TEMPBOARD: 
         | Game 1 |  Game 2 |  Game 3 |  Game 4 |  
_________ ________ _________ _________ _________ 
Round 1  |  A-B   |         |         |         |   
Round 2  |        |   A-C   |         |   B-D   |   
Round 3  |        |         |   A-D   |         |   
Round 4  |        |         |         |         |   
Round 5  |        |         |   B-C   |         |   
Round 6  |        |         |         |         |   
pairToPlace: C-D
 
*****VOLGENDE ITERATIE*****
pairs: [B-D, C-D] & pairsUsed: [A-B, A-C, A-D, B-C]
doubles: [A-B, A-C, A-D, B-C, B-D, C-D] & doublesUsed: []
currentGame: 3 & prevGame: [0, 1, 2, 2]
currentRound: 2 & prevRound: [0, 1, 2, 4]
TEMPBOARD: 
         | Game 1 |  Game 2 |  Game 3 |  Game 4 |  
_________ ________ _________ _________ _________ 
Round 1  |  A-B   |         |         |         |   
Round 2  |        |   A-C   |         |         |   
Round 3  |        |         |   A-D   |         |   
Round 4  |        |         |         |         |   
Round 5  |        |         |   B-C   |         |   
Round 6  |        |         |         |         |   
pairToPlace: B-D
 
*****VOLGENDE ITERATIE*****
pairs: [B-D, C-D] & pairsUsed: [A-B, A-C, A-D, B-C]
doubles: [A-B, A-C, A-D, B-C, B-D, C-D] & doublesUsed: []
currentGame: 3 & prevGame: [0, 1, 2, 2]
currentRound: 3 & prevRound: [0, 1, 2, 4]
TEMPBOARD: 
         | Game 1 |  Game 2 |  Game 3 |  Game 4 |  
_________ ________ _________ _________ _________ 
Round 1  |  A-B   |         |         |         |   
Round 2  |        |   A-C   |         |         |   
Round 3  |        |         |   A-D   |         |   
Round 4  |        |         |         |         |   
Round 5  |        |         |   B-C   |         |   
Round 6  |        |         |         |         |   
pairToPlace: B-D
 
*****VOLGENDE ITERATIE*****
pairs: [C-D] & pairsUsed: [A-B, A-C, A-D, B-C, B-D]
doubles: [A-B, A-C, A-D, B-C, B-D, C-D] & doublesUsed: []
currentGame: 0 & prevGame: [0, 1, 2, 2, 3]
currentRound: 0 & prevRound: [0, 1, 2, 4, 3]
TEMPBOARD: 
         | Game 1 |  Game 2 |  Game 3 |  Game 4 |  
_________ ________ _________ _________ _________ 
Round 1  |  A-B   |         |         |         |   
Round 2  |        |   A-C   |         |         |   
Round 3  |        |         |   A-D   |         |   
Round 4  |        |         |         |   B-D   |   
Round 5  |        |         |   B-C   |         |   
Round 6  |        |         |         |         |   
pairToPlace: C-D
 
*****VOLGENDE ITERATIE*****
pairs: [C-D] & pairsUsed: [A-B, A-C, A-D, B-C, B-D]
doubles: [A-B, A-C, A-D, B-C, B-D, C-D] & doublesUsed: []
currentGame: 0 & prevGame: [0, 1, 2, 2, 3]
currentRound: 1 & prevRound: [0, 1, 2, 4, 3]
TEMPBOARD: 
         | Game 1 |  Game 2 |  Game 3 |  Game 4 |  
_________ ________ _________ _________ _________ 
Round 1  |  A-B   |         |         |         |   
Round 2  |        |   A-C   |         |         |   
Round 3  |        |         |   A-D   |         |   
Round 4  |        |         |         |   B-D   |   
Round 5  |        |         |   B-C   |         |   
Round 6  |        |         |         |         |   
pairToPlace: C-D
 
*****VOLGENDE ITERATIE*****
pairs: [C-D] & pairsUsed: [A-B, A-C, A-D, B-C, B-D]
doubles: [A-B, A-C, A-D, B-C, B-D, C-D] & doublesUsed: []
currentGame: 0 & prevGame: [0, 1, 2, 2, 3]
currentRound: 2 & prevRound: [0, 1, 2, 4, 3]
TEMPBOARD: 
         | Game 1 |  Game 2 |  Game 3 |  Game 4 |  
_________ ________ _________ _________ _________ 
Round 1  |  A-B   |         |         |         |   
Round 2  |        |   A-C   |         |         |   
Round 3  |        |         |   A-D   |         |   
Round 4  |        |         |         |   B-D   |   
Round 5  |        |         |   B-C   |         |   
Round 6  |        |         |         |         |   
pairToPlace: C-D
 
*****VOLGENDE ITERATIE*****
pairs: [C-D] & pairsUsed: [A-B, A-C, A-D, B-C, B-D]
doubles: [A-B, A-C, A-D, B-C, B-D, C-D] & doublesUsed: []
currentGame: 0 & prevGame: [0, 1, 2, 2, 3]
currentRound: 3 & prevRound: [0, 1, 2, 4, 3]
TEMPBOARD: 
         | Game 1 |  Game 2 |  Game 3 |  Game 4 |  
_________ ________ _________ _________ _________ 
Round 1  |  A-B   |         |         |         |   
Round 2  |        |   A-C   |         |         |   
Round 3  |        |         |   A-D   |         |   
Round 4  |        |         |         |   B-D   |   
Round 5  |        |         |   B-C   |         |   
Round 6  |        |         |         |         |   
pairToPlace: C-D
 
*****VOLGENDE ITERATIE*****
pairs: [C-D] & pairsUsed: [A-B, A-C, A-D, B-C, B-D]
doubles: [A-B, A-C, A-D, B-C, B-D, C-D] & doublesUsed: []
currentGame: 0 & prevGame: [0, 1, 2, 2, 3]
currentRound: 4 & prevRound: [0, 1, 2, 4, 3]
TEMPBOARD: 
         | Game 1 |  Game 2 |  Game 3 |  Game 4 |  
_________ ________ _________ _________ _________ 
Round 1  |  A-B   |         |         |         |   
Round 2  |        |   A-C   |         |         |   
Round 3  |        |         |   A-D   |         |   
Round 4  |        |         |         |   B-D   |   
Round 5  |        |         |   B-C   |         |   
Round 6  |        |         |         |         |   
pairToPlace: C-D
 
*****VOLGENDE ITERATIE*****
pairs: [C-D] & pairsUsed: [A-B, A-C, A-D, B-C, B-D]
doubles: [A-B, A-C, A-D, B-C, B-D, C-D] & doublesUsed: []
currentGame: 0 & prevGame: [0, 1, 2, 2, 3]
currentRound: 5 & prevRound: [0, 1, 2, 4, 3]
TEMPBOARD: 
         | Game 1 |  Game 2 |  Game 3 |  Game 4 |  
_________ ________ _________ _________ _________ 
Round 1  |  A-B   |         |         |         |   
Round 2  |        |   A-C   |         |         |   
Round 3  |        |         |   A-D   |         |   
Round 4  |        |         |         |   B-D   |   
Round 5  |        |         |   B-C   |         |   
Round 6  |        |         |         |         |   
pairToPlace: C-D
 
*****VOLGENDE ITERATIE*****
pairs: [] & pairsUsed: [A-B, A-C, A-D, B-C, B-D, C-D]
doubles: [A-B, A-C, A-D, B-C, B-D, C-D] & doublesUsed: []
currentGame: 0 & prevGame: [0, 1, 2, 2, 3, 0]
currentRound: 0 & prevRound: [0, 1, 2, 4, 3, 5]
TEMPBOARD: 
         | Game 1 |  Game 2 |  Game 3 |  Game 4 |  
_________ ________ _________ _________ _________ 
Round 1  |  A-B   |         |         |         |   
Round 2  |        |   A-C   |         |         |   
Round 3  |        |         |   A-D   |         |   
Round 4  |        |         |         |   B-D   |   
Round 5  |        |         |   B-C   |         |   
Round 6  |  C-D   |         |         |         |   
pairToPlace: A-B
 
*****VOLGENDE ITERATIE*****
pairs: [] & pairsUsed: [A-B, A-C, A-D, B-C, B-D, C-D]
doubles: [A-B, A-C, A-D, B-C, B-D, C-D] & doublesUsed: []
currentGame: 0 & prevGame: [0, 1, 2, 2, 3, 0]
currentRound: 1 & prevRound: [0, 1, 2, 4, 3, 5]
TEMPBOARD: 
         | Game 1 |  Game 2 |  Game 3 |  Game 4 |  
_________ ________ _________ _________ _________ 
Round 1  |  A-B   |         |         |         |   
Round 2  |        |   A-C   |         |         |   
Round 3  |        |         |   A-D   |         |   
Round 4  |        |         |         |   B-D   |   
Round 5  |        |         |   B-C   |         |   
Round 6  |  C-D   |         |         |         |   
pairToPlace: A-B
 
*****VOLGENDE ITERATIE*****
pairs: [] & pairsUsed: [A-B, A-C, A-D, B-C, B-D, C-D]
doubles: [A-B, A-C, A-D, B-C, B-D, C-D] & doublesUsed: []
currentGame: 0 & prevGame: [0, 1, 2, 2, 3, 0]
currentRound: 2 & prevRound: [0, 1, 2, 4, 3, 5]
TEMPBOARD: 
         | Game 1 |  Game 2 |  Game 3 |  Game 4 |  
_________ ________ _________ _________ _________ 
Round 1  |  A-B   |         |         |         |   
Round 2  |        |   A-C   |         |         |   
Round 3  |        |         |   A-D   |         |   
Round 4  |        |         |         |   B-D   |   
Round 5  |        |         |   B-C   |         |   
Round 6  |  C-D   |         |         |         |   
pairToPlace: A-B
 
*****VOLGENDE ITERATIE*****
pairs: [] & pairsUsed: [A-B, A-C, A-D, B-C, B-D, C-D]
doubles: [A-B, A-C, A-D, B-C, B-D, C-D] & doublesUsed: []
currentGame: 0 & prevGame: [0, 1, 2, 2, 3, 0]
currentRound: 3 & prevRound: [0, 1, 2, 4, 3, 5]
TEMPBOARD: 
         | Game 1 |  Game 2 |  Game 3 |  Game 4 |  
_________ ________ _________ _________ _________ 
Round 1  |  A-B   |         |         |         |   
Round 2  |        |   A-C   |         |         |   
Round 3  |        |         |   A-D   |         |   
Round 4  |        |         |         |   B-D   |   
Round 5  |        |         |   B-C   |         |   
Round 6  |  C-D   |         |         |         |   
pairToPlace: A-B
 
*****VOLGENDE ITERATIE*****
pairs: [] & pairsUsed: [A-B, A-C, A-D, B-C, B-D, C-D]
doubles: [A-B, A-C, A-D, B-C, B-D, C-D] & doublesUsed: []
currentGame: 0 & prevGame: [0, 1, 2, 2, 3, 0]
currentRound: 4 & prevRound: [0, 1, 2, 4, 3, 5]
TEMPBOARD: 
         | Game 1 |  Game 2 |  Game 3 |  Game 4 |  
_________ ________ _________ _________ _________ 
Round 1  |  A-B   |         |         |         |   
Round 2  |        |   A-C   |         |         |   
Round 3  |        |         |   A-D   |         |   
Round 4  |        |         |         |   B-D   |   
Round 5  |        |         |   B-C   |         |   
Round 6  |  C-D   |         |         |         |   
pairToPlace: A-B
 
*****VOLGENDE ITERATIE*****
pairs: [] & pairsUsed: [A-B, A-C, A-D, B-C, B-D, C-D]
doubles: [A-B, A-C, A-D, B-C, B-D, C-D] & doublesUsed: []
currentGame: 0 & prevGame: [0, 1, 2, 2, 3, 0]
currentRound: 5 & prevRound: [0, 1, 2, 4, 3, 5]
TEMPBOARD: 
         | Game 1 |  Game 2 |  Game 3 |  Game 4 |  
_________ ________ _________ _________ _________ 
Round 1  |  A-B   |         |         |         |   
Round 2  |        |   A-C   |         |         |   
Round 3  |        |         |   A-D   |         |   
Round 4  |        |         |         |   B-D   |   
Round 5  |        |         |   B-C   |         |   
Round 6  |  C-D   |         |         |         |   
pairToPlace: A-B
 
*****VOLGENDE ITERATIE*****
pairs: [] & pairsUsed: [A-B, A-C, A-D, B-C, B-D, C-D]
doubles: [A-B, A-C, A-D, B-C, B-D, C-D] & doublesUsed: []
currentGame: 0 & prevGame: [0, 1, 2, 2, 3, 0]
currentRound: 6 & prevRound: [0, 1, 2, 4, 3, 5]
TEMPBOARD: 
         | Game 1 |  Game 2 |  Game 3 |  Game 4 |  
_________ ________ _________ _________ _________ 
Round 1  |  A-B   |         |         |         |   
Round 2  |        |   A-C   |         |         |   
Round 3  |        |         |   A-D   |         |   
Round 4  |        |         |         |   B-D   |   
Round 5  |        |         |   B-C   |         |   
Round 6  |  C-D   |         |         |         |   
pairToPlace: A-B
 
*****VOLGENDE ITERATIE*****
pairs: [] & pairsUsed: [A-B, A-C, A-D, B-C, B-D, C-D]
doubles: [A-B, A-C, A-D, B-C, B-D, C-D] & doublesUsed: []
currentGame: 1 & prevGame: [0, 1, 2, 2, 3, 0]
currentRound: 0 & prevRound: [0, 1, 2, 4, 3, 5]
TEMPBOARD: 
         | Game 1 |  Game 2 |  Game 3 |  Game 4 |  
_________ ________ _________ _________ _________ 
Round 1  |  A-B   |         |         |         |   
Round 2  |        |   A-C   |         |         |   
Round 3  |        |         |   A-D   |         |   
Round 4  |        |         |         |   B-D   |   
Round 5  |        |         |   B-C   |         |   
Round 6  |  C-D   |         |         |         |   
pairToPlace: A-B
 
*****VOLGENDE ITERATIE*****
pairs: [] & pairsUsed: [A-B, A-C, A-D, B-C, B-D, C-D]
doubles: [A-B, A-C, A-D, B-C, B-D, C-D] & doublesUsed: []
currentGame: 1 & prevGame: [0, 1, 2, 2, 3, 0]
currentRound: 1 & prevRound: [0, 1, 2, 4, 3, 5]
TEMPBOARD: 
         | Game 1 |  Game 2 |  Game 3 |  Game 4 |  
_________ ________ _________ _________ _________ 
Round 1  |  A-B   |         |         |         |   
Round 2  |        |   A-C   |         |         |   
Round 3  |        |         |   A-D   |         |   
Round 4  |        |         |         |   B-D   |   
Round 5  |        |         |   B-C   |         |   
Round 6  |  C-D   |         |         |         |   
pairToPlace: A-B
 
*****VOLGENDE ITERATIE*****
pairs: [] & pairsUsed: [A-B, A-C, A-D, B-C, B-D, C-D]
doubles: [A-B, A-C, A-D, B-C, B-D, C-D] & doublesUsed: []
currentGame: 1 & prevGame: [0, 1, 2, 2, 3, 0]
currentRound: 2 & prevRound: [0, 1, 2, 4, 3, 5]
TEMPBOARD: 
         | Game 1 |  Game 2 |  Game 3 |  Game 4 |  
_________ ________ _________ _________ _________ 
Round 1  |  A-B   |         |         |         |   
Round 2  |        |   A-C   |         |         |   
Round 3  |        |         |   A-D   |         |   
Round 4  |        |         |         |   B-D   |   
Round 5  |        |         |   B-C   |         |   
Round 6  |  C-D   |         |         |         |   
pairToPlace: A-B
 
*****VOLGENDE ITERATIE*****
pairs: [] & pairsUsed: [A-B, A-C, A-D, B-C, B-D, C-D]
doubles: [A-B, A-C, A-D, B-C, B-D, C-D] & doublesUsed: []
currentGame: 1 & prevGame: [0, 1, 2, 2, 3, 0]
currentRound: 3 & prevRound: [0, 1, 2, 4, 3, 5]
TEMPBOARD: 
         | Game 1 |  Game 2 |  Game 3 |  Game 4 |  
_________ ________ _________ _________ _________ 
Round 1  |  A-B   |         |         |         |   
Round 2  |        |   A-C   |         |         |   
Round 3  |        |         |   A-D   |         |   
Round 4  |        |         |         |   B-D   |   
Round 5  |        |         |   B-C   |         |   
Round 6  |  C-D   |         |         |         |   
pairToPlace: A-B
 
*****VOLGENDE ITERATIE*****
pairs: [] & pairsUsed: [A-B, A-C, A-D, B-C, B-D, C-D]
doubles: [A-B, A-C, A-D, B-C, B-D, C-D] & doublesUsed: []
currentGame: 1 & prevGame: [0, 1, 2, 2, 3, 0]
currentRound: 4 & prevRound: [0, 1, 2, 4, 3, 5]
TEMPBOARD: 
         | Game 1 |  Game 2 |  Game 3 |  Game 4 |  
_________ ________ _________ _________ _________ 
Round 1  |  A-B   |         |         |         |   
Round 2  |        |   A-C   |         |         |   
Round 3  |        |         |   A-D   |         |   
Round 4  |        |         |         |   B-D   |   
Round 5  |        |         |   B-C   |         |   
Round 6  |  C-D   |         |         |         |   
pairToPlace: A-B
 
*****VOLGENDE ITERATIE*****
pairs: [] & pairsUsed: [A-B, A-C, A-D, B-C, B-D, C-D]
doubles: [A-B, A-C, A-D, B-C, B-D, C-D] & doublesUsed: []
currentGame: 1 & prevGame: [0, 1, 2, 2, 3, 0]
currentRound: 5 & prevRound: [0, 1, 2, 4, 3, 5]
TEMPBOARD: 
         | Game 1 |  Game 2 |  Game 3 |  Game 4 |  
_________ ________ _________ _________ _________ 
Round 1  |  A-B   |         |         |         |   
Round 2  |        |   A-C   |         |         |   
Round 3  |        |         |   A-D   |         |   
Round 4  |        |         |         |   B-D   |   
Round 5  |        |         |   B-C   |         |   
Round 6  |  C-D   |         |         |         |   
pairToPlace: A-B
 
*****VOLGENDE ITERATIE*****
pairs: [] & pairsUsed: [A-B, A-C, A-D, B-C, B-D, C-D]
doubles: [A-B, A-C, A-D, B-C, B-D, C-D] & doublesUsed: []
currentGame: 1 & prevGame: [0, 1, 2, 2, 3, 0]
currentRound: 6 & prevRound: [0, 1, 2, 4, 3, 5]
TEMPBOARD: 
         | Game 1 |  Game 2 |  Game 3 |  Game 4 |  
_________ ________ _________ _________ _________ 
Round 1  |  A-B   |         |         |         |   
Round 2  |        |   A-C   |         |         |   
Round 3  |        |         |   A-D   |         |   
Round 4  |        |         |         |   B-D   |   
Round 5  |        |         |   B-C   |         |   
Round 6  |  C-D   |         |         |         |   
pairToPlace: A-B
 
*****VOLGENDE ITERATIE*****
pairs: [] & pairsUsed: [A-B, A-C, A-D, B-C, B-D, C-D]
doubles: [A-B, A-C, A-D, B-C, B-D, C-D] & doublesUsed: []
currentGame: 2 & prevGame: [0, 1, 2, 2, 3, 0]
currentRound: 0 & prevRound: [0, 1, 2, 4, 3, 5]
TEMPBOARD: 
         | Game 1 |  Game 2 |  Game 3 |  Game 4 |  
_________ ________ _________ _________ _________ 
Round 1  |  A-B   |         |         |         |   
Round 2  |        |   A-C   |         |         |   
Round 3  |        |         |   A-D   |         |   
Round 4  |        |         |         |   B-D   |   
Round 5  |        |         |   B-C   |         |   
Round 6  |  C-D   |         |         |         |   
pairToPlace: A-B
 
*****VOLGENDE ITERATIE*****
pairs: [] & pairsUsed: [A-B, A-C, A-D, B-C, B-D, C-D]
doubles: [A-B, A-C, A-D, B-C, B-D, C-D] & doublesUsed: []
currentGame: 2 & prevGame: [0, 1, 2, 2, 3, 0]
currentRound: 1 & prevRound: [0, 1, 2, 4, 3, 5]
TEMPBOARD: 
         | Game 1 |  Game 2 |  Game 3 |  Game 4 |  
_________ ________ _________ _________ _________ 
Round 1  |  A-B   |         |         |         |   
Round 2  |        |   A-C   |         |         |   
Round 3  |        |         |   A-D   |         |   
Round 4  |        |         |         |   B-D   |   
Round 5  |        |         |   B-C   |         |   
Round 6  |  C-D   |         |         |         |   
pairToPlace: A-B
 
*****VOLGENDE ITERATIE*****
pairs: [] & pairsUsed: [A-B, A-C, A-D, B-C, B-D, C-D]
doubles: [A-B, A-C, A-D, B-C, B-D, C-D] & doublesUsed: []
currentGame: 2 & prevGame: [0, 1, 2, 2, 3, 0]
currentRound: 2 & prevRound: [0, 1, 2, 4, 3, 5]
TEMPBOARD: 
         | Game 1 |  Game 2 |  Game 3 |  Game 4 |  
_________ ________ _________ _________ _________ 
Round 1  |  A-B   |         |         |         |   
Round 2  |        |   A-C   |         |         |   
Round 3  |        |         |   A-D   |         |   
Round 4  |        |         |         |   B-D   |   
Round 5  |        |         |   B-C   |         |   
Round 6  |  C-D   |         |         |         |   
pairToPlace: A-B
 
*****VOLGENDE ITERATIE*****
pairs: [] & pairsUsed: [A-B, A-C, A-D, B-C, B-D, C-D]
doubles: [A-B, A-C, A-D, B-C, B-D, C-D] & doublesUsed: []
currentGame: 2 & prevGame: [0, 1, 2, 2, 3, 0]
currentRound: 3 & prevRound: [0, 1, 2, 4, 3, 5]
TEMPBOARD: 
         | Game 1 |  Game 2 |  Game 3 |  Game 4 |  
_________ ________ _________ _________ _________ 
Round 1  |  A-B   |         |         |         |   
Round 2  |        |   A-C   |         |         |   
Round 3  |        |         |   A-D   |         |   
Round 4  |        |         |         |   B-D   |   
Round 5  |        |         |   B-C   |         |   
Round 6  |  C-D   |         |         |         |   
pairToPlace: A-B
 
*****VOLGENDE ITERATIE*****
pairs: [] & pairsUsed: [A-B, A-C, A-D, B-C, B-D, C-D]
doubles: [A-B, A-C, A-D, B-C, B-D, C-D] & doublesUsed: []
currentGame: 2 & prevGame: [0, 1, 2, 2, 3, 0]
currentRound: 4 & prevRound: [0, 1, 2, 4, 3, 5]
TEMPBOARD: 
         | Game 1 |  Game 2 |  Game 3 |  Game 4 |  
_________ ________ _________ _________ _________ 
Round 1  |  A-B   |         |         |         |   
Round 2  |        |   A-C   |         |         |   
Round 3  |        |         |   A-D   |         |   
Round 4  |        |         |         |   B-D   |   
Round 5  |        |         |   B-C   |         |   
Round 6  |  C-D   |         |         |         |   
pairToPlace: A-B
 
*****VOLGENDE ITERATIE*****
pairs: [] & pairsUsed: [A-B, A-C, A-D, B-C, B-D, C-D]
doubles: [A-B, A-C, A-D, B-C, B-D, C-D] & doublesUsed: []
currentGame: 2 & prevGame: [0, 1, 2, 2, 3, 0]
currentRound: 5 & prevRound: [0, 1, 2, 4, 3, 5]
TEMPBOARD: 
         | Game 1 |  Game 2 |  Game 3 |  Game 4 |  
_________ ________ _________ _________ _________ 
Round 1  |  A-B   |         |         |         |   
Round 2  |        |   A-C   |         |         |   
Round 3  |        |         |   A-D   |         |   
Round 4  |        |         |         |   B-D   |   
Round 5  |        |         |   B-C   |         |   
Round 6  |  C-D   |         |         |         |   
pairToPlace: A-B
 
*****VOLGENDE ITERATIE*****
pairs: [] & pairsUsed: [A-B, A-C, A-D, B-C, B-D, C-D]
doubles: [A-B, A-C, A-D, B-C, B-D, C-D] & doublesUsed: []
currentGame: 2 & prevGame: [0, 1, 2, 2, 3, 0]
currentRound: 6 & prevRound: [0, 1, 2, 4, 3, 5]
TEMPBOARD: 
         | Game 1 |  Game 2 |  Game 3 |  Game 4 |  
_________ ________ _________ _________ _________ 
Round 1  |  A-B   |         |         |         |   
Round 2  |        |   A-C   |         |         |   
Round 3  |        |         |   A-D   |         |   
Round 4  |        |         |         |   B-D   |   
Round 5  |        |         |   B-C   |         |   
Round 6  |  C-D   |         |         |         |   
pairToPlace: A-B
 
*****VOLGENDE ITERATIE*****
pairs: [] & pairsUsed: [A-B, A-C, A-D, B-C, B-D, C-D]
doubles: [A-B, A-C, A-D, B-C, B-D, C-D] & doublesUsed: []
currentGame: 3 & prevGame: [0, 1, 2, 2, 3, 0]
currentRound: 0 & prevRound: [0, 1, 2, 4, 3, 5]
TEMPBOARD: 
         | Game 1 |  Game 2 |  Game 3 |  Game 4 |  
_________ ________ _________ _________ _________ 
Round 1  |  A-B   |         |         |         |   
Round 2  |        |   A-C   |         |         |   
Round 3  |        |         |   A-D   |         |   
Round 4  |        |         |         |   B-D   |   
Round 5  |        |         |   B-C   |         |   
Round 6  |  C-D   |         |         |         |   
pairToPlace: A-B
 
*****VOLGENDE ITERATIE*****
pairs: [] & pairsUsed: [A-B, A-C, A-D, B-C, B-D, C-D]
doubles: [A-B, A-C, A-D, B-C, B-D, C-D] & doublesUsed: []
currentGame: 3 & prevGame: [0, 1, 2, 2, 3, 0]
currentRound: 1 & prevRound: [0, 1, 2, 4, 3, 5]
TEMPBOARD: 
         | Game 1 |  Game 2 |  Game 3 |  Game 4 |  
_________ ________ _________ _________ _________ 
Round 1  |  A-B   |         |         |         |   
Round 2  |        |   A-C   |         |         |   
Round 3  |        |         |   A-D   |         |   
Round 4  |        |         |         |   B-D   |   
Round 5  |        |         |   B-C   |         |   
Round 6  |  C-D   |         |         |         |   
pairToPlace: A-B
 
*****VOLGENDE ITERATIE*****
pairs: [] & pairsUsed: [A-B, A-C, A-D, B-C, B-D, C-D]
doubles: [A-B, A-C, A-D, B-C, B-D, C-D] & doublesUsed: []
currentGame: 3 & prevGame: [0, 1, 2, 2, 3, 0]
currentRound: 2 & prevRound: [0, 1, 2, 4, 3, 5]
TEMPBOARD: 
         | Game 1 |  Game 2 |  Game 3 |  Game 4 |  
_________ ________ _________ _________ _________ 
Round 1  |  A-B   |         |         |         |   
Round 2  |        |   A-C   |         |         |   
Round 3  |        |         |   A-D   |         |   
Round 4  |        |         |         |   B-D   |   
Round 5  |        |         |   B-C   |         |   
Round 6  |  C-D   |         |         |         |   
pairToPlace: A-B
 
*****VOLGENDE ITERATIE*****
pairs: [] & pairsUsed: [A-B, A-C, A-D, B-C, B-D, C-D]
doubles: [A-B, A-C, A-D, B-C, B-D, C-D] & doublesUsed: []
currentGame: 3 & prevGame: [0, 1, 2, 2, 3, 0]
currentRound: 3 & prevRound: [0, 1, 2, 4, 3, 5]
TEMPBOARD: 
         | Game 1 |  Game 2 |  Game 3 |  Game 4 |  
_________ ________ _________ _________ _________ 
Round 1  |  A-B   |         |         |         |   
Round 2  |        |   A-C   |         |         |   
Round 3  |        |         |   A-D   |         |   
Round 4  |        |         |         |   B-D   |   
Round 5  |        |         |   B-C   |         |   
Round 6  |  C-D   |         |         |         |   
pairToPlace: A-B
 
*****VOLGENDE ITERATIE*****
pairs: [] & pairsUsed: [A-B, A-C, A-D, B-C, B-D, C-D]
doubles: [A-B, A-C, A-D, B-C, B-D, C-D] & doublesUsed: []
currentGame: 3 & prevGame: [0, 1, 2, 2, 3, 0]
currentRound: 4 & prevRound: [0, 1, 2, 4, 3, 5]
TEMPBOARD: 
         | Game 1 |  Game 2 |  Game 3 |  Game 4 |  
_________ ________ _________ _________ _________ 
Round 1  |  A-B   |         |         |         |   
Round 2  |        |   A-C   |         |         |   
Round 3  |        |         |   A-D   |         |   
Round 4  |        |         |         |   B-D   |   
Round 5  |        |         |   B-C   |         |   
Round 6  |  C-D   |         |         |         |   
pairToPlace: A-B
 
*****VOLGENDE ITERATIE*****
pairs: [] & pairsUsed: [A-B, A-C, A-D, B-C, B-D, C-D]
doubles: [A-B, A-C, A-D, B-C, B-D, C-D] & doublesUsed: []
currentGame: 3 & prevGame: [0, 1, 2, 2, 3, 0]
currentRound: 5 & prevRound: [0, 1, 2, 4, 3, 5]
TEMPBOARD: 
         | Game 1 |  Game 2 |  Game 3 |  Game 4 |  
_________ ________ _________ _________ _________ 
Round 1  |  A-B   |         |         |         |   
Round 2  |        |   A-C   |         |         |   
Round 3  |        |         |   A-D   |         |   
Round 4  |        |         |         |   B-D   |   
Round 5  |        |         |   B-C   |         |   
Round 6  |  C-D   |         |         |         |   
pairToPlace: A-B
 
*****VOLGENDE ITERATIE*****
pairs: [] & pairsUsed: [A-B, A-C, A-D, B-C, B-D, C-D]
doubles: [A-B, A-C, A-D, B-C, B-D, C-D] & doublesUsed: []
currentGame: 3 & prevGame: [0, 1, 2, 2, 3, 0]
currentRound: 6 & prevRound: [0, 1, 2, 4, 3, 5]
TEMPBOARD: 
         | Game 1 |  Game 2 |  Game 3 |  Game 4 |  
_________ ________ _________ _________ _________ 
Round 1  |  A-B   |         |         |         |   
Round 2  |        |   A-C   |         |         |   
Round 3  |        |         |   A-D   |         |   
Round 4  |        |         |         |   B-D   |   
Round 5  |        |         |   B-C   |         |   
Round 6  |  C-D   |         |         |         |   
pairToPlace: A-B
 
*****VOLGENDE ITERATIE*****
pairs: [] & pairsUsed: [A-B, A-C, A-D, B-C, B-D, C-D]
doubles: [A-B, A-C, A-D, B-C, B-D, C-D] & doublesUsed: []
currentGame: 4 & prevGame: [0, 1, 2, 2, 3, 0]
currentRound: 0 & prevRound: [0, 1, 2, 4, 3, 5]
TEMPBOARD: 
         | Game 1 |  Game 2 |  Game 3 |  Game 4 |  
_________ ________ _________ _________ _________ 
Round 1  |  A-B   |         |         |         |   
Round 2  |        |   A-C   |         |         |   
Round 3  |        |         |   A-D   |         |   
Round 4  |        |         |         |   B-D   |   
Round 5  |        |         |   B-C   |         |   
Round 6  |  C-D   |         |         |         |   
pairToPlace: A-B
 
*****VOLGENDE ITERATIE*****
pairs: [C-D] & pairsUsed: [A-B, A-C, A-D, B-C, B-D]
doubles: [A-B, A-C, A-D, B-C, B-D, C-D] & doublesUsed: []
currentGame: 0 & prevGame: [0, 1, 2, 2, 3]
currentRound: 6 & prevRound: [0, 1, 2, 4, 3]
TEMPBOARD: 
         | Game 1 |  Game 2 |  Game 3 |  Game 4 |  
_________ ________ _________ _________ _________ 
Round 1  |  A-B   |         |         |         |   
Round 2  |        |   A-C   |         |         |   
Round 3  |        |         |   A-D   |         |   
Round 4  |        |         |         |   B-D   |   
Round 5  |        |         |   B-C   |         |   
Round 6  |        |         |         |         |   
pairToPlace: C-D
 
*****VOLGENDE ITERATIE*****
pairs: [C-D] & pairsUsed: [A-B, A-C, A-D, B-C, B-D]
doubles: [A-B, A-C, A-D, B-C, B-D, C-D] & doublesUsed: []
currentGame: 1 & prevGame: [0, 1, 2, 2, 3]
currentRound: 0 & prevRound: [0, 1, 2, 4, 3]
TEMPBOARD: 
         | Game 1 |  Game 2 |  Game 3 |  Game 4 |  
_________ ________ _________ _________ _________ 
Round 1  |  A-B   |         |         |         |   
Round 2  |        |   A-C   |         |         |   
Round 3  |        |         |   A-D   |         |   
Round 4  |        |         |         |   B-D   |   
Round 5  |        |         |   B-C   |         |   
Round 6  |        |         |         |         |   
pairToPlace: C-D
 
*****VOLGENDE ITERATIE*****
pairs: [C-D] & pairsUsed: [A-B, A-C, A-D, B-C, B-D]
doubles: [A-B, A-C, A-D, B-C, B-D, C-D] & doublesUsed: []
currentGame: 1 & prevGame: [0, 1, 2, 2, 3]
currentRound: 1 & prevRound: [0, 1, 2, 4, 3]
TEMPBOARD: 
         | Game 1 |  Game 2 |  Game 3 |  Game 4 |  
_________ ________ _________ _________ _________ 
Round 1  |  A-B   |         |         |         |   
Round 2  |        |   A-C   |         |         |   
Round 3  |        |         |   A-D   |         |   
Round 4  |        |         |         |   B-D   |   
Round 5  |        |         |   B-C   |         |   
Round 6  |        |         |         |         |   
pairToPlace: C-D
 
*****VOLGENDE ITERATIE*****
pairs: [C-D] & pairsUsed: [A-B, A-C, A-D, B-C, B-D]
doubles: [A-B, A-C, A-D, B-C, B-D, C-D] & doublesUsed: []
currentGame: 1 & prevGame: [0, 1, 2, 2, 3]
currentRound: 2 & prevRound: [0, 1, 2, 4, 3]
TEMPBOARD: 
         | Game 1 |  Game 2 |  Game 3 |  Game 4 |  
_________ ________ _________ _________ _________ 
Round 1  |  A-B   |         |         |         |   
Round 2  |        |   A-C   |         |         |   
Round 3  |        |         |   A-D   |         |   
Round 4  |        |         |         |   B-D   |   
Round 5  |        |         |   B-C   |         |   
Round 6  |        |         |         |         |   
pairToPlace: C-D
 
*****VOLGENDE ITERATIE*****
pairs: [C-D] & pairsUsed: [A-B, A-C, A-D, B-C, B-D]
doubles: [A-B, A-C, A-D, B-C, B-D, C-D] & doublesUsed: []
currentGame: 1 & prevGame: [0, 1, 2, 2, 3]
currentRound: 3 & prevRound: [0, 1, 2, 4, 3]
TEMPBOARD: 
         | Game 1 |  Game 2 |  Game 3 |  Game 4 |  
_________ ________ _________ _________ _________ 
Round 1  |  A-B   |         |         |         |   
Round 2  |        |   A-C   |         |         |   
Round 3  |        |         |   A-D   |         |   
Round 4  |        |         |         |   B-D   |   
Round 5  |        |         |   B-C   |         |   
Round 6  |        |         |         |         |   
pairToPlace: C-D
 
*****VOLGENDE ITERATIE*****
pairs: [C-D] & pairsUsed: [A-B, A-C, A-D, B-C, B-D]
doubles: [A-B, A-C, A-D, B-C, B-D, C-D] & doublesUsed: []
currentGame: 1 & prevGame: [0, 1, 2, 2, 3]
currentRound: 4 & prevRound: [0, 1, 2, 4, 3]
TEMPBOARD: 
         | Game 1 |  Game 2 |  Game 3 |  Game 4 |  
_________ ________ _________ _________ _________ 
Round 1  |  A-B   |         |         |         |   
Round 2  |        |   A-C   |         |         |   
Round 3  |        |         |   A-D   |         |   
Round 4  |        |         |         |   B-D   |   
Round 5  |        |         |   B-C   |         |   
Round 6  |        |         |         |         |   
pairToPlace: C-D
 
*****VOLGENDE ITERATIE*****
pairs: [C-D] & pairsUsed: [A-B, A-C, A-D, B-C, B-D]
doubles: [A-B, A-C, A-D, B-C, B-D, C-D] & doublesUsed: []
currentGame: 1 & prevGame: [0, 1, 2, 2, 3]
currentRound: 5 & prevRound: [0, 1, 2, 4, 3]
TEMPBOARD: 
         | Game 1 |  Game 2 |  Game 3 |  Game 4 |  
_________ ________ _________ _________ _________ 
Round 1  |  A-B   |         |         |         |   
Round 2  |        |   A-C   |         |         |   
Round 3  |        |         |   A-D   |         |   
Round 4  |        |         |         |   B-D   |   
Round 5  |        |         |   B-C   |         |   
Round 6  |        |         |         |         |   
pairToPlace: C-D
 
*****VOLGENDE ITERATIE*****
pairs: [C-D] & pairsUsed: [A-B, A-C, A-D, B-C, B-D]
doubles: [A-B, A-C, A-D, B-C, B-D, C-D] & doublesUsed: []
currentGame: 1 & prevGame: [0, 1, 2, 2, 3]
currentRound: 6 & prevRound: [0, 1, 2, 4, 3]
TEMPBOARD: 
         | Game 1 |  Game 2 |  Game 3 |  Game 4 |  
_________ ________ _________ _________ _________ 
Round 1  |  A-B   |         |         |         |   
Round 2  |        |   A-C   |         |         |   
Round 3  |        |         |   A-D   |         |   
Round 4  |        |         |         |   B-D   |   
Round 5  |        |         |   B-C   |         |   
Round 6  |        |         |         |         |   
pairToPlace: C-D
 
*****VOLGENDE ITERATIE*****
pairs: [C-D] & pairsUsed: [A-B, A-C, A-D, B-C, B-D]
doubles: [A-B, A-C, A-D, B-C, B-D, C-D] & doublesUsed: []
currentGame: 2 & prevGame: [0, 1, 2, 2, 3]
currentRound: 0 & prevRound: [0, 1, 2, 4, 3]
TEMPBOARD: 
         | Game 1 |  Game 2 |  Game 3 |  Game 4 |  
_________ ________ _________ _________ _________ 
Round 1  |  A-B   |         |         |         |   
Round 2  |        |   A-C   |         |         |   
Round 3  |        |         |   A-D   |         |   
Round 4  |        |         |         |   B-D   |   
Round 5  |        |         |   B-C   |         |   
Round 6  |        |         |         |         |   
pairToPlace: C-D
 
*****VOLGENDE ITERATIE*****
pairs: [C-D] & pairsUsed: [A-B, A-C, A-D, B-C, B-D]
doubles: [A-B, A-C, A-D, B-C, B-D, C-D] & doublesUsed: []
currentGame: 2 & prevGame: [0, 1, 2, 2, 3]
currentRound: 1 & prevRound: [0, 1, 2, 4, 3]
TEMPBOARD: 
         | Game 1 |  Game 2 |  Game 3 |  Game 4 |  
_________ ________ _________ _________ _________ 
Round 1  |  A-B   |         |         |         |   
Round 2  |        |   A-C   |         |         |   
Round 3  |        |         |   A-D   |         |   
Round 4  |        |         |         |   B-D   |   
Round 5  |        |         |   B-C   |         |   
Round 6  |        |         |         |         |   
pairToPlace: C-D
 
*****VOLGENDE ITERATIE*****
pairs: [C-D] & pairsUsed: [A-B, A-C, A-D, B-C, B-D]
doubles: [A-B, A-C, A-D, B-C, B-D, C-D] & doublesUsed: []
currentGame: 2 & prevGame: [0, 1, 2, 2, 3]
currentRound: 2 & prevRound: [0, 1, 2, 4, 3]
TEMPBOARD: 
         | Game 1 |  Game 2 |  Game 3 |  Game 4 |  
_________ ________ _________ _________ _________ 
Round 1  |  A-B   |         |         |         |   
Round 2  |        |   A-C   |         |         |   
Round 3  |        |         |   A-D   |         |   
Round 4  |        |         |         |   B-D   |   
Round 5  |        |         |   B-C   |         |   
Round 6  |        |         |         |         |   
pairToPlace: C-D
 
*****VOLGENDE ITERATIE*****
pairs: [C-D] & pairsUsed: [A-B, A-C, A-D, B-C, B-D]
doubles: [A-B, A-C, A-D, B-C, B-D, C-D] & doublesUsed: []
currentGame: 2 & prevGame: [0, 1, 2, 2, 3]
currentRound: 3 & prevRound: [0, 1, 2, 4, 3]
TEMPBOARD: 
         | Game 1 |  Game 2 |  Game 3 |  Game 4 |  
_________ ________ _________ _________ _________ 
Round 1  |  A-B   |         |         |         |   
Round 2  |        |   A-C   |         |         |   
Round 3  |        |         |   A-D   |         |   
Round 4  |        |         |         |   B-D   |   
Round 5  |        |         |   B-C   |         |   
Round 6  |        |         |         |         |   
pairToPlace: C-D
 
*****VOLGENDE ITERATIE*****
pairs: [C-D] & pairsUsed: [A-B, A-C, A-D, B-C, B-D]
doubles: [A-B, A-C, A-D, B-C, B-D, C-D] & doublesUsed: []
currentGame: 2 & prevGame: [0, 1, 2, 2, 3]
currentRound: 4 & prevRound: [0, 1, 2, 4, 3]
TEMPBOARD: 
         | Game 1 |  Game 2 |  Game 3 |  Game 4 |  
_________ ________ _________ _________ _________ 
Round 1  |  A-B   |         |         |         |   
Round 2  |        |   A-C   |         |         |   
Round 3  |        |         |   A-D   |         |   
Round 4  |        |         |         |   B-D   |   
Round 5  |        |         |   B-C   |         |   
Round 6  |        |         |         |         |   
pairToPlace: C-D
 
*****VOLGENDE ITERATIE*****
pairs: [C-D] & pairsUsed: [A-B, A-C, A-D, B-C, B-D]
doubles: [A-B, A-C, A-D, B-C, B-D, C-D] & doublesUsed: []
currentGame: 2 & prevGame: [0, 1, 2, 2, 3]
currentRound: 5 & prevRound: [0, 1, 2, 4, 3]
TEMPBOARD: 
         | Game 1 |  Game 2 |  Game 3 |  Game 4 |  
_________ ________ _________ _________ _________ 
Round 1  |  A-B   |         |         |         |   
Round 2  |        |   A-C   |         |         |   
Round 3  |        |         |   A-D   |         |   
Round 4  |        |         |         |   B-D   |   
Round 5  |        |         |   B-C   |         |   
Round 6  |        |         |         |         |   
pairToPlace: C-D
 
*****VOLGENDE ITERATIE*****
pairs: [C-D] & pairsUsed: [A-B, A-C, A-D, B-C, B-D]
doubles: [A-B, A-C, A-D, B-C, B-D, C-D] & doublesUsed: []
currentGame: 2 & prevGame: [0, 1, 2, 2, 3]
currentRound: 6 & prevRound: [0, 1, 2, 4, 3]
TEMPBOARD: 
         | Game 1 |  Game 2 |  Game 3 |  Game 4 |  
_________ ________ _________ _________ _________ 
Round 1  |  A-B   |         |         |         |   
Round 2  |        |   A-C   |         |         |   
Round 3  |        |         |   A-D   |         |   
Round 4  |        |         |         |   B-D   |   
Round 5  |        |         |   B-C   |         |   
Round 6  |        |         |         |         |   
pairToPlace: C-D
 
*****VOLGENDE ITERATIE*****
pairs: [C-D] & pairsUsed: [A-B, A-C, A-D, B-C, B-D]
doubles: [A-B, A-C, A-D, B-C, B-D, C-D] & doublesUsed: []
currentGame: 3 & prevGame: [0, 1, 2, 2, 3]
currentRound: 0 & prevRound: [0, 1, 2, 4, 3]
TEMPBOARD: 
         | Game 1 |  Game 2 |  Game 3 |  Game 4 |  
_________ ________ _________ _________ _________ 
Round 1  |  A-B   |         |         |         |   
Round 2  |        |   A-C   |         |         |   
Round 3  |        |         |   A-D   |         |   
Round 4  |        |         |         |   B-D   |   
Round 5  |        |         |   B-C   |         |   
Round 6  |        |         |         |         |   
pairToPlace: C-D
 
*****VOLGENDE ITERATIE*****
pairs: [C-D] & pairsUsed: [A-B, A-C, A-D, B-C, B-D]
doubles: [A-B, A-C, A-D, B-C, B-D, C-D] & doublesUsed: []
currentGame: 3 & prevGame: [0, 1, 2, 2, 3]
currentRound: 1 & prevRound: [0, 1, 2, 4, 3]
TEMPBOARD: 
         | Game 1 |  Game 2 |  Game 3 |  Game 4 |  
_________ ________ _________ _________ _________ 
Round 1  |  A-B   |         |         |         |   
Round 2  |        |   A-C   |         |         |   
Round 3  |        |         |   A-D   |         |   
Round 4  |        |         |         |   B-D   |   
Round 5  |        |         |   B-C   |         |   
Round 6  |        |         |         |         |   
pairToPlace: C-D
 
*****VOLGENDE ITERATIE*****
pairs: [C-D] & pairsUsed: [A-B, A-C, A-D, B-C, B-D]
doubles: [A-B, A-C, A-D, B-C, B-D, C-D] & doublesUsed: []
currentGame: 3 & prevGame: [0, 1, 2, 2, 3]
currentRound: 2 & prevRound: [0, 1, 2, 4, 3]
TEMPBOARD: 
         | Game 1 |  Game 2 |  Game 3 |  Game 4 |  
_________ ________ _________ _________ _________ 
Round 1  |  A-B   |         |         |         |   
Round 2  |        |   A-C   |         |         |   
Round 3  |        |         |   A-D   |         |   
Round 4  |        |         |         |   B-D   |   
Round 5  |        |         |   B-C   |         |   
Round 6  |        |         |         |         |   
pairToPlace: C-D
 
*****VOLGENDE ITERATIE*****
pairs: [C-D] & pairsUsed: [A-B, A-C, A-D, B-C, B-D]
doubles: [A-B, A-C, A-D, B-C, B-D, C-D] & doublesUsed: []
currentGame: 3 & prevGame: [0, 1, 2, 2, 3]
currentRound: 3 & prevRound: [0, 1, 2, 4, 3]
TEMPBOARD: 
         | Game 1 |  Game 2 |  Game 3 |  Game 4 |  
_________ ________ _________ _________ _________ 
Round 1  |  A-B   |         |         |         |   
Round 2  |        |   A-C   |         |         |   
Round 3  |        |         |   A-D   |         |   
Round 4  |        |         |         |   B-D   |   
Round 5  |        |         |   B-C   |         |   
Round 6  |        |         |         |         |   
pairToPlace: C-D
 
*****VOLGENDE ITERATIE*****
pairs: [C-D] & pairsUsed: [A-B, A-C, A-D, B-C, B-D]
doubles: [A-B, A-C, A-D, B-C, B-D, C-D] & doublesUsed: []
currentGame: 3 & prevGame: [0, 1, 2, 2, 3]
currentRound: 4 & prevRound: [0, 1, 2, 4, 3]
TEMPBOARD: 
         | Game 1 |  Game 2 |  Game 3 |  Game 4 |  
_________ ________ _________ _________ _________ 
Round 1  |  A-B   |         |         |         |   
Round 2  |        |   A-C   |         |         |   
Round 3  |        |         |   A-D   |         |   
Round 4  |        |         |         |   B-D   |   
Round 5  |        |         |   B-C   |         |   
Round 6  |        |         |         |         |   
pairToPlace: C-D
 
*****VOLGENDE ITERATIE*****
pairs: [C-D] & pairsUsed: [A-B, A-C, A-D, B-C, B-D]
doubles: [A-B, A-C, A-D, B-C, B-D, C-D] & doublesUsed: []
currentGame: 3 & prevGame: [0, 1, 2, 2, 3]
currentRound: 5 & prevRound: [0, 1, 2, 4, 3]
TEMPBOARD: 
         | Game 1 |  Game 2 |  Game 3 |  Game 4 |  
_________ ________ _________ _________ _________ 
Round 1  |  A-B   |         |         |         |   
Round 2  |        |   A-C   |         |         |   
Round 3  |        |         |   A-D   |         |   
Round 4  |        |         |         |   B-D   |   
Round 5  |        |         |   B-C   |         |   
Round 6  |        |         |         |         |   
pairToPlace: C-D
 
*****VOLGENDE ITERATIE*****
pairs: [C-D] & pairsUsed: [A-B, A-C, A-D, B-C, B-D]
doubles: [A-B, A-C, A-D, B-C, B-D, C-D] & doublesUsed: []
currentGame: 3 & prevGame: [0, 1, 2, 2, 3]
currentRound: 6 & prevRound: [0, 1, 2, 4, 3]
TEMPBOARD: 
         | Game 1 |  Game 2 |  Game 3 |  Game 4 |  
_________ ________ _________ _________ _________ 
Round 1  |  A-B   |         |         |         |   
Round 2  |        |   A-C   |         |         |   
Round 3  |        |         |   A-D   |         |   
Round 4  |        |         |         |   B-D   |   
Round 5  |        |         |   B-C   |         |   
Round 6  |        |         |         |         |   
pairToPlace: C-D
 
*****VOLGENDE ITERATIE*****
pairs: [C-D] & pairsUsed: [A-B, A-C, A-D, B-C, B-D]
doubles: [A-B, A-C, A-D, B-C, B-D, C-D] & doublesUsed: []
currentGame: 4 & prevGame: [0, 1, 2, 2, 3]
currentRound: 0 & prevRound: [0, 1, 2, 4, 3]
TEMPBOARD: 
         | Game 1 |  Game 2 |  Game 3 |  Game 4 |  
_________ ________ _________ _________ _________ 
Round 1  |  A-B   |         |         |         |   
Round 2  |        |   A-C   |         |         |   
Round 3  |        |         |   A-D   |         |   
Round 4  |        |         |         |   B-D   |   
Round 5  |        |         |   B-C   |         |   
Round 6  |        |         |         |         |   
pairToPlace: C-D
 
*****VOLGENDE ITERATIE*****
pairs: [B-D, C-D] & pairsUsed: [A-B, A-C, A-D, B-C]
doubles: [A-B, A-C, A-D, B-C, B-D, C-D] & doublesUsed: []
currentGame: 3 & prevGame: [0, 1, 2, 2]
currentRound: 4 & prevRound: [0, 1, 2, 4]
TEMPBOARD: 
         | Game 1 |  Game 2 |  Game 3 |  Game 4 |  
_________ ________ _________ _________ _________ 
Round 1  |  A-B   |         |         |         |   
Round 2  |        |   A-C   |         |         |   
Round 3  |        |         |   A-D   |         |   
Round 4  |        |         |         |         |   
Round 5  |        |         |   B-C   |         |   
Round 6  |        |         |         |         |   
pairToPlace: B-D
 
*****VOLGENDE ITERATIE*****
pairs: [B-D, C-D] & pairsUsed: [A-B, A-C, A-D, B-C]
doubles: [A-B, A-C, A-D, B-C, B-D, C-D] & doublesUsed: []
currentGame: 3 & prevGame: [0, 1, 2, 2]
currentRound: 5 & prevRound: [0, 1, 2, 4]
TEMPBOARD: 
         | Game 1 |  Game 2 |  Game 3 |  Game 4 |  
_________ ________ _________ _________ _________ 
Round 1  |  A-B   |         |         |         |   
Round 2  |        |   A-C   |         |         |   
Round 3  |        |         |   A-D   |         |   
Round 4  |        |         |         |         |   
Round 5  |        |         |   B-C   |         |   
Round 6  |        |         |         |         |   
pairToPlace: B-D
 
*****VOLGENDE ITERATIE*****
pairs: [C-D] & pairsUsed: [A-B, A-C, A-D, B-C, B-D]
doubles: [A-B, A-C, A-D, B-C, B-D, C-D] & doublesUsed: []
currentGame: 0 & prevGame: [0, 1, 2, 2, 3]
currentRound: 0 & prevRound: [0, 1, 2, 4, 5]
TEMPBOARD: 
         | Game 1 |  Game 2 |  Game 3 |  Game 4 |  
_________ ________ _________ _________ _________ 
Round 1  |  A-B   |         |         |         |   
Round 2  |        |   A-C   |         |         |   
Round 3  |        |         |   A-D   |         |   
Round 4  |        |         |         |         |   
Round 5  |        |         |   B-C   |         |   
Round 6  |        |         |         |   B-D   |   
pairToPlace: C-D
 
*****VOLGENDE ITERATIE*****
pairs: [C-D] & pairsUsed: [A-B, A-C, A-D, B-C, B-D]
doubles: [A-B, A-C, A-D, B-C, B-D, C-D] & doublesUsed: []
currentGame: 0 & prevGame: [0, 1, 2, 2, 3]
currentRound: 1 & prevRound: [0, 1, 2, 4, 5]
TEMPBOARD: 
         | Game 1 |  Game 2 |  Game 3 |  Game 4 |  
_________ ________ _________ _________ _________ 
Round 1  |  A-B   |         |         |         |   
Round 2  |        |   A-C   |         |         |   
Round 3  |        |         |   A-D   |         |   
Round 4  |        |         |         |         |   
Round 5  |        |         |   B-C   |         |   
Round 6  |        |         |         |   B-D   |   
pairToPlace: C-D
 
*****VOLGENDE ITERATIE*****
pairs: [C-D] & pairsUsed: [A-B, A-C, A-D, B-C, B-D]
doubles: [A-B, A-C, A-D, B-C, B-D, C-D] & doublesUsed: []
currentGame: 0 & prevGame: [0, 1, 2, 2, 3]
currentRound: 2 & prevRound: [0, 1, 2, 4, 5]
TEMPBOARD: 
         | Game 1 |  Game 2 |  Game 3 |  Game 4 |  
_________ ________ _________ _________ _________ 
Round 1  |  A-B   |         |         |         |   
Round 2  |        |   A-C   |         |         |   
Round 3  |        |         |   A-D   |         |   
Round 4  |        |         |         |         |   
Round 5  |        |         |   B-C   |         |   
Round 6  |        |         |         |   B-D   |   
pairToPlace: C-D
 
*****VOLGENDE ITERATIE*****
pairs: [C-D] & pairsUsed: [A-B, A-C, A-D, B-C, B-D]
doubles: [A-B, A-C, A-D, B-C, B-D, C-D] & doublesUsed: []
currentGame: 0 & prevGame: [0, 1, 2, 2, 3]
currentRound: 3 & prevRound: [0, 1, 2, 4, 5]
TEMPBOARD: 
         | Game 1 |  Game 2 |  Game 3 |  Game 4 |  
_________ ________ _________ _________ _________ 
Round 1  |  A-B   |         |         |         |   
Round 2  |        |   A-C   |         |         |   
Round 3  |        |         |   A-D   |         |   
Round 4  |        |         |         |         |   
Round 5  |        |         |   B-C   |         |   
Round 6  |        |         |         |   B-D   |   
pairToPlace: C-D
 
*****VOLGENDE ITERATIE*****
pairs: [] & pairsUsed: [A-B, A-C, A-D, B-C, B-D, C-D]
doubles: [A-B, A-C, A-D, B-C, B-D, C-D] & doublesUsed: []
currentGame: 0 & prevGame: [0, 1, 2, 2, 3, 0]
currentRound: 0 & prevRound: [0, 1, 2, 4, 5, 3]
TEMPBOARD: 
         | Game 1 |  Game 2 |  Game 3 |  Game 4 |  
_________ ________ _________ _________ _________ 
Round 1  |  A-B   |         |         |         |   
Round 2  |        |   A-C   |         |         |   
Round 3  |        |         |   A-D   |         |   
Round 4  |  C-D   |         |         |         |   
Round 5  |        |         |   B-C   |         |   
Round 6  |        |         |         |   B-D   |   
pairToPlace: A-B
 
*****VOLGENDE ITERATIE*****
pairs: [] & pairsUsed: [A-B, A-C, A-D, B-C, B-D, C-D]
doubles: [A-B, A-C, A-D, B-C, B-D, C-D] & doublesUsed: []
currentGame: 0 & prevGame: [0, 1, 2, 2, 3, 0]
currentRound: 1 & prevRound: [0, 1, 2, 4, 5, 3]
TEMPBOARD: 
         | Game 1 |  Game 2 |  Game 3 |  Game 4 |  
_________ ________ _________ _________ _________ 
Round 1  |  A-B   |         |         |         |   
Round 2  |        |   A-C   |         |         |   
Round 3  |        |         |   A-D   |         |   
Round 4  |  C-D   |         |         |         |   
Round 5  |        |         |   B-C   |         |   
Round 6  |        |         |         |   B-D   |   
pairToPlace: A-B
 
*****VOLGENDE ITERATIE*****
pairs: [] & pairsUsed: [A-B, A-C, A-D, B-C, B-D, C-D]
doubles: [A-B, A-C, A-D, B-C, B-D, C-D] & doublesUsed: []
currentGame: 0 & prevGame: [0, 1, 2, 2, 3, 0]
currentRound: 2 & prevRound: [0, 1, 2, 4, 5, 3]
TEMPBOARD: 
         | Game 1 |  Game 2 |  Game 3 |  Game 4 |  
_________ ________ _________ _________ _________ 
Round 1  |  A-B   |         |         |         |   
Round 2  |        |   A-C   |         |         |   
Round 3  |        |         |   A-D   |         |   
Round 4  |  C-D   |         |         |         |   
Round 5  |        |         |   B-C   |         |   
Round 6  |        |         |         |   B-D   |   
pairToPlace: A-B
 
*****VOLGENDE ITERATIE*****
pairs: [] & pairsUsed: [A-B, A-C, A-D, B-C, B-D, C-D]
doubles: [A-B, A-C, A-D, B-C, B-D, C-D] & doublesUsed: []
currentGame: 0 & prevGame: [0, 1, 2, 2, 3, 0]
currentRound: 3 & prevRound: [0, 1, 2, 4, 5, 3]
TEMPBOARD: 
         | Game 1 |  Game 2 |  Game 3 |  Game 4 |  
_________ ________ _________ _________ _________ 
Round 1  |  A-B   |         |         |         |   
Round 2  |        |   A-C   |         |         |   
Round 3  |        |         |   A-D   |         |   
Round 4  |  C-D   |         |         |         |   
Round 5  |        |         |   B-C   |         |   
Round 6  |        |         |         |   B-D   |   
pairToPlace: A-B
 
*****VOLGENDE ITERATIE*****
pairs: [] & pairsUsed: [A-B, A-C, A-D, B-C, B-D, C-D]
doubles: [A-B, A-C, A-D, B-C, B-D, C-D] & doublesUsed: []
currentGame: 0 & prevGame: [0, 1, 2, 2, 3, 0]
currentRound: 4 & prevRound: [0, 1, 2, 4, 5, 3]
TEMPBOARD: 
         | Game 1 |  Game 2 |  Game 3 |  Game 4 |  
_________ ________ _________ _________ _________ 
Round 1  |  A-B   |         |         |         |   
Round 2  |        |   A-C   |         |         |   
Round 3  |        |         |   A-D   |         |   
Round 4  |  C-D   |         |         |         |   
Round 5  |        |         |   B-C   |         |   
Round 6  |        |         |         |   B-D   |   
pairToPlace: A-B
 
*****VOLGENDE ITERATIE*****
pairs: [] & pairsUsed: [A-B, A-C, A-D, B-C, B-D, C-D]
doubles: [A-B, A-C, A-D, B-C, B-D, C-D] & doublesUsed: []
currentGame: 0 & prevGame: [0, 1, 2, 2, 3, 0]
currentRound: 5 & prevRound: [0, 1, 2, 4, 5, 3]
TEMPBOARD: 
         | Game 1 |  Game 2 |  Game 3 |  Game 4 |  
_________ ________ _________ _________ _________ 
Round 1  |  A-B   |         |         |         |   
Round 2  |        |   A-C   |         |         |   
Round 3  |        |         |   A-D   |         |   
Round 4  |  C-D   |         |         |         |   
Round 5  |        |         |   B-C   |         |   
Round 6  |        |         |         |   B-D   |   
pairToPlace: A-B
 
*****VOLGENDE ITERATIE*****
pairs: [] & pairsUsed: [A-B, A-C, A-D, B-C, B-D, C-D]
doubles: [A-B, A-C, A-D, B-C, B-D, C-D] & doublesUsed: []
currentGame: 0 & prevGame: [0, 1, 2, 2, 3, 0]
currentRound: 6 & prevRound: [0, 1, 2, 4, 5, 3]
TEMPBOARD: 
         | Game 1 |  Game 2 |  Game 3 |  Game 4 |  
_________ ________ _________ _________ _________ 
Round 1  |  A-B   |         |         |         |   
Round 2  |        |   A-C   |         |         |   
Round 3  |        |         |   A-D   |         |   
Round 4  |  C-D   |         |         |         |   
Round 5  |        |         |   B-C   |         |   
Round 6  |        |         |         |   B-D   |   
pairToPlace: A-B
 
*****VOLGENDE ITERATIE*****
pairs: [] & pairsUsed: [A-B, A-C, A-D, B-C, B-D, C-D]
doubles: [A-B, A-C, A-D, B-C, B-D, C-D] & doublesUsed: []
currentGame: 1 & prevGame: [0, 1, 2, 2, 3, 0]
currentRound: 0 & prevRound: [0, 1, 2, 4, 5, 3]
TEMPBOARD: 
         | Game 1 |  Game 2 |  Game 3 |  Game 4 |  
_________ ________ _________ _________ _________ 
Round 1  |  A-B   |         |         |         |   
Round 2  |        |   A-C   |         |         |   
Round 3  |        |         |   A-D   |         |   
Round 4  |  C-D   |         |         |         |   
Round 5  |        |         |   B-C   |         |   
Round 6  |        |         |         |   B-D   |   
pairToPlace: A-B
 
*****VOLGENDE ITERATIE*****
pairs: [] & pairsUsed: [A-B, A-C, A-D, B-C, B-D, C-D]
doubles: [A-B, A-C, A-D, B-C, B-D, C-D] & doublesUsed: []
currentGame: 1 & prevGame: [0, 1, 2, 2, 3, 0]
currentRound: 1 & prevRound: [0, 1, 2, 4, 5, 3]
TEMPBOARD: 
         | Game 1 |  Game 2 |  Game 3 |  Game 4 |  
_________ ________ _________ _________ _________ 
Round 1  |  A-B   |         |         |         |   
Round 2  |        |   A-C   |         |         |   
Round 3  |        |         |   A-D   |         |   
Round 4  |  C-D   |         |         |         |   
Round 5  |        |         |   B-C   |         |   
Round 6  |        |         |         |   B-D   |   
pairToPlace: A-B
 
*****VOLGENDE ITERATIE*****
pairs: [] & pairsUsed: [A-B, A-C, A-D, B-C, B-D, C-D]
doubles: [A-B, A-C, A-D, B-C, B-D, C-D] & doublesUsed: []
currentGame: 1 & prevGame: [0, 1, 2, 2, 3, 0]
currentRound: 2 & prevRound: [0, 1, 2, 4, 5, 3]
TEMPBOARD: 
         | Game 1 |  Game 2 |  Game 3 |  Game 4 |  
_________ ________ _________ _________ _________ 
Round 1  |  A-B   |         |         |         |   
Round 2  |        |   A-C   |         |         |   
Round 3  |        |         |   A-D   |         |   
Round 4  |  C-D   |         |         |         |   
Round 5  |        |         |   B-C   |         |   
Round 6  |        |         |         |   B-D   |   
pairToPlace: A-B
 
*****VOLGENDE ITERATIE*****
pairs: [] & pairsUsed: [A-B, A-C, A-D, B-C, B-D, C-D]
doubles: [A-B, A-C, A-D, B-C, B-D, C-D] & doublesUsed: []
currentGame: 1 & prevGame: [0, 1, 2, 2, 3, 0]
currentRound: 3 & prevRound: [0, 1, 2, 4, 5, 3]
TEMPBOARD: 
         | Game 1 |  Game 2 |  Game 3 |  Game 4 |  
_________ ________ _________ _________ _________ 
Round 1  |  A-B   |         |         |         |   
Round 2  |        |   A-C   |         |         |   
Round 3  |        |         |   A-D   |         |   
Round 4  |  C-D   |         |         |         |   
Round 5  |        |         |   B-C   |         |   
Round 6  |        |         |         |   B-D   |   
pairToPlace: A-B
 
*****VOLGENDE ITERATIE*****
pairs: [] & pairsUsed: [A-B, A-C, A-D, B-C, B-D, C-D]
doubles: [A-B, A-C, A-D, B-C, B-D, C-D] & doublesUsed: []
currentGame: 1 & prevGame: [0, 1, 2, 2, 3, 0]
currentRound: 4 & prevRound: [0, 1, 2, 4, 5, 3]
TEMPBOARD: 
         | Game 1 |  Game 2 |  Game 3 |  Game 4 |  
_________ ________ _________ _________ _________ 
Round 1  |  A-B   |         |         |         |   
Round 2  |        |   A-C   |         |         |   
Round 3  |        |         |   A-D   |         |   
Round 4  |  C-D   |         |         |         |   
Round 5  |        |         |   B-C   |         |   
Round 6  |        |         |         |   B-D   |   
pairToPlace: A-B
 
*****VOLGENDE ITERATIE*****
pairs: [] & pairsUsed: [A-B, A-C, A-D, B-C, B-D, C-D]
doubles: [A-B, A-C, A-D, B-C, B-D, C-D] & doublesUsed: []
currentGame: 1 & prevGame: [0, 1, 2, 2, 3, 0]
currentRound: 5 & prevRound: [0, 1, 2, 4, 5, 3]
TEMPBOARD: 
         | Game 1 |  Game 2 |  Game 3 |  Game 4 |  
_________ ________ _________ _________ _________ 
Round 1  |  A-B   |         |         |         |   
Round 2  |        |   A-C   |         |         |   
Round 3  |        |         |   A-D   |         |   
Round 4  |  C-D   |         |         |         |   
Round 5  |        |         |   B-C   |         |   
Round 6  |        |         |         |   B-D   |   
pairToPlace: A-B
 
*****VOLGENDE ITERATIE*****
pairs: [] & pairsUsed: [A-B, A-C, A-D, B-C, B-D, C-D]
doubles: [A-B, A-C, A-D, B-C, B-D, C-D] & doublesUsed: []
currentGame: 1 & prevGame: [0, 1, 2, 2, 3, 0]
currentRound: 6 & prevRound: [0, 1, 2, 4, 5, 3]
TEMPBOARD: 
         | Game 1 |  Game 2 |  Game 3 |  Game 4 |  
_________ ________ _________ _________ _________ 
Round 1  |  A-B   |         |         |         |   
Round 2  |        |   A-C   |         |         |   
Round 3  |        |         |   A-D   |         |   
Round 4  |  C-D   |         |         |         |   
Round 5  |        |         |   B-C   |         |   
Round 6  |        |         |         |   B-D   |   
pairToPlace: A-B
 
*****VOLGENDE ITERATIE*****
pairs: [] & pairsUsed: [A-B, A-C, A-D, B-C, B-D, C-D]
doubles: [A-B, A-C, A-D, B-C, B-D, C-D] & doublesUsed: []
currentGame: 2 & prevGame: [0, 1, 2, 2, 3, 0]
currentRound: 0 & prevRound: [0, 1, 2, 4, 5, 3]
TEMPBOARD: 
         | Game 1 |  Game 2 |  Game 3 |  Game 4 |  
_________ ________ _________ _________ _________ 
Round 1  |  A-B   |         |         |         |   
Round 2  |        |   A-C   |         |         |   
Round 3  |        |         |   A-D   |         |   
Round 4  |  C-D   |         |         |         |   
Round 5  |        |         |   B-C   |         |   
Round 6  |        |         |         |   B-D   |   
pairToPlace: A-B
 
*****VOLGENDE ITERATIE*****
pairs: [] & pairsUsed: [A-B, A-C, A-D, B-C, B-D, C-D]
doubles: [A-B, A-C, A-D, B-C, B-D, C-D] & doublesUsed: []
currentGame: 2 & prevGame: [0, 1, 2, 2, 3, 0]
currentRound: 1 & prevRound: [0, 1, 2, 4, 5, 3]
TEMPBOARD: 
         | Game 1 |  Game 2 |  Game 3 |  Game 4 |  
_________ ________ _________ _________ _________ 
Round 1  |  A-B   |         |         |         |   
Round 2  |        |   A-C   |         |         |   
Round 3  |        |         |   A-D   |         |   
Round 4  |  C-D   |         |         |         |   
Round 5  |        |         |   B-C   |         |   
Round 6  |        |         |         |   B-D   |   
pairToPlace: A-B
 
*****VOLGENDE ITERATIE*****
pairs: [] & pairsUsed: [A-B, A-C, A-D, B-C, B-D, C-D]
doubles: [A-B, A-C, A-D, B-C, B-D, C-D] & doublesUsed: []
currentGame: 2 & prevGame: [0, 1, 2, 2, 3, 0]
currentRound: 2 & prevRound: [0, 1, 2, 4, 5, 3]
TEMPBOARD: 
         | Game 1 |  Game 2 |  Game 3 |  Game 4 |  
_________ ________ _________ _________ _________ 
Round 1  |  A-B   |         |         |         |   
Round 2  |        |   A-C   |         |         |   
Round 3  |        |         |   A-D   |         |   
Round 4  |  C-D   |         |         |         |   
Round 5  |        |         |   B-C   |         |   
Round 6  |        |         |         |   B-D   |   
pairToPlace: A-B
 
*****VOLGENDE ITERATIE*****
pairs: [] & pairsUsed: [A-B, A-C, A-D, B-C, B-D, C-D]
doubles: [A-B, A-C, A-D, B-C, B-D, C-D] & doublesUsed: []
currentGame: 2 & prevGame: [0, 1, 2, 2, 3, 0]
currentRound: 3 & prevRound: [0, 1, 2, 4, 5, 3]
TEMPBOARD: 
         | Game 1 |  Game 2 |  Game 3 |  Game 4 |  
_________ ________ _________ _________ _________ 
Round 1  |  A-B   |         |         |         |   
Round 2  |        |   A-C   |         |         |   
Round 3  |        |         |   A-D   |         |   
Round 4  |  C-D   |         |         |         |   
Round 5  |        |         |   B-C   |         |   
Round 6  |        |         |         |   B-D   |   
pairToPlace: A-B
 
*****VOLGENDE ITERATIE*****
pairs: [] & pairsUsed: [A-B, A-C, A-D, B-C, B-D, C-D]
doubles: [A-B, A-C, A-D, B-C, B-D, C-D] & doublesUsed: []
currentGame: 2 & prevGame: [0, 1, 2, 2, 3, 0]
currentRound: 4 & prevRound: [0, 1, 2, 4, 5, 3]
TEMPBOARD: 
         | Game 1 |  Game 2 |  Game 3 |  Game 4 |  
_________ ________ _________ _________ _________ 
Round 1  |  A-B   |         |         |         |   
Round 2  |        |   A-C   |         |         |   
Round 3  |        |         |   A-D   |         |   
Round 4  |  C-D   |         |         |         |   
Round 5  |        |         |   B-C   |         |   
Round 6  |        |         |         |   B-D   |   
pairToPlace: A-B
 
*****VOLGENDE ITERATIE*****
pairs: [] & pairsUsed: [A-B, A-C, A-D, B-C, B-D, C-D]
doubles: [A-B, A-C, A-D, B-C, B-D, C-D] & doublesUsed: []
currentGame: 2 & prevGame: [0, 1, 2, 2, 3, 0]
currentRound: 5 & prevRound: [0, 1, 2, 4, 5, 3]
TEMPBOARD: 
         | Game 1 |  Game 2 |  Game 3 |  Game 4 |  
_________ ________ _________ _________ _________ 
Round 1  |  A-B   |         |         |         |   
Round 2  |        |   A-C   |         |         |   
Round 3  |        |         |   A-D   |         |   
Round 4  |  C-D   |         |         |         |   
Round 5  |        |         |   B-C   |         |   
Round 6  |        |         |         |   B-D   |   
pairToPlace: A-B
 
*****VOLGENDE ITERATIE*****
pairs: [] & pairsUsed: [A-B, A-C, A-D, B-C, B-D, C-D]
doubles: [A-B, A-C, A-D, B-C, B-D, C-D] & doublesUsed: []
currentGame: 2 & prevGame: [0, 1, 2, 2, 3, 0]
currentRound: 6 & prevRound: [0, 1, 2, 4, 5, 3]
TEMPBOARD: 
         | Game 1 |  Game 2 |  Game 3 |  Game 4 |  
_________ ________ _________ _________ _________ 
Round 1  |  A-B   |         |         |         |   
Round 2  |        |   A-C   |         |         |   
Round 3  |        |         |   A-D   |         |   
Round 4  |  C-D   |         |         |         |   
Round 5  |        |         |   B-C   |         |   
Round 6  |        |         |         |   B-D   |   
pairToPlace: A-B
 
*****VOLGENDE ITERATIE*****
pairs: [] & pairsUsed: [A-B, A-C, A-D, B-C, B-D, C-D]
doubles: [A-B, A-C, A-D, B-C, B-D, C-D] & doublesUsed: []
currentGame: 3 & prevGame: [0, 1, 2, 2, 3, 0]
currentRound: 0 & prevRound: [0, 1, 2, 4, 5, 3]
TEMPBOARD: 
         | Game 1 |  Game 2 |  Game 3 |  Game 4 |  
_________ ________ _________ _________ _________ 
Round 1  |  A-B   |         |         |         |   
Round 2  |        |   A-C   |         |         |   
Round 3  |        |         |   A-D   |         |   
Round 4  |  C-D   |         |         |         |   
Round 5  |        |         |   B-C   |         |   
Round 6  |        |         |         |   B-D   |   
pairToPlace: A-B
 
*****VOLGENDE ITERATIE*****
pairs: [] & pairsUsed: [A-B, A-C, A-D, B-C, B-D, C-D]
doubles: [A-B, A-C, A-D, B-C, B-D, C-D] & doublesUsed: []
currentGame: 3 & prevGame: [0, 1, 2, 2, 3, 0]
currentRound: 1 & prevRound: [0, 1, 2, 4, 5, 3]
TEMPBOARD: 
         | Game 1 |  Game 2 |  Game 3 |  Game 4 |  
_________ ________ _________ _________ _________ 
Round 1  |  A-B   |         |         |         |   
Round 2  |        |   A-C   |         |         |   
Round 3  |        |         |   A-D   |         |   
Round 4  |  C-D   |         |         |         |   
Round 5  |        |         |   B-C   |         |   
Round 6  |        |         |         |   B-D   |   
pairToPlace: A-B
 
*****VOLGENDE ITERATIE*****
pairs: [] & pairsUsed: [A-B, A-C, A-D, B-C, B-D, C-D]
doubles: [A-B, A-C, A-D, B-C, B-D, C-D] & doublesUsed: []
currentGame: 3 & prevGame: [0, 1, 2, 2, 3, 0]
currentRound: 2 & prevRound: [0, 1, 2, 4, 5, 3]
TEMPBOARD: 
         | Game 1 |  Game 2 |  Game 3 |  Game 4 |  
_________ ________ _________ _________ _________ 
Round 1  |  A-B   |         |         |         |   
Round 2  |        |   A-C   |         |         |   
Round 3  |        |         |   A-D   |         |   
Round 4  |  C-D   |         |         |         |   
Round 5  |        |         |   B-C   |         |   
Round 6  |        |         |         |   B-D   |   
pairToPlace: A-B
 
*****VOLGENDE ITERATIE*****
pairs: [] & pairsUsed: [A-B, A-C, A-D, B-C, B-D, C-D]
doubles: [A-B, A-C, A-D, B-C, B-D, C-D] & doublesUsed: []
currentGame: 3 & prevGame: [0, 1, 2, 2, 3, 0]
currentRound: 3 & prevRound: [0, 1, 2, 4, 5, 3]
TEMPBOARD: 
         | Game 1 |  Game 2 |  Game 3 |  Game 4 |  
_________ ________ _________ _________ _________ 
Round 1  |  A-B   |         |         |         |   
Round 2  |        |   A-C   |         |         |   
Round 3  |        |         |   A-D   |         |   
Round 4  |  C-D   |         |         |         |   
Round 5  |        |         |   B-C   |         |   
Round 6  |        |         |         |   B-D   |   
pairToPlace: A-B
 
*****VOLGENDE ITERATIE*****
pairs: [] & pairsUsed: [A-B, A-C, A-D, B-C, B-D, C-D]
doubles: [A-B, A-C, A-D, B-C, B-D, C-D] & doublesUsed: []
currentGame: 3 & prevGame: [0, 1, 2, 2, 3, 0]
currentRound: 4 & prevRound: [0, 1, 2, 4, 5, 3]
TEMPBOARD: 
         | Game 1 |  Game 2 |  Game 3 |  Game 4 |  
_________ ________ _________ _________ _________ 
Round 1  |  A-B   |         |         |         |   
Round 2  |        |   A-C   |         |         |   
Round 3  |        |         |   A-D   |         |   
Round 4  |  C-D   |         |         |         |   
Round 5  |        |         |   B-C   |         |   
Round 6  |        |         |         |   B-D   |   
pairToPlace: A-B
 
*****VOLGENDE ITERATIE*****
pairs: [] & pairsUsed: [A-B, A-C, A-D, B-C, B-D, C-D]
doubles: [A-B, A-C, A-D, B-C, B-D, C-D] & doublesUsed: []
currentGame: 3 & prevGame: [0, 1, 2, 2, 3, 0]
currentRound: 5 & prevRound: [0, 1, 2, 4, 5, 3]
TEMPBOARD: 
         | Game 1 |  Game 2 |  Game 3 |  Game 4 |  
_________ ________ _________ _________ _________ 
Round 1  |  A-B   |         |         |         |   
Round 2  |        |   A-C   |         |         |   
Round 3  |        |         |   A-D   |         |   
Round 4  |  C-D   |         |         |         |   
Round 5  |        |         |   B-C   |         |   
Round 6  |        |         |         |   B-D   |   
pairToPlace: A-B
 
*****VOLGENDE ITERATIE*****
pairs: [] & pairsUsed: [A-B, A-C, A-D, B-C, B-D, C-D]
doubles: [A-B, A-C, A-D, B-C, B-D, C-D] & doublesUsed: []
currentGame: 3 & prevGame: [0, 1, 2, 2, 3, 0]
currentRound: 6 & prevRound: [0, 1, 2, 4, 5, 3]
TEMPBOARD: 
         | Game 1 |  Game 2 |  Game 3 |  Game 4 |  
_________ ________ _________ _________ _________ 
Round 1  |  A-B   |         |         |         |   
Round 2  |        |   A-C   |         |         |   
Round 3  |        |         |   A-D   |         |   
Round 4  |  C-D   |         |         |         |   
Round 5  |        |         |   B-C   |         |   
Round 6  |        |         |         |   B-D   |   
pairToPlace: A-B
 
*****VOLGENDE ITERATIE*****
pairs: [] & pairsUsed: [A-B, A-C, A-D, B-C, B-D, C-D]
doubles: [A-B, A-C, A-D, B-C, B-D, C-D] & doublesUsed: []
currentGame: 4 & prevGame: [0, 1, 2, 2, 3, 0]
currentRound: 0 & prevRound: [0, 1, 2, 4, 5, 3]
TEMPBOARD: 
         | Game 1 |  Game 2 |  Game 3 |  Game 4 |  
_________ ________ _________ _________ _________ 
Round 1  |  A-B   |         |         |         |   
Round 2  |        |   A-C   |         |         |   
Round 3  |        |         |   A-D   |         |   
Round 4  |  C-D   |         |         |         |   
Round 5  |        |         |   B-C   |         |   
Round 6  |        |         |         |   B-D   |   
pairToPlace: A-B
 
*****VOLGENDE ITERATIE*****
pairs: [C-D] & pairsUsed: [A-B, A-C, A-D, B-C, B-D]
doubles: [A-B, A-C, A-D, B-C, B-D, C-D] & doublesUsed: []
currentGame: 0 & prevGame: [0, 1, 2, 2, 3]
currentRound: 4 & prevRound: [0, 1, 2, 4, 5]
TEMPBOARD: 
         | Game 1 |  Game 2 |  Game 3 |  Game 4 |  
_________ ________ _________ _________ _________ 
Round 1  |  A-B   |         |         |         |   
Round 2  |        |   A-C   |         |         |   
Round 3  |        |         |   A-D   |         |   
Round 4  |        |         |         |         |   
Round 5  |        |         |   B-C   |         |   
Round 6  |        |         |         |   B-D   |   
pairToPlace: C-D
 
*****VOLGENDE ITERATIE*****
pairs: [C-D] & pairsUsed: [A-B, A-C, A-D, B-C, B-D]
doubles: [A-B, A-C, A-D, B-C, B-D, C-D] & doublesUsed: []
currentGame: 0 & prevGame: [0, 1, 2, 2, 3]
currentRound: 5 & prevRound: [0, 1, 2, 4, 5]
TEMPBOARD: 
         | Game 1 |  Game 2 |  Game 3 |  Game 4 |  
_________ ________ _________ _________ _________ 
Round 1  |  A-B   |         |         |         |   
Round 2  |        |   A-C   |         |         |   
Round 3  |        |         |   A-D   |         |   
Round 4  |        |         |         |         |   
Round 5  |        |         |   B-C   |         |   
Round 6  |        |         |         |   B-D   |   
pairToPlace: C-D
 
*****VOLGENDE ITERATIE*****
pairs: [C-D] & pairsUsed: [A-B, A-C, A-D, B-C, B-D]
doubles: [A-B, A-C, A-D, B-C, B-D, C-D] & doublesUsed: []
currentGame: 0 & prevGame: [0, 1, 2, 2, 3]
currentRound: 6 & prevRound: [0, 1, 2, 4, 5]
TEMPBOARD: 
         | Game 1 |  Game 2 |  Game 3 |  Game 4 |  
_________ ________ _________ _________ _________ 
Round 1  |  A-B   |         |         |         |   
Round 2  |        |   A-C   |         |         |   
Round 3  |        |         |   A-D   |         |   
Round 4  |        |         |         |         |   
Round 5  |        |         |   B-C   |         |   
Round 6  |        |         |         |   B-D   |   
pairToPlace: C-D
 
*****VOLGENDE ITERATIE*****
pairs: [C-D] & pairsUsed: [A-B, A-C, A-D, B-C, B-D]
doubles: [A-B, A-C, A-D, B-C, B-D, C-D] & doublesUsed: []
currentGame: 1 & prevGame: [0, 1, 2, 2, 3]
currentRound: 0 & prevRound: [0, 1, 2, 4, 5]
TEMPBOARD: 
         | Game 1 |  Game 2 |  Game 3 |  Game 4 |  
_________ ________ _________ _________ _________ 
Round 1  |  A-B   |         |         |         |   
Round 2  |        |   A-C   |         |         |   
Round 3  |        |         |   A-D   |         |   
Round 4  |        |         |         |         |   
Round 5  |        |         |   B-C   |         |   
Round 6  |        |         |         |   B-D   |   
pairToPlace: C-D
 
*****VOLGENDE ITERATIE*****
pairs: [C-D] & pairsUsed: [A-B, A-C, A-D, B-C, B-D]
doubles: [A-B, A-C, A-D, B-C, B-D, C-D] & doublesUsed: []
currentGame: 1 & prevGame: [0, 1, 2, 2, 3]
currentRound: 1 & prevRound: [0, 1, 2, 4, 5]
TEMPBOARD: 
         | Game 1 |  Game 2 |  Game 3 |  Game 4 |  
_________ ________ _________ _________ _________ 
Round 1  |  A-B   |         |         |         |   
Round 2  |        |   A-C   |         |         |   
Round 3  |        |         |   A-D   |         |   
Round 4  |        |         |         |         |   
Round 5  |        |         |   B-C   |         |   
Round 6  |        |         |         |   B-D   |   
pairToPlace: C-D
 
*****VOLGENDE ITERATIE*****
pairs: [C-D] & pairsUsed: [A-B, A-C, A-D, B-C, B-D]
doubles: [A-B, A-C, A-D, B-C, B-D, C-D] & doublesUsed: []
currentGame: 1 & prevGame: [0, 1, 2, 2, 3]
currentRound: 2 & prevRound: [0, 1, 2, 4, 5]
TEMPBOARD: 
         | Game 1 |  Game 2 |  Game 3 |  Game 4 |  
_________ ________ _________ _________ _________ 
Round 1  |  A-B   |         |         |         |   
Round 2  |        |   A-C   |         |         |   
Round 3  |        |         |   A-D   |         |   
Round 4  |        |         |         |         |   
Round 5  |        |         |   B-C   |         |   
Round 6  |        |         |         |   B-D   |   
pairToPlace: C-D
 
*****VOLGENDE ITERATIE*****
pairs: [C-D] & pairsUsed: [A-B, A-C, A-D, B-C, B-D]
doubles: [A-B, A-C, A-D, B-C, B-D, C-D] & doublesUsed: []
currentGame: 1 & prevGame: [0, 1, 2, 2, 3]
currentRound: 3 & prevRound: [0, 1, 2, 4, 5]
TEMPBOARD: 
         | Game 1 |  Game 2 |  Game 3 |  Game 4 |  
_________ ________ _________ _________ _________ 
Round 1  |  A-B   |         |         |         |   
Round 2  |        |   A-C   |         |         |   
Round 3  |        |         |   A-D   |         |   
Round 4  |        |         |         |         |   
Round 5  |        |         |   B-C   |         |   
Round 6  |        |         |         |   B-D   |   
pairToPlace: C-D
 
*****VOLGENDE ITERATIE*****
pairs: [C-D] & pairsUsed: [A-B, A-C, A-D, B-C, B-D]
doubles: [A-B, A-C, A-D, B-C, B-D, C-D] & doublesUsed: []
currentGame: 1 & prevGame: [0, 1, 2, 2, 3]
currentRound: 4 & prevRound: [0, 1, 2, 4, 5]
TEMPBOARD: 
         | Game 1 |  Game 2 |  Game 3 |  Game 4 |  
_________ ________ _________ _________ _________ 
Round 1  |  A-B   |         |         |         |   
Round 2  |        |   A-C   |         |         |   
Round 3  |        |         |   A-D   |         |   
Round 4  |        |         |         |         |   
Round 5  |        |         |   B-C   |         |   
Round 6  |        |         |         |   B-D   |   
pairToPlace: C-D
 
*****VOLGENDE ITERATIE*****
pairs: [C-D] & pairsUsed: [A-B, A-C, A-D, B-C, B-D]
doubles: [A-B, A-C, A-D, B-C, B-D, C-D] & doublesUsed: []
currentGame: 1 & prevGame: [0, 1, 2, 2, 3]
currentRound: 5 & prevRound: [0, 1, 2, 4, 5]
TEMPBOARD: 
         | Game 1 |  Game 2 |  Game 3 |  Game 4 |  
_________ ________ _________ _________ _________ 
Round 1  |  A-B   |         |         |         |   
Round 2  |        |   A-C   |         |         |   
Round 3  |        |         |   A-D   |         |   
Round 4  |        |         |         |         |   
Round 5  |        |         |   B-C   |         |   
Round 6  |        |         |         |   B-D   |   
pairToPlace: C-D
 
*****VOLGENDE ITERATIE*****
pairs: [C-D] & pairsUsed: [A-B, A-C, A-D, B-C, B-D]
doubles: [A-B, A-C, A-D, B-C, B-D, C-D] & doublesUsed: []
currentGame: 1 & prevGame: [0, 1, 2, 2, 3]
currentRound: 6 & prevRound: [0, 1, 2, 4, 5]
TEMPBOARD: 
         | Game 1 |  Game 2 |  Game 3 |  Game 4 |  
_________ ________ _________ _________ _________ 
Round 1  |  A-B   |         |         |         |   
Round 2  |        |   A-C   |         |         |   
Round 3  |        |         |   A-D   |         |   
Round 4  |        |         |         |         |   
Round 5  |        |         |   B-C   |         |   
Round 6  |        |         |         |   B-D   |   
pairToPlace: C-D
 
*****VOLGENDE ITERATIE*****
pairs: [C-D] & pairsUsed: [A-B, A-C, A-D, B-C, B-D]
doubles: [A-B, A-C, A-D, B-C, B-D, C-D] & doublesUsed: []
currentGame: 2 & prevGame: [0, 1, 2, 2, 3]
currentRound: 0 & prevRound: [0, 1, 2, 4, 5]
TEMPBOARD: 
         | Game 1 |  Game 2 |  Game 3 |  Game 4 |  
_________ ________ _________ _________ _________ 
Round 1  |  A-B   |         |         |         |   
Round 2  |        |   A-C   |         |         |   
Round 3  |        |         |   A-D   |         |   
Round 4  |        |         |         |         |   
Round 5  |        |         |   B-C   |         |   
Round 6  |        |         |         |   B-D   |   
pairToPlace: C-D
 
*****VOLGENDE ITERATIE*****
pairs: [C-D] & pairsUsed: [A-B, A-C, A-D, B-C, B-D]
doubles: [A-B, A-C, A-D, B-C, B-D, C-D] & doublesUsed: []
currentGame: 2 & prevGame: [0, 1, 2, 2, 3]
currentRound: 1 & prevRound: [0, 1, 2, 4, 5]
TEMPBOARD: 
         | Game 1 |  Game 2 |  Game 3 |  Game 4 |  
_________ ________ _________ _________ _________ 
Round 1  |  A-B   |         |         |         |   
Round 2  |        |   A-C   |         |         |   
Round 3  |        |         |   A-D   |         |   
Round 4  |        |         |         |         |   
Round 5  |        |         |   B-C   |         |   
Round 6  |        |         |         |   B-D   |   
pairToPlace: C-D
 
*****VOLGENDE ITERATIE*****
pairs: [C-D] & pairsUsed: [A-B, A-C, A-D, B-C, B-D]
doubles: [A-B, A-C, A-D, B-C, B-D, C-D] & doublesUsed: []
currentGame: 2 & prevGame: [0, 1, 2, 2, 3]
currentRound: 2 & prevRound: [0, 1, 2, 4, 5]
TEMPBOARD: 
         | Game 1 |  Game 2 |  Game 3 |  Game 4 |  
_________ ________ _________ _________ _________ 
Round 1  |  A-B   |         |         |         |   
Round 2  |        |   A-C   |         |         |   
Round 3  |        |         |   A-D   |         |   
Round 4  |        |         |         |         |   
Round 5  |        |         |   B-C   |         |   
Round 6  |        |         |         |   B-D   |   
pairToPlace: C-D
 
*****VOLGENDE ITERATIE*****
pairs: [C-D] & pairsUsed: [A-B, A-C, A-D, B-C, B-D]
doubles: [A-B, A-C, A-D, B-C, B-D, C-D] & doublesUsed: []
currentGame: 2 & prevGame: [0, 1, 2, 2, 3]
currentRound: 3 & prevRound: [0, 1, 2, 4, 5]
TEMPBOARD: 
         | Game 1 |  Game 2 |  Game 3 |  Game 4 |  
_________ ________ _________ _________ _________ 
Round 1  |  A-B   |         |         |         |   
Round 2  |        |   A-C   |         |         |   
Round 3  |        |         |   A-D   |         |   
Round 4  |        |         |         |         |   
Round 5  |        |         |   B-C   |         |   
Round 6  |        |         |         |   B-D   |   
pairToPlace: C-D
 
*****VOLGENDE ITERATIE*****
pairs: [C-D] & pairsUsed: [A-B, A-C, A-D, B-C, B-D]
doubles: [A-B, A-C, A-D, B-C, B-D, C-D] & doublesUsed: []
currentGame: 2 & prevGame: [0, 1, 2, 2, 3]
currentRound: 4 & prevRound: [0, 1, 2, 4, 5]
TEMPBOARD: 
         | Game 1 |  Game 2 |  Game 3 |  Game 4 |  
_________ ________ _________ _________ _________ 
Round 1  |  A-B   |         |         |         |   
Round 2  |        |   A-C   |         |         |   
Round 3  |        |         |   A-D   |         |   
Round 4  |        |         |         |         |   
Round 5  |        |         |   B-C   |         |   
Round 6  |        |         |         |   B-D   |   
pairToPlace: C-D
 
*****VOLGENDE ITERATIE*****
pairs: [C-D] & pairsUsed: [A-B, A-C, A-D, B-C, B-D]
doubles: [A-B, A-C, A-D, B-C, B-D, C-D] & doublesUsed: []
currentGame: 2 & prevGame: [0, 1, 2, 2, 3]
currentRound: 5 & prevRound: [0, 1, 2, 4, 5]
TEMPBOARD: 
         | Game 1 |  Game 2 |  Game 3 |  Game 4 |  
_________ ________ _________ _________ _________ 
Round 1  |  A-B   |         |         |         |   
Round 2  |        |   A-C   |         |         |   
Round 3  |        |         |   A-D   |         |   
Round 4  |        |         |         |         |   
Round 5  |        |         |   B-C   |         |   
Round 6  |        |         |         |   B-D   |   
pairToPlace: C-D
 
*****VOLGENDE ITERATIE*****
pairs: [C-D] & pairsUsed: [A-B, A-C, A-D, B-C, B-D]
doubles: [A-B, A-C, A-D, B-C, B-D, C-D] & doublesUsed: []
currentGame: 2 & prevGame: [0, 1, 2, 2, 3]
currentRound: 6 & prevRound: [0, 1, 2, 4, 5]
TEMPBOARD: 
         | Game 1 |  Game 2 |  Game 3 |  Game 4 |  
_________ ________ _________ _________ _________ 
Round 1  |  A-B   |         |         |         |   
Round 2  |        |   A-C   |         |         |   
Round 3  |        |         |   A-D   |         |   
Round 4  |        |         |         |         |   
Round 5  |        |         |   B-C   |         |   
Round 6  |        |         |         |   B-D   |   
pairToPlace: C-D
 
*****VOLGENDE ITERATIE*****
pairs: [C-D] & pairsUsed: [A-B, A-C, A-D, B-C, B-D]
doubles: [A-B, A-C, A-D, B-C, B-D, C-D] & doublesUsed: []
currentGame: 3 & prevGame: [0, 1, 2, 2, 3]
currentRound: 0 & prevRound: [0, 1, 2, 4, 5]
TEMPBOARD: 
         | Game 1 |  Game 2 |  Game 3 |  Game 4 |  
_________ ________ _________ _________ _________ 
Round 1  |  A-B   |         |         |         |   
Round 2  |        |   A-C   |         |         |   
Round 3  |        |         |   A-D   |         |   
Round 4  |        |         |         |         |   
Round 5  |        |         |   B-C   |         |   
Round 6  |        |         |         |   B-D   |   
pairToPlace: C-D
 
*****VOLGENDE ITERATIE*****
pairs: [C-D] & pairsUsed: [A-B, A-C, A-D, B-C, B-D]
doubles: [A-B, A-C, A-D, B-C, B-D, C-D] & doublesUsed: []
currentGame: 3 & prevGame: [0, 1, 2, 2, 3]
currentRound: 1 & prevRound: [0, 1, 2, 4, 5]
TEMPBOARD: 
         | Game 1 |  Game 2 |  Game 3 |  Game 4 |  
_________ ________ _________ _________ _________ 
Round 1  |  A-B   |         |         |         |   
Round 2  |        |   A-C   |         |         |   
Round 3  |        |         |   A-D   |         |   
Round 4  |        |         |         |         |   
Round 5  |        |         |   B-C   |         |   
Round 6  |        |         |         |   B-D   |   
pairToPlace: C-D
 
*****VOLGENDE ITERATIE*****
pairs: [C-D] & pairsUsed: [A-B, A-C, A-D, B-C, B-D]
doubles: [A-B, A-C, A-D, B-C, B-D, C-D] & doublesUsed: []
currentGame: 3 & prevGame: [0, 1, 2, 2, 3]
currentRound: 2 & prevRound: [0, 1, 2, 4, 5]
TEMPBOARD: 
         | Game 1 |  Game 2 |  Game 3 |  Game 4 |  
_________ ________ _________ _________ _________ 
Round 1  |  A-B   |         |         |         |   
Round 2  |        |   A-C   |         |         |   
Round 3  |        |         |   A-D   |         |   
Round 4  |        |         |         |         |   
Round 5  |        |         |   B-C   |         |   
Round 6  |        |         |         |   B-D   |   
pairToPlace: C-D
 
*****VOLGENDE ITERATIE*****
pairs: [C-D] & pairsUsed: [A-B, A-C, A-D, B-C, B-D]
doubles: [A-B, A-C, A-D, B-C, B-D, C-D] & doublesUsed: []
currentGame: 3 & prevGame: [0, 1, 2, 2, 3]
currentRound: 3 & prevRound: [0, 1, 2, 4, 5]
TEMPBOARD: 
         | Game 1 |  Game 2 |  Game 3 |  Game 4 |  
_________ ________ _________ _________ _________ 
Round 1  |  A-B   |         |         |         |   
Round 2  |        |   A-C   |         |         |   
Round 3  |        |         |   A-D   |         |   
Round 4  |        |         |         |         |   
Round 5  |        |         |   B-C   |         |   
Round 6  |        |         |         |   B-D   |   
pairToPlace: C-D
 
*****VOLGENDE ITERATIE*****
pairs: [C-D] & pairsUsed: [A-B, A-C, A-D, B-C, B-D]
doubles: [A-B, A-C, A-D, B-C, B-D, C-D] & doublesUsed: []
currentGame: 3 & prevGame: [0, 1, 2, 2, 3]
currentRound: 4 & prevRound: [0, 1, 2, 4, 5]
TEMPBOARD: 
         | Game 1 |  Game 2 |  Game 3 |  Game 4 |  
_________ ________ _________ _________ _________ 
Round 1  |  A-B   |         |         |         |   
Round 2  |        |   A-C   |         |         |   
Round 3  |        |         |   A-D   |         |   
Round 4  |        |         |         |         |   
Round 5  |        |         |   B-C   |         |   
Round 6  |        |         |         |   B-D   |   
pairToPlace: C-D
 
*****VOLGENDE ITERATIE*****
pairs: [C-D] & pairsUsed: [A-B, A-C, A-D, B-C, B-D]
doubles: [A-B, A-C, A-D, B-C, B-D, C-D] & doublesUsed: []
currentGame: 3 & prevGame: [0, 1, 2, 2, 3]
currentRound: 5 & prevRound: [0, 1, 2, 4, 5]
TEMPBOARD: 
         | Game 1 |  Game 2 |  Game 3 |  Game 4 |  
_________ ________ _________ _________ _________ 
Round 1  |  A-B   |         |         |         |   
Round 2  |        |   A-C   |         |         |   
Round 3  |        |         |   A-D   |         |   
Round 4  |        |         |         |         |   
Round 5  |        |         |   B-C   |         |   
Round 6  |        |         |         |   B-D   |   
pairToPlace: C-D
 
*****VOLGENDE ITERATIE*****
pairs: [C-D] & pairsUsed: [A-B, A-C, A-D, B-C, B-D]
doubles: [A-B, A-C, A-D, B-C, B-D, C-D] & doublesUsed: []
currentGame: 3 & prevGame: [0, 1, 2, 2, 3]
currentRound: 6 & prevRound: [0, 1, 2, 4, 5]
TEMPBOARD: 
         | Game 1 |  Game 2 |  Game 3 |  Game 4 |  
_________ ________ _________ _________ _________ 
Round 1  |  A-B   |         |         |         |   
Round 2  |        |   A-C   |         |         |   
Round 3  |        |         |   A-D   |         |   
Round 4  |        |         |         |         |   
Round 5  |        |         |   B-C   |         |   
Round 6  |        |         |         |   B-D   |   
pairToPlace: C-D
 
*****VOLGENDE ITERATIE*****
pairs: [C-D] & pairsUsed: [A-B, A-C, A-D, B-C, B-D]
doubles: [A-B, A-C, A-D, B-C, B-D, C-D] & doublesUsed: []
currentGame: 4 & prevGame: [0, 1, 2, 2, 3]
currentRound: 0 & prevRound: [0, 1, 2, 4, 5]
TEMPBOARD: 
         | Game 1 |  Game 2 |  Game 3 |  Game 4 |  
_________ ________ _________ _________ _________ 
Round 1  |  A-B   |         |         |         |   
Round 2  |        |   A-C   |         |         |   
Round 3  |        |         |   A-D   |         |   
Round 4  |        |         |         |         |   
Round 5  |        |         |   B-C   |         |   
Round 6  |        |         |         |   B-D   |   
pairToPlace: C-D
 
*****VOLGENDE ITERATIE*****
pairs: [B-D, C-D] & pairsUsed: [A-B, A-C, A-D, B-C]
doubles: [A-B, A-C, A-D, B-C, B-D, C-D] & doublesUsed: []
currentGame: 3 & prevGame: [0, 1, 2, 2]
currentRound: 6 & prevRound: [0, 1, 2, 4]
TEMPBOARD: 
         | Game 1 |  Game 2 |  Game 3 |  Game 4 |  
_________ ________ _________ _________ _________ 
Round 1  |  A-B   |         |         |         |   
Round 2  |        |   A-C   |         |         |   
Round 3  |        |         |   A-D   |         |   
Round 4  |        |         |         |         |   
Round 5  |        |         |   B-C   |         |   
Round 6  |        |         |         |         |   
pairToPlace: B-D
 
*****VOLGENDE ITERATIE*****
pairs: [B-D, C-D] & pairsUsed: [A-B, A-C, A-D, B-C]
doubles: [A-B, A-C, A-D, B-C, B-D, C-D] & doublesUsed: []
currentGame: 4 & prevGame: [0, 1, 2, 2]
currentRound: 0 & prevRound: [0, 1, 2, 4]
TEMPBOARD: 
         | Game 1 |  Game 2 |  Game 3 |  Game 4 |  
_________ ________ _________ _________ _________ 
Round 1  |  A-B   |         |         |         |   
Round 2  |        |   A-C   |         |         |   
Round 3  |        |         |   A-D   |         |   
Round 4  |        |         |         |         |   
Round 5  |        |         |   B-C   |         |   
Round 6  |        |         |         |         |   
pairToPlace: B-D
 
*****VOLGENDE ITERATIE*****
pairs: [B-C, B-D, C-D] & pairsUsed: [A-B, A-C, A-D]
doubles: [A-B, A-C, A-D, B-C, B-D, C-D] & doublesUsed: []
currentGame: 2 & prevGame: [0, 1, 2]
currentRound: 5 & prevRound: [0, 1, 2]
TEMPBOARD: 
         | Game 1 |  Game 2 |  Game 3 |  Game 4 |  
_________ ________ _________ _________ _________ 
Round 1  |  A-B   |         |         |         |   
Round 2  |        |   A-C   |         |         |   
Round 3  |        |         |   A-D   |         |   
Round 4  |        |         |         |         |   
Round 5  |        |         |         |         |   
Round 6  |        |         |         |         |   
pairToPlace: B-C
 
*****VOLGENDE ITERATIE*****
pairs: [B-D, C-D] & pairsUsed: [A-B, A-C, A-D, B-C]
doubles: [A-B, A-C, A-D, B-C, B-D, C-D] & doublesUsed: []
currentGame: 0 & prevGame: [0, 1, 2, 2]
currentRound: 0 & prevRound: [0, 1, 2, 5]
TEMPBOARD: 
         | Game 1 |  Game 2 |  Game 3 |  Game 4 |  
_________ ________ _________ _________ _________ 
Round 1  |  A-B   |         |         |         |   
Round 2  |        |   A-C   |         |         |   
Round 3  |        |         |   A-D   |         |   
Round 4  |        |         |         |         |   
Round 5  |        |         |         |         |   
Round 6  |        |         |   B-C   |         |   
pairToPlace: B-D
 
*****VOLGENDE ITERATIE*****
pairs: [B-D, C-D] & pairsUsed: [A-B, A-C, A-D, B-C]
doubles: [A-B, A-C, A-D, B-C, B-D, C-D] & doublesUsed: []
currentGame: 0 & prevGame: [0, 1, 2, 2]
currentRound: 1 & prevRound: [0, 1, 2, 5]
TEMPBOARD: 
         | Game 1 |  Game 2 |  Game 3 |  Game 4 |  
_________ ________ _________ _________ _________ 
Round 1  |  A-B   |         |         |         |   
Round 2  |        |   A-C   |         |         |   
Round 3  |        |         |   A-D   |         |   
Round 4  |        |         |         |         |   
Round 5  |        |         |         |         |   
Round 6  |        |         |   B-C   |         |   
pairToPlace: B-D
 
*****VOLGENDE ITERATIE*****
pairs: [B-D, C-D] & pairsUsed: [A-B, A-C, A-D, B-C]
doubles: [A-B, A-C, A-D, B-C, B-D, C-D] & doublesUsed: []
currentGame: 0 & prevGame: [0, 1, 2, 2]
currentRound: 2 & prevRound: [0, 1, 2, 5]
TEMPBOARD: 
         | Game 1 |  Game 2 |  Game 3 |  Game 4 |  
_________ ________ _________ _________ _________ 
Round 1  |  A-B   |         |         |         |   
Round 2  |        |   A-C   |         |         |   
Round 3  |        |         |   A-D   |         |   
Round 4  |        |         |         |         |   
Round 5  |        |         |         |         |   
Round 6  |        |         |   B-C   |         |   
pairToPlace: B-D
 
*****VOLGENDE ITERATIE*****
pairs: [B-D, C-D] & pairsUsed: [A-B, A-C, A-D, B-C]
doubles: [A-B, A-C, A-D, B-C, B-D, C-D] & doublesUsed: []
currentGame: 0 & prevGame: [0, 1, 2, 2]
currentRound: 3 & prevRound: [0, 1, 2, 5]
TEMPBOARD: 
         | Game 1 |  Game 2 |  Game 3 |  Game 4 |  
_________ ________ _________ _________ _________ 
Round 1  |  A-B   |         |         |         |   
Round 2  |        |   A-C   |         |         |   
Round 3  |        |         |   A-D   |         |   
Round 4  |        |         |         |         |   
Round 5  |        |         |         |         |   
Round 6  |        |         |   B-C   |         |   
pairToPlace: B-D
 
*****VOLGENDE ITERATIE*****
pairs: [B-D, C-D] & pairsUsed: [A-B, A-C, A-D, B-C]
doubles: [A-B, A-C, A-D, B-C, B-D, C-D] & doublesUsed: []
currentGame: 0 & prevGame: [0, 1, 2, 2]
currentRound: 4 & prevRound: [0, 1, 2, 5]
TEMPBOARD: 
         | Game 1 |  Game 2 |  Game 3 |  Game 4 |  
_________ ________ _________ _________ _________ 
Round 1  |  A-B   |         |         |         |   
Round 2  |        |   A-C   |         |         |   
Round 3  |        |         |   A-D   |         |   
Round 4  |        |         |         |         |   
Round 5  |        |         |         |         |   
Round 6  |        |         |   B-C   |         |   
pairToPlace: B-D
 
*****VOLGENDE ITERATIE*****
pairs: [B-D, C-D] & pairsUsed: [A-B, A-C, A-D, B-C]
doubles: [A-B, A-C, A-D, B-C, B-D, C-D] & doublesUsed: []
currentGame: 0 & prevGame: [0, 1, 2, 2]
currentRound: 5 & prevRound: [0, 1, 2, 5]
TEMPBOARD: 
         | Game 1 |  Game 2 |  Game 3 |  Game 4 |  
_________ ________ _________ _________ _________ 
Round 1  |  A-B   |         |         |         |   
Round 2  |        |   A-C   |         |         |   
Round 3  |        |         |   A-D   |         |   
Round 4  |        |         |         |         |   
Round 5  |        |         |         |         |   
Round 6  |        |         |   B-C   |         |   
pairToPlace: B-D
 
*****VOLGENDE ITERATIE*****
pairs: [B-D, C-D] & pairsUsed: [A-B, A-C, A-D, B-C]
doubles: [A-B, A-C, A-D, B-C, B-D, C-D] & doublesUsed: []
currentGame: 0 & prevGame: [0, 1, 2, 2]
currentRound: 6 & prevRound: [0, 1, 2, 5]
TEMPBOARD: 
         | Game 1 |  Game 2 |  Game 3 |  Game 4 |  
_________ ________ _________ _________ _________ 
Round 1  |  A-B   |         |         |         |   
Round 2  |        |   A-C   |         |         |   
Round 3  |        |         |   A-D   |         |   
Round 4  |        |         |         |         |   
Round 5  |        |         |         |         |   
Round 6  |        |         |   B-C   |         |   
pairToPlace: B-D
 
*****VOLGENDE ITERATIE*****
pairs: [B-D, C-D] & pairsUsed: [A-B, A-C, A-D, B-C]
doubles: [A-B, A-C, A-D, B-C, B-D, C-D] & doublesUsed: []
currentGame: 1 & prevGame: [0, 1, 2, 2]
currentRound: 0 & prevRound: [0, 1, 2, 5]
TEMPBOARD: 
         | Game 1 |  Game 2 |  Game 3 |  Game 4 |  
_________ ________ _________ _________ _________ 
Round 1  |  A-B   |         |         |         |   
Round 2  |        |   A-C   |         |         |   
Round 3  |        |         |   A-D   |         |   
Round 4  |        |         |         |         |   
Round 5  |        |         |         |         |   
Round 6  |        |         |   B-C   |         |   
pairToPlace: B-D
 
*****VOLGENDE ITERATIE*****
pairs: [B-D, C-D] & pairsUsed: [A-B, A-C, A-D, B-C]
doubles: [A-B, A-C, A-D, B-C, B-D, C-D] & doublesUsed: []
currentGame: 1 & prevGame: [0, 1, 2, 2]
currentRound: 1 & prevRound: [0, 1, 2, 5]
TEMPBOARD: 
         | Game 1 |  Game 2 |  Game 3 |  Game 4 |  
_________ ________ _________ _________ _________ 
Round 1  |  A-B   |         |         |         |   
Round 2  |        |   A-C   |         |         |   
Round 3  |        |         |   A-D   |         |   
Round 4  |        |         |         |         |   
Round 5  |        |         |         |         |   
Round 6  |        |         |   B-C   |         |   
pairToPlace: B-D
 
*****VOLGENDE ITERATIE*****
pairs: [B-D, C-D] & pairsUsed: [A-B, A-C, A-D, B-C]
doubles: [A-B, A-C, A-D, B-C, B-D, C-D] & doublesUsed: []
currentGame: 1 & prevGame: [0, 1, 2, 2]
currentRound: 2 & prevRound: [0, 1, 2, 5]
TEMPBOARD: 
         | Game 1 |  Game 2 |  Game 3 |  Game 4 |  
_________ ________ _________ _________ _________ 
Round 1  |  A-B   |         |         |         |   
Round 2  |        |   A-C   |         |         |   
Round 3  |        |         |   A-D   |         |   
Round 4  |        |         |         |         |   
Round 5  |        |         |         |         |   
Round 6  |        |         |   B-C   |         |   
pairToPlace: B-D
 
*****VOLGENDE ITERATIE*****
pairs: [B-D, C-D] & pairsUsed: [A-B, A-C, A-D, B-C]
doubles: [A-B, A-C, A-D, B-C, B-D, C-D] & doublesUsed: []
currentGame: 1 & prevGame: [0, 1, 2, 2]
currentRound: 3 & prevRound: [0, 1, 2, 5]
TEMPBOARD: 
         | Game 1 |  Game 2 |  Game 3 |  Game 4 |  
_________ ________ _________ _________ _________ 
Round 1  |  A-B   |         |         |         |   
Round 2  |        |   A-C   |         |         |   
Round 3  |        |         |   A-D   |         |   
Round 4  |        |         |         |         |   
Round 5  |        |         |         |         |   
Round 6  |        |         |   B-C   |         |   
pairToPlace: B-D
 
*****VOLGENDE ITERATIE*****
pairs: [C-D] & pairsUsed: [A-B, A-C, A-D, B-C, B-D]
doubles: [A-B, A-C, A-D, B-C, B-D, C-D] & doublesUsed: []
currentGame: 0 & prevGame: [0, 1, 2, 2, 1]
currentRound: 0 & prevRound: [0, 1, 2, 5, 3]
TEMPBOARD: 
         | Game 1 |  Game 2 |  Game 3 |  Game 4 |  
_________ ________ _________ _________ _________ 
Round 1  |  A-B   |         |         |         |   
Round 2  |        |   A-C   |         |         |   
Round 3  |        |         |   A-D   |         |   
Round 4  |        |   B-D   |         |         |   
Round 5  |        |         |         |         |   
Round 6  |        |         |   B-C   |         |   
pairToPlace: C-D
 
*****VOLGENDE ITERATIE*****
pairs: [C-D] & pairsUsed: [A-B, A-C, A-D, B-C, B-D]
doubles: [A-B, A-C, A-D, B-C, B-D, C-D] & doublesUsed: []
currentGame: 0 & prevGame: [0, 1, 2, 2, 1]
currentRound: 1 & prevRound: [0, 1, 2, 5, 3]
TEMPBOARD: 
         | Game 1 |  Game 2 |  Game 3 |  Game 4 |  
_________ ________ _________ _________ _________ 
Round 1  |  A-B   |         |         |         |   
Round 2  |        |   A-C   |         |         |   
Round 3  |        |         |   A-D   |         |   
Round 4  |        |   B-D   |         |         |   
Round 5  |        |         |         |         |   
Round 6  |        |         |   B-C   |         |   
pairToPlace: C-D
 
*****VOLGENDE ITERATIE*****
pairs: [C-D] & pairsUsed: [A-B, A-C, A-D, B-C, B-D]
doubles: [A-B, A-C, A-D, B-C, B-D, C-D] & doublesUsed: []
currentGame: 0 & prevGame: [0, 1, 2, 2, 1]
currentRound: 2 & prevRound: [0, 1, 2, 5, 3]
TEMPBOARD: 
         | Game 1 |  Game 2 |  Game 3 |  Game 4 |  
_________ ________ _________ _________ _________ 
Round 1  |  A-B   |         |         |         |   
Round 2  |        |   A-C   |         |         |   
Round 3  |        |         |   A-D   |         |   
Round 4  |        |   B-D   |         |         |   
Round 5  |        |         |         |         |   
Round 6  |        |         |   B-C   |         |   
pairToPlace: C-D
 
*****VOLGENDE ITERATIE*****
pairs: [C-D] & pairsUsed: [A-B, A-C, A-D, B-C, B-D]
doubles: [A-B, A-C, A-D, B-C, B-D, C-D] & doublesUsed: []
currentGame: 0 & prevGame: [0, 1, 2, 2, 1]
currentRound: 3 & prevRound: [0, 1, 2, 5, 3]
TEMPBOARD: 
         | Game 1 |  Game 2 |  Game 3 |  Game 4 |  
_________ ________ _________ _________ _________ 
Round 1  |  A-B   |         |         |         |   
Round 2  |        |   A-C   |         |         |   
Round 3  |        |         |   A-D   |         |   
Round 4  |        |   B-D   |         |         |   
Round 5  |        |         |         |         |   
Round 6  |        |         |   B-C   |         |   
pairToPlace: C-D
 
*****VOLGENDE ITERATIE*****
pairs: [C-D] & pairsUsed: [A-B, A-C, A-D, B-C, B-D]
doubles: [A-B, A-C, A-D, B-C, B-D, C-D] & doublesUsed: []
currentGame: 0 & prevGame: [0, 1, 2, 2, 1]
currentRound: 4 & prevRound: [0, 1, 2, 5, 3]
TEMPBOARD: 
         | Game 1 |  Game 2 |  Game 3 |  Game 4 |  
_________ ________ _________ _________ _________ 
Round 1  |  A-B   |         |         |         |   
Round 2  |        |   A-C   |         |         |   
Round 3  |        |         |   A-D   |         |   
Round 4  |        |   B-D   |         |         |   
Round 5  |        |         |         |         |   
Round 6  |        |         |   B-C   |         |   
pairToPlace: C-D
 
*****VOLGENDE ITERATIE*****
pairs: [] & pairsUsed: [A-B, A-C, A-D, B-C, B-D, C-D]
doubles: [A-B, A-C, A-D, B-C, B-D, C-D] & doublesUsed: []
currentGame: 0 & prevGame: [0, 1, 2, 2, 1, 0]
currentRound: 0 & prevRound: [0, 1, 2, 5, 3, 4]
TEMPBOARD: 
         | Game 1 |  Game 2 |  Game 3 |  Game 4 |  
_________ ________ _________ _________ _________ 
Round 1  |  A-B   |         |         |         |   
Round 2  |        |   A-C   |         |         |   
Round 3  |        |         |   A-D   |         |   
Round 4  |        |   B-D   |         |         |   
Round 5  |  C-D   |         |         |         |   
Round 6  |        |         |   B-C   |         |   
pairToPlace: A-B
 
*****VOLGENDE ITERATIE*****
pairs: [] & pairsUsed: [A-B, A-C, A-D, B-C, B-D, C-D]
doubles: [A-B, A-C, A-D, B-C, B-D, C-D] & doublesUsed: []
currentGame: 0 & prevGame: [0, 1, 2, 2, 1, 0]
currentRound: 1 & prevRound: [0, 1, 2, 5, 3, 4]
TEMPBOARD: 
         | Game 1 |  Game 2 |  Game 3 |  Game 4 |  
_________ ________ _________ _________ _________ 
Round 1  |  A-B   |         |         |         |   
Round 2  |        |   A-C   |         |         |   
Round 3  |        |         |   A-D   |         |   
Round 4  |        |   B-D   |         |         |   
Round 5  |  C-D   |         |         |         |   
Round 6  |        |         |   B-C   |         |   
pairToPlace: A-B
 
*****VOLGENDE ITERATIE*****
pairs: [] & pairsUsed: [A-B, A-C, A-D, B-C, B-D, C-D]
doubles: [A-B, A-C, A-D, B-C, B-D, C-D] & doublesUsed: []
currentGame: 0 & prevGame: [0, 1, 2, 2, 1, 0]
currentRound: 2 & prevRound: [0, 1, 2, 5, 3, 4]
TEMPBOARD: 
         | Game 1 |  Game 2 |  Game 3 |  Game 4 |  
_________ ________ _________ _________ _________ 
Round 1  |  A-B   |         |         |         |   
Round 2  |        |   A-C   |         |         |   
Round 3  |        |         |   A-D   |         |   
Round 4  |        |   B-D   |         |         |   
Round 5  |  C-D   |         |         |         |   
Round 6  |        |         |   B-C   |         |   
pairToPlace: A-B
 
*****VOLGENDE ITERATIE*****
pairs: [] & pairsUsed: [A-B, A-C, A-D, B-C, B-D, C-D]
doubles: [A-B, A-C, A-D, B-C, B-D, C-D] & doublesUsed: []
currentGame: 0 & prevGame: [0, 1, 2, 2, 1, 0]
currentRound: 3 & prevRound: [0, 1, 2, 5, 3, 4]
TEMPBOARD: 
         | Game 1 |  Game 2 |  Game 3 |  Game 4 |  
_________ ________ _________ _________ _________ 
Round 1  |  A-B   |         |         |         |   
Round 2  |        |   A-C   |         |         |   
Round 3  |        |         |   A-D   |         |   
Round 4  |        |   B-D   |         |         |   
Round 5  |  C-D   |         |         |         |   
Round 6  |        |         |   B-C   |         |   
pairToPlace: A-B
 
*****VOLGENDE ITERATIE*****
pairs: [] & pairsUsed: [A-B, A-C, A-D, B-C, B-D, C-D]
doubles: [A-B, A-C, A-D, B-C, B-D, C-D] & doublesUsed: []
currentGame: 0 & prevGame: [0, 1, 2, 2, 1, 0]
currentRound: 4 & prevRound: [0, 1, 2, 5, 3, 4]
TEMPBOARD: 
         | Game 1 |  Game 2 |  Game 3 |  Game 4 |  
_________ ________ _________ _________ _________ 
Round 1  |  A-B   |         |         |         |   
Round 2  |        |   A-C   |         |         |   
Round 3  |        |         |   A-D   |         |   
Round 4  |        |   B-D   |         |         |   
Round 5  |  C-D   |         |         |         |   
Round 6  |        |         |   B-C   |         |   
pairToPlace: A-B
 
*****VOLGENDE ITERATIE*****
pairs: [] & pairsUsed: [A-B, A-C, A-D, B-C, B-D, C-D]
doubles: [A-B, A-C, A-D, B-C, B-D, C-D] & doublesUsed: []
currentGame: 0 & prevGame: [0, 1, 2, 2, 1, 0]
currentRound: 5 & prevRound: [0, 1, 2, 5, 3, 4]
TEMPBOARD: 
         | Game 1 |  Game 2 |  Game 3 |  Game 4 |  
_________ ________ _________ _________ _________ 
Round 1  |  A-B   |         |         |         |   
Round 2  |        |   A-C   |         |         |   
Round 3  |        |         |   A-D   |         |   
Round 4  |        |   B-D   |         |         |   
Round 5  |  C-D   |         |         |         |   
Round 6  |        |         |   B-C   |         |   
pairToPlace: A-B
 
*****VOLGENDE ITERATIE*****
pairs: [] & pairsUsed: [A-B, A-C, A-D, B-C, B-D, C-D]
doubles: [A-B, A-C, A-D, B-C, B-D, C-D] & doublesUsed: []
currentGame: 0 & prevGame: [0, 1, 2, 2, 1, 0]
currentRound: 6 & prevRound: [0, 1, 2, 5, 3, 4]
TEMPBOARD: 
         | Game 1 |  Game 2 |  Game 3 |  Game 4 |  
_________ ________ _________ _________ _________ 
Round 1  |  A-B   |         |         |         |   
Round 2  |        |   A-C   |         |         |   
Round 3  |        |         |   A-D   |         |   
Round 4  |        |   B-D   |         |         |   
Round 5  |  C-D   |         |         |         |   
Round 6  |        |         |   B-C   |         |   
pairToPlace: A-B
 
*****VOLGENDE ITERATIE*****
pairs: [] & pairsUsed: [A-B, A-C, A-D, B-C, B-D, C-D]
doubles: [A-B, A-C, A-D, B-C, B-D, C-D] & doublesUsed: []
currentGame: 1 & prevGame: [0, 1, 2, 2, 1, 0]
currentRound: 0 & prevRound: [0, 1, 2, 5, 3, 4]
TEMPBOARD: 
         | Game 1 |  Game 2 |  Game 3 |  Game 4 |  
_________ ________ _________ _________ _________ 
Round 1  |  A-B   |         |         |         |   
Round 2  |        |   A-C   |         |         |   
Round 3  |        |         |   A-D   |         |   
Round 4  |        |   B-D   |         |         |   
Round 5  |  C-D   |         |         |         |   
Round 6  |        |         |   B-C   |         |   
pairToPlace: A-B
 
*****VOLGENDE ITERATIE*****
pairs: [] & pairsUsed: [A-B, A-C, A-D, B-C, B-D, C-D]
doubles: [A-B, A-C, A-D, B-C, B-D, C-D] & doublesUsed: []
currentGame: 1 & prevGame: [0, 1, 2, 2, 1, 0]
currentRound: 1 & prevRound: [0, 1, 2, 5, 3, 4]
TEMPBOARD: 
         | Game 1 |  Game 2 |  Game 3 |  Game 4 |  
_________ ________ _________ _________ _________ 
Round 1  |  A-B   |         |         |         |   
Round 2  |        |   A-C   |         |         |   
Round 3  |        |         |   A-D   |         |   
Round 4  |        |   B-D   |         |         |   
Round 5  |  C-D   |         |         |         |   
Round 6  |        |         |   B-C   |         |   
pairToPlace: A-B
 
*****VOLGENDE ITERATIE*****
pairs: [] & pairsUsed: [A-B, A-C, A-D, B-C, B-D, C-D]
doubles: [A-B, A-C, A-D, B-C, B-D, C-D] & doublesUsed: []
currentGame: 1 & prevGame: [0, 1, 2, 2, 1, 0]
currentRound: 2 & prevRound: [0, 1, 2, 5, 3, 4]
TEMPBOARD: 
         | Game 1 |  Game 2 |  Game 3 |  Game 4 |  
_________ ________ _________ _________ _________ 
Round 1  |  A-B   |         |         |         |   
Round 2  |        |   A-C   |         |         |   
Round 3  |        |         |   A-D   |         |   
Round 4  |        |   B-D   |         |         |   
Round 5  |  C-D   |         |         |         |   
Round 6  |        |         |   B-C   |         |   
pairToPlace: A-B
 
*****VOLGENDE ITERATIE*****
pairs: [] & pairsUsed: [A-B, A-C, A-D, B-C, B-D, C-D]
doubles: [A-B, A-C, A-D, B-C, B-D, C-D] & doublesUsed: []
currentGame: 1 & prevGame: [0, 1, 2, 2, 1, 0]
currentRound: 3 & prevRound: [0, 1, 2, 5, 3, 4]
TEMPBOARD: 
         | Game 1 |  Game 2 |  Game 3 |  Game 4 |  
_________ ________ _________ _________ _________ 
Round 1  |  A-B   |         |         |         |   
Round 2  |        |   A-C   |         |         |   
Round 3  |        |         |   A-D   |         |   
Round 4  |        |   B-D   |         |         |   
Round 5  |  C-D   |         |         |         |   
Round 6  |        |         |   B-C   |         |   
pairToPlace: A-B
 
*****VOLGENDE ITERATIE*****
pairs: [] & pairsUsed: [A-B, A-C, A-D, B-C, B-D, C-D]
doubles: [A-B, A-C, A-D, B-C, B-D, C-D] & doublesUsed: []
currentGame: 1 & prevGame: [0, 1, 2, 2, 1, 0]
currentRound: 4 & prevRound: [0, 1, 2, 5, 3, 4]
TEMPBOARD: 
         | Game 1 |  Game 2 |  Game 3 |  Game 4 |  
_________ ________ _________ _________ _________ 
Round 1  |  A-B   |         |         |         |   
Round 2  |        |   A-C   |         |         |   
Round 3  |        |         |   A-D   |         |   
Round 4  |        |   B-D   |         |         |   
Round 5  |  C-D   |         |         |         |   
Round 6  |        |         |   B-C   |         |   
pairToPlace: A-B
 
*****VOLGENDE ITERATIE*****
pairs: [] & pairsUsed: [A-B, A-C, A-D, B-C, B-D, C-D]
doubles: [A-B, A-C, A-D, B-C, B-D, C-D] & doublesUsed: []
currentGame: 1 & prevGame: [0, 1, 2, 2, 1, 0]
currentRound: 5 & prevRound: [0, 1, 2, 5, 3, 4]
TEMPBOARD: 
         | Game 1 |  Game 2 |  Game 3 |  Game 4 |  
_________ ________ _________ _________ _________ 
Round 1  |  A-B   |         |         |         |   
Round 2  |        |   A-C   |         |         |   
Round 3  |        |         |   A-D   |         |   
Round 4  |        |   B-D   |         |         |   
Round 5  |  C-D   |         |         |         |   
Round 6  |        |         |   B-C   |         |   
pairToPlace: A-B
 
*****VOLGENDE ITERATIE*****
pairs: [] & pairsUsed: [A-B, A-C, A-D, B-C, B-D, C-D]
doubles: [A-B, A-C, A-D, B-C, B-D, C-D] & doublesUsed: []
currentGame: 1 & prevGame: [0, 1, 2, 2, 1, 0]
currentRound: 6 & prevRound: [0, 1, 2, 5, 3, 4]
TEMPBOARD: 
         | Game 1 |  Game 2 |  Game 3 |  Game 4 |  
_________ ________ _________ _________ _________ 
Round 1  |  A-B   |         |         |         |   
Round 2  |        |   A-C   |         |         |   
Round 3  |        |         |   A-D   |         |   
Round 4  |        |   B-D   |         |         |   
Round 5  |  C-D   |         |         |         |   
Round 6  |        |         |   B-C   |         |   
pairToPlace: A-B
 
*****VOLGENDE ITERATIE*****
pairs: [] & pairsUsed: [A-B, A-C, A-D, B-C, B-D, C-D]
doubles: [A-B, A-C, A-D, B-C, B-D, C-D] & doublesUsed: []
currentGame: 2 & prevGame: [0, 1, 2, 2, 1, 0]
currentRound: 0 & prevRound: [0, 1, 2, 5, 3, 4]
TEMPBOARD: 
         | Game 1 |  Game 2 |  Game 3 |  Game 4 |  
_________ ________ _________ _________ _________ 
Round 1  |  A-B   |         |         |         |   
Round 2  |        |   A-C   |         |         |   
Round 3  |        |         |   A-D   |         |   
Round 4  |        |   B-D   |         |         |   
Round 5  |  C-D   |         |         |         |   
Round 6  |        |         |   B-C   |         |   
pairToPlace: A-B
 
*****VOLGENDE ITERATIE*****
pairs: [] & pairsUsed: [A-B, A-C, A-D, B-C, B-D, C-D]
doubles: [A-B, A-C, A-D, B-C, B-D, C-D] & doublesUsed: []
currentGame: 2 & prevGame: [0, 1, 2, 2, 1, 0]
currentRound: 1 & prevRound: [0, 1, 2, 5, 3, 4]
TEMPBOARD: 
         | Game 1 |  Game 2 |  Game 3 |  Game 4 |  
_________ ________ _________ _________ _________ 
Round 1  |  A-B   |         |         |         |   
Round 2  |        |   A-C   |         |         |   
Round 3  |        |         |   A-D   |         |   
Round 4  |        |   B-D   |         |         |   
Round 5  |  C-D   |         |         |         |   
Round 6  |        |         |   B-C   |         |   
pairToPlace: A-B
 
*****VOLGENDE ITERATIE*****
pairs: [] & pairsUsed: [A-B, A-C, A-D, B-C, B-D, C-D]
doubles: [A-B, A-C, A-D, B-C, B-D, C-D] & doublesUsed: []
currentGame: 2 & prevGame: [0, 1, 2, 2, 1, 0]
currentRound: 2 & prevRound: [0, 1, 2, 5, 3, 4]
TEMPBOARD: 
         | Game 1 |  Game 2 |  Game 3 |  Game 4 |  
_________ ________ _________ _________ _________ 
Round 1  |  A-B   |         |         |         |   
Round 2  |        |   A-C   |         |         |   
Round 3  |        |         |   A-D   |         |   
Round 4  |        |   B-D   |         |         |   
Round 5  |  C-D   |         |         |         |   
Round 6  |        |         |   B-C   |         |   
pairToPlace: A-B
 
*****VOLGENDE ITERATIE*****
pairs: [] & pairsUsed: [A-B, A-C, A-D, B-C, B-D, C-D]
doubles: [A-B, A-C, A-D, B-C, B-D, C-D] & doublesUsed: []
currentGame: 2 & prevGame: [0, 1, 2, 2, 1, 0]
currentRound: 3 & prevRound: [0, 1, 2, 5, 3, 4]
TEMPBOARD: 
         | Game 1 |  Game 2 |  Game 3 |  Game 4 |  
_________ ________ _________ _________ _________ 
Round 1  |  A-B   |         |         |         |   
Round 2  |        |   A-C   |         |         |   
Round 3  |        |         |   A-D   |         |   
Round 4  |        |   B-D   |         |         |   
Round 5  |  C-D   |         |         |         |   
Round 6  |        |         |   B-C   |         |   
pairToPlace: A-B
 
*****VOLGENDE ITERATIE*****
pairs: [] & pairsUsed: [A-B, A-C, A-D, B-C, B-D, C-D]
doubles: [A-B, A-C, A-D, B-C, B-D, C-D] & doublesUsed: []
currentGame: 2 & prevGame: [0, 1, 2, 2, 1, 0]
currentRound: 4 & prevRound: [0, 1, 2, 5, 3, 4]
TEMPBOARD: 
         | Game 1 |  Game 2 |  Game 3 |  Game 4 |  
_________ ________ _________ _________ _________ 
Round 1  |  A-B   |         |         |         |   
Round 2  |        |   A-C   |         |         |   
Round 3  |        |         |   A-D   |         |   
Round 4  |        |   B-D   |         |         |   
Round 5  |  C-D   |         |         |         |   
Round 6  |        |         |   B-C   |         |   
pairToPlace: A-B
 
*****VOLGENDE ITERATIE*****
pairs: [] & pairsUsed: [A-B, A-C, A-D, B-C, B-D, C-D]
doubles: [A-B, A-C, A-D, B-C, B-D, C-D] & doublesUsed: []
currentGame: 2 & prevGame: [0, 1, 2, 2, 1, 0]
currentRound: 5 & prevRound: [0, 1, 2, 5, 3, 4]
TEMPBOARD: 
         | Game 1 |  Game 2 |  Game 3 |  Game 4 |  
_________ ________ _________ _________ _________ 
Round 1  |  A-B   |         |         |         |   
Round 2  |        |   A-C   |         |         |   
Round 3  |        |         |   A-D   |         |   
Round 4  |        |   B-D   |         |         |   
Round 5  |  C-D   |         |         |         |   
Round 6  |        |         |   B-C   |         |   
pairToPlace: A-B
 
*****VOLGENDE ITERATIE*****
pairs: [] & pairsUsed: [A-B, A-C, A-D, B-C, B-D, C-D]
doubles: [A-B, A-C, A-D, B-C, B-D, C-D] & doublesUsed: []
currentGame: 2 & prevGame: [0, 1, 2, 2, 1, 0]
currentRound: 6 & prevRound: [0, 1, 2, 5, 3, 4]
TEMPBOARD: 
         | Game 1 |  Game 2 |  Game 3 |  Game 4 |  
_________ ________ _________ _________ _________ 
Round 1  |  A-B   |         |         |         |   
Round 2  |        |   A-C   |         |         |   
Round 3  |        |         |   A-D   |         |   
Round 4  |        |   B-D   |         |         |   
Round 5  |  C-D   |         |         |         |   
Round 6  |        |         |   B-C   |         |   
pairToPlace: A-B
 
*****VOLGENDE ITERATIE*****
pairs: [] & pairsUsed: [A-B, A-C, A-D, B-C, B-D, C-D]
doubles: [A-B, A-C, A-D, B-C, B-D, C-D] & doublesUsed: []
currentGame: 3 & prevGame: [0, 1, 2, 2, 1, 0]
currentRound: 0 & prevRound: [0, 1, 2, 5, 3, 4]
TEMPBOARD: 
         | Game 1 |  Game 2 |  Game 3 |  Game 4 |  
_________ ________ _________ _________ _________ 
Round 1  |  A-B   |         |         |         |   
Round 2  |        |   A-C   |         |         |   
Round 3  |        |         |   A-D   |         |   
Round 4  |        |   B-D   |         |         |   
Round 5  |  C-D   |         |         |         |   
Round 6  |        |         |   B-C   |         |   
pairToPlace: A-B
 
*****VOLGENDE ITERATIE*****
pairs: [] & pairsUsed: [A-B, A-C, A-D, B-C, B-D, C-D]
doubles: [A-B, A-C, A-D, B-C, B-D, C-D] & doublesUsed: []
currentGame: 3 & prevGame: [0, 1, 2, 2, 1, 0]
currentRound: 1 & prevRound: [0, 1, 2, 5, 3, 4]
TEMPBOARD: 
         | Game 1 |  Game 2 |  Game 3 |  Game 4 |  
_________ ________ _________ _________ _________ 
Round 1  |  A-B   |         |         |         |   
Round 2  |        |   A-C   |         |         |   
Round 3  |        |         |   A-D   |         |   
Round 4  |        |   B-D   |         |         |   
Round 5  |  C-D   |         |         |         |   
Round 6  |        |         |   B-C   |         |   
pairToPlace: A-B
 
*****VOLGENDE ITERATIE*****
pairs: [] & pairsUsed: [A-B, A-C, A-D, B-C, B-D, C-D]
doubles: [A-B, A-C, A-D, B-C, B-D, C-D] & doublesUsed: []
currentGame: 3 & prevGame: [0, 1, 2, 2, 1, 0]
currentRound: 2 & prevRound: [0, 1, 2, 5, 3, 4]
TEMPBOARD: 
         | Game 1 |  Game 2 |  Game 3 |  Game 4 |  
_________ ________ _________ _________ _________ 
Round 1  |  A-B   |         |         |         |   
Round 2  |        |   A-C   |         |         |   
Round 3  |        |         |   A-D   |         |   
Round 4  |        |   B-D   |         |         |   
Round 5  |  C-D   |         |         |         |   
Round 6  |        |         |   B-C   |         |   
pairToPlace: A-B
 
*****VOLGENDE ITERATIE*****
pairs: [] & pairsUsed: [A-B, A-C, A-D, B-C, B-D, C-D]
doubles: [A-B, A-C, A-D, B-C, B-D, C-D] & doublesUsed: []
currentGame: 3 & prevGame: [0, 1, 2, 2, 1, 0]
currentRound: 3 & prevRound: [0, 1, 2, 5, 3, 4]
TEMPBOARD: 
         | Game 1 |  Game 2 |  Game 3 |  Game 4 |  
_________ ________ _________ _________ _________ 
Round 1  |  A-B   |         |         |         |   
Round 2  |        |   A-C   |         |         |   
Round 3  |        |         |   A-D   |         |   
Round 4  |        |   B-D   |         |         |   
Round 5  |  C-D   |         |         |         |   
Round 6  |        |         |   B-C   |         |   
pairToPlace: A-B
 
*****VOLGENDE ITERATIE*****
pairs: [] & pairsUsed: [A-B, A-C, A-D, B-C, B-D, C-D]
doubles: [A-B, A-C, A-D, B-C, B-D, C-D] & doublesUsed: []
currentGame: 3 & prevGame: [0, 1, 2, 2, 1, 0]
currentRound: 4 & prevRound: [0, 1, 2, 5, 3, 4]
TEMPBOARD: 
         | Game 1 |  Game 2 |  Game 3 |  Game 4 |  
_________ ________ _________ _________ _________ 
Round 1  |  A-B   |         |         |         |   
Round 2  |        |   A-C   |         |         |   
Round 3  |        |         |   A-D   |         |   
Round 4  |        |   B-D   |         |         |   
Round 5  |  C-D   |         |         |         |   
Round 6  |        |         |   B-C   |         |   
pairToPlace: A-B
 
*****VOLGENDE ITERATIE*****
pairs: [] & pairsUsed: [A-B, A-C, A-D, B-C, B-D, C-D]
doubles: [A-C, A-D, B-C, B-D, C-D] & doublesUsed: [A-B]
currentGame: 0 & prevGame: [0, 1, 2, 2, 1, 0, 3]
currentRound: 0 & prevRound: [0, 1, 2, 5, 3, 4, 4]
TEMPBOARD: 
         | Game 1 |  Game 2 |  Game 3 |  Game 4 |  
_________ ________ _________ _________ _________ 
Round 1  |  A-B   |         |         |         |   
Round 2  |        |   A-C   |         |         |   
Round 3  |        |         |   A-D   |         |   
Round 4  |        |   B-D   |         |         |   
Round 5  |  C-D   |         |         |   A-B   |   
Round 6  |        |         |   B-C   |         |   
pairToPlace: A-C
 
*****VOLGENDE ITERATIE*****
pairs: [] & pairsUsed: [A-B, A-C, A-D, B-C, B-D, C-D]
doubles: [A-C, A-D, B-C, B-D, C-D] & doublesUsed: [A-B]
currentGame: 0 & prevGame: [0, 1, 2, 2, 1, 0, 3]
currentRound: 1 & prevRound: [0, 1, 2, 5, 3, 4, 4]
TEMPBOARD: 
         | Game 1 |  Game 2 |  Game 3 |  Game 4 |  
_________ ________ _________ _________ _________ 
Round 1  |  A-B   |         |         |         |   
Round 2  |        |   A-C   |         |         |   
Round 3  |        |         |   A-D   |         |   
Round 4  |        |   B-D   |         |         |   
Round 5  |  C-D   |         |         |   A-B   |   
Round 6  |        |         |   B-C   |         |   
pairToPlace: A-C
 
*****VOLGENDE ITERATIE*****
pairs: [] & pairsUsed: [A-B, A-C, A-D, B-C, B-D, C-D]
doubles: [A-C, A-D, B-C, B-D, C-D] & doublesUsed: [A-B]
currentGame: 0 & prevGame: [0, 1, 2, 2, 1, 0, 3]
currentRound: 2 & prevRound: [0, 1, 2, 5, 3, 4, 4]
TEMPBOARD: 
         | Game 1 |  Game 2 |  Game 3 |  Game 4 |  
_________ ________ _________ _________ _________ 
Round 1  |  A-B   |         |         |         |   
Round 2  |        |   A-C   |         |         |   
Round 3  |        |         |   A-D   |         |   
Round 4  |        |   B-D   |         |         |   
Round 5  |  C-D   |         |         |   A-B   |   
Round 6  |        |         |   B-C   |         |   
pairToPlace: A-C
 
*****VOLGENDE ITERATIE*****
pairs: [] & pairsUsed: [A-B, A-C, A-D, B-C, B-D, C-D]
doubles: [A-C, A-D, B-C, B-D, C-D] & doublesUsed: [A-B]
currentGame: 0 & prevGame: [0, 1, 2, 2, 1, 0, 3]
currentRound: 3 & prevRound: [0, 1, 2, 5, 3, 4, 4]
TEMPBOARD: 
         | Game 1 |  Game 2 |  Game 3 |  Game 4 |  
_________ ________ _________ _________ _________ 
Round 1  |  A-B   |         |         |         |   
Round 2  |        |   A-C   |         |         |   
Round 3  |        |         |   A-D   |         |   
Round 4  |        |   B-D   |         |         |   
Round 5  |  C-D   |         |         |   A-B   |   
Round 6  |        |         |   B-C   |         |   
pairToPlace: A-C
 
*****VOLGENDE ITERATIE*****
pairs: [] & pairsUsed: [A-B, A-C, A-D, B-C, B-D, C-D]
doubles: [A-C, A-D, B-C, B-D, C-D] & doublesUsed: [A-B]
currentGame: 0 & prevGame: [0, 1, 2, 2, 1, 0, 3]
currentRound: 4 & prevRound: [0, 1, 2, 5, 3, 4, 4]
TEMPBOARD: 
         | Game 1 |  Game 2 |  Game 3 |  Game 4 |  
_________ ________ _________ _________ _________ 
Round 1  |  A-B   |         |         |         |   
Round 2  |        |   A-C   |         |         |   
Round 3  |        |         |   A-D   |         |   
Round 4  |        |   B-D   |         |         |   
Round 5  |  C-D   |         |         |   A-B   |   
Round 6  |        |         |   B-C   |         |   
pairToPlace: A-C
 
*****VOLGENDE ITERATIE*****
pairs: [] & pairsUsed: [A-B, A-C, A-D, B-C, B-D, C-D]
doubles: [A-C, A-D, B-C, B-D, C-D] & doublesUsed: [A-B]
currentGame: 0 & prevGame: [0, 1, 2, 2, 1, 0, 3]
currentRound: 5 & prevRound: [0, 1, 2, 5, 3, 4, 4]
TEMPBOARD: 
         | Game 1 |  Game 2 |  Game 3 |  Game 4 |  
_________ ________ _________ _________ _________ 
Round 1  |  A-B   |         |         |         |   
Round 2  |        |   A-C   |         |         |   
Round 3  |        |         |   A-D   |         |   
Round 4  |        |   B-D   |         |         |   
Round 5  |  C-D   |         |         |   A-B   |   
Round 6  |        |         |   B-C   |         |   
pairToPlace: A-C
 
*****VOLGENDE ITERATIE*****
pairs: [] & pairsUsed: [A-B, A-C, A-D, B-C, B-D, C-D]
doubles: [A-C, A-D, B-C, B-D, C-D] & doublesUsed: [A-B]
currentGame: 0 & prevGame: [0, 1, 2, 2, 1, 0, 3]
currentRound: 6 & prevRound: [0, 1, 2, 5, 3, 4, 4]
TEMPBOARD: 
         | Game 1 |  Game 2 |  Game 3 |  Game 4 |  
_________ ________ _________ _________ _________ 
Round 1  |  A-B   |         |         |         |   
Round 2  |        |   A-C   |         |         |   
Round 3  |        |         |   A-D   |         |   
Round 4  |        |   B-D   |         |         |   
Round 5  |  C-D   |         |         |   A-B   |   
Round 6  |        |         |   B-C   |         |   
pairToPlace: A-C
 
*****VOLGENDE ITERATIE*****
pairs: [] & pairsUsed: [A-B, A-C, A-D, B-C, B-D, C-D]
doubles: [A-C, A-D, B-C, B-D, C-D] & doublesUsed: [A-B]
currentGame: 1 & prevGame: [0, 1, 2, 2, 1, 0, 3]
currentRound: 0 & prevRound: [0, 1, 2, 5, 3, 4, 4]
TEMPBOARD: 
         | Game 1 |  Game 2 |  Game 3 |  Game 4 |  
_________ ________ _________ _________ _________ 
Round 1  |  A-B   |         |         |         |   
Round 2  |        |   A-C   |         |         |   
Round 3  |        |         |   A-D   |         |   
Round 4  |        |   B-D   |         |         |   
Round 5  |  C-D   |         |         |   A-B   |   
Round 6  |        |         |   B-C   |         |   
pairToPlace: A-C
 
*****VOLGENDE ITERATIE*****
pairs: [] & pairsUsed: [A-B, A-C, A-D, B-C, B-D, C-D]
doubles: [A-C, A-D, B-C, B-D, C-D] & doublesUsed: [A-B]
currentGame: 1 & prevGame: [0, 1, 2, 2, 1, 0, 3]
currentRound: 1 & prevRound: [0, 1, 2, 5, 3, 4, 4]
TEMPBOARD: 
         | Game 1 |  Game 2 |  Game 3 |  Game 4 |  
_________ ________ _________ _________ _________ 
Round 1  |  A-B   |         |         |         |   
Round 2  |        |   A-C   |         |         |   
Round 3  |        |         |   A-D   |         |   
Round 4  |        |   B-D   |         |         |   
Round 5  |  C-D   |         |         |   A-B   |   
Round 6  |        |         |   B-C   |         |   
pairToPlace: A-C
 
*****VOLGENDE ITERATIE*****
pairs: [] & pairsUsed: [A-B, A-C, A-D, B-C, B-D, C-D]
doubles: [A-C, A-D, B-C, B-D, C-D] & doublesUsed: [A-B]
currentGame: 1 & prevGame: [0, 1, 2, 2, 1, 0, 3]
currentRound: 2 & prevRound: [0, 1, 2, 5, 3, 4, 4]
TEMPBOARD: 
         | Game 1 |  Game 2 |  Game 3 |  Game 4 |  
_________ ________ _________ _________ _________ 
Round 1  |  A-B   |         |         |         |   
Round 2  |        |   A-C   |         |         |   
Round 3  |        |         |   A-D   |         |   
Round 4  |        |   B-D   |         |         |   
Round 5  |  C-D   |         |         |   A-B   |   
Round 6  |        |         |   B-C   |         |   
pairToPlace: A-C
 
*****VOLGENDE ITERATIE*****
pairs: [] & pairsUsed: [A-B, A-C, A-D, B-C, B-D, C-D]
doubles: [A-C, A-D, B-C, B-D, C-D] & doublesUsed: [A-B]
currentGame: 1 & prevGame: [0, 1, 2, 2, 1, 0, 3]
currentRound: 3 & prevRound: [0, 1, 2, 5, 3, 4, 4]
TEMPBOARD: 
         | Game 1 |  Game 2 |  Game 3 |  Game 4 |  
_________ ________ _________ _________ _________ 
Round 1  |  A-B   |         |         |         |   
Round 2  |        |   A-C   |         |         |   
Round 3  |        |         |   A-D   |         |   
Round 4  |        |   B-D   |         |         |   
Round 5  |  C-D   |         |         |   A-B   |   
Round 6  |        |         |   B-C   |         |   
pairToPlace: A-C
 
*****VOLGENDE ITERATIE*****
pairs: [] & pairsUsed: [A-B, A-C, A-D, B-C, B-D, C-D]
doubles: [A-C, A-D, B-C, B-D, C-D] & doublesUsed: [A-B]
currentGame: 1 & prevGame: [0, 1, 2, 2, 1, 0, 3]
currentRound: 4 & prevRound: [0, 1, 2, 5, 3, 4, 4]
TEMPBOARD: 
         | Game 1 |  Game 2 |  Game 3 |  Game 4 |  
_________ ________ _________ _________ _________ 
Round 1  |  A-B   |         |         |         |   
Round 2  |        |   A-C   |         |         |   
Round 3  |        |         |   A-D   |         |   
Round 4  |        |   B-D   |         |         |   
Round 5  |  C-D   |         |         |   A-B   |   
Round 6  |        |         |   B-C   |         |   
pairToPlace: A-C
 
*****VOLGENDE ITERATIE*****
pairs: [] & pairsUsed: [A-B, A-C, A-D, B-C, B-D, C-D]
doubles: [A-C, A-D, B-C, B-D, C-D] & doublesUsed: [A-B]
currentGame: 1 & prevGame: [0, 1, 2, 2, 1, 0, 3]
currentRound: 5 & prevRound: [0, 1, 2, 5, 3, 4, 4]
TEMPBOARD: 
         | Game 1 |  Game 2 |  Game 3 |  Game 4 |  
_________ ________ _________ _________ _________ 
Round 1  |  A-B   |         |         |         |   
Round 2  |        |   A-C   |         |         |   
Round 3  |        |         |   A-D   |         |   
Round 4  |        |   B-D   |         |         |   
Round 5  |  C-D   |         |         |   A-B   |   
Round 6  |        |         |   B-C   |         |   
pairToPlace: A-C
 
*****VOLGENDE ITERATIE*****
pairs: [] & pairsUsed: [A-B, A-C, A-D, B-C, B-D, C-D]
doubles: [A-C, A-D, B-C, B-D, C-D] & doublesUsed: [A-B]
currentGame: 1 & prevGame: [0, 1, 2, 2, 1, 0, 3]
currentRound: 6 & prevRound: [0, 1, 2, 5, 3, 4, 4]
TEMPBOARD: 
         | Game 1 |  Game 2 |  Game 3 |  Game 4 |  
_________ ________ _________ _________ _________ 
Round 1  |  A-B   |         |         |         |   
Round 2  |        |   A-C   |         |         |   
Round 3  |        |         |   A-D   |         |   
Round 4  |        |   B-D   |         |         |   
Round 5  |  C-D   |         |         |   A-B   |   
Round 6  |        |         |   B-C   |         |   
pairToPlace: A-C
 
*****VOLGENDE ITERATIE*****
pairs: [] & pairsUsed: [A-B, A-C, A-D, B-C, B-D, C-D]
doubles: [A-C, A-D, B-C, B-D, C-D] & doublesUsed: [A-B]
currentGame: 2 & prevGame: [0, 1, 2, 2, 1, 0, 3]
currentRound: 0 & prevRound: [0, 1, 2, 5, 3, 4, 4]
TEMPBOARD: 
         | Game 1 |  Game 2 |  Game 3 |  Game 4 |  
_________ ________ _________ _________ _________ 
Round 1  |  A-B   |         |         |         |   
Round 2  |        |   A-C   |         |         |   
Round 3  |        |         |   A-D   |         |   
Round 4  |        |   B-D   |         |         |   
Round 5  |  C-D   |         |         |   A-B   |   
Round 6  |        |         |   B-C   |         |   
pairToPlace: A-C
 
*****VOLGENDE ITERATIE*****
pairs: [] & pairsUsed: [A-B, A-C, A-D, B-C, B-D, C-D]
doubles: [A-C, A-D, B-C, B-D, C-D] & doublesUsed: [A-B]
currentGame: 2 & prevGame: [0, 1, 2, 2, 1, 0, 3]
currentRound: 1 & prevRound: [0, 1, 2, 5, 3, 4, 4]
TEMPBOARD: 
         | Game 1 |  Game 2 |  Game 3 |  Game 4 |  
_________ ________ _________ _________ _________ 
Round 1  |  A-B   |         |         |         |   
Round 2  |        |   A-C   |         |         |   
Round 3  |        |         |   A-D   |         |   
Round 4  |        |   B-D   |         |         |   
Round 5  |  C-D   |         |         |   A-B   |   
Round 6  |        |         |   B-C   |         |   
pairToPlace: A-C
 
*****VOLGENDE ITERATIE*****
pairs: [] & pairsUsed: [A-B, A-C, A-D, B-C, B-D, C-D]
doubles: [A-C, A-D, B-C, B-D, C-D] & doublesUsed: [A-B]
currentGame: 2 & prevGame: [0, 1, 2, 2, 1, 0, 3]
currentRound: 2 & prevRound: [0, 1, 2, 5, 3, 4, 4]
TEMPBOARD: 
         | Game 1 |  Game 2 |  Game 3 |  Game 4 |  
_________ ________ _________ _________ _________ 
Round 1  |  A-B   |         |         |         |   
Round 2  |        |   A-C   |         |         |   
Round 3  |        |         |   A-D   |         |   
Round 4  |        |   B-D   |         |         |   
Round 5  |  C-D   |         |         |   A-B   |   
Round 6  |        |         |   B-C   |         |   
pairToPlace: A-C
 
*****VOLGENDE ITERATIE*****
pairs: [] & pairsUsed: [A-B, A-C, A-D, B-C, B-D, C-D]
doubles: [A-C, A-D, B-C, B-D, C-D] & doublesUsed: [A-B]
currentGame: 2 & prevGame: [0, 1, 2, 2, 1, 0, 3]
currentRound: 3 & prevRound: [0, 1, 2, 5, 3, 4, 4]
TEMPBOARD: 
         | Game 1 |  Game 2 |  Game 3 |  Game 4 |  
_________ ________ _________ _________ _________ 
Round 1  |  A-B   |         |         |         |   
Round 2  |        |   A-C   |         |         |   
Round 3  |        |         |   A-D   |         |   
Round 4  |        |   B-D   |         |         |   
Round 5  |  C-D   |         |         |   A-B   |   
Round 6  |        |         |   B-C   |         |   
pairToPlace: A-C
 
*****VOLGENDE ITERATIE*****
pairs: [] & pairsUsed: [A-B, A-C, A-D, B-C, B-D, C-D]
doubles: [A-C, A-D, B-C, B-D, C-D] & doublesUsed: [A-B]
currentGame: 2 & prevGame: [0, 1, 2, 2, 1, 0, 3]
currentRound: 4 & prevRound: [0, 1, 2, 5, 3, 4, 4]
TEMPBOARD: 
         | Game 1 |  Game 2 |  Game 3 |  Game 4 |  
_________ ________ _________ _________ _________ 
Round 1  |  A-B   |         |         |         |   
Round 2  |        |   A-C   |         |         |   
Round 3  |        |         |   A-D   |         |   
Round 4  |        |   B-D   |         |         |   
Round 5  |  C-D   |         |         |   A-B   |   
Round 6  |        |         |   B-C   |         |   
pairToPlace: A-C
 
*****VOLGENDE ITERATIE*****
pairs: [] & pairsUsed: [A-B, A-C, A-D, B-C, B-D, C-D]
doubles: [A-C, A-D, B-C, B-D, C-D] & doublesUsed: [A-B]
currentGame: 2 & prevGame: [0, 1, 2, 2, 1, 0, 3]
currentRound: 5 & prevRound: [0, 1, 2, 5, 3, 4, 4]
TEMPBOARD: 
         | Game 1 |  Game 2 |  Game 3 |  Game 4 |  
_________ ________ _________ _________ _________ 
Round 1  |  A-B   |         |         |         |   
Round 2  |        |   A-C   |         |         |   
Round 3  |        |         |   A-D   |         |   
Round 4  |        |   B-D   |         |         |   
Round 5  |  C-D   |         |         |   A-B   |   
Round 6  |        |         |   B-C   |         |   
pairToPlace: A-C
 
*****VOLGENDE ITERATIE*****
pairs: [] & pairsUsed: [A-B, A-C, A-D, B-C, B-D, C-D]
doubles: [A-C, A-D, B-C, B-D, C-D] & doublesUsed: [A-B]
currentGame: 2 & prevGame: [0, 1, 2, 2, 1, 0, 3]
currentRound: 6 & prevRound: [0, 1, 2, 5, 3, 4, 4]
TEMPBOARD: 
         | Game 1 |  Game 2 |  Game 3 |  Game 4 |  
_________ ________ _________ _________ _________ 
Round 1  |  A-B   |         |         |         |   
Round 2  |        |   A-C   |         |         |   
Round 3  |        |         |   A-D   |         |   
Round 4  |        |   B-D   |         |         |   
Round 5  |  C-D   |         |         |   A-B   |   
Round 6  |        |         |   B-C   |         |   
pairToPlace: A-C
 
*****VOLGENDE ITERATIE*****
pairs: [] & pairsUsed: [A-B, A-C, A-D, B-C, B-D, C-D]
doubles: [A-C, A-D, B-C, B-D, C-D] & doublesUsed: [A-B]
currentGame: 3 & prevGame: [0, 1, 2, 2, 1, 0, 3]
currentRound: 0 & prevRound: [0, 1, 2, 5, 3, 4, 4]
TEMPBOARD: 
         | Game 1 |  Game 2 |  Game 3 |  Game 4 |  
_________ ________ _________ _________ _________ 
Round 1  |  A-B   |         |         |         |   
Round 2  |        |   A-C   |         |         |   
Round 3  |        |         |   A-D   |         |   
Round 4  |        |   B-D   |         |         |   
Round 5  |  C-D   |         |         |   A-B   |   
Round 6  |        |         |   B-C   |         |   
pairToPlace: A-C
 
*****VOLGENDE ITERATIE*****
pairs: [] & pairsUsed: [A-B, A-C, A-D, B-C, B-D, C-D]
doubles: [A-C, A-D, B-C, B-D, C-D] & doublesUsed: [A-B]
currentGame: 3 & prevGame: [0, 1, 2, 2, 1, 0, 3]
currentRound: 1 & prevRound: [0, 1, 2, 5, 3, 4, 4]
TEMPBOARD: 
         | Game 1 |  Game 2 |  Game 3 |  Game 4 |  
_________ ________ _________ _________ _________ 
Round 1  |  A-B   |         |         |         |   
Round 2  |        |   A-C   |         |         |   
Round 3  |        |         |   A-D   |         |   
Round 4  |        |   B-D   |         |         |   
Round 5  |  C-D   |         |         |   A-B   |   
Round 6  |        |         |   B-C   |         |   
pairToPlace: A-C
 
*****VOLGENDE ITERATIE*****
pairs: [] & pairsUsed: [A-B, A-C, A-D, B-C, B-D, C-D]
doubles: [A-C, A-D, B-C, B-D, C-D] & doublesUsed: [A-B]
currentGame: 3 & prevGame: [0, 1, 2, 2, 1, 0, 3]
currentRound: 2 & prevRound: [0, 1, 2, 5, 3, 4, 4]
TEMPBOARD: 
         | Game 1 |  Game 2 |  Game 3 |  Game 4 |  
_________ ________ _________ _________ _________ 
Round 1  |  A-B   |         |         |         |   
Round 2  |        |   A-C   |         |         |   
Round 3  |        |         |   A-D   |         |   
Round 4  |        |   B-D   |         |         |   
Round 5  |  C-D   |         |         |   A-B   |   
Round 6  |        |         |   B-C   |         |   
pairToPlace: A-C
 
*****VOLGENDE ITERATIE*****
pairs: [] & pairsUsed: [A-B, A-C, A-D, B-C, B-D, C-D]
doubles: [A-C, A-D, B-C, B-D, C-D] & doublesUsed: [A-B]
currentGame: 3 & prevGame: [0, 1, 2, 2, 1, 0, 3]
currentRound: 3 & prevRound: [0, 1, 2, 5, 3, 4, 4]
TEMPBOARD: 
         | Game 1 |  Game 2 |  Game 3 |  Game 4 |  
_________ ________ _________ _________ _________ 
Round 1  |  A-B   |         |         |         |   
Round 2  |        |   A-C   |         |         |   
Round 3  |        |         |   A-D   |         |   
Round 4  |        |   B-D   |         |         |   
Round 5  |  C-D   |         |         |   A-B   |   
Round 6  |        |         |   B-C   |         |   
pairToPlace: A-C
 
*****VOLGENDE ITERATIE*****
pairs: [] & pairsUsed: [A-B, A-C, A-D, B-C, B-D, C-D]
doubles: [A-C, A-D, B-C, B-D, C-D] & doublesUsed: [A-B]
currentGame: 3 & prevGame: [0, 1, 2, 2, 1, 0, 3]
currentRound: 4 & prevRound: [0, 1, 2, 5, 3, 4, 4]
TEMPBOARD: 
         | Game 1 |  Game 2 |  Game 3 |  Game 4 |  
_________ ________ _________ _________ _________ 
Round 1  |  A-B   |         |         |         |   
Round 2  |        |   A-C   |         |         |   
Round 3  |        |         |   A-D   |         |   
Round 4  |        |   B-D   |         |         |   
Round 5  |  C-D   |         |         |   A-B   |   
Round 6  |        |         |   B-C   |         |   
pairToPlace: A-C
 
*****VOLGENDE ITERATIE*****
pairs: [] & pairsUsed: [A-B, A-C, A-D, B-C, B-D, C-D]
doubles: [A-C, A-D, B-C, B-D, C-D] & doublesUsed: [A-B]
currentGame: 3 & prevGame: [0, 1, 2, 2, 1, 0, 3]
currentRound: 5 & prevRound: [0, 1, 2, 5, 3, 4, 4]
TEMPBOARD: 
         | Game 1 |  Game 2 |  Game 3 |  Game 4 |  
_________ ________ _________ _________ _________ 
Round 1  |  A-B   |         |         |         |   
Round 2  |        |   A-C   |         |         |   
Round 3  |        |         |   A-D   |         |   
Round 4  |        |   B-D   |         |         |   
Round 5  |  C-D   |         |         |   A-B   |   
Round 6  |        |         |   B-C   |         |   
pairToPlace: A-C
 
*****VOLGENDE ITERATIE*****
pairs: [] & pairsUsed: [A-B, A-C, A-D, B-C, B-D, C-D]
doubles: [A-C, A-D, B-C, B-D, C-D] & doublesUsed: [A-B]
currentGame: 3 & prevGame: [0, 1, 2, 2, 1, 0, 3]
currentRound: 6 & prevRound: [0, 1, 2, 5, 3, 4, 4]
TEMPBOARD: 
         | Game 1 |  Game 2 |  Game 3 |  Game 4 |  
_________ ________ _________ _________ _________ 
Round 1  |  A-B   |         |         |         |   
Round 2  |        |   A-C   |         |         |   
Round 3  |        |         |   A-D   |         |   
Round 4  |        |   B-D   |         |         |   
Round 5  |  C-D   |         |         |   A-B   |   
Round 6  |        |         |   B-C   |         |   
pairToPlace: A-C
 
*****VOLGENDE ITERATIE*****
pairs: [] & pairsUsed: [A-B, A-C, A-D, B-C, B-D, C-D]
doubles: [A-C, A-D, B-C, B-D, C-D] & doublesUsed: [A-B]
currentGame: 4 & prevGame: [0, 1, 2, 2, 1, 0, 3]
currentRound: 0 & prevRound: [0, 1, 2, 5, 3, 4, 4]
TEMPBOARD: 
         | Game 1 |  Game 2 |  Game 3 |  Game 4 |  
_________ ________ _________ _________ _________ 
Round 1  |  A-B   |         |         |         |   
Round 2  |        |   A-C   |         |         |   
Round 3  |        |         |   A-D   |         |   
Round 4  |        |   B-D   |         |         |   
Round 5  |  C-D   |         |         |   A-B   |   
Round 6  |        |         |   B-C   |         |   
pairToPlace: A-C
 
*****VOLGENDE ITERATIE*****
pairs: [] & pairsUsed: [A-B, A-C, A-D, B-C, B-D, C-D]
doubles: [A-B, A-C, A-D, B-C, B-D, C-D] & doublesUsed: []
currentGame: 3 & prevGame: [0, 1, 2, 2, 1, 0]
currentRound: 5 & prevRound: [0, 1, 2, 5, 3, 4]
TEMPBOARD: 
         | Game 1 |  Game 2 |  Game 3 |  Game 4 |  
_________ ________ _________ _________ _________ 
Round 1  |  A-B   |         |         |         |   
Round 2  |        |   A-C   |         |         |   
Round 3  |        |         |   A-D   |         |   
Round 4  |        |   B-D   |         |         |   
Round 5  |  C-D   |         |         |         |   
Round 6  |        |         |   B-C   |         |   
pairToPlace: A-B
 
*****VOLGENDE ITERATIE*****
pairs: [] & pairsUsed: [A-B, A-C, A-D, B-C, B-D, C-D]
doubles: [A-B, A-C, A-D, B-C, B-D, C-D] & doublesUsed: []
currentGame: 3 & prevGame: [0, 1, 2, 2, 1, 0]
currentRound: 6 & prevRound: [0, 1, 2, 5, 3, 4]
TEMPBOARD: 
         | Game 1 |  Game 2 |  Game 3 |  Game 4 |  
_________ ________ _________ _________ _________ 
Round 1  |  A-B   |         |         |         |   
Round 2  |        |   A-C   |         |         |   
Round 3  |        |         |   A-D   |         |   
Round 4  |        |   B-D   |         |         |   
Round 5  |  C-D   |         |         |         |   
Round 6  |        |         |   B-C   |         |   
pairToPlace: A-B
 
*****VOLGENDE ITERATIE*****
pairs: [] & pairsUsed: [A-B, A-C, A-D, B-C, B-D, C-D]
doubles: [A-B, A-C, A-D, B-C, B-D, C-D] & doublesUsed: []
currentGame: 4 & prevGame: [0, 1, 2, 2, 1, 0]
currentRound: 0 & prevRound: [0, 1, 2, 5, 3, 4]
TEMPBOARD: 
         | Game 1 |  Game 2 |  Game 3 |  Game 4 |  
_________ ________ _________ _________ _________ 
Round 1  |  A-B   |         |         |         |   
Round 2  |        |   A-C   |         |         |   
Round 3  |        |         |   A-D   |         |   
Round 4  |        |   B-D   |         |         |   
Round 5  |  C-D   |         |         |         |   
Round 6  |        |         |   B-C   |         |   
pairToPlace: A-B
 
*****VOLGENDE ITERATIE*****
pairs: [C-D] & pairsUsed: [A-B, A-C, A-D, B-C, B-D]
doubles: [A-B, A-C, A-D, B-C, B-D, C-D] & doublesUsed: []
currentGame: 0 & prevGame: [0, 1, 2, 2, 1]
currentRound: 5 & prevRound: [0, 1, 2, 5, 3]
TEMPBOARD: 
         | Game 1 |  Game 2 |  Game 3 |  Game 4 |  
_________ ________ _________ _________ _________ 
Round 1  |  A-B   |         |         |         |   
Round 2  |        |   A-C   |         |         |   
Round 3  |        |         |   A-D   |         |   
Round 4  |        |   B-D   |         |         |   
Round 5  |        |         |         |         |   
Round 6  |        |         |   B-C   |         |   
pairToPlace: C-D
 
*****VOLGENDE ITERATIE*****
pairs: [C-D] & pairsUsed: [A-B, A-C, A-D, B-C, B-D]
doubles: [A-B, A-C, A-D, B-C, B-D, C-D] & doublesUsed: []
currentGame: 0 & prevGame: [0, 1, 2, 2, 1]
currentRound: 6 & prevRound: [0, 1, 2, 5, 3]
TEMPBOARD: 
         | Game 1 |  Game 2 |  Game 3 |  Game 4 |  
_________ ________ _________ _________ _________ 
Round 1  |  A-B   |         |         |         |   
Round 2  |        |   A-C   |         |         |   
Round 3  |        |         |   A-D   |         |   
Round 4  |        |   B-D   |         |         |   
Round 5  |        |         |         |         |   
Round 6  |        |         |   B-C   |         |   
pairToPlace: C-D
 
*****VOLGENDE ITERATIE*****
pairs: [C-D] & pairsUsed: [A-B, A-C, A-D, B-C, B-D]
doubles: [A-B, A-C, A-D, B-C, B-D, C-D] & doublesUsed: []
currentGame: 1 & prevGame: [0, 1, 2, 2, 1]
currentRound: 0 & prevRound: [0, 1, 2, 5, 3]
TEMPBOARD: 
         | Game 1 |  Game 2 |  Game 3 |  Game 4 |  
_________ ________ _________ _________ _________ 
Round 1  |  A-B   |         |         |         |   
Round 2  |        |   A-C   |         |         |   
Round 3  |        |         |   A-D   |         |   
Round 4  |        |   B-D   |         |         |   
Round 5  |        |         |         |         |   
Round 6  |        |         |   B-C   |         |   
pairToPlace: C-D
 
*****VOLGENDE ITERATIE*****
pairs: [C-D] & pairsUsed: [A-B, A-C, A-D, B-C, B-D]
doubles: [A-B, A-C, A-D, B-C, B-D, C-D] & doublesUsed: []
currentGame: 1 & prevGame: [0, 1, 2, 2, 1]
currentRound: 1 & prevRound: [0, 1, 2, 5, 3]
TEMPBOARD: 
         | Game 1 |  Game 2 |  Game 3 |  Game 4 |  
_________ ________ _________ _________ _________ 
Round 1  |  A-B   |         |         |         |   
Round 2  |        |   A-C   |         |         |   
Round 3  |        |         |   A-D   |         |   
Round 4  |        |   B-D   |         |         |   
Round 5  |        |         |         |         |   
Round 6  |        |         |   B-C   |         |   
pairToPlace: C-D
 
*****VOLGENDE ITERATIE*****
pairs: [C-D] & pairsUsed: [A-B, A-C, A-D, B-C, B-D]
doubles: [A-B, A-C, A-D, B-C, B-D, C-D] & doublesUsed: []
currentGame: 1 & prevGame: [0, 1, 2, 2, 1]
currentRound: 2 & prevRound: [0, 1, 2, 5, 3]
TEMPBOARD: 
         | Game 1 |  Game 2 |  Game 3 |  Game 4 |  
_________ ________ _________ _________ _________ 
Round 1  |  A-B   |         |         |         |   
Round 2  |        |   A-C   |         |         |   
Round 3  |        |         |   A-D   |         |   
Round 4  |        |   B-D   |         |         |   
Round 5  |        |         |         |         |   
Round 6  |        |         |   B-C   |         |   
pairToPlace: C-D
 
*****VOLGENDE ITERATIE*****
pairs: [C-D] & pairsUsed: [A-B, A-C, A-D, B-C, B-D]
doubles: [A-B, A-C, A-D, B-C, B-D, C-D] & doublesUsed: []
currentGame: 1 & prevGame: [0, 1, 2, 2, 1]
currentRound: 3 & prevRound: [0, 1, 2, 5, 3]
TEMPBOARD: 
         | Game 1 |  Game 2 |  Game 3 |  Game 4 |  
_________ ________ _________ _________ _________ 
Round 1  |  A-B   |         |         |         |   
Round 2  |        |   A-C   |         |         |   
Round 3  |        |         |   A-D   |         |   
Round 4  |        |   B-D   |         |         |   
Round 5  |        |         |         |         |   
Round 6  |        |         |   B-C   |         |   
pairToPlace: C-D
 
*****VOLGENDE ITERATIE*****
pairs: [C-D] & pairsUsed: [A-B, A-C, A-D, B-C, B-D]
doubles: [A-B, A-C, A-D, B-C, B-D, C-D] & doublesUsed: []
currentGame: 1 & prevGame: [0, 1, 2, 2, 1]
currentRound: 4 & prevRound: [0, 1, 2, 5, 3]
TEMPBOARD: 
         | Game 1 |  Game 2 |  Game 3 |  Game 4 |  
_________ ________ _________ _________ _________ 
Round 1  |  A-B   |         |         |         |   
Round 2  |        |   A-C   |         |         |   
Round 3  |        |         |   A-D   |         |   
Round 4  |        |   B-D   |         |         |   
Round 5  |        |         |         |         |   
Round 6  |        |         |   B-C   |         |   
pairToPlace: C-D
 
*****VOLGENDE ITERATIE*****
pairs: [C-D] & pairsUsed: [A-B, A-C, A-D, B-C, B-D]
doubles: [A-B, A-C, A-D, B-C, B-D, C-D] & doublesUsed: []
currentGame: 1 & prevGame: [0, 1, 2, 2, 1]
currentRound: 5 & prevRound: [0, 1, 2, 5, 3]
TEMPBOARD: 
         | Game 1 |  Game 2 |  Game 3 |  Game 4 |  
_________ ________ _________ _________ _________ 
Round 1  |  A-B   |         |         |         |   
Round 2  |        |   A-C   |         |         |   
Round 3  |        |         |   A-D   |         |   
Round 4  |        |   B-D   |         |         |   
Round 5  |        |         |         |         |   
Round 6  |        |         |   B-C   |         |   
pairToPlace: C-D
 
*****VOLGENDE ITERATIE*****
pairs: [C-D] & pairsUsed: [A-B, A-C, A-D, B-C, B-D]
doubles: [A-B, A-C, A-D, B-C, B-D, C-D] & doublesUsed: []
currentGame: 1 & prevGame: [0, 1, 2, 2, 1]
currentRound: 6 & prevRound: [0, 1, 2, 5, 3]
TEMPBOARD: 
         | Game 1 |  Game 2 |  Game 3 |  Game 4 |  
_________ ________ _________ _________ _________ 
Round 1  |  A-B   |         |         |         |   
Round 2  |        |   A-C   |         |         |   
Round 3  |        |         |   A-D   |         |   
Round 4  |        |   B-D   |         |         |   
Round 5  |        |         |         |         |   
Round 6  |        |         |   B-C   |         |   
pairToPlace: C-D
 
*****VOLGENDE ITERATIE*****
pairs: [C-D] & pairsUsed: [A-B, A-C, A-D, B-C, B-D]
doubles: [A-B, A-C, A-D, B-C, B-D, C-D] & doublesUsed: []
currentGame: 2 & prevGame: [0, 1, 2, 2, 1]
currentRound: 0 & prevRound: [0, 1, 2, 5, 3]
TEMPBOARD: 
         | Game 1 |  Game 2 |  Game 3 |  Game 4 |  
_________ ________ _________ _________ _________ 
Round 1  |  A-B   |         |         |         |   
Round 2  |        |   A-C   |         |         |   
Round 3  |        |         |   A-D   |         |   
Round 4  |        |   B-D   |         |         |   
Round 5  |        |         |         |         |   
Round 6  |        |         |   B-C   |         |   
pairToPlace: C-D
 
*****VOLGENDE ITERATIE*****
pairs: [C-D] & pairsUsed: [A-B, A-C, A-D, B-C, B-D]
doubles: [A-B, A-C, A-D, B-C, B-D, C-D] & doublesUsed: []
currentGame: 2 & prevGame: [0, 1, 2, 2, 1]
currentRound: 1 & prevRound: [0, 1, 2, 5, 3]
TEMPBOARD: 
         | Game 1 |  Game 2 |  Game 3 |  Game 4 |  
_________ ________ _________ _________ _________ 
Round 1  |  A-B   |         |         |         |   
Round 2  |        |   A-C   |         |         |   
Round 3  |        |         |   A-D   |         |   
Round 4  |        |   B-D   |         |         |   
Round 5  |        |         |         |         |   
Round 6  |        |         |   B-C   |         |   
pairToPlace: C-D
 
*****VOLGENDE ITERATIE*****
pairs: [C-D] & pairsUsed: [A-B, A-C, A-D, B-C, B-D]
doubles: [A-B, A-C, A-D, B-C, B-D, C-D] & doublesUsed: []
currentGame: 2 & prevGame: [0, 1, 2, 2, 1]
currentRound: 2 & prevRound: [0, 1, 2, 5, 3]
TEMPBOARD: 
         | Game 1 |  Game 2 |  Game 3 |  Game 4 |  
_________ ________ _________ _________ _________ 
Round 1  |  A-B   |         |         |         |   
Round 2  |        |   A-C   |         |         |   
Round 3  |        |         |   A-D   |         |   
Round 4  |        |   B-D   |         |         |   
Round 5  |        |         |         |         |   
Round 6  |        |         |   B-C   |         |   
pairToPlace: C-D
 
*****VOLGENDE ITERATIE*****
pairs: [C-D] & pairsUsed: [A-B, A-C, A-D, B-C, B-D]
doubles: [A-B, A-C, A-D, B-C, B-D, C-D] & doublesUsed: []
currentGame: 2 & prevGame: [0, 1, 2, 2, 1]
currentRound: 3 & prevRound: [0, 1, 2, 5, 3]
TEMPBOARD: 
         | Game 1 |  Game 2 |  Game 3 |  Game 4 |  
_________ ________ _________ _________ _________ 
Round 1  |  A-B   |         |         |         |   
Round 2  |        |   A-C   |         |         |   
Round 3  |        |         |   A-D   |         |   
Round 4  |        |   B-D   |         |         |   
Round 5  |        |         |         |         |   
Round 6  |        |         |   B-C   |         |   
pairToPlace: C-D
 
*****VOLGENDE ITERATIE*****
pairs: [C-D] & pairsUsed: [A-B, A-C, A-D, B-C, B-D]
doubles: [A-B, A-C, A-D, B-C, B-D, C-D] & doublesUsed: []
currentGame: 2 & prevGame: [0, 1, 2, 2, 1]
currentRound: 4 & prevRound: [0, 1, 2, 5, 3]
TEMPBOARD: 
         | Game 1 |  Game 2 |  Game 3 |  Game 4 |  
_________ ________ _________ _________ _________ 
Round 1  |  A-B   |         |         |         |   
Round 2  |        |   A-C   |         |         |   
Round 3  |        |         |   A-D   |         |   
Round 4  |        |   B-D   |         |         |   
Round 5  |        |         |         |         |   
Round 6  |        |         |   B-C   |         |   
pairToPlace: C-D
 
*****VOLGENDE ITERATIE*****
pairs: [C-D] & pairsUsed: [A-B, A-C, A-D, B-C, B-D]
doubles: [A-B, A-C, A-D, B-C, B-D, C-D] & doublesUsed: []
currentGame: 2 & prevGame: [0, 1, 2, 2, 1]
currentRound: 5 & prevRound: [0, 1, 2, 5, 3]
TEMPBOARD: 
         | Game 1 |  Game 2 |  Game 3 |  Game 4 |  
_________ ________ _________ _________ _________ 
Round 1  |  A-B   |         |         |         |   
Round 2  |        |   A-C   |         |         |   
Round 3  |        |         |   A-D   |         |   
Round 4  |        |   B-D   |         |         |   
Round 5  |        |         |         |         |   
Round 6  |        |         |   B-C   |         |   
pairToPlace: C-D
 
*****VOLGENDE ITERATIE*****
pairs: [C-D] & pairsUsed: [A-B, A-C, A-D, B-C, B-D]
doubles: [A-B, A-C, A-D, B-C, B-D, C-D] & doublesUsed: []
currentGame: 2 & prevGame: [0, 1, 2, 2, 1]
currentRound: 6 & prevRound: [0, 1, 2, 5, 3]
TEMPBOARD: 
         | Game 1 |  Game 2 |  Game 3 |  Game 4 |  
_________ ________ _________ _________ _________ 
Round 1  |  A-B   |         |         |         |   
Round 2  |        |   A-C   |         |         |   
Round 3  |        |         |   A-D   |         |   
Round 4  |        |   B-D   |         |         |   
Round 5  |        |         |         |         |   
Round 6  |        |         |   B-C   |         |   
pairToPlace: C-D
 
*****VOLGENDE ITERATIE*****
pairs: [C-D] & pairsUsed: [A-B, A-C, A-D, B-C, B-D]
doubles: [A-B, A-C, A-D, B-C, B-D, C-D] & doublesUsed: []
currentGame: 3 & prevGame: [0, 1, 2, 2, 1]
currentRound: 0 & prevRound: [0, 1, 2, 5, 3]
TEMPBOARD: 
         | Game 1 |  Game 2 |  Game 3 |  Game 4 |  
_________ ________ _________ _________ _________ 
Round 1  |  A-B   |         |         |         |   
Round 2  |        |   A-C   |         |         |   
Round 3  |        |         |   A-D   |         |   
Round 4  |        |   B-D   |         |         |   
Round 5  |        |         |         |         |   
Round 6  |        |         |   B-C   |         |   
pairToPlace: C-D
 
*****VOLGENDE ITERATIE*****
pairs: [] & pairsUsed: [A-B, A-C, A-D, B-C, B-D, C-D]
doubles: [A-B, A-C, A-D, B-C, B-D, C-D] & doublesUsed: []
currentGame: 0 & prevGame: [0, 1, 2, 2, 1, 3]
currentRound: 0 & prevRound: [0, 1, 2, 5, 3, 0]
TEMPBOARD: 
         | Game 1 |  Game 2 |  Game 3 |  Game 4 |  
_________ ________ _________ _________ _________ 
Round 1  |  A-B   |         |         |   C-D   |   
Round 2  |        |   A-C   |         |         |   
Round 3  |        |         |   A-D   |         |   
Round 4  |        |   B-D   |         |         |   
Round 5  |        |         |         |         |   
Round 6  |        |         |   B-C   |         |   
pairToPlace: A-B
 
*****VOLGENDE ITERATIE*****
pairs: [] & pairsUsed: [A-B, A-C, A-D, B-C, B-D, C-D]
doubles: [A-B, A-C, A-D, B-C, B-D, C-D] & doublesUsed: []
currentGame: 0 & prevGame: [0, 1, 2, 2, 1, 3]
currentRound: 1 & prevRound: [0, 1, 2, 5, 3, 0]
TEMPBOARD: 
         | Game 1 |  Game 2 |  Game 3 |  Game 4 |  
_________ ________ _________ _________ _________ 
Round 1  |  A-B   |         |         |   C-D   |   
Round 2  |        |   A-C   |         |         |   
Round 3  |        |         |   A-D   |         |   
Round 4  |        |   B-D   |         |         |   
Round 5  |        |         |         |         |   
Round 6  |        |         |   B-C   |         |   
pairToPlace: A-B
 
*****VOLGENDE ITERATIE*****
pairs: [] & pairsUsed: [A-B, A-C, A-D, B-C, B-D, C-D]
doubles: [A-B, A-C, A-D, B-C, B-D, C-D] & doublesUsed: []
currentGame: 0 & prevGame: [0, 1, 2, 2, 1, 3]
currentRound: 2 & prevRound: [0, 1, 2, 5, 3, 0]
TEMPBOARD: 
         | Game 1 |  Game 2 |  Game 3 |  Game 4 |  
_________ ________ _________ _________ _________ 
Round 1  |  A-B   |         |         |   C-D   |   
Round 2  |        |   A-C   |         |         |   
Round 3  |        |         |   A-D   |         |   
Round 4  |        |   B-D   |         |         |   
Round 5  |        |         |         |         |   
Round 6  |        |         |   B-C   |         |   
pairToPlace: A-B
 
*****VOLGENDE ITERATIE*****
pairs: [] & pairsUsed: [A-B, A-C, A-D, B-C, B-D, C-D]
doubles: [A-B, A-C, A-D, B-C, B-D, C-D] & doublesUsed: []
currentGame: 0 & prevGame: [0, 1, 2, 2, 1, 3]
currentRound: 3 & prevRound: [0, 1, 2, 5, 3, 0]
TEMPBOARD: 
         | Game 1 |  Game 2 |  Game 3 |  Game 4 |  
_________ ________ _________ _________ _________ 
Round 1  |  A-B   |         |         |   C-D   |   
Round 2  |        |   A-C   |         |         |   
Round 3  |        |         |   A-D   |         |   
Round 4  |        |   B-D   |         |         |   
Round 5  |        |         |         |         |   
Round 6  |        |         |   B-C   |         |   
pairToPlace: A-B
 
*****VOLGENDE ITERATIE*****
pairs: [] & pairsUsed: [A-B, A-C, A-D, B-C, B-D, C-D]
doubles: [A-B, A-C, A-D, B-C, B-D, C-D] & doublesUsed: []
currentGame: 0 & prevGame: [0, 1, 2, 2, 1, 3]
currentRound: 4 & prevRound: [0, 1, 2, 5, 3, 0]
TEMPBOARD: 
         | Game 1 |  Game 2 |  Game 3 |  Game 4 |  
_________ ________ _________ _________ _________ 
Round 1  |  A-B   |         |         |   C-D   |   
Round 2  |        |   A-C   |         |         |   
Round 3  |        |         |   A-D   |         |   
Round 4  |        |   B-D   |         |         |   
Round 5  |        |         |         |         |   
Round 6  |        |         |   B-C   |         |   
pairToPlace: A-B
 
*****VOLGENDE ITERATIE*****
pairs: [] & pairsUsed: [A-B, A-C, A-D, B-C, B-D, C-D]
doubles: [A-B, A-C, A-D, B-C, B-D, C-D] & doublesUsed: []
currentGame: 0 & prevGame: [0, 1, 2, 2, 1, 3]
currentRound: 5 & prevRound: [0, 1, 2, 5, 3, 0]
TEMPBOARD: 
         | Game 1 |  Game 2 |  Game 3 |  Game 4 |  
_________ ________ _________ _________ _________ 
Round 1  |  A-B   |         |         |   C-D   |   
Round 2  |        |   A-C   |         |         |   
Round 3  |        |         |   A-D   |         |   
Round 4  |        |   B-D   |         |         |   
Round 5  |        |         |         |         |   
Round 6  |        |         |   B-C   |         |   
pairToPlace: A-B
 
*****VOLGENDE ITERATIE*****
pairs: [] & pairsUsed: [A-B, A-C, A-D, B-C, B-D, C-D]
doubles: [A-B, A-C, A-D, B-C, B-D, C-D] & doublesUsed: []
currentGame: 0 & prevGame: [0, 1, 2, 2, 1, 3]
currentRound: 6 & prevRound: [0, 1, 2, 5, 3, 0]
TEMPBOARD: 
         | Game 1 |  Game 2 |  Game 3 |  Game 4 |  
_________ ________ _________ _________ _________ 
Round 1  |  A-B   |         |         |   C-D   |   
Round 2  |        |   A-C   |         |         |   
Round 3  |        |         |   A-D   |         |   
Round 4  |        |   B-D   |         |         |   
Round 5  |        |         |         |         |   
Round 6  |        |         |   B-C   |         |   
pairToPlace: A-B
 
*****VOLGENDE ITERATIE*****
pairs: [] & pairsUsed: [A-B, A-C, A-D, B-C, B-D, C-D]
doubles: [A-B, A-C, A-D, B-C, B-D, C-D] & doublesUsed: []
currentGame: 1 & prevGame: [0, 1, 2, 2, 1, 3]
currentRound: 0 & prevRound: [0, 1, 2, 5, 3, 0]
TEMPBOARD: 
         | Game 1 |  Game 2 |  Game 3 |  Game 4 |  
_________ ________ _________ _________ _________ 
Round 1  |  A-B   |         |         |   C-D   |   
Round 2  |        |   A-C   |         |         |   
Round 3  |        |         |   A-D   |         |   
Round 4  |        |   B-D   |         |         |   
Round 5  |        |         |         |         |   
Round 6  |        |         |   B-C   |         |   
pairToPlace: A-B
 
*****VOLGENDE ITERATIE*****
pairs: [] & pairsUsed: [A-B, A-C, A-D, B-C, B-D, C-D]
doubles: [A-B, A-C, A-D, B-C, B-D, C-D] & doublesUsed: []
currentGame: 1 & prevGame: [0, 1, 2, 2, 1, 3]
currentRound: 1 & prevRound: [0, 1, 2, 5, 3, 0]
TEMPBOARD: 
         | Game 1 |  Game 2 |  Game 3 |  Game 4 |  
_________ ________ _________ _________ _________ 
Round 1  |  A-B   |         |         |   C-D   |   
Round 2  |        |   A-C   |         |         |   
Round 3  |        |         |   A-D   |         |   
Round 4  |        |   B-D   |         |         |   
Round 5  |        |         |         |         |   
Round 6  |        |         |   B-C   |         |   
pairToPlace: A-B
 
*****VOLGENDE ITERATIE*****
pairs: [] & pairsUsed: [A-B, A-C, A-D, B-C, B-D, C-D]
doubles: [A-B, A-C, A-D, B-C, B-D, C-D] & doublesUsed: []
currentGame: 1 & prevGame: [0, 1, 2, 2, 1, 3]
currentRound: 2 & prevRound: [0, 1, 2, 5, 3, 0]
TEMPBOARD: 
         | Game 1 |  Game 2 |  Game 3 |  Game 4 |  
_________ ________ _________ _________ _________ 
Round 1  |  A-B   |         |         |   C-D   |   
Round 2  |        |   A-C   |         |         |   
Round 3  |        |         |   A-D   |         |   
Round 4  |        |   B-D   |         |         |   
Round 5  |        |         |         |         |   
Round 6  |        |         |   B-C   |         |   
pairToPlace: A-B
 
*****VOLGENDE ITERATIE*****
pairs: [] & pairsUsed: [A-B, A-C, A-D, B-C, B-D, C-D]
doubles: [A-B, A-C, A-D, B-C, B-D, C-D] & doublesUsed: []
currentGame: 1 & prevGame: [0, 1, 2, 2, 1, 3]
currentRound: 3 & prevRound: [0, 1, 2, 5, 3, 0]
TEMPBOARD: 
         | Game 1 |  Game 2 |  Game 3 |  Game 4 |  
_________ ________ _________ _________ _________ 
Round 1  |  A-B   |         |         |   C-D   |   
Round 2  |        |   A-C   |         |         |   
Round 3  |        |         |   A-D   |         |   
Round 4  |        |   B-D   |         |         |   
Round 5  |        |         |         |         |   
Round 6  |        |         |   B-C   |         |   
pairToPlace: A-B
 
*****VOLGENDE ITERATIE*****
pairs: [] & pairsUsed: [A-B, A-C, A-D, B-C, B-D, C-D]
doubles: [A-B, A-C, A-D, B-C, B-D, C-D] & doublesUsed: []
currentGame: 1 & prevGame: [0, 1, 2, 2, 1, 3]
currentRound: 4 & prevRound: [0, 1, 2, 5, 3, 0]
TEMPBOARD: 
         | Game 1 |  Game 2 |  Game 3 |  Game 4 |  
_________ ________ _________ _________ _________ 
Round 1  |  A-B   |         |         |   C-D   |   
Round 2  |        |   A-C   |         |         |   
Round 3  |        |         |   A-D   |         |   
Round 4  |        |   B-D   |         |         |   
Round 5  |        |         |         |         |   
Round 6  |        |         |   B-C   |         |   
pairToPlace: A-B
 
*****VOLGENDE ITERATIE*****
pairs: [] & pairsUsed: [A-B, A-C, A-D, B-C, B-D, C-D]
doubles: [A-B, A-C, A-D, B-C, B-D, C-D] & doublesUsed: []
currentGame: 1 & prevGame: [0, 1, 2, 2, 1, 3]
currentRound: 5 & prevRound: [0, 1, 2, 5, 3, 0]
TEMPBOARD: 
         | Game 1 |  Game 2 |  Game 3 |  Game 4 |  
_________ ________ _________ _________ _________ 
Round 1  |  A-B   |         |         |   C-D   |   
Round 2  |        |   A-C   |         |         |   
Round 3  |        |         |   A-D   |         |   
Round 4  |        |   B-D   |         |         |   
Round 5  |        |         |         |         |   
Round 6  |        |         |   B-C   |         |   
pairToPlace: A-B
 
*****VOLGENDE ITERATIE*****
pairs: [] & pairsUsed: [A-B, A-C, A-D, B-C, B-D, C-D]
doubles: [A-B, A-C, A-D, B-C, B-D, C-D] & doublesUsed: []
currentGame: 1 & prevGame: [0, 1, 2, 2, 1, 3]
currentRound: 6 & prevRound: [0, 1, 2, 5, 3, 0]
TEMPBOARD: 
         | Game 1 |  Game 2 |  Game 3 |  Game 4 |  
_________ ________ _________ _________ _________ 
Round 1  |  A-B   |         |         |   C-D   |   
Round 2  |        |   A-C   |         |         |   
Round 3  |        |         |   A-D   |         |   
Round 4  |        |   B-D   |         |         |   
Round 5  |        |         |         |         |   
Round 6  |        |         |   B-C   |         |   
pairToPlace: A-B
 
*****VOLGENDE ITERATIE*****
pairs: [] & pairsUsed: [A-B, A-C, A-D, B-C, B-D, C-D]
doubles: [A-B, A-C, A-D, B-C, B-D, C-D] & doublesUsed: []
currentGame: 2 & prevGame: [0, 1, 2, 2, 1, 3]
currentRound: 0 & prevRound: [0, 1, 2, 5, 3, 0]
TEMPBOARD: 
         | Game 1 |  Game 2 |  Game 3 |  Game 4 |  
_________ ________ _________ _________ _________ 
Round 1  |  A-B   |         |         |   C-D   |   
Round 2  |        |   A-C   |         |         |   
Round 3  |        |         |   A-D   |         |   
Round 4  |        |   B-D   |         |         |   
Round 5  |        |         |         |         |   
Round 6  |        |         |   B-C   |         |   
pairToPlace: A-B
 
*****VOLGENDE ITERATIE*****
pairs: [] & pairsUsed: [A-B, A-C, A-D, B-C, B-D, C-D]
doubles: [A-B, A-C, A-D, B-C, B-D, C-D] & doublesUsed: []
currentGame: 2 & prevGame: [0, 1, 2, 2, 1, 3]
currentRound: 1 & prevRound: [0, 1, 2, 5, 3, 0]
TEMPBOARD: 
         | Game 1 |  Game 2 |  Game 3 |  Game 4 |  
_________ ________ _________ _________ _________ 
Round 1  |  A-B   |         |         |   C-D   |   
Round 2  |        |   A-C   |         |         |   
Round 3  |        |         |   A-D   |         |   
Round 4  |        |   B-D   |         |         |   
Round 5  |        |         |         |         |   
Round 6  |        |         |   B-C   |         |   
pairToPlace: A-B
 
*****VOLGENDE ITERATIE*****
pairs: [] & pairsUsed: [A-B, A-C, A-D, B-C, B-D, C-D]
doubles: [A-B, A-C, A-D, B-C, B-D, C-D] & doublesUsed: []
currentGame: 2 & prevGame: [0, 1, 2, 2, 1, 3]
currentRound: 2 & prevRound: [0, 1, 2, 5, 3, 0]
TEMPBOARD: 
         | Game 1 |  Game 2 |  Game 3 |  Game 4 |  
_________ ________ _________ _________ _________ 
Round 1  |  A-B   |         |         |   C-D   |   
Round 2  |        |   A-C   |         |         |   
Round 3  |        |         |   A-D   |         |   
Round 4  |        |   B-D   |         |         |   
Round 5  |        |         |         |         |   
Round 6  |        |         |   B-C   |         |   
pairToPlace: A-B
 
*****VOLGENDE ITERATIE*****
pairs: [] & pairsUsed: [A-B, A-C, A-D, B-C, B-D, C-D]
doubles: [A-B, A-C, A-D, B-C, B-D, C-D] & doublesUsed: []
currentGame: 2 & prevGame: [0, 1, 2, 2, 1, 3]
currentRound: 3 & prevRound: [0, 1, 2, 5, 3, 0]
TEMPBOARD: 
         | Game 1 |  Game 2 |  Game 3 |  Game 4 |  
_________ ________ _________ _________ _________ 
Round 1  |  A-B   |         |         |   C-D   |   
Round 2  |        |   A-C   |         |         |   
Round 3  |        |         |   A-D   |         |   
Round 4  |        |   B-D   |         |         |   
Round 5  |        |         |         |         |   
Round 6  |        |         |   B-C   |         |   
pairToPlace: A-B
 
*****VOLGENDE ITERATIE*****
pairs: [] & pairsUsed: [A-B, A-C, A-D, B-C, B-D, C-D]
doubles: [A-B, A-C, A-D, B-C, B-D, C-D] & doublesUsed: []
currentGame: 2 & prevGame: [0, 1, 2, 2, 1, 3]
currentRound: 4 & prevRound: [0, 1, 2, 5, 3, 0]
TEMPBOARD: 
         | Game 1 |  Game 2 |  Game 3 |  Game 4 |  
_________ ________ _________ _________ _________ 
Round 1  |  A-B   |         |         |   C-D   |   
Round 2  |        |   A-C   |         |         |   
Round 3  |        |         |   A-D   |         |   
Round 4  |        |   B-D   |         |         |   
Round 5  |        |         |         |         |   
Round 6  |        |         |   B-C   |         |   
pairToPlace: A-B
 
*****VOLGENDE ITERATIE*****
pairs: [] & pairsUsed: [A-B, A-C, A-D, B-C, B-D, C-D]
doubles: [A-B, A-C, A-D, B-C, B-D, C-D] & doublesUsed: []
currentGame: 2 & prevGame: [0, 1, 2, 2, 1, 3]
currentRound: 5 & prevRound: [0, 1, 2, 5, 3, 0]
TEMPBOARD: 
         | Game 1 |  Game 2 |  Game 3 |  Game 4 |  
_________ ________ _________ _________ _________ 
Round 1  |  A-B   |         |         |   C-D   |   
Round 2  |        |   A-C   |         |         |   
Round 3  |        |         |   A-D   |         |   
Round 4  |        |   B-D   |         |         |   
Round 5  |        |         |         |         |   
Round 6  |        |         |   B-C   |         |   
pairToPlace: A-B
 
*****VOLGENDE ITERATIE*****
pairs: [] & pairsUsed: [A-B, A-C, A-D, B-C, B-D, C-D]
doubles: [A-B, A-C, A-D, B-C, B-D, C-D] & doublesUsed: []
currentGame: 2 & prevGame: [0, 1, 2, 2, 1, 3]
currentRound: 6 & prevRound: [0, 1, 2, 5, 3, 0]
TEMPBOARD: 
         | Game 1 |  Game 2 |  Game 3 |  Game 4 |  
_________ ________ _________ _________ _________ 
Round 1  |  A-B   |         |         |   C-D   |   
Round 2  |        |   A-C   |         |         |   
Round 3  |        |         |   A-D   |         |   
Round 4  |        |   B-D   |         |         |   
Round 5  |        |         |         |         |   
Round 6  |        |         |   B-C   |         |   
pairToPlace: A-B
 
*****VOLGENDE ITERATIE*****
pairs: [] & pairsUsed: [A-B, A-C, A-D, B-C, B-D, C-D]
doubles: [A-B, A-C, A-D, B-C, B-D, C-D] & doublesUsed: []
currentGame: 3 & prevGame: [0, 1, 2, 2, 1, 3]
currentRound: 0 & prevRound: [0, 1, 2, 5, 3, 0]
TEMPBOARD: 
         | Game 1 |  Game 2 |  Game 3 |  Game 4 |  
_________ ________ _________ _________ _________ 
Round 1  |  A-B   |         |         |   C-D   |   
Round 2  |        |   A-C   |         |         |   
Round 3  |        |         |   A-D   |         |   
Round 4  |        |   B-D   |         |         |   
Round 5  |        |         |         |         |   
Round 6  |        |         |   B-C   |         |   
pairToPlace: A-B
 
*****VOLGENDE ITERATIE*****
pairs: [] & pairsUsed: [A-B, A-C, A-D, B-C, B-D, C-D]
doubles: [A-B, A-C, A-D, B-C, B-D, C-D] & doublesUsed: []
currentGame: 3 & prevGame: [0, 1, 2, 2, 1, 3]
currentRound: 1 & prevRound: [0, 1, 2, 5, 3, 0]
TEMPBOARD: 
         | Game 1 |  Game 2 |  Game 3 |  Game 4 |  
_________ ________ _________ _________ _________ 
Round 1  |  A-B   |         |         |   C-D   |   
Round 2  |        |   A-C   |         |         |   
Round 3  |        |         |   A-D   |         |   
Round 4  |        |   B-D   |         |         |   
Round 5  |        |         |         |         |   
Round 6  |        |         |   B-C   |         |   
pairToPlace: A-B
 
*****VOLGENDE ITERATIE*****
pairs: [] & pairsUsed: [A-B, A-C, A-D, B-C, B-D, C-D]
doubles: [A-B, A-C, A-D, B-C, B-D, C-D] & doublesUsed: []
currentGame: 3 & prevGame: [0, 1, 2, 2, 1, 3]
currentRound: 2 & prevRound: [0, 1, 2, 5, 3, 0]
TEMPBOARD: 
         | Game 1 |  Game 2 |  Game 3 |  Game 4 |  
_________ ________ _________ _________ _________ 
Round 1  |  A-B   |         |         |   C-D   |   
Round 2  |        |   A-C   |         |         |   
Round 3  |        |         |   A-D   |         |   
Round 4  |        |   B-D   |         |         |   
Round 5  |        |         |         |         |   
Round 6  |        |         |   B-C   |         |   
pairToPlace: A-B
 
*****VOLGENDE ITERATIE*****
pairs: [] & pairsUsed: [A-B, A-C, A-D, B-C, B-D, C-D]
doubles: [A-B, A-C, A-D, B-C, B-D, C-D] & doublesUsed: []
currentGame: 3 & prevGame: [0, 1, 2, 2, 1, 3]
currentRound: 3 & prevRound: [0, 1, 2, 5, 3, 0]
TEMPBOARD: 
         | Game 1 |  Game 2 |  Game 3 |  Game 4 |  
_________ ________ _________ _________ _________ 
Round 1  |  A-B   |         |         |   C-D   |   
Round 2  |        |   A-C   |         |         |   
Round 3  |        |         |   A-D   |         |   
Round 4  |        |   B-D   |         |         |   
Round 5  |        |         |         |         |   
Round 6  |        |         |   B-C   |         |   
pairToPlace: A-B
 
*****VOLGENDE ITERATIE*****
pairs: [] & pairsUsed: [A-B, A-C, A-D, B-C, B-D, C-D]
doubles: [A-B, A-C, A-D, B-C, B-D, C-D] & doublesUsed: []
currentGame: 3 & prevGame: [0, 1, 2, 2, 1, 3]
currentRound: 4 & prevRound: [0, 1, 2, 5, 3, 0]
TEMPBOARD: 
         | Game 1 |  Game 2 |  Game 3 |  Game 4 |  
_________ ________ _________ _________ _________ 
Round 1  |  A-B   |         |         |   C-D   |   
Round 2  |        |   A-C   |         |         |   
Round 3  |        |         |   A-D   |         |   
Round 4  |        |   B-D   |         |         |   
Round 5  |        |         |         |         |   
Round 6  |        |         |   B-C   |         |   
pairToPlace: A-B
 
*****VOLGENDE ITERATIE*****
pairs: [] & pairsUsed: [A-B, A-C, A-D, B-C, B-D, C-D]
doubles: [A-C, A-D, B-C, B-D, C-D] & doublesUsed: [A-B]
currentGame: 0 & prevGame: [0, 1, 2, 2, 1, 3, 3]
currentRound: 0 & prevRound: [0, 1, 2, 5, 3, 0, 4]
TEMPBOARD: 
         | Game 1 |  Game 2 |  Game 3 |  Game 4 |  
_________ ________ _________ _________ _________ 
Round 1  |  A-B   |         |         |   C-D   |   
Round 2  |        |   A-C   |         |         |   
Round 3  |        |         |   A-D   |         |   
Round 4  |        |   B-D   |         |         |   
Round 5  |        |         |         |   A-B   |   
Round 6  |        |         |   B-C   |         |   
pairToPlace: A-C
 
*****VOLGENDE ITERATIE*****
pairs: [] & pairsUsed: [A-B, A-C, A-D, B-C, B-D, C-D]
doubles: [A-C, A-D, B-C, B-D, C-D] & doublesUsed: [A-B]
currentGame: 0 & prevGame: [0, 1, 2, 2, 1, 3, 3]
currentRound: 1 & prevRound: [0, 1, 2, 5, 3, 0, 4]
TEMPBOARD: 
         | Game 1 |  Game 2 |  Game 3 |  Game 4 |  
_________ ________ _________ _________ _________ 
Round 1  |  A-B   |         |         |   C-D   |   
Round 2  |        |   A-C   |         |         |   
Round 3  |        |         |   A-D   |         |   
Round 4  |        |   B-D   |         |         |   
Round 5  |        |         |         |   A-B   |   
Round 6  |        |         |   B-C   |         |   
pairToPlace: A-C
 
*****VOLGENDE ITERATIE*****
pairs: [] & pairsUsed: [A-B, A-C, A-D, B-C, B-D, C-D]
doubles: [A-C, A-D, B-C, B-D, C-D] & doublesUsed: [A-B]
currentGame: 0 & prevGame: [0, 1, 2, 2, 1, 3, 3]
currentRound: 2 & prevRound: [0, 1, 2, 5, 3, 0, 4]
TEMPBOARD: 
         | Game 1 |  Game 2 |  Game 3 |  Game 4 |  
_________ ________ _________ _________ _________ 
Round 1  |  A-B   |         |         |   C-D   |   
Round 2  |        |   A-C   |         |         |   
Round 3  |        |         |   A-D   |         |   
Round 4  |        |   B-D   |         |         |   
Round 5  |        |         |         |   A-B   |   
Round 6  |        |         |   B-C   |         |   
pairToPlace: A-C
 
*****VOLGENDE ITERATIE*****
pairs: [] & pairsUsed: [A-B, A-C, A-D, B-C, B-D, C-D]
doubles: [A-C, A-D, B-C, B-D, C-D] & doublesUsed: [A-B]
currentGame: 0 & prevGame: [0, 1, 2, 2, 1, 3, 3]
currentRound: 3 & prevRound: [0, 1, 2, 5, 3, 0, 4]
TEMPBOARD: 
         | Game 1 |  Game 2 |  Game 3 |  Game 4 |  
_________ ________ _________ _________ _________ 
Round 1  |  A-B   |         |         |   C-D   |   
Round 2  |        |   A-C   |         |         |   
Round 3  |        |         |   A-D   |         |   
Round 4  |        |   B-D   |         |         |   
Round 5  |        |         |         |   A-B   |   
Round 6  |        |         |   B-C   |         |   
pairToPlace: A-C
 
*****VOLGENDE ITERATIE*****
pairs: [] & pairsUsed: [A-B, A-C, A-D, B-C, B-D, C-D]
doubles: [A-C, A-D, B-C, B-D, C-D] & doublesUsed: [A-B]
currentGame: 0 & prevGame: [0, 1, 2, 2, 1, 3, 3]
currentRound: 4 & prevRound: [0, 1, 2, 5, 3, 0, 4]
TEMPBOARD: 
         | Game 1 |  Game 2 |  Game 3 |  Game 4 |  
_________ ________ _________ _________ _________ 
Round 1  |  A-B   |         |         |   C-D   |   
Round 2  |        |   A-C   |         |         |   
Round 3  |        |         |   A-D   |         |   
Round 4  |        |   B-D   |         |         |   
Round 5  |        |         |         |   A-B   |   
Round 6  |        |         |   B-C   |         |   
pairToPlace: A-C
 
*****VOLGENDE ITERATIE*****
pairs: [] & pairsUsed: [A-B, A-C, A-D, B-C, B-D, C-D]
doubles: [A-C, A-D, B-C, B-D, C-D] & doublesUsed: [A-B]
currentGame: 0 & prevGame: [0, 1, 2, 2, 1, 3, 3]
currentRound: 5 & prevRound: [0, 1, 2, 5, 3, 0, 4]
TEMPBOARD: 
         | Game 1 |  Game 2 |  Game 3 |  Game 4 |  
_________ ________ _________ _________ _________ 
Round 1  |  A-B   |         |         |   C-D   |   
Round 2  |        |   A-C   |         |         |   
Round 3  |        |         |   A-D   |         |   
Round 4  |        |   B-D   |         |         |   
Round 5  |        |         |         |   A-B   |   
Round 6  |        |         |   B-C   |         |   
pairToPlace: A-C
 
*****VOLGENDE ITERATIE*****
pairs: [] & pairsUsed: [A-B, A-C, A-D, B-C, B-D, C-D]
doubles: [A-C, A-D, B-C, B-D, C-D] & doublesUsed: [A-B]
currentGame: 0 & prevGame: [0, 1, 2, 2, 1, 3, 3]
currentRound: 6 & prevRound: [0, 1, 2, 5, 3, 0, 4]
TEMPBOARD: 
         | Game 1 |  Game 2 |  Game 3 |  Game 4 |  
_________ ________ _________ _________ _________ 
Round 1  |  A-B   |         |         |   C-D   |   
Round 2  |        |   A-C   |         |         |   
Round 3  |        |         |   A-D   |         |   
Round 4  |        |   B-D   |         |         |   
Round 5  |        |         |         |   A-B   |   
Round 6  |        |         |   B-C   |         |   
pairToPlace: A-C
 
*****VOLGENDE ITERATIE*****
pairs: [] & pairsUsed: [A-B, A-C, A-D, B-C, B-D, C-D]
doubles: [A-C, A-D, B-C, B-D, C-D] & doublesUsed: [A-B]
currentGame: 1 & prevGame: [0, 1, 2, 2, 1, 3, 3]
currentRound: 0 & prevRound: [0, 1, 2, 5, 3, 0, 4]
TEMPBOARD: 
         | Game 1 |  Game 2 |  Game 3 |  Game 4 |  
_________ ________ _________ _________ _________ 
Round 1  |  A-B   |         |         |   C-D   |   
Round 2  |        |   A-C   |         |         |   
Round 3  |        |         |   A-D   |         |   
Round 4  |        |   B-D   |         |         |   
Round 5  |        |         |         |   A-B   |   
Round 6  |        |         |   B-C   |         |   
pairToPlace: A-C
 
*****VOLGENDE ITERATIE*****
pairs: [] & pairsUsed: [A-B, A-C, A-D, B-C, B-D, C-D]
doubles: [A-C, A-D, B-C, B-D, C-D] & doublesUsed: [A-B]
currentGame: 1 & prevGame: [0, 1, 2, 2, 1, 3, 3]
currentRound: 1 & prevRound: [0, 1, 2, 5, 3, 0, 4]
TEMPBOARD: 
         | Game 1 |  Game 2 |  Game 3 |  Game 4 |  
_________ ________ _________ _________ _________ 
Round 1  |  A-B   |         |         |   C-D   |   
Round 2  |        |   A-C   |         |         |   
Round 3  |        |         |   A-D   |         |   
Round 4  |        |   B-D   |         |         |   
Round 5  |        |         |         |   A-B   |   
Round 6  |        |         |   B-C   |         |   
pairToPlace: A-C
 
*****VOLGENDE ITERATIE*****
pairs: [] & pairsUsed: [A-B, A-C, A-D, B-C, B-D, C-D]
doubles: [A-C, A-D, B-C, B-D, C-D] & doublesUsed: [A-B]
currentGame: 1 & prevGame: [0, 1, 2, 2, 1, 3, 3]
currentRound: 2 & prevRound: [0, 1, 2, 5, 3, 0, 4]
TEMPBOARD: 
         | Game 1 |  Game 2 |  Game 3 |  Game 4 |  
_________ ________ _________ _________ _________ 
Round 1  |  A-B   |         |         |   C-D   |   
Round 2  |        |   A-C   |         |         |   
Round 3  |        |         |   A-D   |         |   
Round 4  |        |   B-D   |         |         |   
Round 5  |        |         |         |   A-B   |   
Round 6  |        |         |   B-C   |         |   
pairToPlace: A-C
 
*****VOLGENDE ITERATIE*****
pairs: [] & pairsUsed: [A-B, A-C, A-D, B-C, B-D, C-D]
doubles: [A-C, A-D, B-C, B-D, C-D] & doublesUsed: [A-B]
currentGame: 1 & prevGame: [0, 1, 2, 2, 1, 3, 3]
currentRound: 3 & prevRound: [0, 1, 2, 5, 3, 0, 4]
TEMPBOARD: 
         | Game 1 |  Game 2 |  Game 3 |  Game 4 |  
_________ ________ _________ _________ _________ 
Round 1  |  A-B   |         |         |   C-D   |   
Round 2  |        |   A-C   |         |         |   
Round 3  |        |         |   A-D   |         |   
Round 4  |        |   B-D   |         |         |   
Round 5  |        |         |         |   A-B   |   
Round 6  |        |         |   B-C   |         |   
pairToPlace: A-C
 
*****VOLGENDE ITERATIE*****
pairs: [] & pairsUsed: [A-B, A-C, A-D, B-C, B-D, C-D]
doubles: [A-C, A-D, B-C, B-D, C-D] & doublesUsed: [A-B]
currentGame: 1 & prevGame: [0, 1, 2, 2, 1, 3, 3]
currentRound: 4 & prevRound: [0, 1, 2, 5, 3, 0, 4]
TEMPBOARD: 
         | Game 1 |  Game 2 |  Game 3 |  Game 4 |  
_________ ________ _________ _________ _________ 
Round 1  |  A-B   |         |         |   C-D   |   
Round 2  |        |   A-C   |         |         |   
Round 3  |        |         |   A-D   |         |   
Round 4  |        |   B-D   |         |         |   
Round 5  |        |         |         |   A-B   |   
Round 6  |        |         |   B-C   |         |   
pairToPlace: A-C
 
*****VOLGENDE ITERATIE*****
pairs: [] & pairsUsed: [A-B, A-C, A-D, B-C, B-D, C-D]
doubles: [A-C, A-D, B-C, B-D, C-D] & doublesUsed: [A-B]
currentGame: 1 & prevGame: [0, 1, 2, 2, 1, 3, 3]
currentRound: 5 & prevRound: [0, 1, 2, 5, 3, 0, 4]
TEMPBOARD: 
         | Game 1 |  Game 2 |  Game 3 |  Game 4 |  
_________ ________ _________ _________ _________ 
Round 1  |  A-B   |         |         |   C-D   |   
Round 2  |        |   A-C   |         |         |   
Round 3  |        |         |   A-D   |         |   
Round 4  |        |   B-D   |         |         |   
Round 5  |        |         |         |   A-B   |   
Round 6  |        |         |   B-C   |         |   
pairToPlace: A-C
 
*****VOLGENDE ITERATIE*****
pairs: [] & pairsUsed: [A-B, A-C, A-D, B-C, B-D, C-D]
doubles: [A-C, A-D, B-C, B-D, C-D] & doublesUsed: [A-B]
currentGame: 1 & prevGame: [0, 1, 2, 2, 1, 3, 3]
currentRound: 6 & prevRound: [0, 1, 2, 5, 3, 0, 4]
TEMPBOARD: 
         | Game 1 |  Game 2 |  Game 3 |  Game 4 |  
_________ ________ _________ _________ _________ 
Round 1  |  A-B   |         |         |   C-D   |   
Round 2  |        |   A-C   |         |         |   
Round 3  |        |         |   A-D   |         |   
Round 4  |        |   B-D   |         |         |   
Round 5  |        |         |         |   A-B   |   
Round 6  |        |         |   B-C   |         |   
pairToPlace: A-C
 
*****VOLGENDE ITERATIE*****
pairs: [] & pairsUsed: [A-B, A-C, A-D, B-C, B-D, C-D]
doubles: [A-C, A-D, B-C, B-D, C-D] & doublesUsed: [A-B]
currentGame: 2 & prevGame: [0, 1, 2, 2, 1, 3, 3]
currentRound: 0 & prevRound: [0, 1, 2, 5, 3, 0, 4]
TEMPBOARD: 
         | Game 1 |  Game 2 |  Game 3 |  Game 4 |  
_________ ________ _________ _________ _________ 
Round 1  |  A-B   |         |         |   C-D   |   
Round 2  |        |   A-C   |         |         |   
Round 3  |        |         |   A-D   |         |   
Round 4  |        |   B-D   |         |         |   
Round 5  |        |         |         |   A-B   |   
Round 6  |        |         |   B-C   |         |   
pairToPlace: A-C
 
*****VOLGENDE ITERATIE*****
pairs: [] & pairsUsed: [A-B, A-C, A-D, B-C, B-D, C-D]
doubles: [A-C, A-D, B-C, B-D, C-D] & doublesUsed: [A-B]
currentGame: 2 & prevGame: [0, 1, 2, 2, 1, 3, 3]
currentRound: 1 & prevRound: [0, 1, 2, 5, 3, 0, 4]
TEMPBOARD: 
         | Game 1 |  Game 2 |  Game 3 |  Game 4 |  
_________ ________ _________ _________ _________ 
Round 1  |  A-B   |         |         |   C-D   |   
Round 2  |        |   A-C   |         |         |   
Round 3  |        |         |   A-D   |         |   
Round 4  |        |   B-D   |         |         |   
Round 5  |        |         |         |   A-B   |   
Round 6  |        |         |   B-C   |         |   
pairToPlace: A-C
 
*****VOLGENDE ITERATIE*****
pairs: [] & pairsUsed: [A-B, A-C, A-D, B-C, B-D, C-D]
doubles: [A-C, A-D, B-C, B-D, C-D] & doublesUsed: [A-B]
currentGame: 2 & prevGame: [0, 1, 2, 2, 1, 3, 3]
currentRound: 2 & prevRound: [0, 1, 2, 5, 3, 0, 4]
TEMPBOARD: 
         | Game 1 |  Game 2 |  Game 3 |  Game 4 |  
_________ ________ _________ _________ _________ 
Round 1  |  A-B   |         |         |   C-D   |   
Round 2  |        |   A-C   |         |         |   
Round 3  |        |         |   A-D   |         |   
Round 4  |        |   B-D   |         |         |   
Round 5  |        |         |         |   A-B   |   
Round 6  |        |         |   B-C   |         |   
pairToPlace: A-C
 
*****VOLGENDE ITERATIE*****
pairs: [] & pairsUsed: [A-B, A-C, A-D, B-C, B-D, C-D]
doubles: [A-C, A-D, B-C, B-D, C-D] & doublesUsed: [A-B]
currentGame: 2 & prevGame: [0, 1, 2, 2, 1, 3, 3]
currentRound: 3 & prevRound: [0, 1, 2, 5, 3, 0, 4]
TEMPBOARD: 
         | Game 1 |  Game 2 |  Game 3 |  Game 4 |  
_________ ________ _________ _________ _________ 
Round 1  |  A-B   |         |         |   C-D   |   
Round 2  |        |   A-C   |         |         |   
Round 3  |        |         |   A-D   |         |   
Round 4  |        |   B-D   |         |         |   
Round 5  |        |         |         |   A-B   |   
Round 6  |        |         |   B-C   |         |   
pairToPlace: A-C
 
*****VOLGENDE ITERATIE*****
pairs: [] & pairsUsed: [A-B, A-C, A-D, B-C, B-D, C-D]
doubles: [A-C, A-D, B-C, B-D, C-D] & doublesUsed: [A-B]
currentGame: 2 & prevGame: [0, 1, 2, 2, 1, 3, 3]
currentRound: 4 & prevRound: [0, 1, 2, 5, 3, 0, 4]
TEMPBOARD: 
         | Game 1 |  Game 2 |  Game 3 |  Game 4 |  
_________ ________ _________ _________ _________ 
Round 1  |  A-B   |         |         |   C-D   |   
Round 2  |        |   A-C   |         |         |   
Round 3  |        |         |   A-D   |         |   
Round 4  |        |   B-D   |         |         |   
Round 5  |        |         |         |   A-B   |   
Round 6  |        |         |   B-C   |         |   
pairToPlace: A-C
 
*****VOLGENDE ITERATIE*****
pairs: [] & pairsUsed: [A-B, A-C, A-D, B-C, B-D, C-D]
doubles: [A-C, A-D, B-C, B-D, C-D] & doublesUsed: [A-B]
currentGame: 2 & prevGame: [0, 1, 2, 2, 1, 3, 3]
currentRound: 5 & prevRound: [0, 1, 2, 5, 3, 0, 4]
TEMPBOARD: 
         | Game 1 |  Game 2 |  Game 3 |  Game 4 |  
_________ ________ _________ _________ _________ 
Round 1  |  A-B   |         |         |   C-D   |   
Round 2  |        |   A-C   |         |         |   
Round 3  |        |         |   A-D   |         |   
Round 4  |        |   B-D   |         |         |   
Round 5  |        |         |         |   A-B   |   
Round 6  |        |         |   B-C   |         |   
pairToPlace: A-C
 
*****VOLGENDE ITERATIE*****
pairs: [] & pairsUsed: [A-B, A-C, A-D, B-C, B-D, C-D]
doubles: [A-C, A-D, B-C, B-D, C-D] & doublesUsed: [A-B]
currentGame: 2 & prevGame: [0, 1, 2, 2, 1, 3, 3]
currentRound: 6 & prevRound: [0, 1, 2, 5, 3, 0, 4]
TEMPBOARD: 
         | Game 1 |  Game 2 |  Game 3 |  Game 4 |  
_________ ________ _________ _________ _________ 
Round 1  |  A-B   |         |         |   C-D   |   
Round 2  |        |   A-C   |         |         |   
Round 3  |        |         |   A-D   |         |   
Round 4  |        |   B-D   |         |         |   
Round 5  |        |         |         |   A-B   |   
Round 6  |        |         |   B-C   |         |   
pairToPlace: A-C
 
*****VOLGENDE ITERATIE*****
pairs: [] & pairsUsed: [A-B, A-C, A-D, B-C, B-D, C-D]
doubles: [A-C, A-D, B-C, B-D, C-D] & doublesUsed: [A-B]
currentGame: 3 & prevGame: [0, 1, 2, 2, 1, 3, 3]
currentRound: 0 & prevRound: [0, 1, 2, 5, 3, 0, 4]
TEMPBOARD: 
         | Game 1 |  Game 2 |  Game 3 |  Game 4 |  
_________ ________ _________ _________ _________ 
Round 1  |  A-B   |         |         |   C-D   |   
Round 2  |        |   A-C   |         |         |   
Round 3  |        |         |   A-D   |         |   
Round 4  |        |   B-D   |         |         |   
Round 5  |        |         |         |   A-B   |   
Round 6  |        |         |   B-C   |         |   
pairToPlace: A-C
 
*****VOLGENDE ITERATIE*****
pairs: [] & pairsUsed: [A-B, A-C, A-D, B-C, B-D, C-D]
doubles: [A-C, A-D, B-C, B-D, C-D] & doublesUsed: [A-B]
currentGame: 3 & prevGame: [0, 1, 2, 2, 1, 3, 3]
currentRound: 1 & prevRound: [0, 1, 2, 5, 3, 0, 4]
TEMPBOARD: 
         | Game 1 |  Game 2 |  Game 3 |  Game 4 |  
_________ ________ _________ _________ _________ 
Round 1  |  A-B   |         |         |   C-D   |   
Round 2  |        |   A-C   |         |         |   
Round 3  |        |         |   A-D   |         |   
Round 4  |        |   B-D   |         |         |   
Round 5  |        |         |         |   A-B   |   
Round 6  |        |         |   B-C   |         |   
pairToPlace: A-C
 
*****VOLGENDE ITERATIE*****
pairs: [] & pairsUsed: [A-B, A-C, A-D, B-C, B-D, C-D]
doubles: [A-C, A-D, B-C, B-D, C-D] & doublesUsed: [A-B]
currentGame: 3 & prevGame: [0, 1, 2, 2, 1, 3, 3]
currentRound: 2 & prevRound: [0, 1, 2, 5, 3, 0, 4]
TEMPBOARD: 
         | Game 1 |  Game 2 |  Game 3 |  Game 4 |  
_________ ________ _________ _________ _________ 
Round 1  |  A-B   |         |         |   C-D   |   
Round 2  |        |   A-C   |         |         |   
Round 3  |        |         |   A-D   |         |   
Round 4  |        |   B-D   |         |         |   
Round 5  |        |         |         |   A-B   |   
Round 6  |        |         |   B-C   |         |   
pairToPlace: A-C
 
*****VOLGENDE ITERATIE*****
pairs: [] & pairsUsed: [A-B, A-C, A-D, B-C, B-D, C-D]
doubles: [A-C, A-D, B-C, B-D, C-D] & doublesUsed: [A-B]
currentGame: 3 & prevGame: [0, 1, 2, 2, 1, 3, 3]
currentRound: 3 & prevRound: [0, 1, 2, 5, 3, 0, 4]
TEMPBOARD: 
         | Game 1 |  Game 2 |  Game 3 |  Game 4 |  
_________ ________ _________ _________ _________ 
Round 1  |  A-B   |         |         |   C-D   |   
Round 2  |        |   A-C   |         |         |   
Round 3  |        |         |   A-D   |         |   
Round 4  |        |   B-D   |         |         |   
Round 5  |        |         |         |   A-B   |   
Round 6  |        |         |   B-C   |         |   
pairToPlace: A-C
 
*****VOLGENDE ITERATIE*****
pairs: [] & pairsUsed: [A-B, A-C, A-D, B-C, B-D, C-D]
doubles: [A-C, A-D, B-C, B-D, C-D] & doublesUsed: [A-B]
currentGame: 3 & prevGame: [0, 1, 2, 2, 1, 3, 3]
currentRound: 4 & prevRound: [0, 1, 2, 5, 3, 0, 4]
TEMPBOARD: 
         | Game 1 |  Game 2 |  Game 3 |  Game 4 |  
_________ ________ _________ _________ _________ 
Round 1  |  A-B   |         |         |   C-D   |   
Round 2  |        |   A-C   |         |         |   
Round 3  |        |         |   A-D   |         |   
Round 4  |        |   B-D   |         |         |   
Round 5  |        |         |         |   A-B   |   
Round 6  |        |         |   B-C   |         |   
pairToPlace: A-C
 
*****VOLGENDE ITERATIE*****
pairs: [] & pairsUsed: [A-B, A-C, A-D, B-C, B-D, C-D]
doubles: [A-C, A-D, B-C, B-D, C-D] & doublesUsed: [A-B]
currentGame: 3 & prevGame: [0, 1, 2, 2, 1, 3, 3]
currentRound: 5 & prevRound: [0, 1, 2, 5, 3, 0, 4]
TEMPBOARD: 
         | Game 1 |  Game 2 |  Game 3 |  Game 4 |  
_________ ________ _________ _________ _________ 
Round 1  |  A-B   |         |         |   C-D   |   
Round 2  |        |   A-C   |         |         |   
Round 3  |        |         |   A-D   |         |   
Round 4  |        |   B-D   |         |         |   
Round 5  |        |         |         |   A-B   |   
Round 6  |        |         |   B-C   |         |   
pairToPlace: A-C
 
*****VOLGENDE ITERATIE*****
pairs: [] & pairsUsed: [A-B, A-C, A-D, B-C, B-D, C-D]
doubles: [A-C, A-D, B-C, B-D, C-D] & doublesUsed: [A-B]
currentGame: 3 & prevGame: [0, 1, 2, 2, 1, 3, 3]
currentRound: 6 & prevRound: [0, 1, 2, 5, 3, 0, 4]
TEMPBOARD: 
         | Game 1 |  Game 2 |  Game 3 |  Game 4 |  
_________ ________ _________ _________ _________ 
Round 1  |  A-B   |         |         |   C-D   |   
Round 2  |        |   A-C   |         |         |   
Round 3  |        |         |   A-D   |         |   
Round 4  |        |   B-D   |         |         |   
Round 5  |        |         |         |   A-B   |   
Round 6  |        |         |   B-C   |         |   
pairToPlace: A-C
 
*****VOLGENDE ITERATIE*****
pairs: [] & pairsUsed: [A-B, A-C, A-D, B-C, B-D, C-D]
doubles: [A-C, A-D, B-C, B-D, C-D] & doublesUsed: [A-B]
currentGame: 4 & prevGame: [0, 1, 2, 2, 1, 3, 3]
currentRound: 0 & prevRound: [0, 1, 2, 5, 3, 0, 4]
TEMPBOARD: 
         | Game 1 |  Game 2 |  Game 3 |  Game 4 |  
_________ ________ _________ _________ _________ 
Round 1  |  A-B   |         |         |   C-D   |   
Round 2  |        |   A-C   |         |         |   
Round 3  |        |         |   A-D   |         |   
Round 4  |        |   B-D   |         |         |   
Round 5  |        |         |         |   A-B   |   
Round 6  |        |         |   B-C   |         |   
pairToPlace: A-C
 
*****VOLGENDE ITERATIE*****
pairs: [] & pairsUsed: [A-B, A-C, A-D, B-C, B-D, C-D]
doubles: [A-B, A-C, A-D, B-C, B-D, C-D] & doublesUsed: []
currentGame: 3 & prevGame: [0, 1, 2, 2, 1, 3]
currentRound: 5 & prevRound: [0, 1, 2, 5, 3, 0]
TEMPBOARD: 
         | Game 1 |  Game 2 |  Game 3 |  Game 4 |  
_________ ________ _________ _________ _________ 
Round 1  |  A-B   |         |         |   C-D   |   
Round 2  |        |   A-C   |         |         |   
Round 3  |        |         |   A-D   |         |   
Round 4  |        |   B-D   |         |         |   
Round 5  |        |         |         |         |   
Round 6  |        |         |   B-C   |         |   
pairToPlace: A-B
 
*****VOLGENDE ITERATIE*****
pairs: [] & pairsUsed: [A-B, A-C, A-D, B-C, B-D, C-D]
doubles: [A-B, A-C, A-D, B-C, B-D, C-D] & doublesUsed: []
currentGame: 3 & prevGame: [0, 1, 2, 2, 1, 3]
currentRound: 6 & prevRound: [0, 1, 2, 5, 3, 0]
TEMPBOARD: 
         | Game 1 |  Game 2 |  Game 3 |  Game 4 |  
_________ ________ _________ _________ _________ 
Round 1  |  A-B   |         |         |   C-D   |   
Round 2  |        |   A-C   |         |         |   
Round 3  |        |         |   A-D   |         |   
Round 4  |        |   B-D   |         |         |   
Round 5  |        |         |         |         |   
Round 6  |        |         |   B-C   |         |   
pairToPlace: A-B
 
*****VOLGENDE ITERATIE*****
pairs: [] & pairsUsed: [A-B, A-C, A-D, B-C, B-D, C-D]
doubles: [A-B, A-C, A-D, B-C, B-D, C-D] & doublesUsed: []
currentGame: 4 & prevGame: [0, 1, 2, 2, 1, 3]
currentRound: 0 & prevRound: [0, 1, 2, 5, 3, 0]
TEMPBOARD: 
         | Game 1 |  Game 2 |  Game 3 |  Game 4 |  
_________ ________ _________ _________ _________ 
Round 1  |  A-B   |         |         |   C-D   |   
Round 2  |        |   A-C   |         |         |   
Round 3  |        |         |   A-D   |         |   
Round 4  |        |   B-D   |         |         |   
Round 5  |        |         |         |         |   
Round 6  |        |         |   B-C   |         |   
pairToPlace: A-B
 
*****VOLGENDE ITERATIE*****
pairs: [C-D] & pairsUsed: [A-B, A-C, A-D, B-C, B-D]
doubles: [A-B, A-C, A-D, B-C, B-D, C-D] & doublesUsed: []
currentGame: 3 & prevGame: [0, 1, 2, 2, 1]
currentRound: 1 & prevRound: [0, 1, 2, 5, 3]
TEMPBOARD: 
         | Game 1 |  Game 2 |  Game 3 |  Game 4 |  
_________ ________ _________ _________ _________ 
Round 1  |  A-B   |         |         |         |   
Round 2  |        |   A-C   |         |         |   
Round 3  |        |         |   A-D   |         |   
Round 4  |        |   B-D   |         |         |   
Round 5  |        |         |         |         |   
Round 6  |        |         |   B-C   |         |   
pairToPlace: C-D
 
*****VOLGENDE ITERATIE*****
pairs: [C-D] & pairsUsed: [A-B, A-C, A-D, B-C, B-D]
doubles: [A-B, A-C, A-D, B-C, B-D, C-D] & doublesUsed: []
currentGame: 3 & prevGame: [0, 1, 2, 2, 1]
currentRound: 2 & prevRound: [0, 1, 2, 5, 3]
TEMPBOARD: 
         | Game 1 |  Game 2 |  Game 3 |  Game 4 |  
_________ ________ _________ _________ _________ 
Round 1  |  A-B   |         |         |         |   
Round 2  |        |   A-C   |         |         |   
Round 3  |        |         |   A-D   |         |   
Round 4  |        |   B-D   |         |         |   
Round 5  |        |         |         |         |   
Round 6  |        |         |   B-C   |         |   
pairToPlace: C-D
 
*****VOLGENDE ITERATIE*****
pairs: [C-D] & pairsUsed: [A-B, A-C, A-D, B-C, B-D]
doubles: [A-B, A-C, A-D, B-C, B-D, C-D] & doublesUsed: []
currentGame: 3 & prevGame: [0, 1, 2, 2, 1]
currentRound: 3 & prevRound: [0, 1, 2, 5, 3]
TEMPBOARD: 
         | Game 1 |  Game 2 |  Game 3 |  Game 4 |  
_________ ________ _________ _________ _________ 
Round 1  |  A-B   |         |         |         |   
Round 2  |        |   A-C   |         |         |   
Round 3  |        |         |   A-D   |         |   
Round 4  |        |   B-D   |         |         |   
Round 5  |        |         |         |         |   
Round 6  |        |         |   B-C   |         |   
pairToPlace: C-D
 
*****VOLGENDE ITERATIE*****
pairs: [C-D] & pairsUsed: [A-B, A-C, A-D, B-C, B-D]
doubles: [A-B, A-C, A-D, B-C, B-D, C-D] & doublesUsed: []
currentGame: 3 & prevGame: [0, 1, 2, 2, 1]
currentRound: 4 & prevRound: [0, 1, 2, 5, 3]
TEMPBOARD: 
         | Game 1 |  Game 2 |  Game 3 |  Game 4 |  
_________ ________ _________ _________ _________ 
Round 1  |  A-B   |         |         |         |   
Round 2  |        |   A-C   |         |         |   
Round 3  |        |         |   A-D   |         |   
Round 4  |        |   B-D   |         |         |   
Round 5  |        |         |         |         |   
Round 6  |        |         |   B-C   |         |   
pairToPlace: C-D
 
*****VOLGENDE ITERATIE*****
pairs: [] & pairsUsed: [A-B, A-C, A-D, B-C, B-D, C-D]
doubles: [A-B, A-C, A-D, B-C, B-D, C-D] & doublesUsed: []
currentGame: 0 & prevGame: [0, 1, 2, 2, 1, 3]
currentRound: 0 & prevRound: [0, 1, 2, 5, 3, 4]
TEMPBOARD: 
         | Game 1 |  Game 2 |  Game 3 |  Game 4 |  
_________ ________ _________ _________ _________ 
Round 1  |  A-B   |         |         |         |   
Round 2  |        |   A-C   |         |         |   
Round 3  |        |         |   A-D   |         |   
Round 4  |        |   B-D   |         |         |   
Round 5  |        |         |         |   C-D   |   
Round 6  |        |         |   B-C   |         |   
pairToPlace: A-B
 
*****VOLGENDE ITERATIE*****
pairs: [] & pairsUsed: [A-B, A-C, A-D, B-C, B-D, C-D]
doubles: [A-B, A-C, A-D, B-C, B-D, C-D] & doublesUsed: []
currentGame: 0 & prevGame: [0, 1, 2, 2, 1, 3]
currentRound: 1 & prevRound: [0, 1, 2, 5, 3, 4]
TEMPBOARD: 
         | Game 1 |  Game 2 |  Game 3 |  Game 4 |  
_________ ________ _________ _________ _________ 
Round 1  |  A-B   |         |         |         |   
Round 2  |        |   A-C   |         |         |   
Round 3  |        |         |   A-D   |         |   
Round 4  |        |   B-D   |         |         |   
Round 5  |        |         |         |   C-D   |   
Round 6  |        |         |   B-C   |         |   
pairToPlace: A-B
 
*****VOLGENDE ITERATIE*****
pairs: [] & pairsUsed: [A-B, A-C, A-D, B-C, B-D, C-D]
doubles: [A-B, A-C, A-D, B-C, B-D, C-D] & doublesUsed: []
currentGame: 0 & prevGame: [0, 1, 2, 2, 1, 3]
currentRound: 2 & prevRound: [0, 1, 2, 5, 3, 4]
TEMPBOARD: 
         | Game 1 |  Game 2 |  Game 3 |  Game 4 |  
_________ ________ _________ _________ _________ 
Round 1  |  A-B   |         |         |         |   
Round 2  |        |   A-C   |         |         |   
Round 3  |        |         |   A-D   |         |   
Round 4  |        |   B-D   |         |         |   
Round 5  |        |         |         |   C-D   |   
Round 6  |        |         |   B-C   |         |   
pairToPlace: A-B
 
*****VOLGENDE ITERATIE*****
pairs: [] & pairsUsed: [A-B, A-C, A-D, B-C, B-D, C-D]
doubles: [A-B, A-C, A-D, B-C, B-D, C-D] & doublesUsed: []
currentGame: 0 & prevGame: [0, 1, 2, 2, 1, 3]
currentRound: 3 & prevRound: [0, 1, 2, 5, 3, 4]
TEMPBOARD: 
         | Game 1 |  Game 2 |  Game 3 |  Game 4 |  
_________ ________ _________ _________ _________ 
Round 1  |  A-B   |         |         |         |   
Round 2  |        |   A-C   |         |         |   
Round 3  |        |         |   A-D   |         |   
Round 4  |        |   B-D   |         |         |   
Round 5  |        |         |         |   C-D   |   
Round 6  |        |         |   B-C   |         |   
pairToPlace: A-B
 
*****VOLGENDE ITERATIE*****
pairs: [] & pairsUsed: [A-B, A-C, A-D, B-C, B-D, C-D]
doubles: [A-B, A-C, A-D, B-C, B-D, C-D] & doublesUsed: []
currentGame: 0 & prevGame: [0, 1, 2, 2, 1, 3]
currentRound: 4 & prevRound: [0, 1, 2, 5, 3, 4]
TEMPBOARD: 
         | Game 1 |  Game 2 |  Game 3 |  Game 4 |  
_________ ________ _________ _________ _________ 
Round 1  |  A-B   |         |         |         |   
Round 2  |        |   A-C   |         |         |   
Round 3  |        |         |   A-D   |         |   
Round 4  |        |   B-D   |         |         |   
Round 5  |        |         |         |   C-D   |   
Round 6  |        |         |   B-C   |         |   
pairToPlace: A-B
 
*****VOLGENDE ITERATIE*****
pairs: [] & pairsUsed: [A-B, A-C, A-D, B-C, B-D, C-D]
doubles: [A-B, A-C, A-D, B-C, B-D, C-D] & doublesUsed: []
currentGame: 0 & prevGame: [0, 1, 2, 2, 1, 3]
currentRound: 5 & prevRound: [0, 1, 2, 5, 3, 4]
TEMPBOARD: 
         | Game 1 |  Game 2 |  Game 3 |  Game 4 |  
_________ ________ _________ _________ _________ 
Round 1  |  A-B   |         |         |         |   
Round 2  |        |   A-C   |         |         |   
Round 3  |        |         |   A-D   |         |   
Round 4  |        |   B-D   |         |         |   
Round 5  |        |         |         |   C-D   |   
Round 6  |        |         |   B-C   |         |   
pairToPlace: A-B
 
*****VOLGENDE ITERATIE*****
pairs: [] & pairsUsed: [A-B, A-C, A-D, B-C, B-D, C-D]
doubles: [A-B, A-C, A-D, B-C, B-D, C-D] & doublesUsed: []
currentGame: 0 & prevGame: [0, 1, 2, 2, 1, 3]
currentRound: 6 & prevRound: [0, 1, 2, 5, 3, 4]
TEMPBOARD: 
         | Game 1 |  Game 2 |  Game 3 |  Game 4 |  
_________ ________ _________ _________ _________ 
Round 1  |  A-B   |         |         |         |   
Round 2  |        |   A-C   |         |         |   
Round 3  |        |         |   A-D   |         |   
Round 4  |        |   B-D   |         |         |   
Round 5  |        |         |         |   C-D   |   
Round 6  |        |         |   B-C   |         |   
pairToPlace: A-B
 
*****VOLGENDE ITERATIE*****
pairs: [] & pairsUsed: [A-B, A-C, A-D, B-C, B-D, C-D]
doubles: [A-B, A-C, A-D, B-C, B-D, C-D] & doublesUsed: []
currentGame: 1 & prevGame: [0, 1, 2, 2, 1, 3]
currentRound: 0 & prevRound: [0, 1, 2, 5, 3, 4]
TEMPBOARD: 
         | Game 1 |  Game 2 |  Game 3 |  Game 4 |  
_________ ________ _________ _________ _________ 
Round 1  |  A-B   |         |         |         |   
Round 2  |        |   A-C   |         |         |   
Round 3  |        |         |   A-D   |         |   
Round 4  |        |   B-D   |         |         |   
Round 5  |        |         |         |   C-D   |   
Round 6  |        |         |   B-C   |         |   
pairToPlace: A-B
 
*****VOLGENDE ITERATIE*****
pairs: [] & pairsUsed: [A-B, A-C, A-D, B-C, B-D, C-D]
doubles: [A-B, A-C, A-D, B-C, B-D, C-D] & doublesUsed: []
currentGame: 1 & prevGame: [0, 1, 2, 2, 1, 3]
currentRound: 1 & prevRound: [0, 1, 2, 5, 3, 4]
TEMPBOARD: 
         | Game 1 |  Game 2 |  Game 3 |  Game 4 |  
_________ ________ _________ _________ _________ 
Round 1  |  A-B   |         |         |         |   
Round 2  |        |   A-C   |         |         |   
Round 3  |        |         |   A-D   |         |   
Round 4  |        |   B-D   |         |         |   
Round 5  |        |         |         |   C-D   |   
Round 6  |        |         |   B-C   |         |   
pairToPlace: A-B
 
*****VOLGENDE ITERATIE*****
pairs: [] & pairsUsed: [A-B, A-C, A-D, B-C, B-D, C-D]
doubles: [A-B, A-C, A-D, B-C, B-D, C-D] & doublesUsed: []
currentGame: 1 & prevGame: [0, 1, 2, 2, 1, 3]
currentRound: 2 & prevRound: [0, 1, 2, 5, 3, 4]
TEMPBOARD: 
         | Game 1 |  Game 2 |  Game 3 |  Game 4 |  
_________ ________ _________ _________ _________ 
Round 1  |  A-B   |         |         |         |   
Round 2  |        |   A-C   |         |         |   
Round 3  |        |         |   A-D   |         |   
Round 4  |        |   B-D   |         |         |   
Round 5  |        |         |         |   C-D   |   
Round 6  |        |         |   B-C   |         |   
pairToPlace: A-B
 
*****VOLGENDE ITERATIE*****
pairs: [] & pairsUsed: [A-B, A-C, A-D, B-C, B-D, C-D]
doubles: [A-B, A-C, A-D, B-C, B-D, C-D] & doublesUsed: []
currentGame: 1 & prevGame: [0, 1, 2, 2, 1, 3]
currentRound: 3 & prevRound: [0, 1, 2, 5, 3, 4]
TEMPBOARD: 
         | Game 1 |  Game 2 |  Game 3 |  Game 4 |  
_________ ________ _________ _________ _________ 
Round 1  |  A-B   |         |         |         |   
Round 2  |        |   A-C   |         |         |   
Round 3  |        |         |   A-D   |         |   
Round 4  |        |   B-D   |         |         |   
Round 5  |        |         |         |   C-D   |   
Round 6  |        |         |   B-C   |         |   
pairToPlace: A-B
 
*****VOLGENDE ITERATIE*****
pairs: [] & pairsUsed: [A-B, A-C, A-D, B-C, B-D, C-D]
doubles: [A-B, A-C, A-D, B-C, B-D, C-D] & doublesUsed: []
currentGame: 1 & prevGame: [0, 1, 2, 2, 1, 3]
currentRound: 4 & prevRound: [0, 1, 2, 5, 3, 4]
TEMPBOARD: 
         | Game 1 |  Game 2 |  Game 3 |  Game 4 |  
_________ ________ _________ _________ _________ 
Round 1  |  A-B   |         |         |         |   
Round 2  |        |   A-C   |         |         |   
Round 3  |        |         |   A-D   |         |   
Round 4  |        |   B-D   |         |         |   
Round 5  |        |         |         |   C-D   |   
Round 6  |        |         |   B-C   |         |   
pairToPlace: A-B
 
*****VOLGENDE ITERATIE*****
pairs: [] & pairsUsed: [A-B, A-C, A-D, B-C, B-D, C-D]
doubles: [A-B, A-C, A-D, B-C, B-D, C-D] & doublesUsed: []
currentGame: 1 & prevGame: [0, 1, 2, 2, 1, 3]
currentRound: 5 & prevRound: [0, 1, 2, 5, 3, 4]
TEMPBOARD: 
         | Game 1 |  Game 2 |  Game 3 |  Game 4 |  
_________ ________ _________ _________ _________ 
Round 1  |  A-B   |         |         |         |   
Round 2  |        |   A-C   |         |         |   
Round 3  |        |         |   A-D   |         |   
Round 4  |        |   B-D   |         |         |   
Round 5  |        |         |         |   C-D   |   
Round 6  |        |         |   B-C   |         |   
pairToPlace: A-B
 
*****VOLGENDE ITERATIE*****
pairs: [] & pairsUsed: [A-B, A-C, A-D, B-C, B-D, C-D]
doubles: [A-B, A-C, A-D, B-C, B-D, C-D] & doublesUsed: []
currentGame: 1 & prevGame: [0, 1, 2, 2, 1, 3]
currentRound: 6 & prevRound: [0, 1, 2, 5, 3, 4]
TEMPBOARD: 
         | Game 1 |  Game 2 |  Game 3 |  Game 4 |  
_________ ________ _________ _________ _________ 
Round 1  |  A-B   |         |         |         |   
Round 2  |        |   A-C   |         |         |   
Round 3  |        |         |   A-D   |         |   
Round 4  |        |   B-D   |         |         |   
Round 5  |        |         |         |   C-D   |   
Round 6  |        |         |   B-C   |         |   
pairToPlace: A-B
 
*****VOLGENDE ITERATIE*****
pairs: [] & pairsUsed: [A-B, A-C, A-D, B-C, B-D, C-D]
doubles: [A-B, A-C, A-D, B-C, B-D, C-D] & doublesUsed: []
currentGame: 2 & prevGame: [0, 1, 2, 2, 1, 3]
currentRound: 0 & prevRound: [0, 1, 2, 5, 3, 4]
TEMPBOARD: 
         | Game 1 |  Game 2 |  Game 3 |  Game 4 |  
_________ ________ _________ _________ _________ 
Round 1  |  A-B   |         |         |         |   
Round 2  |        |   A-C   |         |         |   
Round 3  |        |         |   A-D   |         |   
Round 4  |        |   B-D   |         |         |   
Round 5  |        |         |         |   C-D   |   
Round 6  |        |         |   B-C   |         |   
pairToPlace: A-B
 
*****VOLGENDE ITERATIE*****
pairs: [] & pairsUsed: [A-B, A-C, A-D, B-C, B-D, C-D]
doubles: [A-B, A-C, A-D, B-C, B-D, C-D] & doublesUsed: []
currentGame: 2 & prevGame: [0, 1, 2, 2, 1, 3]
currentRound: 1 & prevRound: [0, 1, 2, 5, 3, 4]
TEMPBOARD: 
         | Game 1 |  Game 2 |  Game 3 |  Game 4 |  
_________ ________ _________ _________ _________ 
Round 1  |  A-B   |         |         |         |   
Round 2  |        |   A-C   |         |         |   
Round 3  |        |         |   A-D   |         |   
Round 4  |        |   B-D   |         |         |   
Round 5  |        |         |         |   C-D   |   
Round 6  |        |         |   B-C   |         |   
pairToPlace: A-B
 
*****VOLGENDE ITERATIE*****
pairs: [] & pairsUsed: [A-B, A-C, A-D, B-C, B-D, C-D]
doubles: [A-B, A-C, A-D, B-C, B-D, C-D] & doublesUsed: []
currentGame: 2 & prevGame: [0, 1, 2, 2, 1, 3]
currentRound: 2 & prevRound: [0, 1, 2, 5, 3, 4]
TEMPBOARD: 
         | Game 1 |  Game 2 |  Game 3 |  Game 4 |  
_________ ________ _________ _________ _________ 
Round 1  |  A-B   |         |         |         |   
Round 2  |        |   A-C   |         |         |   
Round 3  |        |         |   A-D   |         |   
Round 4  |        |   B-D   |         |         |   
Round 5  |        |         |         |   C-D   |   
Round 6  |        |         |   B-C   |         |   
pairToPlace: A-B
 
*****VOLGENDE ITERATIE*****
pairs: [] & pairsUsed: [A-B, A-C, A-D, B-C, B-D, C-D]
doubles: [A-B, A-C, A-D, B-C, B-D, C-D] & doublesUsed: []
currentGame: 2 & prevGame: [0, 1, 2, 2, 1, 3]
currentRound: 3 & prevRound: [0, 1, 2, 5, 3, 4]
TEMPBOARD: 
         | Game 1 |  Game 2 |  Game 3 |  Game 4 |  
_________ ________ _________ _________ _________ 
Round 1  |  A-B   |         |         |         |   
Round 2  |        |   A-C   |         |         |   
Round 3  |        |         |   A-D   |         |   
Round 4  |        |   B-D   |         |         |   
Round 5  |        |         |         |   C-D   |   
Round 6  |        |         |   B-C   |         |   
pairToPlace: A-B
 
*****VOLGENDE ITERATIE*****
pairs: [] & pairsUsed: [A-B, A-C, A-D, B-C, B-D, C-D]
doubles: [A-B, A-C, A-D, B-C, B-D, C-D] & doublesUsed: []
currentGame: 2 & prevGame: [0, 1, 2, 2, 1, 3]
currentRound: 4 & prevRound: [0, 1, 2, 5, 3, 4]
TEMPBOARD: 
         | Game 1 |  Game 2 |  Game 3 |  Game 4 |  
_________ ________ _________ _________ _________ 
Round 1  |  A-B   |         |         |         |   
Round 2  |        |   A-C   |         |         |   
Round 3  |        |         |   A-D   |         |   
Round 4  |        |   B-D   |         |         |   
Round 5  |        |         |         |   C-D   |   
Round 6  |        |         |   B-C   |         |   
pairToPlace: A-B
 
*****VOLGENDE ITERATIE*****
pairs: [] & pairsUsed: [A-B, A-C, A-D, B-C, B-D, C-D]
doubles: [A-B, A-C, A-D, B-C, B-D, C-D] & doublesUsed: []
currentGame: 2 & prevGame: [0, 1, 2, 2, 1, 3]
currentRound: 5 & prevRound: [0, 1, 2, 5, 3, 4]
TEMPBOARD: 
         | Game 1 |  Game 2 |  Game 3 |  Game 4 |  
_________ ________ _________ _________ _________ 
Round 1  |  A-B   |         |         |         |   
Round 2  |        |   A-C   |         |         |   
Round 3  |        |         |   A-D   |         |   
Round 4  |        |   B-D   |         |         |   
Round 5  |        |         |         |   C-D   |   
Round 6  |        |         |   B-C   |         |   
pairToPlace: A-B
 
*****VOLGENDE ITERATIE*****
pairs: [] & pairsUsed: [A-B, A-C, A-D, B-C, B-D, C-D]
doubles: [A-B, A-C, A-D, B-C, B-D, C-D] & doublesUsed: []
currentGame: 2 & prevGame: [0, 1, 2, 2, 1, 3]
currentRound: 6 & prevRound: [0, 1, 2, 5, 3, 4]
TEMPBOARD: 
         | Game 1 |  Game 2 |  Game 3 |  Game 4 |  
_________ ________ _________ _________ _________ 
Round 1  |  A-B   |         |         |         |   
Round 2  |        |   A-C   |         |         |   
Round 3  |        |         |   A-D   |         |   
Round 4  |        |   B-D   |         |         |   
Round 5  |        |         |         |   C-D   |   
Round 6  |        |         |   B-C   |         |   
pairToPlace: A-B
 
*****VOLGENDE ITERATIE*****
pairs: [] & pairsUsed: [A-B, A-C, A-D, B-C, B-D, C-D]
doubles: [A-B, A-C, A-D, B-C, B-D, C-D] & doublesUsed: []
currentGame: 3 & prevGame: [0, 1, 2, 2, 1, 3]
currentRound: 0 & prevRound: [0, 1, 2, 5, 3, 4]
TEMPBOARD: 
         | Game 1 |  Game 2 |  Game 3 |  Game 4 |  
_________ ________ _________ _________ _________ 
Round 1  |  A-B   |         |         |         |   
Round 2  |        |   A-C   |         |         |   
Round 3  |        |         |   A-D   |         |   
Round 4  |        |   B-D   |         |         |   
Round 5  |        |         |         |   C-D   |   
Round 6  |        |         |   B-C   |         |   
pairToPlace: A-B
 
*****VOLGENDE ITERATIE*****
pairs: [] & pairsUsed: [A-B, A-C, A-D, B-C, B-D, C-D]
doubles: [A-B, A-C, A-D, B-C, B-D, C-D] & doublesUsed: []
currentGame: 3 & prevGame: [0, 1, 2, 2, 1, 3]
currentRound: 1 & prevRound: [0, 1, 2, 5, 3, 4]
TEMPBOARD: 
         | Game 1 |  Game 2 |  Game 3 |  Game 4 |  
_________ ________ _________ _________ _________ 
Round 1  |  A-B   |         |         |         |   
Round 2  |        |   A-C   |         |         |   
Round 3  |        |         |   A-D   |         |   
Round 4  |        |   B-D   |         |         |   
Round 5  |        |         |         |   C-D   |   
Round 6  |        |         |   B-C   |         |   
pairToPlace: A-B
 
*****VOLGENDE ITERATIE*****
pairs: [] & pairsUsed: [A-B, A-C, A-D, B-C, B-D, C-D]
doubles: [A-B, A-C, A-D, B-C, B-D, C-D] & doublesUsed: []
currentGame: 3 & prevGame: [0, 1, 2, 2, 1, 3]
currentRound: 2 & prevRound: [0, 1, 2, 5, 3, 4]
TEMPBOARD: 
         | Game 1 |  Game 2 |  Game 3 |  Game 4 |  
_________ ________ _________ _________ _________ 
Round 1  |  A-B   |         |         |         |   
Round 2  |        |   A-C   |         |         |   
Round 3  |        |         |   A-D   |         |   
Round 4  |        |   B-D   |         |         |   
Round 5  |        |         |         |   C-D   |   
Round 6  |        |         |   B-C   |         |   
pairToPlace: A-B
 
*****VOLGENDE ITERATIE*****
pairs: [] & pairsUsed: [A-B, A-C, A-D, B-C, B-D, C-D]
doubles: [A-B, A-C, A-D, B-C, B-D, C-D] & doublesUsed: []
currentGame: 3 & prevGame: [0, 1, 2, 2, 1, 3]
currentRound: 3 & prevRound: [0, 1, 2, 5, 3, 4]
TEMPBOARD: 
         | Game 1 |  Game 2 |  Game 3 |  Game 4 |  
_________ ________ _________ _________ _________ 
Round 1  |  A-B   |         |         |         |   
Round 2  |        |   A-C   |         |         |   
Round 3  |        |         |   A-D   |         |   
Round 4  |        |   B-D   |         |         |   
Round 5  |        |         |         |   C-D   |   
Round 6  |        |         |   B-C   |         |   
pairToPlace: A-B
 
*****VOLGENDE ITERATIE*****
pairs: [] & pairsUsed: [A-B, A-C, A-D, B-C, B-D, C-D]
doubles: [A-B, A-C, A-D, B-C, B-D, C-D] & doublesUsed: []
currentGame: 3 & prevGame: [0, 1, 2, 2, 1, 3]
currentRound: 4 & prevRound: [0, 1, 2, 5, 3, 4]
TEMPBOARD: 
         | Game 1 |  Game 2 |  Game 3 |  Game 4 |  
_________ ________ _________ _________ _________ 
Round 1  |  A-B   |         |         |         |   
Round 2  |        |   A-C   |         |         |   
Round 3  |        |         |   A-D   |         |   
Round 4  |        |   B-D   |         |         |   
Round 5  |        |         |         |   C-D   |   
Round 6  |        |         |   B-C   |         |   
pairToPlace: A-B
 
*****VOLGENDE ITERATIE*****
pairs: [] & pairsUsed: [A-B, A-C, A-D, B-C, B-D, C-D]
doubles: [A-B, A-C, A-D, B-C, B-D, C-D] & doublesUsed: []
currentGame: 3 & prevGame: [0, 1, 2, 2, 1, 3]
currentRound: 5 & prevRound: [0, 1, 2, 5, 3, 4]
TEMPBOARD: 
         | Game 1 |  Game 2 |  Game 3 |  Game 4 |  
_________ ________ _________ _________ _________ 
Round 1  |  A-B   |         |         |         |   
Round 2  |        |   A-C   |         |         |   
Round 3  |        |         |   A-D   |         |   
Round 4  |        |   B-D   |         |         |   
Round 5  |        |         |         |   C-D   |   
Round 6  |        |         |   B-C   |         |   
pairToPlace: A-B
 
*****VOLGENDE ITERATIE*****
pairs: [] & pairsUsed: [A-B, A-C, A-D, B-C, B-D, C-D]
doubles: [A-B, A-C, A-D, B-C, B-D, C-D] & doublesUsed: []
currentGame: 3 & prevGame: [0, 1, 2, 2, 1, 3]
currentRound: 6 & prevRound: [0, 1, 2, 5, 3, 4]
TEMPBOARD: 
         | Game 1 |  Game 2 |  Game 3 |  Game 4 |  
_________ ________ _________ _________ _________ 
Round 1  |  A-B   |         |         |         |   
Round 2  |        |   A-C   |         |         |   
Round 3  |        |         |   A-D   |         |   
Round 4  |        |   B-D   |         |         |   
Round 5  |        |         |         |   C-D   |   
Round 6  |        |         |   B-C   |         |   
pairToPlace: A-B
 
*****VOLGENDE ITERATIE*****
pairs: [] & pairsUsed: [A-B, A-C, A-D, B-C, B-D, C-D]
doubles: [A-B, A-C, A-D, B-C, B-D, C-D] & doublesUsed: []
currentGame: 4 & prevGame: [0, 1, 2, 2, 1, 3]
currentRound: 0 & prevRound: [0, 1, 2, 5, 3, 4]
TEMPBOARD: 
         | Game 1 |  Game 2 |  Game 3 |  Game 4 |  
_________ ________ _________ _________ _________ 
Round 1  |  A-B   |         |         |         |   
Round 2  |        |   A-C   |         |         |   
Round 3  |        |         |   A-D   |         |   
Round 4  |        |   B-D   |         |         |   
Round 5  |        |         |         |   C-D   |   
Round 6  |        |         |   B-C   |         |   
pairToPlace: A-B
 
*****VOLGENDE ITERATIE*****
pairs: [C-D] & pairsUsed: [A-B, A-C, A-D, B-C, B-D]
doubles: [A-B, A-C, A-D, B-C, B-D, C-D] & doublesUsed: []
currentGame: 3 & prevGame: [0, 1, 2, 2, 1]
currentRound: 5 & prevRound: [0, 1, 2, 5, 3]
TEMPBOARD: 
         | Game 1 |  Game 2 |  Game 3 |  Game 4 |  
_________ ________ _________ _________ _________ 
Round 1  |  A-B   |         |         |         |   
Round 2  |        |   A-C   |         |         |   
Round 3  |        |         |   A-D   |         |   
Round 4  |        |   B-D   |         |         |   
Round 5  |        |         |         |         |   
Round 6  |        |         |   B-C   |         |   
pairToPlace: C-D
 
*****VOLGENDE ITERATIE*****
pairs: [C-D] & pairsUsed: [A-B, A-C, A-D, B-C, B-D]
doubles: [A-B, A-C, A-D, B-C, B-D, C-D] & doublesUsed: []
currentGame: 3 & prevGame: [0, 1, 2, 2, 1]
currentRound: 6 & prevRound: [0, 1, 2, 5, 3]
TEMPBOARD: 
         | Game 1 |  Game 2 |  Game 3 |  Game 4 |  
_________ ________ _________ _________ _________ 
Round 1  |  A-B   |         |         |         |   
Round 2  |        |   A-C   |         |         |   
Round 3  |        |         |   A-D   |         |   
Round 4  |        |   B-D   |         |         |   
Round 5  |        |         |         |         |   
Round 6  |        |         |   B-C   |         |   
pairToPlace: C-D
 
*****VOLGENDE ITERATIE*****
pairs: [C-D] & pairsUsed: [A-B, A-C, A-D, B-C, B-D]
doubles: [A-B, A-C, A-D, B-C, B-D, C-D] & doublesUsed: []
currentGame: 4 & prevGame: [0, 1, 2, 2, 1]
currentRound: 0 & prevRound: [0, 1, 2, 5, 3]
TEMPBOARD: 
         | Game 1 |  Game 2 |  Game 3 |  Game 4 |  
_________ ________ _________ _________ _________ 
Round 1  |  A-B   |         |         |         |   
Round 2  |        |   A-C   |         |         |   
Round 3  |        |         |   A-D   |         |   
Round 4  |        |   B-D   |         |         |   
Round 5  |        |         |         |         |   
Round 6  |        |         |   B-C   |         |   
pairToPlace: C-D
 
*****VOLGENDE ITERATIE*****
pairs: [B-D, C-D] & pairsUsed: [A-B, A-C, A-D, B-C]
doubles: [A-B, A-C, A-D, B-C, B-D, C-D] & doublesUsed: []
currentGame: 1 & prevGame: [0, 1, 2, 2]
currentRound: 4 & prevRound: [0, 1, 2, 5]
TEMPBOARD: 
         | Game 1 |  Game 2 |  Game 3 |  Game 4 |  
_________ ________ _________ _________ _________ 
Round 1  |  A-B   |         |         |         |   
Round 2  |        |   A-C   |         |         |   
Round 3  |        |         |   A-D   |         |   
Round 4  |        |         |         |         |   
Round 5  |        |         |         |         |   
Round 6  |        |         |   B-C   |         |   
pairToPlace: B-D
 
*****VOLGENDE ITERATIE*****
pairs: [C-D] & pairsUsed: [A-B, A-C, A-D, B-C, B-D]
doubles: [A-B, A-C, A-D, B-C, B-D, C-D] & doublesUsed: []
currentGame: 0 & prevGame: [0, 1, 2, 2, 1]
currentRound: 0 & prevRound: [0, 1, 2, 5, 4]
TEMPBOARD: 
         | Game 1 |  Game 2 |  Game 3 |  Game 4 |  
_________ ________ _________ _________ _________ 
Round 1  |  A-B   |         |         |         |   
Round 2  |        |   A-C   |         |         |   
Round 3  |        |         |   A-D   |         |   
Round 4  |        |         |         |         |   
Round 5  |        |   B-D   |         |         |   
Round 6  |        |         |   B-C   |         |   
pairToPlace: C-D
 
*****VOLGENDE ITERATIE*****
pairs: [C-D] & pairsUsed: [A-B, A-C, A-D, B-C, B-D]
doubles: [A-B, A-C, A-D, B-C, B-D, C-D] & doublesUsed: []
currentGame: 0 & prevGame: [0, 1, 2, 2, 1]
currentRound: 1 & prevRound: [0, 1, 2, 5, 4]
TEMPBOARD: 
         | Game 1 |  Game 2 |  Game 3 |  Game 4 |  
_________ ________ _________ _________ _________ 
Round 1  |  A-B   |         |         |         |   
Round 2  |        |   A-C   |         |         |   
Round 3  |        |         |   A-D   |         |   
Round 4  |        |         |         |         |   
Round 5  |        |   B-D   |         |         |   
Round 6  |        |         |   B-C   |         |   
pairToPlace: C-D
 
*****VOLGENDE ITERATIE*****
pairs: [C-D] & pairsUsed: [A-B, A-C, A-D, B-C, B-D]
doubles: [A-B, A-C, A-D, B-C, B-D, C-D] & doublesUsed: []
currentGame: 0 & prevGame: [0, 1, 2, 2, 1]
currentRound: 2 & prevRound: [0, 1, 2, 5, 4]
TEMPBOARD: 
         | Game 1 |  Game 2 |  Game 3 |  Game 4 |  
_________ ________ _________ _________ _________ 
Round 1  |  A-B   |         |         |         |   
Round 2  |        |   A-C   |         |         |   
Round 3  |        |         |   A-D   |         |   
Round 4  |        |         |         |         |   
Round 5  |        |   B-D   |         |         |   
Round 6  |        |         |   B-C   |         |   
pairToPlace: C-D
 
*****VOLGENDE ITERATIE*****
pairs: [C-D] & pairsUsed: [A-B, A-C, A-D, B-C, B-D]
doubles: [A-B, A-C, A-D, B-C, B-D, C-D] & doublesUsed: []
currentGame: 0 & prevGame: [0, 1, 2, 2, 1]
currentRound: 3 & prevRound: [0, 1, 2, 5, 4]
TEMPBOARD: 
         | Game 1 |  Game 2 |  Game 3 |  Game 4 |  
_________ ________ _________ _________ _________ 
Round 1  |  A-B   |         |         |         |   
Round 2  |        |   A-C   |         |         |   
Round 3  |        |         |   A-D   |         |   
Round 4  |        |         |         |         |   
Round 5  |        |   B-D   |         |         |   
Round 6  |        |         |   B-C   |         |   
pairToPlace: C-D
 
*****VOLGENDE ITERATIE*****
pairs: [] & pairsUsed: [A-B, A-C, A-D, B-C, B-D, C-D]
doubles: [A-B, A-C, A-D, B-C, B-D, C-D] & doublesUsed: []
currentGame: 0 & prevGame: [0, 1, 2, 2, 1, 0]
currentRound: 0 & prevRound: [0, 1, 2, 5, 4, 3]
TEMPBOARD: 
         | Game 1 |  Game 2 |  Game 3 |  Game 4 |  
_________ ________ _________ _________ _________ 
Round 1  |  A-B   |         |         |         |   
Round 2  |        |   A-C   |         |         |   
Round 3  |        |         |   A-D   |         |   
Round 4  |  C-D   |         |         |         |   
Round 5  |        |   B-D   |         |         |   
Round 6  |        |         |   B-C   |         |   
pairToPlace: A-B
 
*****VOLGENDE ITERATIE*****
pairs: [] & pairsUsed: [A-B, A-C, A-D, B-C, B-D, C-D]
doubles: [A-B, A-C, A-D, B-C, B-D, C-D] & doublesUsed: []
currentGame: 0 & prevGame: [0, 1, 2, 2, 1, 0]
currentRound: 1 & prevRound: [0, 1, 2, 5, 4, 3]
TEMPBOARD: 
         | Game 1 |  Game 2 |  Game 3 |  Game 4 |  
_________ ________ _________ _________ _________ 
Round 1  |  A-B   |         |         |         |   
Round 2  |        |   A-C   |         |         |   
Round 3  |        |         |   A-D   |         |   
Round 4  |  C-D   |         |         |         |   
Round 5  |        |   B-D   |         |         |   
Round 6  |        |         |   B-C   |         |   
pairToPlace: A-B
 
*****VOLGENDE ITERATIE*****
pairs: [] & pairsUsed: [A-B, A-C, A-D, B-C, B-D, C-D]
doubles: [A-B, A-C, A-D, B-C, B-D, C-D] & doublesUsed: []
currentGame: 0 & prevGame: [0, 1, 2, 2, 1, 0]
currentRound: 2 & prevRound: [0, 1, 2, 5, 4, 3]
TEMPBOARD: 
         | Game 1 |  Game 2 |  Game 3 |  Game 4 |  
_________ ________ _________ _________ _________ 
Round 1  |  A-B   |         |         |         |   
Round 2  |        |   A-C   |         |         |   
Round 3  |        |         |   A-D   |         |   
Round 4  |  C-D   |         |         |         |   
Round 5  |        |   B-D   |         |         |   
Round 6  |        |         |   B-C   |         |   
pairToPlace: A-B
 
*****VOLGENDE ITERATIE*****
pairs: [] & pairsUsed: [A-B, A-C, A-D, B-C, B-D, C-D]
doubles: [A-B, A-C, A-D, B-C, B-D, C-D] & doublesUsed: []
currentGame: 0 & prevGame: [0, 1, 2, 2, 1, 0]
currentRound: 3 & prevRound: [0, 1, 2, 5, 4, 3]
TEMPBOARD: 
         | Game 1 |  Game 2 |  Game 3 |  Game 4 |  
_________ ________ _________ _________ _________ 
Round 1  |  A-B   |         |         |         |   
Round 2  |        |   A-C   |         |         |   
Round 3  |        |         |   A-D   |         |   
Round 4  |  C-D   |         |         |         |   
Round 5  |        |   B-D   |         |         |   
Round 6  |        |         |   B-C   |         |   
pairToPlace: A-B
 
*****VOLGENDE ITERATIE*****
pairs: [] & pairsUsed: [A-B, A-C, A-D, B-C, B-D, C-D]
doubles: [A-B, A-C, A-D, B-C, B-D, C-D] & doublesUsed: []
currentGame: 0 & prevGame: [0, 1, 2, 2, 1, 0]
currentRound: 4 & prevRound: [0, 1, 2, 5, 4, 3]
TEMPBOARD: 
         | Game 1 |  Game 2 |  Game 3 |  Game 4 |  
_________ ________ _________ _________ _________ 
Round 1  |  A-B   |         |         |         |   
Round 2  |        |   A-C   |         |         |   
Round 3  |        |         |   A-D   |         |   
Round 4  |  C-D   |         |         |         |   
Round 5  |        |   B-D   |         |         |   
Round 6  |        |         |   B-C   |         |   
pairToPlace: A-B
 
*****VOLGENDE ITERATIE*****
pairs: [] & pairsUsed: [A-B, A-C, A-D, B-C, B-D, C-D]
doubles: [A-B, A-C, A-D, B-C, B-D, C-D] & doublesUsed: []
currentGame: 0 & prevGame: [0, 1, 2, 2, 1, 0]
currentRound: 5 & prevRound: [0, 1, 2, 5, 4, 3]
TEMPBOARD: 
         | Game 1 |  Game 2 |  Game 3 |  Game 4 |  
_________ ________ _________ _________ _________ 
Round 1  |  A-B   |         |         |         |   
Round 2  |        |   A-C   |         |         |   
Round 3  |        |         |   A-D   |         |   
Round 4  |  C-D   |         |         |         |   
Round 5  |        |   B-D   |         |         |   
Round 6  |        |         |   B-C   |         |   
pairToPlace: A-B
 
*****VOLGENDE ITERATIE*****
pairs: [] & pairsUsed: [A-B, A-C, A-D, B-C, B-D, C-D]
doubles: [A-B, A-C, A-D, B-C, B-D, C-D] & doublesUsed: []
currentGame: 0 & prevGame: [0, 1, 2, 2, 1, 0]
currentRound: 6 & prevRound: [0, 1, 2, 5, 4, 3]
TEMPBOARD: 
         | Game 1 |  Game 2 |  Game 3 |  Game 4 |  
_________ ________ _________ _________ _________ 
Round 1  |  A-B   |         |         |         |   
Round 2  |        |   A-C   |         |         |   
Round 3  |        |         |   A-D   |         |   
Round 4  |  C-D   |         |         |         |   
Round 5  |        |   B-D   |         |         |   
Round 6  |        |         |   B-C   |         |   
pairToPlace: A-B
 
*****VOLGENDE ITERATIE*****
pairs: [] & pairsUsed: [A-B, A-C, A-D, B-C, B-D, C-D]
doubles: [A-B, A-C, A-D, B-C, B-D, C-D] & doublesUsed: []
currentGame: 1 & prevGame: [0, 1, 2, 2, 1, 0]
currentRound: 0 & prevRound: [0, 1, 2, 5, 4, 3]
TEMPBOARD: 
         | Game 1 |  Game 2 |  Game 3 |  Game 4 |  
_________ ________ _________ _________ _________ 
Round 1  |  A-B   |         |         |         |   
Round 2  |        |   A-C   |         |         |   
Round 3  |        |         |   A-D   |         |   
Round 4  |  C-D   |         |         |         |   
Round 5  |        |   B-D   |         |         |   
Round 6  |        |         |   B-C   |         |   
pairToPlace: A-B
 
*****VOLGENDE ITERATIE*****
pairs: [] & pairsUsed: [A-B, A-C, A-D, B-C, B-D, C-D]
doubles: [A-B, A-C, A-D, B-C, B-D, C-D] & doublesUsed: []
currentGame: 1 & prevGame: [0, 1, 2, 2, 1, 0]
currentRound: 1 & prevRound: [0, 1, 2, 5, 4, 3]
TEMPBOARD: 
         | Game 1 |  Game 2 |  Game 3 |  Game 4 |  
_________ ________ _________ _________ _________ 
Round 1  |  A-B   |         |         |         |   
Round 2  |        |   A-C   |         |         |   
Round 3  |        |         |   A-D   |         |   
Round 4  |  C-D   |         |         |         |   
Round 5  |        |   B-D   |         |         |   
Round 6  |        |         |   B-C   |         |   
pairToPlace: A-B
 
*****VOLGENDE ITERATIE*****
pairs: [] & pairsUsed: [A-B, A-C, A-D, B-C, B-D, C-D]
doubles: [A-B, A-C, A-D, B-C, B-D, C-D] & doublesUsed: []
currentGame: 1 & prevGame: [0, 1, 2, 2, 1, 0]
currentRound: 2 & prevRound: [0, 1, 2, 5, 4, 3]
TEMPBOARD: 
         | Game 1 |  Game 2 |  Game 3 |  Game 4 |  
_________ ________ _________ _________ _________ 
Round 1  |  A-B   |         |         |         |   
Round 2  |        |   A-C   |         |         |   
Round 3  |        |         |   A-D   |         |   
Round 4  |  C-D   |         |         |         |   
Round 5  |        |   B-D   |         |         |   
Round 6  |        |         |   B-C   |         |   
pairToPlace: A-B
 
*****VOLGENDE ITERATIE*****
pairs: [] & pairsUsed: [A-B, A-C, A-D, B-C, B-D, C-D]
doubles: [A-B, A-C, A-D, B-C, B-D, C-D] & doublesUsed: []
currentGame: 1 & prevGame: [0, 1, 2, 2, 1, 0]
currentRound: 3 & prevRound: [0, 1, 2, 5, 4, 3]
TEMPBOARD: 
         | Game 1 |  Game 2 |  Game 3 |  Game 4 |  
_________ ________ _________ _________ _________ 
Round 1  |  A-B   |         |         |         |   
Round 2  |        |   A-C   |         |         |   
Round 3  |        |         |   A-D   |         |   
Round 4  |  C-D   |         |         |         |   
Round 5  |        |   B-D   |         |         |   
Round 6  |        |         |   B-C   |         |   
pairToPlace: A-B
 
*****VOLGENDE ITERATIE*****
pairs: [] & pairsUsed: [A-B, A-C, A-D, B-C, B-D, C-D]
doubles: [A-B, A-C, A-D, B-C, B-D, C-D] & doublesUsed: []
currentGame: 1 & prevGame: [0, 1, 2, 2, 1, 0]
currentRound: 4 & prevRound: [0, 1, 2, 5, 4, 3]
TEMPBOARD: 
         | Game 1 |  Game 2 |  Game 3 |  Game 4 |  
_________ ________ _________ _________ _________ 
Round 1  |  A-B   |         |         |         |   
Round 2  |        |   A-C   |         |         |   
Round 3  |        |         |   A-D   |         |   
Round 4  |  C-D   |         |         |         |   
Round 5  |        |   B-D   |         |         |   
Round 6  |        |         |   B-C   |         |   
pairToPlace: A-B
 
*****VOLGENDE ITERATIE*****
pairs: [] & pairsUsed: [A-B, A-C, A-D, B-C, B-D, C-D]
doubles: [A-B, A-C, A-D, B-C, B-D, C-D] & doublesUsed: []
currentGame: 1 & prevGame: [0, 1, 2, 2, 1, 0]
currentRound: 5 & prevRound: [0, 1, 2, 5, 4, 3]
TEMPBOARD: 
         | Game 1 |  Game 2 |  Game 3 |  Game 4 |  
_________ ________ _________ _________ _________ 
Round 1  |  A-B   |         |         |         |   
Round 2  |        |   A-C   |         |         |   
Round 3  |        |         |   A-D   |         |   
Round 4  |  C-D   |         |         |         |   
Round 5  |        |   B-D   |         |         |   
Round 6  |        |         |   B-C   |         |   
pairToPlace: A-B
 
*****VOLGENDE ITERATIE*****
pairs: [] & pairsUsed: [A-B, A-C, A-D, B-C, B-D, C-D]
doubles: [A-B, A-C, A-D, B-C, B-D, C-D] & doublesUsed: []
currentGame: 1 & prevGame: [0, 1, 2, 2, 1, 0]
currentRound: 6 & prevRound: [0, 1, 2, 5, 4, 3]
TEMPBOARD: 
         | Game 1 |  Game 2 |  Game 3 |  Game 4 |  
_________ ________ _________ _________ _________ 
Round 1  |  A-B   |         |         |         |   
Round 2  |        |   A-C   |         |         |   
Round 3  |        |         |   A-D   |         |   
Round 4  |  C-D   |         |         |         |   
Round 5  |        |   B-D   |         |         |   
Round 6  |        |         |   B-C   |         |   
pairToPlace: A-B
 
*****VOLGENDE ITERATIE*****
pairs: [] & pairsUsed: [A-B, A-C, A-D, B-C, B-D, C-D]
doubles: [A-B, A-C, A-D, B-C, B-D, C-D] & doublesUsed: []
currentGame: 2 & prevGame: [0, 1, 2, 2, 1, 0]
currentRound: 0 & prevRound: [0, 1, 2, 5, 4, 3]
TEMPBOARD: 
         | Game 1 |  Game 2 |  Game 3 |  Game 4 |  
_________ ________ _________ _________ _________ 
Round 1  |  A-B   |         |         |         |   
Round 2  |        |   A-C   |         |         |   
Round 3  |        |         |   A-D   |         |   
Round 4  |  C-D   |         |         |         |   
Round 5  |        |   B-D   |         |         |   
Round 6  |        |         |   B-C   |         |   
pairToPlace: A-B
 
*****VOLGENDE ITERATIE*****
pairs: [] & pairsUsed: [A-B, A-C, A-D, B-C, B-D, C-D]
doubles: [A-B, A-C, A-D, B-C, B-D, C-D] & doublesUsed: []
currentGame: 2 & prevGame: [0, 1, 2, 2, 1, 0]
currentRound: 1 & prevRound: [0, 1, 2, 5, 4, 3]
TEMPBOARD: 
         | Game 1 |  Game 2 |  Game 3 |  Game 4 |  
_________ ________ _________ _________ _________ 
Round 1  |  A-B   |         |         |         |   
Round 2  |        |   A-C   |         |         |   
Round 3  |        |         |   A-D   |         |   
Round 4  |  C-D   |         |         |         |   
Round 5  |        |   B-D   |         |         |   
Round 6  |        |         |   B-C   |         |   
pairToPlace: A-B
 
*****VOLGENDE ITERATIE*****
pairs: [] & pairsUsed: [A-B, A-C, A-D, B-C, B-D, C-D]
doubles: [A-B, A-C, A-D, B-C, B-D, C-D] & doublesUsed: []
currentGame: 2 & prevGame: [0, 1, 2, 2, 1, 0]
currentRound: 2 & prevRound: [0, 1, 2, 5, 4, 3]
TEMPBOARD: 
         | Game 1 |  Game 2 |  Game 3 |  Game 4 |  
_________ ________ _________ _________ _________ 
Round 1  |  A-B   |         |         |         |   
Round 2  |        |   A-C   |         |         |   
Round 3  |        |         |   A-D   |         |   
Round 4  |  C-D   |         |         |         |   
Round 5  |        |   B-D   |         |         |   
Round 6  |        |         |   B-C   |         |   
pairToPlace: A-B
 
*****VOLGENDE ITERATIE*****
pairs: [] & pairsUsed: [A-B, A-C, A-D, B-C, B-D, C-D]
doubles: [A-B, A-C, A-D, B-C, B-D, C-D] & doublesUsed: []
currentGame: 2 & prevGame: [0, 1, 2, 2, 1, 0]
currentRound: 3 & prevRound: [0, 1, 2, 5, 4, 3]
TEMPBOARD: 
         | Game 1 |  Game 2 |  Game 3 |  Game 4 |  
_________ ________ _________ _________ _________ 
Round 1  |  A-B   |         |         |         |   
Round 2  |        |   A-C   |         |         |   
Round 3  |        |         |   A-D   |         |   
Round 4  |  C-D   |         |         |         |   
Round 5  |        |   B-D   |         |         |   
Round 6  |        |         |   B-C   |         |   
pairToPlace: A-B
 
*****VOLGENDE ITERATIE*****
pairs: [] & pairsUsed: [A-B, A-C, A-D, B-C, B-D, C-D]
doubles: [A-B, A-C, A-D, B-C, B-D, C-D] & doublesUsed: []
currentGame: 2 & prevGame: [0, 1, 2, 2, 1, 0]
currentRound: 4 & prevRound: [0, 1, 2, 5, 4, 3]
TEMPBOARD: 
         | Game 1 |  Game 2 |  Game 3 |  Game 4 |  
_________ ________ _________ _________ _________ 
Round 1  |  A-B   |         |         |         |   
Round 2  |        |   A-C   |         |         |   
Round 3  |        |         |   A-D   |         |   
Round 4  |  C-D   |         |         |         |   
Round 5  |        |   B-D   |         |         |   
Round 6  |        |         |   B-C   |         |   
pairToPlace: A-B
 
*****VOLGENDE ITERATIE*****
pairs: [] & pairsUsed: [A-B, A-C, A-D, B-C, B-D, C-D]
doubles: [A-B, A-C, A-D, B-C, B-D, C-D] & doublesUsed: []
currentGame: 2 & prevGame: [0, 1, 2, 2, 1, 0]
currentRound: 5 & prevRound: [0, 1, 2, 5, 4, 3]
TEMPBOARD: 
         | Game 1 |  Game 2 |  Game 3 |  Game 4 |  
_________ ________ _________ _________ _________ 
Round 1  |  A-B   |         |         |         |   
Round 2  |        |   A-C   |         |         |   
Round 3  |        |         |   A-D   |         |   
Round 4  |  C-D   |         |         |         |   
Round 5  |        |   B-D   |         |         |   
Round 6  |        |         |   B-C   |         |   
pairToPlace: A-B
 
*****VOLGENDE ITERATIE*****
pairs: [] & pairsUsed: [A-B, A-C, A-D, B-C, B-D, C-D]
doubles: [A-B, A-C, A-D, B-C, B-D, C-D] & doublesUsed: []
currentGame: 2 & prevGame: [0, 1, 2, 2, 1, 0]
currentRound: 6 & prevRound: [0, 1, 2, 5, 4, 3]
TEMPBOARD: 
         | Game 1 |  Game 2 |  Game 3 |  Game 4 |  
_________ ________ _________ _________ _________ 
Round 1  |  A-B   |         |         |         |   
Round 2  |        |   A-C   |         |         |   
Round 3  |        |         |   A-D   |         |   
Round 4  |  C-D   |         |         |         |   
Round 5  |        |   B-D   |         |         |   
Round 6  |        |         |   B-C   |         |   
pairToPlace: A-B
 
*****VOLGENDE ITERATIE*****
pairs: [] & pairsUsed: [A-B, A-C, A-D, B-C, B-D, C-D]
doubles: [A-B, A-C, A-D, B-C, B-D, C-D] & doublesUsed: []
currentGame: 3 & prevGame: [0, 1, 2, 2, 1, 0]
currentRound: 0 & prevRound: [0, 1, 2, 5, 4, 3]
TEMPBOARD: 
         | Game 1 |  Game 2 |  Game 3 |  Game 4 |  
_________ ________ _________ _________ _________ 
Round 1  |  A-B   |         |         |         |   
Round 2  |        |   A-C   |         |         |   
Round 3  |        |         |   A-D   |         |   
Round 4  |  C-D   |         |         |         |   
Round 5  |        |   B-D   |         |         |   
Round 6  |        |         |   B-C   |         |   
pairToPlace: A-B
 
*****VOLGENDE ITERATIE*****
pairs: [] & pairsUsed: [A-B, A-C, A-D, B-C, B-D, C-D]
doubles: [A-B, A-C, A-D, B-C, B-D, C-D] & doublesUsed: []
currentGame: 3 & prevGame: [0, 1, 2, 2, 1, 0]
currentRound: 1 & prevRound: [0, 1, 2, 5, 4, 3]
TEMPBOARD: 
         | Game 1 |  Game 2 |  Game 3 |  Game 4 |  
_________ ________ _________ _________ _________ 
Round 1  |  A-B   |         |         |         |   
Round 2  |        |   A-C   |         |         |   
Round 3  |        |         |   A-D   |         |   
Round 4  |  C-D   |         |         |         |   
Round 5  |        |   B-D   |         |         |   
Round 6  |        |         |   B-C   |         |   
pairToPlace: A-B
 
*****VOLGENDE ITERATIE*****
pairs: [] & pairsUsed: [A-B, A-C, A-D, B-C, B-D, C-D]
doubles: [A-B, A-C, A-D, B-C, B-D, C-D] & doublesUsed: []
currentGame: 3 & prevGame: [0, 1, 2, 2, 1, 0]
currentRound: 2 & prevRound: [0, 1, 2, 5, 4, 3]
TEMPBOARD: 
         | Game 1 |  Game 2 |  Game 3 |  Game 4 |  
_________ ________ _________ _________ _________ 
Round 1  |  A-B   |         |         |         |   
Round 2  |        |   A-C   |         |         |   
Round 3  |        |         |   A-D   |         |   
Round 4  |  C-D   |         |         |         |   
Round 5  |        |   B-D   |         |         |   
Round 6  |        |         |   B-C   |         |   
pairToPlace: A-B
 
*****VOLGENDE ITERATIE*****
pairs: [] & pairsUsed: [A-B, A-C, A-D, B-C, B-D, C-D]
doubles: [A-B, A-C, A-D, B-C, B-D, C-D] & doublesUsed: []
currentGame: 3 & prevGame: [0, 1, 2, 2, 1, 0]
currentRound: 3 & prevRound: [0, 1, 2, 5, 4, 3]
TEMPBOARD: 
         | Game 1 |  Game 2 |  Game 3 |  Game 4 |  
_________ ________ _________ _________ _________ 
Round 1  |  A-B   |         |         |         |   
Round 2  |        |   A-C   |         |         |   
Round 3  |        |         |   A-D   |         |   
Round 4  |  C-D   |         |         |         |   
Round 5  |        |   B-D   |         |         |   
Round 6  |        |         |   B-C   |         |   
pairToPlace: A-B
 
*****VOLGENDE ITERATIE*****
pairs: [] & pairsUsed: [A-B, A-C, A-D, B-C, B-D, C-D]
doubles: [A-C, A-D, B-C, B-D, C-D] & doublesUsed: [A-B]
currentGame: 0 & prevGame: [0, 1, 2, 2, 1, 0, 3]
currentRound: 0 & prevRound: [0, 1, 2, 5, 4, 3, 3]
TEMPBOARD: 
         | Game 1 |  Game 2 |  Game 3 |  Game 4 |  
_________ ________ _________ _________ _________ 
Round 1  |  A-B   |         |         |         |   
Round 2  |        |   A-C   |         |         |   
Round 3  |        |         |   A-D   |         |   
Round 4  |  C-D   |         |         |   A-B   |   
Round 5  |        |   B-D   |         |         |   
Round 6  |        |         |   B-C   |         |   
pairToPlace: A-C
 
*****VOLGENDE ITERATIE*****
pairs: [] & pairsUsed: [A-B, A-C, A-D, B-C, B-D, C-D]
doubles: [A-C, A-D, B-C, B-D, C-D] & doublesUsed: [A-B]
currentGame: 0 & prevGame: [0, 1, 2, 2, 1, 0, 3]
currentRound: 1 & prevRound: [0, 1, 2, 5, 4, 3, 3]
TEMPBOARD: 
         | Game 1 |  Game 2 |  Game 3 |  Game 4 |  
_________ ________ _________ _________ _________ 
Round 1  |  A-B   |         |         |         |   
Round 2  |        |   A-C   |         |         |   
Round 3  |        |         |   A-D   |         |   
Round 4  |  C-D   |         |         |   A-B   |   
Round 5  |        |   B-D   |         |         |   
Round 6  |        |         |   B-C   |         |   
pairToPlace: A-C
 
*****VOLGENDE ITERATIE*****
pairs: [] & pairsUsed: [A-B, A-C, A-D, B-C, B-D, C-D]
doubles: [A-C, A-D, B-C, B-D, C-D] & doublesUsed: [A-B]
currentGame: 0 & prevGame: [0, 1, 2, 2, 1, 0, 3]
currentRound: 2 & prevRound: [0, 1, 2, 5, 4, 3, 3]
TEMPBOARD: 
         | Game 1 |  Game 2 |  Game 3 |  Game 4 |  
_________ ________ _________ _________ _________ 
Round 1  |  A-B   |         |         |         |   
Round 2  |        |   A-C   |         |         |   
Round 3  |        |         |   A-D   |         |   
Round 4  |  C-D   |         |         |   A-B   |   
Round 5  |        |   B-D   |         |         |   
Round 6  |        |         |   B-C   |         |   
pairToPlace: A-C
 
*****VOLGENDE ITERATIE*****
pairs: [] & pairsUsed: [A-B, A-C, A-D, B-C, B-D, C-D]
doubles: [A-C, A-D, B-C, B-D, C-D] & doublesUsed: [A-B]
currentGame: 0 & prevGame: [0, 1, 2, 2, 1, 0, 3]
currentRound: 3 & prevRound: [0, 1, 2, 5, 4, 3, 3]
TEMPBOARD: 
         | Game 1 |  Game 2 |  Game 3 |  Game 4 |  
_________ ________ _________ _________ _________ 
Round 1  |  A-B   |         |         |         |   
Round 2  |        |   A-C   |         |         |   
Round 3  |        |         |   A-D   |         |   
Round 4  |  C-D   |         |         |   A-B   |   
Round 5  |        |   B-D   |         |         |   
Round 6  |        |         |   B-C   |         |   
pairToPlace: A-C
 
*****VOLGENDE ITERATIE*****
pairs: [] & pairsUsed: [A-B, A-C, A-D, B-C, B-D, C-D]
doubles: [A-C, A-D, B-C, B-D, C-D] & doublesUsed: [A-B]
currentGame: 0 & prevGame: [0, 1, 2, 2, 1, 0, 3]
currentRound: 4 & prevRound: [0, 1, 2, 5, 4, 3, 3]
TEMPBOARD: 
         | Game 1 |  Game 2 |  Game 3 |  Game 4 |  
_________ ________ _________ _________ _________ 
Round 1  |  A-B   |         |         |         |   
Round 2  |        |   A-C   |         |         |   
Round 3  |        |         |   A-D   |         |   
Round 4  |  C-D   |         |         |   A-B   |   
Round 5  |        |   B-D   |         |         |   
Round 6  |        |         |   B-C   |         |   
pairToPlace: A-C
 
*****VOLGENDE ITERATIE*****
pairs: [] & pairsUsed: [A-B, A-C, A-D, B-C, B-D, C-D]
doubles: [A-C, A-D, B-C, B-D, C-D] & doublesUsed: [A-B]
currentGame: 0 & prevGame: [0, 1, 2, 2, 1, 0, 3]
currentRound: 5 & prevRound: [0, 1, 2, 5, 4, 3, 3]
TEMPBOARD: 
         | Game 1 |  Game 2 |  Game 3 |  Game 4 |  
_________ ________ _________ _________ _________ 
Round 1  |  A-B   |         |         |         |   
Round 2  |        |   A-C   |         |         |   
Round 3  |        |         |   A-D   |         |   
Round 4  |  C-D   |         |         |   A-B   |   
Round 5  |        |   B-D   |         |         |   
Round 6  |        |         |   B-C   |         |   
pairToPlace: A-C
 
*****VOLGENDE ITERATIE*****
pairs: [] & pairsUsed: [A-B, A-C, A-D, B-C, B-D, C-D]
doubles: [A-C, A-D, B-C, B-D, C-D] & doublesUsed: [A-B]
currentGame: 0 & prevGame: [0, 1, 2, 2, 1, 0, 3]
currentRound: 6 & prevRound: [0, 1, 2, 5, 4, 3, 3]
TEMPBOARD: 
         | Game 1 |  Game 2 |  Game 3 |  Game 4 |  
_________ ________ _________ _________ _________ 
Round 1  |  A-B   |         |         |         |   
Round 2  |        |   A-C   |         |         |   
Round 3  |        |         |   A-D   |         |   
Round 4  |  C-D   |         |         |   A-B   |   
Round 5  |        |   B-D   |         |         |   
Round 6  |        |         |   B-C   |         |   
pairToPlace: A-C
 
*****VOLGENDE ITERATIE*****
pairs: [] & pairsUsed: [A-B, A-C, A-D, B-C, B-D, C-D]
doubles: [A-C, A-D, B-C, B-D, C-D] & doublesUsed: [A-B]
currentGame: 1 & prevGame: [0, 1, 2, 2, 1, 0, 3]
currentRound: 0 & prevRound: [0, 1, 2, 5, 4, 3, 3]
TEMPBOARD: 
         | Game 1 |  Game 2 |  Game 3 |  Game 4 |  
_________ ________ _________ _________ _________ 
Round 1  |  A-B   |         |         |         |   
Round 2  |        |   A-C   |         |         |   
Round 3  |        |         |   A-D   |         |   
Round 4  |  C-D   |         |         |   A-B   |   
Round 5  |        |   B-D   |         |         |   
Round 6  |        |         |   B-C   |         |   
pairToPlace: A-C
 
*****VOLGENDE ITERATIE*****
pairs: [] & pairsUsed: [A-B, A-C, A-D, B-C, B-D, C-D]
doubles: [A-C, A-D, B-C, B-D, C-D] & doublesUsed: [A-B]
currentGame: 1 & prevGame: [0, 1, 2, 2, 1, 0, 3]
currentRound: 1 & prevRound: [0, 1, 2, 5, 4, 3, 3]
TEMPBOARD: 
         | Game 1 |  Game 2 |  Game 3 |  Game 4 |  
_________ ________ _________ _________ _________ 
Round 1  |  A-B   |         |         |         |   
Round 2  |        |   A-C   |         |         |   
Round 3  |        |         |   A-D   |         |   
Round 4  |  C-D   |         |         |   A-B   |   
Round 5  |        |   B-D   |         |         |   
Round 6  |        |         |   B-C   |         |   
pairToPlace: A-C
 
*****VOLGENDE ITERATIE*****
pairs: [] & pairsUsed: [A-B, A-C, A-D, B-C, B-D, C-D]
doubles: [A-C, A-D, B-C, B-D, C-D] & doublesUsed: [A-B]
currentGame: 1 & prevGame: [0, 1, 2, 2, 1, 0, 3]
currentRound: 2 & prevRound: [0, 1, 2, 5, 4, 3, 3]
TEMPBOARD: 
         | Game 1 |  Game 2 |  Game 3 |  Game 4 |  
_________ ________ _________ _________ _________ 
Round 1  |  A-B   |         |         |         |   
Round 2  |        |   A-C   |         |         |   
Round 3  |        |         |   A-D   |         |   
Round 4  |  C-D   |         |         |   A-B   |   
Round 5  |        |   B-D   |         |         |   
Round 6  |        |         |   B-C   |         |   
pairToPlace: A-C
 
*****VOLGENDE ITERATIE*****
pairs: [] & pairsUsed: [A-B, A-C, A-D, B-C, B-D, C-D]
doubles: [A-C, A-D, B-C, B-D, C-D] & doublesUsed: [A-B]
currentGame: 1 & prevGame: [0, 1, 2, 2, 1, 0, 3]
currentRound: 3 & prevRound: [0, 1, 2, 5, 4, 3, 3]
TEMPBOARD: 
         | Game 1 |  Game 2 |  Game 3 |  Game 4 |  
_________ ________ _________ _________ _________ 
Round 1  |  A-B   |         |         |         |   
Round 2  |        |   A-C   |         |         |   
Round 3  |        |         |   A-D   |         |   
Round 4  |  C-D   |         |         |   A-B   |   
Round 5  |        |   B-D   |         |         |   
Round 6  |        |         |   B-C   |         |   
pairToPlace: A-C
 
*****VOLGENDE ITERATIE*****
pairs: [] & pairsUsed: [A-B, A-C, A-D, B-C, B-D, C-D]
doubles: [A-C, A-D, B-C, B-D, C-D] & doublesUsed: [A-B]
currentGame: 1 & prevGame: [0, 1, 2, 2, 1, 0, 3]
currentRound: 4 & prevRound: [0, 1, 2, 5, 4, 3, 3]
TEMPBOARD: 
         | Game 1 |  Game 2 |  Game 3 |  Game 4 |  
_________ ________ _________ _________ _________ 
Round 1  |  A-B   |         |         |         |   
Round 2  |        |   A-C   |         |         |   
Round 3  |        |         |   A-D   |         |   
Round 4  |  C-D   |         |         |   A-B   |   
Round 5  |        |   B-D   |         |         |   
Round 6  |        |         |   B-C   |         |   
pairToPlace: A-C
 
*****VOLGENDE ITERATIE*****
pairs: [] & pairsUsed: [A-B, A-C, A-D, B-C, B-D, C-D]
doubles: [A-C, A-D, B-C, B-D, C-D] & doublesUsed: [A-B]
currentGame: 1 & prevGame: [0, 1, 2, 2, 1, 0, 3]
currentRound: 5 & prevRound: [0, 1, 2, 5, 4, 3, 3]
TEMPBOARD: 
         | Game 1 |  Game 2 |  Game 3 |  Game 4 |  
_________ ________ _________ _________ _________ 
Round 1  |  A-B   |         |         |         |   
Round 2  |        |   A-C   |         |         |   
Round 3  |        |         |   A-D   |         |   
Round 4  |  C-D   |         |         |   A-B   |   
Round 5  |        |   B-D   |         |         |   
Round 6  |        |         |   B-C   |         |   
pairToPlace: A-C
 
*****VOLGENDE ITERATIE*****
pairs: [] & pairsUsed: [A-B, A-C, A-D, B-C, B-D, C-D]
doubles: [A-C, A-D, B-C, B-D, C-D] & doublesUsed: [A-B]
currentGame: 1 & prevGame: [0, 1, 2, 2, 1, 0, 3]
currentRound: 6 & prevRound: [0, 1, 2, 5, 4, 3, 3]
TEMPBOARD: 
         | Game 1 |  Game 2 |  Game 3 |  Game 4 |  
_________ ________ _________ _________ _________ 
Round 1  |  A-B   |         |         |         |   
Round 2  |        |   A-C   |         |         |   
Round 3  |        |         |   A-D   |         |   
Round 4  |  C-D   |         |         |   A-B   |   
Round 5  |        |   B-D   |         |         |   
Round 6  |        |         |   B-C   |         |   
pairToPlace: A-C
 
*****VOLGENDE ITERATIE*****
pairs: [] & pairsUsed: [A-B, A-C, A-D, B-C, B-D, C-D]
doubles: [A-C, A-D, B-C, B-D, C-D] & doublesUsed: [A-B]
currentGame: 2 & prevGame: [0, 1, 2, 2, 1, 0, 3]
currentRound: 0 & prevRound: [0, 1, 2, 5, 4, 3, 3]
TEMPBOARD: 
         | Game 1 |  Game 2 |  Game 3 |  Game 4 |  
_________ ________ _________ _________ _________ 
Round 1  |  A-B   |         |         |         |   
Round 2  |        |   A-C   |         |         |   
Round 3  |        |         |   A-D   |         |   
Round 4  |  C-D   |         |         |   A-B   |   
Round 5  |        |   B-D   |         |         |   
Round 6  |        |         |   B-C   |         |   
pairToPlace: A-C
 
*****VOLGENDE ITERATIE*****
pairs: [] & pairsUsed: [A-B, A-C, A-D, B-C, B-D, C-D]
doubles: [A-C, A-D, B-C, B-D, C-D] & doublesUsed: [A-B]
currentGame: 2 & prevGame: [0, 1, 2, 2, 1, 0, 3]
currentRound: 1 & prevRound: [0, 1, 2, 5, 4, 3, 3]
TEMPBOARD: 
         | Game 1 |  Game 2 |  Game 3 |  Game 4 |  
_________ ________ _________ _________ _________ 
Round 1  |  A-B   |         |         |         |   
Round 2  |        |   A-C   |         |         |   
Round 3  |        |         |   A-D   |         |   
Round 4  |  C-D   |         |         |   A-B   |   
Round 5  |        |   B-D   |         |         |   
Round 6  |        |         |   B-C   |         |   
pairToPlace: A-C
 
*****VOLGENDE ITERATIE*****
pairs: [] & pairsUsed: [A-B, A-C, A-D, B-C, B-D, C-D]
doubles: [A-C, A-D, B-C, B-D, C-D] & doublesUsed: [A-B]
currentGame: 2 & prevGame: [0, 1, 2, 2, 1, 0, 3]
currentRound: 2 & prevRound: [0, 1, 2, 5, 4, 3, 3]
TEMPBOARD: 
         | Game 1 |  Game 2 |  Game 3 |  Game 4 |  
_________ ________ _________ _________ _________ 
Round 1  |  A-B   |         |         |         |   
Round 2  |        |   A-C   |         |         |   
Round 3  |        |         |   A-D   |         |   
Round 4  |  C-D   |         |         |   A-B   |   
Round 5  |        |   B-D   |         |         |   
Round 6  |        |         |   B-C   |         |   
pairToPlace: A-C
 
*****VOLGENDE ITERATIE*****
pairs: [] & pairsUsed: [A-B, A-C, A-D, B-C, B-D, C-D]
doubles: [A-C, A-D, B-C, B-D, C-D] & doublesUsed: [A-B]
currentGame: 2 & prevGame: [0, 1, 2, 2, 1, 0, 3]
currentRound: 3 & prevRound: [0, 1, 2, 5, 4, 3, 3]
TEMPBOARD: 
         | Game 1 |  Game 2 |  Game 3 |  Game 4 |  
_________ ________ _________ _________ _________ 
Round 1  |  A-B   |         |         |         |   
Round 2  |        |   A-C   |         |         |   
Round 3  |        |         |   A-D   |         |   
Round 4  |  C-D   |         |         |   A-B   |   
Round 5  |        |   B-D   |         |         |   
Round 6  |        |         |   B-C   |         |   
pairToPlace: A-C
 
*****VOLGENDE ITERATIE*****
pairs: [] & pairsUsed: [A-B, A-C, A-D, B-C, B-D, C-D]
doubles: [A-C, A-D, B-C, B-D, C-D] & doublesUsed: [A-B]
currentGame: 2 & prevGame: [0, 1, 2, 2, 1, 0, 3]
currentRound: 4 & prevRound: [0, 1, 2, 5, 4, 3, 3]
TEMPBOARD: 
         | Game 1 |  Game 2 |  Game 3 |  Game 4 |  
_________ ________ _________ _________ _________ 
Round 1  |  A-B   |         |         |         |   
Round 2  |        |   A-C   |         |         |   
Round 3  |        |         |   A-D   |         |   
Round 4  |  C-D   |         |         |   A-B   |   
Round 5  |        |   B-D   |         |         |   
Round 6  |        |         |   B-C   |         |   
pairToPlace: A-C
 
*****VOLGENDE ITERATIE*****
pairs: [] & pairsUsed: [A-B, A-C, A-D, B-C, B-D, C-D]
doubles: [A-C, A-D, B-C, B-D, C-D] & doublesUsed: [A-B]
currentGame: 2 & prevGame: [0, 1, 2, 2, 1, 0, 3]
currentRound: 5 & prevRound: [0, 1, 2, 5, 4, 3, 3]
TEMPBOARD: 
         | Game 1 |  Game 2 |  Game 3 |  Game 4 |  
_________ ________ _________ _________ _________ 
Round 1  |  A-B   |         |         |         |   
Round 2  |        |   A-C   |         |         |   
Round 3  |        |         |   A-D   |         |   
Round 4  |  C-D   |         |         |   A-B   |   
Round 5  |        |   B-D   |         |         |   
Round 6  |        |         |   B-C   |         |   
pairToPlace: A-C
 
*****VOLGENDE ITERATIE*****
pairs: [] & pairsUsed: [A-B, A-C, A-D, B-C, B-D, C-D]
doubles: [A-C, A-D, B-C, B-D, C-D] & doublesUsed: [A-B]
currentGame: 2 & prevGame: [0, 1, 2, 2, 1, 0, 3]
currentRound: 6 & prevRound: [0, 1, 2, 5, 4, 3, 3]
TEMPBOARD: 
         | Game 1 |  Game 2 |  Game 3 |  Game 4 |  
_________ ________ _________ _________ _________ 
Round 1  |  A-B   |         |         |         |   
Round 2  |        |   A-C   |         |         |   
Round 3  |        |         |   A-D   |         |   
Round 4  |  C-D   |         |         |   A-B   |   
Round 5  |        |   B-D   |         |         |   
Round 6  |        |         |   B-C   |         |   
pairToPlace: A-C
 
*****VOLGENDE ITERATIE*****
pairs: [] & pairsUsed: [A-B, A-C, A-D, B-C, B-D, C-D]
doubles: [A-C, A-D, B-C, B-D, C-D] & doublesUsed: [A-B]
currentGame: 3 & prevGame: [0, 1, 2, 2, 1, 0, 3]
currentRound: 0 & prevRound: [0, 1, 2, 5, 4, 3, 3]
TEMPBOARD: 
         | Game 1 |  Game 2 |  Game 3 |  Game 4 |  
_________ ________ _________ _________ _________ 
Round 1  |  A-B   |         |         |         |   
Round 2  |        |   A-C   |         |         |   
Round 3  |        |         |   A-D   |         |   
Round 4  |  C-D   |         |         |   A-B   |   
Round 5  |        |   B-D   |         |         |   
Round 6  |        |         |   B-C   |         |   
pairToPlace: A-C
 
*****VOLGENDE ITERATIE*****
pairs: [] & pairsUsed: [A-B, A-C, A-D, B-C, B-D, C-D]
doubles: [A-C, A-D, B-C, B-D, C-D] & doublesUsed: [A-B]
currentGame: 3 & prevGame: [0, 1, 2, 2, 1, 0, 3]
currentRound: 1 & prevRound: [0, 1, 2, 5, 4, 3, 3]
TEMPBOARD: 
         | Game 1 |  Game 2 |  Game 3 |  Game 4 |  
_________ ________ _________ _________ _________ 
Round 1  |  A-B   |         |         |         |   
Round 2  |        |   A-C   |         |         |   
Round 3  |        |         |   A-D   |         |   
Round 4  |  C-D   |         |         |   A-B   |   
Round 5  |        |   B-D   |         |         |   
Round 6  |        |         |   B-C   |         |   
pairToPlace: A-C
 
*****VOLGENDE ITERATIE*****
pairs: [] & pairsUsed: [A-B, A-C, A-D, B-C, B-D, C-D]
doubles: [A-C, A-D, B-C, B-D, C-D] & doublesUsed: [A-B]
currentGame: 3 & prevGame: [0, 1, 2, 2, 1, 0, 3]
currentRound: 2 & prevRound: [0, 1, 2, 5, 4, 3, 3]
TEMPBOARD: 
         | Game 1 |  Game 2 |  Game 3 |  Game 4 |  
_________ ________ _________ _________ _________ 
Round 1  |  A-B   |         |         |         |   
Round 2  |        |   A-C   |         |         |   
Round 3  |        |         |   A-D   |         |   
Round 4  |  C-D   |         |         |   A-B   |   
Round 5  |        |   B-D   |         |         |   
Round 6  |        |         |   B-C   |         |   
pairToPlace: A-C
 
*****VOLGENDE ITERATIE*****
pairs: [] & pairsUsed: [A-B, A-C, A-D, B-C, B-D, C-D]
doubles: [A-C, A-D, B-C, B-D, C-D] & doublesUsed: [A-B]
currentGame: 3 & prevGame: [0, 1, 2, 2, 1, 0, 3]
currentRound: 3 & prevRound: [0, 1, 2, 5, 4, 3, 3]
TEMPBOARD: 
         | Game 1 |  Game 2 |  Game 3 |  Game 4 |  
_________ ________ _________ _________ _________ 
Round 1  |  A-B   |         |         |         |   
Round 2  |        |   A-C   |         |         |   
Round 3  |        |         |   A-D   |         |   
Round 4  |  C-D   |         |         |   A-B   |   
Round 5  |        |   B-D   |         |         |   
Round 6  |        |         |   B-C   |         |   
pairToPlace: A-C
 
*****VOLGENDE ITERATIE*****
pairs: [] & pairsUsed: [A-B, A-C, A-D, B-C, B-D, C-D]
doubles: [A-C, A-D, B-C, B-D, C-D] & doublesUsed: [A-B]
currentGame: 3 & prevGame: [0, 1, 2, 2, 1, 0, 3]
currentRound: 4 & prevRound: [0, 1, 2, 5, 4, 3, 3]
TEMPBOARD: 
         | Game 1 |  Game 2 |  Game 3 |  Game 4 |  
_________ ________ _________ _________ _________ 
Round 1  |  A-B   |         |         |         |   
Round 2  |        |   A-C   |         |         |   
Round 3  |        |         |   A-D   |         |   
Round 4  |  C-D   |         |         |   A-B   |   
Round 5  |        |   B-D   |         |         |   
Round 6  |        |         |   B-C   |         |   
pairToPlace: A-C
 
*****VOLGENDE ITERATIE*****
pairs: [] & pairsUsed: [A-B, A-C, A-D, B-C, B-D, C-D]
doubles: [A-C, A-D, B-C, B-D, C-D] & doublesUsed: [A-B]
currentGame: 3 & prevGame: [0, 1, 2, 2, 1, 0, 3]
currentRound: 5 & prevRound: [0, 1, 2, 5, 4, 3, 3]
TEMPBOARD: 
         | Game 1 |  Game 2 |  Game 3 |  Game 4 |  
_________ ________ _________ _________ _________ 
Round 1  |  A-B   |         |         |         |   
Round 2  |        |   A-C   |         |         |   
Round 3  |        |         |   A-D   |         |   
Round 4  |  C-D   |         |         |   A-B   |   
Round 5  |        |   B-D   |         |         |   
Round 6  |        |         |   B-C   |         |   
pairToPlace: A-C
 
*****VOLGENDE ITERATIE*****
pairs: [] & pairsUsed: [A-B, A-C, A-D, B-C, B-D, C-D]
doubles: [A-C, A-D, B-C, B-D, C-D] & doublesUsed: [A-B]
currentGame: 3 & prevGame: [0, 1, 2, 2, 1, 0, 3]
currentRound: 6 & prevRound: [0, 1, 2, 5, 4, 3, 3]
TEMPBOARD: 
         | Game 1 |  Game 2 |  Game 3 |  Game 4 |  
_________ ________ _________ _________ _________ 
Round 1  |  A-B   |         |         |         |   
Round 2  |        |   A-C   |         |         |   
Round 3  |        |         |   A-D   |         |   
Round 4  |  C-D   |         |         |   A-B   |   
Round 5  |        |   B-D   |         |         |   
Round 6  |        |         |   B-C   |         |   
pairToPlace: A-C
 
*****VOLGENDE ITERATIE*****
pairs: [] & pairsUsed: [A-B, A-C, A-D, B-C, B-D, C-D]
doubles: [A-C, A-D, B-C, B-D, C-D] & doublesUsed: [A-B]
currentGame: 4 & prevGame: [0, 1, 2, 2, 1, 0, 3]
currentRound: 0 & prevRound: [0, 1, 2, 5, 4, 3, 3]
TEMPBOARD: 
         | Game 1 |  Game 2 |  Game 3 |  Game 4 |  
_________ ________ _________ _________ _________ 
Round 1  |  A-B   |         |         |         |   
Round 2  |        |   A-C   |         |         |   
Round 3  |        |         |   A-D   |         |   
Round 4  |  C-D   |         |         |   A-B   |   
Round 5  |        |   B-D   |         |         |   
Round 6  |        |         |   B-C   |         |   
pairToPlace: A-C
 
*****VOLGENDE ITERATIE*****
pairs: [] & pairsUsed: [A-B, A-C, A-D, B-C, B-D, C-D]
doubles: [A-B, A-C, A-D, B-C, B-D, C-D] & doublesUsed: []
currentGame: 3 & prevGame: [0, 1, 2, 2, 1, 0]
currentRound: 4 & prevRound: [0, 1, 2, 5, 4, 3]
TEMPBOARD: 
         | Game 1 |  Game 2 |  Game 3 |  Game 4 |  
_________ ________ _________ _________ _________ 
Round 1  |  A-B   |         |         |         |   
Round 2  |        |   A-C   |         |         |   
Round 3  |        |         |   A-D   |         |   
Round 4  |  C-D   |         |         |         |   
Round 5  |        |   B-D   |         |         |   
Round 6  |        |         |   B-C   |         |   
pairToPlace: A-B
 
*****VOLGENDE ITERATIE*****
pairs: [] & pairsUsed: [A-B, A-C, A-D, B-C, B-D, C-D]
doubles: [A-B, A-C, A-D, B-C, B-D, C-D] & doublesUsed: []
currentGame: 3 & prevGame: [0, 1, 2, 2, 1, 0]
currentRound: 5 & prevRound: [0, 1, 2, 5, 4, 3]
TEMPBOARD: 
         | Game 1 |  Game 2 |  Game 3 |  Game 4 |  
_________ ________ _________ _________ _________ 
Round 1  |  A-B   |         |         |         |   
Round 2  |        |   A-C   |         |         |   
Round 3  |        |         |   A-D   |         |   
Round 4  |  C-D   |         |         |         |   
Round 5  |        |   B-D   |         |         |   
Round 6  |        |         |   B-C   |         |   
pairToPlace: A-B
 
*****VOLGENDE ITERATIE*****
pairs: [] & pairsUsed: [A-B, A-C, A-D, B-C, B-D, C-D]
doubles: [A-B, A-C, A-D, B-C, B-D, C-D] & doublesUsed: []
currentGame: 3 & prevGame: [0, 1, 2, 2, 1, 0]
currentRound: 6 & prevRound: [0, 1, 2, 5, 4, 3]
TEMPBOARD: 
         | Game 1 |  Game 2 |  Game 3 |  Game 4 |  
_________ ________ _________ _________ _________ 
Round 1  |  A-B   |         |         |         |   
Round 2  |        |   A-C   |         |         |   
Round 3  |        |         |   A-D   |         |   
Round 4  |  C-D   |         |         |         |   
Round 5  |        |   B-D   |         |         |   
Round 6  |        |         |   B-C   |         |   
pairToPlace: A-B
 
*****VOLGENDE ITERATIE*****
pairs: [] & pairsUsed: [A-B, A-C, A-D, B-C, B-D, C-D]
doubles: [A-B, A-C, A-D, B-C, B-D, C-D] & doublesUsed: []
currentGame: 4 & prevGame: [0, 1, 2, 2, 1, 0]
currentRound: 0 & prevRound: [0, 1, 2, 5, 4, 3]
TEMPBOARD: 
         | Game 1 |  Game 2 |  Game 3 |  Game 4 |  
_________ ________ _________ _________ _________ 
Round 1  |  A-B   |         |         |         |   
Round 2  |        |   A-C   |         |         |   
Round 3  |        |         |   A-D   |         |   
Round 4  |  C-D   |         |         |         |   
Round 5  |        |   B-D   |         |         |   
Round 6  |        |         |   B-C   |         |   
pairToPlace: A-B
 
*****VOLGENDE ITERATIE*****
pairs: [C-D] & pairsUsed: [A-B, A-C, A-D, B-C, B-D]
doubles: [A-B, A-C, A-D, B-C, B-D, C-D] & doublesUsed: []
currentGame: 0 & prevGame: [0, 1, 2, 2, 1]
currentRound: 4 & prevRound: [0, 1, 2, 5, 4]
TEMPBOARD: 
         | Game 1 |  Game 2 |  Game 3 |  Game 4 |  
_________ ________ _________ _________ _________ 
Round 1  |  A-B   |         |         |         |   
Round 2  |        |   A-C   |         |         |   
Round 3  |        |         |   A-D   |         |   
Round 4  |        |         |         |         |   
Round 5  |        |   B-D   |         |         |   
Round 6  |        |         |   B-C   |         |   
pairToPlace: C-D
 
*****VOLGENDE ITERATIE*****
pairs: [C-D] & pairsUsed: [A-B, A-C, A-D, B-C, B-D]
doubles: [A-B, A-C, A-D, B-C, B-D, C-D] & doublesUsed: []
currentGame: 0 & prevGame: [0, 1, 2, 2, 1]
currentRound: 5 & prevRound: [0, 1, 2, 5, 4]
TEMPBOARD: 
         | Game 1 |  Game 2 |  Game 3 |  Game 4 |  
_________ ________ _________ _________ _________ 
Round 1  |  A-B   |         |         |         |   
Round 2  |        |   A-C   |         |         |   
Round 3  |        |         |   A-D   |         |   
Round 4  |        |         |         |         |   
Round 5  |        |   B-D   |         |         |   
Round 6  |        |         |   B-C   |         |   
pairToPlace: C-D
 
*****VOLGENDE ITERATIE*****
pairs: [C-D] & pairsUsed: [A-B, A-C, A-D, B-C, B-D]
doubles: [A-B, A-C, A-D, B-C, B-D, C-D] & doublesUsed: []
currentGame: 0 & prevGame: [0, 1, 2, 2, 1]
currentRound: 6 & prevRound: [0, 1, 2, 5, 4]
TEMPBOARD: 
         | Game 1 |  Game 2 |  Game 3 |  Game 4 |  
_________ ________ _________ _________ _________ 
Round 1  |  A-B   |         |         |         |   
Round 2  |        |   A-C   |         |         |   
Round 3  |        |         |   A-D   |         |   
Round 4  |        |         |         |         |   
Round 5  |        |   B-D   |         |         |   
Round 6  |        |         |   B-C   |         |   
pairToPlace: C-D
 
*****VOLGENDE ITERATIE*****
pairs: [C-D] & pairsUsed: [A-B, A-C, A-D, B-C, B-D]
doubles: [A-B, A-C, A-D, B-C, B-D, C-D] & doublesUsed: []
currentGame: 1 & prevGame: [0, 1, 2, 2, 1]
currentRound: 0 & prevRound: [0, 1, 2, 5, 4]
TEMPBOARD: 
         | Game 1 |  Game 2 |  Game 3 |  Game 4 |  
_________ ________ _________ _________ _________ 
Round 1  |  A-B   |         |         |         |   
Round 2  |        |   A-C   |         |         |   
Round 3  |        |         |   A-D   |         |   
Round 4  |        |         |         |         |   
Round 5  |        |   B-D   |         |         |   
Round 6  |        |         |   B-C   |         |   
pairToPlace: C-D
 
*****VOLGENDE ITERATIE*****
pairs: [C-D] & pairsUsed: [A-B, A-C, A-D, B-C, B-D]
doubles: [A-B, A-C, A-D, B-C, B-D, C-D] & doublesUsed: []
currentGame: 1 & prevGame: [0, 1, 2, 2, 1]
currentRound: 1 & prevRound: [0, 1, 2, 5, 4]
TEMPBOARD: 
         | Game 1 |  Game 2 |  Game 3 |  Game 4 |  
_________ ________ _________ _________ _________ 
Round 1  |  A-B   |         |         |         |   
Round 2  |        |   A-C   |         |         |   
Round 3  |        |         |   A-D   |         |   
Round 4  |        |         |         |         |   
Round 5  |        |   B-D   |         |         |   
Round 6  |        |         |   B-C   |         |   
pairToPlace: C-D
 
*****VOLGENDE ITERATIE*****
pairs: [C-D] & pairsUsed: [A-B, A-C, A-D, B-C, B-D]
doubles: [A-B, A-C, A-D, B-C, B-D, C-D] & doublesUsed: []
currentGame: 1 & prevGame: [0, 1, 2, 2, 1]
currentRound: 2 & prevRound: [0, 1, 2, 5, 4]
TEMPBOARD: 
         | Game 1 |  Game 2 |  Game 3 |  Game 4 |  
_________ ________ _________ _________ _________ 
Round 1  |  A-B   |         |         |         |   
Round 2  |        |   A-C   |         |         |   
Round 3  |        |         |   A-D   |         |   
Round 4  |        |         |         |         |   
Round 5  |        |   B-D   |         |         |   
Round 6  |        |         |   B-C   |         |   
pairToPlace: C-D
 
*****VOLGENDE ITERATIE*****
pairs: [C-D] & pairsUsed: [A-B, A-C, A-D, B-C, B-D]
doubles: [A-B, A-C, A-D, B-C, B-D, C-D] & doublesUsed: []
currentGame: 1 & prevGame: [0, 1, 2, 2, 1]
currentRound: 3 & prevRound: [0, 1, 2, 5, 4]
TEMPBOARD: 
         | Game 1 |  Game 2 |  Game 3 |  Game 4 |  
_________ ________ _________ _________ _________ 
Round 1  |  A-B   |         |         |         |   
Round 2  |        |   A-C   |         |         |   
Round 3  |        |         |   A-D   |         |   
Round 4  |        |         |         |         |   
Round 5  |        |   B-D   |         |         |   
Round 6  |        |         |   B-C   |         |   
pairToPlace: C-D
 
*****VOLGENDE ITERATIE*****
pairs: [C-D] & pairsUsed: [A-B, A-C, A-D, B-C, B-D]
doubles: [A-B, A-C, A-D, B-C, B-D, C-D] & doublesUsed: []
currentGame: 1 & prevGame: [0, 1, 2, 2, 1]
currentRound: 4 & prevRound: [0, 1, 2, 5, 4]
TEMPBOARD: 
         | Game 1 |  Game 2 |  Game 3 |  Game 4 |  
_________ ________ _________ _________ _________ 
Round 1  |  A-B   |         |         |         |   
Round 2  |        |   A-C   |         |         |   
Round 3  |        |         |   A-D   |         |   
Round 4  |        |         |         |         |   
Round 5  |        |   B-D   |         |         |   
Round 6  |        |         |   B-C   |         |   
pairToPlace: C-D
 
*****VOLGENDE ITERATIE*****
pairs: [C-D] & pairsUsed: [A-B, A-C, A-D, B-C, B-D]
doubles: [A-B, A-C, A-D, B-C, B-D, C-D] & doublesUsed: []
currentGame: 1 & prevGame: [0, 1, 2, 2, 1]
currentRound: 5 & prevRound: [0, 1, 2, 5, 4]
TEMPBOARD: 
         | Game 1 |  Game 2 |  Game 3 |  Game 4 |  
_________ ________ _________ _________ _________ 
Round 1  |  A-B   |         |         |         |   
Round 2  |        |   A-C   |         |         |   
Round 3  |        |         |   A-D   |         |   
Round 4  |        |         |         |         |   
Round 5  |        |   B-D   |         |         |   
Round 6  |        |         |   B-C   |         |   
pairToPlace: C-D
 
*****VOLGENDE ITERATIE*****
pairs: [C-D] & pairsUsed: [A-B, A-C, A-D, B-C, B-D]
doubles: [A-B, A-C, A-D, B-C, B-D, C-D] & doublesUsed: []
currentGame: 1 & prevGame: [0, 1, 2, 2, 1]
currentRound: 6 & prevRound: [0, 1, 2, 5, 4]
TEMPBOARD: 
         | Game 1 |  Game 2 |  Game 3 |  Game 4 |  
_________ ________ _________ _________ _________ 
Round 1  |  A-B   |         |         |         |   
Round 2  |        |   A-C   |         |         |   
Round 3  |        |         |   A-D   |         |   
Round 4  |        |         |         |         |   
Round 5  |        |   B-D   |         |         |   
Round 6  |        |         |   B-C   |         |   
pairToPlace: C-D
 
*****VOLGENDE ITERATIE*****
pairs: [C-D] & pairsUsed: [A-B, A-C, A-D, B-C, B-D]
doubles: [A-B, A-C, A-D, B-C, B-D, C-D] & doublesUsed: []
currentGame: 2 & prevGame: [0, 1, 2, 2, 1]
currentRound: 0 & prevRound: [0, 1, 2, 5, 4]
TEMPBOARD: 
         | Game 1 |  Game 2 |  Game 3 |  Game 4 |  
_________ ________ _________ _________ _________ 
Round 1  |  A-B   |         |         |         |   
Round 2  |        |   A-C   |         |         |   
Round 3  |        |         |   A-D   |         |   
Round 4  |        |         |         |         |   
Round 5  |        |   B-D   |         |         |   
Round 6  |        |         |   B-C   |         |   
pairToPlace: C-D
 
*****VOLGENDE ITERATIE*****
pairs: [C-D] & pairsUsed: [A-B, A-C, A-D, B-C, B-D]
doubles: [A-B, A-C, A-D, B-C, B-D, C-D] & doublesUsed: []
currentGame: 2 & prevGame: [0, 1, 2, 2, 1]
currentRound: 1 & prevRound: [0, 1, 2, 5, 4]
TEMPBOARD: 
         | Game 1 |  Game 2 |  Game 3 |  Game 4 |  
_________ ________ _________ _________ _________ 
Round 1  |  A-B   |         |         |         |   
Round 2  |        |   A-C   |         |         |   
Round 3  |        |         |   A-D   |         |   
Round 4  |        |         |         |         |   
Round 5  |        |   B-D   |         |         |   
Round 6  |        |         |   B-C   |         |   
pairToPlace: C-D
 
*****VOLGENDE ITERATIE*****
pairs: [C-D] & pairsUsed: [A-B, A-C, A-D, B-C, B-D]
doubles: [A-B, A-C, A-D, B-C, B-D, C-D] & doublesUsed: []
currentGame: 2 & prevGame: [0, 1, 2, 2, 1]
currentRound: 2 & prevRound: [0, 1, 2, 5, 4]
TEMPBOARD: 
         | Game 1 |  Game 2 |  Game 3 |  Game 4 |  
_________ ________ _________ _________ _________ 
Round 1  |  A-B   |         |         |         |   
Round 2  |        |   A-C   |         |         |   
Round 3  |        |         |   A-D   |         |   
Round 4  |        |         |         |         |   
Round 5  |        |   B-D   |         |         |   
Round 6  |        |         |   B-C   |         |   
pairToPlace: C-D
 
*****VOLGENDE ITERATIE*****
pairs: [C-D] & pairsUsed: [A-B, A-C, A-D, B-C, B-D]
doubles: [A-B, A-C, A-D, B-C, B-D, C-D] & doublesUsed: []
currentGame: 2 & prevGame: [0, 1, 2, 2, 1]
currentRound: 3 & prevRound: [0, 1, 2, 5, 4]
TEMPBOARD: 
         | Game 1 |  Game 2 |  Game 3 |  Game 4 |  
_________ ________ _________ _________ _________ 
Round 1  |  A-B   |         |         |         |   
Round 2  |        |   A-C   |         |         |   
Round 3  |        |         |   A-D   |         |   
Round 4  |        |         |         |         |   
Round 5  |        |   B-D   |         |         |   
Round 6  |        |         |   B-C   |         |   
pairToPlace: C-D
 
*****VOLGENDE ITERATIE*****
pairs: [C-D] & pairsUsed: [A-B, A-C, A-D, B-C, B-D]
doubles: [A-B, A-C, A-D, B-C, B-D, C-D] & doublesUsed: []
currentGame: 2 & prevGame: [0, 1, 2, 2, 1]
currentRound: 4 & prevRound: [0, 1, 2, 5, 4]
TEMPBOARD: 
         | Game 1 |  Game 2 |  Game 3 |  Game 4 |  
_________ ________ _________ _________ _________ 
Round 1  |  A-B   |         |         |         |   
Round 2  |        |   A-C   |         |         |   
Round 3  |        |         |   A-D   |         |   
Round 4  |        |         |         |         |   
Round 5  |        |   B-D   |         |         |   
Round 6  |        |         |   B-C   |         |   
pairToPlace: C-D
 
*****VOLGENDE ITERATIE*****
pairs: [C-D] & pairsUsed: [A-B, A-C, A-D, B-C, B-D]
doubles: [A-B, A-C, A-D, B-C, B-D, C-D] & doublesUsed: []
currentGame: 2 & prevGame: [0, 1, 2, 2, 1]
currentRound: 5 & prevRound: [0, 1, 2, 5, 4]
TEMPBOARD: 
         | Game 1 |  Game 2 |  Game 3 |  Game 4 |  
_________ ________ _________ _________ _________ 
Round 1  |  A-B   |         |         |         |   
Round 2  |        |   A-C   |         |         |   
Round 3  |        |         |   A-D   |         |   
Round 4  |        |         |         |         |   
Round 5  |        |   B-D   |         |         |   
Round 6  |        |         |   B-C   |         |   
pairToPlace: C-D
 
*****VOLGENDE ITERATIE*****
pairs: [C-D] & pairsUsed: [A-B, A-C, A-D, B-C, B-D]
doubles: [A-B, A-C, A-D, B-C, B-D, C-D] & doublesUsed: []
currentGame: 2 & prevGame: [0, 1, 2, 2, 1]
currentRound: 6 & prevRound: [0, 1, 2, 5, 4]
TEMPBOARD: 
         | Game 1 |  Game 2 |  Game 3 |  Game 4 |  
_________ ________ _________ _________ _________ 
Round 1  |  A-B   |         |         |         |   
Round 2  |        |   A-C   |         |         |   
Round 3  |        |         |   A-D   |         |   
Round 4  |        |         |         |         |   
Round 5  |        |   B-D   |         |         |   
Round 6  |        |         |   B-C   |         |   
pairToPlace: C-D
 
*****VOLGENDE ITERATIE*****
pairs: [C-D] & pairsUsed: [A-B, A-C, A-D, B-C, B-D]
doubles: [A-B, A-C, A-D, B-C, B-D, C-D] & doublesUsed: []
currentGame: 3 & prevGame: [0, 1, 2, 2, 1]
currentRound: 0 & prevRound: [0, 1, 2, 5, 4]
TEMPBOARD: 
         | Game 1 |  Game 2 |  Game 3 |  Game 4 |  
_________ ________ _________ _________ _________ 
Round 1  |  A-B   |         |         |         |   
Round 2  |        |   A-C   |         |         |   
Round 3  |        |         |   A-D   |         |   
Round 4  |        |         |         |         |   
Round 5  |        |   B-D   |         |         |   
Round 6  |        |         |   B-C   |         |   
pairToPlace: C-D
 
*****VOLGENDE ITERATIE*****
pairs: [] & pairsUsed: [A-B, A-C, A-D, B-C, B-D, C-D]
doubles: [A-B, A-C, A-D, B-C, B-D, C-D] & doublesUsed: []
currentGame: 0 & prevGame: [0, 1, 2, 2, 1, 3]
currentRound: 0 & prevRound: [0, 1, 2, 5, 4, 0]
TEMPBOARD: 
         | Game 1 |  Game 2 |  Game 3 |  Game 4 |  
_________ ________ _________ _________ _________ 
Round 1  |  A-B   |         |         |   C-D   |   
Round 2  |        |   A-C   |         |         |   
Round 3  |        |         |   A-D   |         |   
Round 4  |        |         |         |         |   
Round 5  |        |   B-D   |         |         |   
Round 6  |        |         |   B-C   |         |   
pairToPlace: A-B
 
*****VOLGENDE ITERATIE*****
pairs: [] & pairsUsed: [A-B, A-C, A-D, B-C, B-D, C-D]
doubles: [A-B, A-C, A-D, B-C, B-D, C-D] & doublesUsed: []
currentGame: 0 & prevGame: [0, 1, 2, 2, 1, 3]
currentRound: 1 & prevRound: [0, 1, 2, 5, 4, 0]
TEMPBOARD: 
         | Game 1 |  Game 2 |  Game 3 |  Game 4 |  
_________ ________ _________ _________ _________ 
Round 1  |  A-B   |         |         |   C-D   |   
Round 2  |        |   A-C   |         |         |   
Round 3  |        |         |   A-D   |         |   
Round 4  |        |         |         |         |   
Round 5  |        |   B-D   |         |         |   
Round 6  |        |         |   B-C   |         |   
pairToPlace: A-B
 
*****VOLGENDE ITERATIE*****
pairs: [] & pairsUsed: [A-B, A-C, A-D, B-C, B-D, C-D]
doubles: [A-B, A-C, A-D, B-C, B-D, C-D] & doublesUsed: []
currentGame: 0 & prevGame: [0, 1, 2, 2, 1, 3]
currentRound: 2 & prevRound: [0, 1, 2, 5, 4, 0]
TEMPBOARD: 
         | Game 1 |  Game 2 |  Game 3 |  Game 4 |  
_________ ________ _________ _________ _________ 
Round 1  |  A-B   |         |         |   C-D   |   
Round 2  |        |   A-C   |         |         |   
Round 3  |        |         |   A-D   |         |   
Round 4  |        |         |         |         |   
Round 5  |        |   B-D   |         |         |   
Round 6  |        |         |   B-C   |         |   
pairToPlace: A-B
 
*****VOLGENDE ITERATIE*****
pairs: [] & pairsUsed: [A-B, A-C, A-D, B-C, B-D, C-D]
doubles: [A-B, A-C, A-D, B-C, B-D, C-D] & doublesUsed: []
currentGame: 0 & prevGame: [0, 1, 2, 2, 1, 3]
currentRound: 3 & prevRound: [0, 1, 2, 5, 4, 0]
TEMPBOARD: 
         | Game 1 |  Game 2 |  Game 3 |  Game 4 |  
_________ ________ _________ _________ _________ 
Round 1  |  A-B   |         |         |   C-D   |   
Round 2  |        |   A-C   |         |         |   
Round 3  |        |         |   A-D   |         |   
Round 4  |        |         |         |         |   
Round 5  |        |   B-D   |         |         |   
Round 6  |        |         |   B-C   |         |   
pairToPlace: A-B
 
*****VOLGENDE ITERATIE*****
pairs: [] & pairsUsed: [A-B, A-C, A-D, B-C, B-D, C-D]
doubles: [A-B, A-C, A-D, B-C, B-D, C-D] & doublesUsed: []
currentGame: 0 & prevGame: [0, 1, 2, 2, 1, 3]
currentRound: 4 & prevRound: [0, 1, 2, 5, 4, 0]
TEMPBOARD: 
         | Game 1 |  Game 2 |  Game 3 |  Game 4 |  
_________ ________ _________ _________ _________ 
Round 1  |  A-B   |         |         |   C-D   |   
Round 2  |        |   A-C   |         |         |   
Round 3  |        |         |   A-D   |         |   
Round 4  |        |         |         |         |   
Round 5  |        |   B-D   |         |         |   
Round 6  |        |         |   B-C   |         |   
pairToPlace: A-B
 
*****VOLGENDE ITERATIE*****
pairs: [] & pairsUsed: [A-B, A-C, A-D, B-C, B-D, C-D]
doubles: [A-B, A-C, A-D, B-C, B-D, C-D] & doublesUsed: []
currentGame: 0 & prevGame: [0, 1, 2, 2, 1, 3]
currentRound: 5 & prevRound: [0, 1, 2, 5, 4, 0]
TEMPBOARD: 
         | Game 1 |  Game 2 |  Game 3 |  Game 4 |  
_________ ________ _________ _________ _________ 
Round 1  |  A-B   |         |         |   C-D   |   
Round 2  |        |   A-C   |         |         |   
Round 3  |        |         |   A-D   |         |   
Round 4  |        |         |         |         |   
Round 5  |        |   B-D   |         |         |   
Round 6  |        |         |   B-C   |         |   
pairToPlace: A-B
 
*****VOLGENDE ITERATIE*****
pairs: [] & pairsUsed: [A-B, A-C, A-D, B-C, B-D, C-D]
doubles: [A-B, A-C, A-D, B-C, B-D, C-D] & doublesUsed: []
currentGame: 0 & prevGame: [0, 1, 2, 2, 1, 3]
currentRound: 6 & prevRound: [0, 1, 2, 5, 4, 0]
TEMPBOARD: 
         | Game 1 |  Game 2 |  Game 3 |  Game 4 |  
_________ ________ _________ _________ _________ 
Round 1  |  A-B   |         |         |   C-D   |   
Round 2  |        |   A-C   |         |         |   
Round 3  |        |         |   A-D   |         |   
Round 4  |        |         |         |         |   
Round 5  |        |   B-D   |         |         |   
Round 6  |        |         |   B-C   |         |   
pairToPlace: A-B
 
*****VOLGENDE ITERATIE*****
pairs: [] & pairsUsed: [A-B, A-C, A-D, B-C, B-D, C-D]
doubles: [A-B, A-C, A-D, B-C, B-D, C-D] & doublesUsed: []
currentGame: 1 & prevGame: [0, 1, 2, 2, 1, 3]
currentRound: 0 & prevRound: [0, 1, 2, 5, 4, 0]
TEMPBOARD: 
         | Game 1 |  Game 2 |  Game 3 |  Game 4 |  
_________ ________ _________ _________ _________ 
Round 1  |  A-B   |         |         |   C-D   |   
Round 2  |        |   A-C   |         |         |   
Round 3  |        |         |   A-D   |         |   
Round 4  |        |         |         |         |   
Round 5  |        |   B-D   |         |         |   
Round 6  |        |         |   B-C   |         |   
pairToPlace: A-B
 
*****VOLGENDE ITERATIE*****
pairs: [] & pairsUsed: [A-B, A-C, A-D, B-C, B-D, C-D]
doubles: [A-B, A-C, A-D, B-C, B-D, C-D] & doublesUsed: []
currentGame: 1 & prevGame: [0, 1, 2, 2, 1, 3]
currentRound: 1 & prevRound: [0, 1, 2, 5, 4, 0]
TEMPBOARD: 
         | Game 1 |  Game 2 |  Game 3 |  Game 4 |  
_________ ________ _________ _________ _________ 
Round 1  |  A-B   |         |         |   C-D   |   
Round 2  |        |   A-C   |         |         |   
Round 3  |        |         |   A-D   |         |   
Round 4  |        |         |         |         |   
Round 5  |        |   B-D   |         |         |   
Round 6  |        |         |   B-C   |         |   
pairToPlace: A-B
 
*****VOLGENDE ITERATIE*****
pairs: [] & pairsUsed: [A-B, A-C, A-D, B-C, B-D, C-D]
doubles: [A-B, A-C, A-D, B-C, B-D, C-D] & doublesUsed: []
currentGame: 1 & prevGame: [0, 1, 2, 2, 1, 3]
currentRound: 2 & prevRound: [0, 1, 2, 5, 4, 0]
TEMPBOARD: 
         | Game 1 |  Game 2 |  Game 3 |  Game 4 |  
_________ ________ _________ _________ _________ 
Round 1  |  A-B   |         |         |   C-D   |   
Round 2  |        |   A-C   |         |         |   
Round 3  |        |         |   A-D   |         |   
Round 4  |        |         |         |         |   
Round 5  |        |   B-D   |         |         |   
Round 6  |        |         |   B-C   |         |   
pairToPlace: A-B
 
*****VOLGENDE ITERATIE*****
pairs: [] & pairsUsed: [A-B, A-C, A-D, B-C, B-D, C-D]
doubles: [A-B, A-C, A-D, B-C, B-D, C-D] & doublesUsed: []
currentGame: 1 & prevGame: [0, 1, 2, 2, 1, 3]
currentRound: 3 & prevRound: [0, 1, 2, 5, 4, 0]
TEMPBOARD: 
         | Game 1 |  Game 2 |  Game 3 |  Game 4 |  
_________ ________ _________ _________ _________ 
Round 1  |  A-B   |         |         |   C-D   |   
Round 2  |        |   A-C   |         |         |   
Round 3  |        |         |   A-D   |         |   
Round 4  |        |         |         |         |   
Round 5  |        |   B-D   |         |         |   
Round 6  |        |         |   B-C   |         |   
pairToPlace: A-B
 
*****VOLGENDE ITERATIE*****
pairs: [] & pairsUsed: [A-B, A-C, A-D, B-C, B-D, C-D]
doubles: [A-B, A-C, A-D, B-C, B-D, C-D] & doublesUsed: []
currentGame: 1 & prevGame: [0, 1, 2, 2, 1, 3]
currentRound: 4 & prevRound: [0, 1, 2, 5, 4, 0]
TEMPBOARD: 
         | Game 1 |  Game 2 |  Game 3 |  Game 4 |  
_________ ________ _________ _________ _________ 
Round 1  |  A-B   |         |         |   C-D   |   
Round 2  |        |   A-C   |         |         |   
Round 3  |        |         |   A-D   |         |   
Round 4  |        |         |         |         |   
Round 5  |        |   B-D   |         |         |   
Round 6  |        |         |   B-C   |         |   
pairToPlace: A-B
 
*****VOLGENDE ITERATIE*****
pairs: [] & pairsUsed: [A-B, A-C, A-D, B-C, B-D, C-D]
doubles: [A-B, A-C, A-D, B-C, B-D, C-D] & doublesUsed: []
currentGame: 1 & prevGame: [0, 1, 2, 2, 1, 3]
currentRound: 5 & prevRound: [0, 1, 2, 5, 4, 0]
TEMPBOARD: 
         | Game 1 |  Game 2 |  Game 3 |  Game 4 |  
_________ ________ _________ _________ _________ 
Round 1  |  A-B   |         |         |   C-D   |   
Round 2  |        |   A-C   |         |         |   
Round 3  |        |         |   A-D   |         |   
Round 4  |        |         |         |         |   
Round 5  |        |   B-D   |         |         |   
Round 6  |        |         |   B-C   |         |   
pairToPlace: A-B
 
*****VOLGENDE ITERATIE*****
pairs: [] & pairsUsed: [A-B, A-C, A-D, B-C, B-D, C-D]
doubles: [A-B, A-C, A-D, B-C, B-D, C-D] & doublesUsed: []
currentGame: 1 & prevGame: [0, 1, 2, 2, 1, 3]
currentRound: 6 & prevRound: [0, 1, 2, 5, 4, 0]
TEMPBOARD: 
         | Game 1 |  Game 2 |  Game 3 |  Game 4 |  
_________ ________ _________ _________ _________ 
Round 1  |  A-B   |         |         |   C-D   |   
Round 2  |        |   A-C   |         |         |   
Round 3  |        |         |   A-D   |         |   
Round 4  |        |         |         |         |   
Round 5  |        |   B-D   |         |         |   
Round 6  |        |         |   B-C   |         |   
pairToPlace: A-B
 
*****VOLGENDE ITERATIE*****
pairs: [] & pairsUsed: [A-B, A-C, A-D, B-C, B-D, C-D]
doubles: [A-B, A-C, A-D, B-C, B-D, C-D] & doublesUsed: []
currentGame: 2 & prevGame: [0, 1, 2, 2, 1, 3]
currentRound: 0 & prevRound: [0, 1, 2, 5, 4, 0]
TEMPBOARD: 
         | Game 1 |  Game 2 |  Game 3 |  Game 4 |  
_________ ________ _________ _________ _________ 
Round 1  |  A-B   |         |         |   C-D   |   
Round 2  |        |   A-C   |         |         |   
Round 3  |        |         |   A-D   |         |   
Round 4  |        |         |         |         |   
Round 5  |        |   B-D   |         |         |   
Round 6  |        |         |   B-C   |         |   
pairToPlace: A-B
 
*****VOLGENDE ITERATIE*****
pairs: [] & pairsUsed: [A-B, A-C, A-D, B-C, B-D, C-D]
doubles: [A-B, A-C, A-D, B-C, B-D, C-D] & doublesUsed: []
currentGame: 2 & prevGame: [0, 1, 2, 2, 1, 3]
currentRound: 1 & prevRound: [0, 1, 2, 5, 4, 0]
TEMPBOARD: 
         | Game 1 |  Game 2 |  Game 3 |  Game 4 |  
_________ ________ _________ _________ _________ 
Round 1  |  A-B   |         |         |   C-D   |   
Round 2  |        |   A-C   |         |         |   
Round 3  |        |         |   A-D   |         |   
Round 4  |        |         |         |         |   
Round 5  |        |   B-D   |         |         |   
Round 6  |        |         |   B-C   |         |   
pairToPlace: A-B
 
*****VOLGENDE ITERATIE*****
pairs: [] & pairsUsed: [A-B, A-C, A-D, B-C, B-D, C-D]
doubles: [A-B, A-C, A-D, B-C, B-D, C-D] & doublesUsed: []
currentGame: 2 & prevGame: [0, 1, 2, 2, 1, 3]
currentRound: 2 & prevRound: [0, 1, 2, 5, 4, 0]
TEMPBOARD: 
         | Game 1 |  Game 2 |  Game 3 |  Game 4 |  
_________ ________ _________ _________ _________ 
Round 1  |  A-B   |         |         |   C-D   |   
Round 2  |        |   A-C   |         |         |   
Round 3  |        |         |   A-D   |         |   
Round 4  |        |         |         |         |   
Round 5  |        |   B-D   |         |         |   
Round 6  |        |         |   B-C   |         |   
pairToPlace: A-B
 
*****VOLGENDE ITERATIE*****
pairs: [] & pairsUsed: [A-B, A-C, A-D, B-C, B-D, C-D]
doubles: [A-B, A-C, A-D, B-C, B-D, C-D] & doublesUsed: []
currentGame: 2 & prevGame: [0, 1, 2, 2, 1, 3]
currentRound: 3 & prevRound: [0, 1, 2, 5, 4, 0]
TEMPBOARD: 
         | Game 1 |  Game 2 |  Game 3 |  Game 4 |  
_________ ________ _________ _________ _________ 
Round 1  |  A-B   |         |         |   C-D   |   
Round 2  |        |   A-C   |         |         |   
Round 3  |        |         |   A-D   |         |   
Round 4  |        |         |         |         |   
Round 5  |        |   B-D   |         |         |   
Round 6  |        |         |   B-C   |         |   
pairToPlace: A-B
 
*****VOLGENDE ITERATIE*****
pairs: [] & pairsUsed: [A-B, A-C, A-D, B-C, B-D, C-D]
doubles: [A-B, A-C, A-D, B-C, B-D, C-D] & doublesUsed: []
currentGame: 2 & prevGame: [0, 1, 2, 2, 1, 3]
currentRound: 4 & prevRound: [0, 1, 2, 5, 4, 0]
TEMPBOARD: 
         | Game 1 |  Game 2 |  Game 3 |  Game 4 |  
_________ ________ _________ _________ _________ 
Round 1  |  A-B   |         |         |   C-D   |   
Round 2  |        |   A-C   |         |         |   
Round 3  |        |         |   A-D   |         |   
Round 4  |        |         |         |         |   
Round 5  |        |   B-D   |         |         |   
Round 6  |        |         |   B-C   |         |   
pairToPlace: A-B
 
*****VOLGENDE ITERATIE*****
pairs: [] & pairsUsed: [A-B, A-C, A-D, B-C, B-D, C-D]
doubles: [A-B, A-C, A-D, B-C, B-D, C-D] & doublesUsed: []
currentGame: 2 & prevGame: [0, 1, 2, 2, 1, 3]
currentRound: 5 & prevRound: [0, 1, 2, 5, 4, 0]
TEMPBOARD: 
         | Game 1 |  Game 2 |  Game 3 |  Game 4 |  
_________ ________ _________ _________ _________ 
Round 1  |  A-B   |         |         |   C-D   |   
Round 2  |        |   A-C   |         |         |   
Round 3  |        |         |   A-D   |         |   
Round 4  |        |         |         |         |   
Round 5  |        |   B-D   |         |         |   
Round 6  |        |         |   B-C   |         |   
pairToPlace: A-B
 
*****VOLGENDE ITERATIE*****
pairs: [] & pairsUsed: [A-B, A-C, A-D, B-C, B-D, C-D]
doubles: [A-B, A-C, A-D, B-C, B-D, C-D] & doublesUsed: []
currentGame: 2 & prevGame: [0, 1, 2, 2, 1, 3]
currentRound: 6 & prevRound: [0, 1, 2, 5, 4, 0]
TEMPBOARD: 
         | Game 1 |  Game 2 |  Game 3 |  Game 4 |  
_________ ________ _________ _________ _________ 
Round 1  |  A-B   |         |         |   C-D   |   
Round 2  |        |   A-C   |         |         |   
Round 3  |        |         |   A-D   |         |   
Round 4  |        |         |         |         |   
Round 5  |        |   B-D   |         |         |   
Round 6  |        |         |   B-C   |         |   
pairToPlace: A-B
 
*****VOLGENDE ITERATIE*****
pairs: [] & pairsUsed: [A-B, A-C, A-D, B-C, B-D, C-D]
doubles: [A-B, A-C, A-D, B-C, B-D, C-D] & doublesUsed: []
currentGame: 3 & prevGame: [0, 1, 2, 2, 1, 3]
currentRound: 0 & prevRound: [0, 1, 2, 5, 4, 0]
TEMPBOARD: 
         | Game 1 |  Game 2 |  Game 3 |  Game 4 |  
_________ ________ _________ _________ _________ 
Round 1  |  A-B   |         |         |   C-D   |   
Round 2  |        |   A-C   |         |         |   
Round 3  |        |         |   A-D   |         |   
Round 4  |        |         |         |         |   
Round 5  |        |   B-D   |         |         |   
Round 6  |        |         |   B-C   |         |   
pairToPlace: A-B
 
*****VOLGENDE ITERATIE*****
pairs: [] & pairsUsed: [A-B, A-C, A-D, B-C, B-D, C-D]
doubles: [A-B, A-C, A-D, B-C, B-D, C-D] & doublesUsed: []
currentGame: 3 & prevGame: [0, 1, 2, 2, 1, 3]
currentRound: 1 & prevRound: [0, 1, 2, 5, 4, 0]
TEMPBOARD: 
         | Game 1 |  Game 2 |  Game 3 |  Game 4 |  
_________ ________ _________ _________ _________ 
Round 1  |  A-B   |         |         |   C-D   |   
Round 2  |        |   A-C   |         |         |   
Round 3  |        |         |   A-D   |         |   
Round 4  |        |         |         |         |   
Round 5  |        |   B-D   |         |         |   
Round 6  |        |         |   B-C   |         |   
pairToPlace: A-B
 
*****VOLGENDE ITERATIE*****
pairs: [] & pairsUsed: [A-B, A-C, A-D, B-C, B-D, C-D]
doubles: [A-B, A-C, A-D, B-C, B-D, C-D] & doublesUsed: []
currentGame: 3 & prevGame: [0, 1, 2, 2, 1, 3]
currentRound: 2 & prevRound: [0, 1, 2, 5, 4, 0]
TEMPBOARD: 
         | Game 1 |  Game 2 |  Game 3 |  Game 4 |  
_________ ________ _________ _________ _________ 
Round 1  |  A-B   |         |         |   C-D   |   
Round 2  |        |   A-C   |         |         |   
Round 3  |        |         |   A-D   |         |   
Round 4  |        |         |         |         |   
Round 5  |        |   B-D   |         |         |   
Round 6  |        |         |   B-C   |         |   
pairToPlace: A-B
 
*****VOLGENDE ITERATIE*****
pairs: [] & pairsUsed: [A-B, A-C, A-D, B-C, B-D, C-D]
doubles: [A-B, A-C, A-D, B-C, B-D, C-D] & doublesUsed: []
currentGame: 3 & prevGame: [0, 1, 2, 2, 1, 3]
currentRound: 3 & prevRound: [0, 1, 2, 5, 4, 0]
TEMPBOARD: 
         | Game 1 |  Game 2 |  Game 3 |  Game 4 |  
_________ ________ _________ _________ _________ 
Round 1  |  A-B   |         |         |   C-D   |   
Round 2  |        |   A-C   |         |         |   
Round 3  |        |         |   A-D   |         |   
Round 4  |        |         |         |         |   
Round 5  |        |   B-D   |         |         |   
Round 6  |        |         |   B-C   |         |   
pairToPlace: A-B
 
*****VOLGENDE ITERATIE*****
pairs: [] & pairsUsed: [A-B, A-C, A-D, B-C, B-D, C-D]
doubles: [A-C, A-D, B-C, B-D, C-D] & doublesUsed: [A-B]
currentGame: 0 & prevGame: [0, 1, 2, 2, 1, 3, 3]
currentRound: 0 & prevRound: [0, 1, 2, 5, 4, 0, 3]
TEMPBOARD: 
         | Game 1 |  Game 2 |  Game 3 |  Game 4 |  
_________ ________ _________ _________ _________ 
Round 1  |  A-B   |         |         |   C-D   |   
Round 2  |        |   A-C   |         |         |   
Round 3  |        |         |   A-D   |         |   
Round 4  |        |         |         |   A-B   |   
Round 5  |        |   B-D   |         |         |   
Round 6  |        |         |   B-C   |         |   
pairToPlace: A-C
 
*****VOLGENDE ITERATIE*****
pairs: [] & pairsUsed: [A-B, A-C, A-D, B-C, B-D, C-D]
doubles: [A-C, A-D, B-C, B-D, C-D] & doublesUsed: [A-B]
currentGame: 0 & prevGame: [0, 1, 2, 2, 1, 3, 3]
currentRound: 1 & prevRound: [0, 1, 2, 5, 4, 0, 3]
TEMPBOARD: 
         | Game 1 |  Game 2 |  Game 3 |  Game 4 |  
_________ ________ _________ _________ _________ 
Round 1  |  A-B   |         |         |   C-D   |   
Round 2  |        |   A-C   |         |         |   
Round 3  |        |         |   A-D   |         |   
Round 4  |        |         |         |   A-B   |   
Round 5  |        |   B-D   |         |         |   
Round 6  |        |         |   B-C   |         |   
pairToPlace: A-C
 
*****VOLGENDE ITERATIE*****
pairs: [] & pairsUsed: [A-B, A-C, A-D, B-C, B-D, C-D]
doubles: [A-C, A-D, B-C, B-D, C-D] & doublesUsed: [A-B]
currentGame: 0 & prevGame: [0, 1, 2, 2, 1, 3, 3]
currentRound: 2 & prevRound: [0, 1, 2, 5, 4, 0, 3]
TEMPBOARD: 
         | Game 1 |  Game 2 |  Game 3 |  Game 4 |  
_________ ________ _________ _________ _________ 
Round 1  |  A-B   |         |         |   C-D   |   
Round 2  |        |   A-C   |         |         |   
Round 3  |        |         |   A-D   |         |   
Round 4  |        |         |         |   A-B   |   
Round 5  |        |   B-D   |         |         |   
Round 6  |        |         |   B-C   |         |   
pairToPlace: A-C
 
*****VOLGENDE ITERATIE*****
pairs: [] & pairsUsed: [A-B, A-C, A-D, B-C, B-D, C-D]
doubles: [A-C, A-D, B-C, B-D, C-D] & doublesUsed: [A-B]
currentGame: 0 & prevGame: [0, 1, 2, 2, 1, 3, 3]
currentRound: 3 & prevRound: [0, 1, 2, 5, 4, 0, 3]
TEMPBOARD: 
         | Game 1 |  Game 2 |  Game 3 |  Game 4 |  
_________ ________ _________ _________ _________ 
Round 1  |  A-B   |         |         |   C-D   |   
Round 2  |        |   A-C   |         |         |   
Round 3  |        |         |   A-D   |         |   
Round 4  |        |         |         |   A-B   |   
Round 5  |        |   B-D   |         |         |   
Round 6  |        |         |   B-C   |         |   
pairToPlace: A-C
 
*****VOLGENDE ITERATIE*****
pairs: [] & pairsUsed: [A-B, A-C, A-D, B-C, B-D, C-D]
doubles: [A-C, A-D, B-C, B-D, C-D] & doublesUsed: [A-B]
currentGame: 0 & prevGame: [0, 1, 2, 2, 1, 3, 3]
currentRound: 4 & prevRound: [0, 1, 2, 5, 4, 0, 3]
TEMPBOARD: 
         | Game 1 |  Game 2 |  Game 3 |  Game 4 |  
_________ ________ _________ _________ _________ 
Round 1  |  A-B   |         |         |   C-D   |   
Round 2  |        |   A-C   |         |         |   
Round 3  |        |         |   A-D   |         |   
Round 4  |        |         |         |   A-B   |   
Round 5  |        |   B-D   |         |         |   
Round 6  |        |         |   B-C   |         |   
pairToPlace: A-C
 
*****VOLGENDE ITERATIE*****
pairs: [] & pairsUsed: [A-B, A-C, A-D, B-C, B-D, C-D]
doubles: [A-C, A-D, B-C, B-D, C-D] & doublesUsed: [A-B]
currentGame: 0 & prevGame: [0, 1, 2, 2, 1, 3, 3]
currentRound: 5 & prevRound: [0, 1, 2, 5, 4, 0, 3]
TEMPBOARD: 
         | Game 1 |  Game 2 |  Game 3 |  Game 4 |  
_________ ________ _________ _________ _________ 
Round 1  |  A-B   |         |         |   C-D   |   
Round 2  |        |   A-C   |         |         |   
Round 3  |        |         |   A-D   |         |   
Round 4  |        |         |         |   A-B   |   
Round 5  |        |   B-D   |         |         |   
Round 6  |        |         |   B-C   |         |   
pairToPlace: A-C
 
*****VOLGENDE ITERATIE*****
pairs: [] & pairsUsed: [A-B, A-C, A-D, B-C, B-D, C-D]
doubles: [A-C, A-D, B-C, B-D, C-D] & doublesUsed: [A-B]
currentGame: 0 & prevGame: [0, 1, 2, 2, 1, 3, 3]
currentRound: 6 & prevRound: [0, 1, 2, 5, 4, 0, 3]
TEMPBOARD: 
         | Game 1 |  Game 2 |  Game 3 |  Game 4 |  
_________ ________ _________ _________ _________ 
Round 1  |  A-B   |         |         |   C-D   |   
Round 2  |        |   A-C   |         |         |   
Round 3  |        |         |   A-D   |         |   
Round 4  |        |         |         |   A-B   |   
Round 5  |        |   B-D   |         |         |   
Round 6  |        |         |   B-C   |         |   
pairToPlace: A-C
 
*****VOLGENDE ITERATIE*****
pairs: [] & pairsUsed: [A-B, A-C, A-D, B-C, B-D, C-D]
doubles: [A-C, A-D, B-C, B-D, C-D] & doublesUsed: [A-B]
currentGame: 1 & prevGame: [0, 1, 2, 2, 1, 3, 3]
currentRound: 0 & prevRound: [0, 1, 2, 5, 4, 0, 3]
TEMPBOARD: 
         | Game 1 |  Game 2 |  Game 3 |  Game 4 |  
_________ ________ _________ _________ _________ 
Round 1  |  A-B   |         |         |   C-D   |   
Round 2  |        |   A-C   |         |         |   
Round 3  |        |         |   A-D   |         |   
Round 4  |        |         |         |   A-B   |   
Round 5  |        |   B-D   |         |         |   
Round 6  |        |         |   B-C   |         |   
pairToPlace: A-C
 
*****VOLGENDE ITERATIE*****
pairs: [] & pairsUsed: [A-B, A-C, A-D, B-C, B-D, C-D]
doubles: [A-C, A-D, B-C, B-D, C-D] & doublesUsed: [A-B]
currentGame: 1 & prevGame: [0, 1, 2, 2, 1, 3, 3]
currentRound: 1 & prevRound: [0, 1, 2, 5, 4, 0, 3]
TEMPBOARD: 
         | Game 1 |  Game 2 |  Game 3 |  Game 4 |  
_________ ________ _________ _________ _________ 
Round 1  |  A-B   |         |         |   C-D   |   
Round 2  |        |   A-C   |         |         |   
Round 3  |        |         |   A-D   |         |   
Round 4  |        |         |         |   A-B   |   
Round 5  |        |   B-D   |         |         |   
Round 6  |        |         |   B-C   |         |   
pairToPlace: A-C
 
*****VOLGENDE ITERATIE*****
pairs: [] & pairsUsed: [A-B, A-C, A-D, B-C, B-D, C-D]
doubles: [A-C, A-D, B-C, B-D, C-D] & doublesUsed: [A-B]
currentGame: 1 & prevGame: [0, 1, 2, 2, 1, 3, 3]
currentRound: 2 & prevRound: [0, 1, 2, 5, 4, 0, 3]
TEMPBOARD: 
         | Game 1 |  Game 2 |  Game 3 |  Game 4 |  
_________ ________ _________ _________ _________ 
Round 1  |  A-B   |         |         |   C-D   |   
Round 2  |        |   A-C   |         |         |   
Round 3  |        |         |   A-D   |         |   
Round 4  |        |         |         |   A-B   |   
Round 5  |        |   B-D   |         |         |   
Round 6  |        |         |   B-C   |         |   
pairToPlace: A-C
 
*****VOLGENDE ITERATIE*****
pairs: [] & pairsUsed: [A-B, A-C, A-D, B-C, B-D, C-D]
doubles: [A-C, A-D, B-C, B-D, C-D] & doublesUsed: [A-B]
currentGame: 1 & prevGame: [0, 1, 2, 2, 1, 3, 3]
currentRound: 3 & prevRound: [0, 1, 2, 5, 4, 0, 3]
TEMPBOARD: 
         | Game 1 |  Game 2 |  Game 3 |  Game 4 |  
_________ ________ _________ _________ _________ 
Round 1  |  A-B   |         |         |   C-D   |   
Round 2  |        |   A-C   |         |         |   
Round 3  |        |         |   A-D   |         |   
Round 4  |        |         |         |   A-B   |   
Round 5  |        |   B-D   |         |         |   
Round 6  |        |         |   B-C   |         |   
pairToPlace: A-C
 
*****VOLGENDE ITERATIE*****
pairs: [] & pairsUsed: [A-B, A-C, A-D, B-C, B-D, C-D]
doubles: [A-C, A-D, B-C, B-D, C-D] & doublesUsed: [A-B]
currentGame: 1 & prevGame: [0, 1, 2, 2, 1, 3, 3]
currentRound: 4 & prevRound: [0, 1, 2, 5, 4, 0, 3]
TEMPBOARD: 
         | Game 1 |  Game 2 |  Game 3 |  Game 4 |  
_________ ________ _________ _________ _________ 
Round 1  |  A-B   |         |         |   C-D   |   
Round 2  |        |   A-C   |         |         |   
Round 3  |        |         |   A-D   |         |   
Round 4  |        |         |         |   A-B   |   
Round 5  |        |   B-D   |         |         |   
Round 6  |        |         |   B-C   |         |   
pairToPlace: A-C
 
*****VOLGENDE ITERATIE*****
pairs: [] & pairsUsed: [A-B, A-C, A-D, B-C, B-D, C-D]
doubles: [A-C, A-D, B-C, B-D, C-D] & doublesUsed: [A-B]
currentGame: 1 & prevGame: [0, 1, 2, 2, 1, 3, 3]
currentRound: 5 & prevRound: [0, 1, 2, 5, 4, 0, 3]
TEMPBOARD: 
         | Game 1 |  Game 2 |  Game 3 |  Game 4 |  
_________ ________ _________ _________ _________ 
Round 1  |  A-B   |         |         |   C-D   |   
Round 2  |        |   A-C   |         |         |   
Round 3  |        |         |   A-D   |         |   
Round 4  |        |         |         |   A-B   |   
Round 5  |        |   B-D   |         |         |   
Round 6  |        |         |   B-C   |         |   
pairToPlace: A-C
 
*****VOLGENDE ITERATIE*****
pairs: [] & pairsUsed: [A-B, A-C, A-D, B-C, B-D, C-D]
doubles: [A-C, A-D, B-C, B-D, C-D] & doublesUsed: [A-B]
currentGame: 1 & prevGame: [0, 1, 2, 2, 1, 3, 3]
currentRound: 6 & prevRound: [0, 1, 2, 5, 4, 0, 3]
TEMPBOARD: 
         | Game 1 |  Game 2 |  Game 3 |  Game 4 |  
_________ ________ _________ _________ _________ 
Round 1  |  A-B   |         |         |   C-D   |   
Round 2  |        |   A-C   |         |         |   
Round 3  |        |         |   A-D   |         |   
Round 4  |        |         |         |   A-B   |   
Round 5  |        |   B-D   |         |         |   
Round 6  |        |         |   B-C   |         |   
pairToPlace: A-C
 
*****VOLGENDE ITERATIE*****
pairs: [] & pairsUsed: [A-B, A-C, A-D, B-C, B-D, C-D]
doubles: [A-C, A-D, B-C, B-D, C-D] & doublesUsed: [A-B]
currentGame: 2 & prevGame: [0, 1, 2, 2, 1, 3, 3]
currentRound: 0 & prevRound: [0, 1, 2, 5, 4, 0, 3]
TEMPBOARD: 
         | Game 1 |  Game 2 |  Game 3 |  Game 4 |  
_________ ________ _________ _________ _________ 
Round 1  |  A-B   |         |         |   C-D   |   
Round 2  |        |   A-C   |         |         |   
Round 3  |        |         |   A-D   |         |   
Round 4  |        |         |         |   A-B   |   
Round 5  |        |   B-D   |         |         |   
Round 6  |        |         |   B-C   |         |   
pairToPlace: A-C
 
*****VOLGENDE ITERATIE*****
pairs: [] & pairsUsed: [A-B, A-C, A-D, B-C, B-D, C-D]
doubles: [A-C, A-D, B-C, B-D, C-D] & doublesUsed: [A-B]
currentGame: 2 & prevGame: [0, 1, 2, 2, 1, 3, 3]
currentRound: 1 & prevRound: [0, 1, 2, 5, 4, 0, 3]
TEMPBOARD: 
         | Game 1 |  Game 2 |  Game 3 |  Game 4 |  
_________ ________ _________ _________ _________ 
Round 1  |  A-B   |         |         |   C-D   |   
Round 2  |        |   A-C   |         |         |   
Round 3  |        |         |   A-D   |         |   
Round 4  |        |         |         |   A-B   |   
Round 5  |        |   B-D   |         |         |   
Round 6  |        |         |   B-C   |         |   
pairToPlace: A-C
 
*****VOLGENDE ITERATIE*****
pairs: [] & pairsUsed: [A-B, A-C, A-D, B-C, B-D, C-D]
doubles: [A-C, A-D, B-C, B-D, C-D] & doublesUsed: [A-B]
currentGame: 2 & prevGame: [0, 1, 2, 2, 1, 3, 3]
currentRound: 2 & prevRound: [0, 1, 2, 5, 4, 0, 3]
TEMPBOARD: 
         | Game 1 |  Game 2 |  Game 3 |  Game 4 |  
_________ ________ _________ _________ _________ 
Round 1  |  A-B   |         |         |   C-D   |   
Round 2  |        |   A-C   |         |         |   
Round 3  |        |         |   A-D   |         |   
Round 4  |        |         |         |   A-B   |   
Round 5  |        |   B-D   |         |         |   
Round 6  |        |         |   B-C   |         |   
pairToPlace: A-C
 
*****VOLGENDE ITERATIE*****
pairs: [] & pairsUsed: [A-B, A-C, A-D, B-C, B-D, C-D]
doubles: [A-C, A-D, B-C, B-D, C-D] & doublesUsed: [A-B]
currentGame: 2 & prevGame: [0, 1, 2, 2, 1, 3, 3]
currentRound: 3 & prevRound: [0, 1, 2, 5, 4, 0, 3]
TEMPBOARD: 
         | Game 1 |  Game 2 |  Game 3 |  Game 4 |  
_________ ________ _________ _________ _________ 
Round 1  |  A-B   |         |         |   C-D   |   
Round 2  |        |   A-C   |         |         |   
Round 3  |        |         |   A-D   |         |   
Round 4  |        |         |         |   A-B   |   
Round 5  |        |   B-D   |         |         |   
Round 6  |        |         |   B-C   |         |   
pairToPlace: A-C
 
*****VOLGENDE ITERATIE*****
pairs: [] & pairsUsed: [A-B, A-C, A-D, B-C, B-D, C-D]
doubles: [A-C, A-D, B-C, B-D, C-D] & doublesUsed: [A-B]
currentGame: 2 & prevGame: [0, 1, 2, 2, 1, 3, 3]
currentRound: 4 & prevRound: [0, 1, 2, 5, 4, 0, 3]
TEMPBOARD: 
         | Game 1 |  Game 2 |  Game 3 |  Game 4 |  
_________ ________ _________ _________ _________ 
Round 1  |  A-B   |         |         |   C-D   |   
Round 2  |        |   A-C   |         |         |   
Round 3  |        |         |   A-D   |         |   
Round 4  |        |         |         |   A-B   |   
Round 5  |        |   B-D   |         |         |   
Round 6  |        |         |   B-C   |         |   
pairToPlace: A-C
 
*****VOLGENDE ITERATIE*****
pairs: [] & pairsUsed: [A-B, A-C, A-D, B-C, B-D, C-D]
doubles: [A-C, A-D, B-C, B-D, C-D] & doublesUsed: [A-B]
currentGame: 2 & prevGame: [0, 1, 2, 2, 1, 3, 3]
currentRound: 5 & prevRound: [0, 1, 2, 5, 4, 0, 3]
TEMPBOARD: 
         | Game 1 |  Game 2 |  Game 3 |  Game 4 |  
_________ ________ _________ _________ _________ 
Round 1  |  A-B   |         |         |   C-D   |   
Round 2  |        |   A-C   |         |         |   
Round 3  |        |         |   A-D   |         |   
Round 4  |        |         |         |   A-B   |   
Round 5  |        |   B-D   |         |         |   
Round 6  |        |         |   B-C   |         |   
pairToPlace: A-C
 
*****VOLGENDE ITERATIE*****
pairs: [] & pairsUsed: [A-B, A-C, A-D, B-C, B-D, C-D]
doubles: [A-C, A-D, B-C, B-D, C-D] & doublesUsed: [A-B]
currentGame: 2 & prevGame: [0, 1, 2, 2, 1, 3, 3]
currentRound: 6 & prevRound: [0, 1, 2, 5, 4, 0, 3]
TEMPBOARD: 
         | Game 1 |  Game 2 |  Game 3 |  Game 4 |  
_________ ________ _________ _________ _________ 
Round 1  |  A-B   |         |         |   C-D   |   
Round 2  |        |   A-C   |         |         |   
Round 3  |        |         |   A-D   |         |   
Round 4  |        |         |         |   A-B   |   
Round 5  |        |   B-D   |         |         |   
Round 6  |        |         |   B-C   |         |   
pairToPlace: A-C
 
*****VOLGENDE ITERATIE*****
pairs: [] & pairsUsed: [A-B, A-C, A-D, B-C, B-D, C-D]
doubles: [A-C, A-D, B-C, B-D, C-D] & doublesUsed: [A-B]
currentGame: 3 & prevGame: [0, 1, 2, 2, 1, 3, 3]
currentRound: 0 & prevRound: [0, 1, 2, 5, 4, 0, 3]
TEMPBOARD: 
         | Game 1 |  Game 2 |  Game 3 |  Game 4 |  
_________ ________ _________ _________ _________ 
Round 1  |  A-B   |         |         |   C-D   |   
Round 2  |        |   A-C   |         |         |   
Round 3  |        |         |   A-D   |         |   
Round 4  |        |         |         |   A-B   |   
Round 5  |        |   B-D   |         |         |   
Round 6  |        |         |   B-C   |         |   
pairToPlace: A-C
 
*****VOLGENDE ITERATIE*****
pairs: [] & pairsUsed: [A-B, A-C, A-D, B-C, B-D, C-D]
doubles: [A-C, A-D, B-C, B-D, C-D] & doublesUsed: [A-B]
currentGame: 3 & prevGame: [0, 1, 2, 2, 1, 3, 3]
currentRound: 1 & prevRound: [0, 1, 2, 5, 4, 0, 3]
TEMPBOARD: 
         | Game 1 |  Game 2 |  Game 3 |  Game 4 |  
_________ ________ _________ _________ _________ 
Round 1  |  A-B   |         |         |   C-D   |   
Round 2  |        |   A-C   |         |         |   
Round 3  |        |         |   A-D   |         |   
Round 4  |        |         |         |   A-B   |   
Round 5  |        |   B-D   |         |         |   
Round 6  |        |         |   B-C   |         |   
pairToPlace: A-C
 
*****VOLGENDE ITERATIE*****
pairs: [] & pairsUsed: [A-B, A-C, A-D, B-C, B-D, C-D]
doubles: [A-C, A-D, B-C, B-D, C-D] & doublesUsed: [A-B]
currentGame: 3 & prevGame: [0, 1, 2, 2, 1, 3, 3]
currentRound: 2 & prevRound: [0, 1, 2, 5, 4, 0, 3]
TEMPBOARD: 
         | Game 1 |  Game 2 |  Game 3 |  Game 4 |  
_________ ________ _________ _________ _________ 
Round 1  |  A-B   |         |         |   C-D   |   
Round 2  |        |   A-C   |         |         |   
Round 3  |        |         |   A-D   |         |   
Round 4  |        |         |         |   A-B   |   
Round 5  |        |   B-D   |         |         |   
Round 6  |        |         |   B-C   |         |   
pairToPlace: A-C
 
*****VOLGENDE ITERATIE*****
pairs: [] & pairsUsed: [A-B, A-C, A-D, B-C, B-D, C-D]
doubles: [A-C, A-D, B-C, B-D, C-D] & doublesUsed: [A-B]
currentGame: 3 & prevGame: [0, 1, 2, 2, 1, 3, 3]
currentRound: 3 & prevRound: [0, 1, 2, 5, 4, 0, 3]
TEMPBOARD: 
         | Game 1 |  Game 2 |  Game 3 |  Game 4 |  
_________ ________ _________ _________ _________ 
Round 1  |  A-B   |         |         |   C-D   |   
Round 2  |        |   A-C   |         |         |   
Round 3  |        |         |   A-D   |         |   
Round 4  |        |         |         |   A-B   |   
Round 5  |        |   B-D   |         |         |   
Round 6  |        |         |   B-C   |         |   
pairToPlace: A-C
 
*****VOLGENDE ITERATIE*****
pairs: [] & pairsUsed: [A-B, A-C, A-D, B-C, B-D, C-D]
doubles: [A-C, A-D, B-C, B-D, C-D] & doublesUsed: [A-B]
currentGame: 3 & prevGame: [0, 1, 2, 2, 1, 3, 3]
currentRound: 4 & prevRound: [0, 1, 2, 5, 4, 0, 3]
TEMPBOARD: 
         | Game 1 |  Game 2 |  Game 3 |  Game 4 |  
_________ ________ _________ _________ _________ 
Round 1  |  A-B   |         |         |   C-D   |   
Round 2  |        |   A-C   |         |         |   
Round 3  |        |         |   A-D   |         |   
Round 4  |        |         |         |   A-B   |   
Round 5  |        |   B-D   |         |         |   
Round 6  |        |         |   B-C   |         |   
pairToPlace: A-C
 
*****VOLGENDE ITERATIE*****
pairs: [] & pairsUsed: [A-B, A-C, A-D, B-C, B-D, C-D]
doubles: [A-C, A-D, B-C, B-D, C-D] & doublesUsed: [A-B]
currentGame: 3 & prevGame: [0, 1, 2, 2, 1, 3, 3]
currentRound: 5 & prevRound: [0, 1, 2, 5, 4, 0, 3]
TEMPBOARD: 
         | Game 1 |  Game 2 |  Game 3 |  Game 4 |  
_________ ________ _________ _________ _________ 
Round 1  |  A-B   |         |         |   C-D   |   
Round 2  |        |   A-C   |         |         |   
Round 3  |        |         |   A-D   |         |   
Round 4  |        |         |         |   A-B   |   
Round 5  |        |   B-D   |         |         |   
Round 6  |        |         |   B-C   |         |   
pairToPlace: A-C
 
*****VOLGENDE ITERATIE*****
pairs: [] & pairsUsed: [A-B, A-C, A-D, B-C, B-D, C-D]
doubles: [A-C, A-D, B-C, B-D, C-D] & doublesUsed: [A-B]
currentGame: 3 & prevGame: [0, 1, 2, 2, 1, 3, 3]
currentRound: 6 & prevRound: [0, 1, 2, 5, 4, 0, 3]
TEMPBOARD: 
         | Game 1 |  Game 2 |  Game 3 |  Game 4 |  
_________ ________ _________ _________ _________ 
Round 1  |  A-B   |         |         |   C-D   |   
Round 2  |        |   A-C   |         |         |   
Round 3  |        |         |   A-D   |         |   
Round 4  |        |         |         |   A-B   |   
Round 5  |        |   B-D   |         |         |   
Round 6  |        |         |   B-C   |         |   
pairToPlace: A-C
 
*****VOLGENDE ITERATIE*****
pairs: [] & pairsUsed: [A-B, A-C, A-D, B-C, B-D, C-D]
doubles: [A-C, A-D, B-C, B-D, C-D] & doublesUsed: [A-B]
currentGame: 4 & prevGame: [0, 1, 2, 2, 1, 3, 3]
currentRound: 0 & prevRound: [0, 1, 2, 5, 4, 0, 3]
TEMPBOARD: 
         | Game 1 |  Game 2 |  Game 3 |  Game 4 |  
_________ ________ _________ _________ _________ 
Round 1  |  A-B   |         |         |   C-D   |   
Round 2  |        |   A-C   |         |         |   
Round 3  |        |         |   A-D   |         |   
Round 4  |        |         |         |   A-B   |   
Round 5  |        |   B-D   |         |         |   
Round 6  |        |         |   B-C   |         |   
pairToPlace: A-C
 
*****VOLGENDE ITERATIE*****
pairs: [] & pairsUsed: [A-B, A-C, A-D, B-C, B-D, C-D]
doubles: [A-B, A-C, A-D, B-C, B-D, C-D] & doublesUsed: []
currentGame: 3 & prevGame: [0, 1, 2, 2, 1, 3]
currentRound: 4 & prevRound: [0, 1, 2, 5, 4, 0]
TEMPBOARD: 
         | Game 1 |  Game 2 |  Game 3 |  Game 4 |  
_________ ________ _________ _________ _________ 
Round 1  |  A-B   |         |         |   C-D   |   
Round 2  |        |   A-C   |         |         |   
Round 3  |        |         |   A-D   |         |   
Round 4  |        |         |         |         |   
Round 5  |        |   B-D   |         |         |   
Round 6  |        |         |   B-C   |         |   
pairToPlace: A-B
 
*****VOLGENDE ITERATIE*****
pairs: [] & pairsUsed: [A-B, A-C, A-D, B-C, B-D, C-D]
doubles: [A-B, A-C, A-D, B-C, B-D, C-D] & doublesUsed: []
currentGame: 3 & prevGame: [0, 1, 2, 2, 1, 3]
currentRound: 5 & prevRound: [0, 1, 2, 5, 4, 0]
TEMPBOARD: 
         | Game 1 |  Game 2 |  Game 3 |  Game 4 |  
_________ ________ _________ _________ _________ 
Round 1  |  A-B   |         |         |   C-D   |   
Round 2  |        |   A-C   |         |         |   
Round 3  |        |         |   A-D   |         |   
Round 4  |        |         |         |         |   
Round 5  |        |   B-D   |         |         |   
Round 6  |        |         |   B-C   |         |   
pairToPlace: A-B
 
*****VOLGENDE ITERATIE*****
pairs: [] & pairsUsed: [A-B, A-C, A-D, B-C, B-D, C-D]
doubles: [A-B, A-C, A-D, B-C, B-D, C-D] & doublesUsed: []
currentGame: 3 & prevGame: [0, 1, 2, 2, 1, 3]
currentRound: 6 & prevRound: [0, 1, 2, 5, 4, 0]
TEMPBOARD: 
         | Game 1 |  Game 2 |  Game 3 |  Game 4 |  
_________ ________ _________ _________ _________ 
Round 1  |  A-B   |         |         |   C-D   |   
Round 2  |        |   A-C   |         |         |   
Round 3  |        |         |   A-D   |         |   
Round 4  |        |         |         |         |   
Round 5  |        |   B-D   |         |         |   
Round 6  |        |         |   B-C   |         |   
pairToPlace: A-B
 
*****VOLGENDE ITERATIE*****
pairs: [] & pairsUsed: [A-B, A-C, A-D, B-C, B-D, C-D]
doubles: [A-B, A-C, A-D, B-C, B-D, C-D] & doublesUsed: []
currentGame: 4 & prevGame: [0, 1, 2, 2, 1, 3]
currentRound: 0 & prevRound: [0, 1, 2, 5, 4, 0]
TEMPBOARD: 
         | Game 1 |  Game 2 |  Game 3 |  Game 4 |  
_________ ________ _________ _________ _________ 
Round 1  |  A-B   |         |         |   C-D   |   
Round 2  |        |   A-C   |         |         |   
Round 3  |        |         |   A-D   |         |   
Round 4  |        |         |         |         |   
Round 5  |        |   B-D   |         |         |   
Round 6  |        |         |   B-C   |         |   
pairToPlace: A-B
 
*****VOLGENDE ITERATIE*****
pairs: [C-D] & pairsUsed: [A-B, A-C, A-D, B-C, B-D]
doubles: [A-B, A-C, A-D, B-C, B-D, C-D] & doublesUsed: []
currentGame: 3 & prevGame: [0, 1, 2, 2, 1]
currentRound: 1 & prevRound: [0, 1, 2, 5, 4]
TEMPBOARD: 
         | Game 1 |  Game 2 |  Game 3 |  Game 4 |  
_________ ________ _________ _________ _________ 
Round 1  |  A-B   |         |         |         |   
Round 2  |        |   A-C   |         |         |   
Round 3  |        |         |   A-D   |         |   
Round 4  |        |         |         |         |   
Round 5  |        |   B-D   |         |         |   
Round 6  |        |         |   B-C   |         |   
pairToPlace: C-D
 
*****VOLGENDE ITERATIE*****
pairs: [C-D] & pairsUsed: [A-B, A-C, A-D, B-C, B-D]
doubles: [A-B, A-C, A-D, B-C, B-D, C-D] & doublesUsed: []
currentGame: 3 & prevGame: [0, 1, 2, 2, 1]
currentRound: 2 & prevRound: [0, 1, 2, 5, 4]
TEMPBOARD: 
         | Game 1 |  Game 2 |  Game 3 |  Game 4 |  
_________ ________ _________ _________ _________ 
Round 1  |  A-B   |         |         |         |   
Round 2  |        |   A-C   |         |         |   
Round 3  |        |         |   A-D   |         |   
Round 4  |        |         |         |         |   
Round 5  |        |   B-D   |         |         |   
Round 6  |        |         |   B-C   |         |   
pairToPlace: C-D
 
*****VOLGENDE ITERATIE*****
pairs: [C-D] & pairsUsed: [A-B, A-C, A-D, B-C, B-D]
doubles: [A-B, A-C, A-D, B-C, B-D, C-D] & doublesUsed: []
currentGame: 3 & prevGame: [0, 1, 2, 2, 1]
currentRound: 3 & prevRound: [0, 1, 2, 5, 4]
TEMPBOARD: 
         | Game 1 |  Game 2 |  Game 3 |  Game 4 |  
_________ ________ _________ _________ _________ 
Round 1  |  A-B   |         |         |         |   
Round 2  |        |   A-C   |         |         |   
Round 3  |        |         |   A-D   |         |   
Round 4  |        |         |         |         |   
Round 5  |        |   B-D   |         |         |   
Round 6  |        |         |   B-C   |         |   
pairToPlace: C-D
 
*****VOLGENDE ITERATIE*****
pairs: [] & pairsUsed: [A-B, A-C, A-D, B-C, B-D, C-D]
doubles: [A-B, A-C, A-D, B-C, B-D, C-D] & doublesUsed: []
currentGame: 0 & prevGame: [0, 1, 2, 2, 1, 3]
currentRound: 0 & prevRound: [0, 1, 2, 5, 4, 3]
TEMPBOARD: 
         | Game 1 |  Game 2 |  Game 3 |  Game 4 |  
_________ ________ _________ _________ _________ 
Round 1  |  A-B   |         |         |         |   
Round 2  |        |   A-C   |         |         |   
Round 3  |        |         |   A-D   |         |   
Round 4  |        |         |         |   C-D   |   
Round 5  |        |   B-D   |         |         |   
Round 6  |        |         |   B-C   |         |   
pairToPlace: A-B
 
*****VOLGENDE ITERATIE*****
pairs: [] & pairsUsed: [A-B, A-C, A-D, B-C, B-D, C-D]
doubles: [A-B, A-C, A-D, B-C, B-D, C-D] & doublesUsed: []
currentGame: 0 & prevGame: [0, 1, 2, 2, 1, 3]
currentRound: 1 & prevRound: [0, 1, 2, 5, 4, 3]
TEMPBOARD: 
         | Game 1 |  Game 2 |  Game 3 |  Game 4 |  
_________ ________ _________ _________ _________ 
Round 1  |  A-B   |         |         |         |   
Round 2  |        |   A-C   |         |         |   
Round 3  |        |         |   A-D   |         |   
Round 4  |        |         |         |   C-D   |   
Round 5  |        |   B-D   |         |         |   
Round 6  |        |         |   B-C   |         |   
pairToPlace: A-B
 
*****VOLGENDE ITERATIE*****
pairs: [] & pairsUsed: [A-B, A-C, A-D, B-C, B-D, C-D]
doubles: [A-B, A-C, A-D, B-C, B-D, C-D] & doublesUsed: []
currentGame: 0 & prevGame: [0, 1, 2, 2, 1, 3]
currentRound: 2 & prevRound: [0, 1, 2, 5, 4, 3]
TEMPBOARD: 
         | Game 1 |  Game 2 |  Game 3 |  Game 4 |  
_________ ________ _________ _________ _________ 
Round 1  |  A-B   |         |         |         |   
Round 2  |        |   A-C   |         |         |   
Round 3  |        |         |   A-D   |         |   
Round 4  |        |         |         |   C-D   |   
Round 5  |        |   B-D   |         |         |   
Round 6  |        |         |   B-C   |         |   
pairToPlace: A-B
 
*****VOLGENDE ITERATIE*****
pairs: [] & pairsUsed: [A-B, A-C, A-D, B-C, B-D, C-D]
doubles: [A-B, A-C, A-D, B-C, B-D, C-D] & doublesUsed: []
currentGame: 0 & prevGame: [0, 1, 2, 2, 1, 3]
currentRound: 3 & prevRound: [0, 1, 2, 5, 4, 3]
TEMPBOARD: 
         | Game 1 |  Game 2 |  Game 3 |  Game 4 |  
_________ ________ _________ _________ _________ 
Round 1  |  A-B   |         |         |         |   
Round 2  |        |   A-C   |         |         |   
Round 3  |        |         |   A-D   |         |   
Round 4  |        |         |         |   C-D   |   
Round 5  |        |   B-D   |         |         |   
Round 6  |        |         |   B-C   |         |   
pairToPlace: A-B
 
*****VOLGENDE ITERATIE*****
pairs: [] & pairsUsed: [A-B, A-C, A-D, B-C, B-D, C-D]
doubles: [A-B, A-C, A-D, B-C, B-D, C-D] & doublesUsed: []
currentGame: 0 & prevGame: [0, 1, 2, 2, 1, 3]
currentRound: 4 & prevRound: [0, 1, 2, 5, 4, 3]
TEMPBOARD: 
         | Game 1 |  Game 2 |  Game 3 |  Game 4 |  
_________ ________ _________ _________ _________ 
Round 1  |  A-B   |         |         |         |   
Round 2  |        |   A-C   |         |         |   
Round 3  |        |         |   A-D   |         |   
Round 4  |        |         |         |   C-D   |   
Round 5  |        |   B-D   |         |         |   
Round 6  |        |         |   B-C   |         |   
pairToPlace: A-B
 
*****VOLGENDE ITERATIE*****
pairs: [] & pairsUsed: [A-B, A-C, A-D, B-C, B-D, C-D]
doubles: [A-B, A-C, A-D, B-C, B-D, C-D] & doublesUsed: []
currentGame: 0 & prevGame: [0, 1, 2, 2, 1, 3]
currentRound: 5 & prevRound: [0, 1, 2, 5, 4, 3]
TEMPBOARD: 
         | Game 1 |  Game 2 |  Game 3 |  Game 4 |  
_________ ________ _________ _________ _________ 
Round 1  |  A-B   |         |         |         |   
Round 2  |        |   A-C   |         |         |   
Round 3  |        |         |   A-D   |         |   
Round 4  |        |         |         |   C-D   |   
Round 5  |        |   B-D   |         |         |   
Round 6  |        |         |   B-C   |         |   
pairToPlace: A-B
 
*****VOLGENDE ITERATIE*****
pairs: [] & pairsUsed: [A-B, A-C, A-D, B-C, B-D, C-D]
doubles: [A-B, A-C, A-D, B-C, B-D, C-D] & doublesUsed: []
currentGame: 0 & prevGame: [0, 1, 2, 2, 1, 3]
currentRound: 6 & prevRound: [0, 1, 2, 5, 4, 3]
TEMPBOARD: 
         | Game 1 |  Game 2 |  Game 3 |  Game 4 |  
_________ ________ _________ _________ _________ 
Round 1  |  A-B   |         |         |         |   
Round 2  |        |   A-C   |         |         |   
Round 3  |        |         |   A-D   |         |   
Round 4  |        |         |         |   C-D   |   
Round 5  |        |   B-D   |         |         |   
Round 6  |        |         |   B-C   |         |   
pairToPlace: A-B
 
*****VOLGENDE ITERATIE*****
pairs: [] & pairsUsed: [A-B, A-C, A-D, B-C, B-D, C-D]
doubles: [A-B, A-C, A-D, B-C, B-D, C-D] & doublesUsed: []
currentGame: 1 & prevGame: [0, 1, 2, 2, 1, 3]
currentRound: 0 & prevRound: [0, 1, 2, 5, 4, 3]
TEMPBOARD: 
         | Game 1 |  Game 2 |  Game 3 |  Game 4 |  
_________ ________ _________ _________ _________ 
Round 1  |  A-B   |         |         |         |   
Round 2  |        |   A-C   |         |         |   
Round 3  |        |         |   A-D   |         |   
Round 4  |        |         |         |   C-D   |   
Round 5  |        |   B-D   |         |         |   
Round 6  |        |         |   B-C   |         |   
pairToPlace: A-B
 
*****VOLGENDE ITERATIE*****
pairs: [] & pairsUsed: [A-B, A-C, A-D, B-C, B-D, C-D]
doubles: [A-B, A-C, A-D, B-C, B-D, C-D] & doublesUsed: []
currentGame: 1 & prevGame: [0, 1, 2, 2, 1, 3]
currentRound: 1 & prevRound: [0, 1, 2, 5, 4, 3]
TEMPBOARD: 
         | Game 1 |  Game 2 |  Game 3 |  Game 4 |  
_________ ________ _________ _________ _________ 
Round 1  |  A-B   |         |         |         |   
Round 2  |        |   A-C   |         |         |   
Round 3  |        |         |   A-D   |         |   
Round 4  |        |         |         |   C-D   |   
Round 5  |        |   B-D   |         |         |   
Round 6  |        |         |   B-C   |         |   
pairToPlace: A-B
 
*****VOLGENDE ITERATIE*****
pairs: [] & pairsUsed: [A-B, A-C, A-D, B-C, B-D, C-D]
doubles: [A-B, A-C, A-D, B-C, B-D, C-D] & doublesUsed: []
currentGame: 1 & prevGame: [0, 1, 2, 2, 1, 3]
currentRound: 2 & prevRound: [0, 1, 2, 5, 4, 3]
TEMPBOARD: 
         | Game 1 |  Game 2 |  Game 3 |  Game 4 |  
_________ ________ _________ _________ _________ 
Round 1  |  A-B   |         |         |         |   
Round 2  |        |   A-C   |         |         |   
Round 3  |        |         |   A-D   |         |   
Round 4  |        |         |         |   C-D   |   
Round 5  |        |   B-D   |         |         |   
Round 6  |        |         |   B-C   |         |   
pairToPlace: A-B
 
*****VOLGENDE ITERATIE*****
pairs: [] & pairsUsed: [A-B, A-C, A-D, B-C, B-D, C-D]
doubles: [A-B, A-C, A-D, B-C, B-D, C-D] & doublesUsed: []
currentGame: 1 & prevGame: [0, 1, 2, 2, 1, 3]
currentRound: 3 & prevRound: [0, 1, 2, 5, 4, 3]
TEMPBOARD: 
         | Game 1 |  Game 2 |  Game 3 |  Game 4 |  
_________ ________ _________ _________ _________ 
Round 1  |  A-B   |         |         |         |   
Round 2  |        |   A-C   |         |         |   
Round 3  |        |         |   A-D   |         |   
Round 4  |        |         |         |   C-D   |   
Round 5  |        |   B-D   |         |         |   
Round 6  |        |         |   B-C   |         |   
pairToPlace: A-B
 
*****VOLGENDE ITERATIE*****
pairs: [] & pairsUsed: [A-B, A-C, A-D, B-C, B-D, C-D]
doubles: [A-B, A-C, A-D, B-C, B-D, C-D] & doublesUsed: []
currentGame: 1 & prevGame: [0, 1, 2, 2, 1, 3]
currentRound: 4 & prevRound: [0, 1, 2, 5, 4, 3]
TEMPBOARD: 
         | Game 1 |  Game 2 |  Game 3 |  Game 4 |  
_________ ________ _________ _________ _________ 
Round 1  |  A-B   |         |         |         |   
Round 2  |        |   A-C   |         |         |   
Round 3  |        |         |   A-D   |         |   
Round 4  |        |         |         |   C-D   |   
Round 5  |        |   B-D   |         |         |   
Round 6  |        |         |   B-C   |         |   
pairToPlace: A-B
 
*****VOLGENDE ITERATIE*****
pairs: [] & pairsUsed: [A-B, A-C, A-D, B-C, B-D, C-D]
doubles: [A-B, A-C, A-D, B-C, B-D, C-D] & doublesUsed: []
currentGame: 1 & prevGame: [0, 1, 2, 2, 1, 3]
currentRound: 5 & prevRound: [0, 1, 2, 5, 4, 3]
TEMPBOARD: 
         | Game 1 |  Game 2 |  Game 3 |  Game 4 |  
_________ ________ _________ _________ _________ 
Round 1  |  A-B   |         |         |         |   
Round 2  |        |   A-C   |         |         |   
Round 3  |        |         |   A-D   |         |   
Round 4  |        |         |         |   C-D   |   
Round 5  |        |   B-D   |         |         |   
Round 6  |        |         |   B-C   |         |   
pairToPlace: A-B
 
*****VOLGENDE ITERATIE*****
pairs: [] & pairsUsed: [A-B, A-C, A-D, B-C, B-D, C-D]
doubles: [A-B, A-C, A-D, B-C, B-D, C-D] & doublesUsed: []
currentGame: 1 & prevGame: [0, 1, 2, 2, 1, 3]
currentRound: 6 & prevRound: [0, 1, 2, 5, 4, 3]
TEMPBOARD: 
         | Game 1 |  Game 2 |  Game 3 |  Game 4 |  
_________ ________ _________ _________ _________ 
Round 1  |  A-B   |         |         |         |   
Round 2  |        |   A-C   |         |         |   
Round 3  |        |         |   A-D   |         |   
Round 4  |        |         |         |   C-D   |   
Round 5  |        |   B-D   |         |         |   
Round 6  |        |         |   B-C   |         |   
pairToPlace: A-B
 
*****VOLGENDE ITERATIE*****
pairs: [] & pairsUsed: [A-B, A-C, A-D, B-C, B-D, C-D]
doubles: [A-B, A-C, A-D, B-C, B-D, C-D] & doublesUsed: []
currentGame: 2 & prevGame: [0, 1, 2, 2, 1, 3]
currentRound: 0 & prevRound: [0, 1, 2, 5, 4, 3]
TEMPBOARD: 
         | Game 1 |  Game 2 |  Game 3 |  Game 4 |  
_________ ________ _________ _________ _________ 
Round 1  |  A-B   |         |         |         |   
Round 2  |        |   A-C   |         |         |   
Round 3  |        |         |   A-D   |         |   
Round 4  |        |         |         |   C-D   |   
Round 5  |        |   B-D   |         |         |   
Round 6  |        |         |   B-C   |         |   
pairToPlace: A-B
 
*****VOLGENDE ITERATIE*****
pairs: [] & pairsUsed: [A-B, A-C, A-D, B-C, B-D, C-D]
doubles: [A-B, A-C, A-D, B-C, B-D, C-D] & doublesUsed: []
currentGame: 2 & prevGame: [0, 1, 2, 2, 1, 3]
currentRound: 1 & prevRound: [0, 1, 2, 5, 4, 3]
TEMPBOARD: 
         | Game 1 |  Game 2 |  Game 3 |  Game 4 |  
_________ ________ _________ _________ _________ 
Round 1  |  A-B   |         |         |         |   
Round 2  |        |   A-C   |         |         |   
Round 3  |        |         |   A-D   |         |   
Round 4  |        |         |         |   C-D   |   
Round 5  |        |   B-D   |         |         |   
Round 6  |        |         |   B-C   |         |   
pairToPlace: A-B
 
*****VOLGENDE ITERATIE*****
pairs: [] & pairsUsed: [A-B, A-C, A-D, B-C, B-D, C-D]
doubles: [A-B, A-C, A-D, B-C, B-D, C-D] & doublesUsed: []
currentGame: 2 & prevGame: [0, 1, 2, 2, 1, 3]
currentRound: 2 & prevRound: [0, 1, 2, 5, 4, 3]
TEMPBOARD: 
         | Game 1 |  Game 2 |  Game 3 |  Game 4 |  
_________ ________ _________ _________ _________ 
Round 1  |  A-B   |         |         |         |   
Round 2  |        |   A-C   |         |         |   
Round 3  |        |         |   A-D   |         |   
Round 4  |        |         |         |   C-D   |   
Round 5  |        |   B-D   |         |         |   
Round 6  |        |         |   B-C   |         |   
pairToPlace: A-B
 
*****VOLGENDE ITERATIE*****
pairs: [] & pairsUsed: [A-B, A-C, A-D, B-C, B-D, C-D]
doubles: [A-B, A-C, A-D, B-C, B-D, C-D] & doublesUsed: []
currentGame: 2 & prevGame: [0, 1, 2, 2, 1, 3]
currentRound: 3 & prevRound: [0, 1, 2, 5, 4, 3]
TEMPBOARD: 
         | Game 1 |  Game 2 |  Game 3 |  Game 4 |  
_________ ________ _________ _________ _________ 
Round 1  |  A-B   |         |         |         |   
Round 2  |        |   A-C   |         |         |   
Round 3  |        |         |   A-D   |         |   
Round 4  |        |         |         |   C-D   |   
Round 5  |        |   B-D   |         |         |   
Round 6  |        |         |   B-C   |         |   
pairToPlace: A-B
 
*****VOLGENDE ITERATIE*****
pairs: [] & pairsUsed: [A-B, A-C, A-D, B-C, B-D, C-D]
doubles: [A-B, A-C, A-D, B-C, B-D, C-D] & doublesUsed: []
currentGame: 2 & prevGame: [0, 1, 2, 2, 1, 3]
currentRound: 4 & prevRound: [0, 1, 2, 5, 4, 3]
TEMPBOARD: 
         | Game 1 |  Game 2 |  Game 3 |  Game 4 |  
_________ ________ _________ _________ _________ 
Round 1  |  A-B   |         |         |         |   
Round 2  |        |   A-C   |         |         |   
Round 3  |        |         |   A-D   |         |   
Round 4  |        |         |         |   C-D   |   
Round 5  |        |   B-D   |         |         |   
Round 6  |        |         |   B-C   |         |   
pairToPlace: A-B
 
*****VOLGENDE ITERATIE*****
pairs: [] & pairsUsed: [A-B, A-C, A-D, B-C, B-D, C-D]
doubles: [A-B, A-C, A-D, B-C, B-D, C-D] & doublesUsed: []
currentGame: 2 & prevGame: [0, 1, 2, 2, 1, 3]
currentRound: 5 & prevRound: [0, 1, 2, 5, 4, 3]
TEMPBOARD: 
         | Game 1 |  Game 2 |  Game 3 |  Game 4 |  
_________ ________ _________ _________ _________ 
Round 1  |  A-B   |         |         |         |   
Round 2  |        |   A-C   |         |         |   
Round 3  |        |         |   A-D   |         |   
Round 4  |        |         |         |   C-D   |   
Round 5  |        |   B-D   |         |         |   
Round 6  |        |         |   B-C   |         |   
pairToPlace: A-B
 
*****VOLGENDE ITERATIE*****
pairs: [] & pairsUsed: [A-B, A-C, A-D, B-C, B-D, C-D]
doubles: [A-B, A-C, A-D, B-C, B-D, C-D] & doublesUsed: []
currentGame: 2 & prevGame: [0, 1, 2, 2, 1, 3]
currentRound: 6 & prevRound: [0, 1, 2, 5, 4, 3]
TEMPBOARD: 
         | Game 1 |  Game 2 |  Game 3 |  Game 4 |  
_________ ________ _________ _________ _________ 
Round 1  |  A-B   |         |         |         |   
Round 2  |        |   A-C   |         |         |   
Round 3  |        |         |   A-D   |         |   
Round 4  |        |         |         |   C-D   |   
Round 5  |        |   B-D   |         |         |   
Round 6  |        |         |   B-C   |         |   
pairToPlace: A-B
 
*****VOLGENDE ITERATIE*****
pairs: [] & pairsUsed: [A-B, A-C, A-D, B-C, B-D, C-D]
doubles: [A-B, A-C, A-D, B-C, B-D, C-D] & doublesUsed: []
currentGame: 3 & prevGame: [0, 1, 2, 2, 1, 3]
currentRound: 0 & prevRound: [0, 1, 2, 5, 4, 3]
TEMPBOARD: 
         | Game 1 |  Game 2 |  Game 3 |  Game 4 |  
_________ ________ _________ _________ _________ 
Round 1  |  A-B   |         |         |         |   
Round 2  |        |   A-C   |         |         |   
Round 3  |        |         |   A-D   |         |   
Round 4  |        |         |         |   C-D   |   
Round 5  |        |   B-D   |         |         |   
Round 6  |        |         |   B-C   |         |   
pairToPlace: A-B
 
*****VOLGENDE ITERATIE*****
pairs: [] & pairsUsed: [A-B, A-C, A-D, B-C, B-D, C-D]
doubles: [A-B, A-C, A-D, B-C, B-D, C-D] & doublesUsed: []
currentGame: 3 & prevGame: [0, 1, 2, 2, 1, 3]
currentRound: 1 & prevRound: [0, 1, 2, 5, 4, 3]
TEMPBOARD: 
         | Game 1 |  Game 2 |  Game 3 |  Game 4 |  
_________ ________ _________ _________ _________ 
Round 1  |  A-B   |         |         |         |   
Round 2  |        |   A-C   |         |         |   
Round 3  |        |         |   A-D   |         |   
Round 4  |        |         |         |   C-D   |   
Round 5  |        |   B-D   |         |         |   
Round 6  |        |         |   B-C   |         |   
pairToPlace: A-B
 
*****VOLGENDE ITERATIE*****
pairs: [] & pairsUsed: [A-B, A-C, A-D, B-C, B-D, C-D]
doubles: [A-B, A-C, A-D, B-C, B-D, C-D] & doublesUsed: []
currentGame: 3 & prevGame: [0, 1, 2, 2, 1, 3]
currentRound: 2 & prevRound: [0, 1, 2, 5, 4, 3]
TEMPBOARD: 
         | Game 1 |  Game 2 |  Game 3 |  Game 4 |  
_________ ________ _________ _________ _________ 
Round 1  |  A-B   |         |         |         |   
Round 2  |        |   A-C   |         |         |   
Round 3  |        |         |   A-D   |         |   
Round 4  |        |         |         |   C-D   |   
Round 5  |        |   B-D   |         |         |   
Round 6  |        |         |   B-C   |         |   
pairToPlace: A-B
 
*****VOLGENDE ITERATIE*****
pairs: [] & pairsUsed: [A-B, A-C, A-D, B-C, B-D, C-D]
doubles: [A-B, A-C, A-D, B-C, B-D, C-D] & doublesUsed: []
currentGame: 3 & prevGame: [0, 1, 2, 2, 1, 3]
currentRound: 3 & prevRound: [0, 1, 2, 5, 4, 3]
TEMPBOARD: 
         | Game 1 |  Game 2 |  Game 3 |  Game 4 |  
_________ ________ _________ _________ _________ 
Round 1  |  A-B   |         |         |         |   
Round 2  |        |   A-C   |         |         |   
Round 3  |        |         |   A-D   |         |   
Round 4  |        |         |         |   C-D   |   
Round 5  |        |   B-D   |         |         |   
Round 6  |        |         |   B-C   |         |   
pairToPlace: A-B
 
*****VOLGENDE ITERATIE*****
pairs: [] & pairsUsed: [A-B, A-C, A-D, B-C, B-D, C-D]
doubles: [A-B, A-C, A-D, B-C, B-D, C-D] & doublesUsed: []
currentGame: 3 & prevGame: [0, 1, 2, 2, 1, 3]
currentRound: 4 & prevRound: [0, 1, 2, 5, 4, 3]
TEMPBOARD: 
         | Game 1 |  Game 2 |  Game 3 |  Game 4 |  
_________ ________ _________ _________ _________ 
Round 1  |  A-B   |         |         |         |   
Round 2  |        |   A-C   |         |         |   
Round 3  |        |         |   A-D   |         |   
Round 4  |        |         |         |   C-D   |   
Round 5  |        |   B-D   |         |         |   
Round 6  |        |         |   B-C   |         |   
pairToPlace: A-B
 
*****VOLGENDE ITERATIE*****
pairs: [] & pairsUsed: [A-B, A-C, A-D, B-C, B-D, C-D]
doubles: [A-B, A-C, A-D, B-C, B-D, C-D] & doublesUsed: []
currentGame: 3 & prevGame: [0, 1, 2, 2, 1, 3]
currentRound: 5 & prevRound: [0, 1, 2, 5, 4, 3]
TEMPBOARD: 
         | Game 1 |  Game 2 |  Game 3 |  Game 4 |  
_________ ________ _________ _________ _________ 
Round 1  |  A-B   |         |         |         |   
Round 2  |        |   A-C   |         |         |   
Round 3  |        |         |   A-D   |         |   
Round 4  |        |         |         |   C-D   |   
Round 5  |        |   B-D   |         |         |   
Round 6  |        |         |   B-C   |         |   
pairToPlace: A-B
 
*****VOLGENDE ITERATIE*****
pairs: [] & pairsUsed: [A-B, A-C, A-D, B-C, B-D, C-D]
doubles: [A-B, A-C, A-D, B-C, B-D, C-D] & doublesUsed: []
currentGame: 3 & prevGame: [0, 1, 2, 2, 1, 3]
currentRound: 6 & prevRound: [0, 1, 2, 5, 4, 3]
TEMPBOARD: 
         | Game 1 |  Game 2 |  Game 3 |  Game 4 |  
_________ ________ _________ _________ _________ 
Round 1  |  A-B   |         |         |         |   
Round 2  |        |   A-C   |         |         |   
Round 3  |        |         |   A-D   |         |   
Round 4  |        |         |         |   C-D   |   
Round 5  |        |   B-D   |         |         |   
Round 6  |        |         |   B-C   |         |   
pairToPlace: A-B
 
*****VOLGENDE ITERATIE*****
pairs: [] & pairsUsed: [A-B, A-C, A-D, B-C, B-D, C-D]
doubles: [A-B, A-C, A-D, B-C, B-D, C-D] & doublesUsed: []
currentGame: 4 & prevGame: [0, 1, 2, 2, 1, 3]
currentRound: 0 & prevRound: [0, 1, 2, 5, 4, 3]
TEMPBOARD: 
         | Game 1 |  Game 2 |  Game 3 |  Game 4 |  
_________ ________ _________ _________ _________ 
Round 1  |  A-B   |         |         |         |   
Round 2  |        |   A-C   |         |         |   
Round 3  |        |         |   A-D   |         |   
Round 4  |        |         |         |   C-D   |   
Round 5  |        |   B-D   |         |         |   
Round 6  |        |         |   B-C   |         |   
pairToPlace: A-B
 
*****VOLGENDE ITERATIE*****
pairs: [C-D] & pairsUsed: [A-B, A-C, A-D, B-C, B-D]
doubles: [A-B, A-C, A-D, B-C, B-D, C-D] & doublesUsed: []
currentGame: 3 & prevGame: [0, 1, 2, 2, 1]
currentRound: 4 & prevRound: [0, 1, 2, 5, 4]
TEMPBOARD: 
         | Game 1 |  Game 2 |  Game 3 |  Game 4 |  
_________ ________ _________ _________ _________ 
Round 1  |  A-B   |         |         |         |   
Round 2  |        |   A-C   |         |         |   
Round 3  |        |         |   A-D   |         |   
Round 4  |        |         |         |         |   
Round 5  |        |   B-D   |         |         |   
Round 6  |        |         |   B-C   |         |   
pairToPlace: C-D
 
*****VOLGENDE ITERATIE*****
pairs: [C-D] & pairsUsed: [A-B, A-C, A-D, B-C, B-D]
doubles: [A-B, A-C, A-D, B-C, B-D, C-D] & doublesUsed: []
currentGame: 3 & prevGame: [0, 1, 2, 2, 1]
currentRound: 5 & prevRound: [0, 1, 2, 5, 4]
TEMPBOARD: 
         | Game 1 |  Game 2 |  Game 3 |  Game 4 |  
_________ ________ _________ _________ _________ 
Round 1  |  A-B   |         |         |         |   
Round 2  |        |   A-C   |         |         |   
Round 3  |        |         |   A-D   |         |   
Round 4  |        |         |         |         |   
Round 5  |        |   B-D   |         |         |   
Round 6  |        |         |   B-C   |         |   
pairToPlace: C-D
 
*****VOLGENDE ITERATIE*****
pairs: [C-D] & pairsUsed: [A-B, A-C, A-D, B-C, B-D]
doubles: [A-B, A-C, A-D, B-C, B-D, C-D] & doublesUsed: []
currentGame: 3 & prevGame: [0, 1, 2, 2, 1]
currentRound: 6 & prevRound: [0, 1, 2, 5, 4]
TEMPBOARD: 
         | Game 1 |  Game 2 |  Game 3 |  Game 4 |  
_________ ________ _________ _________ _________ 
Round 1  |  A-B   |         |         |         |   
Round 2  |        |   A-C   |         |         |   
Round 3  |        |         |   A-D   |         |   
Round 4  |        |         |         |         |   
Round 5  |        |   B-D   |         |         |   
Round 6  |        |         |   B-C   |         |   
pairToPlace: C-D
 
*****VOLGENDE ITERATIE*****
pairs: [C-D] & pairsUsed: [A-B, A-C, A-D, B-C, B-D]
doubles: [A-B, A-C, A-D, B-C, B-D, C-D] & doublesUsed: []
currentGame: 4 & prevGame: [0, 1, 2, 2, 1]
currentRound: 0 & prevRound: [0, 1, 2, 5, 4]
TEMPBOARD: 
         | Game 1 |  Game 2 |  Game 3 |  Game 4 |  
_________ ________ _________ _________ _________ 
Round 1  |  A-B   |         |         |         |   
Round 2  |        |   A-C   |         |         |   
Round 3  |        |         |   A-D   |         |   
Round 4  |        |         |         |         |   
Round 5  |        |   B-D   |         |         |   
Round 6  |        |         |   B-C   |         |   
pairToPlace: C-D
 
*****VOLGENDE ITERATIE*****
pairs: [B-D, C-D] & pairsUsed: [A-B, A-C, A-D, B-C]
doubles: [A-B, A-C, A-D, B-C, B-D, C-D] & doublesUsed: []
currentGame: 1 & prevGame: [0, 1, 2, 2]
currentRound: 5 & prevRound: [0, 1, 2, 5]
TEMPBOARD: 
         | Game 1 |  Game 2 |  Game 3 |  Game 4 |  
_________ ________ _________ _________ _________ 
Round 1  |  A-B   |         |         |         |   
Round 2  |        |   A-C   |         |         |   
Round 3  |        |         |   A-D   |         |   
Round 4  |        |         |         |         |   
Round 5  |        |         |         |         |   
Round 6  |        |         |   B-C   |         |   
pairToPlace: B-D
 
*****VOLGENDE ITERATIE*****
pairs: [B-D, C-D] & pairsUsed: [A-B, A-C, A-D, B-C]
doubles: [A-B, A-C, A-D, B-C, B-D, C-D] & doublesUsed: []
currentGame: 1 & prevGame: [0, 1, 2, 2]
currentRound: 6 & prevRound: [0, 1, 2, 5]
TEMPBOARD: 
         | Game 1 |  Game 2 |  Game 3 |  Game 4 |  
_________ ________ _________ _________ _________ 
Round 1  |  A-B   |         |         |         |   
Round 2  |        |   A-C   |         |         |   
Round 3  |        |         |   A-D   |         |   
Round 4  |        |         |         |         |   
Round 5  |        |         |         |         |   
Round 6  |        |         |   B-C   |         |   
pairToPlace: B-D
 
*****VOLGENDE ITERATIE*****
pairs: [B-D, C-D] & pairsUsed: [A-B, A-C, A-D, B-C]
doubles: [A-B, A-C, A-D, B-C, B-D, C-D] & doublesUsed: []
currentGame: 2 & prevGame: [0, 1, 2, 2]
currentRound: 0 & prevRound: [0, 1, 2, 5]
TEMPBOARD: 
         | Game 1 |  Game 2 |  Game 3 |  Game 4 |  
_________ ________ _________ _________ _________ 
Round 1  |  A-B   |         |         |         |   
Round 2  |        |   A-C   |         |         |   
Round 3  |        |         |   A-D   |         |   
Round 4  |        |         |         |         |   
Round 5  |        |         |         |         |   
Round 6  |        |         |   B-C   |         |   
pairToPlace: B-D
 
*****VOLGENDE ITERATIE*****
pairs: [B-D, C-D] & pairsUsed: [A-B, A-C, A-D, B-C]
doubles: [A-B, A-C, A-D, B-C, B-D, C-D] & doublesUsed: []
currentGame: 2 & prevGame: [0, 1, 2, 2]
currentRound: 1 & prevRound: [0, 1, 2, 5]
TEMPBOARD: 
         | Game 1 |  Game 2 |  Game 3 |  Game 4 |  
_________ ________ _________ _________ _________ 
Round 1  |  A-B   |         |         |         |   
Round 2  |        |   A-C   |         |         |   
Round 3  |        |         |   A-D   |         |   
Round 4  |        |         |         |         |   
Round 5  |        |         |         |         |   
Round 6  |        |         |   B-C   |         |   
pairToPlace: B-D
 
*****VOLGENDE ITERATIE*****
pairs: [B-D, C-D] & pairsUsed: [A-B, A-C, A-D, B-C]
doubles: [A-B, A-C, A-D, B-C, B-D, C-D] & doublesUsed: []
currentGame: 2 & prevGame: [0, 1, 2, 2]
currentRound: 2 & prevRound: [0, 1, 2, 5]
TEMPBOARD: 
         | Game 1 |  Game 2 |  Game 3 |  Game 4 |  
_________ ________ _________ _________ _________ 
Round 1  |  A-B   |         |         |         |   
Round 2  |        |   A-C   |         |         |   
Round 3  |        |         |   A-D   |         |   
Round 4  |        |         |         |         |   
Round 5  |        |         |         |         |   
Round 6  |        |         |   B-C   |         |   
pairToPlace: B-D
 
*****VOLGENDE ITERATIE*****
pairs: [B-D, C-D] & pairsUsed: [A-B, A-C, A-D, B-C]
doubles: [A-B, A-C, A-D, B-C, B-D, C-D] & doublesUsed: []
currentGame: 2 & prevGame: [0, 1, 2, 2]
currentRound: 3 & prevRound: [0, 1, 2, 5]
TEMPBOARD: 
         | Game 1 |  Game 2 |  Game 3 |  Game 4 |  
_________ ________ _________ _________ _________ 
Round 1  |  A-B   |         |         |         |   
Round 2  |        |   A-C   |         |         |   
Round 3  |        |         |   A-D   |         |   
Round 4  |        |         |         |         |   
Round 5  |        |         |         |         |   
Round 6  |        |         |   B-C   |         |   
pairToPlace: B-D
 
*****VOLGENDE ITERATIE*****
pairs: [B-D, C-D] & pairsUsed: [A-B, A-C, A-D, B-C]
doubles: [A-B, A-C, A-D, B-C, B-D, C-D] & doublesUsed: []
currentGame: 2 & prevGame: [0, 1, 2, 2]
currentRound: 4 & prevRound: [0, 1, 2, 5]
TEMPBOARD: 
         | Game 1 |  Game 2 |  Game 3 |  Game 4 |  
_________ ________ _________ _________ _________ 
Round 1  |  A-B   |         |         |         |   
Round 2  |        |   A-C   |         |         |   
Round 3  |        |         |   A-D   |         |   
Round 4  |        |         |         |         |   
Round 5  |        |         |         |         |   
Round 6  |        |         |   B-C   |         |   
pairToPlace: B-D
 
*****VOLGENDE ITERATIE*****
pairs: [B-D, C-D] & pairsUsed: [A-B, A-C, A-D, B-C]
doubles: [A-B, A-C, A-D, B-C, B-D, C-D] & doublesUsed: []
currentGame: 2 & prevGame: [0, 1, 2, 2]
currentRound: 5 & prevRound: [0, 1, 2, 5]
TEMPBOARD: 
         | Game 1 |  Game 2 |  Game 3 |  Game 4 |  
_________ ________ _________ _________ _________ 
Round 1  |  A-B   |         |         |         |   
Round 2  |        |   A-C   |         |         |   
Round 3  |        |         |   A-D   |         |   
Round 4  |        |         |         |         |   
Round 5  |        |         |         |         |   
Round 6  |        |         |   B-C   |         |   
pairToPlace: B-D
 
*****VOLGENDE ITERATIE*****
pairs: [B-D, C-D] & pairsUsed: [A-B, A-C, A-D, B-C]
doubles: [A-B, A-C, A-D, B-C, B-D, C-D] & doublesUsed: []
currentGame: 2 & prevGame: [0, 1, 2, 2]
currentRound: 6 & prevRound: [0, 1, 2, 5]
TEMPBOARD: 
         | Game 1 |  Game 2 |  Game 3 |  Game 4 |  
_________ ________ _________ _________ _________ 
Round 1  |  A-B   |         |         |         |   
Round 2  |        |   A-C   |         |         |   
Round 3  |        |         |   A-D   |         |   
Round 4  |        |         |         |         |   
Round 5  |        |         |         |         |   
Round 6  |        |         |   B-C   |         |   
pairToPlace: B-D
 
*****VOLGENDE ITERATIE*****
pairs: [B-D, C-D] & pairsUsed: [A-B, A-C, A-D, B-C]
doubles: [A-B, A-C, A-D, B-C, B-D, C-D] & doublesUsed: []
currentGame: 3 & prevGame: [0, 1, 2, 2]
currentRound: 0 & prevRound: [0, 1, 2, 5]
TEMPBOARD: 
         | Game 1 |  Game 2 |  Game 3 |  Game 4 |  
_________ ________ _________ _________ _________ 
Round 1  |  A-B   |         |         |         |   
Round 2  |        |   A-C   |         |         |   
Round 3  |        |         |   A-D   |         |   
Round 4  |        |         |         |         |   
Round 5  |        |         |         |         |   
Round 6  |        |         |   B-C   |         |   
pairToPlace: B-D
 
*****VOLGENDE ITERATIE*****
pairs: [B-D, C-D] & pairsUsed: [A-B, A-C, A-D, B-C]
doubles: [A-B, A-C, A-D, B-C, B-D, C-D] & doublesUsed: []
currentGame: 3 & prevGame: [0, 1, 2, 2]
currentRound: 1 & prevRound: [0, 1, 2, 5]
TEMPBOARD: 
         | Game 1 |  Game 2 |  Game 3 |  Game 4 |  
_________ ________ _________ _________ _________ 
Round 1  |  A-B   |         |         |         |   
Round 2  |        |   A-C   |         |         |   
Round 3  |        |         |   A-D   |         |   
Round 4  |        |         |         |         |   
Round 5  |        |         |         |         |   
Round 6  |        |         |   B-C   |         |   
pairToPlace: B-D
 
*****VOLGENDE ITERATIE*****
pairs: [C-D] & pairsUsed: [A-B, A-C, A-D, B-C, B-D]
doubles: [A-B, A-C, A-D, B-C, B-D, C-D] & doublesUsed: []
currentGame: 0 & prevGame: [0, 1, 2, 2, 3]
currentRound: 0 & prevRound: [0, 1, 2, 5, 1]
TEMPBOARD: 
         | Game 1 |  Game 2 |  Game 3 |  Game 4 |  
_________ ________ _________ _________ _________ 
Round 1  |  A-B   |         |         |         |   
Round 2  |        |   A-C   |         |   B-D   |   
Round 3  |        |         |   A-D   |         |   
Round 4  |        |         |         |         |   
Round 5  |        |         |         |         |   
Round 6  |        |         |   B-C   |         |   
pairToPlace: C-D
 
*****VOLGENDE ITERATIE*****
pairs: [C-D] & pairsUsed: [A-B, A-C, A-D, B-C, B-D]
doubles: [A-B, A-C, A-D, B-C, B-D, C-D] & doublesUsed: []
currentGame: 0 & prevGame: [0, 1, 2, 2, 3]
currentRound: 1 & prevRound: [0, 1, 2, 5, 1]
TEMPBOARD: 
         | Game 1 |  Game 2 |  Game 3 |  Game 4 |  
_________ ________ _________ _________ _________ 
Round 1  |  A-B   |         |         |         |   
Round 2  |        |   A-C   |         |   B-D   |   
Round 3  |        |         |   A-D   |         |   
Round 4  |        |         |         |         |   
Round 5  |        |         |         |         |   
Round 6  |        |         |   B-C   |         |   
pairToPlace: C-D
 
*****VOLGENDE ITERATIE*****
pairs: [C-D] & pairsUsed: [A-B, A-C, A-D, B-C, B-D]
doubles: [A-B, A-C, A-D, B-C, B-D, C-D] & doublesUsed: []
currentGame: 0 & prevGame: [0, 1, 2, 2, 3]
currentRound: 2 & prevRound: [0, 1, 2, 5, 1]
TEMPBOARD: 
         | Game 1 |  Game 2 |  Game 3 |  Game 4 |  
_________ ________ _________ _________ _________ 
Round 1  |  A-B   |         |         |         |   
Round 2  |        |   A-C   |         |   B-D   |   
Round 3  |        |         |   A-D   |         |   
Round 4  |        |         |         |         |   
Round 5  |        |         |         |         |   
Round 6  |        |         |   B-C   |         |   
pairToPlace: C-D
 
*****VOLGENDE ITERATIE*****
pairs: [C-D] & pairsUsed: [A-B, A-C, A-D, B-C, B-D]
doubles: [A-B, A-C, A-D, B-C, B-D, C-D] & doublesUsed: []
currentGame: 0 & prevGame: [0, 1, 2, 2, 3]
currentRound: 3 & prevRound: [0, 1, 2, 5, 1]
TEMPBOARD: 
         | Game 1 |  Game 2 |  Game 3 |  Game 4 |  
_________ ________ _________ _________ _________ 
Round 1  |  A-B   |         |         |         |   
Round 2  |        |   A-C   |         |   B-D   |   
Round 3  |        |         |   A-D   |         |   
Round 4  |        |         |         |         |   
Round 5  |        |         |         |         |   
Round 6  |        |         |   B-C   |         |   
pairToPlace: C-D
 
*****VOLGENDE ITERATIE*****
pairs: [] & pairsUsed: [A-B, A-C, A-D, B-C, B-D, C-D]
doubles: [A-B, A-C, A-D, B-C, B-D, C-D] & doublesUsed: []
currentGame: 0 & prevGame: [0, 1, 2, 2, 3, 0]
currentRound: 0 & prevRound: [0, 1, 2, 5, 1, 3]
TEMPBOARD: 
         | Game 1 |  Game 2 |  Game 3 |  Game 4 |  
_________ ________ _________ _________ _________ 
Round 1  |  A-B   |         |         |         |   
Round 2  |        |   A-C   |         |   B-D   |   
Round 3  |        |         |   A-D   |         |   
Round 4  |  C-D   |         |         |         |   
Round 5  |        |         |         |         |   
Round 6  |        |         |   B-C   |         |   
pairToPlace: A-B
 
*****VOLGENDE ITERATIE*****
pairs: [] & pairsUsed: [A-B, A-C, A-D, B-C, B-D, C-D]
doubles: [A-B, A-C, A-D, B-C, B-D, C-D] & doublesUsed: []
currentGame: 0 & prevGame: [0, 1, 2, 2, 3, 0]
currentRound: 1 & prevRound: [0, 1, 2, 5, 1, 3]
TEMPBOARD: 
         | Game 1 |  Game 2 |  Game 3 |  Game 4 |  
_________ ________ _________ _________ _________ 
Round 1  |  A-B   |         |         |         |   
Round 2  |        |   A-C   |         |   B-D   |   
Round 3  |        |         |   A-D   |         |   
Round 4  |  C-D   |         |         |         |   
Round 5  |        |         |         |         |   
Round 6  |        |         |   B-C   |         |   
pairToPlace: A-B
 
*****VOLGENDE ITERATIE*****
pairs: [] & pairsUsed: [A-B, A-C, A-D, B-C, B-D, C-D]
doubles: [A-B, A-C, A-D, B-C, B-D, C-D] & doublesUsed: []
currentGame: 0 & prevGame: [0, 1, 2, 2, 3, 0]
currentRound: 2 & prevRound: [0, 1, 2, 5, 1, 3]
TEMPBOARD: 
         | Game 1 |  Game 2 |  Game 3 |  Game 4 |  
_________ ________ _________ _________ _________ 
Round 1  |  A-B   |         |         |         |   
Round 2  |        |   A-C   |         |   B-D   |   
Round 3  |        |         |   A-D   |         |   
Round 4  |  C-D   |         |         |         |   
Round 5  |        |         |         |         |   
Round 6  |        |         |   B-C   |         |   
pairToPlace: A-B
 
*****VOLGENDE ITERATIE*****
pairs: [] & pairsUsed: [A-B, A-C, A-D, B-C, B-D, C-D]
doubles: [A-B, A-C, A-D, B-C, B-D, C-D] & doublesUsed: []
currentGame: 0 & prevGame: [0, 1, 2, 2, 3, 0]
currentRound: 3 & prevRound: [0, 1, 2, 5, 1, 3]
TEMPBOARD: 
         | Game 1 |  Game 2 |  Game 3 |  Game 4 |  
_________ ________ _________ _________ _________ 
Round 1  |  A-B   |         |         |         |   
Round 2  |        |   A-C   |         |   B-D   |   
Round 3  |        |         |   A-D   |         |   
Round 4  |  C-D   |         |         |         |   
Round 5  |        |         |         |         |   
Round 6  |        |         |   B-C   |         |   
pairToPlace: A-B
 
*****VOLGENDE ITERATIE*****
pairs: [] & pairsUsed: [A-B, A-C, A-D, B-C, B-D, C-D]
doubles: [A-B, A-C, A-D, B-C, B-D, C-D] & doublesUsed: []
currentGame: 0 & prevGame: [0, 1, 2, 2, 3, 0]
currentRound: 4 & prevRound: [0, 1, 2, 5, 1, 3]
TEMPBOARD: 
         | Game 1 |  Game 2 |  Game 3 |  Game 4 |  
_________ ________ _________ _________ _________ 
Round 1  |  A-B   |         |         |         |   
Round 2  |        |   A-C   |         |   B-D   |   
Round 3  |        |         |   A-D   |         |   
Round 4  |  C-D   |         |         |         |   
Round 5  |        |         |         |         |   
Round 6  |        |         |   B-C   |         |   
pairToPlace: A-B
 
*****VOLGENDE ITERATIE*****
pairs: [] & pairsUsed: [A-B, A-C, A-D, B-C, B-D, C-D]
doubles: [A-B, A-C, A-D, B-C, B-D, C-D] & doublesUsed: []
currentGame: 0 & prevGame: [0, 1, 2, 2, 3, 0]
currentRound: 5 & prevRound: [0, 1, 2, 5, 1, 3]
TEMPBOARD: 
         | Game 1 |  Game 2 |  Game 3 |  Game 4 |  
_________ ________ _________ _________ _________ 
Round 1  |  A-B   |         |         |         |   
Round 2  |        |   A-C   |         |   B-D   |   
Round 3  |        |         |   A-D   |         |   
Round 4  |  C-D   |         |         |         |   
Round 5  |        |         |         |         |   
Round 6  |        |         |   B-C   |         |   
pairToPlace: A-B
 
*****VOLGENDE ITERATIE*****
pairs: [] & pairsUsed: [A-B, A-C, A-D, B-C, B-D, C-D]
doubles: [A-B, A-C, A-D, B-C, B-D, C-D] & doublesUsed: []
currentGame: 0 & prevGame: [0, 1, 2, 2, 3, 0]
currentRound: 6 & prevRound: [0, 1, 2, 5, 1, 3]
TEMPBOARD: 
         | Game 1 |  Game 2 |  Game 3 |  Game 4 |  
_________ ________ _________ _________ _________ 
Round 1  |  A-B   |         |         |         |   
Round 2  |        |   A-C   |         |   B-D   |   
Round 3  |        |         |   A-D   |         |   
Round 4  |  C-D   |         |         |         |   
Round 5  |        |         |         |         |   
Round 6  |        |         |   B-C   |         |   
pairToPlace: A-B
 
*****VOLGENDE ITERATIE*****
pairs: [] & pairsUsed: [A-B, A-C, A-D, B-C, B-D, C-D]
doubles: [A-B, A-C, A-D, B-C, B-D, C-D] & doublesUsed: []
currentGame: 1 & prevGame: [0, 1, 2, 2, 3, 0]
currentRound: 0 & prevRound: [0, 1, 2, 5, 1, 3]
TEMPBOARD: 
         | Game 1 |  Game 2 |  Game 3 |  Game 4 |  
_________ ________ _________ _________ _________ 
Round 1  |  A-B   |         |         |         |   
Round 2  |        |   A-C   |         |   B-D   |   
Round 3  |        |         |   A-D   |         |   
Round 4  |  C-D   |         |         |         |   
Round 5  |        |         |         |         |   
Round 6  |        |         |   B-C   |         |   
pairToPlace: A-B
 
*****VOLGENDE ITERATIE*****
pairs: [] & pairsUsed: [A-B, A-C, A-D, B-C, B-D, C-D]
doubles: [A-B, A-C, A-D, B-C, B-D, C-D] & doublesUsed: []
currentGame: 1 & prevGame: [0, 1, 2, 2, 3, 0]
currentRound: 1 & prevRound: [0, 1, 2, 5, 1, 3]
TEMPBOARD: 
         | Game 1 |  Game 2 |  Game 3 |  Game 4 |  
_________ ________ _________ _________ _________ 
Round 1  |  A-B   |         |         |         |   
Round 2  |        |   A-C   |         |   B-D   |   
Round 3  |        |         |   A-D   |         |   
Round 4  |  C-D   |         |         |         |   
Round 5  |        |         |         |         |   
Round 6  |        |         |   B-C   |         |   
pairToPlace: A-B
 
*****VOLGENDE ITERATIE*****
pairs: [] & pairsUsed: [A-B, A-C, A-D, B-C, B-D, C-D]
doubles: [A-B, A-C, A-D, B-C, B-D, C-D] & doublesUsed: []
currentGame: 1 & prevGame: [0, 1, 2, 2, 3, 0]
currentRound: 2 & prevRound: [0, 1, 2, 5, 1, 3]
TEMPBOARD: 
         | Game 1 |  Game 2 |  Game 3 |  Game 4 |  
_________ ________ _________ _________ _________ 
Round 1  |  A-B   |         |         |         |   
Round 2  |        |   A-C   |         |   B-D   |   
Round 3  |        |         |   A-D   |         |   
Round 4  |  C-D   |         |         |         |   
Round 5  |        |         |         |         |   
Round 6  |        |         |   B-C   |         |   
pairToPlace: A-B
 
*****VOLGENDE ITERATIE*****
pairs: [] & pairsUsed: [A-B, A-C, A-D, B-C, B-D, C-D]
doubles: [A-B, A-C, A-D, B-C, B-D, C-D] & doublesUsed: []
currentGame: 1 & prevGame: [0, 1, 2, 2, 3, 0]
currentRound: 3 & prevRound: [0, 1, 2, 5, 1, 3]
TEMPBOARD: 
         | Game 1 |  Game 2 |  Game 3 |  Game 4 |  
_________ ________ _________ _________ _________ 
Round 1  |  A-B   |         |         |         |   
Round 2  |        |   A-C   |         |   B-D   |   
Round 3  |        |         |   A-D   |         |   
Round 4  |  C-D   |         |         |         |   
Round 5  |        |         |         |         |   
Round 6  |        |         |   B-C   |         |   
pairToPlace: A-B
 
*****VOLGENDE ITERATIE*****
pairs: [] & pairsUsed: [A-B, A-C, A-D, B-C, B-D, C-D]
doubles: [A-B, A-C, A-D, B-C, B-D, C-D] & doublesUsed: []
currentGame: 1 & prevGame: [0, 1, 2, 2, 3, 0]
currentRound: 4 & prevRound: [0, 1, 2, 5, 1, 3]
TEMPBOARD: 
         | Game 1 |  Game 2 |  Game 3 |  Game 4 |  
_________ ________ _________ _________ _________ 
Round 1  |  A-B   |         |         |         |   
Round 2  |        |   A-C   |         |   B-D   |   
Round 3  |        |         |   A-D   |         |   
Round 4  |  C-D   |         |         |         |   
Round 5  |        |         |         |         |   
Round 6  |        |         |   B-C   |         |   
pairToPlace: A-B
 
*****VOLGENDE ITERATIE*****
pairs: [] & pairsUsed: [A-B, A-C, A-D, B-C, B-D, C-D]
doubles: [A-B, A-C, A-D, B-C, B-D, C-D] & doublesUsed: []
currentGame: 1 & prevGame: [0, 1, 2, 2, 3, 0]
currentRound: 5 & prevRound: [0, 1, 2, 5, 1, 3]
TEMPBOARD: 
         | Game 1 |  Game 2 |  Game 3 |  Game 4 |  
_________ ________ _________ _________ _________ 
Round 1  |  A-B   |         |         |         |   
Round 2  |        |   A-C   |         |   B-D   |   
Round 3  |        |         |   A-D   |         |   
Round 4  |  C-D   |         |         |         |   
Round 5  |        |         |         |         |   
Round 6  |        |         |   B-C   |         |   
pairToPlace: A-B
 
*****VOLGENDE ITERATIE*****
pairs: [] & pairsUsed: [A-B, A-C, A-D, B-C, B-D, C-D]
doubles: [A-B, A-C, A-D, B-C, B-D, C-D] & doublesUsed: []
currentGame: 1 & prevGame: [0, 1, 2, 2, 3, 0]
currentRound: 6 & prevRound: [0, 1, 2, 5, 1, 3]
TEMPBOARD: 
         | Game 1 |  Game 2 |  Game 3 |  Game 4 |  
_________ ________ _________ _________ _________ 
Round 1  |  A-B   |         |         |         |   
Round 2  |        |   A-C   |         |   B-D   |   
Round 3  |        |         |   A-D   |         |   
Round 4  |  C-D   |         |         |         |   
Round 5  |        |         |         |         |   
Round 6  |        |         |   B-C   |         |   
pairToPlace: A-B
 
*****VOLGENDE ITERATIE*****
pairs: [] & pairsUsed: [A-B, A-C, A-D, B-C, B-D, C-D]
doubles: [A-B, A-C, A-D, B-C, B-D, C-D] & doublesUsed: []
currentGame: 2 & prevGame: [0, 1, 2, 2, 3, 0]
currentRound: 0 & prevRound: [0, 1, 2, 5, 1, 3]
TEMPBOARD: 
         | Game 1 |  Game 2 |  Game 3 |  Game 4 |  
_________ ________ _________ _________ _________ 
Round 1  |  A-B   |         |         |         |   
Round 2  |        |   A-C   |         |   B-D   |   
Round 3  |        |         |   A-D   |         |   
Round 4  |  C-D   |         |         |         |   
Round 5  |        |         |         |         |   
Round 6  |        |         |   B-C   |         |   
pairToPlace: A-B
 
*****VOLGENDE ITERATIE*****
pairs: [] & pairsUsed: [A-B, A-C, A-D, B-C, B-D, C-D]
doubles: [A-B, A-C, A-D, B-C, B-D, C-D] & doublesUsed: []
currentGame: 2 & prevGame: [0, 1, 2, 2, 3, 0]
currentRound: 1 & prevRound: [0, 1, 2, 5, 1, 3]
TEMPBOARD: 
         | Game 1 |  Game 2 |  Game 3 |  Game 4 |  
_________ ________ _________ _________ _________ 
Round 1  |  A-B   |         |         |         |   
Round 2  |        |   A-C   |         |   B-D   |   
Round 3  |        |         |   A-D   |         |   
Round 4  |  C-D   |         |         |         |   
Round 5  |        |         |         |         |   
Round 6  |        |         |   B-C   |         |   
pairToPlace: A-B
 
*****VOLGENDE ITERATIE*****
pairs: [] & pairsUsed: [A-B, A-C, A-D, B-C, B-D, C-D]
doubles: [A-B, A-C, A-D, B-C, B-D, C-D] & doublesUsed: []
currentGame: 2 & prevGame: [0, 1, 2, 2, 3, 0]
currentRound: 2 & prevRound: [0, 1, 2, 5, 1, 3]
TEMPBOARD: 
         | Game 1 |  Game 2 |  Game 3 |  Game 4 |  
_________ ________ _________ _________ _________ 
Round 1  |  A-B   |         |         |         |   
Round 2  |        |   A-C   |         |   B-D   |   
Round 3  |        |         |   A-D   |         |   
Round 4  |  C-D   |         |         |         |   
Round 5  |        |         |         |         |   
Round 6  |        |         |   B-C   |         |   
pairToPlace: A-B
 
*****VOLGENDE ITERATIE*****
pairs: [] & pairsUsed: [A-B, A-C, A-D, B-C, B-D, C-D]
doubles: [A-B, A-C, A-D, B-C, B-D, C-D] & doublesUsed: []
currentGame: 2 & prevGame: [0, 1, 2, 2, 3, 0]
currentRound: 3 & prevRound: [0, 1, 2, 5, 1, 3]
TEMPBOARD: 
         | Game 1 |  Game 2 |  Game 3 |  Game 4 |  
_________ ________ _________ _________ _________ 
Round 1  |  A-B   |         |         |         |   
Round 2  |        |   A-C   |         |   B-D   |   
Round 3  |        |         |   A-D   |         |   
Round 4  |  C-D   |         |         |         |   
Round 5  |        |         |         |         |   
Round 6  |        |         |   B-C   |         |   
pairToPlace: A-B
 
*****VOLGENDE ITERATIE*****
pairs: [] & pairsUsed: [A-B, A-C, A-D, B-C, B-D, C-D]
doubles: [A-B, A-C, A-D, B-C, B-D, C-D] & doublesUsed: []
currentGame: 2 & prevGame: [0, 1, 2, 2, 3, 0]
currentRound: 4 & prevRound: [0, 1, 2, 5, 1, 3]
TEMPBOARD: 
         | Game 1 |  Game 2 |  Game 3 |  Game 4 |  
_________ ________ _________ _________ _________ 
Round 1  |  A-B   |         |         |         |   
Round 2  |        |   A-C   |         |   B-D   |   
Round 3  |        |         |   A-D   |         |   
Round 4  |  C-D   |         |         |         |   
Round 5  |        |         |         |         |   
Round 6  |        |         |   B-C   |         |   
pairToPlace: A-B
 
*****VOLGENDE ITERATIE*****
pairs: [] & pairsUsed: [A-B, A-C, A-D, B-C, B-D, C-D]
doubles: [A-B, A-C, A-D, B-C, B-D, C-D] & doublesUsed: []
currentGame: 2 & prevGame: [0, 1, 2, 2, 3, 0]
currentRound: 5 & prevRound: [0, 1, 2, 5, 1, 3]
TEMPBOARD: 
         | Game 1 |  Game 2 |  Game 3 |  Game 4 |  
_________ ________ _________ _________ _________ 
Round 1  |  A-B   |         |         |         |   
Round 2  |        |   A-C   |         |   B-D   |   
Round 3  |        |         |   A-D   |         |   
Round 4  |  C-D   |         |         |         |   
Round 5  |        |         |         |         |   
Round 6  |        |         |   B-C   |         |   
pairToPlace: A-B
 
*****VOLGENDE ITERATIE*****
pairs: [] & pairsUsed: [A-B, A-C, A-D, B-C, B-D, C-D]
doubles: [A-B, A-C, A-D, B-C, B-D, C-D] & doublesUsed: []
currentGame: 2 & prevGame: [0, 1, 2, 2, 3, 0]
currentRound: 6 & prevRound: [0, 1, 2, 5, 1, 3]
TEMPBOARD: 
         | Game 1 |  Game 2 |  Game 3 |  Game 4 |  
_________ ________ _________ _________ _________ 
Round 1  |  A-B   |         |         |         |   
Round 2  |        |   A-C   |         |   B-D   |   
Round 3  |        |         |   A-D   |         |   
Round 4  |  C-D   |         |         |         |   
Round 5  |        |         |         |         |   
Round 6  |        |         |   B-C   |         |   
pairToPlace: A-B
 
*****VOLGENDE ITERATIE*****
pairs: [] & pairsUsed: [A-B, A-C, A-D, B-C, B-D, C-D]
doubles: [A-B, A-C, A-D, B-C, B-D, C-D] & doublesUsed: []
currentGame: 3 & prevGame: [0, 1, 2, 2, 3, 0]
currentRound: 0 & prevRound: [0, 1, 2, 5, 1, 3]
TEMPBOARD: 
         | Game 1 |  Game 2 |  Game 3 |  Game 4 |  
_________ ________ _________ _________ _________ 
Round 1  |  A-B   |         |         |         |   
Round 2  |        |   A-C   |         |   B-D   |   
Round 3  |        |         |   A-D   |         |   
Round 4  |  C-D   |         |         |         |   
Round 5  |        |         |         |         |   
Round 6  |        |         |   B-C   |         |   
pairToPlace: A-B
 
*****VOLGENDE ITERATIE*****
pairs: [] & pairsUsed: [A-B, A-C, A-D, B-C, B-D, C-D]
doubles: [A-B, A-C, A-D, B-C, B-D, C-D] & doublesUsed: []
currentGame: 3 & prevGame: [0, 1, 2, 2, 3, 0]
currentRound: 1 & prevRound: [0, 1, 2, 5, 1, 3]
TEMPBOARD: 
         | Game 1 |  Game 2 |  Game 3 |  Game 4 |  
_________ ________ _________ _________ _________ 
Round 1  |  A-B   |         |         |         |   
Round 2  |        |   A-C   |         |   B-D   |   
Round 3  |        |         |   A-D   |         |   
Round 4  |  C-D   |         |         |         |   
Round 5  |        |         |         |         |   
Round 6  |        |         |   B-C   |         |   
pairToPlace: A-B
 
*****VOLGENDE ITERATIE*****
pairs: [] & pairsUsed: [A-B, A-C, A-D, B-C, B-D, C-D]
doubles: [A-B, A-C, A-D, B-C, B-D, C-D] & doublesUsed: []
currentGame: 3 & prevGame: [0, 1, 2, 2, 3, 0]
currentRound: 2 & prevRound: [0, 1, 2, 5, 1, 3]
TEMPBOARD: 
         | Game 1 |  Game 2 |  Game 3 |  Game 4 |  
_________ ________ _________ _________ _________ 
Round 1  |  A-B   |         |         |         |   
Round 2  |        |   A-C   |         |   B-D   |   
Round 3  |        |         |   A-D   |         |   
Round 4  |  C-D   |         |         |         |   
Round 5  |        |         |         |         |   
Round 6  |        |         |   B-C   |         |   
pairToPlace: A-B
 
*****VOLGENDE ITERATIE*****
pairs: [] & pairsUsed: [A-B, A-C, A-D, B-C, B-D, C-D]
doubles: [A-B, A-C, A-D, B-C, B-D, C-D] & doublesUsed: []
currentGame: 3 & prevGame: [0, 1, 2, 2, 3, 0]
currentRound: 3 & prevRound: [0, 1, 2, 5, 1, 3]
TEMPBOARD: 
         | Game 1 |  Game 2 |  Game 3 |  Game 4 |  
_________ ________ _________ _________ _________ 
Round 1  |  A-B   |         |         |         |   
Round 2  |        |   A-C   |         |   B-D   |   
Round 3  |        |         |   A-D   |         |   
Round 4  |  C-D   |         |         |         |   
Round 5  |        |         |         |         |   
Round 6  |        |         |   B-C   |         |   
pairToPlace: A-B
 
*****VOLGENDE ITERATIE*****
pairs: [] & pairsUsed: [A-B, A-C, A-D, B-C, B-D, C-D]
doubles: [A-B, A-C, A-D, B-C, B-D, C-D] & doublesUsed: []
currentGame: 3 & prevGame: [0, 1, 2, 2, 3, 0]
currentRound: 4 & prevRound: [0, 1, 2, 5, 1, 3]
TEMPBOARD: 
         | Game 1 |  Game 2 |  Game 3 |  Game 4 |  
_________ ________ _________ _________ _________ 
Round 1  |  A-B   |         |         |         |   
Round 2  |        |   A-C   |         |   B-D   |   
Round 3  |        |         |   A-D   |         |   
Round 4  |  C-D   |         |         |         |   
Round 5  |        |         |         |         |   
Round 6  |        |         |   B-C   |         |   
pairToPlace: A-B
 
*****VOLGENDE ITERATIE*****
pairs: [] & pairsUsed: [A-B, A-C, A-D, B-C, B-D, C-D]
doubles: [A-B, A-C, A-D, B-C, B-D, C-D] & doublesUsed: []
currentGame: 3 & prevGame: [0, 1, 2, 2, 3, 0]
currentRound: 5 & prevRound: [0, 1, 2, 5, 1, 3]
TEMPBOARD: 
         | Game 1 |  Game 2 |  Game 3 |  Game 4 |  
_________ ________ _________ _________ _________ 
Round 1  |  A-B   |         |         |         |   
Round 2  |        |   A-C   |         |   B-D   |   
Round 3  |        |         |   A-D   |         |   
Round 4  |  C-D   |         |         |         |   
Round 5  |        |         |         |         |   
Round 6  |        |         |   B-C   |         |   
pairToPlace: A-B
 
*****VOLGENDE ITERATIE*****
pairs: [] & pairsUsed: [A-B, A-C, A-D, B-C, B-D, C-D]
doubles: [A-B, A-C, A-D, B-C, B-D, C-D] & doublesUsed: []
currentGame: 3 & prevGame: [0, 1, 2, 2, 3, 0]
currentRound: 6 & prevRound: [0, 1, 2, 5, 1, 3]
TEMPBOARD: 
         | Game 1 |  Game 2 |  Game 3 |  Game 4 |  
_________ ________ _________ _________ _________ 
Round 1  |  A-B   |         |         |         |   
Round 2  |        |   A-C   |         |   B-D   |   
Round 3  |        |         |   A-D   |         |   
Round 4  |  C-D   |         |         |         |   
Round 5  |        |         |         |         |   
Round 6  |        |         |   B-C   |         |   
pairToPlace: A-B
 
*****VOLGENDE ITERATIE*****
pairs: [] & pairsUsed: [A-B, A-C, A-D, B-C, B-D, C-D]
doubles: [A-B, A-C, A-D, B-C, B-D, C-D] & doublesUsed: []
currentGame: 4 & prevGame: [0, 1, 2, 2, 3, 0]
currentRound: 0 & prevRound: [0, 1, 2, 5, 1, 3]
TEMPBOARD: 
         | Game 1 |  Game 2 |  Game 3 |  Game 4 |  
_________ ________ _________ _________ _________ 
Round 1  |  A-B   |         |         |         |   
Round 2  |        |   A-C   |         |   B-D   |   
Round 3  |        |         |   A-D   |         |   
Round 4  |  C-D   |         |         |         |   
Round 5  |        |         |         |         |   
Round 6  |        |         |   B-C   |         |   
pairToPlace: A-B
 
*****VOLGENDE ITERATIE*****
pairs: [C-D] & pairsUsed: [A-B, A-C, A-D, B-C, B-D]
doubles: [A-B, A-C, A-D, B-C, B-D, C-D] & doublesUsed: []
currentGame: 0 & prevGame: [0, 1, 2, 2, 3]
currentRound: 4 & prevRound: [0, 1, 2, 5, 1]
TEMPBOARD: 
         | Game 1 |  Game 2 |  Game 3 |  Game 4 |  
_________ ________ _________ _________ _________ 
Round 1  |  A-B   |         |         |         |   
Round 2  |        |   A-C   |         |   B-D   |   
Round 3  |        |         |   A-D   |         |   
Round 4  |        |         |         |         |   
Round 5  |        |         |         |         |   
Round 6  |        |         |   B-C   |         |   
pairToPlace: C-D
 
*****VOLGENDE ITERATIE*****
pairs: [] & pairsUsed: [A-B, A-C, A-D, B-C, B-D, C-D]
doubles: [A-B, A-C, A-D, B-C, B-D, C-D] & doublesUsed: []
currentGame: 0 & prevGame: [0, 1, 2, 2, 3, 0]
currentRound: 0 & prevRound: [0, 1, 2, 5, 1, 4]
TEMPBOARD: 
         | Game 1 |  Game 2 |  Game 3 |  Game 4 |  
_________ ________ _________ _________ _________ 
Round 1  |  A-B   |         |         |         |   
Round 2  |        |   A-C   |         |   B-D   |   
Round 3  |        |         |   A-D   |         |   
Round 4  |        |         |         |         |   
Round 5  |  C-D   |         |         |         |   
Round 6  |        |         |   B-C   |         |   
pairToPlace: A-B
 
*****VOLGENDE ITERATIE*****
pairs: [] & pairsUsed: [A-B, A-C, A-D, B-C, B-D, C-D]
doubles: [A-B, A-C, A-D, B-C, B-D, C-D] & doublesUsed: []
currentGame: 0 & prevGame: [0, 1, 2, 2, 3, 0]
currentRound: 1 & prevRound: [0, 1, 2, 5, 1, 4]
TEMPBOARD: 
         | Game 1 |  Game 2 |  Game 3 |  Game 4 |  
_________ ________ _________ _________ _________ 
Round 1  |  A-B   |         |         |         |   
Round 2  |        |   A-C   |         |   B-D   |   
Round 3  |        |         |   A-D   |         |   
Round 4  |        |         |         |         |   
Round 5  |  C-D   |         |         |         |   
Round 6  |        |         |   B-C   |         |   
pairToPlace: A-B
 
*****VOLGENDE ITERATIE*****
pairs: [] & pairsUsed: [A-B, A-C, A-D, B-C, B-D, C-D]
doubles: [A-B, A-C, A-D, B-C, B-D, C-D] & doublesUsed: []
currentGame: 0 & prevGame: [0, 1, 2, 2, 3, 0]
currentRound: 2 & prevRound: [0, 1, 2, 5, 1, 4]
TEMPBOARD: 
         | Game 1 |  Game 2 |  Game 3 |  Game 4 |  
_________ ________ _________ _________ _________ 
Round 1  |  A-B   |         |         |         |   
Round 2  |        |   A-C   |         |   B-D   |   
Round 3  |        |         |   A-D   |         |   
Round 4  |        |         |         |         |   
Round 5  |  C-D   |         |         |         |   
Round 6  |        |         |   B-C   |         |   
pairToPlace: A-B
 
*****VOLGENDE ITERATIE*****
pairs: [] & pairsUsed: [A-B, A-C, A-D, B-C, B-D, C-D]
doubles: [A-B, A-C, A-D, B-C, B-D, C-D] & doublesUsed: []
currentGame: 0 & prevGame: [0, 1, 2, 2, 3, 0]
currentRound: 3 & prevRound: [0, 1, 2, 5, 1, 4]
TEMPBOARD: 
         | Game 1 |  Game 2 |  Game 3 |  Game 4 |  
_________ ________ _________ _________ _________ 
Round 1  |  A-B   |         |         |         |   
Round 2  |        |   A-C   |         |   B-D   |   
Round 3  |        |         |   A-D   |         |   
Round 4  |        |         |         |         |   
Round 5  |  C-D   |         |         |         |   
Round 6  |        |         |   B-C   |         |   
pairToPlace: A-B
 
*****VOLGENDE ITERATIE*****
pairs: [] & pairsUsed: [A-B, A-C, A-D, B-C, B-D, C-D]
doubles: [A-B, A-C, A-D, B-C, B-D, C-D] & doublesUsed: []
currentGame: 0 & prevGame: [0, 1, 2, 2, 3, 0]
currentRound: 4 & prevRound: [0, 1, 2, 5, 1, 4]
TEMPBOARD: 
         | Game 1 |  Game 2 |  Game 3 |  Game 4 |  
_________ ________ _________ _________ _________ 
Round 1  |  A-B   |         |         |         |   
Round 2  |        |   A-C   |         |   B-D   |   
Round 3  |        |         |   A-D   |         |   
Round 4  |        |         |         |         |   
Round 5  |  C-D   |         |         |         |   
Round 6  |        |         |   B-C   |         |   
pairToPlace: A-B
 
*****VOLGENDE ITERATIE*****
pairs: [] & pairsUsed: [A-B, A-C, A-D, B-C, B-D, C-D]
doubles: [A-B, A-C, A-D, B-C, B-D, C-D] & doublesUsed: []
currentGame: 0 & prevGame: [0, 1, 2, 2, 3, 0]
currentRound: 5 & prevRound: [0, 1, 2, 5, 1, 4]
TEMPBOARD: 
         | Game 1 |  Game 2 |  Game 3 |  Game 4 |  
_________ ________ _________ _________ _________ 
Round 1  |  A-B   |         |         |         |   
Round 2  |        |   A-C   |         |   B-D   |   
Round 3  |        |         |   A-D   |         |   
Round 4  |        |         |         |         |   
Round 5  |  C-D   |         |         |         |   
Round 6  |        |         |   B-C   |         |   
pairToPlace: A-B
 
*****VOLGENDE ITERATIE*****
pairs: [] & pairsUsed: [A-B, A-C, A-D, B-C, B-D, C-D]
doubles: [A-B, A-C, A-D, B-C, B-D, C-D] & doublesUsed: []
currentGame: 0 & prevGame: [0, 1, 2, 2, 3, 0]
currentRound: 6 & prevRound: [0, 1, 2, 5, 1, 4]
TEMPBOARD: 
         | Game 1 |  Game 2 |  Game 3 |  Game 4 |  
_________ ________ _________ _________ _________ 
Round 1  |  A-B   |         |         |         |   
Round 2  |        |   A-C   |         |   B-D   |   
Round 3  |        |         |   A-D   |         |   
Round 4  |        |         |         |         |   
Round 5  |  C-D   |         |         |         |   
Round 6  |        |         |   B-C   |         |   
pairToPlace: A-B
 
*****VOLGENDE ITERATIE*****
pairs: [] & pairsUsed: [A-B, A-C, A-D, B-C, B-D, C-D]
doubles: [A-B, A-C, A-D, B-C, B-D, C-D] & doublesUsed: []
currentGame: 1 & prevGame: [0, 1, 2, 2, 3, 0]
currentRound: 0 & prevRound: [0, 1, 2, 5, 1, 4]
TEMPBOARD: 
         | Game 1 |  Game 2 |  Game 3 |  Game 4 |  
_________ ________ _________ _________ _________ 
Round 1  |  A-B   |         |         |         |   
Round 2  |        |   A-C   |         |   B-D   |   
Round 3  |        |         |   A-D   |         |   
Round 4  |        |         |         |         |   
Round 5  |  C-D   |         |         |         |   
Round 6  |        |         |   B-C   |         |   
pairToPlace: A-B
 
*****VOLGENDE ITERATIE*****
pairs: [] & pairsUsed: [A-B, A-C, A-D, B-C, B-D, C-D]
doubles: [A-B, A-C, A-D, B-C, B-D, C-D] & doublesUsed: []
currentGame: 1 & prevGame: [0, 1, 2, 2, 3, 0]
currentRound: 1 & prevRound: [0, 1, 2, 5, 1, 4]
TEMPBOARD: 
         | Game 1 |  Game 2 |  Game 3 |  Game 4 |  
_________ ________ _________ _________ _________ 
Round 1  |  A-B   |         |         |         |   
Round 2  |        |   A-C   |         |   B-D   |   
Round 3  |        |         |   A-D   |         |   
Round 4  |        |         |         |         |   
Round 5  |  C-D   |         |         |         |   
Round 6  |        |         |   B-C   |         |   
pairToPlace: A-B
 
*****VOLGENDE ITERATIE*****
pairs: [] & pairsUsed: [A-B, A-C, A-D, B-C, B-D, C-D]
doubles: [A-B, A-C, A-D, B-C, B-D, C-D] & doublesUsed: []
currentGame: 1 & prevGame: [0, 1, 2, 2, 3, 0]
currentRound: 2 & prevRound: [0, 1, 2, 5, 1, 4]
TEMPBOARD: 
         | Game 1 |  Game 2 |  Game 3 |  Game 4 |  
_________ ________ _________ _________ _________ 
Round 1  |  A-B   |         |         |         |   
Round 2  |        |   A-C   |         |   B-D   |   
Round 3  |        |         |   A-D   |         |   
Round 4  |        |         |         |         |   
Round 5  |  C-D   |         |         |         |   
Round 6  |        |         |   B-C   |         |   
pairToPlace: A-B
 
*****VOLGENDE ITERATIE*****
pairs: [] & pairsUsed: [A-B, A-C, A-D, B-C, B-D, C-D]
doubles: [A-B, A-C, A-D, B-C, B-D, C-D] & doublesUsed: []
currentGame: 1 & prevGame: [0, 1, 2, 2, 3, 0]
currentRound: 3 & prevRound: [0, 1, 2, 5, 1, 4]
TEMPBOARD: 
         | Game 1 |  Game 2 |  Game 3 |  Game 4 |  
_________ ________ _________ _________ _________ 
Round 1  |  A-B   |         |         |         |   
Round 2  |        |   A-C   |         |   B-D   |   
Round 3  |        |         |   A-D   |         |   
Round 4  |        |         |         |         |   
Round 5  |  C-D   |         |         |         |   
Round 6  |        |         |   B-C   |         |   
pairToPlace: A-B
 
*****VOLGENDE ITERATIE*****
pairs: [] & pairsUsed: [A-B, A-C, A-D, B-C, B-D, C-D]
doubles: [A-B, A-C, A-D, B-C, B-D, C-D] & doublesUsed: []
currentGame: 1 & prevGame: [0, 1, 2, 2, 3, 0]
currentRound: 4 & prevRound: [0, 1, 2, 5, 1, 4]
TEMPBOARD: 
         | Game 1 |  Game 2 |  Game 3 |  Game 4 |  
_________ ________ _________ _________ _________ 
Round 1  |  A-B   |         |         |         |   
Round 2  |        |   A-C   |         |   B-D   |   
Round 3  |        |         |   A-D   |         |   
Round 4  |        |         |         |         |   
Round 5  |  C-D   |         |         |         |   
Round 6  |        |         |   B-C   |         |   
pairToPlace: A-B
 
*****VOLGENDE ITERATIE*****
pairs: [] & pairsUsed: [A-B, A-C, A-D, B-C, B-D, C-D]
doubles: [A-B, A-C, A-D, B-C, B-D, C-D] & doublesUsed: []
currentGame: 1 & prevGame: [0, 1, 2, 2, 3, 0]
currentRound: 5 & prevRound: [0, 1, 2, 5, 1, 4]
TEMPBOARD: 
         | Game 1 |  Game 2 |  Game 3 |  Game 4 |  
_________ ________ _________ _________ _________ 
Round 1  |  A-B   |         |         |         |   
Round 2  |        |   A-C   |         |   B-D   |   
Round 3  |        |         |   A-D   |         |   
Round 4  |        |         |         |         |   
Round 5  |  C-D   |         |         |         |   
Round 6  |        |         |   B-C   |         |   
pairToPlace: A-B
 
*****VOLGENDE ITERATIE*****
pairs: [] & pairsUsed: [A-B, A-C, A-D, B-C, B-D, C-D]
doubles: [A-B, A-C, A-D, B-C, B-D, C-D] & doublesUsed: []
currentGame: 1 & prevGame: [0, 1, 2, 2, 3, 0]
currentRound: 6 & prevRound: [0, 1, 2, 5, 1, 4]
TEMPBOARD: 
         | Game 1 |  Game 2 |  Game 3 |  Game 4 |  
_________ ________ _________ _________ _________ 
Round 1  |  A-B   |         |         |         |   
Round 2  |        |   A-C   |         |   B-D   |   
Round 3  |        |         |   A-D   |         |   
Round 4  |        |         |         |         |   
Round 5  |  C-D   |         |         |         |   
Round 6  |        |         |   B-C   |         |   
pairToPlace: A-B
 
*****VOLGENDE ITERATIE*****
pairs: [] & pairsUsed: [A-B, A-C, A-D, B-C, B-D, C-D]
doubles: [A-B, A-C, A-D, B-C, B-D, C-D] & doublesUsed: []
currentGame: 2 & prevGame: [0, 1, 2, 2, 3, 0]
currentRound: 0 & prevRound: [0, 1, 2, 5, 1, 4]
TEMPBOARD: 
         | Game 1 |  Game 2 |  Game 3 |  Game 4 |  
_________ ________ _________ _________ _________ 
Round 1  |  A-B   |         |         |         |   
Round 2  |        |   A-C   |         |   B-D   |   
Round 3  |        |         |   A-D   |         |   
Round 4  |        |         |         |         |   
Round 5  |  C-D   |         |         |         |   
Round 6  |        |         |   B-C   |         |   
pairToPlace: A-B
 
*****VOLGENDE ITERATIE*****
pairs: [] & pairsUsed: [A-B, A-C, A-D, B-C, B-D, C-D]
doubles: [A-B, A-C, A-D, B-C, B-D, C-D] & doublesUsed: []
currentGame: 2 & prevGame: [0, 1, 2, 2, 3, 0]
currentRound: 1 & prevRound: [0, 1, 2, 5, 1, 4]
TEMPBOARD: 
         | Game 1 |  Game 2 |  Game 3 |  Game 4 |  
_________ ________ _________ _________ _________ 
Round 1  |  A-B   |         |         |         |   
Round 2  |        |   A-C   |         |   B-D   |   
Round 3  |        |         |   A-D   |         |   
Round 4  |        |         |         |         |   
Round 5  |  C-D   |         |         |         |   
Round 6  |        |         |   B-C   |         |   
pairToPlace: A-B
 
*****VOLGENDE ITERATIE*****
pairs: [] & pairsUsed: [A-B, A-C, A-D, B-C, B-D, C-D]
doubles: [A-B, A-C, A-D, B-C, B-D, C-D] & doublesUsed: []
currentGame: 2 & prevGame: [0, 1, 2, 2, 3, 0]
currentRound: 2 & prevRound: [0, 1, 2, 5, 1, 4]
TEMPBOARD: 
         | Game 1 |  Game 2 |  Game 3 |  Game 4 |  
_________ ________ _________ _________ _________ 
Round 1  |  A-B   |         |         |         |   
Round 2  |        |   A-C   |         |   B-D   |   
Round 3  |        |         |   A-D   |         |   
Round 4  |        |         |         |         |   
Round 5  |  C-D   |         |         |         |   
Round 6  |        |         |   B-C   |         |   
pairToPlace: A-B
 
*****VOLGENDE ITERATIE*****
pairs: [] & pairsUsed: [A-B, A-C, A-D, B-C, B-D, C-D]
doubles: [A-B, A-C, A-D, B-C, B-D, C-D] & doublesUsed: []
currentGame: 2 & prevGame: [0, 1, 2, 2, 3, 0]
currentRound: 3 & prevRound: [0, 1, 2, 5, 1, 4]
TEMPBOARD: 
         | Game 1 |  Game 2 |  Game 3 |  Game 4 |  
_________ ________ _________ _________ _________ 
Round 1  |  A-B   |         |         |         |   
Round 2  |        |   A-C   |         |   B-D   |   
Round 3  |        |         |   A-D   |         |   
Round 4  |        |         |         |         |   
Round 5  |  C-D   |         |         |         |   
Round 6  |        |         |   B-C   |         |   
pairToPlace: A-B
 
*****VOLGENDE ITERATIE*****
pairs: [] & pairsUsed: [A-B, A-C, A-D, B-C, B-D, C-D]
doubles: [A-B, A-C, A-D, B-C, B-D, C-D] & doublesUsed: []
currentGame: 2 & prevGame: [0, 1, 2, 2, 3, 0]
currentRound: 4 & prevRound: [0, 1, 2, 5, 1, 4]
TEMPBOARD: 
         | Game 1 |  Game 2 |  Game 3 |  Game 4 |  
_________ ________ _________ _________ _________ 
Round 1  |  A-B   |         |         |         |   
Round 2  |        |   A-C   |         |   B-D   |   
Round 3  |        |         |   A-D   |         |   
Round 4  |        |         |         |         |   
Round 5  |  C-D   |         |         |         |   
Round 6  |        |         |   B-C   |         |   
pairToPlace: A-B
 
*****VOLGENDE ITERATIE*****
pairs: [] & pairsUsed: [A-B, A-C, A-D, B-C, B-D, C-D]
doubles: [A-B, A-C, A-D, B-C, B-D, C-D] & doublesUsed: []
currentGame: 2 & prevGame: [0, 1, 2, 2, 3, 0]
currentRound: 5 & prevRound: [0, 1, 2, 5, 1, 4]
TEMPBOARD: 
         | Game 1 |  Game 2 |  Game 3 |  Game 4 |  
_________ ________ _________ _________ _________ 
Round 1  |  A-B   |         |         |         |   
Round 2  |        |   A-C   |         |   B-D   |   
Round 3  |        |         |   A-D   |         |   
Round 4  |        |         |         |         |   
Round 5  |  C-D   |         |         |         |   
Round 6  |        |         |   B-C   |         |   
pairToPlace: A-B
 
*****VOLGENDE ITERATIE*****
pairs: [] & pairsUsed: [A-B, A-C, A-D, B-C, B-D, C-D]
doubles: [A-B, A-C, A-D, B-C, B-D, C-D] & doublesUsed: []
currentGame: 2 & prevGame: [0, 1, 2, 2, 3, 0]
currentRound: 6 & prevRound: [0, 1, 2, 5, 1, 4]
TEMPBOARD: 
         | Game 1 |  Game 2 |  Game 3 |  Game 4 |  
_________ ________ _________ _________ _________ 
Round 1  |  A-B   |         |         |         |   
Round 2  |        |   A-C   |         |   B-D   |   
Round 3  |        |         |   A-D   |         |   
Round 4  |        |         |         |         |   
Round 5  |  C-D   |         |         |         |   
Round 6  |        |         |   B-C   |         |   
pairToPlace: A-B
 
*****VOLGENDE ITERATIE*****
pairs: [] & pairsUsed: [A-B, A-C, A-D, B-C, B-D, C-D]
doubles: [A-B, A-C, A-D, B-C, B-D, C-D] & doublesUsed: []
currentGame: 3 & prevGame: [0, 1, 2, 2, 3, 0]
currentRound: 0 & prevRound: [0, 1, 2, 5, 1, 4]
TEMPBOARD: 
         | Game 1 |  Game 2 |  Game 3 |  Game 4 |  
_________ ________ _________ _________ _________ 
Round 1  |  A-B   |         |         |         |   
Round 2  |        |   A-C   |         |   B-D   |   
Round 3  |        |         |   A-D   |         |   
Round 4  |        |         |         |         |   
Round 5  |  C-D   |         |         |         |   
Round 6  |        |         |   B-C   |         |   
pairToPlace: A-B
 
*****VOLGENDE ITERATIE*****
pairs: [] & pairsUsed: [A-B, A-C, A-D, B-C, B-D, C-D]
]]></system-out>
  <system-err><![CDATA[]]></system-err>
</testsuite>
