<?xml version="1.0" encoding="UTF-8"?>
<testsuite name="algoritmen.FaculteitTests" tests="1" skipped="0" failures="0" errors="0" timestamp="2020-03-13T16:08:18" hostname="PC-ALPHA" time="0.001">
  <properties/>
  <testcase name="test" classname="algoritmen.FaculteitTests" time="0.001"/>
  <system-out><![CDATA[]]></system-out>
  <system-err><![CDATA[]]></system-err>
</testsuite>
