<?xml version="1.0" encoding="UTF-8"?>
<testsuite name="algoritmen.VerdeelHeersTests" tests="1" skipped="0" failures="0" errors="0" timestamp="2020-05-01T13:10:55" hostname="PC-ALPHA" time="0.007">
  <properties/>
  <testcase name="getVolgordeFouten_127634_5" classname="algoritmen.VerdeelHeersTests" time="0.007"/>
  <system-out><![CDATA[]]></system-out>
  <system-err><![CDATA[]]></system-err>
</testsuite>
